using /home/minami/vscode/github/riscv-cof/test/riscof_work/rv64i_m/C/src/cbeqz-01.S/ref/Reference-sail_c_simulator.signature for test-signature output.
tohost located at 0x80004000
Running file ref.elf.
ELF Entry @ 0x80000000
begin_signature: 0x80006110
end_signature: 0x800065d0
CSR mstatus <- 0x0000000A00000000 (input: 0x0000000000000000)
mem[X,0x0000000000001000] -> 0x0297
mem[X,0x0000000000001002] -> 0x0000
[0] [M]: 0x0000000000001000 (0x00000297) auipc t0, 0
x5 <- 0x0000000000001000
mem[X,0x0000000000001004] -> 0x8593
mem[X,0x0000000000001006] -> 0x0202
[1] [M]: 0x0000000000001004 (0x02028593) addi a1, t0, 32
x11 <- 0x0000000000001020
mem[X,0x0000000000001008] -> 0x2573
mem[X,0x000000000000100A] -> 0xF140
[2] [M]: 0x0000000000001008 (0xF1402573) csrrs a0, mhartid, zero
CSR mhartid -> 0x0000000000000000
x10 <- 0x0000000000000000
mem[X,0x000000000000100C] -> 0xB283
mem[X,0x000000000000100E] -> 0x0182
[3] [M]: 0x000000000000100C (0x0182B283) ld t0, 24(t0)
mem[R,0x0000000000001018] -> 0x0000000080000000
x5 <- 0x0000000080000000
mem[X,0x0000000000001010] -> 0x8067
mem[X,0x0000000000001012] -> 0x0002
[4] [M]: 0x0000000000001010 (0x00028067) jalr zero, t0, 0
mem[X,0x0000000080000000] -> 0xC0B7
mem[X,0x0000000080000002] -> 0xFEED
[5] [M]: 0x0000000080000000 (0xFEEDC0B7) lui ra, 1044188
x1 <- 0xFFFFFFFFFEEDC000
mem[X,0x0000000080000004] -> 0x8093
mem[X,0x0000000080000006] -> 0xEAD0
[6] [M]: 0x0000000080000004 (0xEAD08093) addi ra, ra, 3757
x1 <- 0xFFFFFFFFFEEDBEAD
mem[X,0x0000000080000008] -> 0x9093
mem[X,0x000000008000000A] -> 0x00B0
[7] [M]: 0x0000000080000008 (0x00B09093) slli ra, ra, 11
x1 <- 0xFFFFFFF76DF56800
mem[X,0x000000008000000C] -> 0x8093
mem[X,0x000000008000000E] -> 0x7F70
[8] [M]: 0x000000008000000C (0x7F708093) addi ra, ra, 2039
x1 <- 0xFFFFFFF76DF56FF7
mem[X,0x0000000080000010] -> 0x9093
mem[X,0x0000000080000012] -> 0x00B0
[9] [M]: 0x0000000080000010 (0x00B09093) slli ra, ra, 11
x1 <- 0xFFFFBB6FAB7FB800
mem[X,0x0000000080000014] -> 0x8093
mem[X,0x0000000080000016] -> 0x36F0
[10] [M]: 0x0000000080000014 (0x36F08093) addi ra, ra, 879
x1 <- 0xFFFFBB6FAB7FBB6F
mem[X,0x0000000080000018] -> 0x9093
mem[X,0x000000008000001A] -> 0x00A0
[11] [M]: 0x0000000080000018 (0x00A09093) slli ra, ra, 10
x1 <- 0xFEEDBEADFEEDBC00
mem[X,0x000000008000001C] -> 0x8093
mem[X,0x000000008000001E] -> 0x2AD0
[12] [M]: 0x000000008000001C (0x2AD08093) addi ra, ra, 685
x1 <- 0xFEEDBEADFEEDBEAD
mem[X,0x0000000080000020] -> 0xE137
mem[X,0x0000000080000022] -> 0xFF76
[13] [M]: 0x0000000080000020 (0xFF76E137) lui sp, 1046382
x2 <- 0xFFFFFFFFFF76E000
mem[X,0x0000000080000024] -> 0x0113
mem[X,0x0000000080000026] -> 0xF561
[14] [M]: 0x0000000080000024 (0xF5610113) addi sp, sp, 3926
x2 <- 0xFFFFFFFFFF76DF56
mem[X,0x0000000080000028] -> 0x1113
mem[X,0x000000008000002A] -> 0x00B1
[15] [M]: 0x0000000080000028 (0x00B11113) slli sp, sp, 11
x2 <- 0xFFFFFFFBB6FAB000
mem[X,0x000000008000002C] -> 0x0113
mem[X,0x000000008000002E] -> 0x7FB1
[16] [M]: 0x000000008000002C (0x7FB10113) addi sp, sp, 2043
x2 <- 0xFFFFFFFBB6FAB7FB
mem[X,0x0000000080000030] -> 0x1113
mem[X,0x0000000080000032] -> 0x00B1
[17] [M]: 0x0000000080000030 (0x00B11113) slli sp, sp, 11
x2 <- 0xFFFFDDB7D5BFD800
mem[X,0x0000000080000034] -> 0x0113
mem[X,0x0000000080000036] -> 0x5B71
[18] [M]: 0x0000000080000034 (0x5B710113) addi sp, sp, 1463
x2 <- 0xFFFFDDB7D5BFDDB7
mem[X,0x0000000080000038] -> 0x1113
mem[X,0x000000008000003A] -> 0x00A1
[19] [M]: 0x0000000080000038 (0x00A11113) slli sp, sp, 10
x2 <- 0xFF76DF56FF76DC00
mem[X,0x000000008000003C] -> 0x0113
mem[X,0x000000008000003E] -> 0x3561
[20] [M]: 0x000000008000003C (0x35610113) addi sp, sp, 854
x2 <- 0xFF76DF56FF76DF56
mem[X,0x0000000080000040] -> 0x71B7
mem[X,0x0000000080000042] -> 0x7FBB
[21] [M]: 0x0000000080000040 (0x7FBB71B7) lui gp, 523191
x3 <- 0x000000007FBB7000
mem[X,0x0000000080000044] -> 0x8193
mem[X,0x0000000080000046] -> 0xFAB1
[22] [M]: 0x0000000080000044 (0xFAB18193) addi gp, gp, 4011
x3 <- 0x000000007FBB6FAB
mem[X,0x0000000080000048] -> 0x9193
mem[X,0x000000008000004A] -> 0x00B1
[23] [M]: 0x0000000080000048 (0x00B19193) slli gp, gp, 11
x3 <- 0x000003FDDB7D5800
mem[X,0x000000008000004C] -> 0x8193
mem[X,0x000000008000004E] -> 0x3FD1
[24] [M]: 0x000000008000004C (0x3FD18193) addi gp, gp, 1021
x3 <- 0x000003FDDB7D5BFD
mem[X,0x0000000080000050] -> 0x9193
mem[X,0x0000000080000052] -> 0x00B1
[25] [M]: 0x0000000080000050 (0x00B19193) slli gp, gp, 11
x3 <- 0x001FEEDBEADFE800
mem[X,0x0000000080000054] -> 0x8193
mem[X,0x0000000080000056] -> 0x6DB1
[26] [M]: 0x0000000080000054 (0x6DB18193) addi gp, gp, 1755
x3 <- 0x001FEEDBEADFEEDB
mem[X,0x0000000080000058] -> 0x9193
mem[X,0x000000008000005A] -> 0x00A1
[27] [M]: 0x0000000080000058 (0x00A19193) slli gp, gp, 10
x3 <- 0x7FBB6FAB7FBB6C00
mem[X,0x000000008000005C] -> 0x8193
mem[X,0x000000008000005E] -> 0x3AB1
[28] [M]: 0x000000008000005C (0x3AB18193) addi gp, gp, 939
x3 <- 0x7FBB6FAB7FBB6FAB
mem[X,0x0000000080000060] -> 0xB237
mem[X,0x0000000080000062] -> 0xBFDD
[29] [M]: 0x0000000080000060 (0xBFDDB237) lui tp, 785883
x4 <- 0xFFFFFFFFBFDDB000
mem[X,0x0000000080000064] -> 0x0213
mem[X,0x0000000080000066] -> 0x7D52
[30] [M]: 0x0000000080000064 (0x7D520213) addi tp, tp, 2005
x4 <- 0xFFFFFFFFBFDDB7D5
mem[X,0x0000000080000068] -> 0x1213
mem[X,0x000000008000006A] -> 0x00B2
[31] [M]: 0x0000000080000068 (0x00B21213) slli tp, tp, 11
x4 <- 0xFFFFFDFEEDBEA800
mem[X,0x000000008000006C] -> 0x0213
mem[X,0x000000008000006E] -> 0x5FE2
[32] [M]: 0x000000008000006C (0x5FE20213) addi tp, tp, 1534
x4 <- 0xFFFFFDFEEDBEADFE
mem[X,0x0000000080000070] -> 0x1213
mem[X,0x0000000080000072] -> 0x00B2
[33] [M]: 0x0000000080000070 (0x00B21213) slli tp, tp, 11
x4 <- 0xFFEFF76DF56FF000
mem[X,0x0000000080000074] -> 0x0213
mem[X,0x0000000080000076] -> 0x76D2
[34] [M]: 0x0000000080000074 (0x76D20213) addi tp, tp, 1901
x4 <- 0xFFEFF76DF56FF76D
mem[X,0x0000000080000078] -> 0x1213
mem[X,0x000000008000007A] -> 0x00A2
[35] [M]: 0x0000000080000078 (0x00A21213) slli tp, tp, 10
x4 <- 0xBFDDB7D5BFDDB400
mem[X,0x000000008000007C] -> 0x0213
mem[X,0x000000008000007E] -> 0x3D52
[36] [M]: 0x000000008000007C (0x3D520213) addi tp, tp, 981
x4 <- 0xBFDDB7D5BFDDB7D5
mem[X,0x0000000080000080] -> 0xE2B7
mem[X,0x0000000080000082] -> 0xDFEE
[37] [M]: 0x0000000080000080 (0xDFEEE2B7) lui t0, 917230
x5 <- 0xFFFFFFFFDFEEE000
mem[X,0x0000000080000084] -> 0x8293
mem[X,0x0000000080000086] -> 0xBEA2
[38] [M]: 0x0000000080000084 (0xBEA28293) addi t0, t0, 3050
x5 <- 0xFFFFFFFFDFEEDBEA
mem[X,0x0000000080000088] -> 0x9293
mem[X,0x000000008000008A] -> 0x00B2
[39] [M]: 0x0000000080000088 (0x00B29293) slli t0, t0, 11
x5 <- 0xFFFFFEFF76DF5000
mem[X,0x000000008000008C] -> 0x8293
mem[X,0x000000008000008E] -> 0x6FF2
[40] [M]: 0x000000008000008C (0x6FF28293) addi t0, t0, 1791
x5 <- 0xFFFFFEFF76DF56FF
mem[X,0x0000000080000090] -> 0x9293
mem[X,0x0000000080000092] -> 0x00B2
[41] [M]: 0x0000000080000090 (0x00B29293) slli t0, t0, 11
x5 <- 0xFFF7FBB6FAB7F800
mem[X,0x0000000080000094] -> 0x8293
mem[X,0x0000000080000096] -> 0x3B62
[42] [M]: 0x0000000080000094 (0x3B628293) addi t0, t0, 950
x5 <- 0xFFF7FBB6FAB7FBB6
mem[X,0x0000000080000098] -> 0x9293
mem[X,0x000000008000009A] -> 0x00A2
[43] [M]: 0x0000000080000098 (0x00A29293) slli t0, t0, 10
x5 <- 0xDFEEDBEADFEED800
mem[X,0x000000008000009C] -> 0x8293
mem[X,0x000000008000009E] -> 0x3EA2
[44] [M]: 0x000000008000009C (0x3EA28293) addi t0, t0, 1002
x5 <- 0xDFEEDBEADFEEDBEA
mem[X,0x00000000800000A0] -> 0x7337
mem[X,0x00000000800000A2] -> 0x6FF7
[45] [M]: 0x00000000800000A0 (0x6FF77337) lui t1, 458615
x6 <- 0x000000006FF77000
mem[X,0x00000000800000A4] -> 0x0313
mem[X,0x00000000800000A6] -> 0xDF53
[46] [M]: 0x00000000800000A4 (0xDF530313) addi t1, t1, 3573
x6 <- 0x000000006FF76DF5
mem[X,0x00000000800000A8] -> 0x1313
mem[X,0x00000000800000AA] -> 0x00B3
[47] [M]: 0x00000000800000A8 (0x00B31313) slli t1, t1, 11
x6 <- 0x0000037FBB6FA800
mem[X,0x00000000800000AC] -> 0x0313
mem[X,0x00000000800000AE] -> 0x37F3
[48] [M]: 0x00000000800000AC (0x37F30313) addi t1, t1, 895
x6 <- 0x0000037FBB6FAB7F
mem[X,0x00000000800000B0] -> 0x1313
mem[X,0x00000000800000B2] -> 0x00B3
[49] [M]: 0x00000000800000B0 (0x00B31313) slli t1, t1, 11
x6 <- 0x001BFDDB7D5BF800
mem[X,0x00000000800000B4] -> 0x0313
mem[X,0x00000000800000B6] -> 0x5DB3
[50] [M]: 0x00000000800000B4 (0x5DB30313) addi t1, t1, 1499
x6 <- 0x001BFDDB7D5BFDDB
mem[X,0x00000000800000B8] -> 0x1313
mem[X,0x00000000800000BA] -> 0x00A3
[51] [M]: 0x00000000800000B8 (0x00A31313) slli t1, t1, 10
x6 <- 0x6FF76DF56FF76C00
mem[X,0x00000000800000BC] -> 0x0313
mem[X,0x00000000800000BE] -> 0x1F53
[52] [M]: 0x00000000800000BC (0x1F530313) addi t1, t1, 501
x6 <- 0x6FF76DF56FF76DF5
mem[X,0x00000000800000C0] -> 0xB3B7
mem[X,0x00000000800000C2] -> 0xB7FB
[53] [M]: 0x00000000800000C0 (0xB7FBB3B7) lui t2, 753595
x7 <- 0xFFFFFFFFB7FBB000
mem[X,0x00000000800000C4] -> 0x8393
mem[X,0x00000000800000C6] -> 0x6FA3
[54] [M]: 0x00000000800000C4 (0x6FA38393) addi t2, t2, 1786
x7 <- 0xFFFFFFFFB7FBB6FA
mem[X,0x00000000800000C8] -> 0x9393
mem[X,0x00000000800000CA] -> 0x00B3
[55] [M]: 0x00000000800000C8 (0x00B39393) slli t2, t2, 11
x7 <- 0xFFFFFDBFDDB7D000
mem[X,0x00000000800000CC] -> 0x8393
mem[X,0x00000000800000CE] -> 0x5BF3
[56] [M]: 0x00000000800000CC (0x5BF38393) addi t2, t2, 1471
x7 <- 0xFFFFFDBFDDB7D5BF
mem[X,0x00000000800000D0] -> 0x9393
mem[X,0x00000000800000D2] -> 0x00B3
[57] [M]: 0x00000000800000D0 (0x00B39393) slli t2, t2, 11
x7 <- 0xFFEDFEEDBEADF800
mem[X,0x00000000800000D4] -> 0x8393
mem[X,0x00000000800000D6] -> 0x6ED3
[58] [M]: 0x00000000800000D4 (0x6ED38393) addi t2, t2, 1773
x7 <- 0xFFEDFEEDBEADFEED
mem[X,0x00000000800000D8] -> 0x9393
mem[X,0x00000000800000DA] -> 0x00A3
[59] [M]: 0x00000000800000D8 (0x00A39393) slli t2, t2, 10
x7 <- 0xB7FBB6FAB7FBB400
mem[X,0x00000000800000DC] -> 0x8393
mem[X,0x00000000800000DE] -> 0x2FA3
[60] [M]: 0x00000000800000DC (0x2FA38393) addi t2, t2, 762
x7 <- 0xB7FBB6FAB7FBB6FA
mem[X,0x00000000800000E0] -> 0xE437
mem[X,0x00000000800000E2] -> 0x5BFD
[61] [M]: 0x00000000800000E0 (0x5BFDE437) lui fp, 376798
x8 <- 0x000000005BFDE000
mem[X,0x00000000800000E4] -> 0x0413
mem[X,0x00000000800000E6] -> 0xB7D4
[62] [M]: 0x00000000800000E4 (0xB7D40413) addi fp, fp, 2941
x8 <- 0x000000005BFDDB7D
mem[X,0x00000000800000E8] -> 0x1413
mem[X,0x00000000800000EA] -> 0x00B4
[63] [M]: 0x00000000800000E8 (0x00B41413) slli fp, fp, 11
x8 <- 0x000002DFEEDBE800
mem[X,0x00000000800000EC] -> 0x0413
mem[X,0x00000000800000EE] -> 0x2DF4
[64] [M]: 0x00000000800000EC (0x2DF40413) addi fp, fp, 735
x8 <- 0x000002DFEEDBEADF
mem[X,0x00000000800000F0] -> 0x1413
mem[X,0x00000000800000F2] -> 0x00B4
[65] [M]: 0x00000000800000F0 (0x00B41413) slli fp, fp, 11
x8 <- 0x0016FF76DF56F800
mem[X,0x00000000800000F4] -> 0x0413
mem[X,0x00000000800000F6] -> 0x7764
[66] [M]: 0x00000000800000F4 (0x77640413) addi fp, fp, 1910
x8 <- 0x0016FF76DF56FF76
mem[X,0x00000000800000F8] -> 0x1413
mem[X,0x00000000800000FA] -> 0x00A4
[67] [M]: 0x00000000800000F8 (0x00A41413) slli fp, fp, 10
x8 <- 0x5BFDDB7D5BFDD800
mem[X,0x00000000800000FC] -> 0x0413
mem[X,0x00000000800000FE] -> 0x37D4
[68] [M]: 0x00000000800000FC (0x37D40413) addi fp, fp, 893
x8 <- 0x5BFDDB7D5BFDDB7D
mem[X,0x0000000080000100] -> 0xF4B7
mem[X,0x0000000080000102] -> 0xADFE
[69] [M]: 0x0000000080000100 (0xADFEF4B7) lui s1, 712687
x9 <- 0xFFFFFFFFADFEF000
mem[X,0x0000000080000104] -> 0x8493
mem[X,0x0000000080000106] -> 0xDBE4
[70] [M]: 0x0000000080000104 (0xDBE48493) addi s1, s1, 3518
x9 <- 0xFFFFFFFFADFEEDBE
mem[X,0x0000000080000108] -> 0x9493
mem[X,0x000000008000010A] -> 0x00B4
[71] [M]: 0x0000000080000108 (0x00B49493) slli s1, s1, 11
x9 <- 0xFFFFFD6FF76DF000
mem[X,0x000000008000010C] -> 0x8493
mem[X,0x000000008000010E] -> 0x56F4
[72] [M]: 0x000000008000010C (0x56F48493) addi s1, s1, 1391
x9 <- 0xFFFFFD6FF76DF56F
mem[X,0x0000000080000110] -> 0x9493
mem[X,0x0000000080000112] -> 0x00B4
[73] [M]: 0x0000000080000110 (0x00B49493) slli s1, s1, 11
x9 <- 0xFFEB7FBB6FAB7800
mem[X,0x0000000080000114] -> 0x8493
mem[X,0x0000000080000116] -> 0x7BB4
[74] [M]: 0x0000000080000114 (0x7BB48493) addi s1, s1, 1979
x9 <- 0xFFEB7FBB6FAB7FBB
mem[X,0x0000000080000118] -> 0x9493
mem[X,0x000000008000011A] -> 0x00A4
[75] [M]: 0x0000000080000118 (0x00A49493) slli s1, s1, 10
x9 <- 0xADFEEDBEADFEEC00
mem[X,0x000000008000011C] -> 0x8493
mem[X,0x000000008000011E] -> 0x1BE4
[76] [M]: 0x000000008000011C (0x1BE48493) addi s1, s1, 446
x9 <- 0xADFEEDBEADFEEDBE
mem[X,0x0000000080000120] -> 0x7537
mem[X,0x0000000080000122] -> 0x56FF
[77] [M]: 0x0000000080000120 (0x56FF7537) lui a0, 356343
x10 <- 0x0000000056FF7000
mem[X,0x0000000080000124] -> 0x0513
mem[X,0x0000000080000126] -> 0x6DF5
[78] [M]: 0x0000000080000124 (0x6DF50513) addi a0, a0, 1759
x10 <- 0x0000000056FF76DF
mem[X,0x0000000080000128] -> 0x1513
mem[X,0x000000008000012A] -> 0x00B5
[79] [M]: 0x0000000080000128 (0x00B51513) slli a0, a0, 11
x10 <- 0x000002B7FBB6F800
mem[X,0x000000008000012C] -> 0x0513
mem[X,0x000000008000012E] -> 0x2B75
[80] [M]: 0x000000008000012C (0x2B750513) addi a0, a0, 695
x10 <- 0x000002B7FBB6FAB7
mem[X,0x0000000080000130] -> 0x1513
mem[X,0x0000000080000132] -> 0x00B5
[81] [M]: 0x0000000080000130 (0x00B51513) slli a0, a0, 11
x10 <- 0x0015BFDDB7D5B800
mem[X,0x0000000080000134] -> 0x0513
mem[X,0x0000000080000136] -> 0x7DD5
[82] [M]: 0x0000000080000134 (0x7DD50513) addi a0, a0, 2013
x10 <- 0x0015BFDDB7D5BFDD
mem[X,0x0000000080000138] -> 0x1513
mem[X,0x000000008000013A] -> 0x00A5
[83] [M]: 0x0000000080000138 (0x00A51513) slli a0, a0, 10
x10 <- 0x56FF76DF56FF7400
mem[X,0x000000008000013C] -> 0x0513
mem[X,0x000000008000013E] -> 0x2DF5
[84] [M]: 0x000000008000013C (0x2DF50513) addi a0, a0, 735
x10 <- 0x56FF76DF56FF76DF
mem[X,0x0000000080000140] -> 0xC5B7
mem[X,0x0000000080000142] -> 0xAB7F
[85] [M]: 0x0000000080000140 (0xAB7FC5B7) lui a1, 702460
x11 <- 0xFFFFFFFFAB7FC000
mem[X,0x0000000080000144] -> 0x8593
mem[X,0x0000000080000146] -> 0xB6F5
[86] [M]: 0x0000000080000144 (0xB6F58593) addi a1, a1, 2927
x11 <- 0xFFFFFFFFAB7FBB6F
mem[X,0x0000000080000148] -> 0x9593
mem[X,0x000000008000014A] -> 0x00B5
[87] [M]: 0x0000000080000148 (0x00B59593) slli a1, a1, 11
x11 <- 0xFFFFFD5BFDDB7800
mem[X,0x000000008000014C] -> 0x8593
mem[X,0x000000008000014E] -> 0x55B5
[88] [M]: 0x000000008000014C (0x55B58593) addi a1, a1, 1371
x11 <- 0xFFFFFD5BFDDB7D5B
mem[X,0x0000000080000150] -> 0x9593
mem[X,0x0000000080000152] -> 0x00B5
[89] [M]: 0x0000000080000150 (0x00B59593) slli a1, a1, 11
x11 <- 0xFFEADFEEDBEAD800
mem[X,0x0000000080000154] -> 0x8593
mem[X,0x0000000080000156] -> 0x7EE5
[90] [M]: 0x0000000080000154 (0x7EE58593) addi a1, a1, 2030
x11 <- 0xFFEADFEEDBEADFEE
mem[X,0x0000000080000158] -> 0x9593
mem[X,0x000000008000015A] -> 0x00A5
[91] [M]: 0x0000000080000158 (0x00A59593) slli a1, a1, 10
x11 <- 0xAB7FBB6FAB7FB800
mem[X,0x000000008000015C] -> 0x8593
mem[X,0x000000008000015E] -> 0x36F5
[92] [M]: 0x000000008000015C (0x36F58593) addi a1, a1, 879
x11 <- 0xAB7FBB6FAB7FBB6F
mem[X,0x0000000080000160] -> 0xE637
mem[X,0x0000000080000162] -> 0xD5BF
[93] [M]: 0x0000000080000160 (0xD5BFE637) lui a2, 875518
x12 <- 0xFFFFFFFFD5BFE000
mem[X,0x0000000080000164] -> 0x0613
mem[X,0x0000000080000166] -> 0xDB76
[94] [M]: 0x0000000080000164 (0xDB760613) addi a2, a2, 3511
x12 <- 0xFFFFFFFFD5BFDDB7
mem[X,0x0000000080000168] -> 0x1613
mem[X,0x000000008000016A] -> 0x00B6
[95] [M]: 0x0000000080000168 (0x00B61613) slli a2, a2, 11
x12 <- 0xFFFFFEADFEEDB800
mem[X,0x000000008000016C] -> 0x0613
mem[X,0x000000008000016E] -> 0x6AD6
[96] [M]: 0x000000008000016C (0x6AD60613) addi a2, a2, 1709
x12 <- 0xFFFFFEADFEEDBEAD
mem[X,0x0000000080000170] -> 0x1613
mem[X,0x0000000080000172] -> 0x00B6
[97] [M]: 0x0000000080000170 (0x00B61613) slli a2, a2, 11
x12 <- 0xFFF56FF76DF56800
mem[X,0x0000000080000174] -> 0x0613
mem[X,0x0000000080000176] -> 0x7F76
[98] [M]: 0x0000000080000174 (0x7F760613) addi a2, a2, 2039
x12 <- 0xFFF56FF76DF56FF7
mem[X,0x0000000080000178] -> 0x1613
mem[X,0x000000008000017A] -> 0x00A6
[99] [M]: 0x0000000080000178 (0x00A61613) slli a2, a2, 10
x12 <- 0xD5BFDDB7D5BFDC00
clint::tick mtime <- 0x0000000000000001
 clint timer pending at mtime 0x0000000000000001
htif::tick 0x0000000000000000
mem[X,0x000000008000017C] -> 0x0613
mem[X,0x000000008000017E] -> 0x1B76
[100] [M]: 0x000000008000017C (0x1B760613) addi a2, a2, 439
x12 <- 0xD5BFDDB7D5BFDDB7
mem[X,0x0000000080000180] -> 0xF6B7
mem[X,0x0000000080000182] -> 0xEADF
[101] [M]: 0x0000000080000180 (0xEADFF6B7) lui a3, 962047
x13 <- 0xFFFFFFFFEADFF000
mem[X,0x0000000080000184] -> 0x8693
mem[X,0x0000000080000186] -> 0xEDB6
[102] [M]: 0x0000000080000184 (0xEDB68693) addi a3, a3, 3803
x13 <- 0xFFFFFFFFEADFEEDB
mem[X,0x0000000080000188] -> 0x9693
mem[X,0x000000008000018A] -> 0x00B6
[103] [M]: 0x0000000080000188 (0x00B69693) slli a3, a3, 11
x13 <- 0xFFFFFF56FF76D800
mem[X,0x000000008000018C] -> 0x8693
mem[X,0x000000008000018E] -> 0x7566
[104] [M]: 0x000000008000018C (0x75668693) addi a3, a3, 1878
x13 <- 0xFFFFFF56FF76DF56
mem[X,0x0000000080000190] -> 0x9693
mem[X,0x0000000080000192] -> 0x00B6
[105] [M]: 0x0000000080000190 (0x00B69693) slli a3, a3, 11
x13 <- 0xFFFAB7FBB6FAB000
mem[X,0x0000000080000194] -> 0x8693
mem[X,0x0000000080000196] -> 0x7FB6
[106] [M]: 0x0000000080000194 (0x7FB68693) addi a3, a3, 2043
x13 <- 0xFFFAB7FBB6FAB7FB
mem[X,0x0000000080000198] -> 0x9693
mem[X,0x000000008000019A] -> 0x00A6
[107] [M]: 0x0000000080000198 (0x00A69693) slli a3, a3, 10
x13 <- 0xEADFEEDBEADFEC00
mem[X,0x000000008000019C] -> 0x8693
mem[X,0x000000008000019E] -> 0x2DB6
[108] [M]: 0x000000008000019C (0x2DB68693) addi a3, a3, 731
x13 <- 0xEADFEEDBEADFEEDB
mem[X,0x00000000800001A0] -> 0xF737
mem[X,0x00000000800001A2] -> 0xF56F
[109] [M]: 0x00000000800001A0 (0xF56FF737) lui a4, 1005311
x14 <- 0xFFFFFFFFF56FF000
mem[X,0x00000000800001A4] -> 0x0713
mem[X,0x00000000800001A6] -> 0x76D7
[110] [M]: 0x00000000800001A4 (0x76D70713) addi a4, a4, 1901
x14 <- 0xFFFFFFFFF56FF76D
mem[X,0x00000000800001A8] -> 0x1713
mem[X,0x00000000800001AA] -> 0x00B7
[111] [M]: 0x00000000800001A8 (0x00B71713) slli a4, a4, 11
x14 <- 0xFFFFFFAB7FBB6800
mem[X,0x00000000800001AC] -> 0x0713
mem[X,0x00000000800001AE] -> 0x7AB7
[112] [M]: 0x00000000800001AC (0x7AB70713) addi a4, a4, 1963
x14 <- 0xFFFFFFAB7FBB6FAB
mem[X,0x00000000800001B0] -> 0x1713
mem[X,0x00000000800001B2] -> 0x00B7
[113] [M]: 0x00000000800001B0 (0x00B71713) slli a4, a4, 11
x14 <- 0xFFFD5BFDDB7D5800
mem[X,0x00000000800001B4] -> 0x0713
mem[X,0x00000000800001B6] -> 0x3FD7
[114] [M]: 0x00000000800001B4 (0x3FD70713) addi a4, a4, 1021
x14 <- 0xFFFD5BFDDB7D5BFD
mem[X,0x00000000800001B8] -> 0x1713
mem[X,0x00000000800001BA] -> 0x00A7
[115] [M]: 0x00000000800001B8 (0x00A71713) slli a4, a4, 10
x14 <- 0xF56FF76DF56FF400
mem[X,0x00000000800001BC] -> 0x0713
mem[X,0x00000000800001BE] -> 0x36D7
[116] [M]: 0x00000000800001BC (0x36D70713) addi a4, a4, 877
x14 <- 0xF56FF76DF56FF76D
mem[X,0x00000000800001C0] -> 0x07B7
mem[X,0x00000000800001C2] -> 0xFAB8
[117] [M]: 0x00000000800001C0 (0xFAB807B7) lui a5, 1026944
x15 <- 0xFFFFFFFFFAB80000
mem[X,0x00000000800001C4] -> 0x8793
mem[X,0x00000000800001C6] -> 0xBB67
[118] [M]: 0x00000000800001C4 (0xBB678793) addi a5, a5, 2998
x15 <- 0xFFFFFFFFFAB7FBB6
mem[X,0x00000000800001C8] -> 0x9793
mem[X,0x00000000800001CA] -> 0x00B7
[119] [M]: 0x00000000800001C8 (0x00B79793) slli a5, a5, 11
x15 <- 0xFFFFFFD5BFDDB000
mem[X,0x00000000800001CC] -> 0x8793
mem[X,0x00000000800001CE] -> 0x7D57
[120] [M]: 0x00000000800001CC (0x7D578793) addi a5, a5, 2005
x15 <- 0xFFFFFFD5BFDDB7D5
mem[X,0x00000000800001D0] -> 0x9793
mem[X,0x00000000800001D2] -> 0x00B7
[121] [M]: 0x00000000800001D0 (0x00B79793) slli a5, a5, 11
x15 <- 0xFFFEADFEEDBEA800
mem[X,0x00000000800001D4] -> 0x8793
mem[X,0x00000000800001D6] -> 0x5FE7
[122] [M]: 0x00000000800001D4 (0x5FE78793) addi a5, a5, 1534
x15 <- 0xFFFEADFEEDBEADFE
mem[X,0x00000000800001D8] -> 0x9793
mem[X,0x00000000800001DA] -> 0x00A7
[123] [M]: 0x00000000800001D8 (0x00A79793) slli a5, a5, 10
x15 <- 0xFAB7FBB6FAB7F800
mem[X,0x00000000800001DC] -> 0x8793
mem[X,0x00000000800001DE] -> 0x3B67
[124] [M]: 0x00000000800001DC (0x3B678793) addi a5, a5, 950
x15 <- 0xFAB7FBB6FAB7FBB6
mem[X,0x00000000800001E0] -> 0x0837
mem[X,0x00000000800001E2] -> 0x7D5C
[125] [M]: 0x00000000800001E0 (0x7D5C0837) lui a6, 513472
x16 <- 0x000000007D5C0000
mem[X,0x00000000800001E4] -> 0x0813
mem[X,0x00000000800001E6] -> 0xDDB8
[126] [M]: 0x00000000800001E4 (0xDDB80813) addi a6, a6, 3547
x16 <- 0x000000007D5BFDDB
mem[X,0x00000000800001E8] -> 0x1813
mem[X,0x00000000800001EA] -> 0x00B8
[127] [M]: 0x00000000800001E8 (0x00B81813) slli a6, a6, 11
x16 <- 0x000003EADFEED800
mem[X,0x00000000800001EC] -> 0x0813
mem[X,0x00000000800001EE] -> 0x3EA8
[128] [M]: 0x00000000800001EC (0x3EA80813) addi a6, a6, 1002
x16 <- 0x000003EADFEEDBEA
mem[X,0x00000000800001F0] -> 0x1813
mem[X,0x00000000800001F2] -> 0x00B8
[129] [M]: 0x00000000800001F0 (0x00B81813) slli a6, a6, 11
x16 <- 0x001F56FF76DF5000
mem[X,0x00000000800001F4] -> 0x0813
mem[X,0x00000000800001F6] -> 0x6FF8
[130] [M]: 0x00000000800001F4 (0x6FF80813) addi a6, a6, 1791
x16 <- 0x001F56FF76DF56FF
mem[X,0x00000000800001F8] -> 0x1813
mem[X,0x00000000800001FA] -> 0x00A8
[131] [M]: 0x00000000800001F8 (0x00A81813) slli a6, a6, 10
x16 <- 0x7D5BFDDB7D5BFC00
mem[X,0x00000000800001FC] -> 0x0813
mem[X,0x00000000800001FE] -> 0x1DB8
[132] [M]: 0x00000000800001FC (0x1DB80813) addi a6, a6, 475
x16 <- 0x7D5BFDDB7D5BFDDB
mem[X,0x0000000080000200] -> 0x08B7
mem[X,0x0000000080000202] -> 0xBEAE
[133] [M]: 0x0000000080000200 (0xBEAE08B7) lui a7, 781024
x17 <- 0xFFFFFFFFBEAE0000
mem[X,0x0000000080000204] -> 0x8893
mem[X,0x0000000080000206] -> 0xEED8
[134] [M]: 0x0000000080000204 (0xEED88893) addi a7, a7, 3821
x17 <- 0xFFFFFFFFBEADFEED
mem[X,0x0000000080000208] -> 0x9893
mem[X,0x000000008000020A] -> 0x00B8
[135] [M]: 0x0000000080000208 (0x00B89893) slli a7, a7, 11
x17 <- 0xFFFFFDF56FF76800
mem[X,0x000000008000020C] -> 0x8893
mem[X,0x000000008000020E] -> 0x5F58
[136] [M]: 0x000000008000020C (0x5F588893) addi a7, a7, 1525
x17 <- 0xFFFFFDF56FF76DF5
mem[X,0x0000000080000210] -> 0x9893
mem[X,0x0000000080000212] -> 0x00B8
[137] [M]: 0x0000000080000210 (0x00B89893) slli a7, a7, 11
x17 <- 0xFFEFAB7FBB6FA800
mem[X,0x0000000080000214] -> 0x8893
mem[X,0x0000000080000216] -> 0x37F8
[138] [M]: 0x0000000080000214 (0x37F88893) addi a7, a7, 895
x17 <- 0xFFEFAB7FBB6FAB7F
mem[X,0x0000000080000218] -> 0x9893
mem[X,0x000000008000021A] -> 0x00A8
[139] [M]: 0x0000000080000218 (0x00A89893) slli a7, a7, 10
x17 <- 0xBEADFEEDBEADFC00
mem[X,0x000000008000021C] -> 0x8893
mem[X,0x000000008000021E] -> 0x2ED8
[140] [M]: 0x000000008000021C (0x2ED88893) addi a7, a7, 749
x17 <- 0xBEADFEEDBEADFEED
mem[X,0x0000000080000220] -> 0x0937
mem[X,0x0000000080000222] -> 0xDF57
[141] [M]: 0x0000000080000220 (0xDF570937) lui s2, 914800
x18 <- 0xFFFFFFFFDF570000
mem[X,0x0000000080000224] -> 0x0913
mem[X,0x0000000080000226] -> 0xF769
[142] [M]: 0x0000000080000224 (0xF7690913) addi s2, s2, 3958
x18 <- 0xFFFFFFFFDF56FF76
mem[X,0x0000000080000228] -> 0x1913
mem[X,0x000000008000022A] -> 0x00B9
[143] [M]: 0x0000000080000228 (0x00B91913) slli s2, s2, 11
x18 <- 0xFFFFFEFAB7FBB000
mem[X,0x000000008000022C] -> 0x0913
mem[X,0x000000008000022E] -> 0x6FA9
[144] [M]: 0x000000008000022C (0x6FA90913) addi s2, s2, 1786
x18 <- 0xFFFFFEFAB7FBB6FA
mem[X,0x0000000080000230] -> 0x1913
mem[X,0x0000000080000232] -> 0x00B9
[145] [M]: 0x0000000080000230 (0x00B91913) slli s2, s2, 11
x18 <- 0xFFF7D5BFDDB7D000
mem[X,0x0000000080000234] -> 0x0913
mem[X,0x0000000080000236] -> 0x5BF9
[146] [M]: 0x0000000080000234 (0x5BF90913) addi s2, s2, 1471
x18 <- 0xFFF7D5BFDDB7D5BF
mem[X,0x0000000080000238] -> 0x1913
mem[X,0x000000008000023A] -> 0x00A9
[147] [M]: 0x0000000080000238 (0x00A91913) slli s2, s2, 10
x18 <- 0xDF56FF76DF56FC00
mem[X,0x000000008000023C] -> 0x0913
mem[X,0x000000008000023E] -> 0x3769
[148] [M]: 0x000000008000023C (0x37690913) addi s2, s2, 886
x18 <- 0xDF56FF76DF56FF76
mem[X,0x0000000080000240] -> 0x89B7
mem[X,0x0000000080000242] -> 0x6FAB
[149] [M]: 0x0000000080000240 (0x6FAB89B7) lui s3, 457400
x19 <- 0x000000006FAB8000
mem[X,0x0000000080000244] -> 0x8993
mem[X,0x0000000080000246] -> 0xFBB9
[150] [M]: 0x0000000080000244 (0xFBB98993) addi s3, s3, 4027
x19 <- 0x000000006FAB7FBB
mem[X,0x0000000080000248] -> 0x9993
mem[X,0x000000008000024A] -> 0x00B9
[151] [M]: 0x0000000080000248 (0x00B99993) slli s3, s3, 11
x19 <- 0x0000037D5BFDD800
mem[X,0x000000008000024C] -> 0x8993
mem[X,0x000000008000024E] -> 0x37D9
[152] [M]: 0x000000008000024C (0x37D98993) addi s3, s3, 893
x19 <- 0x0000037D5BFDDB7D
mem[X,0x0000000080000250] -> 0x9993
mem[X,0x0000000080000252] -> 0x00B9
[153] [M]: 0x0000000080000250 (0x00B99993) slli s3, s3, 11
x19 <- 0x001BEADFEEDBE800
mem[X,0x0000000080000254] -> 0x8993
mem[X,0x0000000080000256] -> 0x2DF9
[154] [M]: 0x0000000080000254 (0x2DF98993) addi s3, s3, 735
x19 <- 0x001BEADFEEDBEADF
mem[X,0x0000000080000258] -> 0x9993
mem[X,0x000000008000025A] -> 0x00A9
[155] [M]: 0x0000000080000258 (0x00A99993) slli s3, s3, 10
x19 <- 0x6FAB7FBB6FAB7C00
mem[X,0x000000008000025C] -> 0x8993
mem[X,0x000000008000025E] -> 0x3BB9
[156] [M]: 0x000000008000025C (0x3BB98993) addi s3, s3, 955
x19 <- 0x6FAB7FBB6FAB7FBB
mem[X,0x0000000080000260] -> 0xCA37
mem[X,0x0000000080000262] -> 0xB7D5
[157] [M]: 0x0000000080000260 (0xB7D5CA37) lui s4, 752988
x20 <- 0xFFFFFFFFB7D5C000
mem[X,0x0000000080000264] -> 0x0A13
mem[X,0x0000000080000266] -> 0xFDDA
[158] [M]: 0x0000000080000264 (0xFDDA0A13) addi s4, s4, 4061
x20 <- 0xFFFFFFFFB7D5BFDD
mem[X,0x0000000080000268] -> 0x1A13
mem[X,0x000000008000026A] -> 0x00BA
[159] [M]: 0x0000000080000268 (0x00BA1A13) slli s4, s4, 11
x20 <- 0xFFFFFDBEADFEE800
mem[X,0x000000008000026C] -> 0x0A13
mem[X,0x000000008000026E] -> 0x5BEA
[160] [M]: 0x000000008000026C (0x5BEA0A13) addi s4, s4, 1470
x20 <- 0xFFFFFDBEADFEEDBE
mem[X,0x0000000080000270] -> 0x1A13
mem[X,0x0000000080000272] -> 0x00BA
[161] [M]: 0x0000000080000270 (0x00BA1A13) slli s4, s4, 11
x20 <- 0xFFEDF56FF76DF000
mem[X,0x0000000080000274] -> 0x0A13
mem[X,0x0000000080000276] -> 0x56FA
[162] [M]: 0x0000000080000274 (0x56FA0A13) addi s4, s4, 1391
x20 <- 0xFFEDF56FF76DF56F
mem[X,0x0000000080000278] -> 0x1A13
mem[X,0x000000008000027A] -> 0x00AA
[163] [M]: 0x0000000080000278 (0x00AA1A13) slli s4, s4, 10
x20 <- 0xB7D5BFDDB7D5BC00
mem[X,0x000000008000027C] -> 0x0A13
mem[X,0x000000008000027E] -> 0x3DDA
[164] [M]: 0x000000008000027C (0x3DDA0A13) addi s4, s4, 989
x20 <- 0xB7D5BFDDB7D5BFDD
mem[X,0x0000000080000280] -> 0xEAB7
mem[X,0x0000000080000282] -> 0xDBEA
[165] [M]: 0x0000000080000280 (0xDBEAEAB7) lui s5, 900782
x21 <- 0xFFFFFFFFDBEAE000
mem[X,0x0000000080000284] -> 0x8A93
mem[X,0x0000000080000286] -> 0xFEEA
[166] [M]: 0x0000000080000284 (0xFEEA8A93) addi s5, s5, 4078
x21 <- 0xFFFFFFFFDBEADFEE
mem[X,0x0000000080000288] -> 0x9A93
mem[X,0x000000008000028A] -> 0x00BA
[167] [M]: 0x0000000080000288 (0x00BA9A93) slli s5, s5, 11
x21 <- 0xFFFFFEDF56FF7000
mem[X,0x000000008000028C] -> 0x8A93
mem[X,0x000000008000028E] -> 0x6DFA
[168] [M]: 0x000000008000028C (0x6DFA8A93) addi s5, s5, 1759
x21 <- 0xFFFFFEDF56FF76DF
mem[X,0x0000000080000290] -> 0x9A93
mem[X,0x0000000080000292] -> 0x00BA
[169] [M]: 0x0000000080000290 (0x00BA9A93) slli s5, s5, 11
x21 <- 0xFFF6FAB7FBB6F800
mem[X,0x0000000080000294] -> 0x8A93
mem[X,0x0000000080000296] -> 0x2B7A
[170] [M]: 0x0000000080000294 (0x2B7A8A93) addi s5, s5, 695
x21 <- 0xFFF6FAB7FBB6FAB7
mem[X,0x0000000080000298] -> 0x9A93
mem[X,0x000000008000029A] -> 0x00AA
[171] [M]: 0x0000000080000298 (0x00AA9A93) slli s5, s5, 10
x21 <- 0xDBEADFEEDBEADC00
mem[X,0x000000008000029C] -> 0x8A93
mem[X,0x000000008000029E] -> 0x3EEA
[172] [M]: 0x000000008000029C (0x3EEA8A93) addi s5, s5, 1006
x21 <- 0xDBEADFEEDBEADFEE
mem[X,0x00000000800002A0] -> 0x7B37
mem[X,0x00000000800002A2] -> 0x6DF5
[173] [M]: 0x00000000800002A0 (0x6DF57B37) lui s6, 450391
x22 <- 0x000000006DF57000
mem[X,0x00000000800002A4] -> 0x0B13
mem[X,0x00000000800002A6] -> 0xFF7B
[174] [M]: 0x00000000800002A4 (0xFF7B0B13) addi s6, s6, 4087
x22 <- 0x000000006DF56FF7
mem[X,0x00000000800002A8] -> 0x1B13
mem[X,0x00000000800002AA] -> 0x00BB
[175] [M]: 0x00000000800002A8 (0x00BB1B13) slli s6, s6, 11
x22 <- 0x0000036FAB7FB800
mem[X,0x00000000800002AC] -> 0x0B13
mem[X,0x00000000800002AE] -> 0x36FB
[176] [M]: 0x00000000800002AC (0x36FB0B13) addi s6, s6, 879
x22 <- 0x0000036FAB7FBB6F
mem[X,0x00000000800002B0] -> 0x1B13
mem[X,0x00000000800002B2] -> 0x00BB
[177] [M]: 0x00000000800002B0 (0x00BB1B13) slli s6, s6, 11
x22 <- 0x001B7D5BFDDB7800
mem[X,0x00000000800002B4] -> 0x0B13
mem[X,0x00000000800002B6] -> 0x55BB
[178] [M]: 0x00000000800002B4 (0x55BB0B13) addi s6, s6, 1371
x22 <- 0x001B7D5BFDDB7D5B
mem[X,0x00000000800002B8] -> 0x1B13
mem[X,0x00000000800002BA] -> 0x00AB
[179] [M]: 0x00000000800002B8 (0x00AB1B13) slli s6, s6, 10
x22 <- 0x6DF56FF76DF56C00
mem[X,0x00000000800002BC] -> 0x0B13
mem[X,0x00000000800002BE] -> 0x3F7B
[180] [M]: 0x00000000800002BC (0x3F7B0B13) addi s6, s6, 1015
x22 <- 0x6DF56FF76DF56FF7
mem[X,0x00000000800002C0] -> 0xBBB7
mem[X,0x00000000800002C2] -> 0xB6FA
[181] [M]: 0x00000000800002C0 (0xB6FABBB7) lui s7, 749483
x23 <- 0xFFFFFFFFB6FAB000
mem[X,0x00000000800002C4] -> 0x8B93
mem[X,0x00000000800002C6] -> 0x7FBB
[182] [M]: 0x00000000800002C4 (0x7FBB8B93) addi s7, s7, 2043
x23 <- 0xFFFFFFFFB6FAB7FB
mem[X,0x00000000800002C8] -> 0x9B93
mem[X,0x00000000800002CA] -> 0x00BB
[183] [M]: 0x00000000800002C8 (0x00BB9B93) slli s7, s7, 11
x23 <- 0xFFFFFDB7D5BFD800
mem[X,0x00000000800002CC] -> 0x8B93
mem[X,0x00000000800002CE] -> 0x5B7B
[184] [M]: 0x00000000800002CC (0x5B7B8B93) addi s7, s7, 1463
x23 <- 0xFFFFFDB7D5BFDDB7
mem[X,0x00000000800002D0] -> 0x9B93
mem[X,0x00000000800002D2] -> 0x00BB
[185] [M]: 0x00000000800002D0 (0x00BB9B93) slli s7, s7, 11
x23 <- 0xFFEDBEADFEEDB800
mem[X,0x00000000800002D4] -> 0x8B93
mem[X,0x00000000800002D6] -> 0x6ADB
[186] [M]: 0x00000000800002D4 (0x6ADB8B93) addi s7, s7, 1709
x23 <- 0xFFEDBEADFEEDBEAD
mem[X,0x00000000800002D8] -> 0x9B93
mem[X,0x00000000800002DA] -> 0x00AB
[187] [M]: 0x00000000800002D8 (0x00AB9B93) slli s7, s7, 10
x23 <- 0xB6FAB7FBB6FAB400
mem[X,0x00000000800002DC] -> 0x8B93
mem[X,0x00000000800002DE] -> 0x3FBB
[188] [M]: 0x00000000800002DC (0x3FBB8B93) addi s7, s7, 1019
x23 <- 0xB6FAB7FBB6FAB7FB
mem[X,0x00000000800002E0] -> 0x6C37
mem[X,0x00000000800002E2] -> 0xDB7D
[189] [M]: 0x00000000800002E0 (0xDB7D6C37) lui s8, 899030
x24 <- 0xFFFFFFFFDB7D6000
mem[X,0x00000000800002E4] -> 0x0C13
mem[X,0x00000000800002E6] -> 0xBFDC
[190] [M]: 0x00000000800002E4 (0xBFDC0C13) addi s8, s8, 3069
x24 <- 0xFFFFFFFFDB7D5BFD
mem[X,0x00000000800002E8] -> 0x1C13
mem[X,0x00000000800002EA] -> 0x00BC
[191] [M]: 0x00000000800002E8 (0x00BC1C13) slli s8, s8, 11
x24 <- 0xFFFFFEDBEADFE800
mem[X,0x00000000800002EC] -> 0x0C13
mem[X,0x00000000800002EE] -> 0x6DBC
[192] [M]: 0x00000000800002EC (0x6DBC0C13) addi s8, s8, 1755
x24 <- 0xFFFFFEDBEADFEEDB
mem[X,0x00000000800002F0] -> 0x1C13
mem[X,0x00000000800002F2] -> 0x00BC
[193] [M]: 0x00000000800002F0 (0x00BC1C13) slli s8, s8, 11
x24 <- 0xFFF6DF56FF76D800
mem[X,0x00000000800002F4] -> 0x0C13
mem[X,0x00000000800002F6] -> 0x756C
[194] [M]: 0x00000000800002F4 (0x756C0C13) addi s8, s8, 1878
x24 <- 0xFFF6DF56FF76DF56
mem[X,0x00000000800002F8] -> 0x1C13
mem[X,0x00000000800002FA] -> 0x00AC
[195] [M]: 0x00000000800002F8 (0x00AC1C13) slli s8, s8, 10
x24 <- 0xDB7D5BFDDB7D5800
mem[X,0x00000000800002FC] -> 0x0C13
mem[X,0x00000000800002FE] -> 0x3FDC
[196] [M]: 0x00000000800002FC (0x3FDC0C13) addi s8, s8, 1021
x24 <- 0xDB7D5BFDDB7D5BFD
mem[X,0x0000000080000300] -> 0xBCB7
mem[X,0x0000000080000302] -> 0xEDBE
[197] [M]: 0x0000000080000300 (0xEDBEBCB7) lui s9, 973803
x25 <- 0xFFFFFFFFEDBEB000
mem[X,0x0000000080000304] -> 0x8C93
mem[X,0x0000000080000306] -> 0xDFEC
[198] [M]: 0x0000000080000304 (0xDFEC8C93) addi s9, s9, 3582
x25 <- 0xFFFFFFFFEDBEADFE
mem[X,0x0000000080000308] -> 0x9C93
mem[X,0x000000008000030A] -> 0x00BC
[199] [M]: 0x0000000080000308 (0x00BC9C93) slli s9, s9, 11
x25 <- 0xFFFFFF6DF56FF000
clint::tick mtime <- 0x0000000000000002
 clint timer pending at mtime 0x0000000000000002
htif::tick 0x0000000000000000
mem[X,0x000000008000030C] -> 0x8C93
mem[X,0x000000008000030E] -> 0x76DC
[200] [M]: 0x000000008000030C (0x76DC8C93) addi s9, s9, 1901
x25 <- 0xFFFFFF6DF56FF76D
mem[X,0x0000000080000310] -> 0x9C93
mem[X,0x0000000080000312] -> 0x00BC
[201] [M]: 0x0000000080000310 (0x00BC9C93) slli s9, s9, 11
x25 <- 0xFFFB6FAB7FBB6800
mem[X,0x0000000080000314] -> 0x8C93
mem[X,0x0000000080000316] -> 0x7ABC
[202] [M]: 0x0000000080000314 (0x7ABC8C93) addi s9, s9, 1963
x25 <- 0xFFFB6FAB7FBB6FAB
mem[X,0x0000000080000318] -> 0x9C93
mem[X,0x000000008000031A] -> 0x00AC
[203] [M]: 0x0000000080000318 (0x00AC9C93) slli s9, s9, 10
x25 <- 0xEDBEADFEEDBEAC00
mem[X,0x000000008000031C] -> 0x8C93
mem[X,0x000000008000031E] -> 0x1FEC
[204] [M]: 0x000000008000031C (0x1FEC8C93) addi s9, s9, 510
x25 <- 0xEDBEADFEEDBEADFE
mem[X,0x0000000080000320] -> 0x5D37
mem[X,0x0000000080000322] -> 0x76DF
[205] [M]: 0x0000000080000320 (0x76DF5D37) lui s10, 486901
x26 <- 0x0000000076DF5000
mem[X,0x0000000080000324] -> 0x0D13
mem[X,0x0000000080000326] -> 0x6FFD
[206] [M]: 0x0000000080000324 (0x6FFD0D13) addi s10, s10, 1791
x26 <- 0x0000000076DF56FF
mem[X,0x0000000080000328] -> 0x1D13
mem[X,0x000000008000032A] -> 0x00BD
[207] [M]: 0x0000000080000328 (0x00BD1D13) slli s10, s10, 11
x26 <- 0x000003B6FAB7F800
mem[X,0x000000008000032C] -> 0x0D13
mem[X,0x000000008000032E] -> 0x3B6D
[208] [M]: 0x000000008000032C (0x3B6D0D13) addi s10, s10, 950
x26 <- 0x000003B6FAB7FBB6
mem[X,0x0000000080000330] -> 0x1D13
mem[X,0x0000000080000332] -> 0x00BD
[209] [M]: 0x0000000080000330 (0x00BD1D13) slli s10, s10, 11
x26 <- 0x001DB7D5BFDDB000
mem[X,0x0000000080000334] -> 0x0D13
mem[X,0x0000000080000336] -> 0x7D5D
[210] [M]: 0x0000000080000334 (0x7D5D0D13) addi s10, s10, 2005
x26 <- 0x001DB7D5BFDDB7D5
mem[X,0x0000000080000338] -> 0x1D13
mem[X,0x000000008000033A] -> 0x00AD
[211] [M]: 0x0000000080000338 (0x00AD1D13) slli s10, s10, 10
x26 <- 0x76DF56FF76DF5400
mem[X,0x000000008000033C] -> 0x0D13
mem[X,0x000000008000033E] -> 0x2FFD
[212] [M]: 0x000000008000033C (0x2FFD0D13) addi s10, s10, 767
x26 <- 0x76DF56FF76DF56FF
mem[X,0x0000000080000340] -> 0xBDB7
mem[X,0x0000000080000342] -> 0xBB6F
[213] [M]: 0x0000000080000340 (0xBB6FBDB7) lui s11, 767739
x27 <- 0xFFFFFFFFBB6FB000
mem[X,0x0000000080000344] -> 0x8D93
mem[X,0x0000000080000346] -> 0xB7FD
[214] [M]: 0x0000000080000344 (0xB7FD8D93) addi s11, s11, 2943
x27 <- 0xFFFFFFFFBB6FAB7F
mem[X,0x0000000080000348] -> 0x9D93
mem[X,0x000000008000034A] -> 0x00BD
[215] [M]: 0x0000000080000348 (0x00BD9D93) slli s11, s11, 11
x27 <- 0xFFFFFDDB7D5BF800
mem[X,0x000000008000034C] -> 0x8D93
mem[X,0x000000008000034E] -> 0x5DBD
[216] [M]: 0x000000008000034C (0x5DBD8D93) addi s11, s11, 1499
x27 <- 0xFFFFFDDB7D5BFDDB
mem[X,0x0000000080000350] -> 0x9D93
mem[X,0x0000000080000352] -> 0x00BD
[217] [M]: 0x0000000080000350 (0x00BD9D93) slli s11, s11, 11
x27 <- 0xFFEEDBEADFEED800
mem[X,0x0000000080000354] -> 0x8D93
mem[X,0x0000000080000356] -> 0x3EAD
[218] [M]: 0x0000000080000354 (0x3EAD8D93) addi s11, s11, 1002
x27 <- 0xFFEEDBEADFEEDBEA
mem[X,0x0000000080000358] -> 0x9D93
mem[X,0x000000008000035A] -> 0x00AD
[219] [M]: 0x0000000080000358 (0x00AD9D93) slli s11, s11, 10
x27 <- 0xBB6FAB7FBB6FA800
mem[X,0x000000008000035C] -> 0x8D93
mem[X,0x000000008000035E] -> 0x37FD
[220] [M]: 0x000000008000035C (0x37FD8D93) addi s11, s11, 895
x27 <- 0xBB6FAB7FBB6FAB7F
mem[X,0x0000000080000360] -> 0xDE37
mem[X,0x0000000080000362] -> 0xDDB7
[221] [M]: 0x0000000080000360 (0xDDB7DE37) lui t3, 908157
x28 <- 0xFFFFFFFFDDB7D000
mem[X,0x0000000080000364] -> 0x0E13
mem[X,0x0000000080000366] -> 0x5BFE
[222] [M]: 0x0000000080000364 (0x5BFE0E13) addi t3, t3, 1471
x28 <- 0xFFFFFFFFDDB7D5BF
mem[X,0x0000000080000368] -> 0x1E13
mem[X,0x000000008000036A] -> 0x00BE
[223] [M]: 0x0000000080000368 (0x00BE1E13) slli t3, t3, 11
x28 <- 0xFFFFFEEDBEADF800
mem[X,0x000000008000036C] -> 0x0E13
mem[X,0x000000008000036E] -> 0x6EDE
[224] [M]: 0x000000008000036C (0x6EDE0E13) addi t3, t3, 1773
x28 <- 0xFFFFFEEDBEADFEED
mem[X,0x0000000080000370] -> 0x1E13
mem[X,0x0000000080000372] -> 0x00BE
[225] [M]: 0x0000000080000370 (0x00BE1E13) slli t3, t3, 11
x28 <- 0xFFF76DF56FF76800
mem[X,0x0000000080000374] -> 0x0E13
mem[X,0x0000000080000376] -> 0x5F5E
[226] [M]: 0x0000000080000374 (0x5F5E0E13) addi t3, t3, 1525
x28 <- 0xFFF76DF56FF76DF5
mem[X,0x0000000080000378] -> 0x1E13
mem[X,0x000000008000037A] -> 0x00AE
[227] [M]: 0x0000000080000378 (0x00AE1E13) slli t3, t3, 10
x28 <- 0xDDB7D5BFDDB7D400
mem[X,0x000000008000037C] -> 0x0E13
mem[X,0x000000008000037E] -> 0x1BFE
[228] [M]: 0x000000008000037C (0x1BFE0E13) addi t3, t3, 447
x28 <- 0xDDB7D5BFDDB7D5BF
mem[X,0x0000000080000380] -> 0xFEB7
mem[X,0x0000000080000382] -> 0xEEDB
[229] [M]: 0x0000000080000380 (0xEEDBFEB7) lui t4, 978367
x29 <- 0xFFFFFFFFEEDBF000
mem[X,0x0000000080000384] -> 0x8E93
mem[X,0x0000000080000386] -> 0xADFE
[230] [M]: 0x0000000080000384 (0xADFE8E93) addi t4, t4, 2783
x29 <- 0xFFFFFFFFEEDBEADF
mem[X,0x0000000080000388] -> 0x9E93
mem[X,0x000000008000038A] -> 0x00BE
[231] [M]: 0x0000000080000388 (0x00BE9E93) slli t4, t4, 11
x29 <- 0xFFFFFF76DF56F800
mem[X,0x000000008000038C] -> 0x8E93
mem[X,0x000000008000038E] -> 0x776E
[232] [M]: 0x000000008000038C (0x776E8E93) addi t4, t4, 1910
x29 <- 0xFFFFFF76DF56FF76
mem[X,0x0000000080000390] -> 0x9E93
mem[X,0x0000000080000392] -> 0x00BE
[233] [M]: 0x0000000080000390 (0x00BE9E93) slli t4, t4, 11
x29 <- 0xFFFBB6FAB7FBB000
mem[X,0x0000000080000394] -> 0x8E93
mem[X,0x0000000080000396] -> 0x6FAE
[234] [M]: 0x0000000080000394 (0x6FAE8E93) addi t4, t4, 1786
x29 <- 0xFFFBB6FAB7FBB6FA
mem[X,0x0000000080000398] -> 0x9E93
mem[X,0x000000008000039A] -> 0x00AE
[235] [M]: 0x0000000080000398 (0x00AE9E93) slli t4, t4, 10
x29 <- 0xEEDBEADFEEDBE800
mem[X,0x000000008000039C] -> 0x8E93
mem[X,0x000000008000039E] -> 0x2DFE
[236] [M]: 0x000000008000039C (0x2DFE8E93) addi t4, t4, 735
x29 <- 0xEEDBEADFEEDBEADF
mem[X,0x00000000800003A0] -> 0xFF37
mem[X,0x00000000800003A2] -> 0xF76D
[237] [M]: 0x00000000800003A0 (0xF76DFF37) lui t5, 1013471
x30 <- 0xFFFFFFFFF76DF000
mem[X,0x00000000800003A4] -> 0x0F13
mem[X,0x00000000800003A6] -> 0x56FF
[238] [M]: 0x00000000800003A4 (0x56FF0F13) addi t5, t5, 1391
x30 <- 0xFFFFFFFFF76DF56F
mem[X,0x00000000800003A8] -> 0x1F13
mem[X,0x00000000800003AA] -> 0x00BF
[239] [M]: 0x00000000800003A8 (0x00BF1F13) slli t5, t5, 11
x30 <- 0xFFFFFFBB6FAB7800
mem[X,0x00000000800003AC] -> 0x0F13
mem[X,0x00000000800003AE] -> 0x7BBF
[240] [M]: 0x00000000800003AC (0x7BBF0F13) addi t5, t5, 1979
x30 <- 0xFFFFFFBB6FAB7FBB
mem[X,0x00000000800003B0] -> 0x1F13
mem[X,0x00000000800003B2] -> 0x00BF
[241] [M]: 0x00000000800003B0 (0x00BF1F13) slli t5, t5, 11
x30 <- 0xFFFDDB7D5BFDD800
mem[X,0x00000000800003B4] -> 0x0F13
mem[X,0x00000000800003B6] -> 0x37DF
[242] [M]: 0x00000000800003B4 (0x37DF0F13) addi t5, t5, 893
x30 <- 0xFFFDDB7D5BFDDB7D
mem[X,0x00000000800003B8] -> 0x1F13
mem[X,0x00000000800003BA] -> 0x00AF
[243] [M]: 0x00000000800003B8 (0x00AF1F13) slli t5, t5, 10
x30 <- 0xF76DF56FF76DF400
mem[X,0x00000000800003BC] -> 0x0F13
mem[X,0x00000000800003BE] -> 0x16FF
[244] [M]: 0x00000000800003BC (0x16FF0F13) addi t5, t5, 367
x30 <- 0xF76DF56FF76DF56F
mem[X,0x00000000800003C0] -> 0x0FB7
mem[X,0x00000000800003C2] -> 0xFBB7
[245] [M]: 0x00000000800003C0 (0xFBB70FB7) lui t6, 1031024
x31 <- 0xFFFFFFFFFBB70000
mem[X,0x00000000800003C4] -> 0x8F93
mem[X,0x00000000800003C6] -> 0xAB7F
[246] [M]: 0x00000000800003C4 (0xAB7F8F93) addi t6, t6, 2743
x31 <- 0xFFFFFFFFFBB6FAB7
mem[X,0x00000000800003C8] -> 0x9F93
mem[X,0x00000000800003CA] -> 0x00BF
[247] [M]: 0x00000000800003C8 (0x00BF9F93) slli t6, t6, 11
x31 <- 0xFFFFFFDDB7D5B800
mem[X,0x00000000800003CC] -> 0x8F93
mem[X,0x00000000800003CE] -> 0x7DDF
[248] [M]: 0x00000000800003CC (0x7DDF8F93) addi t6, t6, 2013
x31 <- 0xFFFFFFDDB7D5BFDD
mem[X,0x00000000800003D0] -> 0x9F93
mem[X,0x00000000800003D2] -> 0x00BF
[249] [M]: 0x00000000800003D0 (0x00BF9F93) slli t6, t6, 11
x31 <- 0xFFFEEDBEADFEE800
mem[X,0x00000000800003D4] -> 0x8F93
mem[X,0x00000000800003D6] -> 0x5BEF
[250] [M]: 0x00000000800003D4 (0x5BEF8F93) addi t6, t6, 1470
x31 <- 0xFFFEEDBEADFEEDBE
mem[X,0x00000000800003D8] -> 0x9F93
mem[X,0x00000000800003DA] -> 0x00AF
[251] [M]: 0x00000000800003D8 (0x00AF9F93) slli t6, t6, 10
x31 <- 0xFBB6FAB7FBB6F800
mem[X,0x00000000800003DC] -> 0x8F93
mem[X,0x00000000800003DE] -> 0x2B7F
[252] [M]: 0x00000000800003DC (0x2B7F8F93) addi t6, t6, 695
x31 <- 0xFBB6FAB7FBB6FAB7
mem[X,0x00000000800003E0] -> 0x6097
mem[X,0x00000000800003E2] -> 0x0000
[253] [M]: 0x00000000800003E0 (0x00006097) auipc ra, 6
x1 <- 0x00000000800063E0
mem[X,0x00000000800003E4] -> 0x8093
mem[X,0x00000000800003E6] -> 0xD380
[254] [M]: 0x00000000800003E4 (0xD3808093) addi ra, ra, 3384
x1 <- 0x0000000080006118
mem[X,0x00000000800003E8] -> 0x0013
mem[X,0x00000000800003EA] -> 0x0000
[255] [M]: 0x00000000800003E8 (0x00000013) addi zero, zero, 0
mem[X,0x00000000800003EC] -> 0x0013
mem[X,0x00000000800003EE] -> 0x0000
[256] [M]: 0x00000000800003EC (0x00000013) addi zero, zero, 0
mem[X,0x00000000800003F0] -> 0x0013
mem[X,0x00000000800003F2] -> 0x0000
[257] [M]: 0x00000000800003F0 (0x00000013) addi zero, zero, 0
mem[X,0x00000000800003F4] -> 0x0013
mem[X,0x00000000800003F6] -> 0x0000
[258] [M]: 0x00000000800003F4 (0x00000013) addi zero, zero, 0
mem[X,0x00000000800003F8] -> 0x0013
mem[X,0x00000000800003FA] -> 0x0000
[259] [M]: 0x00000000800003F8 (0x00000013) addi zero, zero, 0
mem[X,0x00000000800003FC] -> 0x0013
mem[X,0x00000000800003FE] -> 0x0000
[260] [M]: 0x00000000800003FC (0x00000013) addi zero, zero, 0
mem[X,0x0000000080000400] -> 0x0593
mem[X,0x0000000080000402] -> 0xFFF0
[261] [M]: 0x0000000080000400 (0xFFF00593) addi a1, zero, 4095
x11 <- 0xFFFFFFFFFFFFFFFF
mem[X,0x0000000080000404] -> 0x9593
mem[X,0x0000000080000406] -> 0x03F5
[262] [M]: 0x0000000080000404 (0x03F59593) slli a1, a1, 63
x11 <- 0x8000000000000000
mem[X,0x0000000080000408] -> 0xA031
[263] [M]: 0x0000000080000408 (0xA031) c.j 6
mem[X,0x0000000080000414] -> 0xDDE5
[264] [M]: 0x0000000080000414 (0xDDE5) c.beqz a1, 252
mem[X,0x0000000080000416] -> 0x0113
mem[X,0x0000000080000418] -> 0x0021
[265] [M]: 0x0000000080000416 (0x00210113) addi sp, sp, 2
x2 <- 0xFF76DF56FF76DF58
mem[X,0x000000008000041A] -> 0x006F
mem[X,0x000000008000041C] -> 0x0060
[266] [M]: 0x000000008000041A (0x0060006F) jal zero, 6
mem[X,0x0000000080000420] -> 0xB023
mem[X,0x0000000080000422] -> 0x0020
[267] [M]: 0x0000000080000420 (0x0020B023) sd sp, 0(ra)
mem[0x0000000080006118] <- 0xFF76DF56FF76DF58
mem[X,0x0000000080000424] -> 0x0693
mem[X,0x0000000080000426] -> 0x0000
[268] [M]: 0x0000000080000424 (0x00000693) addi a3, zero, 0
x13 <- 0x0000000000000000
mem[X,0x0000000080000428] -> 0xA031
[269] [M]: 0x0000000080000428 (0xA031) c.j 6
mem[X,0x0000000080000434] -> 0xC6CD
[270] [M]: 0x0000000080000434 (0xC6CD) c.beqz a3, 85
mem[X,0x00000000800004DE] -> 0x010D
[271] [M]: 0x00000000800004DE (0x010D) c.addi sp, 3
x2 <- 0xFF76DF56FF76DF5B
mem[X,0x00000000800004E0] -> 0xB423
mem[X,0x00000000800004E2] -> 0x0020
[272] [M]: 0x00000000800004E0 (0x0020B423) sd sp, 8(ra)
mem[0x0000000080006120] <- 0xFF76DF56FF76DF5B
mem[X,0x00000000800004E4] -> 0x0613
mem[X,0x00000000800004E6] -> 0xFFF0
[273] [M]: 0x00000000800004E4 (0xFFF00613) addi a2, zero, 4095
x12 <- 0xFFFFFFFFFFFFFFFF
mem[X,0x00000000800004E8] -> 0x5613
mem[X,0x00000000800004EA] -> 0x0016
[274] [M]: 0x00000000800004E8 (0x00165613) srli a2, a2, 1
x12 <- 0x7FFFFFFFFFFFFFFF
mem[X,0x00000000800004EC] -> 0xA031
[275] [M]: 0x00000000800004EC (0xA031) c.j 6
mem[X,0x00000000800004F8] -> 0xC241
[276] [M]: 0x00000000800004F8 (0xC241) c.beqz a2, 64
mem[X,0x00000000800004FA] -> 0x0113
mem[X,0x00000000800004FC] -> 0x0021
[277] [M]: 0x00000000800004FA (0x00210113) addi sp, sp, 2
x2 <- 0xFF76DF56FF76DF5D
mem[X,0x00000000800004FE] -> 0x006F
mem[X,0x0000000080000500] -> 0x07C0
[278] [M]: 0x00000000800004FE (0x07C0006F) jal zero, 124
mem[X,0x000000008000057A] -> 0xB823
mem[X,0x000000008000057C] -> 0x0020
[279] [M]: 0x000000008000057A (0x0020B823) sd sp, 16(ra)
mem[0x0000000080006128] <- 0xFF76DF56FF76DF5D
mem[X,0x000000008000057E] -> 0x0513
mem[X,0x0000000080000580] -> 0x0010
[280] [M]: 0x000000008000057E (0x00100513) addi a0, zero, 1
x10 <- 0x0000000000000001
mem[X,0x0000000080000582] -> 0xA031
[281] [M]: 0x0000000080000582 (0xA031) c.j 6
mem[X,0x000000008000058E] -> 0xC509
[282] [M]: 0x000000008000058E (0xC509) c.beqz a0, 5
mem[X,0x0000000080000590] -> 0x0113
mem[X,0x0000000080000592] -> 0x0021
[283] [M]: 0x0000000080000590 (0x00210113) addi sp, sp, 2
x2 <- 0xFF76DF56FF76DF5F
mem[X,0x0000000080000594] -> 0x006F
mem[X,0x0000000080000596] -> 0x0060
[284] [M]: 0x0000000080000594 (0x0060006F) jal zero, 6
mem[X,0x000000008000059A] -> 0xBC23
mem[X,0x000000008000059C] -> 0x0020
[285] [M]: 0x000000008000059A (0x0020BC23) sd sp, 24(ra)
mem[0x0000000080006130] <- 0xFF76DF56FF76DF5F
mem[X,0x000000008000059E] -> 0x07B7
mem[X,0x00000000800005A0] -> 0x0000
[286] [M]: 0x000000008000059E (0x000007B7) lui a5, 0
x15 <- 0x0000000000000000
mem[X,0x00000000800005A2] -> 0x8793
mem[X,0x00000000800005A4] -> 0xFFF7
[287] [M]: 0x00000000800005A2 (0xFFF78793) addi a5, a5, 4095
x15 <- 0xFFFFFFFFFFFFFFFF
mem[X,0x00000000800005A6] -> 0x9793
mem[X,0x00000000800005A8] -> 0x00B7
[288] [M]: 0x00000000800005A6 (0x00B79793) slli a5, a5, 11
x15 <- 0xFFFFFFFFFFFFF800
mem[X,0x00000000800005AA] -> 0x8793
mem[X,0x00000000800005AC] -> 0x2577
[289] [M]: 0x00000000800005AA (0x25778793) addi a5, a5, 599
x15 <- 0xFFFFFFFFFFFFFA57
mem[X,0x00000000800005AE] -> 0x9793
mem[X,0x00000000800005B0] -> 0x00B7
[290] [M]: 0x00000000800005AE (0x00B79793) slli a5, a5, 11
x15 <- 0xFFFFFFFFFFD2B800
mem[X,0x00000000800005B2] -> 0x8793
mem[X,0x00000000800005B4] -> 0x6C37
[291] [M]: 0x00000000800005B2 (0x6C378793) addi a5, a5, 1731
x15 <- 0xFFFFFFFFFFD2BEC3
mem[X,0x00000000800005B6] -> 0x9793
mem[X,0x00000000800005B8] -> 0x00A7
[292] [M]: 0x00000000800005B6 (0x00A79793) slli a5, a5, 10
x15 <- 0xFFFFFFFF4AFB0C00
mem[X,0x00000000800005BA] -> 0x8793
mem[X,0x00000000800005BC] -> 0x0CD7
[293] [M]: 0x00000000800005BA (0x0CD78793) addi a5, a5, 205
x15 <- 0xFFFFFFFF4AFB0CCD
mem[X,0x00000000800005BE] -> 0xA031
[294] [M]: 0x00000000800005BE (0xA031) c.j 6
mem[X,0x00000000800005CA] -> 0xC3C1
[295] [M]: 0x00000000800005CA (0xC3C1) c.beqz a5, 64
mem[X,0x00000000800005CC] -> 0x0113
mem[X,0x00000000800005CE] -> 0x0021
[296] [M]: 0x00000000800005CC (0x00210113) addi sp, sp, 2
x2 <- 0xFF76DF56FF76DF61
mem[X,0x00000000800005D0] -> 0x006F
mem[X,0x00000000800005D2] -> 0x07C0
[297] [M]: 0x00000000800005D0 (0x07C0006F) jal zero, 124
mem[X,0x000000008000064C] -> 0xB023
mem[X,0x000000008000064E] -> 0x0220
[298] [M]: 0x000000008000064C (0x0220B023) sd sp, 32(ra)
mem[0x0000000080006138] <- 0xFF76DF56FF76DF61
mem[X,0x0000000080000650] -> 0x0713
mem[X,0x0000000080000652] -> 0x0010
[299] [M]: 0x0000000080000650 (0x00100713) addi a4, zero, 1
x14 <- 0x0000000000000001
clint::tick mtime <- 0x0000000000000003
 clint timer pending at mtime 0x0000000000000003
htif::tick 0x0000000000000000
mem[X,0x0000000080000654] -> 0x1713
mem[X,0x0000000080000656] -> 0x0117
[300] [M]: 0x0000000080000654 (0x01171713) slli a4, a4, 17
x14 <- 0x0000000000020000
mem[X,0x0000000080000658] -> 0xA809
[301] [M]: 0x0000000080000658 (0xA809) c.j 9
mem[X,0x000000008000066A] -> 0xDB6D
[302] [M]: 0x000000008000066A (0xDB6D) c.beqz a4, 249
mem[X,0x000000008000066C] -> 0x0113
mem[X,0x000000008000066E] -> 0x0021
[303] [M]: 0x000000008000066C (0x00210113) addi sp, sp, 2
x2 <- 0xFF76DF56FF76DF63
mem[X,0x0000000080000670] -> 0x006F
mem[X,0x0000000080000672] -> 0x0060
[304] [M]: 0x0000000080000670 (0x0060006F) jal zero, 6
mem[X,0x0000000080000676] -> 0xB423
mem[X,0x0000000080000678] -> 0x0220
[305] [M]: 0x0000000080000676 (0x0220B423) sd sp, 40(ra)
mem[0x0000000080006140] <- 0xFF76DF56FF76DF63
mem[X,0x000000008000067A] -> 0x0413
mem[X,0x000000008000067C] -> 0x0000
[306] [M]: 0x000000008000067A (0x00000413) addi fp, zero, 0
x8 <- 0x0000000000000000
mem[X,0x000000008000067E] -> 0xA051
[307] [M]: 0x000000008000067E (0xA051) c.j 66
mem[X,0x0000000080000702] -> 0xD041
[308] [M]: 0x0000000080000702 (0xD041) c.beqz s0, 192
mem[X,0x0000000080000682] -> 0x0113
mem[X,0x0000000080000684] -> 0x0011
[309] [M]: 0x0000000080000682 (0x00110113) addi sp, sp, 1
x2 <- 0xFF76DF56FF76DF64
mem[X,0x0000000080000686] -> 0x006F
mem[X,0x0000000080000688] -> 0x0880
[310] [M]: 0x0000000080000686 (0x0880006F) jal zero, 136
mem[X,0x000000008000070E] -> 0xB823
mem[X,0x0000000080000710] -> 0x0220
[311] [M]: 0x000000008000070E (0x0220B823) sd sp, 48(ra)
mem[0x0000000080006148] <- 0xFF76DF56FF76DF64
mem[X,0x0000000080000712] -> 0x0493
mem[X,0x0000000080000714] -> 0x0020
[312] [M]: 0x0000000080000712 (0x00200493) addi s1, zero, 2
x9 <- 0x0000000000000002
mem[X,0x0000000080000716] -> 0xA809
[313] [M]: 0x0000000080000716 (0xA809) c.j 9
mem[X,0x0000000080000728] -> 0xD8ED
[314] [M]: 0x0000000080000728 (0xD8ED) c.beqz s1, 249
mem[X,0x000000008000072A] -> 0x0113
mem[X,0x000000008000072C] -> 0x0021
[315] [M]: 0x000000008000072A (0x00210113) addi sp, sp, 2
x2 <- 0xFF76DF56FF76DF66
mem[X,0x000000008000072E] -> 0x006F
mem[X,0x0000000080000730] -> 0x0060
[316] [M]: 0x000000008000072E (0x0060006F) jal zero, 6
mem[X,0x0000000080000734] -> 0xBC23
mem[X,0x0000000080000736] -> 0x0220
[317] [M]: 0x0000000080000734 (0x0220BC23) sd sp, 56(ra)
mem[0x0000000080006150] <- 0xFF76DF56FF76DF66
mem[X,0x0000000080000738] -> 0x0513
mem[X,0x000000008000073A] -> 0x0040
[318] [M]: 0x0000000080000738 (0x00400513) addi a0, zero, 4
x10 <- 0x0000000000000004
mem[X,0x000000008000073C] -> 0xA031
[319] [M]: 0x000000008000073C (0xA031) c.j 6
mem[X,0x0000000080000748] -> 0xC509
[320] [M]: 0x0000000080000748 (0xC509) c.beqz a0, 5
mem[X,0x000000008000074A] -> 0x0113
mem[X,0x000000008000074C] -> 0x0021
[321] [M]: 0x000000008000074A (0x00210113) addi sp, sp, 2
x2 <- 0xFF76DF56FF76DF68
mem[X,0x000000008000074E] -> 0x006F
mem[X,0x0000000080000750] -> 0x0060
[322] [M]: 0x000000008000074E (0x0060006F) jal zero, 6
mem[X,0x0000000080000754] -> 0xB023
mem[X,0x0000000080000756] -> 0x0420
[323] [M]: 0x0000000080000754 (0x0420B023) sd sp, 64(ra)
mem[0x0000000080006158] <- 0xFF76DF56FF76DF68
mem[X,0x0000000080000758] -> 0x0513
mem[X,0x000000008000075A] -> 0x0080
[324] [M]: 0x0000000080000758 (0x00800513) addi a0, zero, 8
x10 <- 0x0000000000000008
mem[X,0x000000008000075C] -> 0xA031
[325] [M]: 0x000000008000075C (0xA031) c.j 6
mem[X,0x0000000080000768] -> 0xC509
[326] [M]: 0x0000000080000768 (0xC509) c.beqz a0, 5
mem[X,0x000000008000076A] -> 0x0113
mem[X,0x000000008000076C] -> 0x0021
[327] [M]: 0x000000008000076A (0x00210113) addi sp, sp, 2
x2 <- 0xFF76DF56FF76DF6A
mem[X,0x000000008000076E] -> 0x006F
mem[X,0x0000000080000770] -> 0x0060
[328] [M]: 0x000000008000076E (0x0060006F) jal zero, 6
mem[X,0x0000000080000774] -> 0xB423
mem[X,0x0000000080000776] -> 0x0420
[329] [M]: 0x0000000080000774 (0x0420B423) sd sp, 72(ra)
mem[0x0000000080006160] <- 0xFF76DF56FF76DF6A
mem[X,0x0000000080000778] -> 0x0513
mem[X,0x000000008000077A] -> 0x0100
[330] [M]: 0x0000000080000778 (0x01000513) addi a0, zero, 16
x10 <- 0x0000000000000010
mem[X,0x000000008000077C] -> 0xA845
[331] [M]: 0x000000008000077C (0xA845) c.j 88
mem[X,0x000000008000082C] -> 0xD931
[332] [M]: 0x000000008000082C (0xD931) c.beqz a0, 170
mem[X,0x000000008000082E] -> 0x0113
mem[X,0x0000000080000830] -> 0x0021
[333] [M]: 0x000000008000082E (0x00210113) addi sp, sp, 2
x2 <- 0xFF76DF56FF76DF6C
mem[X,0x0000000080000832] -> 0x006F
mem[X,0x0000000080000834] -> 0x0060
[334] [M]: 0x0000000080000832 (0x0060006F) jal zero, 6
mem[X,0x0000000080000838] -> 0xB823
mem[X,0x000000008000083A] -> 0x0420
[335] [M]: 0x0000000080000838 (0x0420B823) sd sp, 80(ra)
mem[0x0000000080006168] <- 0xFF76DF56FF76DF6C
mem[X,0x000000008000083C] -> 0x0513
mem[X,0x000000008000083E] -> 0x0200
[336] [M]: 0x000000008000083C (0x02000513) addi a0, zero, 32
x10 <- 0x0000000000000020
mem[X,0x0000000080000840] -> 0xA031
[337] [M]: 0x0000000080000840 (0xA031) c.j 6
mem[X,0x000000008000084C] -> 0xC901
[338] [M]: 0x000000008000084C (0xC901) c.beqz a0, 8
mem[X,0x000000008000084E] -> 0x0113
mem[X,0x0000000080000850] -> 0x0021
[339] [M]: 0x000000008000084E (0x00210113) addi sp, sp, 2
x2 <- 0xFF76DF56FF76DF6E
mem[X,0x0000000080000852] -> 0x006F
mem[X,0x0000000080000854] -> 0x00C0
[340] [M]: 0x0000000080000852 (0x00C0006F) jal zero, 12
mem[X,0x000000008000085E] -> 0xBC23
mem[X,0x0000000080000860] -> 0x0420
[341] [M]: 0x000000008000085E (0x0420BC23) sd sp, 88(ra)
mem[0x0000000080006170] <- 0xFF76DF56FF76DF6E
mem[X,0x0000000080000862] -> 0x0513
mem[X,0x0000000080000864] -> 0x0400
[342] [M]: 0x0000000080000862 (0x04000513) addi a0, zero, 64
x10 <- 0x0000000000000040
mem[X,0x0000000080000866] -> 0xA059
[343] [M]: 0x0000000080000866 (0xA059) c.j 67
mem[X,0x00000000800008EC] -> 0xDD3D
[344] [M]: 0x00000000800008EC (0xDD3D) c.beqz a0, 191
mem[X,0x00000000800008EE] -> 0x0113
mem[X,0x00000000800008F0] -> 0x0021
[345] [M]: 0x00000000800008EE (0x00210113) addi sp, sp, 2
x2 <- 0xFF76DF56FF76DF70
mem[X,0x00000000800008F2] -> 0x006F
mem[X,0x00000000800008F4] -> 0x0060
[346] [M]: 0x00000000800008F2 (0x0060006F) jal zero, 6
mem[X,0x00000000800008F8] -> 0xB023
mem[X,0x00000000800008FA] -> 0x0620
[347] [M]: 0x00000000800008F8 (0x0620B023) sd sp, 96(ra)
mem[0x0000000080006178] <- 0xFF76DF56FF76DF70
mem[X,0x00000000800008FC] -> 0x0513
mem[X,0x00000000800008FE] -> 0x0800
[348] [M]: 0x00000000800008FC (0x08000513) addi a0, zero, 128
x10 <- 0x0000000000000080
mem[X,0x0000000080000900] -> 0xA031
[349] [M]: 0x0000000080000900 (0xA031) c.j 6
mem[X,0x000000008000090C] -> 0xDD65
[350] [M]: 0x000000008000090C (0xDD65) c.beqz a0, 252
mem[X,0x000000008000090E] -> 0x0113
mem[X,0x0000000080000910] -> 0x0021
[351] [M]: 0x000000008000090E (0x00210113) addi sp, sp, 2
x2 <- 0xFF76DF56FF76DF72
mem[X,0x0000000080000912] -> 0x006F
mem[X,0x0000000080000914] -> 0x0060
[352] [M]: 0x0000000080000912 (0x0060006F) jal zero, 6
mem[X,0x0000000080000918] -> 0xB423
mem[X,0x000000008000091A] -> 0x0620
[353] [M]: 0x0000000080000918 (0x0620B423) sd sp, 104(ra)
mem[0x0000000080006180] <- 0xFF76DF56FF76DF72
mem[X,0x000000008000091C] -> 0x0513
mem[X,0x000000008000091E] -> 0x1000
[354] [M]: 0x000000008000091C (0x10000513) addi a0, zero, 256
x10 <- 0x0000000000000100
mem[X,0x0000000080000920] -> 0xA031
[355] [M]: 0x0000000080000920 (0xA031) c.j 6
mem[X,0x000000008000092C] -> 0xC105
[356] [M]: 0x000000008000092C (0xC105) c.beqz a0, 16
mem[X,0x000000008000092E] -> 0x0113
mem[X,0x0000000080000930] -> 0x0021
[357] [M]: 0x000000008000092E (0x00210113) addi sp, sp, 2
x2 <- 0xFF76DF56FF76DF74
mem[X,0x0000000080000932] -> 0x006F
mem[X,0x0000000080000934] -> 0x01C0
[358] [M]: 0x0000000080000932 (0x01C0006F) jal zero, 28
mem[X,0x000000008000094E] -> 0xB823
mem[X,0x0000000080000950] -> 0x0620
[359] [M]: 0x000000008000094E (0x0620B823) sd sp, 112(ra)
mem[0x0000000080006188] <- 0xFF76DF56FF76DF74
mem[X,0x0000000080000952] -> 0x0513
mem[X,0x0000000080000954] -> 0x2000
[360] [M]: 0x0000000080000952 (0x20000513) addi a0, zero, 512
x10 <- 0x0000000000000200
mem[X,0x0000000080000956] -> 0xA031
[361] [M]: 0x0000000080000956 (0xA031) c.j 6
mem[X,0x0000000080000962] -> 0xDD65
[362] [M]: 0x0000000080000962 (0xDD65) c.beqz a0, 252
mem[X,0x0000000080000964] -> 0x0113
mem[X,0x0000000080000966] -> 0x0021
[363] [M]: 0x0000000080000964 (0x00210113) addi sp, sp, 2
x2 <- 0xFF76DF56FF76DF76
mem[X,0x0000000080000968] -> 0x006F
mem[X,0x000000008000096A] -> 0x0060
[364] [M]: 0x0000000080000968 (0x0060006F) jal zero, 6
mem[X,0x000000008000096E] -> 0xBC23
mem[X,0x0000000080000970] -> 0x0620
[365] [M]: 0x000000008000096E (0x0620BC23) sd sp, 120(ra)
mem[0x0000000080006190] <- 0xFF76DF56FF76DF76
mem[X,0x0000000080000972] -> 0x0513
mem[X,0x0000000080000974] -> 0x4000
[366] [M]: 0x0000000080000972 (0x40000513) addi a0, zero, 1024
x10 <- 0x0000000000000400
mem[X,0x0000000080000976] -> 0xA031
[367] [M]: 0x0000000080000976 (0xA031) c.j 6
mem[X,0x0000000080000982] -> 0xC509
[368] [M]: 0x0000000080000982 (0xC509) c.beqz a0, 5
mem[X,0x0000000080000984] -> 0x0113
mem[X,0x0000000080000986] -> 0x0021
[369] [M]: 0x0000000080000984 (0x00210113) addi sp, sp, 2
x2 <- 0xFF76DF56FF76DF78
mem[X,0x0000000080000988] -> 0x006F
mem[X,0x000000008000098A] -> 0x0060
[370] [M]: 0x0000000080000988 (0x0060006F) jal zero, 6
mem[X,0x000000008000098E] -> 0xB023
mem[X,0x0000000080000990] -> 0x0820
[371] [M]: 0x000000008000098E (0x0820B023) sd sp, 128(ra)
mem[0x0000000080006198] <- 0xFF76DF56FF76DF78
mem[X,0x0000000080000992] -> 0x0513
mem[X,0x0000000080000994] -> 0x0010
[372] [M]: 0x0000000080000992 (0x00100513) addi a0, zero, 1
x10 <- 0x0000000000000001
mem[X,0x0000000080000996] -> 0x1513
mem[X,0x0000000080000998] -> 0x00B5
[373] [M]: 0x0000000080000996 (0x00B51513) slli a0, a0, 11
x10 <- 0x0000000000000800
mem[X,0x000000008000099A] -> 0xA809
[374] [M]: 0x000000008000099A (0xA809) c.j 9
mem[X,0x00000000800009AC] -> 0xD96D
[375] [M]: 0x00000000800009AC (0xD96D) c.beqz a0, 249
mem[X,0x00000000800009AE] -> 0x0113
mem[X,0x00000000800009B0] -> 0x0021
[376] [M]: 0x00000000800009AE (0x00210113) addi sp, sp, 2
x2 <- 0xFF76DF56FF76DF7A
mem[X,0x00000000800009B2] -> 0x006F
mem[X,0x00000000800009B4] -> 0x0060
[377] [M]: 0x00000000800009B2 (0x0060006F) jal zero, 6
mem[X,0x00000000800009B8] -> 0xB423
mem[X,0x00000000800009BA] -> 0x0820
[378] [M]: 0x00000000800009B8 (0x0820B423) sd sp, 136(ra)
mem[0x00000000800061A0] <- 0xFF76DF56FF76DF7A
mem[X,0x00000000800009BC] -> 0x0513
mem[X,0x00000000800009BE] -> 0x0010
[379] [M]: 0x00000000800009BC (0x00100513) addi a0, zero, 1
x10 <- 0x0000000000000001
mem[X,0x00000000800009C0] -> 0x1513
mem[X,0x00000000800009C2] -> 0x00C5
[380] [M]: 0x00000000800009C0 (0x00C51513) slli a0, a0, 12
x10 <- 0x0000000000001000
mem[X,0x00000000800009C4] -> 0xA031
[381] [M]: 0x00000000800009C4 (0xA031) c.j 6
mem[X,0x00000000800009D0] -> 0xC909
[382] [M]: 0x00000000800009D0 (0xC909) c.beqz a0, 9
mem[X,0x00000000800009D2] -> 0x0113
mem[X,0x00000000800009D4] -> 0x0021
[383] [M]: 0x00000000800009D2 (0x00210113) addi sp, sp, 2
x2 <- 0xFF76DF56FF76DF7C
mem[X,0x00000000800009D6] -> 0x006F
mem[X,0x00000000800009D8] -> 0x00E0
[384] [M]: 0x00000000800009D6 (0x00E0006F) jal zero, 14
mem[X,0x00000000800009E4] -> 0xB823
mem[X,0x00000000800009E6] -> 0x0820
[385] [M]: 0x00000000800009E4 (0x0820B823) sd sp, 144(ra)
mem[0x00000000800061A8] <- 0xFF76DF56FF76DF7C
mem[X,0x00000000800009E8] -> 0x0513
mem[X,0x00000000800009EA] -> 0x0010
[386] [M]: 0x00000000800009E8 (0x00100513) addi a0, zero, 1
x10 <- 0x0000000000000001
mem[X,0x00000000800009EC] -> 0x1513
mem[X,0x00000000800009EE] -> 0x00D5
[387] [M]: 0x00000000800009EC (0x00D51513) slli a0, a0, 13
x10 <- 0x0000000000002000
mem[X,0x00000000800009F0] -> 0xA845
[388] [M]: 0x00000000800009F0 (0xA845) c.j 88
mem[X,0x0000000080000AA0] -> 0xD931
[389] [M]: 0x0000000080000AA0 (0xD931) c.beqz a0, 170
mem[X,0x0000000080000AA2] -> 0x0113
mem[X,0x0000000080000AA4] -> 0x0021
[390] [M]: 0x0000000080000AA2 (0x00210113) addi sp, sp, 2
x2 <- 0xFF76DF56FF76DF7E
mem[X,0x0000000080000AA6] -> 0x006F
mem[X,0x0000000080000AA8] -> 0x0060
[391] [M]: 0x0000000080000AA6 (0x0060006F) jal zero, 6
mem[X,0x0000000080000AAC] -> 0xBC23
mem[X,0x0000000080000AAE] -> 0x0820
[392] [M]: 0x0000000080000AAC (0x0820BC23) sd sp, 152(ra)
mem[0x00000000800061B0] <- 0xFF76DF56FF76DF7E
mem[X,0x0000000080000AB0] -> 0x0513
mem[X,0x0000000080000AB2] -> 0x0010
[393] [M]: 0x0000000080000AB0 (0x00100513) addi a0, zero, 1
x10 <- 0x0000000000000001
mem[X,0x0000000080000AB4] -> 0x1513
mem[X,0x0000000080000AB6] -> 0x00E5
[394] [M]: 0x0000000080000AB4 (0x00E51513) slli a0, a0, 14
x10 <- 0x0000000000004000
mem[X,0x0000000080000AB8] -> 0xA031
[395] [M]: 0x0000000080000AB8 (0xA031) c.j 6
mem[X,0x0000000080000AC4] -> 0xC509
[396] [M]: 0x0000000080000AC4 (0xC509) c.beqz a0, 5
mem[X,0x0000000080000AC6] -> 0x0113
mem[X,0x0000000080000AC8] -> 0x0021
[397] [M]: 0x0000000080000AC6 (0x00210113) addi sp, sp, 2
x2 <- 0xFF76DF56FF76DF80
mem[X,0x0000000080000ACA] -> 0x006F
mem[X,0x0000000080000ACC] -> 0x0060
[398] [M]: 0x0000000080000ACA (0x0060006F) jal zero, 6
mem[X,0x0000000080000AD0] -> 0xB023
mem[X,0x0000000080000AD2] -> 0x0A20
[399] [M]: 0x0000000080000AD0 (0x0A20B023) sd sp, 160(ra)
mem[0x00000000800061B8] <- 0xFF76DF56FF76DF80
clint::tick mtime <- 0x0000000000000004
 clint timer pending at mtime 0x0000000000000004
htif::tick 0x0000000000000000
mem[X,0x0000000080000AD4] -> 0x0513
mem[X,0x0000000080000AD6] -> 0x0010
[400] [M]: 0x0000000080000AD4 (0x00100513) addi a0, zero, 1
x10 <- 0x0000000000000001
mem[X,0x0000000080000AD8] -> 0x1513
mem[X,0x0000000080000ADA] -> 0x00F5
[401] [M]: 0x0000000080000AD8 (0x00F51513) slli a0, a0, 15
x10 <- 0x0000000000008000
mem[X,0x0000000080000ADC] -> 0xA031
[402] [M]: 0x0000000080000ADC (0xA031) c.j 6
mem[X,0x0000000080000AE8] -> 0xDD65
[403] [M]: 0x0000000080000AE8 (0xDD65) c.beqz a0, 252
mem[X,0x0000000080000AEA] -> 0x0113
mem[X,0x0000000080000AEC] -> 0x0021
[404] [M]: 0x0000000080000AEA (0x00210113) addi sp, sp, 2
x2 <- 0xFF76DF56FF76DF82
mem[X,0x0000000080000AEE] -> 0x006F
mem[X,0x0000000080000AF0] -> 0x0060
[405] [M]: 0x0000000080000AEE (0x0060006F) jal zero, 6
mem[X,0x0000000080000AF4] -> 0xB423
mem[X,0x0000000080000AF6] -> 0x0A20
[406] [M]: 0x0000000080000AF4 (0x0A20B423) sd sp, 168(ra)
mem[0x00000000800061C0] <- 0xFF76DF56FF76DF82
mem[X,0x0000000080000AF8] -> 0x0513
mem[X,0x0000000080000AFA] -> 0x0010
[407] [M]: 0x0000000080000AF8 (0x00100513) addi a0, zero, 1
x10 <- 0x0000000000000001
mem[X,0x0000000080000AFC] -> 0x1513
mem[X,0x0000000080000AFE] -> 0x0105
[408] [M]: 0x0000000080000AFC (0x01051513) slli a0, a0, 16
x10 <- 0x0000000000010000
mem[X,0x0000000080000B00] -> 0xA801
[409] [M]: 0x0000000080000B00 (0xA801) c.j 8
mem[X,0x0000000080000B10] -> 0xD975
[410] [M]: 0x0000000080000B10 (0xD975) c.beqz a0, 250
mem[X,0x0000000080000B12] -> 0x0113
mem[X,0x0000000080000B14] -> 0x0021
[411] [M]: 0x0000000080000B12 (0x00210113) addi sp, sp, 2
x2 <- 0xFF76DF56FF76DF84
mem[X,0x0000000080000B16] -> 0x006F
mem[X,0x0000000080000B18] -> 0x0060
[412] [M]: 0x0000000080000B16 (0x0060006F) jal zero, 6
mem[X,0x0000000080000B1C] -> 0xB823
mem[X,0x0000000080000B1E] -> 0x0A20
[413] [M]: 0x0000000080000B1C (0x0A20B823) sd sp, 176(ra)
mem[0x00000000800061C8] <- 0xFF76DF56FF76DF84
mem[X,0x0000000080000B20] -> 0x0513
mem[X,0x0000000080000B22] -> 0x0010
[414] [M]: 0x0000000080000B20 (0x00100513) addi a0, zero, 1
x10 <- 0x0000000000000001
mem[X,0x0000000080000B24] -> 0x1513
mem[X,0x0000000080000B26] -> 0x0125
[415] [M]: 0x0000000080000B24 (0x01251513) slli a0, a0, 18
x10 <- 0x0000000000040000
mem[X,0x0000000080000B28] -> 0xA031
[416] [M]: 0x0000000080000B28 (0xA031) c.j 6
mem[X,0x0000000080000B34] -> 0xDD65
[417] [M]: 0x0000000080000B34 (0xDD65) c.beqz a0, 252
mem[X,0x0000000080000B36] -> 0x0113
mem[X,0x0000000080000B38] -> 0x0021
[418] [M]: 0x0000000080000B36 (0x00210113) addi sp, sp, 2
x2 <- 0xFF76DF56FF76DF86
mem[X,0x0000000080000B3A] -> 0x006F
mem[X,0x0000000080000B3C] -> 0x0060
[419] [M]: 0x0000000080000B3A (0x0060006F) jal zero, 6
mem[X,0x0000000080000B40] -> 0xBC23
mem[X,0x0000000080000B42] -> 0x0A20
[420] [M]: 0x0000000080000B40 (0x0A20BC23) sd sp, 184(ra)
mem[0x00000000800061D0] <- 0xFF76DF56FF76DF86
mem[X,0x0000000080000B44] -> 0x0513
mem[X,0x0000000080000B46] -> 0x0010
[421] [M]: 0x0000000080000B44 (0x00100513) addi a0, zero, 1
x10 <- 0x0000000000000001
mem[X,0x0000000080000B48] -> 0x1513
mem[X,0x0000000080000B4A] -> 0x0135
[422] [M]: 0x0000000080000B48 (0x01351513) slli a0, a0, 19
x10 <- 0x0000000000080000
mem[X,0x0000000080000B4C] -> 0xA031
[423] [M]: 0x0000000080000B4C (0xA031) c.j 6
mem[X,0x0000000080000B58] -> 0xC105
[424] [M]: 0x0000000080000B58 (0xC105) c.beqz a0, 16
mem[X,0x0000000080000B5A] -> 0x0113
mem[X,0x0000000080000B5C] -> 0x0021
[425] [M]: 0x0000000080000B5A (0x00210113) addi sp, sp, 2
x2 <- 0xFF76DF56FF76DF88
mem[X,0x0000000080000B5E] -> 0x006F
mem[X,0x0000000080000B60] -> 0x01C0
[426] [M]: 0x0000000080000B5E (0x01C0006F) jal zero, 28
mem[X,0x0000000080000B7A] -> 0xB023
mem[X,0x0000000080000B7C] -> 0x0C20
[427] [M]: 0x0000000080000B7A (0x0C20B023) sd sp, 192(ra)
mem[0x00000000800061D8] <- 0xFF76DF56FF76DF88
mem[X,0x0000000080000B7E] -> 0x0513
mem[X,0x0000000080000B80] -> 0x0010
[428] [M]: 0x0000000080000B7E (0x00100513) addi a0, zero, 1
x10 <- 0x0000000000000001
mem[X,0x0000000080000B82] -> 0x1513
mem[X,0x0000000080000B84] -> 0x0145
[429] [M]: 0x0000000080000B82 (0x01451513) slli a0, a0, 20
x10 <- 0x0000000000100000
mem[X,0x0000000080000B86] -> 0xA811
[430] [M]: 0x0000000080000B86 (0xA811) c.j 10
mem[X,0x0000000080000B9A] -> 0xD965
[431] [M]: 0x0000000080000B9A (0xD965) c.beqz a0, 248
mem[X,0x0000000080000B9C] -> 0x0113
mem[X,0x0000000080000B9E] -> 0x0021
[432] [M]: 0x0000000080000B9C (0x00210113) addi sp, sp, 2
x2 <- 0xFF76DF56FF76DF8A
mem[X,0x0000000080000BA0] -> 0x006F
mem[X,0x0000000080000BA2] -> 0x0060
[433] [M]: 0x0000000080000BA0 (0x0060006F) jal zero, 6
mem[X,0x0000000080000BA6] -> 0xB423
mem[X,0x0000000080000BA8] -> 0x0C20
[434] [M]: 0x0000000080000BA6 (0x0C20B423) sd sp, 200(ra)
mem[0x00000000800061E0] <- 0xFF76DF56FF76DF8A
mem[X,0x0000000080000BAA] -> 0x0513
mem[X,0x0000000080000BAC] -> 0x0010
[435] [M]: 0x0000000080000BAA (0x00100513) addi a0, zero, 1
x10 <- 0x0000000000000001
mem[X,0x0000000080000BAE] -> 0x1513
mem[X,0x0000000080000BB0] -> 0x0155
[436] [M]: 0x0000000080000BAE (0x01551513) slli a0, a0, 21
x10 <- 0x0000000000200000
mem[X,0x0000000080000BB2] -> 0xA099
[437] [M]: 0x0000000080000BB2 (0xA099) c.j 35
mem[X,0x0000000080000BF8] -> 0xDD5D
[438] [M]: 0x0000000080000BF8 (0xDD5D) c.beqz a0, 223
mem[X,0x0000000080000BFA] -> 0x0113
mem[X,0x0000000080000BFC] -> 0x0021
[439] [M]: 0x0000000080000BFA (0x00210113) addi sp, sp, 2
x2 <- 0xFF76DF56FF76DF8C
mem[X,0x0000000080000BFE] -> 0x006F
mem[X,0x0000000080000C00] -> 0x0060
[440] [M]: 0x0000000080000BFE (0x0060006F) jal zero, 6
mem[X,0x0000000080000C04] -> 0xB823
mem[X,0x0000000080000C06] -> 0x0C20
[441] [M]: 0x0000000080000C04 (0x0C20B823) sd sp, 208(ra)
mem[0x00000000800061E8] <- 0xFF76DF56FF76DF8C
mem[X,0x0000000080000C08] -> 0x0513
mem[X,0x0000000080000C0A] -> 0x0010
[442] [M]: 0x0000000080000C08 (0x00100513) addi a0, zero, 1
x10 <- 0x0000000000000001
mem[X,0x0000000080000C0C] -> 0x1513
mem[X,0x0000000080000C0E] -> 0x0165
[443] [M]: 0x0000000080000C0C (0x01651513) slli a0, a0, 22
x10 <- 0x0000000000400000
mem[X,0x0000000080000C10] -> 0xA059
[444] [M]: 0x0000000080000C10 (0xA059) c.j 67
mem[X,0x0000000080000C96] -> 0xDD3D
[445] [M]: 0x0000000080000C96 (0xDD3D) c.beqz a0, 191
mem[X,0x0000000080000C98] -> 0x0113
mem[X,0x0000000080000C9A] -> 0x0021
[446] [M]: 0x0000000080000C98 (0x00210113) addi sp, sp, 2
x2 <- 0xFF76DF56FF76DF8E
mem[X,0x0000000080000C9C] -> 0x006F
mem[X,0x0000000080000C9E] -> 0x0060
[447] [M]: 0x0000000080000C9C (0x0060006F) jal zero, 6
mem[X,0x0000000080000CA2] -> 0xBC23
mem[X,0x0000000080000CA4] -> 0x0C20
[448] [M]: 0x0000000080000CA2 (0x0C20BC23) sd sp, 216(ra)
mem[0x00000000800061F0] <- 0xFF76DF56FF76DF8E
mem[X,0x0000000080000CA6] -> 0x0513
mem[X,0x0000000080000CA8] -> 0x0010
[449] [M]: 0x0000000080000CA6 (0x00100513) addi a0, zero, 1
x10 <- 0x0000000000000001
mem[X,0x0000000080000CAA] -> 0x1513
mem[X,0x0000000080000CAC] -> 0x0175
[450] [M]: 0x0000000080000CAA (0x01751513) slli a0, a0, 23
x10 <- 0x0000000000800000
mem[X,0x0000000080000CAE] -> 0xA031
[451] [M]: 0x0000000080000CAE (0xA031) c.j 6
mem[X,0x0000000080000CBA] -> 0xC901
[452] [M]: 0x0000000080000CBA (0xC901) c.beqz a0, 8
mem[X,0x0000000080000CBC] -> 0x0113
mem[X,0x0000000080000CBE] -> 0x0021
[453] [M]: 0x0000000080000CBC (0x00210113) addi sp, sp, 2
x2 <- 0xFF76DF56FF76DF90
mem[X,0x0000000080000CC0] -> 0x006F
mem[X,0x0000000080000CC2] -> 0x00C0
[454] [M]: 0x0000000080000CC0 (0x00C0006F) jal zero, 12
mem[X,0x0000000080000CCC] -> 0xB023
mem[X,0x0000000080000CCE] -> 0x0E20
[455] [M]: 0x0000000080000CCC (0x0E20B023) sd sp, 224(ra)
mem[0x00000000800061F8] <- 0xFF76DF56FF76DF90
mem[X,0x0000000080000CD0] -> 0x0513
mem[X,0x0000000080000CD2] -> 0x0010
[456] [M]: 0x0000000080000CD0 (0x00100513) addi a0, zero, 1
x10 <- 0x0000000000000001
mem[X,0x0000000080000CD4] -> 0x1513
mem[X,0x0000000080000CD6] -> 0x0185
[457] [M]: 0x0000000080000CD4 (0x01851513) slli a0, a0, 24
x10 <- 0x0000000001000000
mem[X,0x0000000080000CD8] -> 0xA845
[458] [M]: 0x0000000080000CD8 (0xA845) c.j 88
mem[X,0x0000000080000D88] -> 0xD931
[459] [M]: 0x0000000080000D88 (0xD931) c.beqz a0, 170
mem[X,0x0000000080000D8A] -> 0x0113
mem[X,0x0000000080000D8C] -> 0x0021
[460] [M]: 0x0000000080000D8A (0x00210113) addi sp, sp, 2
x2 <- 0xFF76DF56FF76DF92
mem[X,0x0000000080000D8E] -> 0x006F
mem[X,0x0000000080000D90] -> 0x0060
[461] [M]: 0x0000000080000D8E (0x0060006F) jal zero, 6
mem[X,0x0000000080000D94] -> 0xB423
mem[X,0x0000000080000D96] -> 0x0E20
[462] [M]: 0x0000000080000D94 (0x0E20B423) sd sp, 232(ra)
mem[0x0000000080006200] <- 0xFF76DF56FF76DF92
mem[X,0x0000000080000D98] -> 0x0513
mem[X,0x0000000080000D9A] -> 0x0010
[463] [M]: 0x0000000080000D98 (0x00100513) addi a0, zero, 1
x10 <- 0x0000000000000001
mem[X,0x0000000080000D9C] -> 0x1513
mem[X,0x0000000080000D9E] -> 0x0195
[464] [M]: 0x0000000080000D9C (0x01951513) slli a0, a0, 25
x10 <- 0x0000000002000000
mem[X,0x0000000080000DA0] -> 0xA099
[465] [M]: 0x0000000080000DA0 (0xA099) c.j 35
mem[X,0x0000000080000DE6] -> 0xDD5D
[466] [M]: 0x0000000080000DE6 (0xDD5D) c.beqz a0, 223
mem[X,0x0000000080000DE8] -> 0x0113
mem[X,0x0000000080000DEA] -> 0x0021
[467] [M]: 0x0000000080000DE8 (0x00210113) addi sp, sp, 2
x2 <- 0xFF76DF56FF76DF94
mem[X,0x0000000080000DEC] -> 0x006F
mem[X,0x0000000080000DEE] -> 0x0060
[468] [M]: 0x0000000080000DEC (0x0060006F) jal zero, 6
mem[X,0x0000000080000DF2] -> 0xB823
mem[X,0x0000000080000DF4] -> 0x0E20
[469] [M]: 0x0000000080000DF2 (0x0E20B823) sd sp, 240(ra)
mem[0x0000000080006208] <- 0xFF76DF56FF76DF94
mem[X,0x0000000080000DF6] -> 0x0513
mem[X,0x0000000080000DF8] -> 0x0010
[470] [M]: 0x0000000080000DF6 (0x00100513) addi a0, zero, 1
x10 <- 0x0000000000000001
mem[X,0x0000000080000DFA] -> 0x1513
mem[X,0x0000000080000DFC] -> 0x01A5
[471] [M]: 0x0000000080000DFA (0x01A51513) slli a0, a0, 26
x10 <- 0x0000000004000000
mem[X,0x0000000080000DFE] -> 0xA031
[472] [M]: 0x0000000080000DFE (0xA031) c.j 6
mem[X,0x0000000080000E0A] -> 0xC509
[473] [M]: 0x0000000080000E0A (0xC509) c.beqz a0, 5
mem[X,0x0000000080000E0C] -> 0x0113
mem[X,0x0000000080000E0E] -> 0x0021
[474] [M]: 0x0000000080000E0C (0x00210113) addi sp, sp, 2
x2 <- 0xFF76DF56FF76DF96
mem[X,0x0000000080000E10] -> 0x006F
mem[X,0x0000000080000E12] -> 0x0060
[475] [M]: 0x0000000080000E10 (0x0060006F) jal zero, 6
mem[X,0x0000000080000E16] -> 0xBC23
mem[X,0x0000000080000E18] -> 0x0E20
[476] [M]: 0x0000000080000E16 (0x0E20BC23) sd sp, 248(ra)
mem[0x0000000080006210] <- 0xFF76DF56FF76DF96
mem[X,0x0000000080000E1A] -> 0x0513
mem[X,0x0000000080000E1C] -> 0x0010
[477] [M]: 0x0000000080000E1A (0x00100513) addi a0, zero, 1
x10 <- 0x0000000000000001
mem[X,0x0000000080000E1E] -> 0x1513
mem[X,0x0000000080000E20] -> 0x01B5
[478] [M]: 0x0000000080000E1E (0x01B51513) slli a0, a0, 27
x10 <- 0x0000000008000000
mem[X,0x0000000080000E22] -> 0xA051
[479] [M]: 0x0000000080000E22 (0xA051) c.j 66
mem[X,0x0000000080000EA6] -> 0xD141
[480] [M]: 0x0000000080000EA6 (0xD141) c.beqz a0, 192
mem[X,0x0000000080000EA8] -> 0x0113
mem[X,0x0000000080000EAA] -> 0x0021
[481] [M]: 0x0000000080000EA8 (0x00210113) addi sp, sp, 2
x2 <- 0xFF76DF56FF76DF98
mem[X,0x0000000080000EAC] -> 0x006F
mem[X,0x0000000080000EAE] -> 0x0060
[482] [M]: 0x0000000080000EAC (0x0060006F) jal zero, 6
mem[X,0x0000000080000EB2] -> 0xB023
mem[X,0x0000000080000EB4] -> 0x1020
[483] [M]: 0x0000000080000EB2 (0x1020B023) sd sp, 256(ra)
mem[0x0000000080006218] <- 0xFF76DF56FF76DF98
mem[X,0x0000000080000EB6] -> 0x0513
mem[X,0x0000000080000EB8] -> 0x0010
[484] [M]: 0x0000000080000EB6 (0x00100513) addi a0, zero, 1
x10 <- 0x0000000000000001
mem[X,0x0000000080000EBA] -> 0x1513
mem[X,0x0000000080000EBC] -> 0x01C5
[485] [M]: 0x0000000080000EBA (0x01C51513) slli a0, a0, 28
x10 <- 0x0000000010000000
mem[X,0x0000000080000EBE] -> 0xA031
[486] [M]: 0x0000000080000EBE (0xA031) c.j 6
mem[X,0x0000000080000ECA] -> 0xC909
[487] [M]: 0x0000000080000ECA (0xC909) c.beqz a0, 9
mem[X,0x0000000080000ECC] -> 0x0113
mem[X,0x0000000080000ECE] -> 0x0021
[488] [M]: 0x0000000080000ECC (0x00210113) addi sp, sp, 2
x2 <- 0xFF76DF56FF76DF9A
mem[X,0x0000000080000ED0] -> 0x006F
mem[X,0x0000000080000ED2] -> 0x00E0
[489] [M]: 0x0000000080000ED0 (0x00E0006F) jal zero, 14
mem[X,0x0000000080000EDE] -> 0xB423
mem[X,0x0000000080000EE0] -> 0x1020
[490] [M]: 0x0000000080000EDE (0x1020B423) sd sp, 264(ra)
mem[0x0000000080006220] <- 0xFF76DF56FF76DF9A
mem[X,0x0000000080000EE2] -> 0x0513
mem[X,0x0000000080000EE4] -> 0x0010
[491] [M]: 0x0000000080000EE2 (0x00100513) addi a0, zero, 1
x10 <- 0x0000000000000001
mem[X,0x0000000080000EE6] -> 0x1513
mem[X,0x0000000080000EE8] -> 0x01D5
[492] [M]: 0x0000000080000EE6 (0x01D51513) slli a0, a0, 29
x10 <- 0x0000000020000000
mem[X,0x0000000080000EEA] -> 0xA099
[493] [M]: 0x0000000080000EEA (0xA099) c.j 35
mem[X,0x0000000080000F30] -> 0xDD5D
[494] [M]: 0x0000000080000F30 (0xDD5D) c.beqz a0, 223
mem[X,0x0000000080000F32] -> 0x0113
mem[X,0x0000000080000F34] -> 0x0021
[495] [M]: 0x0000000080000F32 (0x00210113) addi sp, sp, 2
x2 <- 0xFF76DF56FF76DF9C
mem[X,0x0000000080000F36] -> 0x006F
mem[X,0x0000000080000F38] -> 0x0060
[496] [M]: 0x0000000080000F36 (0x0060006F) jal zero, 6
mem[X,0x0000000080000F3C] -> 0xB823
mem[X,0x0000000080000F3E] -> 0x1020
[497] [M]: 0x0000000080000F3C (0x1020B823) sd sp, 272(ra)
mem[0x0000000080006228] <- 0xFF76DF56FF76DF9C
mem[X,0x0000000080000F40] -> 0x0513
mem[X,0x0000000080000F42] -> 0x0010
[498] [M]: 0x0000000080000F40 (0x00100513) addi a0, zero, 1
x10 <- 0x0000000000000001
mem[X,0x0000000080000F44] -> 0x1513
mem[X,0x0000000080000F46] -> 0x01E5
[499] [M]: 0x0000000080000F44 (0x01E51513) slli a0, a0, 30
x10 <- 0x0000000040000000
clint::tick mtime <- 0x0000000000000005
 clint timer pending at mtime 0x0000000000000005
htif::tick 0x0000000000000000
mem[X,0x0000000080000F48] -> 0xA809
[500] [M]: 0x0000000080000F48 (0xA809) c.j 9
mem[X,0x0000000080000F5A] -> 0xD96D
[501] [M]: 0x0000000080000F5A (0xD96D) c.beqz a0, 249
mem[X,0x0000000080000F5C] -> 0x0113
mem[X,0x0000000080000F5E] -> 0x0021
[502] [M]: 0x0000000080000F5C (0x00210113) addi sp, sp, 2
x2 <- 0xFF76DF56FF76DF9E
mem[X,0x0000000080000F60] -> 0x006F
mem[X,0x0000000080000F62] -> 0x0060
[503] [M]: 0x0000000080000F60 (0x0060006F) jal zero, 6
mem[X,0x0000000080000F66] -> 0xBC23
mem[X,0x0000000080000F68] -> 0x1020
[504] [M]: 0x0000000080000F66 (0x1020BC23) sd sp, 280(ra)
mem[0x0000000080006230] <- 0xFF76DF56FF76DF9E
mem[X,0x0000000080000F6A] -> 0x0513
mem[X,0x0000000080000F6C] -> 0x0010
[505] [M]: 0x0000000080000F6A (0x00100513) addi a0, zero, 1
x10 <- 0x0000000000000001
mem[X,0x0000000080000F6E] -> 0x1513
mem[X,0x0000000080000F70] -> 0x01F5
[506] [M]: 0x0000000080000F6E (0x01F51513) slli a0, a0, 31
x10 <- 0x0000000080000000
mem[X,0x0000000080000F72] -> 0xA819
[507] [M]: 0x0000000080000F72 (0xA819) c.j 11
mem[X,0x0000000080000F88] -> 0xD57D
[508] [M]: 0x0000000080000F88 (0xD57D) c.beqz a0, 247
mem[X,0x0000000080000F8A] -> 0x0113
mem[X,0x0000000080000F8C] -> 0x0021
[509] [M]: 0x0000000080000F8A (0x00210113) addi sp, sp, 2
x2 <- 0xFF76DF56FF76DFA0
mem[X,0x0000000080000F8E] -> 0x006F
mem[X,0x0000000080000F90] -> 0x0060
[510] [M]: 0x0000000080000F8E (0x0060006F) jal zero, 6
mem[X,0x0000000080000F94] -> 0xB023
mem[X,0x0000000080000F96] -> 0x1220
[511] [M]: 0x0000000080000F94 (0x1220B023) sd sp, 288(ra)
mem[0x0000000080006238] <- 0xFF76DF56FF76DFA0
mem[X,0x0000000080000F98] -> 0x0513
mem[X,0x0000000080000F9A] -> 0x0010
[512] [M]: 0x0000000080000F98 (0x00100513) addi a0, zero, 1
x10 <- 0x0000000000000001
mem[X,0x0000000080000F9C] -> 0x1513
mem[X,0x0000000080000F9E] -> 0x0205
[513] [M]: 0x0000000080000F9C (0x02051513) slli a0, a0, 32
x10 <- 0x0000000100000000
mem[X,0x0000000080000FA0] -> 0xA031
[514] [M]: 0x0000000080000FA0 (0xA031) c.j 6
mem[X,0x0000000080000FAC] -> 0xC54D
[515] [M]: 0x0000000080000FAC (0xC54D) c.beqz a0, 85
mem[X,0x0000000080000FAE] -> 0x0113
mem[X,0x0000000080000FB0] -> 0x0021
[516] [M]: 0x0000000080000FAE (0x00210113) addi sp, sp, 2
x2 <- 0xFF76DF56FF76DFA2
mem[X,0x0000000080000FB2] -> 0x006F
mem[X,0x0000000080000FB4] -> 0x0A60
[517] [M]: 0x0000000080000FB2 (0x0A60006F) jal zero, 166
mem[X,0x0000000080001058] -> 0xB423
mem[X,0x000000008000105A] -> 0x1220
[518] [M]: 0x0000000080001058 (0x1220B423) sd sp, 296(ra)
mem[0x0000000080006240] <- 0xFF76DF56FF76DFA2
mem[X,0x000000008000105C] -> 0x0513
mem[X,0x000000008000105E] -> 0x0010
[519] [M]: 0x000000008000105C (0x00100513) addi a0, zero, 1
x10 <- 0x0000000000000001
mem[X,0x0000000080001060] -> 0x1513
mem[X,0x0000000080001062] -> 0x0215
[520] [M]: 0x0000000080001060 (0x02151513) slli a0, a0, 33
x10 <- 0x0000000200000000
mem[X,0x0000000080001064] -> 0xA031
[521] [M]: 0x0000000080001064 (0xA031) c.j 6
mem[X,0x0000000080001070] -> 0xC901
[522] [M]: 0x0000000080001070 (0xC901) c.beqz a0, 8
mem[X,0x0000000080001072] -> 0x0113
mem[X,0x0000000080001074] -> 0x0021
[523] [M]: 0x0000000080001072 (0x00210113) addi sp, sp, 2
x2 <- 0xFF76DF56FF76DFA4
mem[X,0x0000000080001076] -> 0x006F
mem[X,0x0000000080001078] -> 0x00C0
[524] [M]: 0x0000000080001076 (0x00C0006F) jal zero, 12
mem[X,0x0000000080001082] -> 0xB823
mem[X,0x0000000080001084] -> 0x1220
[525] [M]: 0x0000000080001082 (0x1220B823) sd sp, 304(ra)
mem[0x0000000080006248] <- 0xFF76DF56FF76DFA4
mem[X,0x0000000080001086] -> 0x0513
mem[X,0x0000000080001088] -> 0x0010
[526] [M]: 0x0000000080001086 (0x00100513) addi a0, zero, 1
x10 <- 0x0000000000000001
mem[X,0x000000008000108A] -> 0x1513
mem[X,0x000000008000108C] -> 0x0225
[527] [M]: 0x000000008000108A (0x02251513) slli a0, a0, 34
x10 <- 0x0000000400000000
mem[X,0x000000008000108E] -> 0xA821
[528] [M]: 0x000000008000108E (0xA821) c.j 12
mem[X,0x00000000800010A6] -> 0xD575
[529] [M]: 0x00000000800010A6 (0xD575) c.beqz a0, 246
mem[X,0x00000000800010A8] -> 0x0113
mem[X,0x00000000800010AA] -> 0x0021
[530] [M]: 0x00000000800010A8 (0x00210113) addi sp, sp, 2
x2 <- 0xFF76DF56FF76DFA6
mem[X,0x00000000800010AC] -> 0x006F
mem[X,0x00000000800010AE] -> 0x0060
[531] [M]: 0x00000000800010AC (0x0060006F) jal zero, 6
mem[X,0x00000000800010B2] -> 0xBC23
mem[X,0x00000000800010B4] -> 0x1220
[532] [M]: 0x00000000800010B2 (0x1220BC23) sd sp, 312(ra)
mem[0x0000000080006250] <- 0xFF76DF56FF76DFA6
mem[X,0x00000000800010B6] -> 0x0513
mem[X,0x00000000800010B8] -> 0x0010
[533] [M]: 0x00000000800010B6 (0x00100513) addi a0, zero, 1
x10 <- 0x0000000000000001
mem[X,0x00000000800010BA] -> 0x1513
mem[X,0x00000000800010BC] -> 0x0235
[534] [M]: 0x00000000800010BA (0x02351513) slli a0, a0, 35
x10 <- 0x0000000800000000
mem[X,0x00000000800010BE] -> 0xA809
[535] [M]: 0x00000000800010BE (0xA809) c.j 9
mem[X,0x00000000800010D0] -> 0xD96D
[536] [M]: 0x00000000800010D0 (0xD96D) c.beqz a0, 249
mem[X,0x00000000800010D2] -> 0x0113
mem[X,0x00000000800010D4] -> 0x0021
[537] [M]: 0x00000000800010D2 (0x00210113) addi sp, sp, 2
x2 <- 0xFF76DF56FF76DFA8
mem[X,0x00000000800010D6] -> 0x006F
mem[X,0x00000000800010D8] -> 0x0060
[538] [M]: 0x00000000800010D6 (0x0060006F) jal zero, 6
mem[X,0x00000000800010DC] -> 0xB023
mem[X,0x00000000800010DE] -> 0x1420
[539] [M]: 0x00000000800010DC (0x1420B023) sd sp, 320(ra)
mem[0x0000000080006258] <- 0xFF76DF56FF76DFA8
mem[X,0x00000000800010E0] -> 0x0513
mem[X,0x00000000800010E2] -> 0x0010
[540] [M]: 0x00000000800010E0 (0x00100513) addi a0, zero, 1
x10 <- 0x0000000000000001
mem[X,0x00000000800010E4] -> 0x1513
mem[X,0x00000000800010E6] -> 0x0245
[541] [M]: 0x00000000800010E4 (0x02451513) slli a0, a0, 36
x10 <- 0x0000001000000000
mem[X,0x00000000800010E8] -> 0xA809
[542] [M]: 0x00000000800010E8 (0xA809) c.j 9
mem[X,0x00000000800010FA] -> 0xD96D
[543] [M]: 0x00000000800010FA (0xD96D) c.beqz a0, 249
mem[X,0x00000000800010FC] -> 0x0113
mem[X,0x00000000800010FE] -> 0x0021
[544] [M]: 0x00000000800010FC (0x00210113) addi sp, sp, 2
x2 <- 0xFF76DF56FF76DFAA
mem[X,0x0000000080001100] -> 0x006F
mem[X,0x0000000080001102] -> 0x0060
[545] [M]: 0x0000000080001100 (0x0060006F) jal zero, 6
mem[X,0x0000000080001106] -> 0xB423
mem[X,0x0000000080001108] -> 0x1420
[546] [M]: 0x0000000080001106 (0x1420B423) sd sp, 328(ra)
mem[0x0000000080006260] <- 0xFF76DF56FF76DFAA
mem[X,0x000000008000110A] -> 0x0513
mem[X,0x000000008000110C] -> 0x0010
[547] [M]: 0x000000008000110A (0x00100513) addi a0, zero, 1
x10 <- 0x0000000000000001
mem[X,0x000000008000110E] -> 0x1513
mem[X,0x0000000080001110] -> 0x0255
[548] [M]: 0x000000008000110E (0x02551513) slli a0, a0, 37
x10 <- 0x0000002000000000
mem[X,0x0000000080001112] -> 0xA059
[549] [M]: 0x0000000080001112 (0xA059) c.j 67
mem[X,0x0000000080001198] -> 0xDD3D
[550] [M]: 0x0000000080001198 (0xDD3D) c.beqz a0, 191
mem[X,0x000000008000119A] -> 0x0113
mem[X,0x000000008000119C] -> 0x0021
[551] [M]: 0x000000008000119A (0x00210113) addi sp, sp, 2
x2 <- 0xFF76DF56FF76DFAC
mem[X,0x000000008000119E] -> 0x006F
mem[X,0x00000000800011A0] -> 0x0060
[552] [M]: 0x000000008000119E (0x0060006F) jal zero, 6
mem[X,0x00000000800011A4] -> 0xB823
mem[X,0x00000000800011A6] -> 0x1420
[553] [M]: 0x00000000800011A4 (0x1420B823) sd sp, 336(ra)
mem[0x0000000080006268] <- 0xFF76DF56FF76DFAC
mem[X,0x00000000800011A8] -> 0x0513
mem[X,0x00000000800011AA] -> 0x0010
[554] [M]: 0x00000000800011A8 (0x00100513) addi a0, zero, 1
x10 <- 0x0000000000000001
mem[X,0x00000000800011AC] -> 0x1513
mem[X,0x00000000800011AE] -> 0x0265
[555] [M]: 0x00000000800011AC (0x02651513) slli a0, a0, 38
x10 <- 0x0000004000000000
mem[X,0x00000000800011B0] -> 0xA031
[556] [M]: 0x00000000800011B0 (0xA031) c.j 6
mem[X,0x00000000800011BC] -> 0xC509
[557] [M]: 0x00000000800011BC (0xC509) c.beqz a0, 5
mem[X,0x00000000800011BE] -> 0x0113
mem[X,0x00000000800011C0] -> 0x0021
[558] [M]: 0x00000000800011BE (0x00210113) addi sp, sp, 2
x2 <- 0xFF76DF56FF76DFAE
mem[X,0x00000000800011C2] -> 0x006F
mem[X,0x00000000800011C4] -> 0x0060
[559] [M]: 0x00000000800011C2 (0x0060006F) jal zero, 6
mem[X,0x00000000800011C8] -> 0xBC23
mem[X,0x00000000800011CA] -> 0x1420
[560] [M]: 0x00000000800011C8 (0x1420BC23) sd sp, 344(ra)
mem[0x0000000080006270] <- 0xFF76DF56FF76DFAE
mem[X,0x00000000800011CC] -> 0x0513
mem[X,0x00000000800011CE] -> 0x0010
[561] [M]: 0x00000000800011CC (0x00100513) addi a0, zero, 1
x10 <- 0x0000000000000001
mem[X,0x00000000800011D0] -> 0x1513
mem[X,0x00000000800011D2] -> 0x0275
[562] [M]: 0x00000000800011D0 (0x02751513) slli a0, a0, 39
x10 <- 0x0000008000000000
mem[X,0x00000000800011D4] -> 0xA031
[563] [M]: 0x00000000800011D4 (0xA031) c.j 6
mem[X,0x00000000800011E0] -> 0xDD65
[564] [M]: 0x00000000800011E0 (0xDD65) c.beqz a0, 252
mem[X,0x00000000800011E2] -> 0x0113
mem[X,0x00000000800011E4] -> 0x0021
[565] [M]: 0x00000000800011E2 (0x00210113) addi sp, sp, 2
x2 <- 0xFF76DF56FF76DFB0
mem[X,0x00000000800011E6] -> 0x006F
mem[X,0x00000000800011E8] -> 0x0060
[566] [M]: 0x00000000800011E6 (0x0060006F) jal zero, 6
mem[X,0x00000000800011EC] -> 0xB023
mem[X,0x00000000800011EE] -> 0x1620
[567] [M]: 0x00000000800011EC (0x1620B023) sd sp, 352(ra)
mem[0x0000000080006278] <- 0xFF76DF56FF76DFB0
mem[X,0x00000000800011F0] -> 0x0513
mem[X,0x00000000800011F2] -> 0x0010
[568] [M]: 0x00000000800011F0 (0x00100513) addi a0, zero, 1
x10 <- 0x0000000000000001
mem[X,0x00000000800011F4] -> 0x1513
mem[X,0x00000000800011F6] -> 0x0285
[569] [M]: 0x00000000800011F4 (0x02851513) slli a0, a0, 40
x10 <- 0x0000010000000000
mem[X,0x00000000800011F8] -> 0xA031
[570] [M]: 0x00000000800011F8 (0xA031) c.j 6
mem[X,0x0000000080001204] -> 0xC519
[571] [M]: 0x0000000080001204 (0xC519) c.beqz a0, 7
mem[X,0x0000000080001206] -> 0x0113
mem[X,0x0000000080001208] -> 0x0021
[572] [M]: 0x0000000080001206 (0x00210113) addi sp, sp, 2
x2 <- 0xFF76DF56FF76DFB2
mem[X,0x000000008000120A] -> 0x006F
mem[X,0x000000008000120C] -> 0x00A0
[573] [M]: 0x000000008000120A (0x00A0006F) jal zero, 10
mem[X,0x0000000080001214] -> 0xB423
mem[X,0x0000000080001216] -> 0x1620
[574] [M]: 0x0000000080001214 (0x1620B423) sd sp, 360(ra)
mem[0x0000000080006280] <- 0xFF76DF56FF76DFB2
mem[X,0x0000000080001218] -> 0x0513
mem[X,0x000000008000121A] -> 0x0010
[575] [M]: 0x0000000080001218 (0x00100513) addi a0, zero, 1
x10 <- 0x0000000000000001
mem[X,0x000000008000121C] -> 0x1513
mem[X,0x000000008000121E] -> 0x0295
[576] [M]: 0x000000008000121C (0x02951513) slli a0, a0, 41
x10 <- 0x0000020000000000
mem[X,0x0000000080001220] -> 0xA031
[577] [M]: 0x0000000080001220 (0xA031) c.j 6
mem[X,0x000000008000122C] -> 0xC105
[578] [M]: 0x000000008000122C (0xC105) c.beqz a0, 16
mem[X,0x000000008000122E] -> 0x0113
mem[X,0x0000000080001230] -> 0x0021
[579] [M]: 0x000000008000122E (0x00210113) addi sp, sp, 2
x2 <- 0xFF76DF56FF76DFB4
mem[X,0x0000000080001232] -> 0x006F
mem[X,0x0000000080001234] -> 0x01C0
[580] [M]: 0x0000000080001232 (0x01C0006F) jal zero, 28
mem[X,0x000000008000124E] -> 0xB823
mem[X,0x0000000080001250] -> 0x1620
[581] [M]: 0x000000008000124E (0x1620B823) sd sp, 368(ra)
mem[0x0000000080006288] <- 0xFF76DF56FF76DFB4
mem[X,0x0000000080001252] -> 0x0513
mem[X,0x0000000080001254] -> 0x0010
[582] [M]: 0x0000000080001252 (0x00100513) addi a0, zero, 1
x10 <- 0x0000000000000001
mem[X,0x0000000080001256] -> 0x1513
mem[X,0x0000000080001258] -> 0x02A5
[583] [M]: 0x0000000080001256 (0x02A51513) slli a0, a0, 42
x10 <- 0x0000040000000000
mem[X,0x000000008000125A] -> 0xA031
[584] [M]: 0x000000008000125A (0xA031) c.j 6
mem[X,0x0000000080001266] -> 0xDD65
[585] [M]: 0x0000000080001266 (0xDD65) c.beqz a0, 252
mem[X,0x0000000080001268] -> 0x0113
mem[X,0x000000008000126A] -> 0x0021
[586] [M]: 0x0000000080001268 (0x00210113) addi sp, sp, 2
x2 <- 0xFF76DF56FF76DFB6
mem[X,0x000000008000126C] -> 0x006F
mem[X,0x000000008000126E] -> 0x0060
[587] [M]: 0x000000008000126C (0x0060006F) jal zero, 6
mem[X,0x0000000080001272] -> 0xBC23
mem[X,0x0000000080001274] -> 0x1620
[588] [M]: 0x0000000080001272 (0x1620BC23) sd sp, 376(ra)
mem[0x0000000080006290] <- 0xFF76DF56FF76DFB6
mem[X,0x0000000080001276] -> 0x0513
mem[X,0x0000000080001278] -> 0x0010
[589] [M]: 0x0000000080001276 (0x00100513) addi a0, zero, 1
x10 <- 0x0000000000000001
mem[X,0x000000008000127A] -> 0x1513
mem[X,0x000000008000127C] -> 0x02B5
[590] [M]: 0x000000008000127A (0x02B51513) slli a0, a0, 43
x10 <- 0x0000080000000000
mem[X,0x000000008000127E] -> 0xA01D
[591] [M]: 0x000000008000127E (0xA01D) c.j 19
mem[X,0x00000000800012A4] -> 0xDD79
[592] [M]: 0x00000000800012A4 (0xDD79) c.beqz a0, 239
mem[X,0x00000000800012A6] -> 0x0113
mem[X,0x00000000800012A8] -> 0x0021
[593] [M]: 0x00000000800012A6 (0x00210113) addi sp, sp, 2
x2 <- 0xFF76DF56FF76DFB8
mem[X,0x00000000800012AA] -> 0x006F
mem[X,0x00000000800012AC] -> 0x0060
[594] [M]: 0x00000000800012AA (0x0060006F) jal zero, 6
mem[X,0x00000000800012B0] -> 0xB023
mem[X,0x00000000800012B2] -> 0x1820
[595] [M]: 0x00000000800012B0 (0x1820B023) sd sp, 384(ra)
mem[0x0000000080006298] <- 0xFF76DF56FF76DFB8
mem[X,0x00000000800012B4] -> 0x0513
mem[X,0x00000000800012B6] -> 0x0010
[596] [M]: 0x00000000800012B4 (0x00100513) addi a0, zero, 1
x10 <- 0x0000000000000001
mem[X,0x00000000800012B8] -> 0x1513
mem[X,0x00000000800012BA] -> 0x02C5
[597] [M]: 0x00000000800012B8 (0x02C51513) slli a0, a0, 44
x10 <- 0x0000100000000000
mem[X,0x00000000800012BC] -> 0xA031
[598] [M]: 0x00000000800012BC (0xA031) c.j 6
mem[X,0x00000000800012C8] -> 0xC509
[599] [M]: 0x00000000800012C8 (0xC509) c.beqz a0, 5
clint::tick mtime <- 0x0000000000000006
 clint timer pending at mtime 0x0000000000000006
htif::tick 0x0000000000000000
mem[X,0x00000000800012CA] -> 0x0113
mem[X,0x00000000800012CC] -> 0x0021
[600] [M]: 0x00000000800012CA (0x00210113) addi sp, sp, 2
x2 <- 0xFF76DF56FF76DFBA
mem[X,0x00000000800012CE] -> 0x006F
mem[X,0x00000000800012D0] -> 0x0060
[601] [M]: 0x00000000800012CE (0x0060006F) jal zero, 6
mem[X,0x00000000800012D4] -> 0xB423
mem[X,0x00000000800012D6] -> 0x1820
[602] [M]: 0x00000000800012D4 (0x1820B423) sd sp, 392(ra)
mem[0x00000000800062A0] <- 0xFF76DF56FF76DFBA
mem[X,0x00000000800012D8] -> 0x0513
mem[X,0x00000000800012DA] -> 0x0010
[603] [M]: 0x00000000800012D8 (0x00100513) addi a0, zero, 1
x10 <- 0x0000000000000001
mem[X,0x00000000800012DC] -> 0x1513
mem[X,0x00000000800012DE] -> 0x02D5
[604] [M]: 0x00000000800012DC (0x02D51513) slli a0, a0, 45
x10 <- 0x0000200000000000
mem[X,0x00000000800012E0] -> 0xA821
[605] [M]: 0x00000000800012E0 (0xA821) c.j 12
mem[X,0x00000000800012F8] -> 0xD575
[606] [M]: 0x00000000800012F8 (0xD575) c.beqz a0, 246
mem[X,0x00000000800012FA] -> 0x0113
mem[X,0x00000000800012FC] -> 0x0021
[607] [M]: 0x00000000800012FA (0x00210113) addi sp, sp, 2
x2 <- 0xFF76DF56FF76DFBC
mem[X,0x00000000800012FE] -> 0x006F
mem[X,0x0000000080001300] -> 0x0060
[608] [M]: 0x00000000800012FE (0x0060006F) jal zero, 6
mem[X,0x0000000080001304] -> 0xB823
mem[X,0x0000000080001306] -> 0x1820
[609] [M]: 0x0000000080001304 (0x1820B823) sd sp, 400(ra)
mem[0x00000000800062A8] <- 0xFF76DF56FF76DFBC
mem[X,0x0000000080001308] -> 0x0513
mem[X,0x000000008000130A] -> 0x0010
[610] [M]: 0x0000000080001308 (0x00100513) addi a0, zero, 1
x10 <- 0x0000000000000001
mem[X,0x000000008000130C] -> 0x1513
mem[X,0x000000008000130E] -> 0x02E5
[611] [M]: 0x000000008000130C (0x02E51513) slli a0, a0, 46
x10 <- 0x0000400000000000
mem[X,0x0000000080001310] -> 0xA821
[612] [M]: 0x0000000080001310 (0xA821) c.j 12
mem[X,0x0000000080001328] -> 0xD575
[613] [M]: 0x0000000080001328 (0xD575) c.beqz a0, 246
mem[X,0x000000008000132A] -> 0x0113
mem[X,0x000000008000132C] -> 0x0021
[614] [M]: 0x000000008000132A (0x00210113) addi sp, sp, 2
x2 <- 0xFF76DF56FF76DFBE
mem[X,0x000000008000132E] -> 0x006F
mem[X,0x0000000080001330] -> 0x0060
[615] [M]: 0x000000008000132E (0x0060006F) jal zero, 6
mem[X,0x0000000080001334] -> 0xBC23
mem[X,0x0000000080001336] -> 0x1820
[616] [M]: 0x0000000080001334 (0x1820BC23) sd sp, 408(ra)
mem[0x00000000800062B0] <- 0xFF76DF56FF76DFBE
mem[X,0x0000000080001338] -> 0x0513
mem[X,0x000000008000133A] -> 0x0010
[617] [M]: 0x0000000080001338 (0x00100513) addi a0, zero, 1
x10 <- 0x0000000000000001
mem[X,0x000000008000133C] -> 0x1513
mem[X,0x000000008000133E] -> 0x02F5
[618] [M]: 0x000000008000133C (0x02F51513) slli a0, a0, 47
x10 <- 0x0000800000000000
mem[X,0x0000000080001340] -> 0xA031
[619] [M]: 0x0000000080001340 (0xA031) c.j 6
mem[X,0x000000008000134C] -> 0xC901
[620] [M]: 0x000000008000134C (0xC901) c.beqz a0, 8
mem[X,0x000000008000134E] -> 0x0113
mem[X,0x0000000080001350] -> 0x0021
[621] [M]: 0x000000008000134E (0x00210113) addi sp, sp, 2
x2 <- 0xFF76DF56FF76DFC0
mem[X,0x0000000080001352] -> 0x006F
mem[X,0x0000000080001354] -> 0x00C0
[622] [M]: 0x0000000080001352 (0x00C0006F) jal zero, 12
mem[X,0x000000008000135E] -> 0xB023
mem[X,0x0000000080001360] -> 0x1A20
[623] [M]: 0x000000008000135E (0x1A20B023) sd sp, 416(ra)
mem[0x00000000800062B8] <- 0xFF76DF56FF76DFC0
mem[X,0x0000000080001362] -> 0x0513
mem[X,0x0000000080001364] -> 0x0010
[624] [M]: 0x0000000080001362 (0x00100513) addi a0, zero, 1
x10 <- 0x0000000000000001
mem[X,0x0000000080001366] -> 0x1513
mem[X,0x0000000080001368] -> 0x0305
[625] [M]: 0x0000000080001366 (0x03051513) slli a0, a0, 48
x10 <- 0x0001000000000000
mem[X,0x000000008000136A] -> 0xA811
[626] [M]: 0x000000008000136A (0xA811) c.j 10
mem[X,0x000000008000137E] -> 0xD965
[627] [M]: 0x000000008000137E (0xD965) c.beqz a0, 248
mem[X,0x0000000080001380] -> 0x0113
mem[X,0x0000000080001382] -> 0x0021
[628] [M]: 0x0000000080001380 (0x00210113) addi sp, sp, 2
x2 <- 0xFF76DF56FF76DFC2
mem[X,0x0000000080001384] -> 0x006F
mem[X,0x0000000080001386] -> 0x0060
[629] [M]: 0x0000000080001384 (0x0060006F) jal zero, 6
mem[X,0x000000008000138A] -> 0xB423
mem[X,0x000000008000138C] -> 0x1A20
[630] [M]: 0x000000008000138A (0x1A20B423) sd sp, 424(ra)
mem[0x00000000800062C0] <- 0xFF76DF56FF76DFC2
mem[X,0x000000008000138E] -> 0x0513
mem[X,0x0000000080001390] -> 0x0010
[631] [M]: 0x000000008000138E (0x00100513) addi a0, zero, 1
x10 <- 0x0000000000000001
mem[X,0x0000000080001392] -> 0x1513
mem[X,0x0000000080001394] -> 0x0315
[632] [M]: 0x0000000080001392 (0x03151513) slli a0, a0, 49
x10 <- 0x0002000000000000
mem[X,0x0000000080001396] -> 0xA821
[633] [M]: 0x0000000080001396 (0xA821) c.j 12
mem[X,0x00000000800013AE] -> 0xD575
[634] [M]: 0x00000000800013AE (0xD575) c.beqz a0, 246
mem[X,0x00000000800013B0] -> 0x0113
mem[X,0x00000000800013B2] -> 0x0021
[635] [M]: 0x00000000800013B0 (0x00210113) addi sp, sp, 2
x2 <- 0xFF76DF56FF76DFC4
mem[X,0x00000000800013B4] -> 0x006F
mem[X,0x00000000800013B6] -> 0x0060
[636] [M]: 0x00000000800013B4 (0x0060006F) jal zero, 6
mem[X,0x00000000800013BA] -> 0xB823
mem[X,0x00000000800013BC] -> 0x1A20
[637] [M]: 0x00000000800013BA (0x1A20B823) sd sp, 432(ra)
mem[0x00000000800062C8] <- 0xFF76DF56FF76DFC4
mem[X,0x00000000800013BE] -> 0x0513
mem[X,0x00000000800013C0] -> 0x0010
[638] [M]: 0x00000000800013BE (0x00100513) addi a0, zero, 1
x10 <- 0x0000000000000001
mem[X,0x00000000800013C2] -> 0x1513
mem[X,0x00000000800013C4] -> 0x0325
[639] [M]: 0x00000000800013C2 (0x03251513) slli a0, a0, 50
x10 <- 0x0004000000000000
mem[X,0x00000000800013C6] -> 0xA059
[640] [M]: 0x00000000800013C6 (0xA059) c.j 67
mem[X,0x000000008000144C] -> 0xDD3D
[641] [M]: 0x000000008000144C (0xDD3D) c.beqz a0, 191
mem[X,0x000000008000144E] -> 0x0113
mem[X,0x0000000080001450] -> 0x0021
[642] [M]: 0x000000008000144E (0x00210113) addi sp, sp, 2
x2 <- 0xFF76DF56FF76DFC6
mem[X,0x0000000080001452] -> 0x006F
mem[X,0x0000000080001454] -> 0x0060
[643] [M]: 0x0000000080001452 (0x0060006F) jal zero, 6
mem[X,0x0000000080001458] -> 0xBC23
mem[X,0x000000008000145A] -> 0x1A20
[644] [M]: 0x0000000080001458 (0x1A20BC23) sd sp, 440(ra)
mem[0x00000000800062D0] <- 0xFF76DF56FF76DFC6
mem[X,0x000000008000145C] -> 0x0513
mem[X,0x000000008000145E] -> 0x0010
[645] [M]: 0x000000008000145C (0x00100513) addi a0, zero, 1
x10 <- 0x0000000000000001
mem[X,0x0000000080001460] -> 0x1513
mem[X,0x0000000080001462] -> 0x0335
[646] [M]: 0x0000000080001460 (0x03351513) slli a0, a0, 51
x10 <- 0x0008000000000000
mem[X,0x0000000080001464] -> 0xA819
[647] [M]: 0x0000000080001464 (0xA819) c.j 11
mem[X,0x000000008000147A] -> 0xD57D
[648] [M]: 0x000000008000147A (0xD57D) c.beqz a0, 247
mem[X,0x000000008000147C] -> 0x0113
mem[X,0x000000008000147E] -> 0x0021
[649] [M]: 0x000000008000147C (0x00210113) addi sp, sp, 2
x2 <- 0xFF76DF56FF76DFC8
mem[X,0x0000000080001480] -> 0x006F
mem[X,0x0000000080001482] -> 0x0060
[650] [M]: 0x0000000080001480 (0x0060006F) jal zero, 6
mem[X,0x0000000080001486] -> 0xB023
mem[X,0x0000000080001488] -> 0x1C20
[651] [M]: 0x0000000080001486 (0x1C20B023) sd sp, 448(ra)
mem[0x00000000800062D8] <- 0xFF76DF56FF76DFC8
mem[X,0x000000008000148A] -> 0x0513
mem[X,0x000000008000148C] -> 0x0010
[652] [M]: 0x000000008000148A (0x00100513) addi a0, zero, 1
x10 <- 0x0000000000000001
mem[X,0x000000008000148E] -> 0x1513
mem[X,0x0000000080001490] -> 0x0345
[653] [M]: 0x000000008000148E (0x03451513) slli a0, a0, 52
x10 <- 0x0010000000000000
mem[X,0x0000000080001492] -> 0xA031
[654] [M]: 0x0000000080001492 (0xA031) c.j 6
mem[X,0x000000008000149E] -> 0xC509
[655] [M]: 0x000000008000149E (0xC509) c.beqz a0, 5
mem[X,0x00000000800014A0] -> 0x0113
mem[X,0x00000000800014A2] -> 0x0021
[656] [M]: 0x00000000800014A0 (0x00210113) addi sp, sp, 2
x2 <- 0xFF76DF56FF76DFCA
mem[X,0x00000000800014A4] -> 0x006F
mem[X,0x00000000800014A6] -> 0x0060
[657] [M]: 0x00000000800014A4 (0x0060006F) jal zero, 6
mem[X,0x00000000800014AA] -> 0xB423
mem[X,0x00000000800014AC] -> 0x1C20
[658] [M]: 0x00000000800014AA (0x1C20B423) sd sp, 456(ra)
mem[0x00000000800062E0] <- 0xFF76DF56FF76DFCA
mem[X,0x00000000800014AE] -> 0x0513
mem[X,0x00000000800014B0] -> 0x0010
[659] [M]: 0x00000000800014AE (0x00100513) addi a0, zero, 1
x10 <- 0x0000000000000001
mem[X,0x00000000800014B2] -> 0x1513
mem[X,0x00000000800014B4] -> 0x0355
[660] [M]: 0x00000000800014B2 (0x03551513) slli a0, a0, 53
x10 <- 0x0020000000000000
mem[X,0x00000000800014B6] -> 0xA031
[661] [M]: 0x00000000800014B6 (0xA031) c.j 6
mem[X,0x00000000800014C2] -> 0xC54D
[662] [M]: 0x00000000800014C2 (0xC54D) c.beqz a0, 85
mem[X,0x00000000800014C4] -> 0x0113
mem[X,0x00000000800014C6] -> 0x0021
[663] [M]: 0x00000000800014C4 (0x00210113) addi sp, sp, 2
x2 <- 0xFF76DF56FF76DFCC
mem[X,0x00000000800014C8] -> 0x006F
mem[X,0x00000000800014CA] -> 0x0A60
[664] [M]: 0x00000000800014C8 (0x0A60006F) jal zero, 166
mem[X,0x000000008000156E] -> 0xB823
mem[X,0x0000000080001570] -> 0x1C20
[665] [M]: 0x000000008000156E (0x1C20B823) sd sp, 464(ra)
mem[0x00000000800062E8] <- 0xFF76DF56FF76DFCC
mem[X,0x0000000080001572] -> 0x0513
mem[X,0x0000000080001574] -> 0x0010
[666] [M]: 0x0000000080001572 (0x00100513) addi a0, zero, 1
x10 <- 0x0000000000000001
mem[X,0x0000000080001576] -> 0x1513
mem[X,0x0000000080001578] -> 0x0365
[667] [M]: 0x0000000080001576 (0x03651513) slli a0, a0, 54
x10 <- 0x0040000000000000
mem[X,0x000000008000157A] -> 0xA031
[668] [M]: 0x000000008000157A (0xA031) c.j 6
mem[X,0x0000000080001586] -> 0xCD3D
[669] [M]: 0x0000000080001586 (0xCD3D) c.beqz a0, 63
mem[X,0x0000000080001588] -> 0x0113
mem[X,0x000000008000158A] -> 0x0021
[670] [M]: 0x0000000080001588 (0x00210113) addi sp, sp, 2
x2 <- 0xFF76DF56FF76DFCE
mem[X,0x000000008000158C] -> 0x006F
mem[X,0x000000008000158E] -> 0x07A0
[671] [M]: 0x000000008000158C (0x07A0006F) jal zero, 122
mem[X,0x0000000080001606] -> 0xBC23
mem[X,0x0000000080001608] -> 0x1C20
[672] [M]: 0x0000000080001606 (0x1C20BC23) sd sp, 472(ra)
mem[0x00000000800062F0] <- 0xFF76DF56FF76DFCE
mem[X,0x000000008000160A] -> 0x0513
mem[X,0x000000008000160C] -> 0x0010
[673] [M]: 0x000000008000160A (0x00100513) addi a0, zero, 1
x10 <- 0x0000000000000001
mem[X,0x000000008000160E] -> 0x1513
mem[X,0x0000000080001610] -> 0x0375
[674] [M]: 0x000000008000160E (0x03751513) slli a0, a0, 55
x10 <- 0x0080000000000000
mem[X,0x0000000080001612] -> 0xA031
[675] [M]: 0x0000000080001612 (0xA031) c.j 6
mem[X,0x000000008000161E] -> 0xC121
[676] [M]: 0x000000008000161E (0xC121) c.beqz a0, 32
mem[X,0x0000000080001620] -> 0x0113
mem[X,0x0000000080001622] -> 0x0021
[677] [M]: 0x0000000080001620 (0x00210113) addi sp, sp, 2
x2 <- 0xFF76DF56FF76DFD0
mem[X,0x0000000080001624] -> 0x006F
mem[X,0x0000000080001626] -> 0x03C0
[678] [M]: 0x0000000080001624 (0x03C0006F) jal zero, 60
mem[X,0x0000000080001660] -> 0xB023
mem[X,0x0000000080001662] -> 0x1E20
[679] [M]: 0x0000000080001660 (0x1E20B023) sd sp, 480(ra)
mem[0x00000000800062F8] <- 0xFF76DF56FF76DFD0
mem[X,0x0000000080001664] -> 0x0513
mem[X,0x0000000080001666] -> 0x0010
[680] [M]: 0x0000000080001664 (0x00100513) addi a0, zero, 1
x10 <- 0x0000000000000001
mem[X,0x0000000080001668] -> 0x1513
mem[X,0x000000008000166A] -> 0x0385
[681] [M]: 0x0000000080001668 (0x03851513) slli a0, a0, 56
x10 <- 0x0100000000000000
mem[X,0x000000008000166C] -> 0xA031
[682] [M]: 0x000000008000166C (0xA031) c.j 6
mem[X,0x0000000080001678] -> 0xC509
[683] [M]: 0x0000000080001678 (0xC509) c.beqz a0, 5
mem[X,0x000000008000167A] -> 0x0113
mem[X,0x000000008000167C] -> 0x0021
[684] [M]: 0x000000008000167A (0x00210113) addi sp, sp, 2
x2 <- 0xFF76DF56FF76DFD2
mem[X,0x000000008000167E] -> 0x006F
mem[X,0x0000000080001680] -> 0x0060
[685] [M]: 0x000000008000167E (0x0060006F) jal zero, 6
mem[X,0x0000000080001684] -> 0xB423
mem[X,0x0000000080001686] -> 0x1E20
[686] [M]: 0x0000000080001684 (0x1E20B423) sd sp, 488(ra)
mem[0x0000000080006300] <- 0xFF76DF56FF76DFD2
mem[X,0x0000000080001688] -> 0x0513
mem[X,0x000000008000168A] -> 0x0010
[687] [M]: 0x0000000080001688 (0x00100513) addi a0, zero, 1
x10 <- 0x0000000000000001
mem[X,0x000000008000168C] -> 0x1513
mem[X,0x000000008000168E] -> 0x0395
[688] [M]: 0x000000008000168C (0x03951513) slli a0, a0, 57
x10 <- 0x0200000000000000
mem[X,0x0000000080001690] -> 0xA031
[689] [M]: 0x0000000080001690 (0xA031) c.j 6
mem[X,0x000000008000169C] -> 0xC509
[690] [M]: 0x000000008000169C (0xC509) c.beqz a0, 5
mem[X,0x000000008000169E] -> 0x0113
mem[X,0x00000000800016A0] -> 0x0021
[691] [M]: 0x000000008000169E (0x00210113) addi sp, sp, 2
x2 <- 0xFF76DF56FF76DFD4
mem[X,0x00000000800016A2] -> 0x006F
mem[X,0x00000000800016A4] -> 0x0060
[692] [M]: 0x00000000800016A2 (0x0060006F) jal zero, 6
mem[X,0x00000000800016A8] -> 0xB823
mem[X,0x00000000800016AA] -> 0x1E20
[693] [M]: 0x00000000800016A8 (0x1E20B823) sd sp, 496(ra)
mem[0x0000000080006308] <- 0xFF76DF56FF76DFD4
mem[X,0x00000000800016AC] -> 0x0513
mem[X,0x00000000800016AE] -> 0x0010
[694] [M]: 0x00000000800016AC (0x00100513) addi a0, zero, 1
x10 <- 0x0000000000000001
mem[X,0x00000000800016B0] -> 0x1513
mem[X,0x00000000800016B2] -> 0x03A5
[695] [M]: 0x00000000800016B0 (0x03A51513) slli a0, a0, 58
x10 <- 0x0400000000000000
mem[X,0x00000000800016B4] -> 0xA031
[696] [M]: 0x00000000800016B4 (0xA031) c.j 6
mem[X,0x00000000800016C0] -> 0xDD65
[697] [M]: 0x00000000800016C0 (0xDD65) c.beqz a0, 252
mem[X,0x00000000800016C2] -> 0x0113
mem[X,0x00000000800016C4] -> 0x0021
[698] [M]: 0x00000000800016C2 (0x00210113) addi sp, sp, 2
x2 <- 0xFF76DF56FF76DFD6
mem[X,0x00000000800016C6] -> 0x006F
mem[X,0x00000000800016C8] -> 0x0060
[699] [M]: 0x00000000800016C6 (0x0060006F) jal zero, 6
clint::tick mtime <- 0x0000000000000007
 clint timer pending at mtime 0x0000000000000007
htif::tick 0x0000000000000000
mem[X,0x00000000800016CC] -> 0xBC23
mem[X,0x00000000800016CE] -> 0x1E20
[700] [M]: 0x00000000800016CC (0x1E20BC23) sd sp, 504(ra)
mem[0x0000000080006310] <- 0xFF76DF56FF76DFD6
mem[X,0x00000000800016D0] -> 0x0513
mem[X,0x00000000800016D2] -> 0x0010
[701] [M]: 0x00000000800016D0 (0x00100513) addi a0, zero, 1
x10 <- 0x0000000000000001
mem[X,0x00000000800016D4] -> 0x1513
mem[X,0x00000000800016D6] -> 0x03B5
[702] [M]: 0x00000000800016D4 (0x03B51513) slli a0, a0, 59
x10 <- 0x0800000000000000
mem[X,0x00000000800016D8] -> 0xA801
[703] [M]: 0x00000000800016D8 (0xA801) c.j 8
mem[X,0x00000000800016E8] -> 0xD975
[704] [M]: 0x00000000800016E8 (0xD975) c.beqz a0, 250
mem[X,0x00000000800016EA] -> 0x0113
mem[X,0x00000000800016EC] -> 0x0021
[705] [M]: 0x00000000800016EA (0x00210113) addi sp, sp, 2
x2 <- 0xFF76DF56FF76DFD8
mem[X,0x00000000800016EE] -> 0x006F
mem[X,0x00000000800016F0] -> 0x0060
[706] [M]: 0x00000000800016EE (0x0060006F) jal zero, 6
mem[X,0x00000000800016F4] -> 0xB023
mem[X,0x00000000800016F6] -> 0x2020
[707] [M]: 0x00000000800016F4 (0x2020B023) sd sp, 512(ra)
mem[0x0000000080006318] <- 0xFF76DF56FF76DFD8
mem[X,0x00000000800016F8] -> 0x0513
mem[X,0x00000000800016FA] -> 0x0010
[708] [M]: 0x00000000800016F8 (0x00100513) addi a0, zero, 1
x10 <- 0x0000000000000001
mem[X,0x00000000800016FC] -> 0x1513
mem[X,0x00000000800016FE] -> 0x03C5
[709] [M]: 0x00000000800016FC (0x03C51513) slli a0, a0, 60
x10 <- 0x1000000000000000
mem[X,0x0000000080001700] -> 0xA099
[710] [M]: 0x0000000080001700 (0xA099) c.j 35
mem[X,0x0000000080001746] -> 0xDD5D
[711] [M]: 0x0000000080001746 (0xDD5D) c.beqz a0, 223
mem[X,0x0000000080001748] -> 0x0113
mem[X,0x000000008000174A] -> 0x0021
[712] [M]: 0x0000000080001748 (0x00210113) addi sp, sp, 2
x2 <- 0xFF76DF56FF76DFDA
mem[X,0x000000008000174C] -> 0x006F
mem[X,0x000000008000174E] -> 0x0060
[713] [M]: 0x000000008000174C (0x0060006F) jal zero, 6
mem[X,0x0000000080001752] -> 0xB423
mem[X,0x0000000080001754] -> 0x2020
[714] [M]: 0x0000000080001752 (0x2020B423) sd sp, 520(ra)
mem[0x0000000080006320] <- 0xFF76DF56FF76DFDA
mem[X,0x0000000080001756] -> 0x0513
mem[X,0x0000000080001758] -> 0x0010
[715] [M]: 0x0000000080001756 (0x00100513) addi a0, zero, 1
x10 <- 0x0000000000000001
mem[X,0x000000008000175A] -> 0x1513
mem[X,0x000000008000175C] -> 0x03D5
[716] [M]: 0x000000008000175A (0x03D51513) slli a0, a0, 61
x10 <- 0x2000000000000000
mem[X,0x000000008000175E] -> 0xA031
[717] [M]: 0x000000008000175E (0xA031) c.j 6
mem[X,0x000000008000176A] -> 0xC519
[718] [M]: 0x000000008000176A (0xC519) c.beqz a0, 7
mem[X,0x000000008000176C] -> 0x0113
mem[X,0x000000008000176E] -> 0x0021
[719] [M]: 0x000000008000176C (0x00210113) addi sp, sp, 2
x2 <- 0xFF76DF56FF76DFDC
mem[X,0x0000000080001770] -> 0x006F
mem[X,0x0000000080001772] -> 0x00A0
[720] [M]: 0x0000000080001770 (0x00A0006F) jal zero, 10
mem[X,0x000000008000177A] -> 0xB823
mem[X,0x000000008000177C] -> 0x2020
[721] [M]: 0x000000008000177A (0x2020B823) sd sp, 528(ra)
mem[0x0000000080006328] <- 0xFF76DF56FF76DFDC
mem[X,0x000000008000177E] -> 0x0513
mem[X,0x0000000080001780] -> 0x0010
[722] [M]: 0x000000008000177E (0x00100513) addi a0, zero, 1
x10 <- 0x0000000000000001
mem[X,0x0000000080001782] -> 0x1513
mem[X,0x0000000080001784] -> 0x03E5
[723] [M]: 0x0000000080001782 (0x03E51513) slli a0, a0, 62
x10 <- 0x4000000000000000
mem[X,0x0000000080001786] -> 0xA031
[724] [M]: 0x0000000080001786 (0xA031) c.j 6
mem[X,0x0000000080001792] -> 0xC509
[725] [M]: 0x0000000080001792 (0xC509) c.beqz a0, 5
mem[X,0x0000000080001794] -> 0x0113
mem[X,0x0000000080001796] -> 0x0021
[726] [M]: 0x0000000080001794 (0x00210113) addi sp, sp, 2
x2 <- 0xFF76DF56FF76DFDE
mem[X,0x0000000080001798] -> 0x006F
mem[X,0x000000008000179A] -> 0x0060
[727] [M]: 0x0000000080001798 (0x0060006F) jal zero, 6
mem[X,0x000000008000179E] -> 0xBC23
mem[X,0x00000000800017A0] -> 0x2020
[728] [M]: 0x000000008000179E (0x2020BC23) sd sp, 536(ra)
mem[0x0000000080006330] <- 0xFF76DF56FF76DFDE
mem[X,0x00000000800017A2] -> 0x0513
mem[X,0x00000000800017A4] -> 0xFFE0
[729] [M]: 0x00000000800017A2 (0xFFE00513) addi a0, zero, 4094
x10 <- 0xFFFFFFFFFFFFFFFE
mem[X,0x00000000800017A6] -> 0xA031
[730] [M]: 0x00000000800017A6 (0xA031) c.j 6
mem[X,0x00000000800017B2] -> 0xC511
[731] [M]: 0x00000000800017B2 (0xC511) c.beqz a0, 6
mem[X,0x00000000800017B4] -> 0x0113
mem[X,0x00000000800017B6] -> 0x0021
[732] [M]: 0x00000000800017B4 (0x00210113) addi sp, sp, 2
x2 <- 0xFF76DF56FF76DFE0
mem[X,0x00000000800017B8] -> 0x006F
mem[X,0x00000000800017BA] -> 0x0080
[733] [M]: 0x00000000800017B8 (0x0080006F) jal zero, 8
mem[X,0x00000000800017C0] -> 0xB023
mem[X,0x00000000800017C2] -> 0x2220
[734] [M]: 0x00000000800017C0 (0x2220B023) sd sp, 544(ra)
mem[0x0000000080006338] <- 0xFF76DF56FF76DFE0
mem[X,0x00000000800017C4] -> 0x0513
mem[X,0x00000000800017C6] -> 0xFFD0
[735] [M]: 0x00000000800017C4 (0xFFD00513) addi a0, zero, 4093
x10 <- 0xFFFFFFFFFFFFFFFD
mem[X,0x00000000800017C8] -> 0xA031
[736] [M]: 0x00000000800017C8 (0xA031) c.j 6
mem[X,0x00000000800017D4] -> 0xDD65
[737] [M]: 0x00000000800017D4 (0xDD65) c.beqz a0, 252
mem[X,0x00000000800017D6] -> 0x0113
mem[X,0x00000000800017D8] -> 0x0021
[738] [M]: 0x00000000800017D6 (0x00210113) addi sp, sp, 2
x2 <- 0xFF76DF56FF76DFE2
mem[X,0x00000000800017DA] -> 0x006F
mem[X,0x00000000800017DC] -> 0x0060
[739] [M]: 0x00000000800017DA (0x0060006F) jal zero, 6
mem[X,0x00000000800017E0] -> 0xB423
mem[X,0x00000000800017E2] -> 0x2220
[740] [M]: 0x00000000800017E0 (0x2220B423) sd sp, 552(ra)
mem[0x0000000080006340] <- 0xFF76DF56FF76DFE2
mem[X,0x00000000800017E4] -> 0x0513
mem[X,0x00000000800017E6] -> 0xFFB0
[741] [M]: 0x00000000800017E4 (0xFFB00513) addi a0, zero, 4091
x10 <- 0xFFFFFFFFFFFFFFFB
mem[X,0x00000000800017E8] -> 0xA031
[742] [M]: 0x00000000800017E8 (0xA031) c.j 6
mem[X,0x00000000800017F4] -> 0xC909
[743] [M]: 0x00000000800017F4 (0xC909) c.beqz a0, 9
mem[X,0x00000000800017F6] -> 0x0113
mem[X,0x00000000800017F8] -> 0x0021
[744] [M]: 0x00000000800017F6 (0x00210113) addi sp, sp, 2
x2 <- 0xFF76DF56FF76DFE4
mem[X,0x00000000800017FA] -> 0x006F
mem[X,0x00000000800017FC] -> 0x00E0
[745] [M]: 0x00000000800017FA (0x00E0006F) jal zero, 14
mem[X,0x0000000080001808] -> 0xB823
mem[X,0x000000008000180A] -> 0x2220
[746] [M]: 0x0000000080001808 (0x2220B823) sd sp, 560(ra)
mem[0x0000000080006348] <- 0xFF76DF56FF76DFE4
mem[X,0x000000008000180C] -> 0x0513
mem[X,0x000000008000180E] -> 0xFF70
[747] [M]: 0x000000008000180C (0xFF700513) addi a0, zero, 4087
x10 <- 0xFFFFFFFFFFFFFFF7
mem[X,0x0000000080001810] -> 0xA821
[748] [M]: 0x0000000080001810 (0xA821) c.j 12
mem[X,0x0000000080001828] -> 0xD575
[749] [M]: 0x0000000080001828 (0xD575) c.beqz a0, 246
mem[X,0x000000008000182A] -> 0x0113
mem[X,0x000000008000182C] -> 0x0021
[750] [M]: 0x000000008000182A (0x00210113) addi sp, sp, 2
x2 <- 0xFF76DF56FF76DFE6
mem[X,0x000000008000182E] -> 0x006F
mem[X,0x0000000080001830] -> 0x0060
[751] [M]: 0x000000008000182E (0x0060006F) jal zero, 6
mem[X,0x0000000080001834] -> 0xBC23
mem[X,0x0000000080001836] -> 0x2220
[752] [M]: 0x0000000080001834 (0x2220BC23) sd sp, 568(ra)
mem[0x0000000080006350] <- 0xFF76DF56FF76DFE6
mem[X,0x0000000080001838] -> 0x0513
mem[X,0x000000008000183A] -> 0xFEF0
[753] [M]: 0x0000000080001838 (0xFEF00513) addi a0, zero, 4079
x10 <- 0xFFFFFFFFFFFFFFEF
mem[X,0x000000008000183C] -> 0xA051
[754] [M]: 0x000000008000183C (0xA051) c.j 66
mem[X,0x00000000800018C0] -> 0xD141
[755] [M]: 0x00000000800018C0 (0xD141) c.beqz a0, 192
mem[X,0x00000000800018C2] -> 0x0113
mem[X,0x00000000800018C4] -> 0x0021
[756] [M]: 0x00000000800018C2 (0x00210113) addi sp, sp, 2
x2 <- 0xFF76DF56FF76DFE8
mem[X,0x00000000800018C6] -> 0x006F
mem[X,0x00000000800018C8] -> 0x0060
[757] [M]: 0x00000000800018C6 (0x0060006F) jal zero, 6
mem[X,0x00000000800018CC] -> 0xB023
mem[X,0x00000000800018CE] -> 0x2420
[758] [M]: 0x00000000800018CC (0x2420B023) sd sp, 576(ra)
mem[0x0000000080006358] <- 0xFF76DF56FF76DFE8
mem[X,0x00000000800018D0] -> 0x0513
mem[X,0x00000000800018D2] -> 0xFDF0
[759] [M]: 0x00000000800018D0 (0xFDF00513) addi a0, zero, 4063
x10 <- 0xFFFFFFFFFFFFFFDF
mem[X,0x00000000800018D4] -> 0xA809
[760] [M]: 0x00000000800018D4 (0xA809) c.j 9
mem[X,0x00000000800018E6] -> 0xD96D
[761] [M]: 0x00000000800018E6 (0xD96D) c.beqz a0, 249
mem[X,0x00000000800018E8] -> 0x0113
mem[X,0x00000000800018EA] -> 0x0021
[762] [M]: 0x00000000800018E8 (0x00210113) addi sp, sp, 2
x2 <- 0xFF76DF56FF76DFEA
mem[X,0x00000000800018EC] -> 0x006F
mem[X,0x00000000800018EE] -> 0x0060
[763] [M]: 0x00000000800018EC (0x0060006F) jal zero, 6
mem[X,0x00000000800018F2] -> 0xB423
mem[X,0x00000000800018F4] -> 0x2420
[764] [M]: 0x00000000800018F2 (0x2420B423) sd sp, 584(ra)
mem[0x0000000080006360] <- 0xFF76DF56FF76DFEA
mem[X,0x00000000800018F6] -> 0x0513
mem[X,0x00000000800018F8] -> 0xFBF0
[765] [M]: 0x00000000800018F6 (0xFBF00513) addi a0, zero, 4031
x10 <- 0xFFFFFFFFFFFFFFBF
mem[X,0x00000000800018FA] -> 0xA031
[766] [M]: 0x00000000800018FA (0xA031) c.j 6
mem[X,0x0000000080001906] -> 0xC509
[767] [M]: 0x0000000080001906 (0xC509) c.beqz a0, 5
mem[X,0x0000000080001908] -> 0x0113
mem[X,0x000000008000190A] -> 0x0021
[768] [M]: 0x0000000080001908 (0x00210113) addi sp, sp, 2
x2 <- 0xFF76DF56FF76DFEC
mem[X,0x000000008000190C] -> 0x006F
mem[X,0x000000008000190E] -> 0x0060
[769] [M]: 0x000000008000190C (0x0060006F) jal zero, 6
mem[X,0x0000000080001912] -> 0xB823
mem[X,0x0000000080001914] -> 0x2420
[770] [M]: 0x0000000080001912 (0x2420B823) sd sp, 592(ra)
mem[0x0000000080006368] <- 0xFF76DF56FF76DFEC
mem[X,0x0000000080001916] -> 0x0513
mem[X,0x0000000080001918] -> 0xF7F0
[771] [M]: 0x0000000080001916 (0xF7F00513) addi a0, zero, 3967
x10 <- 0xFFFFFFFFFFFFFF7F
mem[X,0x000000008000191A] -> 0xA031
[772] [M]: 0x000000008000191A (0xA031) c.j 6
mem[X,0x0000000080001926] -> 0xC511
[773] [M]: 0x0000000080001926 (0xC511) c.beqz a0, 6
mem[X,0x0000000080001928] -> 0x0113
mem[X,0x000000008000192A] -> 0x0021
[774] [M]: 0x0000000080001928 (0x00210113) addi sp, sp, 2
x2 <- 0xFF76DF56FF76DFEE
mem[X,0x000000008000192C] -> 0x006F
mem[X,0x000000008000192E] -> 0x0080
[775] [M]: 0x000000008000192C (0x0080006F) jal zero, 8
mem[X,0x0000000080001934] -> 0xBC23
mem[X,0x0000000080001936] -> 0x2420
[776] [M]: 0x0000000080001934 (0x2420BC23) sd sp, 600(ra)
mem[0x0000000080006370] <- 0xFF76DF56FF76DFEE
mem[X,0x0000000080001938] -> 0x0513
mem[X,0x000000008000193A] -> 0xEFF0
[777] [M]: 0x0000000080001938 (0xEFF00513) addi a0, zero, 3839
x10 <- 0xFFFFFFFFFFFFFEFF
mem[X,0x000000008000193C] -> 0xA811
[778] [M]: 0x000000008000193C (0xA811) c.j 10
mem[X,0x0000000080001950] -> 0xD965
[779] [M]: 0x0000000080001950 (0xD965) c.beqz a0, 248
mem[X,0x0000000080001952] -> 0x0113
mem[X,0x0000000080001954] -> 0x0021
[780] [M]: 0x0000000080001952 (0x00210113) addi sp, sp, 2
x2 <- 0xFF76DF56FF76DFF0
mem[X,0x0000000080001956] -> 0x006F
mem[X,0x0000000080001958] -> 0x0060
[781] [M]: 0x0000000080001956 (0x0060006F) jal zero, 6
mem[X,0x000000008000195C] -> 0xB023
mem[X,0x000000008000195E] -> 0x2620
[782] [M]: 0x000000008000195C (0x2620B023) sd sp, 608(ra)
mem[0x0000000080006378] <- 0xFF76DF56FF76DFF0
mem[X,0x0000000080001960] -> 0x0513
mem[X,0x0000000080001962] -> 0xDFF0
[783] [M]: 0x0000000080001960 (0xDFF00513) addi a0, zero, 3583
x10 <- 0xFFFFFFFFFFFFFDFF
mem[X,0x0000000080001964] -> 0xA031
[784] [M]: 0x0000000080001964 (0xA031) c.j 6
mem[X,0x0000000080001970] -> 0xC509
[785] [M]: 0x0000000080001970 (0xC509) c.beqz a0, 5
mem[X,0x0000000080001972] -> 0x0113
mem[X,0x0000000080001974] -> 0x0021
[786] [M]: 0x0000000080001972 (0x00210113) addi sp, sp, 2
x2 <- 0xFF76DF56FF76DFF2
mem[X,0x0000000080001976] -> 0x006F
mem[X,0x0000000080001978] -> 0x0060
[787] [M]: 0x0000000080001976 (0x0060006F) jal zero, 6
mem[X,0x000000008000197C] -> 0xB423
mem[X,0x000000008000197E] -> 0x2620
[788] [M]: 0x000000008000197C (0x2620B423) sd sp, 616(ra)
mem[0x0000000080006380] <- 0xFF76DF56FF76DFF2
mem[X,0x0000000080001980] -> 0x0513
mem[X,0x0000000080001982] -> 0xBFF0
[789] [M]: 0x0000000080001980 (0xBFF00513) addi a0, zero, 3071
x10 <- 0xFFFFFFFFFFFFFBFF
mem[X,0x0000000080001984] -> 0xA819
[790] [M]: 0x0000000080001984 (0xA819) c.j 11
mem[X,0x000000008000199A] -> 0xD57D
[791] [M]: 0x000000008000199A (0xD57D) c.beqz a0, 247
mem[X,0x000000008000199C] -> 0x0113
mem[X,0x000000008000199E] -> 0x0021
[792] [M]: 0x000000008000199C (0x00210113) addi sp, sp, 2
x2 <- 0xFF76DF56FF76DFF4
mem[X,0x00000000800019A0] -> 0x006F
mem[X,0x00000000800019A2] -> 0x0060
[793] [M]: 0x00000000800019A0 (0x0060006F) jal zero, 6
mem[X,0x00000000800019A6] -> 0xB823
mem[X,0x00000000800019A8] -> 0x2620
[794] [M]: 0x00000000800019A6 (0x2620B823) sd sp, 624(ra)
mem[0x0000000080006388] <- 0xFF76DF56FF76DFF4
mem[X,0x00000000800019AA] -> 0x0513
mem[X,0x00000000800019AC] -> 0x0010
[795] [M]: 0x00000000800019AA (0x00100513) addi a0, zero, 1
x10 <- 0x0000000000000001
mem[X,0x00000000800019AE] -> 0x1513
mem[X,0x00000000800019B0] -> 0x00B5
[796] [M]: 0x00000000800019AE (0x00B51513) slli a0, a0, 11
x10 <- 0x0000000000000800
mem[X,0x00000000800019B2] -> 0x4513
mem[X,0x00000000800019B4] -> 0xFFF5
[797] [M]: 0x00000000800019B2 (0xFFF54513) xori a0, a0, 4095
x10 <- 0xFFFFFFFFFFFFF7FF
mem[X,0x00000000800019B6] -> 0xA031
[798] [M]: 0x00000000800019B6 (0xA031) c.j 6
mem[X,0x00000000800019C2] -> 0xCD3D
[799] [M]: 0x00000000800019C2 (0xCD3D) c.beqz a0, 63
clint::tick mtime <- 0x0000000000000008
 clint timer pending at mtime 0x0000000000000008
htif::tick 0x0000000000000000
mem[X,0x00000000800019C4] -> 0x0113
mem[X,0x00000000800019C6] -> 0x0021
[800] [M]: 0x00000000800019C4 (0x00210113) addi sp, sp, 2
x2 <- 0xFF76DF56FF76DFF6
mem[X,0x00000000800019C8] -> 0x006F
mem[X,0x00000000800019CA] -> 0x07A0
[801] [M]: 0x00000000800019C8 (0x07A0006F) jal zero, 122
mem[X,0x0000000080001A42] -> 0xBC23
mem[X,0x0000000080001A44] -> 0x2620
[802] [M]: 0x0000000080001A42 (0x2620BC23) sd sp, 632(ra)
mem[0x0000000080006390] <- 0xFF76DF56FF76DFF6
mem[X,0x0000000080001A46] -> 0x0513
mem[X,0x0000000080001A48] -> 0x0010
[803] [M]: 0x0000000080001A46 (0x00100513) addi a0, zero, 1
x10 <- 0x0000000000000001
mem[X,0x0000000080001A4A] -> 0x1513
mem[X,0x0000000080001A4C] -> 0x00C5
[804] [M]: 0x0000000080001A4A (0x00C51513) slli a0, a0, 12
x10 <- 0x0000000000001000
mem[X,0x0000000080001A4E] -> 0x4513
mem[X,0x0000000080001A50] -> 0xFFF5
[805] [M]: 0x0000000080001A4E (0xFFF54513) xori a0, a0, 4095
x10 <- 0xFFFFFFFFFFFFEFFF
mem[X,0x0000000080001A52] -> 0xA031
[806] [M]: 0x0000000080001A52 (0xA031) c.j 6
mem[X,0x0000000080001A5E] -> 0xC519
[807] [M]: 0x0000000080001A5E (0xC519) c.beqz a0, 7
mem[X,0x0000000080001A60] -> 0x0113
mem[X,0x0000000080001A62] -> 0x0021
[808] [M]: 0x0000000080001A60 (0x00210113) addi sp, sp, 2
x2 <- 0xFF76DF56FF76DFF8
mem[X,0x0000000080001A64] -> 0x006F
mem[X,0x0000000080001A66] -> 0x00A0
[809] [M]: 0x0000000080001A64 (0x00A0006F) jal zero, 10
mem[X,0x0000000080001A6E] -> 0xB023
mem[X,0x0000000080001A70] -> 0x2820
[810] [M]: 0x0000000080001A6E (0x2820B023) sd sp, 640(ra)
mem[0x0000000080006398] <- 0xFF76DF56FF76DFF8
mem[X,0x0000000080001A72] -> 0x0513
mem[X,0x0000000080001A74] -> 0x0010
[811] [M]: 0x0000000080001A72 (0x00100513) addi a0, zero, 1
x10 <- 0x0000000000000001
mem[X,0x0000000080001A76] -> 0x1513
mem[X,0x0000000080001A78] -> 0x00D5
[812] [M]: 0x0000000080001A76 (0x00D51513) slli a0, a0, 13
x10 <- 0x0000000000002000
mem[X,0x0000000080001A7A] -> 0x4513
mem[X,0x0000000080001A7C] -> 0xFFF5
[813] [M]: 0x0000000080001A7A (0xFFF54513) xori a0, a0, 4095
x10 <- 0xFFFFFFFFFFFFDFFF
mem[X,0x0000000080001A7E] -> 0xA031
[814] [M]: 0x0000000080001A7E (0xA031) c.j 6
mem[X,0x0000000080001A8A] -> 0xC509
[815] [M]: 0x0000000080001A8A (0xC509) c.beqz a0, 5
mem[X,0x0000000080001A8C] -> 0x0113
mem[X,0x0000000080001A8E] -> 0x0021
[816] [M]: 0x0000000080001A8C (0x00210113) addi sp, sp, 2
x2 <- 0xFF76DF56FF76DFFA
mem[X,0x0000000080001A90] -> 0x006F
mem[X,0x0000000080001A92] -> 0x0060
[817] [M]: 0x0000000080001A90 (0x0060006F) jal zero, 6
mem[X,0x0000000080001A96] -> 0xB423
mem[X,0x0000000080001A98] -> 0x2820
[818] [M]: 0x0000000080001A96 (0x2820B423) sd sp, 648(ra)
mem[0x00000000800063A0] <- 0xFF76DF56FF76DFFA
mem[X,0x0000000080001A9A] -> 0x0513
mem[X,0x0000000080001A9C] -> 0x0010
[819] [M]: 0x0000000080001A9A (0x00100513) addi a0, zero, 1
x10 <- 0x0000000000000001
mem[X,0x0000000080001A9E] -> 0x1513
mem[X,0x0000000080001AA0] -> 0x00E5
[820] [M]: 0x0000000080001A9E (0x00E51513) slli a0, a0, 14
x10 <- 0x0000000000004000
mem[X,0x0000000080001AA2] -> 0x4513
mem[X,0x0000000080001AA4] -> 0xFFF5
[821] [M]: 0x0000000080001AA2 (0xFFF54513) xori a0, a0, 4095
x10 <- 0xFFFFFFFFFFFFBFFF
mem[X,0x0000000080001AA6] -> 0xA845
[822] [M]: 0x0000000080001AA6 (0xA845) c.j 88
mem[X,0x0000000080001B56] -> 0xD931
[823] [M]: 0x0000000080001B56 (0xD931) c.beqz a0, 170
mem[X,0x0000000080001B58] -> 0x0113
mem[X,0x0000000080001B5A] -> 0x0021
[824] [M]: 0x0000000080001B58 (0x00210113) addi sp, sp, 2
x2 <- 0xFF76DF56FF76DFFC
mem[X,0x0000000080001B5C] -> 0x006F
mem[X,0x0000000080001B5E] -> 0x0060
[825] [M]: 0x0000000080001B5C (0x0060006F) jal zero, 6
mem[X,0x0000000080001B62] -> 0xB823
mem[X,0x0000000080001B64] -> 0x2820
[826] [M]: 0x0000000080001B62 (0x2820B823) sd sp, 656(ra)
mem[0x00000000800063A8] <- 0xFF76DF56FF76DFFC
mem[X,0x0000000080001B66] -> 0x0513
mem[X,0x0000000080001B68] -> 0x0010
[827] [M]: 0x0000000080001B66 (0x00100513) addi a0, zero, 1
x10 <- 0x0000000000000001
mem[X,0x0000000080001B6A] -> 0x1513
mem[X,0x0000000080001B6C] -> 0x00F5
[828] [M]: 0x0000000080001B6A (0x00F51513) slli a0, a0, 15
x10 <- 0x0000000000008000
mem[X,0x0000000080001B6E] -> 0x4513
mem[X,0x0000000080001B70] -> 0xFFF5
[829] [M]: 0x0000000080001B6E (0xFFF54513) xori a0, a0, 4095
x10 <- 0xFFFFFFFFFFFF7FFF
mem[X,0x0000000080001B72] -> 0xA031
[830] [M]: 0x0000000080001B72 (0xA031) c.j 6
mem[X,0x0000000080001B7E] -> 0xC121
[831] [M]: 0x0000000080001B7E (0xC121) c.beqz a0, 32
mem[X,0x0000000080001B80] -> 0x0113
mem[X,0x0000000080001B82] -> 0x0021
[832] [M]: 0x0000000080001B80 (0x00210113) addi sp, sp, 2
x2 <- 0xFF76DF56FF76DFFE
mem[X,0x0000000080001B84] -> 0x006F
mem[X,0x0000000080001B86] -> 0x03C0
[833] [M]: 0x0000000080001B84 (0x03C0006F) jal zero, 60
mem[X,0x0000000080001BC0] -> 0xBC23
mem[X,0x0000000080001BC2] -> 0x2820
[834] [M]: 0x0000000080001BC0 (0x2820BC23) sd sp, 664(ra)
mem[0x00000000800063B0] <- 0xFF76DF56FF76DFFE
mem[X,0x0000000080001BC4] -> 0x0513
mem[X,0x0000000080001BC6] -> 0x0010
[835] [M]: 0x0000000080001BC4 (0x00100513) addi a0, zero, 1
x10 <- 0x0000000000000001
mem[X,0x0000000080001BC8] -> 0x1513
mem[X,0x0000000080001BCA] -> 0x0105
[836] [M]: 0x0000000080001BC8 (0x01051513) slli a0, a0, 16
x10 <- 0x0000000000010000
mem[X,0x0000000080001BCC] -> 0x4513
mem[X,0x0000000080001BCE] -> 0xFFF5
[837] [M]: 0x0000000080001BCC (0xFFF54513) xori a0, a0, 4095
x10 <- 0xFFFFFFFFFFFEFFFF
mem[X,0x0000000080001BD0] -> 0xA821
[838] [M]: 0x0000000080001BD0 (0xA821) c.j 12
mem[X,0x0000000080001BE8] -> 0xD575
[839] [M]: 0x0000000080001BE8 (0xD575) c.beqz a0, 246
mem[X,0x0000000080001BEA] -> 0x0113
mem[X,0x0000000080001BEC] -> 0x0021
[840] [M]: 0x0000000080001BEA (0x00210113) addi sp, sp, 2
x2 <- 0xFF76DF56FF76E000
mem[X,0x0000000080001BEE] -> 0x006F
mem[X,0x0000000080001BF0] -> 0x0060
[841] [M]: 0x0000000080001BEE (0x0060006F) jal zero, 6
mem[X,0x0000000080001BF4] -> 0xB023
mem[X,0x0000000080001BF6] -> 0x2A20
[842] [M]: 0x0000000080001BF4 (0x2A20B023) sd sp, 672(ra)
mem[0x00000000800063B8] <- 0xFF76DF56FF76E000
mem[X,0x0000000080001BF8] -> 0x0513
mem[X,0x0000000080001BFA] -> 0x0010
[843] [M]: 0x0000000080001BF8 (0x00100513) addi a0, zero, 1
x10 <- 0x0000000000000001
mem[X,0x0000000080001BFC] -> 0x1513
mem[X,0x0000000080001BFE] -> 0x0115
[844] [M]: 0x0000000080001BFC (0x01151513) slli a0, a0, 17
x10 <- 0x0000000000020000
mem[X,0x0000000080001C00] -> 0x4513
mem[X,0x0000000080001C02] -> 0xFFF5
[845] [M]: 0x0000000080001C00 (0xFFF54513) xori a0, a0, 4095
x10 <- 0xFFFFFFFFFFFDFFFF
mem[X,0x0000000080001C04] -> 0xA059
[846] [M]: 0x0000000080001C04 (0xA059) c.j 67
mem[X,0x0000000080001C8A] -> 0xDD3D
[847] [M]: 0x0000000080001C8A (0xDD3D) c.beqz a0, 191
mem[X,0x0000000080001C8C] -> 0x0113
mem[X,0x0000000080001C8E] -> 0x0021
[848] [M]: 0x0000000080001C8C (0x00210113) addi sp, sp, 2
x2 <- 0xFF76DF56FF76E002
mem[X,0x0000000080001C90] -> 0x006F
mem[X,0x0000000080001C92] -> 0x0060
[849] [M]: 0x0000000080001C90 (0x0060006F) jal zero, 6
mem[X,0x0000000080001C96] -> 0xB423
mem[X,0x0000000080001C98] -> 0x2A20
[850] [M]: 0x0000000080001C96 (0x2A20B423) sd sp, 680(ra)
mem[0x00000000800063C0] <- 0xFF76DF56FF76E002
mem[X,0x0000000080001C9A] -> 0x0513
mem[X,0x0000000080001C9C] -> 0x0010
[851] [M]: 0x0000000080001C9A (0x00100513) addi a0, zero, 1
x10 <- 0x0000000000000001
mem[X,0x0000000080001C9E] -> 0x1513
mem[X,0x0000000080001CA0] -> 0x0125
[852] [M]: 0x0000000080001C9E (0x01251513) slli a0, a0, 18
x10 <- 0x0000000000040000
mem[X,0x0000000080001CA2] -> 0x4513
mem[X,0x0000000080001CA4] -> 0xFFF5
[853] [M]: 0x0000000080001CA2 (0xFFF54513) xori a0, a0, 4095
x10 <- 0xFFFFFFFFFFFBFFFF
mem[X,0x0000000080001CA6] -> 0xA811
[854] [M]: 0x0000000080001CA6 (0xA811) c.j 10
mem[X,0x0000000080001CBA] -> 0xD965
[855] [M]: 0x0000000080001CBA (0xD965) c.beqz a0, 248
mem[X,0x0000000080001CBC] -> 0x0113
mem[X,0x0000000080001CBE] -> 0x0021
[856] [M]: 0x0000000080001CBC (0x00210113) addi sp, sp, 2
x2 <- 0xFF76DF56FF76E004
mem[X,0x0000000080001CC0] -> 0x006F
mem[X,0x0000000080001CC2] -> 0x0060
[857] [M]: 0x0000000080001CC0 (0x0060006F) jal zero, 6
mem[X,0x0000000080001CC6] -> 0xB823
mem[X,0x0000000080001CC8] -> 0x2A20
[858] [M]: 0x0000000080001CC6 (0x2A20B823) sd sp, 688(ra)
mem[0x00000000800063C8] <- 0xFF76DF56FF76E004
mem[X,0x0000000080001CCA] -> 0x0513
mem[X,0x0000000080001CCC] -> 0x0010
[859] [M]: 0x0000000080001CCA (0x00100513) addi a0, zero, 1
x10 <- 0x0000000000000001
mem[X,0x0000000080001CCE] -> 0x1513
mem[X,0x0000000080001CD0] -> 0x0135
[860] [M]: 0x0000000080001CCE (0x01351513) slli a0, a0, 19
x10 <- 0x0000000000080000
mem[X,0x0000000080001CD2] -> 0x4513
mem[X,0x0000000080001CD4] -> 0xFFF5
[861] [M]: 0x0000000080001CD2 (0xFFF54513) xori a0, a0, 4095
x10 <- 0xFFFFFFFFFFF7FFFF
mem[X,0x0000000080001CD6] -> 0xA809
[862] [M]: 0x0000000080001CD6 (0xA809) c.j 9
mem[X,0x0000000080001CE8] -> 0xD96D
[863] [M]: 0x0000000080001CE8 (0xD96D) c.beqz a0, 249
mem[X,0x0000000080001CEA] -> 0x0113
mem[X,0x0000000080001CEC] -> 0x0021
[864] [M]: 0x0000000080001CEA (0x00210113) addi sp, sp, 2
x2 <- 0xFF76DF56FF76E006
mem[X,0x0000000080001CEE] -> 0x006F
mem[X,0x0000000080001CF0] -> 0x0060
[865] [M]: 0x0000000080001CEE (0x0060006F) jal zero, 6
mem[X,0x0000000080001CF4] -> 0xBC23
mem[X,0x0000000080001CF6] -> 0x2A20
[866] [M]: 0x0000000080001CF4 (0x2A20BC23) sd sp, 696(ra)
mem[0x00000000800063D0] <- 0xFF76DF56FF76E006
mem[X,0x0000000080001CF8] -> 0x0513
mem[X,0x0000000080001CFA] -> 0x0010
[867] [M]: 0x0000000080001CF8 (0x00100513) addi a0, zero, 1
x10 <- 0x0000000000000001
mem[X,0x0000000080001CFC] -> 0x1513
mem[X,0x0000000080001CFE] -> 0x0375
[868] [M]: 0x0000000080001CFC (0x03751513) slli a0, a0, 55
x10 <- 0x0080000000000000
mem[X,0x0000000080001D00] -> 0x4513
mem[X,0x0000000080001D02] -> 0xFFF5
[869] [M]: 0x0000000080001D00 (0xFFF54513) xori a0, a0, 4095
x10 <- 0xFF7FFFFFFFFFFFFF
mem[X,0x0000000080001D04] -> 0xA809
[870] [M]: 0x0000000080001D04 (0xA809) c.j 9
mem[X,0x0000000080001D16] -> 0xD96D
[871] [M]: 0x0000000080001D16 (0xD96D) c.beqz a0, 249
mem[X,0x0000000080001D18] -> 0x0113
mem[X,0x0000000080001D1A] -> 0x0021
[872] [M]: 0x0000000080001D18 (0x00210113) addi sp, sp, 2
x2 <- 0xFF76DF56FF76E008
mem[X,0x0000000080001D1C] -> 0x006F
mem[X,0x0000000080001D1E] -> 0x0060
[873] [M]: 0x0000000080001D1C (0x0060006F) jal zero, 6
mem[X,0x0000000080001D22] -> 0xB023
mem[X,0x0000000080001D24] -> 0x2C20
[874] [M]: 0x0000000080001D22 (0x2C20B023) sd sp, 704(ra)
mem[0x00000000800063D8] <- 0xFF76DF56FF76E008
mem[X,0x0000000080001D26] -> 0x0513
mem[X,0x0000000080001D28] -> 0x0010
[875] [M]: 0x0000000080001D26 (0x00100513) addi a0, zero, 1
x10 <- 0x0000000000000001
mem[X,0x0000000080001D2A] -> 0x1513
mem[X,0x0000000080001D2C] -> 0x0385
[876] [M]: 0x0000000080001D2A (0x03851513) slli a0, a0, 56
x10 <- 0x0100000000000000
mem[X,0x0000000080001D2E] -> 0x4513
mem[X,0x0000000080001D30] -> 0xFFF5
[877] [M]: 0x0000000080001D2E (0xFFF54513) xori a0, a0, 4095
x10 <- 0xFEFFFFFFFFFFFFFF
mem[X,0x0000000080001D32] -> 0xA031
[878] [M]: 0x0000000080001D32 (0xA031) c.j 6
mem[X,0x0000000080001D3E] -> 0xC121
[879] [M]: 0x0000000080001D3E (0xC121) c.beqz a0, 32
mem[X,0x0000000080001D40] -> 0x0113
mem[X,0x0000000080001D42] -> 0x0021
[880] [M]: 0x0000000080001D40 (0x00210113) addi sp, sp, 2
x2 <- 0xFF76DF56FF76E00A
mem[X,0x0000000080001D44] -> 0x006F
mem[X,0x0000000080001D46] -> 0x03C0
[881] [M]: 0x0000000080001D44 (0x03C0006F) jal zero, 60
mem[X,0x0000000080001D80] -> 0xB423
mem[X,0x0000000080001D82] -> 0x2C20
[882] [M]: 0x0000000080001D80 (0x2C20B423) sd sp, 712(ra)
mem[0x00000000800063E0] <- 0xFF76DF56FF76E00A
mem[X,0x0000000080001D84] -> 0x0513
mem[X,0x0000000080001D86] -> 0x0010
[883] [M]: 0x0000000080001D84 (0x00100513) addi a0, zero, 1
x10 <- 0x0000000000000001
mem[X,0x0000000080001D88] -> 0x1513
mem[X,0x0000000080001D8A] -> 0x0395
[884] [M]: 0x0000000080001D88 (0x03951513) slli a0, a0, 57
x10 <- 0x0200000000000000
mem[X,0x0000000080001D8C] -> 0x4513
mem[X,0x0000000080001D8E] -> 0xFFF5
[885] [M]: 0x0000000080001D8C (0xFFF54513) xori a0, a0, 4095
x10 <- 0xFDFFFFFFFFFFFFFF
mem[X,0x0000000080001D90] -> 0xA099
[886] [M]: 0x0000000080001D90 (0xA099) c.j 35
mem[X,0x0000000080001DD6] -> 0xDD5D
[887] [M]: 0x0000000080001DD6 (0xDD5D) c.beqz a0, 223
mem[X,0x0000000080001DD8] -> 0x0113
mem[X,0x0000000080001DDA] -> 0x0021
[888] [M]: 0x0000000080001DD8 (0x00210113) addi sp, sp, 2
x2 <- 0xFF76DF56FF76E00C
mem[X,0x0000000080001DDC] -> 0x006F
mem[X,0x0000000080001DDE] -> 0x0060
[889] [M]: 0x0000000080001DDC (0x0060006F) jal zero, 6
mem[X,0x0000000080001DE2] -> 0xB823
mem[X,0x0000000080001DE4] -> 0x2C20
[890] [M]: 0x0000000080001DE2 (0x2C20B823) sd sp, 720(ra)
mem[0x00000000800063E8] <- 0xFF76DF56FF76E00C
mem[X,0x0000000080001DE6] -> 0x0513
mem[X,0x0000000080001DE8] -> 0x0010
[891] [M]: 0x0000000080001DE6 (0x00100513) addi a0, zero, 1
x10 <- 0x0000000000000001
mem[X,0x0000000080001DEA] -> 0x1513
mem[X,0x0000000080001DEC] -> 0x03A5
[892] [M]: 0x0000000080001DEA (0x03A51513) slli a0, a0, 58
x10 <- 0x0400000000000000
mem[X,0x0000000080001DEE] -> 0x4513
mem[X,0x0000000080001DF0] -> 0xFFF5
[893] [M]: 0x0000000080001DEE (0xFFF54513) xori a0, a0, 4095
x10 <- 0xFBFFFFFFFFFFFFFF
mem[X,0x0000000080001DF2] -> 0xA031
[894] [M]: 0x0000000080001DF2 (0xA031) c.j 6
mem[X,0x0000000080001DFE] -> 0xC901
[895] [M]: 0x0000000080001DFE (0xC901) c.beqz a0, 8
mem[X,0x0000000080001E00] -> 0x0113
mem[X,0x0000000080001E02] -> 0x0021
[896] [M]: 0x0000000080001E00 (0x00210113) addi sp, sp, 2
x2 <- 0xFF76DF56FF76E00E
mem[X,0x0000000080001E04] -> 0x006F
mem[X,0x0000000080001E06] -> 0x00C0
[897] [M]: 0x0000000080001E04 (0x00C0006F) jal zero, 12
mem[X,0x0000000080001E10] -> 0xBC23
mem[X,0x0000000080001E12] -> 0x2C20
[898] [M]: 0x0000000080001E10 (0x2C20BC23) sd sp, 728(ra)
mem[0x00000000800063F0] <- 0xFF76DF56FF76E00E
mem[X,0x0000000080001E14] -> 0x0513
mem[X,0x0000000080001E16] -> 0x0010
[899] [M]: 0x0000000080001E14 (0x00100513) addi a0, zero, 1
x10 <- 0x0000000000000001
clint::tick mtime <- 0x0000000000000009
 clint timer pending at mtime 0x0000000000000009
htif::tick 0x0000000000000000
mem[X,0x0000000080001E18] -> 0x1513
mem[X,0x0000000080001E1A] -> 0x03B5
[900] [M]: 0x0000000080001E18 (0x03B51513) slli a0, a0, 59
x10 <- 0x0800000000000000
mem[X,0x0000000080001E1C] -> 0x4513
mem[X,0x0000000080001E1E] -> 0xFFF5
[901] [M]: 0x0000000080001E1C (0xFFF54513) xori a0, a0, 4095
x10 <- 0xF7FFFFFFFFFFFFFF
mem[X,0x0000000080001E20] -> 0xA031
[902] [M]: 0x0000000080001E20 (0xA031) c.j 6
mem[X,0x0000000080001E2C] -> 0xC509
[903] [M]: 0x0000000080001E2C (0xC509) c.beqz a0, 5
mem[X,0x0000000080001E2E] -> 0x0113
mem[X,0x0000000080001E30] -> 0x0021
[904] [M]: 0x0000000080001E2E (0x00210113) addi sp, sp, 2
x2 <- 0xFF76DF56FF76E010
mem[X,0x0000000080001E32] -> 0x006F
mem[X,0x0000000080001E34] -> 0x0060
[905] [M]: 0x0000000080001E32 (0x0060006F) jal zero, 6
mem[X,0x0000000080001E38] -> 0xB023
mem[X,0x0000000080001E3A] -> 0x2E20
[906] [M]: 0x0000000080001E38 (0x2E20B023) sd sp, 736(ra)
mem[0x00000000800063F8] <- 0xFF76DF56FF76E010
mem[X,0x0000000080001E3C] -> 0x0513
mem[X,0x0000000080001E3E] -> 0x0010
[907] [M]: 0x0000000080001E3C (0x00100513) addi a0, zero, 1
x10 <- 0x0000000000000001
mem[X,0x0000000080001E40] -> 0x1513
mem[X,0x0000000080001E42] -> 0x03C5
[908] [M]: 0x0000000080001E40 (0x03C51513) slli a0, a0, 60
x10 <- 0x1000000000000000
mem[X,0x0000000080001E44] -> 0x4513
mem[X,0x0000000080001E46] -> 0xFFF5
[909] [M]: 0x0000000080001E44 (0xFFF54513) xori a0, a0, 4095
x10 <- 0xEFFFFFFFFFFFFFFF
mem[X,0x0000000080001E48] -> 0xA031
[910] [M]: 0x0000000080001E48 (0xA031) c.j 6
mem[X,0x0000000080001E54] -> 0xC511
[911] [M]: 0x0000000080001E54 (0xC511) c.beqz a0, 6
mem[X,0x0000000080001E56] -> 0x0113
mem[X,0x0000000080001E58] -> 0x0021
[912] [M]: 0x0000000080001E56 (0x00210113) addi sp, sp, 2
x2 <- 0xFF76DF56FF76E012
mem[X,0x0000000080001E5A] -> 0x006F
mem[X,0x0000000080001E5C] -> 0x0080
[913] [M]: 0x0000000080001E5A (0x0080006F) jal zero, 8
mem[X,0x0000000080001E62] -> 0xB423
mem[X,0x0000000080001E64] -> 0x2E20
[914] [M]: 0x0000000080001E62 (0x2E20B423) sd sp, 744(ra)
mem[0x0000000080006400] <- 0xFF76DF56FF76E012
mem[X,0x0000000080001E66] -> 0x0513
mem[X,0x0000000080001E68] -> 0x0010
[915] [M]: 0x0000000080001E66 (0x00100513) addi a0, zero, 1
x10 <- 0x0000000000000001
mem[X,0x0000000080001E6A] -> 0x1513
mem[X,0x0000000080001E6C] -> 0x03D5
[916] [M]: 0x0000000080001E6A (0x03D51513) slli a0, a0, 61
x10 <- 0x2000000000000000
mem[X,0x0000000080001E6E] -> 0x4513
mem[X,0x0000000080001E70] -> 0xFFF5
[917] [M]: 0x0000000080001E6E (0xFFF54513) xori a0, a0, 4095
x10 <- 0xDFFFFFFFFFFFFFFF
mem[X,0x0000000080001E72] -> 0xA031
[918] [M]: 0x0000000080001E72 (0xA031) c.j 6
mem[X,0x0000000080001E7E] -> 0xC511
[919] [M]: 0x0000000080001E7E (0xC511) c.beqz a0, 6
mem[X,0x0000000080001E80] -> 0x0113
mem[X,0x0000000080001E82] -> 0x0021
[920] [M]: 0x0000000080001E80 (0x00210113) addi sp, sp, 2
x2 <- 0xFF76DF56FF76E014
mem[X,0x0000000080001E84] -> 0x006F
mem[X,0x0000000080001E86] -> 0x0080
[921] [M]: 0x0000000080001E84 (0x0080006F) jal zero, 8
mem[X,0x0000000080001E8C] -> 0xB823
mem[X,0x0000000080001E8E] -> 0x2E20
[922] [M]: 0x0000000080001E8C (0x2E20B823) sd sp, 752(ra)
mem[0x0000000080006408] <- 0xFF76DF56FF76E014
mem[X,0x0000000080001E90] -> 0x0513
mem[X,0x0000000080001E92] -> 0x0010
[923] [M]: 0x0000000080001E90 (0x00100513) addi a0, zero, 1
x10 <- 0x0000000000000001
mem[X,0x0000000080001E94] -> 0x1513
mem[X,0x0000000080001E96] -> 0x03E5
[924] [M]: 0x0000000080001E94 (0x03E51513) slli a0, a0, 62
x10 <- 0x4000000000000000
mem[X,0x0000000080001E98] -> 0x4513
mem[X,0x0000000080001E9A] -> 0xFFF5
[925] [M]: 0x0000000080001E98 (0xFFF54513) xori a0, a0, 4095
x10 <- 0xBFFFFFFFFFFFFFFF
mem[X,0x0000000080001E9C] -> 0xA821
[926] [M]: 0x0000000080001E9C (0xA821) c.j 12
mem[X,0x0000000080001EB4] -> 0xD575
[927] [M]: 0x0000000080001EB4 (0xD575) c.beqz a0, 246
mem[X,0x0000000080001EB6] -> 0x0113
mem[X,0x0000000080001EB8] -> 0x0021
[928] [M]: 0x0000000080001EB6 (0x00210113) addi sp, sp, 2
x2 <- 0xFF76DF56FF76E016
mem[X,0x0000000080001EBA] -> 0x006F
mem[X,0x0000000080001EBC] -> 0x0060
[929] [M]: 0x0000000080001EBA (0x0060006F) jal zero, 6
mem[X,0x0000000080001EC0] -> 0xBC23
mem[X,0x0000000080001EC2] -> 0x2E20
[930] [M]: 0x0000000080001EC0 (0x2E20BC23) sd sp, 760(ra)
mem[0x0000000080006410] <- 0xFF76DF56FF76E016
mem[X,0x0000000080001EC4] -> 0x5537
mem[X,0x0000000080001EC6] -> 0x5555
[931] [M]: 0x0000000080001EC4 (0x55555537) lui a0, 349525
x10 <- 0x0000000055555000
mem[X,0x0000000080001EC8] -> 0x0513
mem[X,0x0000000080001ECA] -> 0x5555
[932] [M]: 0x0000000080001EC8 (0x55550513) addi a0, a0, 1365
x10 <- 0x0000000055555555
mem[X,0x0000000080001ECC] -> 0x1513
mem[X,0x0000000080001ECE] -> 0x00B5
[933] [M]: 0x0000000080001ECC (0x00B51513) slli a0, a0, 11
x10 <- 0x000002AAAAAAA800
mem[X,0x0000000080001ED0] -> 0x0513
mem[X,0x0000000080001ED2] -> 0x2AA5
[934] [M]: 0x0000000080001ED0 (0x2AA50513) addi a0, a0, 682
x10 <- 0x000002AAAAAAAAAA
mem[X,0x0000000080001ED4] -> 0x1513
mem[X,0x0000000080001ED6] -> 0x00B5
[935] [M]: 0x0000000080001ED4 (0x00B51513) slli a0, a0, 11
x10 <- 0x0015555555555000
mem[X,0x0000000080001ED8] -> 0x0513
mem[X,0x0000000080001EDA] -> 0x5555
[936] [M]: 0x0000000080001ED8 (0x55550513) addi a0, a0, 1365
x10 <- 0x0015555555555555
mem[X,0x0000000080001EDC] -> 0x1513
mem[X,0x0000000080001EDE] -> 0x00A5
[937] [M]: 0x0000000080001EDC (0x00A51513) slli a0, a0, 10
x10 <- 0x5555555555555400
mem[X,0x0000000080001EE0] -> 0x0513
mem[X,0x0000000080001EE2] -> 0x1555
[938] [M]: 0x0000000080001EE0 (0x15550513) addi a0, a0, 341
x10 <- 0x5555555555555555
mem[X,0x0000000080001EE4] -> 0xA031
[939] [M]: 0x0000000080001EE4 (0xA031) c.j 6
mem[X,0x0000000080001EF0] -> 0xC511
[940] [M]: 0x0000000080001EF0 (0xC511) c.beqz a0, 6
mem[X,0x0000000080001EF2] -> 0x0113
mem[X,0x0000000080001EF4] -> 0x0021
[941] [M]: 0x0000000080001EF2 (0x00210113) addi sp, sp, 2
x2 <- 0xFF76DF56FF76E018
mem[X,0x0000000080001EF6] -> 0x006F
mem[X,0x0000000080001EF8] -> 0x0080
[942] [M]: 0x0000000080001EF6 (0x0080006F) jal zero, 8
mem[X,0x0000000080001EFE] -> 0xB023
mem[X,0x0000000080001F00] -> 0x3020
[943] [M]: 0x0000000080001EFE (0x3020B023) sd sp, 768(ra)
mem[0x0000000080006418] <- 0xFF76DF56FF76E018
mem[X,0x0000000080001F02] -> 0xB537
mem[X,0x0000000080001F04] -> 0xAAAA
[944] [M]: 0x0000000080001F02 (0xAAAAB537) lui a0, 699051
x10 <- 0xFFFFFFFFAAAAB000
mem[X,0x0000000080001F06] -> 0x0513
mem[X,0x0000000080001F08] -> 0xAAA5
[945] [M]: 0x0000000080001F06 (0xAAA50513) addi a0, a0, 2730
x10 <- 0xFFFFFFFFAAAAAAAA
mem[X,0x0000000080001F0A] -> 0x1513
mem[X,0x0000000080001F0C] -> 0x00B5
[946] [M]: 0x0000000080001F0A (0x00B51513) slli a0, a0, 11
x10 <- 0xFFFFFD5555555000
mem[X,0x0000000080001F0E] -> 0x0513
mem[X,0x0000000080001F10] -> 0x5555
[947] [M]: 0x0000000080001F0E (0x55550513) addi a0, a0, 1365
x10 <- 0xFFFFFD5555555555
mem[X,0x0000000080001F12] -> 0x1513
mem[X,0x0000000080001F14] -> 0x00B5
[948] [M]: 0x0000000080001F12 (0x00B51513) slli a0, a0, 11
x10 <- 0xFFEAAAAAAAAAA800
mem[X,0x0000000080001F16] -> 0x0513
mem[X,0x0000000080001F18] -> 0x2AA5
[949] [M]: 0x0000000080001F16 (0x2AA50513) addi a0, a0, 682
x10 <- 0xFFEAAAAAAAAAAAAA
mem[X,0x0000000080001F1A] -> 0x1513
mem[X,0x0000000080001F1C] -> 0x00A5
[950] [M]: 0x0000000080001F1A (0x00A51513) slli a0, a0, 10
x10 <- 0xAAAAAAAAAAAAA800
mem[X,0x0000000080001F1E] -> 0x0513
mem[X,0x0000000080001F20] -> 0x2AA5
[951] [M]: 0x0000000080001F1E (0x2AA50513) addi a0, a0, 682
x10 <- 0xAAAAAAAAAAAAAAAA
mem[X,0x0000000080001F22] -> 0xA031
[952] [M]: 0x0000000080001F22 (0xA031) c.j 6
mem[X,0x0000000080001F2E] -> 0xC519
[953] [M]: 0x0000000080001F2E (0xC519) c.beqz a0, 7
mem[X,0x0000000080001F30] -> 0x0113
mem[X,0x0000000080001F32] -> 0x0021
[954] [M]: 0x0000000080001F30 (0x00210113) addi sp, sp, 2
x2 <- 0xFF76DF56FF76E01A
mem[X,0x0000000080001F34] -> 0x006F
mem[X,0x0000000080001F36] -> 0x00A0
[955] [M]: 0x0000000080001F34 (0x00A0006F) jal zero, 10
mem[X,0x0000000080001F3E] -> 0xB423
mem[X,0x0000000080001F40] -> 0x3020
[956] [M]: 0x0000000080001F3E (0x3020B423) sd sp, 776(ra)
mem[0x0000000080006420] <- 0xFF76DF56FF76E01A
mem[X,0x0000000080001F42] -> 0x0513
mem[X,0x0000000080001F44] -> 0x0030
[957] [M]: 0x0000000080001F42 (0x00300513) addi a0, zero, 3
x10 <- 0x0000000000000003
mem[X,0x0000000080001F46] -> 0xA031
[958] [M]: 0x0000000080001F46 (0xA031) c.j 6
mem[X,0x0000000080001F52] -> 0xC509
[959] [M]: 0x0000000080001F52 (0xC509) c.beqz a0, 5
mem[X,0x0000000080001F54] -> 0x0113
mem[X,0x0000000080001F56] -> 0x0021
[960] [M]: 0x0000000080001F54 (0x00210113) addi sp, sp, 2
x2 <- 0xFF76DF56FF76E01C
mem[X,0x0000000080001F58] -> 0x006F
mem[X,0x0000000080001F5A] -> 0x0060
[961] [M]: 0x0000000080001F58 (0x0060006F) jal zero, 6
mem[X,0x0000000080001F5E] -> 0xB823
mem[X,0x0000000080001F60] -> 0x3020
[962] [M]: 0x0000000080001F5E (0x3020B823) sd sp, 784(ra)
mem[0x0000000080006428] <- 0xFF76DF56FF76E01C
mem[X,0x0000000080001F62] -> 0x0513
mem[X,0x0000000080001F64] -> 0x0050
[963] [M]: 0x0000000080001F62 (0x00500513) addi a0, zero, 5
x10 <- 0x0000000000000005
mem[X,0x0000000080001F66] -> 0xA031
[964] [M]: 0x0000000080001F66 (0xA031) c.j 6
mem[X,0x0000000080001F72] -> 0xC509
[965] [M]: 0x0000000080001F72 (0xC509) c.beqz a0, 5
mem[X,0x0000000080001F74] -> 0x0113
mem[X,0x0000000080001F76] -> 0x0021
[966] [M]: 0x0000000080001F74 (0x00210113) addi sp, sp, 2
x2 <- 0xFF76DF56FF76E01E
mem[X,0x0000000080001F78] -> 0x006F
mem[X,0x0000000080001F7A] -> 0x0060
[967] [M]: 0x0000000080001F78 (0x0060006F) jal zero, 6
mem[X,0x0000000080001F7E] -> 0xBC23
mem[X,0x0000000080001F80] -> 0x3020
[968] [M]: 0x0000000080001F7E (0x3020BC23) sd sp, 792(ra)
mem[0x0000000080006430] <- 0xFF76DF56FF76E01E
mem[X,0x0000000080001F82] -> 0x3537
mem[X,0x0000000080001F84] -> 0x3333
[969] [M]: 0x0000000080001F82 (0x33333537) lui a0, 209715
x10 <- 0x0000000033333000
mem[X,0x0000000080001F86] -> 0x0513
mem[X,0x0000000080001F88] -> 0x3335
[970] [M]: 0x0000000080001F86 (0x33350513) addi a0, a0, 819
x10 <- 0x0000000033333333
mem[X,0x0000000080001F8A] -> 0x1513
mem[X,0x0000000080001F8C] -> 0x00B5
[971] [M]: 0x0000000080001F8A (0x00B51513) slli a0, a0, 11
x10 <- 0x0000019999999800
mem[X,0x0000000080001F8E] -> 0x0513
mem[X,0x0000000080001F90] -> 0x1995
[972] [M]: 0x0000000080001F8E (0x19950513) addi a0, a0, 409
x10 <- 0x0000019999999999
mem[X,0x0000000080001F92] -> 0x1513
mem[X,0x0000000080001F94] -> 0x00B5
[973] [M]: 0x0000000080001F92 (0x00B51513) slli a0, a0, 11
x10 <- 0x000CCCCCCCCCC800
mem[X,0x0000000080001F96] -> 0x0513
mem[X,0x0000000080001F98] -> 0x4CC5
[974] [M]: 0x0000000080001F96 (0x4CC50513) addi a0, a0, 1228
x10 <- 0x000CCCCCCCCCCCCC
mem[X,0x0000000080001F9A] -> 0x1513
mem[X,0x0000000080001F9C] -> 0x00A5
[975] [M]: 0x0000000080001F9A (0x00A51513) slli a0, a0, 10
x10 <- 0x3333333333333000
mem[X,0x0000000080001F9E] -> 0x0513
mem[X,0x0000000080001FA0] -> 0x3335
[976] [M]: 0x0000000080001F9E (0x33350513) addi a0, a0, 819
x10 <- 0x3333333333333333
mem[X,0x0000000080001FA2] -> 0xA031
[977] [M]: 0x0000000080001FA2 (0xA031) c.j 6
mem[X,0x0000000080001FAE] -> 0xC105
[978] [M]: 0x0000000080001FAE (0xC105) c.beqz a0, 16
mem[X,0x0000000080001FB0] -> 0x0113
mem[X,0x0000000080001FB2] -> 0x0021
[979] [M]: 0x0000000080001FB0 (0x00210113) addi sp, sp, 2
x2 <- 0xFF76DF56FF76E020
mem[X,0x0000000080001FB4] -> 0x006F
mem[X,0x0000000080001FB6] -> 0x01C0
[980] [M]: 0x0000000080001FB4 (0x01C0006F) jal zero, 28
mem[X,0x0000000080001FD0] -> 0xB023
mem[X,0x0000000080001FD2] -> 0x3220
[981] [M]: 0x0000000080001FD0 (0x3220B023) sd sp, 800(ra)
mem[0x0000000080006438] <- 0xFF76DF56FF76E020
mem[X,0x0000000080001FD4] -> 0x6537
mem[X,0x0000000080001FD6] -> 0x6666
[982] [M]: 0x0000000080001FD4 (0x66666537) lui a0, 419430
x10 <- 0x0000000066666000
mem[X,0x0000000080001FD8] -> 0x0513
mem[X,0x0000000080001FDA] -> 0x6665
[983] [M]: 0x0000000080001FD8 (0x66650513) addi a0, a0, 1638
x10 <- 0x0000000066666666
mem[X,0x0000000080001FDC] -> 0x1513
mem[X,0x0000000080001FDE] -> 0x00B5
[984] [M]: 0x0000000080001FDC (0x00B51513) slli a0, a0, 11
x10 <- 0x0000033333333000
mem[X,0x0000000080001FE0] -> 0x0513
mem[X,0x0000000080001FE2] -> 0x3335
[985] [M]: 0x0000000080001FE0 (0x33350513) addi a0, a0, 819
x10 <- 0x0000033333333333
mem[X,0x0000000080001FE4] -> 0x1513
mem[X,0x0000000080001FE6] -> 0x00B5
[986] [M]: 0x0000000080001FE4 (0x00B51513) slli a0, a0, 11
x10 <- 0x0019999999999800
mem[X,0x0000000080001FE8] -> 0x0513
mem[X,0x0000000080001FEA] -> 0x1995
[987] [M]: 0x0000000080001FE8 (0x19950513) addi a0, a0, 409
x10 <- 0x0019999999999999
mem[X,0x0000000080001FEC] -> 0x1513
mem[X,0x0000000080001FEE] -> 0x00A5
[988] [M]: 0x0000000080001FEC (0x00A51513) slli a0, a0, 10
x10 <- 0x6666666666666400
mem[X,0x0000000080001FF0] -> 0x0513
mem[X,0x0000000080001FF2] -> 0x2665
[989] [M]: 0x0000000080001FF0 (0x26650513) addi a0, a0, 614
x10 <- 0x6666666666666666
mem[X,0x0000000080001FF4] -> 0xA031
[990] [M]: 0x0000000080001FF4 (0xA031) c.j 6
mem[X,0x0000000080002000] -> 0xC909
[991] [M]: 0x0000000080002000 (0xC909) c.beqz a0, 9
mem[X,0x0000000080002002] -> 0x0113
mem[X,0x0000000080002004] -> 0x0021
[992] [M]: 0x0000000080002002 (0x00210113) addi sp, sp, 2
x2 <- 0xFF76DF56FF76E022
mem[X,0x0000000080002006] -> 0x006F
mem[X,0x0000000080002008] -> 0x00E0
[993] [M]: 0x0000000080002006 (0x00E0006F) jal zero, 14
mem[X,0x0000000080002014] -> 0xB423
mem[X,0x0000000080002016] -> 0x3220
[994] [M]: 0x0000000080002014 (0x3220B423) sd sp, 808(ra)
mem[0x0000000080006440] <- 0xFF76DF56FF76E022
mem[X,0x0000000080002018] -> 0x0537
mem[X,0x000000008000201A] -> 0x0000
[995] [M]: 0x0000000080002018 (0x00000537) lui a0, 0
x10 <- 0x0000000000000000
mem[X,0x000000008000201C] -> 0x0513
mem[X,0x000000008000201E] -> 0x0005
[996] [M]: 0x000000008000201C (0x00050513) addi a0, a0, 0
x10 <- 0x0000000000000000
mem[X,0x0000000080002020] -> 0x1513
mem[X,0x0000000080002022] -> 0x00B5
[997] [M]: 0x0000000080002020 (0x00B51513) slli a0, a0, 11
x10 <- 0x0000000000000000
mem[X,0x0000000080002024] -> 0x0513
mem[X,0x0000000080002026] -> 0x5A85
[998] [M]: 0x0000000080002024 (0x5A850513) addi a0, a0, 1448
x10 <- 0x00000000000005A8
mem[X,0x0000000080002028] -> 0x1513
mem[X,0x000000008000202A] -> 0x00B5
[999] [M]: 0x0000000080002028 (0x00B51513) slli a0, a0, 11
x10 <- 0x00000000002D4000
clint::tick mtime <- 0x000000000000000A
 clint timer pending at mtime 0x000000000000000A
htif::tick 0x0000000000000000
mem[X,0x000000008000202C] -> 0x0513
mem[X,0x000000008000202E] -> 0x13C5
[1000] [M]: 0x000000008000202C (0x13C50513) addi a0, a0, 316
x10 <- 0x00000000002D413C
mem[X,0x0000000080002030] -> 0x1513
mem[X,0x0000000080002032] -> 0x00A5
[1001] [M]: 0x0000000080002030 (0x00A51513) slli a0, a0, 10
x10 <- 0x00000000B504F000
mem[X,0x0000000080002034] -> 0x0513
mem[X,0x0000000080002036] -> 0x3335
[1002] [M]: 0x0000000080002034 (0x33350513) addi a0, a0, 819
x10 <- 0x00000000B504F333
mem[X,0x0000000080002038] -> 0xA031
[1003] [M]: 0x0000000080002038 (0xA031) c.j 6
mem[X,0x0000000080002044] -> 0xDD65
[1004] [M]: 0x0000000080002044 (0xDD65) c.beqz a0, 252
mem[X,0x0000000080002046] -> 0x0113
mem[X,0x0000000080002048] -> 0x0021
[1005] [M]: 0x0000000080002046 (0x00210113) addi sp, sp, 2
x2 <- 0xFF76DF56FF76E024
mem[X,0x000000008000204A] -> 0x006F
mem[X,0x000000008000204C] -> 0x0060
[1006] [M]: 0x000000008000204A (0x0060006F) jal zero, 6
mem[X,0x0000000080002050] -> 0xB823
mem[X,0x0000000080002052] -> 0x3220
[1007] [M]: 0x0000000080002050 (0x3220B823) sd sp, 816(ra)
mem[0x0000000080006448] <- 0xFF76DF56FF76E024
mem[X,0x0000000080002054] -> 0x5537
mem[X,0x0000000080002056] -> 0x5555
[1008] [M]: 0x0000000080002054 (0x55555537) lui a0, 349525
x10 <- 0x0000000055555000
mem[X,0x0000000080002058] -> 0x0513
mem[X,0x000000008000205A] -> 0x5555
[1009] [M]: 0x0000000080002058 (0x55550513) addi a0, a0, 1365
x10 <- 0x0000000055555555
mem[X,0x000000008000205C] -> 0x1513
mem[X,0x000000008000205E] -> 0x00B5
[1010] [M]: 0x000000008000205C (0x00B51513) slli a0, a0, 11
x10 <- 0x000002AAAAAAA800
mem[X,0x0000000080002060] -> 0x0513
mem[X,0x0000000080002062] -> 0x2AA5
[1011] [M]: 0x0000000080002060 (0x2AA50513) addi a0, a0, 682
x10 <- 0x000002AAAAAAAAAA
mem[X,0x0000000080002064] -> 0x1513
mem[X,0x0000000080002066] -> 0x00B5
[1012] [M]: 0x0000000080002064 (0x00B51513) slli a0, a0, 11
x10 <- 0x0015555555555000
mem[X,0x0000000080002068] -> 0x0513
mem[X,0x000000008000206A] -> 0x5555
[1013] [M]: 0x0000000080002068 (0x55550513) addi a0, a0, 1365
x10 <- 0x0015555555555555
mem[X,0x000000008000206C] -> 0x1513
mem[X,0x000000008000206E] -> 0x00A5
[1014] [M]: 0x000000008000206C (0x00A51513) slli a0, a0, 10
x10 <- 0x5555555555555400
mem[X,0x0000000080002070] -> 0x0513
mem[X,0x0000000080002072] -> 0x1545
[1015] [M]: 0x0000000080002070 (0x15450513) addi a0, a0, 340
x10 <- 0x5555555555555554
mem[X,0x0000000080002074] -> 0xA031
[1016] [M]: 0x0000000080002074 (0xA031) c.j 6
mem[X,0x0000000080002080] -> 0xC509
[1017] [M]: 0x0000000080002080 (0xC509) c.beqz a0, 5
mem[X,0x0000000080002082] -> 0x0113
mem[X,0x0000000080002084] -> 0x0021
[1018] [M]: 0x0000000080002082 (0x00210113) addi sp, sp, 2
x2 <- 0xFF76DF56FF76E026
mem[X,0x0000000080002086] -> 0x006F
mem[X,0x0000000080002088] -> 0x0060
[1019] [M]: 0x0000000080002086 (0x0060006F) jal zero, 6
mem[X,0x000000008000208C] -> 0xBC23
mem[X,0x000000008000208E] -> 0x3220
[1020] [M]: 0x000000008000208C (0x3220BC23) sd sp, 824(ra)
mem[0x0000000080006450] <- 0xFF76DF56FF76E026
mem[X,0x0000000080002090] -> 0x3537
mem[X,0x0000000080002092] -> 0x3333
[1021] [M]: 0x0000000080002090 (0x33333537) lui a0, 209715
x10 <- 0x0000000033333000
mem[X,0x0000000080002094] -> 0x0513
mem[X,0x0000000080002096] -> 0x3335
[1022] [M]: 0x0000000080002094 (0x33350513) addi a0, a0, 819
x10 <- 0x0000000033333333
mem[X,0x0000000080002098] -> 0x1513
mem[X,0x000000008000209A] -> 0x00B5
[1023] [M]: 0x0000000080002098 (0x00B51513) slli a0, a0, 11
x10 <- 0x0000019999999800
mem[X,0x000000008000209C] -> 0x0513
mem[X,0x000000008000209E] -> 0x1995
[1024] [M]: 0x000000008000209C (0x19950513) addi a0, a0, 409
x10 <- 0x0000019999999999
mem[X,0x00000000800020A0] -> 0x1513
mem[X,0x00000000800020A2] -> 0x00B5
[1025] [M]: 0x00000000800020A0 (0x00B51513) slli a0, a0, 11
x10 <- 0x000CCCCCCCCCC800
mem[X,0x00000000800020A4] -> 0x0513
mem[X,0x00000000800020A6] -> 0x4CC5
[1026] [M]: 0x00000000800020A4 (0x4CC50513) addi a0, a0, 1228
x10 <- 0x000CCCCCCCCCCCCC
mem[X,0x00000000800020A8] -> 0x1513
mem[X,0x00000000800020AA] -> 0x00A5
[1027] [M]: 0x00000000800020A8 (0x00A51513) slli a0, a0, 10
x10 <- 0x3333333333333000
mem[X,0x00000000800020AC] -> 0x0513
mem[X,0x00000000800020AE] -> 0x3325
[1028] [M]: 0x00000000800020AC (0x33250513) addi a0, a0, 818
x10 <- 0x3333333333333332
mem[X,0x00000000800020B0] -> 0xA031
[1029] [M]: 0x00000000800020B0 (0xA031) c.j 6
mem[X,0x00000000800020BC] -> 0xC901
[1030] [M]: 0x00000000800020BC (0xC901) c.beqz a0, 8
mem[X,0x00000000800020BE] -> 0x0113
mem[X,0x00000000800020C0] -> 0x0021
[1031] [M]: 0x00000000800020BE (0x00210113) addi sp, sp, 2
x2 <- 0xFF76DF56FF76E028
mem[X,0x00000000800020C2] -> 0x006F
mem[X,0x00000000800020C4] -> 0x00C0
[1032] [M]: 0x00000000800020C2 (0x00C0006F) jal zero, 12
mem[X,0x00000000800020CE] -> 0xB023
mem[X,0x00000000800020D0] -> 0x3420
[1033] [M]: 0x00000000800020CE (0x3420B023) sd sp, 832(ra)
mem[0x0000000080006458] <- 0xFF76DF56FF76E028
mem[X,0x00000000800020D2] -> 0x6537
mem[X,0x00000000800020D4] -> 0x6666
[1034] [M]: 0x00000000800020D2 (0x66666537) lui a0, 419430
x10 <- 0x0000000066666000
mem[X,0x00000000800020D6] -> 0x0513
mem[X,0x00000000800020D8] -> 0x6665
[1035] [M]: 0x00000000800020D6 (0x66650513) addi a0, a0, 1638
x10 <- 0x0000000066666666
mem[X,0x00000000800020DA] -> 0x1513
mem[X,0x00000000800020DC] -> 0x00B5
[1036] [M]: 0x00000000800020DA (0x00B51513) slli a0, a0, 11
x10 <- 0x0000033333333000
mem[X,0x00000000800020DE] -> 0x0513
mem[X,0x00000000800020E0] -> 0x3335
[1037] [M]: 0x00000000800020DE (0x33350513) addi a0, a0, 819
x10 <- 0x0000033333333333
mem[X,0x00000000800020E2] -> 0x1513
mem[X,0x00000000800020E4] -> 0x00B5
[1038] [M]: 0x00000000800020E2 (0x00B51513) slli a0, a0, 11
x10 <- 0x0019999999999800
mem[X,0x00000000800020E6] -> 0x0513
mem[X,0x00000000800020E8] -> 0x1995
[1039] [M]: 0x00000000800020E6 (0x19950513) addi a0, a0, 409
x10 <- 0x0019999999999999
mem[X,0x00000000800020EA] -> 0x1513
mem[X,0x00000000800020EC] -> 0x00A5
[1040] [M]: 0x00000000800020EA (0x00A51513) slli a0, a0, 10
x10 <- 0x6666666666666400
mem[X,0x00000000800020EE] -> 0x0513
mem[X,0x00000000800020F0] -> 0x2655
[1041] [M]: 0x00000000800020EE (0x26550513) addi a0, a0, 613
x10 <- 0x6666666666666665
mem[X,0x00000000800020F2] -> 0xA031
[1042] [M]: 0x00000000800020F2 (0xA031) c.j 6
mem[X,0x00000000800020FE] -> 0xC141
[1043] [M]: 0x00000000800020FE (0xC141) c.beqz a0, 64
mem[X,0x0000000080002100] -> 0x0113
mem[X,0x0000000080002102] -> 0x0021
[1044] [M]: 0x0000000080002100 (0x00210113) addi sp, sp, 2
x2 <- 0xFF76DF56FF76E02A
mem[X,0x0000000080002104] -> 0x006F
mem[X,0x0000000080002106] -> 0x07C0
[1045] [M]: 0x0000000080002104 (0x07C0006F) jal zero, 124
mem[X,0x0000000080002180] -> 0xB423
mem[X,0x0000000080002182] -> 0x3420
[1046] [M]: 0x0000000080002180 (0x3420B423) sd sp, 840(ra)
mem[0x0000000080006460] <- 0xFF76DF56FF76E02A
mem[X,0x0000000080002184] -> 0x0537
mem[X,0x0000000080002186] -> 0x0000
[1047] [M]: 0x0000000080002184 (0x00000537) lui a0, 0
x10 <- 0x0000000000000000
mem[X,0x0000000080002188] -> 0x0513
mem[X,0x000000008000218A] -> 0x0005
[1048] [M]: 0x0000000080002188 (0x00050513) addi a0, a0, 0
x10 <- 0x0000000000000000
mem[X,0x000000008000218C] -> 0x1513
mem[X,0x000000008000218E] -> 0x00B5
[1049] [M]: 0x000000008000218C (0x00B51513) slli a0, a0, 11
x10 <- 0x0000000000000000
mem[X,0x0000000080002190] -> 0x0513
mem[X,0x0000000080002192] -> 0x5A85
[1050] [M]: 0x0000000080002190 (0x5A850513) addi a0, a0, 1448
x10 <- 0x00000000000005A8
mem[X,0x0000000080002194] -> 0x1513
mem[X,0x0000000080002196] -> 0x00B5
[1051] [M]: 0x0000000080002194 (0x00B51513) slli a0, a0, 11
x10 <- 0x00000000002D4000
mem[X,0x0000000080002198] -> 0x0513
mem[X,0x000000008000219A] -> 0x13C5
[1052] [M]: 0x0000000080002198 (0x13C50513) addi a0, a0, 316
x10 <- 0x00000000002D413C
mem[X,0x000000008000219C] -> 0x1513
mem[X,0x000000008000219E] -> 0x00A5
[1053] [M]: 0x000000008000219C (0x00A51513) slli a0, a0, 10
x10 <- 0x00000000B504F000
mem[X,0x00000000800021A0] -> 0x0513
mem[X,0x00000000800021A2] -> 0x3325
[1054] [M]: 0x00000000800021A0 (0x33250513) addi a0, a0, 818
x10 <- 0x00000000B504F332
mem[X,0x00000000800021A4] -> 0xA031
[1055] [M]: 0x00000000800021A4 (0xA031) c.j 6
mem[X,0x00000000800021B0] -> 0xC141
[1056] [M]: 0x00000000800021B0 (0xC141) c.beqz a0, 64
mem[X,0x00000000800021B2] -> 0x0113
mem[X,0x00000000800021B4] -> 0x0021
[1057] [M]: 0x00000000800021B2 (0x00210113) addi sp, sp, 2
x2 <- 0xFF76DF56FF76E02C
mem[X,0x00000000800021B6] -> 0x006F
mem[X,0x00000000800021B8] -> 0x07C0
[1058] [M]: 0x00000000800021B6 (0x07C0006F) jal zero, 124
mem[X,0x0000000080002232] -> 0xB823
mem[X,0x0000000080002234] -> 0x3420
[1059] [M]: 0x0000000080002232 (0x3420B823) sd sp, 848(ra)
mem[0x0000000080006468] <- 0xFF76DF56FF76E02C
mem[X,0x0000000080002236] -> 0x5537
mem[X,0x0000000080002238] -> 0x5555
[1060] [M]: 0x0000000080002236 (0x55555537) lui a0, 349525
x10 <- 0x0000000055555000
mem[X,0x000000008000223A] -> 0x0513
mem[X,0x000000008000223C] -> 0x5555
[1061] [M]: 0x000000008000223A (0x55550513) addi a0, a0, 1365
x10 <- 0x0000000055555555
mem[X,0x000000008000223E] -> 0x1513
mem[X,0x0000000080002240] -> 0x00B5
[1062] [M]: 0x000000008000223E (0x00B51513) slli a0, a0, 11
x10 <- 0x000002AAAAAAA800
mem[X,0x0000000080002242] -> 0x0513
mem[X,0x0000000080002244] -> 0x2AA5
[1063] [M]: 0x0000000080002242 (0x2AA50513) addi a0, a0, 682
x10 <- 0x000002AAAAAAAAAA
mem[X,0x0000000080002246] -> 0x1513
mem[X,0x0000000080002248] -> 0x00B5
[1064] [M]: 0x0000000080002246 (0x00B51513) slli a0, a0, 11
x10 <- 0x0015555555555000
mem[X,0x000000008000224A] -> 0x0513
mem[X,0x000000008000224C] -> 0x5555
[1065] [M]: 0x000000008000224A (0x55550513) addi a0, a0, 1365
x10 <- 0x0015555555555555
mem[X,0x000000008000224E] -> 0x1513
mem[X,0x0000000080002250] -> 0x00A5
[1066] [M]: 0x000000008000224E (0x00A51513) slli a0, a0, 10
x10 <- 0x5555555555555400
mem[X,0x0000000080002252] -> 0x0513
mem[X,0x0000000080002254] -> 0x1565
[1067] [M]: 0x0000000080002252 (0x15650513) addi a0, a0, 342
x10 <- 0x5555555555555556
mem[X,0x0000000080002256] -> 0xA031
[1068] [M]: 0x0000000080002256 (0xA031) c.j 6
mem[X,0x0000000080002262] -> 0xC519
[1069] [M]: 0x0000000080002262 (0xC519) c.beqz a0, 7
mem[X,0x0000000080002264] -> 0x0113
mem[X,0x0000000080002266] -> 0x0021
[1070] [M]: 0x0000000080002264 (0x00210113) addi sp, sp, 2
x2 <- 0xFF76DF56FF76E02E
mem[X,0x0000000080002268] -> 0x006F
mem[X,0x000000008000226A] -> 0x00A0
[1071] [M]: 0x0000000080002268 (0x00A0006F) jal zero, 10
mem[X,0x0000000080002272] -> 0xBC23
mem[X,0x0000000080002274] -> 0x3420
[1072] [M]: 0x0000000080002272 (0x3420BC23) sd sp, 856(ra)
mem[0x0000000080006470] <- 0xFF76DF56FF76E02E
mem[X,0x0000000080002276] -> 0xB537
mem[X,0x0000000080002278] -> 0xAAAA
[1073] [M]: 0x0000000080002276 (0xAAAAB537) lui a0, 699051
x10 <- 0xFFFFFFFFAAAAB000
mem[X,0x000000008000227A] -> 0x0513
mem[X,0x000000008000227C] -> 0xAAA5
[1074] [M]: 0x000000008000227A (0xAAA50513) addi a0, a0, 2730
x10 <- 0xFFFFFFFFAAAAAAAA
mem[X,0x000000008000227E] -> 0x1513
mem[X,0x0000000080002280] -> 0x00B5
[1075] [M]: 0x000000008000227E (0x00B51513) slli a0, a0, 11
x10 <- 0xFFFFFD5555555000
mem[X,0x0000000080002282] -> 0x0513
mem[X,0x0000000080002284] -> 0x5555
[1076] [M]: 0x0000000080002282 (0x55550513) addi a0, a0, 1365
x10 <- 0xFFFFFD5555555555
mem[X,0x0000000080002286] -> 0x1513
mem[X,0x0000000080002288] -> 0x00B5
[1077] [M]: 0x0000000080002286 (0x00B51513) slli a0, a0, 11
x10 <- 0xFFEAAAAAAAAAA800
mem[X,0x000000008000228A] -> 0x0513
mem[X,0x000000008000228C] -> 0x2AA5
[1078] [M]: 0x000000008000228A (0x2AA50513) addi a0, a0, 682
x10 <- 0xFFEAAAAAAAAAAAAA
mem[X,0x000000008000228E] -> 0x1513
mem[X,0x0000000080002290] -> 0x00A5
[1079] [M]: 0x000000008000228E (0x00A51513) slli a0, a0, 10
x10 <- 0xAAAAAAAAAAAAA800
mem[X,0x0000000080002292] -> 0x0513
mem[X,0x0000000080002294] -> 0x2AB5
[1080] [M]: 0x0000000080002292 (0x2AB50513) addi a0, a0, 683
x10 <- 0xAAAAAAAAAAAAAAAB
mem[X,0x0000000080002296] -> 0xA031
[1081] [M]: 0x0000000080002296 (0xA031) c.j 6
mem[X,0x00000000800022A2] -> 0xC509
[1082] [M]: 0x00000000800022A2 (0xC509) c.beqz a0, 5
mem[X,0x00000000800022A4] -> 0x0113
mem[X,0x00000000800022A6] -> 0x0021
[1083] [M]: 0x00000000800022A4 (0x00210113) addi sp, sp, 2
x2 <- 0xFF76DF56FF76E030
mem[X,0x00000000800022A8] -> 0x006F
mem[X,0x00000000800022AA] -> 0x0060
[1084] [M]: 0x00000000800022A8 (0x0060006F) jal zero, 6
mem[X,0x00000000800022AE] -> 0xB023
mem[X,0x00000000800022B0] -> 0x3620
[1085] [M]: 0x00000000800022AE (0x3620B023) sd sp, 864(ra)
mem[0x0000000080006478] <- 0xFF76DF56FF76E030
mem[X,0x00000000800022B2] -> 0x0513
mem[X,0x00000000800022B4] -> 0x0060
[1086] [M]: 0x00000000800022B2 (0x00600513) addi a0, zero, 6
x10 <- 0x0000000000000006
mem[X,0x00000000800022B6] -> 0xA031
[1087] [M]: 0x00000000800022B6 (0xA031) c.j 6
mem[X,0x00000000800022C2] -> 0xDD65
[1088] [M]: 0x00000000800022C2 (0xDD65) c.beqz a0, 252
mem[X,0x00000000800022C4] -> 0x0113
mem[X,0x00000000800022C6] -> 0x0021
[1089] [M]: 0x00000000800022C4 (0x00210113) addi sp, sp, 2
x2 <- 0xFF76DF56FF76E032
mem[X,0x00000000800022C8] -> 0x006F
mem[X,0x00000000800022CA] -> 0x0060
[1090] [M]: 0x00000000800022C8 (0x0060006F) jal zero, 6
mem[X,0x00000000800022CE] -> 0xB423
mem[X,0x00000000800022D0] -> 0x3620
[1091] [M]: 0x00000000800022CE (0x3620B423) sd sp, 872(ra)
mem[0x0000000080006480] <- 0xFF76DF56FF76E032
mem[X,0x00000000800022D2] -> 0x3537
mem[X,0x00000000800022D4] -> 0x3333
[1092] [M]: 0x00000000800022D2 (0x33333537) lui a0, 209715
x10 <- 0x0000000033333000
mem[X,0x00000000800022D6] -> 0x0513
mem[X,0x00000000800022D8] -> 0x3335
[1093] [M]: 0x00000000800022D6 (0x33350513) addi a0, a0, 819
x10 <- 0x0000000033333333
mem[X,0x00000000800022DA] -> 0x1513
mem[X,0x00000000800022DC] -> 0x00B5
[1094] [M]: 0x00000000800022DA (0x00B51513) slli a0, a0, 11
x10 <- 0x0000019999999800
mem[X,0x00000000800022DE] -> 0x0513
mem[X,0x00000000800022E0] -> 0x1995
[1095] [M]: 0x00000000800022DE (0x19950513) addi a0, a0, 409
x10 <- 0x0000019999999999
mem[X,0x00000000800022E2] -> 0x1513
mem[X,0x00000000800022E4] -> 0x00B5
[1096] [M]: 0x00000000800022E2 (0x00B51513) slli a0, a0, 11
x10 <- 0x000CCCCCCCCCC800
mem[X,0x00000000800022E6] -> 0x0513
mem[X,0x00000000800022E8] -> 0x4CC5
[1097] [M]: 0x00000000800022E6 (0x4CC50513) addi a0, a0, 1228
x10 <- 0x000CCCCCCCCCCCCC
mem[X,0x00000000800022EA] -> 0x1513
mem[X,0x00000000800022EC] -> 0x00A5
[1098] [M]: 0x00000000800022EA (0x00A51513) slli a0, a0, 10
x10 <- 0x3333333333333000
mem[X,0x00000000800022EE] -> 0x0513
mem[X,0x00000000800022F0] -> 0x3345
[1099] [M]: 0x00000000800022EE (0x33450513) addi a0, a0, 820
x10 <- 0x3333333333333334
clint::tick mtime <- 0x000000000000000B
 clint timer pending at mtime 0x000000000000000B
htif::tick 0x0000000000000000
mem[X,0x00000000800022F2] -> 0xA031
[1100] [M]: 0x00000000800022F2 (0xA031) c.j 6
mem[X,0x00000000800022FE] -> 0xC909
[1101] [M]: 0x00000000800022FE (0xC909) c.beqz a0, 9
mem[X,0x0000000080002300] -> 0x0113
mem[X,0x0000000080002302] -> 0x0021
[1102] [M]: 0x0000000080002300 (0x00210113) addi sp, sp, 2
x2 <- 0xFF76DF56FF76E034
mem[X,0x0000000080002304] -> 0x006F
mem[X,0x0000000080002306] -> 0x00E0
[1103] [M]: 0x0000000080002304 (0x00E0006F) jal zero, 14
mem[X,0x0000000080002312] -> 0xB823
mem[X,0x0000000080002314] -> 0x3620
[1104] [M]: 0x0000000080002312 (0x3620B823) sd sp, 880(ra)
mem[0x0000000080006488] <- 0xFF76DF56FF76E034
mem[X,0x0000000080002316] -> 0x6537
mem[X,0x0000000080002318] -> 0x6666
[1105] [M]: 0x0000000080002316 (0x66666537) lui a0, 419430
x10 <- 0x0000000066666000
mem[X,0x000000008000231A] -> 0x0513
mem[X,0x000000008000231C] -> 0x6665
[1106] [M]: 0x000000008000231A (0x66650513) addi a0, a0, 1638
x10 <- 0x0000000066666666
mem[X,0x000000008000231E] -> 0x1513
mem[X,0x0000000080002320] -> 0x00B5
[1107] [M]: 0x000000008000231E (0x00B51513) slli a0, a0, 11
x10 <- 0x0000033333333000
mem[X,0x0000000080002322] -> 0x0513
mem[X,0x0000000080002324] -> 0x3335
[1108] [M]: 0x0000000080002322 (0x33350513) addi a0, a0, 819
x10 <- 0x0000033333333333
mem[X,0x0000000080002326] -> 0x1513
mem[X,0x0000000080002328] -> 0x00B5
[1109] [M]: 0x0000000080002326 (0x00B51513) slli a0, a0, 11
x10 <- 0x0019999999999800
mem[X,0x000000008000232A] -> 0x0513
mem[X,0x000000008000232C] -> 0x1995
[1110] [M]: 0x000000008000232A (0x19950513) addi a0, a0, 409
x10 <- 0x0019999999999999
mem[X,0x000000008000232E] -> 0x1513
mem[X,0x0000000080002330] -> 0x00A5
[1111] [M]: 0x000000008000232E (0x00A51513) slli a0, a0, 10
x10 <- 0x6666666666666400
mem[X,0x0000000080002332] -> 0x0513
mem[X,0x0000000080002334] -> 0x2675
[1112] [M]: 0x0000000080002332 (0x26750513) addi a0, a0, 615
x10 <- 0x6666666666666667
mem[X,0x0000000080002336] -> 0xA809
[1113] [M]: 0x0000000080002336 (0xA809) c.j 9
mem[X,0x0000000080002348] -> 0xD96D
[1114] [M]: 0x0000000080002348 (0xD96D) c.beqz a0, 249
mem[X,0x000000008000234A] -> 0x0113
mem[X,0x000000008000234C] -> 0x0021
[1115] [M]: 0x000000008000234A (0x00210113) addi sp, sp, 2
x2 <- 0xFF76DF56FF76E036
mem[X,0x000000008000234E] -> 0x006F
mem[X,0x0000000080002350] -> 0x0060
[1116] [M]: 0x000000008000234E (0x0060006F) jal zero, 6
mem[X,0x0000000080002354] -> 0xBC23
mem[X,0x0000000080002356] -> 0x3620
[1117] [M]: 0x0000000080002354 (0x3620BC23) sd sp, 888(ra)
mem[0x0000000080006490] <- 0xFF76DF56FF76E036
mem[X,0x0000000080002358] -> 0x0537
mem[X,0x000000008000235A] -> 0x0000
[1118] [M]: 0x0000000080002358 (0x00000537) lui a0, 0
x10 <- 0x0000000000000000
mem[X,0x000000008000235C] -> 0x0513
mem[X,0x000000008000235E] -> 0xFFF5
[1119] [M]: 0x000000008000235C (0xFFF50513) addi a0, a0, 4095
x10 <- 0xFFFFFFFFFFFFFFFF
mem[X,0x0000000080002360] -> 0x1513
mem[X,0x0000000080002362] -> 0x00B5
[1120] [M]: 0x0000000080002360 (0x00B51513) slli a0, a0, 11
x10 <- 0xFFFFFFFFFFFFF800
mem[X,0x0000000080002364] -> 0x0513
mem[X,0x0000000080002366] -> 0x2575
[1121] [M]: 0x0000000080002364 (0x25750513) addi a0, a0, 599
x10 <- 0xFFFFFFFFFFFFFA57
mem[X,0x0000000080002368] -> 0x1513
mem[X,0x000000008000236A] -> 0x00B5
[1122] [M]: 0x0000000080002368 (0x00B51513) slli a0, a0, 11
x10 <- 0xFFFFFFFFFFD2B800
mem[X,0x000000008000236C] -> 0x0513
mem[X,0x000000008000236E] -> 0x6C35
[1123] [M]: 0x000000008000236C (0x6C350513) addi a0, a0, 1731
x10 <- 0xFFFFFFFFFFD2BEC3
mem[X,0x0000000080002370] -> 0x1513
mem[X,0x0000000080002372] -> 0x00A5
[1124] [M]: 0x0000000080002370 (0x00A51513) slli a0, a0, 10
x10 <- 0xFFFFFFFF4AFB0C00
mem[X,0x0000000080002374] -> 0x0513
mem[X,0x0000000080002376] -> 0x0CE5
[1125] [M]: 0x0000000080002374 (0x0CE50513) addi a0, a0, 206
x10 <- 0xFFFFFFFF4AFB0CCE
mem[X,0x0000000080002378] -> 0xA031
[1126] [M]: 0x0000000080002378 (0xA031) c.j 6
mem[X,0x0000000080002384] -> 0xC141
[1127] [M]: 0x0000000080002384 (0xC141) c.beqz a0, 64
mem[X,0x0000000080002386] -> 0x0113
mem[X,0x0000000080002388] -> 0x0021
[1128] [M]: 0x0000000080002386 (0x00210113) addi sp, sp, 2
x2 <- 0xFF76DF56FF76E038
mem[X,0x000000008000238A] -> 0x006F
mem[X,0x000000008000238C] -> 0x07C0
[1129] [M]: 0x000000008000238A (0x07C0006F) jal zero, 124
mem[X,0x0000000080002406] -> 0xB023
mem[X,0x0000000080002408] -> 0x3820
[1130] [M]: 0x0000000080002406 (0x3820B023) sd sp, 896(ra)
mem[0x0000000080006498] <- 0xFF76DF56FF76E038
mem[X,0x000000008000240A] -> 0x0537
mem[X,0x000000008000240C] -> 0x0000
[1131] [M]: 0x000000008000240A (0x00000537) lui a0, 0
x10 <- 0x0000000000000000
mem[X,0x000000008000240E] -> 0x0513
mem[X,0x0000000080002410] -> 0x0005
[1132] [M]: 0x000000008000240E (0x00050513) addi a0, a0, 0
x10 <- 0x0000000000000000
mem[X,0x0000000080002412] -> 0x1513
mem[X,0x0000000080002414] -> 0x00B5
[1133] [M]: 0x0000000080002412 (0x00B51513) slli a0, a0, 11
x10 <- 0x0000000000000000
mem[X,0x0000000080002416] -> 0x0513
mem[X,0x0000000080002418] -> 0x5A85
[1134] [M]: 0x0000000080002416 (0x5A850513) addi a0, a0, 1448
x10 <- 0x00000000000005A8
mem[X,0x000000008000241A] -> 0x1513
mem[X,0x000000008000241C] -> 0x00B5
[1135] [M]: 0x000000008000241A (0x00B51513) slli a0, a0, 11
x10 <- 0x00000000002D4000
mem[X,0x000000008000241E] -> 0x0513
mem[X,0x0000000080002420] -> 0x13C5
[1136] [M]: 0x000000008000241E (0x13C50513) addi a0, a0, 316
x10 <- 0x00000000002D413C
mem[X,0x0000000080002422] -> 0x1513
mem[X,0x0000000080002424] -> 0x00A5
[1137] [M]: 0x0000000080002422 (0x00A51513) slli a0, a0, 10
x10 <- 0x00000000B504F000
mem[X,0x0000000080002426] -> 0x0513
mem[X,0x0000000080002428] -> 0x3345
[1138] [M]: 0x0000000080002426 (0x33450513) addi a0, a0, 820
x10 <- 0x00000000B504F334
mem[X,0x000000008000242A] -> 0xA031
[1139] [M]: 0x000000008000242A (0xA031) c.j 6
mem[X,0x0000000080002436] -> 0xC511
[1140] [M]: 0x0000000080002436 (0xC511) c.beqz a0, 6
mem[X,0x0000000080002438] -> 0x0113
mem[X,0x000000008000243A] -> 0x0021
[1141] [M]: 0x0000000080002438 (0x00210113) addi sp, sp, 2
x2 <- 0xFF76DF56FF76E03A
mem[X,0x000000008000243C] -> 0x006F
mem[X,0x000000008000243E] -> 0x0080
[1142] [M]: 0x000000008000243C (0x0080006F) jal zero, 8
mem[X,0x0000000080002444] -> 0xB423
mem[X,0x0000000080002446] -> 0x3820
[1143] [M]: 0x0000000080002444 (0x3820B423) sd sp, 904(ra)
mem[0x00000000800064A0] <- 0xFF76DF56FF76E03A
mem[X,0x0000000080002448] -> 0x0513
mem[X,0x000000008000244A] -> 0x0010
[1144] [M]: 0x0000000080002448 (0x00100513) addi a0, zero, 1
x10 <- 0x0000000000000001
mem[X,0x000000008000244C] -> 0x1513
mem[X,0x000000008000244E] -> 0x0145
[1145] [M]: 0x000000008000244C (0x01451513) slli a0, a0, 20
x10 <- 0x0000000000100000
mem[X,0x0000000080002450] -> 0x4513
mem[X,0x0000000080002452] -> 0xFFF5
[1146] [M]: 0x0000000080002450 (0xFFF54513) xori a0, a0, 4095
x10 <- 0xFFFFFFFFFFEFFFFF
mem[X,0x0000000080002454] -> 0xA031
[1147] [M]: 0x0000000080002454 (0xA031) c.j 6
mem[X,0x0000000080002460] -> 0xC121
[1148] [M]: 0x0000000080002460 (0xC121) c.beqz a0, 32
mem[X,0x0000000080002462] -> 0x0113
mem[X,0x0000000080002464] -> 0x0021
[1149] [M]: 0x0000000080002462 (0x00210113) addi sp, sp, 2
x2 <- 0xFF76DF56FF76E03C
mem[X,0x0000000080002466] -> 0x006F
mem[X,0x0000000080002468] -> 0x03C0
[1150] [M]: 0x0000000080002466 (0x03C0006F) jal zero, 60
mem[X,0x00000000800024A2] -> 0xB823
mem[X,0x00000000800024A4] -> 0x3820
[1151] [M]: 0x00000000800024A2 (0x3820B823) sd sp, 912(ra)
mem[0x00000000800064A8] <- 0xFF76DF56FF76E03C
mem[X,0x00000000800024A6] -> 0x0513
mem[X,0x00000000800024A8] -> 0x0010
[1152] [M]: 0x00000000800024A6 (0x00100513) addi a0, zero, 1
x10 <- 0x0000000000000001
mem[X,0x00000000800024AA] -> 0x1513
mem[X,0x00000000800024AC] -> 0x0155
[1153] [M]: 0x00000000800024AA (0x01551513) slli a0, a0, 21
x10 <- 0x0000000000200000
mem[X,0x00000000800024AE] -> 0x4513
mem[X,0x00000000800024B0] -> 0xFFF5
[1154] [M]: 0x00000000800024AE (0xFFF54513) xori a0, a0, 4095
x10 <- 0xFFFFFFFFFFDFFFFF
mem[X,0x00000000800024B2] -> 0xA031
[1155] [M]: 0x00000000800024B2 (0xA031) c.j 6
mem[X,0x00000000800024BE] -> 0xC121
[1156] [M]: 0x00000000800024BE (0xC121) c.beqz a0, 32
mem[X,0x00000000800024C0] -> 0x0113
mem[X,0x00000000800024C2] -> 0x0021
[1157] [M]: 0x00000000800024C0 (0x00210113) addi sp, sp, 2
x2 <- 0xFF76DF56FF76E03E
mem[X,0x00000000800024C4] -> 0x006F
mem[X,0x00000000800024C6] -> 0x03C0
[1158] [M]: 0x00000000800024C4 (0x03C0006F) jal zero, 60
mem[X,0x0000000080002500] -> 0xBC23
mem[X,0x0000000080002502] -> 0x3820
[1159] [M]: 0x0000000080002500 (0x3820BC23) sd sp, 920(ra)
mem[0x00000000800064B0] <- 0xFF76DF56FF76E03E
mem[X,0x0000000080002504] -> 0x0513
mem[X,0x0000000080002506] -> 0x0010
[1160] [M]: 0x0000000080002504 (0x00100513) addi a0, zero, 1
x10 <- 0x0000000000000001
mem[X,0x0000000080002508] -> 0x1513
mem[X,0x000000008000250A] -> 0x0165
[1161] [M]: 0x0000000080002508 (0x01651513) slli a0, a0, 22
x10 <- 0x0000000000400000
mem[X,0x000000008000250C] -> 0x4513
mem[X,0x000000008000250E] -> 0xFFF5
[1162] [M]: 0x000000008000250C (0xFFF54513) xori a0, a0, 4095
x10 <- 0xFFFFFFFFFFBFFFFF
mem[X,0x0000000080002510] -> 0xA031
[1163] [M]: 0x0000000080002510 (0xA031) c.j 6
mem[X,0x000000008000251C] -> 0xCD3D
[1164] [M]: 0x000000008000251C (0xCD3D) c.beqz a0, 63
mem[X,0x000000008000251E] -> 0x0113
mem[X,0x0000000080002520] -> 0x0021
[1165] [M]: 0x000000008000251E (0x00210113) addi sp, sp, 2
x2 <- 0xFF76DF56FF76E040
mem[X,0x0000000080002522] -> 0x006F
mem[X,0x0000000080002524] -> 0x07A0
[1166] [M]: 0x0000000080002522 (0x07A0006F) jal zero, 122
mem[X,0x000000008000259C] -> 0xB023
mem[X,0x000000008000259E] -> 0x3A20
[1167] [M]: 0x000000008000259C (0x3A20B023) sd sp, 928(ra)
mem[0x00000000800064B8] <- 0xFF76DF56FF76E040
mem[X,0x00000000800025A0] -> 0x0513
mem[X,0x00000000800025A2] -> 0x0010
[1168] [M]: 0x00000000800025A0 (0x00100513) addi a0, zero, 1
x10 <- 0x0000000000000001
mem[X,0x00000000800025A4] -> 0x1513
mem[X,0x00000000800025A6] -> 0x0175
[1169] [M]: 0x00000000800025A4 (0x01751513) slli a0, a0, 23
x10 <- 0x0000000000800000
mem[X,0x00000000800025A8] -> 0x4513
mem[X,0x00000000800025AA] -> 0xFFF5
[1170] [M]: 0x00000000800025A8 (0xFFF54513) xori a0, a0, 4095
x10 <- 0xFFFFFFFFFF7FFFFF
mem[X,0x00000000800025AC] -> 0xA039
[1171] [M]: 0x00000000800025AC (0xA039) c.j 7
mem[X,0x00000000800025BA] -> 0xD97D
[1172] [M]: 0x00000000800025BA (0xD97D) c.beqz a0, 251
mem[X,0x00000000800025BC] -> 0x0113
mem[X,0x00000000800025BE] -> 0x0021
[1173] [M]: 0x00000000800025BC (0x00210113) addi sp, sp, 2
x2 <- 0xFF76DF56FF76E042
mem[X,0x00000000800025C0] -> 0x006F
mem[X,0x00000000800025C2] -> 0x0060
[1174] [M]: 0x00000000800025C0 (0x0060006F) jal zero, 6
mem[X,0x00000000800025C6] -> 0xB423
mem[X,0x00000000800025C8] -> 0x3A20
[1175] [M]: 0x00000000800025C6 (0x3A20B423) sd sp, 936(ra)
mem[0x00000000800064C0] <- 0xFF76DF56FF76E042
mem[X,0x00000000800025CA] -> 0x0513
mem[X,0x00000000800025CC] -> 0x0010
[1176] [M]: 0x00000000800025CA (0x00100513) addi a0, zero, 1
x10 <- 0x0000000000000001
mem[X,0x00000000800025CE] -> 0x1513
mem[X,0x00000000800025D0] -> 0x0185
[1177] [M]: 0x00000000800025CE (0x01851513) slli a0, a0, 24
x10 <- 0x0000000001000000
mem[X,0x00000000800025D2] -> 0x4513
mem[X,0x00000000800025D4] -> 0xFFF5
[1178] [M]: 0x00000000800025D2 (0xFFF54513) xori a0, a0, 4095
x10 <- 0xFFFFFFFFFEFFFFFF
mem[X,0x00000000800025D6] -> 0xA031
[1179] [M]: 0x00000000800025D6 (0xA031) c.j 6
mem[X,0x00000000800025E2] -> 0xC509
[1180] [M]: 0x00000000800025E2 (0xC509) c.beqz a0, 5
mem[X,0x00000000800025E4] -> 0x0113
mem[X,0x00000000800025E6] -> 0x0021
[1181] [M]: 0x00000000800025E4 (0x00210113) addi sp, sp, 2
x2 <- 0xFF76DF56FF76E044
mem[X,0x00000000800025E8] -> 0x006F
mem[X,0x00000000800025EA] -> 0x0060
[1182] [M]: 0x00000000800025E8 (0x0060006F) jal zero, 6
mem[X,0x00000000800025EE] -> 0xB823
mem[X,0x00000000800025F0] -> 0x3A20
[1183] [M]: 0x00000000800025EE (0x3A20B823) sd sp, 944(ra)
mem[0x00000000800064C8] <- 0xFF76DF56FF76E044
mem[X,0x00000000800025F2] -> 0x0513
mem[X,0x00000000800025F4] -> 0x0010
[1184] [M]: 0x00000000800025F2 (0x00100513) addi a0, zero, 1
x10 <- 0x0000000000000001
mem[X,0x00000000800025F6] -> 0x1513
mem[X,0x00000000800025F8] -> 0x0195
[1185] [M]: 0x00000000800025F6 (0x01951513) slli a0, a0, 25
x10 <- 0x0000000002000000
mem[X,0x00000000800025FA] -> 0x4513
mem[X,0x00000000800025FC] -> 0xFFF5
[1186] [M]: 0x00000000800025FA (0xFFF54513) xori a0, a0, 4095
x10 <- 0xFFFFFFFFFDFFFFFF
mem[X,0x00000000800025FE] -> 0xA031
[1187] [M]: 0x00000000800025FE (0xA031) c.j 6
mem[X,0x000000008000260A] -> 0xCD3D
[1188] [M]: 0x000000008000260A (0xCD3D) c.beqz a0, 63
mem[X,0x000000008000260C] -> 0x0113
mem[X,0x000000008000260E] -> 0x0021
[1189] [M]: 0x000000008000260C (0x00210113) addi sp, sp, 2
x2 <- 0xFF76DF56FF76E046
mem[X,0x0000000080002610] -> 0x006F
mem[X,0x0000000080002612] -> 0x07A0
[1190] [M]: 0x0000000080002610 (0x07A0006F) jal zero, 122
mem[X,0x000000008000268A] -> 0xBC23
mem[X,0x000000008000268C] -> 0x3A20
[1191] [M]: 0x000000008000268A (0x3A20BC23) sd sp, 952(ra)
mem[0x00000000800064D0] <- 0xFF76DF56FF76E046
mem[X,0x000000008000268E] -> 0x0513
mem[X,0x0000000080002690] -> 0x0010
[1192] [M]: 0x000000008000268E (0x00100513) addi a0, zero, 1
x10 <- 0x0000000000000001
mem[X,0x0000000080002692] -> 0x1513
mem[X,0x0000000080002694] -> 0x01A5
[1193] [M]: 0x0000000080002692 (0x01A51513) slli a0, a0, 26
x10 <- 0x0000000004000000
mem[X,0x0000000080002696] -> 0x4513
mem[X,0x0000000080002698] -> 0xFFF5
[1194] [M]: 0x0000000080002696 (0xFFF54513) xori a0, a0, 4095
x10 <- 0xFFFFFFFFFBFFFFFF
mem[X,0x000000008000269A] -> 0xA809
[1195] [M]: 0x000000008000269A (0xA809) c.j 9
mem[X,0x00000000800026AC] -> 0xD96D
[1196] [M]: 0x00000000800026AC (0xD96D) c.beqz a0, 249
mem[X,0x00000000800026AE] -> 0x0113
mem[X,0x00000000800026B0] -> 0x0021
[1197] [M]: 0x00000000800026AE (0x00210113) addi sp, sp, 2
x2 <- 0xFF76DF56FF76E048
mem[X,0x00000000800026B2] -> 0x006F
mem[X,0x00000000800026B4] -> 0x0060
[1198] [M]: 0x00000000800026B2 (0x0060006F) jal zero, 6
mem[X,0x00000000800026B8] -> 0xB023
mem[X,0x00000000800026BA] -> 0x3C20
[1199] [M]: 0x00000000800026B8 (0x3C20B023) sd sp, 960(ra)
mem[0x00000000800064D8] <- 0xFF76DF56FF76E048
clint::tick mtime <- 0x000000000000000C
 clint timer pending at mtime 0x000000000000000C
htif::tick 0x0000000000000000
mem[X,0x00000000800026BC] -> 0x0513
mem[X,0x00000000800026BE] -> 0x0010
[1200] [M]: 0x00000000800026BC (0x00100513) addi a0, zero, 1
x10 <- 0x0000000000000001
mem[X,0x00000000800026C0] -> 0x1513
mem[X,0x00000000800026C2] -> 0x01B5
[1201] [M]: 0x00000000800026C0 (0x01B51513) slli a0, a0, 27
x10 <- 0x0000000008000000
mem[X,0x00000000800026C4] -> 0x4513
mem[X,0x00000000800026C6] -> 0xFFF5
[1202] [M]: 0x00000000800026C4 (0xFFF54513) xori a0, a0, 4095
x10 <- 0xFFFFFFFFF7FFFFFF
mem[X,0x00000000800026C8] -> 0xA099
[1203] [M]: 0x00000000800026C8 (0xA099) c.j 35
mem[X,0x000000008000270E] -> 0xDD5D
[1204] [M]: 0x000000008000270E (0xDD5D) c.beqz a0, 223
mem[X,0x0000000080002710] -> 0x0113
mem[X,0x0000000080002712] -> 0x0021
[1205] [M]: 0x0000000080002710 (0x00210113) addi sp, sp, 2
x2 <- 0xFF76DF56FF76E04A
mem[X,0x0000000080002714] -> 0x006F
mem[X,0x0000000080002716] -> 0x0060
[1206] [M]: 0x0000000080002714 (0x0060006F) jal zero, 6
mem[X,0x000000008000271A] -> 0xB423
mem[X,0x000000008000271C] -> 0x3C20
[1207] [M]: 0x000000008000271A (0x3C20B423) sd sp, 968(ra)
mem[0x00000000800064E0] <- 0xFF76DF56FF76E04A
mem[X,0x000000008000271E] -> 0x0513
mem[X,0x0000000080002720] -> 0x0010
[1208] [M]: 0x000000008000271E (0x00100513) addi a0, zero, 1
x10 <- 0x0000000000000001
mem[X,0x0000000080002722] -> 0x1513
mem[X,0x0000000080002724] -> 0x01C5
[1209] [M]: 0x0000000080002722 (0x01C51513) slli a0, a0, 28
x10 <- 0x0000000010000000
mem[X,0x0000000080002726] -> 0x4513
mem[X,0x0000000080002728] -> 0xFFF5
[1210] [M]: 0x0000000080002726 (0xFFF54513) xori a0, a0, 4095
x10 <- 0xFFFFFFFFEFFFFFFF
mem[X,0x000000008000272A] -> 0xA819
[1211] [M]: 0x000000008000272A (0xA819) c.j 11
mem[X,0x0000000080002740] -> 0xD57D
[1212] [M]: 0x0000000080002740 (0xD57D) c.beqz a0, 247
mem[X,0x0000000080002742] -> 0x0113
mem[X,0x0000000080002744] -> 0x0021
[1213] [M]: 0x0000000080002742 (0x00210113) addi sp, sp, 2
x2 <- 0xFF76DF56FF76E04C
mem[X,0x0000000080002746] -> 0x006F
mem[X,0x0000000080002748] -> 0x0060
[1214] [M]: 0x0000000080002746 (0x0060006F) jal zero, 6
mem[X,0x000000008000274C] -> 0xB823
mem[X,0x000000008000274E] -> 0x3C20
[1215] [M]: 0x000000008000274C (0x3C20B823) sd sp, 976(ra)
mem[0x00000000800064E8] <- 0xFF76DF56FF76E04C
mem[X,0x0000000080002750] -> 0x0513
mem[X,0x0000000080002752] -> 0x0010
[1216] [M]: 0x0000000080002750 (0x00100513) addi a0, zero, 1
x10 <- 0x0000000000000001
mem[X,0x0000000080002754] -> 0x1513
mem[X,0x0000000080002756] -> 0x01D5
[1217] [M]: 0x0000000080002754 (0x01D51513) slli a0, a0, 29
x10 <- 0x0000000020000000
mem[X,0x0000000080002758] -> 0x4513
mem[X,0x000000008000275A] -> 0xFFF5
[1218] [M]: 0x0000000080002758 (0xFFF54513) xori a0, a0, 4095
x10 <- 0xFFFFFFFFDFFFFFFF
mem[X,0x000000008000275C] -> 0xA099
[1219] [M]: 0x000000008000275C (0xA099) c.j 35
mem[X,0x00000000800027A2] -> 0xDD5D
[1220] [M]: 0x00000000800027A2 (0xDD5D) c.beqz a0, 223
mem[X,0x00000000800027A4] -> 0x0113
mem[X,0x00000000800027A6] -> 0x0021
[1221] [M]: 0x00000000800027A4 (0x00210113) addi sp, sp, 2
x2 <- 0xFF76DF56FF76E04E
mem[X,0x00000000800027A8] -> 0x006F
mem[X,0x00000000800027AA] -> 0x0060
[1222] [M]: 0x00000000800027A8 (0x0060006F) jal zero, 6
mem[X,0x00000000800027AE] -> 0xBC23
mem[X,0x00000000800027B0] -> 0x3C20
[1223] [M]: 0x00000000800027AE (0x3C20BC23) sd sp, 984(ra)
mem[0x00000000800064F0] <- 0xFF76DF56FF76E04E
mem[X,0x00000000800027B2] -> 0x0513
mem[X,0x00000000800027B4] -> 0x0010
[1224] [M]: 0x00000000800027B2 (0x00100513) addi a0, zero, 1
x10 <- 0x0000000000000001
mem[X,0x00000000800027B6] -> 0x1513
mem[X,0x00000000800027B8] -> 0x01E5
[1225] [M]: 0x00000000800027B6 (0x01E51513) slli a0, a0, 30
x10 <- 0x0000000040000000
mem[X,0x00000000800027BA] -> 0x4513
mem[X,0x00000000800027BC] -> 0xFFF5
[1226] [M]: 0x00000000800027BA (0xFFF54513) xori a0, a0, 4095
x10 <- 0xFFFFFFFFBFFFFFFF
mem[X,0x00000000800027BE] -> 0xA811
[1227] [M]: 0x00000000800027BE (0xA811) c.j 10
mem[X,0x00000000800027D2] -> 0xD965
[1228] [M]: 0x00000000800027D2 (0xD965) c.beqz a0, 248
mem[X,0x00000000800027D4] -> 0x0113
mem[X,0x00000000800027D6] -> 0x0021
[1229] [M]: 0x00000000800027D4 (0x00210113) addi sp, sp, 2
x2 <- 0xFF76DF56FF76E050
mem[X,0x00000000800027D8] -> 0x006F
mem[X,0x00000000800027DA] -> 0x0060
[1230] [M]: 0x00000000800027D8 (0x0060006F) jal zero, 6
mem[X,0x00000000800027DE] -> 0xB023
mem[X,0x00000000800027E0] -> 0x3E20
[1231] [M]: 0x00000000800027DE (0x3E20B023) sd sp, 992(ra)
mem[0x00000000800064F8] <- 0xFF76DF56FF76E050
mem[X,0x00000000800027E2] -> 0x0513
mem[X,0x00000000800027E4] -> 0x0010
[1232] [M]: 0x00000000800027E2 (0x00100513) addi a0, zero, 1
x10 <- 0x0000000000000001
mem[X,0x00000000800027E6] -> 0x1513
mem[X,0x00000000800027E8] -> 0x01F5
[1233] [M]: 0x00000000800027E6 (0x01F51513) slli a0, a0, 31
x10 <- 0x0000000080000000
mem[X,0x00000000800027EA] -> 0x4513
mem[X,0x00000000800027EC] -> 0xFFF5
[1234] [M]: 0x00000000800027EA (0xFFF54513) xori a0, a0, 4095
x10 <- 0xFFFFFFFF7FFFFFFF
mem[X,0x00000000800027EE] -> 0xA031
[1235] [M]: 0x00000000800027EE (0xA031) c.j 6
mem[X,0x00000000800027FA] -> 0xDD65
[1236] [M]: 0x00000000800027FA (0xDD65) c.beqz a0, 252
mem[X,0x00000000800027FC] -> 0x0113
mem[X,0x00000000800027FE] -> 0x0021
[1237] [M]: 0x00000000800027FC (0x00210113) addi sp, sp, 2
x2 <- 0xFF76DF56FF76E052
mem[X,0x0000000080002800] -> 0x006F
mem[X,0x0000000080002802] -> 0x0060
[1238] [M]: 0x0000000080002800 (0x0060006F) jal zero, 6
mem[X,0x0000000080002806] -> 0xB423
mem[X,0x0000000080002808] -> 0x3E20
[1239] [M]: 0x0000000080002806 (0x3E20B423) sd sp, 1000(ra)
mem[0x0000000080006500] <- 0xFF76DF56FF76E052
mem[X,0x000000008000280A] -> 0x0513
mem[X,0x000000008000280C] -> 0x0010
[1240] [M]: 0x000000008000280A (0x00100513) addi a0, zero, 1
x10 <- 0x0000000000000001
mem[X,0x000000008000280E] -> 0x1513
mem[X,0x0000000080002810] -> 0x0205
[1241] [M]: 0x000000008000280E (0x02051513) slli a0, a0, 32
x10 <- 0x0000000100000000
mem[X,0x0000000080002812] -> 0x4513
mem[X,0x0000000080002814] -> 0xFFF5
[1242] [M]: 0x0000000080002812 (0xFFF54513) xori a0, a0, 4095
x10 <- 0xFFFFFFFEFFFFFFFF
mem[X,0x0000000080002816] -> 0xA031
[1243] [M]: 0x0000000080002816 (0xA031) c.j 6
mem[X,0x0000000080002822] -> 0xC509
[1244] [M]: 0x0000000080002822 (0xC509) c.beqz a0, 5
mem[X,0x0000000080002824] -> 0x0113
mem[X,0x0000000080002826] -> 0x0021
[1245] [M]: 0x0000000080002824 (0x00210113) addi sp, sp, 2
x2 <- 0xFF76DF56FF76E054
mem[X,0x0000000080002828] -> 0x006F
mem[X,0x000000008000282A] -> 0x0060
[1246] [M]: 0x0000000080002828 (0x0060006F) jal zero, 6
mem[X,0x000000008000282E] -> 0xB823
mem[X,0x0000000080002830] -> 0x3E20
[1247] [M]: 0x000000008000282E (0x3E20B823) sd sp, 1008(ra)
mem[0x0000000080006508] <- 0xFF76DF56FF76E054
mem[X,0x0000000080002832] -> 0x0513
mem[X,0x0000000080002834] -> 0x0010
[1248] [M]: 0x0000000080002832 (0x00100513) addi a0, zero, 1
x10 <- 0x0000000000000001
mem[X,0x0000000080002836] -> 0x1513
mem[X,0x0000000080002838] -> 0x0215
[1249] [M]: 0x0000000080002836 (0x02151513) slli a0, a0, 33
x10 <- 0x0000000200000000
mem[X,0x000000008000283A] -> 0x4513
mem[X,0x000000008000283C] -> 0xFFF5
[1250] [M]: 0x000000008000283A (0xFFF54513) xori a0, a0, 4095
x10 <- 0xFFFFFFFDFFFFFFFF
mem[X,0x000000008000283E] -> 0xA845
[1251] [M]: 0x000000008000283E (0xA845) c.j 88
mem[X,0x00000000800028EE] -> 0xD931
[1252] [M]: 0x00000000800028EE (0xD931) c.beqz a0, 170
mem[X,0x00000000800028F0] -> 0x0113
mem[X,0x00000000800028F2] -> 0x0021
[1253] [M]: 0x00000000800028F0 (0x00210113) addi sp, sp, 2
x2 <- 0xFF76DF56FF76E056
mem[X,0x00000000800028F4] -> 0x006F
mem[X,0x00000000800028F6] -> 0x0060
[1254] [M]: 0x00000000800028F4 (0x0060006F) jal zero, 6
mem[X,0x00000000800028FA] -> 0xBC23
mem[X,0x00000000800028FC] -> 0x3E20
[1255] [M]: 0x00000000800028FA (0x3E20BC23) sd sp, 1016(ra)
mem[0x0000000080006510] <- 0xFF76DF56FF76E056
mem[X,0x00000000800028FE] -> 0x0513
mem[X,0x0000000080002900] -> 0x0010
[1256] [M]: 0x00000000800028FE (0x00100513) addi a0, zero, 1
x10 <- 0x0000000000000001
mem[X,0x0000000080002902] -> 0x1513
mem[X,0x0000000080002904] -> 0x0225
[1257] [M]: 0x0000000080002902 (0x02251513) slli a0, a0, 34
x10 <- 0x0000000400000000
mem[X,0x0000000080002906] -> 0x4513
mem[X,0x0000000080002908] -> 0xFFF5
[1258] [M]: 0x0000000080002906 (0xFFF54513) xori a0, a0, 4095
x10 <- 0xFFFFFFFBFFFFFFFF
mem[X,0x000000008000290A] -> 0xA031
[1259] [M]: 0x000000008000290A (0xA031) c.j 6
mem[X,0x0000000080002916] -> 0xC509
[1260] [M]: 0x0000000080002916 (0xC509) c.beqz a0, 5
mem[X,0x0000000080002918] -> 0x0113
mem[X,0x000000008000291A] -> 0x0021
[1261] [M]: 0x0000000080002918 (0x00210113) addi sp, sp, 2
x2 <- 0xFF76DF56FF76E058
mem[X,0x000000008000291C] -> 0x006F
mem[X,0x000000008000291E] -> 0x0060
[1262] [M]: 0x000000008000291C (0x0060006F) jal zero, 6
mem[X,0x0000000080002922] -> 0xB023
mem[X,0x0000000080002924] -> 0x4020
[1263] [M]: 0x0000000080002922 (0x4020B023) sd sp, 1024(ra)
mem[0x0000000080006518] <- 0xFF76DF56FF76E058
mem[X,0x0000000080002926] -> 0x0513
mem[X,0x0000000080002928] -> 0x0010
[1264] [M]: 0x0000000080002926 (0x00100513) addi a0, zero, 1
x10 <- 0x0000000000000001
mem[X,0x000000008000292A] -> 0x1513
mem[X,0x000000008000292C] -> 0x0235
[1265] [M]: 0x000000008000292A (0x02351513) slli a0, a0, 35
x10 <- 0x0000000800000000
mem[X,0x000000008000292E] -> 0x4513
mem[X,0x0000000080002930] -> 0xFFF5
[1266] [M]: 0x000000008000292E (0xFFF54513) xori a0, a0, 4095
x10 <- 0xFFFFFFF7FFFFFFFF
mem[X,0x0000000080002932] -> 0xA801
[1267] [M]: 0x0000000080002932 (0xA801) c.j 8
mem[X,0x0000000080002942] -> 0xD975
[1268] [M]: 0x0000000080002942 (0xD975) c.beqz a0, 250
mem[X,0x0000000080002944] -> 0x0113
mem[X,0x0000000080002946] -> 0x0021
[1269] [M]: 0x0000000080002944 (0x00210113) addi sp, sp, 2
x2 <- 0xFF76DF56FF76E05A
mem[X,0x0000000080002948] -> 0x006F
mem[X,0x000000008000294A] -> 0x0060
[1270] [M]: 0x0000000080002948 (0x0060006F) jal zero, 6
mem[X,0x000000008000294E] -> 0xB423
mem[X,0x0000000080002950] -> 0x4020
[1271] [M]: 0x000000008000294E (0x4020B423) sd sp, 1032(ra)
mem[0x0000000080006520] <- 0xFF76DF56FF76E05A
mem[X,0x0000000080002952] -> 0x0513
mem[X,0x0000000080002954] -> 0x0010
[1272] [M]: 0x0000000080002952 (0x00100513) addi a0, zero, 1
x10 <- 0x0000000000000001
mem[X,0x0000000080002956] -> 0x1513
mem[X,0x0000000080002958] -> 0x0245
[1273] [M]: 0x0000000080002956 (0x02451513) slli a0, a0, 36
x10 <- 0x0000001000000000
mem[X,0x000000008000295A] -> 0x4513
mem[X,0x000000008000295C] -> 0xFFF5
[1274] [M]: 0x000000008000295A (0xFFF54513) xori a0, a0, 4095
x10 <- 0xFFFFFFEFFFFFFFFF
mem[X,0x000000008000295E] -> 0xA031
[1275] [M]: 0x000000008000295E (0xA031) c.j 6
mem[X,0x000000008000296A] -> 0xC519
[1276] [M]: 0x000000008000296A (0xC519) c.beqz a0, 7
mem[X,0x000000008000296C] -> 0x0113
mem[X,0x000000008000296E] -> 0x0021
[1277] [M]: 0x000000008000296C (0x00210113) addi sp, sp, 2
x2 <- 0xFF76DF56FF76E05C
mem[X,0x0000000080002970] -> 0x006F
mem[X,0x0000000080002972] -> 0x00A0
[1278] [M]: 0x0000000080002970 (0x00A0006F) jal zero, 10
mem[X,0x000000008000297A] -> 0xB823
mem[X,0x000000008000297C] -> 0x4020
[1279] [M]: 0x000000008000297A (0x4020B823) sd sp, 1040(ra)
mem[0x0000000080006528] <- 0xFF76DF56FF76E05C
mem[X,0x000000008000297E] -> 0x0513
mem[X,0x0000000080002980] -> 0x0010
[1280] [M]: 0x000000008000297E (0x00100513) addi a0, zero, 1
x10 <- 0x0000000000000001
mem[X,0x0000000080002982] -> 0x1513
mem[X,0x0000000080002984] -> 0x0255
[1281] [M]: 0x0000000080002982 (0x02551513) slli a0, a0, 37
x10 <- 0x0000002000000000
mem[X,0x0000000080002986] -> 0x4513
mem[X,0x0000000080002988] -> 0xFFF5
[1282] [M]: 0x0000000080002986 (0xFFF54513) xori a0, a0, 4095
x10 <- 0xFFFFFFDFFFFFFFFF
mem[X,0x000000008000298A] -> 0xA031
[1283] [M]: 0x000000008000298A (0xA031) c.j 6
mem[X,0x0000000080002996] -> 0xCD3D
[1284] [M]: 0x0000000080002996 (0xCD3D) c.beqz a0, 63
mem[X,0x0000000080002998] -> 0x0113
mem[X,0x000000008000299A] -> 0x0021
[1285] [M]: 0x0000000080002998 (0x00210113) addi sp, sp, 2
x2 <- 0xFF76DF56FF76E05E
mem[X,0x000000008000299C] -> 0x006F
mem[X,0x000000008000299E] -> 0x07A0
[1286] [M]: 0x000000008000299C (0x07A0006F) jal zero, 122
mem[X,0x0000000080002A16] -> 0xBC23
mem[X,0x0000000080002A18] -> 0x4020
[1287] [M]: 0x0000000080002A16 (0x4020BC23) sd sp, 1048(ra)
mem[0x0000000080006530] <- 0xFF76DF56FF76E05E
mem[X,0x0000000080002A1A] -> 0x0513
mem[X,0x0000000080002A1C] -> 0x0010
[1288] [M]: 0x0000000080002A1A (0x00100513) addi a0, zero, 1
x10 <- 0x0000000000000001
mem[X,0x0000000080002A1E] -> 0x1513
mem[X,0x0000000080002A20] -> 0x0265
[1289] [M]: 0x0000000080002A1E (0x02651513) slli a0, a0, 38
x10 <- 0x0000004000000000
mem[X,0x0000000080002A22] -> 0x4513
mem[X,0x0000000080002A24] -> 0xFFF5
[1290] [M]: 0x0000000080002A22 (0xFFF54513) xori a0, a0, 4095
x10 <- 0xFFFFFFBFFFFFFFFF
mem[X,0x0000000080002A26] -> 0xA031
[1291] [M]: 0x0000000080002A26 (0xA031) c.j 6
mem[X,0x0000000080002A32] -> 0xC901
[1292] [M]: 0x0000000080002A32 (0xC901) c.beqz a0, 8
mem[X,0x0000000080002A34] -> 0x0113
mem[X,0x0000000080002A36] -> 0x0021
[1293] [M]: 0x0000000080002A34 (0x00210113) addi sp, sp, 2
x2 <- 0xFF76DF56FF76E060
mem[X,0x0000000080002A38] -> 0x006F
mem[X,0x0000000080002A3A] -> 0x00C0
[1294] [M]: 0x0000000080002A38 (0x00C0006F) jal zero, 12
mem[X,0x0000000080002A44] -> 0xB023
mem[X,0x0000000080002A46] -> 0x4220
[1295] [M]: 0x0000000080002A44 (0x4220B023) sd sp, 1056(ra)
mem[0x0000000080006538] <- 0xFF76DF56FF76E060
mem[X,0x0000000080002A48] -> 0x0513
mem[X,0x0000000080002A4A] -> 0x0010
[1296] [M]: 0x0000000080002A48 (0x00100513) addi a0, zero, 1
x10 <- 0x0000000000000001
mem[X,0x0000000080002A4C] -> 0x1513
mem[X,0x0000000080002A4E] -> 0x0275
[1297] [M]: 0x0000000080002A4C (0x02751513) slli a0, a0, 39
x10 <- 0x0000008000000000
mem[X,0x0000000080002A50] -> 0x4513
mem[X,0x0000000080002A52] -> 0xFFF5
[1298] [M]: 0x0000000080002A50 (0xFFF54513) xori a0, a0, 4095
x10 <- 0xFFFFFF7FFFFFFFFF
mem[X,0x0000000080002A54] -> 0xA031
[1299] [M]: 0x0000000080002A54 (0xA031) c.j 6
clint::tick mtime <- 0x000000000000000D
 clint timer pending at mtime 0x000000000000000D
htif::tick 0x0000000000000000
mem[X,0x0000000080002A60] -> 0xC909
[1300] [M]: 0x0000000080002A60 (0xC909) c.beqz a0, 9
mem[X,0x0000000080002A62] -> 0x0113
mem[X,0x0000000080002A64] -> 0x0021
[1301] [M]: 0x0000000080002A62 (0x00210113) addi sp, sp, 2
x2 <- 0xFF76DF56FF76E062
mem[X,0x0000000080002A66] -> 0x006F
mem[X,0x0000000080002A68] -> 0x00E0
[1302] [M]: 0x0000000080002A66 (0x00E0006F) jal zero, 14
mem[X,0x0000000080002A74] -> 0xB423
mem[X,0x0000000080002A76] -> 0x4220
[1303] [M]: 0x0000000080002A74 (0x4220B423) sd sp, 1064(ra)
mem[0x0000000080006540] <- 0xFF76DF56FF76E062
mem[X,0x0000000080002A78] -> 0x0513
mem[X,0x0000000080002A7A] -> 0x0010
[1304] [M]: 0x0000000080002A78 (0x00100513) addi a0, zero, 1
x10 <- 0x0000000000000001
mem[X,0x0000000080002A7C] -> 0x1513
mem[X,0x0000000080002A7E] -> 0x0285
[1305] [M]: 0x0000000080002A7C (0x02851513) slli a0, a0, 40
x10 <- 0x0000010000000000
mem[X,0x0000000080002A80] -> 0x4513
mem[X,0x0000000080002A82] -> 0xFFF5
[1306] [M]: 0x0000000080002A80 (0xFFF54513) xori a0, a0, 4095
x10 <- 0xFFFFFEFFFFFFFFFF
mem[X,0x0000000080002A84] -> 0xA845
[1307] [M]: 0x0000000080002A84 (0xA845) c.j 88
mem[X,0x0000000080002B34] -> 0xD931
[1308] [M]: 0x0000000080002B34 (0xD931) c.beqz a0, 170
mem[X,0x0000000080002B36] -> 0x0113
mem[X,0x0000000080002B38] -> 0x0021
[1309] [M]: 0x0000000080002B36 (0x00210113) addi sp, sp, 2
x2 <- 0xFF76DF56FF76E064
mem[X,0x0000000080002B3A] -> 0x006F
mem[X,0x0000000080002B3C] -> 0x0060
[1310] [M]: 0x0000000080002B3A (0x0060006F) jal zero, 6
mem[X,0x0000000080002B40] -> 0xB823
mem[X,0x0000000080002B42] -> 0x4220
[1311] [M]: 0x0000000080002B40 (0x4220B823) sd sp, 1072(ra)
mem[0x0000000080006548] <- 0xFF76DF56FF76E064
mem[X,0x0000000080002B44] -> 0x0513
mem[X,0x0000000080002B46] -> 0x0010
[1312] [M]: 0x0000000080002B44 (0x00100513) addi a0, zero, 1
x10 <- 0x0000000000000001
mem[X,0x0000000080002B48] -> 0x1513
mem[X,0x0000000080002B4A] -> 0x0295
[1313] [M]: 0x0000000080002B48 (0x02951513) slli a0, a0, 41
x10 <- 0x0000020000000000
mem[X,0x0000000080002B4C] -> 0x4513
mem[X,0x0000000080002B4E] -> 0xFFF5
[1314] [M]: 0x0000000080002B4C (0xFFF54513) xori a0, a0, 4095
x10 <- 0xFFFFFDFFFFFFFFFF
mem[X,0x0000000080002B50] -> 0xA031
[1315] [M]: 0x0000000080002B50 (0xA031) c.j 6
mem[X,0x0000000080002B5C] -> 0xC509
[1316] [M]: 0x0000000080002B5C (0xC509) c.beqz a0, 5
mem[X,0x0000000080002B5E] -> 0x0113
mem[X,0x0000000080002B60] -> 0x0021
[1317] [M]: 0x0000000080002B5E (0x00210113) addi sp, sp, 2
x2 <- 0xFF76DF56FF76E066
mem[X,0x0000000080002B62] -> 0x006F
mem[X,0x0000000080002B64] -> 0x0060
[1318] [M]: 0x0000000080002B62 (0x0060006F) jal zero, 6
mem[X,0x0000000080002B68] -> 0xBC23
mem[X,0x0000000080002B6A] -> 0x4220
[1319] [M]: 0x0000000080002B68 (0x4220BC23) sd sp, 1080(ra)
mem[0x0000000080006550] <- 0xFF76DF56FF76E066
mem[X,0x0000000080002B6C] -> 0x0513
mem[X,0x0000000080002B6E] -> 0x0010
[1320] [M]: 0x0000000080002B6C (0x00100513) addi a0, zero, 1
x10 <- 0x0000000000000001
mem[X,0x0000000080002B70] -> 0x1513
mem[X,0x0000000080002B72] -> 0x02A5
[1321] [M]: 0x0000000080002B70 (0x02A51513) slli a0, a0, 42
x10 <- 0x0000040000000000
mem[X,0x0000000080002B74] -> 0x4513
mem[X,0x0000000080002B76] -> 0xFFF5
[1322] [M]: 0x0000000080002B74 (0xFFF54513) xori a0, a0, 4095
x10 <- 0xFFFFFBFFFFFFFFFF
mem[X,0x0000000080002B78] -> 0xA031
[1323] [M]: 0x0000000080002B78 (0xA031) c.j 6
mem[X,0x0000000080002B84] -> 0xC509
[1324] [M]: 0x0000000080002B84 (0xC509) c.beqz a0, 5
mem[X,0x0000000080002B86] -> 0x0113
mem[X,0x0000000080002B88] -> 0x0021
[1325] [M]: 0x0000000080002B86 (0x00210113) addi sp, sp, 2
x2 <- 0xFF76DF56FF76E068
mem[X,0x0000000080002B8A] -> 0x006F
mem[X,0x0000000080002B8C] -> 0x0060
[1326] [M]: 0x0000000080002B8A (0x0060006F) jal zero, 6
mem[X,0x0000000080002B90] -> 0xB023
mem[X,0x0000000080002B92] -> 0x4420
[1327] [M]: 0x0000000080002B90 (0x4420B023) sd sp, 1088(ra)
mem[0x0000000080006558] <- 0xFF76DF56FF76E068
mem[X,0x0000000080002B94] -> 0x0513
mem[X,0x0000000080002B96] -> 0x0010
[1328] [M]: 0x0000000080002B94 (0x00100513) addi a0, zero, 1
x10 <- 0x0000000000000001
mem[X,0x0000000080002B98] -> 0x1513
mem[X,0x0000000080002B9A] -> 0x02B5
[1329] [M]: 0x0000000080002B98 (0x02B51513) slli a0, a0, 43
x10 <- 0x0000080000000000
mem[X,0x0000000080002B9C] -> 0x4513
mem[X,0x0000000080002B9E] -> 0xFFF5
[1330] [M]: 0x0000000080002B9C (0xFFF54513) xori a0, a0, 4095
x10 <- 0xFFFFF7FFFFFFFFFF
mem[X,0x0000000080002BA0] -> 0xA845
[1331] [M]: 0x0000000080002BA0 (0xA845) c.j 88
mem[X,0x0000000080002C50] -> 0xD931
[1332] [M]: 0x0000000080002C50 (0xD931) c.beqz a0, 170
mem[X,0x0000000080002C52] -> 0x0113
mem[X,0x0000000080002C54] -> 0x0021
[1333] [M]: 0x0000000080002C52 (0x00210113) addi sp, sp, 2
x2 <- 0xFF76DF56FF76E06A
mem[X,0x0000000080002C56] -> 0x006F
mem[X,0x0000000080002C58] -> 0x0060
[1334] [M]: 0x0000000080002C56 (0x0060006F) jal zero, 6
mem[X,0x0000000080002C5C] -> 0xB423
mem[X,0x0000000080002C5E] -> 0x4420
[1335] [M]: 0x0000000080002C5C (0x4420B423) sd sp, 1096(ra)
mem[0x0000000080006560] <- 0xFF76DF56FF76E06A
mem[X,0x0000000080002C60] -> 0x0513
mem[X,0x0000000080002C62] -> 0x0010
[1336] [M]: 0x0000000080002C60 (0x00100513) addi a0, zero, 1
x10 <- 0x0000000000000001
mem[X,0x0000000080002C64] -> 0x1513
mem[X,0x0000000080002C66] -> 0x02C5
[1337] [M]: 0x0000000080002C64 (0x02C51513) slli a0, a0, 44
x10 <- 0x0000100000000000
mem[X,0x0000000080002C68] -> 0x4513
mem[X,0x0000000080002C6A] -> 0xFFF5
[1338] [M]: 0x0000000080002C68 (0xFFF54513) xori a0, a0, 4095
x10 <- 0xFFFFEFFFFFFFFFFF
mem[X,0x0000000080002C6C] -> 0xA819
[1339] [M]: 0x0000000080002C6C (0xA819) c.j 11
mem[X,0x0000000080002C82] -> 0xD57D
[1340] [M]: 0x0000000080002C82 (0xD57D) c.beqz a0, 247
mem[X,0x0000000080002C84] -> 0x0113
mem[X,0x0000000080002C86] -> 0x0021
[1341] [M]: 0x0000000080002C84 (0x00210113) addi sp, sp, 2
x2 <- 0xFF76DF56FF76E06C
mem[X,0x0000000080002C88] -> 0x006F
mem[X,0x0000000080002C8A] -> 0x0060
[1342] [M]: 0x0000000080002C88 (0x0060006F) jal zero, 6
mem[X,0x0000000080002C8E] -> 0xB823
mem[X,0x0000000080002C90] -> 0x4420
[1343] [M]: 0x0000000080002C8E (0x4420B823) sd sp, 1104(ra)
mem[0x0000000080006568] <- 0xFF76DF56FF76E06C
mem[X,0x0000000080002C92] -> 0x0513
mem[X,0x0000000080002C94] -> 0x0010
[1344] [M]: 0x0000000080002C92 (0x00100513) addi a0, zero, 1
x10 <- 0x0000000000000001
mem[X,0x0000000080002C96] -> 0x1513
mem[X,0x0000000080002C98] -> 0x02D5
[1345] [M]: 0x0000000080002C96 (0x02D51513) slli a0, a0, 45
x10 <- 0x0000200000000000
mem[X,0x0000000080002C9A] -> 0x4513
mem[X,0x0000000080002C9C] -> 0xFFF5
[1346] [M]: 0x0000000080002C9A (0xFFF54513) xori a0, a0, 4095
x10 <- 0xFFFFDFFFFFFFFFFF
mem[X,0x0000000080002C9E] -> 0xA031
[1347] [M]: 0x0000000080002C9E (0xA031) c.j 6
mem[X,0x0000000080002CAA] -> 0xDD65
[1348] [M]: 0x0000000080002CAA (0xDD65) c.beqz a0, 252
mem[X,0x0000000080002CAC] -> 0x0113
mem[X,0x0000000080002CAE] -> 0x0021
[1349] [M]: 0x0000000080002CAC (0x00210113) addi sp, sp, 2
x2 <- 0xFF76DF56FF76E06E
mem[X,0x0000000080002CB0] -> 0x006F
mem[X,0x0000000080002CB2] -> 0x0060
[1350] [M]: 0x0000000080002CB0 (0x0060006F) jal zero, 6
mem[X,0x0000000080002CB6] -> 0xBC23
mem[X,0x0000000080002CB8] -> 0x4420
[1351] [M]: 0x0000000080002CB6 (0x4420BC23) sd sp, 1112(ra)
mem[0x0000000080006570] <- 0xFF76DF56FF76E06E
mem[X,0x0000000080002CBA] -> 0x0513
mem[X,0x0000000080002CBC] -> 0x0010
[1352] [M]: 0x0000000080002CBA (0x00100513) addi a0, zero, 1
x10 <- 0x0000000000000001
mem[X,0x0000000080002CBE] -> 0x1513
mem[X,0x0000000080002CC0] -> 0x02E5
[1353] [M]: 0x0000000080002CBE (0x02E51513) slli a0, a0, 46
x10 <- 0x0000400000000000
mem[X,0x0000000080002CC2] -> 0x4513
mem[X,0x0000000080002CC4] -> 0xFFF5
[1354] [M]: 0x0000000080002CC2 (0xFFF54513) xori a0, a0, 4095
x10 <- 0xFFFFBFFFFFFFFFFF
mem[X,0x0000000080002CC6] -> 0xA809
[1355] [M]: 0x0000000080002CC6 (0xA809) c.j 9
mem[X,0x0000000080002CD8] -> 0xD96D
[1356] [M]: 0x0000000080002CD8 (0xD96D) c.beqz a0, 249
mem[X,0x0000000080002CDA] -> 0x0113
mem[X,0x0000000080002CDC] -> 0x0021
[1357] [M]: 0x0000000080002CDA (0x00210113) addi sp, sp, 2
x2 <- 0xFF76DF56FF76E070
mem[X,0x0000000080002CDE] -> 0x006F
mem[X,0x0000000080002CE0] -> 0x0060
[1358] [M]: 0x0000000080002CDE (0x0060006F) jal zero, 6
mem[X,0x0000000080002CE4] -> 0xB023
mem[X,0x0000000080002CE6] -> 0x4620
[1359] [M]: 0x0000000080002CE4 (0x4620B023) sd sp, 1120(ra)
mem[0x0000000080006578] <- 0xFF76DF56FF76E070
mem[X,0x0000000080002CE8] -> 0x0513
mem[X,0x0000000080002CEA] -> 0x0010
[1360] [M]: 0x0000000080002CE8 (0x00100513) addi a0, zero, 1
x10 <- 0x0000000000000001
mem[X,0x0000000080002CEC] -> 0x1513
mem[X,0x0000000080002CEE] -> 0x02F5
[1361] [M]: 0x0000000080002CEC (0x02F51513) slli a0, a0, 47
x10 <- 0x0000800000000000
mem[X,0x0000000080002CF0] -> 0x4513
mem[X,0x0000000080002CF2] -> 0xFFF5
[1362] [M]: 0x0000000080002CF0 (0xFFF54513) xori a0, a0, 4095
x10 <- 0xFFFF7FFFFFFFFFFF
mem[X,0x0000000080002CF4] -> 0xA051
[1363] [M]: 0x0000000080002CF4 (0xA051) c.j 66
mem[X,0x0000000080002D78] -> 0xD141
[1364] [M]: 0x0000000080002D78 (0xD141) c.beqz a0, 192
mem[X,0x0000000080002D7A] -> 0x0113
mem[X,0x0000000080002D7C] -> 0x0021
[1365] [M]: 0x0000000080002D7A (0x00210113) addi sp, sp, 2
x2 <- 0xFF76DF56FF76E072
mem[X,0x0000000080002D7E] -> 0x006F
mem[X,0x0000000080002D80] -> 0x0060
[1366] [M]: 0x0000000080002D7E (0x0060006F) jal zero, 6
mem[X,0x0000000080002D84] -> 0xB423
mem[X,0x0000000080002D86] -> 0x4620
[1367] [M]: 0x0000000080002D84 (0x4620B423) sd sp, 1128(ra)
mem[0x0000000080006580] <- 0xFF76DF56FF76E072
mem[X,0x0000000080002D88] -> 0x0513
mem[X,0x0000000080002D8A] -> 0x0010
[1368] [M]: 0x0000000080002D88 (0x00100513) addi a0, zero, 1
x10 <- 0x0000000000000001
mem[X,0x0000000080002D8C] -> 0x1513
mem[X,0x0000000080002D8E] -> 0x0305
[1369] [M]: 0x0000000080002D8C (0x03051513) slli a0, a0, 48
x10 <- 0x0001000000000000
mem[X,0x0000000080002D90] -> 0x4513
mem[X,0x0000000080002D92] -> 0xFFF5
[1370] [M]: 0x0000000080002D90 (0xFFF54513) xori a0, a0, 4095
x10 <- 0xFFFEFFFFFFFFFFFF
mem[X,0x0000000080002D94] -> 0xA051
[1371] [M]: 0x0000000080002D94 (0xA051) c.j 66
mem[X,0x0000000080002E18] -> 0xD141
[1372] [M]: 0x0000000080002E18 (0xD141) c.beqz a0, 192
mem[X,0x0000000080002E1A] -> 0x0113
mem[X,0x0000000080002E1C] -> 0x0021
[1373] [M]: 0x0000000080002E1A (0x00210113) addi sp, sp, 2
x2 <- 0xFF76DF56FF76E074
mem[X,0x0000000080002E1E] -> 0x006F
mem[X,0x0000000080002E20] -> 0x0060
[1374] [M]: 0x0000000080002E1E (0x0060006F) jal zero, 6
mem[X,0x0000000080002E24] -> 0xB823
mem[X,0x0000000080002E26] -> 0x4620
[1375] [M]: 0x0000000080002E24 (0x4620B823) sd sp, 1136(ra)
mem[0x0000000080006588] <- 0xFF76DF56FF76E074
mem[X,0x0000000080002E28] -> 0x0513
mem[X,0x0000000080002E2A] -> 0x0010
[1376] [M]: 0x0000000080002E28 (0x00100513) addi a0, zero, 1
x10 <- 0x0000000000000001
mem[X,0x0000000080002E2C] -> 0x1513
mem[X,0x0000000080002E2E] -> 0x0315
[1377] [M]: 0x0000000080002E2C (0x03151513) slli a0, a0, 49
x10 <- 0x0002000000000000
mem[X,0x0000000080002E30] -> 0x4513
mem[X,0x0000000080002E32] -> 0xFFF5
[1378] [M]: 0x0000000080002E30 (0xFFF54513) xori a0, a0, 4095
x10 <- 0xFFFDFFFFFFFFFFFF
mem[X,0x0000000080002E34] -> 0xA051
[1379] [M]: 0x0000000080002E34 (0xA051) c.j 66
mem[X,0x0000000080002EB8] -> 0xD141
[1380] [M]: 0x0000000080002EB8 (0xD141) c.beqz a0, 192
mem[X,0x0000000080002EBA] -> 0x0113
mem[X,0x0000000080002EBC] -> 0x0021
[1381] [M]: 0x0000000080002EBA (0x00210113) addi sp, sp, 2
x2 <- 0xFF76DF56FF76E076
mem[X,0x0000000080002EBE] -> 0x006F
mem[X,0x0000000080002EC0] -> 0x0060
[1382] [M]: 0x0000000080002EBE (0x0060006F) jal zero, 6
mem[X,0x0000000080002EC4] -> 0xBC23
mem[X,0x0000000080002EC6] -> 0x4620
[1383] [M]: 0x0000000080002EC4 (0x4620BC23) sd sp, 1144(ra)
mem[0x0000000080006590] <- 0xFF76DF56FF76E076
mem[X,0x0000000080002EC8] -> 0x0513
mem[X,0x0000000080002ECA] -> 0x0010
[1384] [M]: 0x0000000080002EC8 (0x00100513) addi a0, zero, 1
x10 <- 0x0000000000000001
mem[X,0x0000000080002ECC] -> 0x1513
mem[X,0x0000000080002ECE] -> 0x0325
[1385] [M]: 0x0000000080002ECC (0x03251513) slli a0, a0, 50
x10 <- 0x0004000000000000
mem[X,0x0000000080002ED0] -> 0x4513
mem[X,0x0000000080002ED2] -> 0xFFF5
[1386] [M]: 0x0000000080002ED0 (0xFFF54513) xori a0, a0, 4095
x10 <- 0xFFFBFFFFFFFFFFFF
mem[X,0x0000000080002ED4] -> 0xA031
[1387] [M]: 0x0000000080002ED4 (0xA031) c.j 6
mem[X,0x0000000080002EE0] -> 0xC509
[1388] [M]: 0x0000000080002EE0 (0xC509) c.beqz a0, 5
mem[X,0x0000000080002EE2] -> 0x0113
mem[X,0x0000000080002EE4] -> 0x0021
[1389] [M]: 0x0000000080002EE2 (0x00210113) addi sp, sp, 2
x2 <- 0xFF76DF56FF76E078
mem[X,0x0000000080002EE6] -> 0x006F
mem[X,0x0000000080002EE8] -> 0x0060
[1390] [M]: 0x0000000080002EE6 (0x0060006F) jal zero, 6
mem[X,0x0000000080002EEC] -> 0xB023
mem[X,0x0000000080002EEE] -> 0x4820
[1391] [M]: 0x0000000080002EEC (0x4820B023) sd sp, 1152(ra)
mem[0x0000000080006598] <- 0xFF76DF56FF76E078
mem[X,0x0000000080002EF0] -> 0x0513
mem[X,0x0000000080002EF2] -> 0x0010
[1392] [M]: 0x0000000080002EF0 (0x00100513) addi a0, zero, 1
x10 <- 0x0000000000000001
mem[X,0x0000000080002EF4] -> 0x1513
mem[X,0x0000000080002EF6] -> 0x0335
[1393] [M]: 0x0000000080002EF4 (0x03351513) slli a0, a0, 51
x10 <- 0x0008000000000000
mem[X,0x0000000080002EF8] -> 0x4513
mem[X,0x0000000080002EFA] -> 0xFFF5
[1394] [M]: 0x0000000080002EF8 (0xFFF54513) xori a0, a0, 4095
x10 <- 0xFFF7FFFFFFFFFFFF
mem[X,0x0000000080002EFC] -> 0xA031
[1395] [M]: 0x0000000080002EFC (0xA031) c.j 6
mem[X,0x0000000080002F08] -> 0xC105
[1396] [M]: 0x0000000080002F08 (0xC105) c.beqz a0, 16
mem[X,0x0000000080002F0A] -> 0x0113
mem[X,0x0000000080002F0C] -> 0x0021
[1397] [M]: 0x0000000080002F0A (0x00210113) addi sp, sp, 2
x2 <- 0xFF76DF56FF76E07A
mem[X,0x0000000080002F0E] -> 0x006F
mem[X,0x0000000080002F10] -> 0x01C0
[1398] [M]: 0x0000000080002F0E (0x01C0006F) jal zero, 28
mem[X,0x0000000080002F2A] -> 0xB423
mem[X,0x0000000080002F2C] -> 0x4820
[1399] [M]: 0x0000000080002F2A (0x4820B423) sd sp, 1160(ra)
mem[0x00000000800065A0] <- 0xFF76DF56FF76E07A
clint::tick mtime <- 0x000000000000000E
 clint timer pending at mtime 0x000000000000000E
htif::tick 0x0000000000000000
mem[X,0x0000000080002F2E] -> 0x0513
mem[X,0x0000000080002F30] -> 0x0010
[1400] [M]: 0x0000000080002F2E (0x00100513) addi a0, zero, 1
x10 <- 0x0000000000000001
mem[X,0x0000000080002F32] -> 0x1513
mem[X,0x0000000080002F34] -> 0x0345
[1401] [M]: 0x0000000080002F32 (0x03451513) slli a0, a0, 52
x10 <- 0x0010000000000000
mem[X,0x0000000080002F36] -> 0x4513
mem[X,0x0000000080002F38] -> 0xFFF5
[1402] [M]: 0x0000000080002F36 (0xFFF54513) xori a0, a0, 4095
x10 <- 0xFFEFFFFFFFFFFFFF
mem[X,0x0000000080002F3A] -> 0xA031
[1403] [M]: 0x0000000080002F3A (0xA031) c.j 6
mem[X,0x0000000080002F46] -> 0xC54D
[1404] [M]: 0x0000000080002F46 (0xC54D) c.beqz a0, 85
mem[X,0x0000000080002F48] -> 0x0113
mem[X,0x0000000080002F4A] -> 0x0021
[1405] [M]: 0x0000000080002F48 (0x00210113) addi sp, sp, 2
x2 <- 0xFF76DF56FF76E07C
mem[X,0x0000000080002F4C] -> 0x006F
mem[X,0x0000000080002F4E] -> 0x0A60
[1406] [M]: 0x0000000080002F4C (0x0A60006F) jal zero, 166
mem[X,0x0000000080002FF2] -> 0xB823
mem[X,0x0000000080002FF4] -> 0x4820
[1407] [M]: 0x0000000080002FF2 (0x4820B823) sd sp, 1168(ra)
mem[0x00000000800065A8] <- 0xFF76DF56FF76E07C
mem[X,0x0000000080002FF6] -> 0x0513
mem[X,0x0000000080002FF8] -> 0x0010
[1408] [M]: 0x0000000080002FF6 (0x00100513) addi a0, zero, 1
x10 <- 0x0000000000000001
mem[X,0x0000000080002FFA] -> 0x1513
mem[X,0x0000000080002FFC] -> 0x0355
[1409] [M]: 0x0000000080002FFA (0x03551513) slli a0, a0, 53
x10 <- 0x0020000000000000
mem[X,0x0000000080002FFE] -> 0x4513
mem[X,0x0000000080003000] -> 0xFFF5
[1410] [M]: 0x0000000080002FFE (0xFFF54513) xori a0, a0, 4095
x10 <- 0xFFDFFFFFFFFFFFFF
mem[X,0x0000000080003002] -> 0xA031
[1411] [M]: 0x0000000080003002 (0xA031) c.j 6
mem[X,0x000000008000300E] -> 0xDD65
[1412] [M]: 0x000000008000300E (0xDD65) c.beqz a0, 252
mem[X,0x0000000080003010] -> 0x0113
mem[X,0x0000000080003012] -> 0x0021
[1413] [M]: 0x0000000080003010 (0x00210113) addi sp, sp, 2
x2 <- 0xFF76DF56FF76E07E
mem[X,0x0000000080003014] -> 0x006F
mem[X,0x0000000080003016] -> 0x0060
[1414] [M]: 0x0000000080003014 (0x0060006F) jal zero, 6
mem[X,0x000000008000301A] -> 0xBC23
mem[X,0x000000008000301C] -> 0x4820
[1415] [M]: 0x000000008000301A (0x4820BC23) sd sp, 1176(ra)
mem[0x00000000800065B0] <- 0xFF76DF56FF76E07E
mem[X,0x000000008000301E] -> 0x0513
mem[X,0x0000000080003020] -> 0x0010
[1416] [M]: 0x000000008000301E (0x00100513) addi a0, zero, 1
x10 <- 0x0000000000000001
mem[X,0x0000000080003022] -> 0x1513
mem[X,0x0000000080003024] -> 0x0365
[1417] [M]: 0x0000000080003022 (0x03651513) slli a0, a0, 54
x10 <- 0x0040000000000000
mem[X,0x0000000080003026] -> 0x4513
mem[X,0x0000000080003028] -> 0xFFF5
[1418] [M]: 0x0000000080003026 (0xFFF54513) xori a0, a0, 4095
x10 <- 0xFFBFFFFFFFFFFFFF
mem[X,0x000000008000302A] -> 0xA031
[1419] [M]: 0x000000008000302A (0xA031) c.j 6
mem[X,0x0000000080003036] -> 0xC901
[1420] [M]: 0x0000000080003036 (0xC901) c.beqz a0, 8
mem[X,0x0000000080003038] -> 0x0113
mem[X,0x000000008000303A] -> 0x0021
[1421] [M]: 0x0000000080003038 (0x00210113) addi sp, sp, 2
x2 <- 0xFF76DF56FF76E080
mem[X,0x000000008000303C] -> 0x006F
mem[X,0x000000008000303E] -> 0x00C0
[1422] [M]: 0x000000008000303C (0x00C0006F) jal zero, 12
mem[X,0x0000000080003048] -> 0xB023
mem[X,0x000000008000304A] -> 0x4A20
[1423] [M]: 0x0000000080003048 (0x4A20B023) sd sp, 1184(ra)
mem[0x00000000800065B8] <- 0xFF76DF56FF76E080
mem[X,0x000000008000304C] -> 0x006F
mem[X,0x000000008000304E] -> 0x0380
[1424] [M]: 0x000000008000304C (0x0380006F) jal zero, 56
mem[X,0x0000000080003084] -> 0x4085
[1425] [M]: 0x0000000080003084 (0x4085) c.li ra, 1
x1 <- 0x0000000000000001
mem[X,0x0000000080003086] -> 0x1F17
mem[X,0x0000000080003088] -> 0x0000
[1426] [M]: 0x0000000080003086 (0x00001F17) auipc t5, 1
x30 <- 0x0000000080004086
mem[X,0x000000008000308A] -> 0x2D23
mem[X,0x000000008000308C] -> 0xF61F
[1427] [M]: 0x000000008000308A (0xF61F2D23) sw ra, 3962(t5)
htif[0x0000000080004000] <- 0x00000001
mem[X,0x000000008000308E] -> 0xBFE5
[1428] [M]: 0x000000008000308E (0xBFE5) c.j 2044
mem[X,0x0000000080003086] -> 0x1F17
mem[X,0x0000000080003088] -> 0x0000
[1429] [M]: 0x0000000080003086 (0x00001F17) auipc t5, 1
x30 <- 0x0000000080004086
mem[X,0x000000008000308A] -> 0x2D23
mem[X,0x000000008000308C] -> 0xF61F
[1430] [M]: 0x000000008000308A (0xF61F2D23) sw ra, 3962(t5)
htif[0x0000000080004000] <- 0x00000001
mem[X,0x000000008000308E] -> 0xBFE5
[1431] [M]: 0x000000008000308E (0xBFE5) c.j 2044
mem[X,0x0000000080003086] -> 0x1F17
mem[X,0x0000000080003088] -> 0x0000
[1432] [M]: 0x0000000080003086 (0x00001F17) auipc t5, 1
x30 <- 0x0000000080004086
mem[X,0x000000008000308A] -> 0x2D23
mem[X,0x000000008000308C] -> 0xF61F
[1433] [M]: 0x000000008000308A (0xF61F2D23) sw ra, 3962(t5)
htif[0x0000000080004000] <- 0x00000001
htif-syscall-proxy cmd: 0x000000000001
SUCCESS
