using /home/minami/vscode/github/riscv-cof/test/riscof_work/rv64i_m/I/src/bne-01.S/ref/Reference-sail_c_simulator.signature for test-signature output.
tohost located at 0x80043000
Running file ref.elf.
ELF Entry @ 0x80000000
begin_signature: 0x80045110
end_signature: 0x80046650
CSR mstatus <- 0x0000000A00000000 (input: 0x0000000000000000)
mem[X,0x0000000000001000] -> 0x0297
mem[X,0x0000000000001002] -> 0x0000
[0] [M]: 0x0000000000001000 (0x00000297) auipc t0, 0
x5 <- 0x0000000000001000
mem[X,0x0000000000001004] -> 0x8593
mem[X,0x0000000000001006] -> 0x0202
[1] [M]: 0x0000000000001004 (0x02028593) addi a1, t0, 32
x11 <- 0x0000000000001020
mem[X,0x0000000000001008] -> 0x2573
mem[X,0x000000000000100A] -> 0xF140
[2] [M]: 0x0000000000001008 (0xF1402573) csrrs a0, mhartid, zero
CSR mhartid -> 0x0000000000000000
x10 <- 0x0000000000000000
mem[X,0x000000000000100C] -> 0xB283
mem[X,0x000000000000100E] -> 0x0182
[3] [M]: 0x000000000000100C (0x0182B283) ld t0, 24(t0)
mem[R,0x0000000000001018] -> 0x0000000080000000
x5 <- 0x0000000080000000
mem[X,0x0000000000001010] -> 0x8067
mem[X,0x0000000000001012] -> 0x0002
[4] [M]: 0x0000000000001010 (0x00028067) jalr zero, t0, 0
mem[X,0x0000000080000000] -> 0xC0B7
mem[X,0x0000000080000002] -> 0xFEED
[5] [M]: 0x0000000080000000 (0xFEEDC0B7) lui ra, 1044188
x1 <- 0xFFFFFFFFFEEDC000
mem[X,0x0000000080000004] -> 0x8093
mem[X,0x0000000080000006] -> 0xEAD0
[6] [M]: 0x0000000080000004 (0xEAD08093) addi ra, ra, 3757
x1 <- 0xFFFFFFFFFEEDBEAD
mem[X,0x0000000080000008] -> 0x9093
mem[X,0x000000008000000A] -> 0x00B0
[7] [M]: 0x0000000080000008 (0x00B09093) slli ra, ra, 11
x1 <- 0xFFFFFFF76DF56800
mem[X,0x000000008000000C] -> 0x8093
mem[X,0x000000008000000E] -> 0x7F70
[8] [M]: 0x000000008000000C (0x7F708093) addi ra, ra, 2039
x1 <- 0xFFFFFFF76DF56FF7
mem[X,0x0000000080000010] -> 0x9093
mem[X,0x0000000080000012] -> 0x00B0
[9] [M]: 0x0000000080000010 (0x00B09093) slli ra, ra, 11
x1 <- 0xFFFFBB6FAB7FB800
mem[X,0x0000000080000014] -> 0x8093
mem[X,0x0000000080000016] -> 0x36F0
[10] [M]: 0x0000000080000014 (0x36F08093) addi ra, ra, 879
x1 <- 0xFFFFBB6FAB7FBB6F
mem[X,0x0000000080000018] -> 0x9093
mem[X,0x000000008000001A] -> 0x00A0
[11] [M]: 0x0000000080000018 (0x00A09093) slli ra, ra, 10
x1 <- 0xFEEDBEADFEEDBC00
mem[X,0x000000008000001C] -> 0x8093
mem[X,0x000000008000001E] -> 0x2AD0
[12] [M]: 0x000000008000001C (0x2AD08093) addi ra, ra, 685
x1 <- 0xFEEDBEADFEEDBEAD
mem[X,0x0000000080000020] -> 0xE137
mem[X,0x0000000080000022] -> 0xFF76
[13] [M]: 0x0000000080000020 (0xFF76E137) lui sp, 1046382
x2 <- 0xFFFFFFFFFF76E000
mem[X,0x0000000080000024] -> 0x0113
mem[X,0x0000000080000026] -> 0xF561
[14] [M]: 0x0000000080000024 (0xF5610113) addi sp, sp, 3926
x2 <- 0xFFFFFFFFFF76DF56
mem[X,0x0000000080000028] -> 0x1113
mem[X,0x000000008000002A] -> 0x00B1
[15] [M]: 0x0000000080000028 (0x00B11113) slli sp, sp, 11
x2 <- 0xFFFFFFFBB6FAB000
mem[X,0x000000008000002C] -> 0x0113
mem[X,0x000000008000002E] -> 0x7FB1
[16] [M]: 0x000000008000002C (0x7FB10113) addi sp, sp, 2043
x2 <- 0xFFFFFFFBB6FAB7FB
mem[X,0x0000000080000030] -> 0x1113
mem[X,0x0000000080000032] -> 0x00B1
[17] [M]: 0x0000000080000030 (0x00B11113) slli sp, sp, 11
x2 <- 0xFFFFDDB7D5BFD800
mem[X,0x0000000080000034] -> 0x0113
mem[X,0x0000000080000036] -> 0x5B71
[18] [M]: 0x0000000080000034 (0x5B710113) addi sp, sp, 1463
x2 <- 0xFFFFDDB7D5BFDDB7
mem[X,0x0000000080000038] -> 0x1113
mem[X,0x000000008000003A] -> 0x00A1
[19] [M]: 0x0000000080000038 (0x00A11113) slli sp, sp, 10
x2 <- 0xFF76DF56FF76DC00
mem[X,0x000000008000003C] -> 0x0113
mem[X,0x000000008000003E] -> 0x3561
[20] [M]: 0x000000008000003C (0x35610113) addi sp, sp, 854
x2 <- 0xFF76DF56FF76DF56
mem[X,0x0000000080000040] -> 0x71B7
mem[X,0x0000000080000042] -> 0x7FBB
[21] [M]: 0x0000000080000040 (0x7FBB71B7) lui gp, 523191
x3 <- 0x000000007FBB7000
mem[X,0x0000000080000044] -> 0x8193
mem[X,0x0000000080000046] -> 0xFAB1
[22] [M]: 0x0000000080000044 (0xFAB18193) addi gp, gp, 4011
x3 <- 0x000000007FBB6FAB
mem[X,0x0000000080000048] -> 0x9193
mem[X,0x000000008000004A] -> 0x00B1
[23] [M]: 0x0000000080000048 (0x00B19193) slli gp, gp, 11
x3 <- 0x000003FDDB7D5800
mem[X,0x000000008000004C] -> 0x8193
mem[X,0x000000008000004E] -> 0x3FD1
[24] [M]: 0x000000008000004C (0x3FD18193) addi gp, gp, 1021
x3 <- 0x000003FDDB7D5BFD
mem[X,0x0000000080000050] -> 0x9193
mem[X,0x0000000080000052] -> 0x00B1
[25] [M]: 0x0000000080000050 (0x00B19193) slli gp, gp, 11
x3 <- 0x001FEEDBEADFE800
mem[X,0x0000000080000054] -> 0x8193
mem[X,0x0000000080000056] -> 0x6DB1
[26] [M]: 0x0000000080000054 (0x6DB18193) addi gp, gp, 1755
x3 <- 0x001FEEDBEADFEEDB
mem[X,0x0000000080000058] -> 0x9193
mem[X,0x000000008000005A] -> 0x00A1
[27] [M]: 0x0000000080000058 (0x00A19193) slli gp, gp, 10
x3 <- 0x7FBB6FAB7FBB6C00
mem[X,0x000000008000005C] -> 0x8193
mem[X,0x000000008000005E] -> 0x3AB1
[28] [M]: 0x000000008000005C (0x3AB18193) addi gp, gp, 939
x3 <- 0x7FBB6FAB7FBB6FAB
mem[X,0x0000000080000060] -> 0xB237
mem[X,0x0000000080000062] -> 0xBFDD
[29] [M]: 0x0000000080000060 (0xBFDDB237) lui tp, 785883
x4 <- 0xFFFFFFFFBFDDB000
mem[X,0x0000000080000064] -> 0x0213
mem[X,0x0000000080000066] -> 0x7D52
[30] [M]: 0x0000000080000064 (0x7D520213) addi tp, tp, 2005
x4 <- 0xFFFFFFFFBFDDB7D5
mem[X,0x0000000080000068] -> 0x1213
mem[X,0x000000008000006A] -> 0x00B2
[31] [M]: 0x0000000080000068 (0x00B21213) slli tp, tp, 11
x4 <- 0xFFFFFDFEEDBEA800
mem[X,0x000000008000006C] -> 0x0213
mem[X,0x000000008000006E] -> 0x5FE2
[32] [M]: 0x000000008000006C (0x5FE20213) addi tp, tp, 1534
x4 <- 0xFFFFFDFEEDBEADFE
mem[X,0x0000000080000070] -> 0x1213
mem[X,0x0000000080000072] -> 0x00B2
[33] [M]: 0x0000000080000070 (0x00B21213) slli tp, tp, 11
x4 <- 0xFFEFF76DF56FF000
mem[X,0x0000000080000074] -> 0x0213
mem[X,0x0000000080000076] -> 0x76D2
[34] [M]: 0x0000000080000074 (0x76D20213) addi tp, tp, 1901
x4 <- 0xFFEFF76DF56FF76D
mem[X,0x0000000080000078] -> 0x1213
mem[X,0x000000008000007A] -> 0x00A2
[35] [M]: 0x0000000080000078 (0x00A21213) slli tp, tp, 10
x4 <- 0xBFDDB7D5BFDDB400
mem[X,0x000000008000007C] -> 0x0213
mem[X,0x000000008000007E] -> 0x3D52
[36] [M]: 0x000000008000007C (0x3D520213) addi tp, tp, 981
x4 <- 0xBFDDB7D5BFDDB7D5
mem[X,0x0000000080000080] -> 0xE2B7
mem[X,0x0000000080000082] -> 0xDFEE
[37] [M]: 0x0000000080000080 (0xDFEEE2B7) lui t0, 917230
x5 <- 0xFFFFFFFFDFEEE000
mem[X,0x0000000080000084] -> 0x8293
mem[X,0x0000000080000086] -> 0xBEA2
[38] [M]: 0x0000000080000084 (0xBEA28293) addi t0, t0, 3050
x5 <- 0xFFFFFFFFDFEEDBEA
mem[X,0x0000000080000088] -> 0x9293
mem[X,0x000000008000008A] -> 0x00B2
[39] [M]: 0x0000000080000088 (0x00B29293) slli t0, t0, 11
x5 <- 0xFFFFFEFF76DF5000
mem[X,0x000000008000008C] -> 0x8293
mem[X,0x000000008000008E] -> 0x6FF2
[40] [M]: 0x000000008000008C (0x6FF28293) addi t0, t0, 1791
x5 <- 0xFFFFFEFF76DF56FF
mem[X,0x0000000080000090] -> 0x9293
mem[X,0x0000000080000092] -> 0x00B2
[41] [M]: 0x0000000080000090 (0x00B29293) slli t0, t0, 11
x5 <- 0xFFF7FBB6FAB7F800
mem[X,0x0000000080000094] -> 0x8293
mem[X,0x0000000080000096] -> 0x3B62
[42] [M]: 0x0000000080000094 (0x3B628293) addi t0, t0, 950
x5 <- 0xFFF7FBB6FAB7FBB6
mem[X,0x0000000080000098] -> 0x9293
mem[X,0x000000008000009A] -> 0x00A2
[43] [M]: 0x0000000080000098 (0x00A29293) slli t0, t0, 10
x5 <- 0xDFEEDBEADFEED800
mem[X,0x000000008000009C] -> 0x8293
mem[X,0x000000008000009E] -> 0x3EA2
[44] [M]: 0x000000008000009C (0x3EA28293) addi t0, t0, 1002
x5 <- 0xDFEEDBEADFEEDBEA
mem[X,0x00000000800000A0] -> 0x7337
mem[X,0x00000000800000A2] -> 0x6FF7
[45] [M]: 0x00000000800000A0 (0x6FF77337) lui t1, 458615
x6 <- 0x000000006FF77000
mem[X,0x00000000800000A4] -> 0x0313
mem[X,0x00000000800000A6] -> 0xDF53
[46] [M]: 0x00000000800000A4 (0xDF530313) addi t1, t1, 3573
x6 <- 0x000000006FF76DF5
mem[X,0x00000000800000A8] -> 0x1313
mem[X,0x00000000800000AA] -> 0x00B3
[47] [M]: 0x00000000800000A8 (0x00B31313) slli t1, t1, 11
x6 <- 0x0000037FBB6FA800
mem[X,0x00000000800000AC] -> 0x0313
mem[X,0x00000000800000AE] -> 0x37F3
[48] [M]: 0x00000000800000AC (0x37F30313) addi t1, t1, 895
x6 <- 0x0000037FBB6FAB7F
mem[X,0x00000000800000B0] -> 0x1313
mem[X,0x00000000800000B2] -> 0x00B3
[49] [M]: 0x00000000800000B0 (0x00B31313) slli t1, t1, 11
x6 <- 0x001BFDDB7D5BF800
mem[X,0x00000000800000B4] -> 0x0313
mem[X,0x00000000800000B6] -> 0x5DB3
[50] [M]: 0x00000000800000B4 (0x5DB30313) addi t1, t1, 1499
x6 <- 0x001BFDDB7D5BFDDB
mem[X,0x00000000800000B8] -> 0x1313
mem[X,0x00000000800000BA] -> 0x00A3
[51] [M]: 0x00000000800000B8 (0x00A31313) slli t1, t1, 10
x6 <- 0x6FF76DF56FF76C00
mem[X,0x00000000800000BC] -> 0x0313
mem[X,0x00000000800000BE] -> 0x1F53
[52] [M]: 0x00000000800000BC (0x1F530313) addi t1, t1, 501
x6 <- 0x6FF76DF56FF76DF5
mem[X,0x00000000800000C0] -> 0xB3B7
mem[X,0x00000000800000C2] -> 0xB7FB
[53] [M]: 0x00000000800000C0 (0xB7FBB3B7) lui t2, 753595
x7 <- 0xFFFFFFFFB7FBB000
mem[X,0x00000000800000C4] -> 0x8393
mem[X,0x00000000800000C6] -> 0x6FA3
[54] [M]: 0x00000000800000C4 (0x6FA38393) addi t2, t2, 1786
x7 <- 0xFFFFFFFFB7FBB6FA
mem[X,0x00000000800000C8] -> 0x9393
mem[X,0x00000000800000CA] -> 0x00B3
[55] [M]: 0x00000000800000C8 (0x00B39393) slli t2, t2, 11
x7 <- 0xFFFFFDBFDDB7D000
mem[X,0x00000000800000CC] -> 0x8393
mem[X,0x00000000800000CE] -> 0x5BF3
[56] [M]: 0x00000000800000CC (0x5BF38393) addi t2, t2, 1471
x7 <- 0xFFFFFDBFDDB7D5BF
mem[X,0x00000000800000D0] -> 0x9393
mem[X,0x00000000800000D2] -> 0x00B3
[57] [M]: 0x00000000800000D0 (0x00B39393) slli t2, t2, 11
x7 <- 0xFFEDFEEDBEADF800
mem[X,0x00000000800000D4] -> 0x8393
mem[X,0x00000000800000D6] -> 0x6ED3
[58] [M]: 0x00000000800000D4 (0x6ED38393) addi t2, t2, 1773
x7 <- 0xFFEDFEEDBEADFEED
mem[X,0x00000000800000D8] -> 0x9393
mem[X,0x00000000800000DA] -> 0x00A3
[59] [M]: 0x00000000800000D8 (0x00A39393) slli t2, t2, 10
x7 <- 0xB7FBB6FAB7FBB400
mem[X,0x00000000800000DC] -> 0x8393
mem[X,0x00000000800000DE] -> 0x2FA3
[60] [M]: 0x00000000800000DC (0x2FA38393) addi t2, t2, 762
x7 <- 0xB7FBB6FAB7FBB6FA
mem[X,0x00000000800000E0] -> 0xE437
mem[X,0x00000000800000E2] -> 0x5BFD
[61] [M]: 0x00000000800000E0 (0x5BFDE437) lui fp, 376798
x8 <- 0x000000005BFDE000
mem[X,0x00000000800000E4] -> 0x0413
mem[X,0x00000000800000E6] -> 0xB7D4
[62] [M]: 0x00000000800000E4 (0xB7D40413) addi fp, fp, 2941
x8 <- 0x000000005BFDDB7D
mem[X,0x00000000800000E8] -> 0x1413
mem[X,0x00000000800000EA] -> 0x00B4
[63] [M]: 0x00000000800000E8 (0x00B41413) slli fp, fp, 11
x8 <- 0x000002DFEEDBE800
mem[X,0x00000000800000EC] -> 0x0413
mem[X,0x00000000800000EE] -> 0x2DF4
[64] [M]: 0x00000000800000EC (0x2DF40413) addi fp, fp, 735
x8 <- 0x000002DFEEDBEADF
mem[X,0x00000000800000F0] -> 0x1413
mem[X,0x00000000800000F2] -> 0x00B4
[65] [M]: 0x00000000800000F0 (0x00B41413) slli fp, fp, 11
x8 <- 0x0016FF76DF56F800
mem[X,0x00000000800000F4] -> 0x0413
mem[X,0x00000000800000F6] -> 0x7764
[66] [M]: 0x00000000800000F4 (0x77640413) addi fp, fp, 1910
x8 <- 0x0016FF76DF56FF76
mem[X,0x00000000800000F8] -> 0x1413
mem[X,0x00000000800000FA] -> 0x00A4
[67] [M]: 0x00000000800000F8 (0x00A41413) slli fp, fp, 10
x8 <- 0x5BFDDB7D5BFDD800
mem[X,0x00000000800000FC] -> 0x0413
mem[X,0x00000000800000FE] -> 0x37D4
[68] [M]: 0x00000000800000FC (0x37D40413) addi fp, fp, 893
x8 <- 0x5BFDDB7D5BFDDB7D
mem[X,0x0000000080000100] -> 0xF4B7
mem[X,0x0000000080000102] -> 0xADFE
[69] [M]: 0x0000000080000100 (0xADFEF4B7) lui s1, 712687
x9 <- 0xFFFFFFFFADFEF000
mem[X,0x0000000080000104] -> 0x8493
mem[X,0x0000000080000106] -> 0xDBE4
[70] [M]: 0x0000000080000104 (0xDBE48493) addi s1, s1, 3518
x9 <- 0xFFFFFFFFADFEEDBE
mem[X,0x0000000080000108] -> 0x9493
mem[X,0x000000008000010A] -> 0x00B4
[71] [M]: 0x0000000080000108 (0x00B49493) slli s1, s1, 11
x9 <- 0xFFFFFD6FF76DF000
mem[X,0x000000008000010C] -> 0x8493
mem[X,0x000000008000010E] -> 0x56F4
[72] [M]: 0x000000008000010C (0x56F48493) addi s1, s1, 1391
x9 <- 0xFFFFFD6FF76DF56F
mem[X,0x0000000080000110] -> 0x9493
mem[X,0x0000000080000112] -> 0x00B4
[73] [M]: 0x0000000080000110 (0x00B49493) slli s1, s1, 11
x9 <- 0xFFEB7FBB6FAB7800
mem[X,0x0000000080000114] -> 0x8493
mem[X,0x0000000080000116] -> 0x7BB4
[74] [M]: 0x0000000080000114 (0x7BB48493) addi s1, s1, 1979
x9 <- 0xFFEB7FBB6FAB7FBB
mem[X,0x0000000080000118] -> 0x9493
mem[X,0x000000008000011A] -> 0x00A4
[75] [M]: 0x0000000080000118 (0x00A49493) slli s1, s1, 10
x9 <- 0xADFEEDBEADFEEC00
mem[X,0x000000008000011C] -> 0x8493
mem[X,0x000000008000011E] -> 0x1BE4
[76] [M]: 0x000000008000011C (0x1BE48493) addi s1, s1, 446
x9 <- 0xADFEEDBEADFEEDBE
mem[X,0x0000000080000120] -> 0x7537
mem[X,0x0000000080000122] -> 0x56FF
[77] [M]: 0x0000000080000120 (0x56FF7537) lui a0, 356343
x10 <- 0x0000000056FF7000
mem[X,0x0000000080000124] -> 0x0513
mem[X,0x0000000080000126] -> 0x6DF5
[78] [M]: 0x0000000080000124 (0x6DF50513) addi a0, a0, 1759
x10 <- 0x0000000056FF76DF
mem[X,0x0000000080000128] -> 0x1513
mem[X,0x000000008000012A] -> 0x00B5
[79] [M]: 0x0000000080000128 (0x00B51513) slli a0, a0, 11
x10 <- 0x000002B7FBB6F800
mem[X,0x000000008000012C] -> 0x0513
mem[X,0x000000008000012E] -> 0x2B75
[80] [M]: 0x000000008000012C (0x2B750513) addi a0, a0, 695
x10 <- 0x000002B7FBB6FAB7
mem[X,0x0000000080000130] -> 0x1513
mem[X,0x0000000080000132] -> 0x00B5
[81] [M]: 0x0000000080000130 (0x00B51513) slli a0, a0, 11
x10 <- 0x0015BFDDB7D5B800
mem[X,0x0000000080000134] -> 0x0513
mem[X,0x0000000080000136] -> 0x7DD5
[82] [M]: 0x0000000080000134 (0x7DD50513) addi a0, a0, 2013
x10 <- 0x0015BFDDB7D5BFDD
mem[X,0x0000000080000138] -> 0x1513
mem[X,0x000000008000013A] -> 0x00A5
[83] [M]: 0x0000000080000138 (0x00A51513) slli a0, a0, 10
x10 <- 0x56FF76DF56FF7400
mem[X,0x000000008000013C] -> 0x0513
mem[X,0x000000008000013E] -> 0x2DF5
[84] [M]: 0x000000008000013C (0x2DF50513) addi a0, a0, 735
x10 <- 0x56FF76DF56FF76DF
mem[X,0x0000000080000140] -> 0xC5B7
mem[X,0x0000000080000142] -> 0xAB7F
[85] [M]: 0x0000000080000140 (0xAB7FC5B7) lui a1, 702460
x11 <- 0xFFFFFFFFAB7FC000
mem[X,0x0000000080000144] -> 0x8593
mem[X,0x0000000080000146] -> 0xB6F5
[86] [M]: 0x0000000080000144 (0xB6F58593) addi a1, a1, 2927
x11 <- 0xFFFFFFFFAB7FBB6F
mem[X,0x0000000080000148] -> 0x9593
mem[X,0x000000008000014A] -> 0x00B5
[87] [M]: 0x0000000080000148 (0x00B59593) slli a1, a1, 11
x11 <- 0xFFFFFD5BFDDB7800
mem[X,0x000000008000014C] -> 0x8593
mem[X,0x000000008000014E] -> 0x55B5
[88] [M]: 0x000000008000014C (0x55B58593) addi a1, a1, 1371
x11 <- 0xFFFFFD5BFDDB7D5B
mem[X,0x0000000080000150] -> 0x9593
mem[X,0x0000000080000152] -> 0x00B5
[89] [M]: 0x0000000080000150 (0x00B59593) slli a1, a1, 11
x11 <- 0xFFEADFEEDBEAD800
mem[X,0x0000000080000154] -> 0x8593
mem[X,0x0000000080000156] -> 0x7EE5
[90] [M]: 0x0000000080000154 (0x7EE58593) addi a1, a1, 2030
x11 <- 0xFFEADFEEDBEADFEE
mem[X,0x0000000080000158] -> 0x9593
mem[X,0x000000008000015A] -> 0x00A5
[91] [M]: 0x0000000080000158 (0x00A59593) slli a1, a1, 10
x11 <- 0xAB7FBB6FAB7FB800
mem[X,0x000000008000015C] -> 0x8593
mem[X,0x000000008000015E] -> 0x36F5
[92] [M]: 0x000000008000015C (0x36F58593) addi a1, a1, 879
x11 <- 0xAB7FBB6FAB7FBB6F
mem[X,0x0000000080000160] -> 0xE637
mem[X,0x0000000080000162] -> 0xD5BF
[93] [M]: 0x0000000080000160 (0xD5BFE637) lui a2, 875518
x12 <- 0xFFFFFFFFD5BFE000
mem[X,0x0000000080000164] -> 0x0613
mem[X,0x0000000080000166] -> 0xDB76
[94] [M]: 0x0000000080000164 (0xDB760613) addi a2, a2, 3511
x12 <- 0xFFFFFFFFD5BFDDB7
mem[X,0x0000000080000168] -> 0x1613
mem[X,0x000000008000016A] -> 0x00B6
[95] [M]: 0x0000000080000168 (0x00B61613) slli a2, a2, 11
x12 <- 0xFFFFFEADFEEDB800
mem[X,0x000000008000016C] -> 0x0613
mem[X,0x000000008000016E] -> 0x6AD6
[96] [M]: 0x000000008000016C (0x6AD60613) addi a2, a2, 1709
x12 <- 0xFFFFFEADFEEDBEAD
mem[X,0x0000000080000170] -> 0x1613
mem[X,0x0000000080000172] -> 0x00B6
[97] [M]: 0x0000000080000170 (0x00B61613) slli a2, a2, 11
x12 <- 0xFFF56FF76DF56800
mem[X,0x0000000080000174] -> 0x0613
mem[X,0x0000000080000176] -> 0x7F76
[98] [M]: 0x0000000080000174 (0x7F760613) addi a2, a2, 2039
x12 <- 0xFFF56FF76DF56FF7
mem[X,0x0000000080000178] -> 0x1613
mem[X,0x000000008000017A] -> 0x00A6
[99] [M]: 0x0000000080000178 (0x00A61613) slli a2, a2, 10
x12 <- 0xD5BFDDB7D5BFDC00
clint::tick mtime <- 0x0000000000000001
 clint timer pending at mtime 0x0000000000000001
htif::tick 0x0000000000000000
mem[X,0x000000008000017C] -> 0x0613
mem[X,0x000000008000017E] -> 0x1B76
[100] [M]: 0x000000008000017C (0x1B760613) addi a2, a2, 439
x12 <- 0xD5BFDDB7D5BFDDB7
mem[X,0x0000000080000180] -> 0xF6B7
mem[X,0x0000000080000182] -> 0xEADF
[101] [M]: 0x0000000080000180 (0xEADFF6B7) lui a3, 962047
x13 <- 0xFFFFFFFFEADFF000
mem[X,0x0000000080000184] -> 0x8693
mem[X,0x0000000080000186] -> 0xEDB6
[102] [M]: 0x0000000080000184 (0xEDB68693) addi a3, a3, 3803
x13 <- 0xFFFFFFFFEADFEEDB
mem[X,0x0000000080000188] -> 0x9693
mem[X,0x000000008000018A] -> 0x00B6
[103] [M]: 0x0000000080000188 (0x00B69693) slli a3, a3, 11
x13 <- 0xFFFFFF56FF76D800
mem[X,0x000000008000018C] -> 0x8693
mem[X,0x000000008000018E] -> 0x7566
[104] [M]: 0x000000008000018C (0x75668693) addi a3, a3, 1878
x13 <- 0xFFFFFF56FF76DF56
mem[X,0x0000000080000190] -> 0x9693
mem[X,0x0000000080000192] -> 0x00B6
[105] [M]: 0x0000000080000190 (0x00B69693) slli a3, a3, 11
x13 <- 0xFFFAB7FBB6FAB000
mem[X,0x0000000080000194] -> 0x8693
mem[X,0x0000000080000196] -> 0x7FB6
[106] [M]: 0x0000000080000194 (0x7FB68693) addi a3, a3, 2043
x13 <- 0xFFFAB7FBB6FAB7FB
mem[X,0x0000000080000198] -> 0x9693
mem[X,0x000000008000019A] -> 0x00A6
[107] [M]: 0x0000000080000198 (0x00A69693) slli a3, a3, 10
x13 <- 0xEADFEEDBEADFEC00
mem[X,0x000000008000019C] -> 0x8693
mem[X,0x000000008000019E] -> 0x2DB6
[108] [M]: 0x000000008000019C (0x2DB68693) addi a3, a3, 731
x13 <- 0xEADFEEDBEADFEEDB
mem[X,0x00000000800001A0] -> 0xF737
mem[X,0x00000000800001A2] -> 0xF56F
[109] [M]: 0x00000000800001A0 (0xF56FF737) lui a4, 1005311
x14 <- 0xFFFFFFFFF56FF000
mem[X,0x00000000800001A4] -> 0x0713
mem[X,0x00000000800001A6] -> 0x76D7
[110] [M]: 0x00000000800001A4 (0x76D70713) addi a4, a4, 1901
x14 <- 0xFFFFFFFFF56FF76D
mem[X,0x00000000800001A8] -> 0x1713
mem[X,0x00000000800001AA] -> 0x00B7
[111] [M]: 0x00000000800001A8 (0x00B71713) slli a4, a4, 11
x14 <- 0xFFFFFFAB7FBB6800
mem[X,0x00000000800001AC] -> 0x0713
mem[X,0x00000000800001AE] -> 0x7AB7
[112] [M]: 0x00000000800001AC (0x7AB70713) addi a4, a4, 1963
x14 <- 0xFFFFFFAB7FBB6FAB
mem[X,0x00000000800001B0] -> 0x1713
mem[X,0x00000000800001B2] -> 0x00B7
[113] [M]: 0x00000000800001B0 (0x00B71713) slli a4, a4, 11
x14 <- 0xFFFD5BFDDB7D5800
mem[X,0x00000000800001B4] -> 0x0713
mem[X,0x00000000800001B6] -> 0x3FD7
[114] [M]: 0x00000000800001B4 (0x3FD70713) addi a4, a4, 1021
x14 <- 0xFFFD5BFDDB7D5BFD
mem[X,0x00000000800001B8] -> 0x1713
mem[X,0x00000000800001BA] -> 0x00A7
[115] [M]: 0x00000000800001B8 (0x00A71713) slli a4, a4, 10
x14 <- 0xF56FF76DF56FF400
mem[X,0x00000000800001BC] -> 0x0713
mem[X,0x00000000800001BE] -> 0x36D7
[116] [M]: 0x00000000800001BC (0x36D70713) addi a4, a4, 877
x14 <- 0xF56FF76DF56FF76D
mem[X,0x00000000800001C0] -> 0x07B7
mem[X,0x00000000800001C2] -> 0xFAB8
[117] [M]: 0x00000000800001C0 (0xFAB807B7) lui a5, 1026944
x15 <- 0xFFFFFFFFFAB80000
mem[X,0x00000000800001C4] -> 0x8793
mem[X,0x00000000800001C6] -> 0xBB67
[118] [M]: 0x00000000800001C4 (0xBB678793) addi a5, a5, 2998
x15 <- 0xFFFFFFFFFAB7FBB6
mem[X,0x00000000800001C8] -> 0x9793
mem[X,0x00000000800001CA] -> 0x00B7
[119] [M]: 0x00000000800001C8 (0x00B79793) slli a5, a5, 11
x15 <- 0xFFFFFFD5BFDDB000
mem[X,0x00000000800001CC] -> 0x8793
mem[X,0x00000000800001CE] -> 0x7D57
[120] [M]: 0x00000000800001CC (0x7D578793) addi a5, a5, 2005
x15 <- 0xFFFFFFD5BFDDB7D5
mem[X,0x00000000800001D0] -> 0x9793
mem[X,0x00000000800001D2] -> 0x00B7
[121] [M]: 0x00000000800001D0 (0x00B79793) slli a5, a5, 11
x15 <- 0xFFFEADFEEDBEA800
mem[X,0x00000000800001D4] -> 0x8793
mem[X,0x00000000800001D6] -> 0x5FE7
[122] [M]: 0x00000000800001D4 (0x5FE78793) addi a5, a5, 1534
x15 <- 0xFFFEADFEEDBEADFE
mem[X,0x00000000800001D8] -> 0x9793
mem[X,0x00000000800001DA] -> 0x00A7
[123] [M]: 0x00000000800001D8 (0x00A79793) slli a5, a5, 10
x15 <- 0xFAB7FBB6FAB7F800
mem[X,0x00000000800001DC] -> 0x8793
mem[X,0x00000000800001DE] -> 0x3B67
[124] [M]: 0x00000000800001DC (0x3B678793) addi a5, a5, 950
x15 <- 0xFAB7FBB6FAB7FBB6
mem[X,0x00000000800001E0] -> 0x0837
mem[X,0x00000000800001E2] -> 0x7D5C
[125] [M]: 0x00000000800001E0 (0x7D5C0837) lui a6, 513472
x16 <- 0x000000007D5C0000
mem[X,0x00000000800001E4] -> 0x0813
mem[X,0x00000000800001E6] -> 0xDDB8
[126] [M]: 0x00000000800001E4 (0xDDB80813) addi a6, a6, 3547
x16 <- 0x000000007D5BFDDB
mem[X,0x00000000800001E8] -> 0x1813
mem[X,0x00000000800001EA] -> 0x00B8
[127] [M]: 0x00000000800001E8 (0x00B81813) slli a6, a6, 11
x16 <- 0x000003EADFEED800
mem[X,0x00000000800001EC] -> 0x0813
mem[X,0x00000000800001EE] -> 0x3EA8
[128] [M]: 0x00000000800001EC (0x3EA80813) addi a6, a6, 1002
x16 <- 0x000003EADFEEDBEA
mem[X,0x00000000800001F0] -> 0x1813
mem[X,0x00000000800001F2] -> 0x00B8
[129] [M]: 0x00000000800001F0 (0x00B81813) slli a6, a6, 11
x16 <- 0x001F56FF76DF5000
mem[X,0x00000000800001F4] -> 0x0813
mem[X,0x00000000800001F6] -> 0x6FF8
[130] [M]: 0x00000000800001F4 (0x6FF80813) addi a6, a6, 1791
x16 <- 0x001F56FF76DF56FF
mem[X,0x00000000800001F8] -> 0x1813
mem[X,0x00000000800001FA] -> 0x00A8
[131] [M]: 0x00000000800001F8 (0x00A81813) slli a6, a6, 10
x16 <- 0x7D5BFDDB7D5BFC00
mem[X,0x00000000800001FC] -> 0x0813
mem[X,0x00000000800001FE] -> 0x1DB8
[132] [M]: 0x00000000800001FC (0x1DB80813) addi a6, a6, 475
x16 <- 0x7D5BFDDB7D5BFDDB
mem[X,0x0000000080000200] -> 0x08B7
mem[X,0x0000000080000202] -> 0xBEAE
[133] [M]: 0x0000000080000200 (0xBEAE08B7) lui a7, 781024
x17 <- 0xFFFFFFFFBEAE0000
mem[X,0x0000000080000204] -> 0x8893
mem[X,0x0000000080000206] -> 0xEED8
[134] [M]: 0x0000000080000204 (0xEED88893) addi a7, a7, 3821
x17 <- 0xFFFFFFFFBEADFEED
mem[X,0x0000000080000208] -> 0x9893
mem[X,0x000000008000020A] -> 0x00B8
[135] [M]: 0x0000000080000208 (0x00B89893) slli a7, a7, 11
x17 <- 0xFFFFFDF56FF76800
mem[X,0x000000008000020C] -> 0x8893
mem[X,0x000000008000020E] -> 0x5F58
[136] [M]: 0x000000008000020C (0x5F588893) addi a7, a7, 1525
x17 <- 0xFFFFFDF56FF76DF5
mem[X,0x0000000080000210] -> 0x9893
mem[X,0x0000000080000212] -> 0x00B8
[137] [M]: 0x0000000080000210 (0x00B89893) slli a7, a7, 11
x17 <- 0xFFEFAB7FBB6FA800
mem[X,0x0000000080000214] -> 0x8893
mem[X,0x0000000080000216] -> 0x37F8
[138] [M]: 0x0000000080000214 (0x37F88893) addi a7, a7, 895
x17 <- 0xFFEFAB7FBB6FAB7F
mem[X,0x0000000080000218] -> 0x9893
mem[X,0x000000008000021A] -> 0x00A8
[139] [M]: 0x0000000080000218 (0x00A89893) slli a7, a7, 10
x17 <- 0xBEADFEEDBEADFC00
mem[X,0x000000008000021C] -> 0x8893
mem[X,0x000000008000021E] -> 0x2ED8
[140] [M]: 0x000000008000021C (0x2ED88893) addi a7, a7, 749
x17 <- 0xBEADFEEDBEADFEED
mem[X,0x0000000080000220] -> 0x0937
mem[X,0x0000000080000222] -> 0xDF57
[141] [M]: 0x0000000080000220 (0xDF570937) lui s2, 914800
x18 <- 0xFFFFFFFFDF570000
mem[X,0x0000000080000224] -> 0x0913
mem[X,0x0000000080000226] -> 0xF769
[142] [M]: 0x0000000080000224 (0xF7690913) addi s2, s2, 3958
x18 <- 0xFFFFFFFFDF56FF76
mem[X,0x0000000080000228] -> 0x1913
mem[X,0x000000008000022A] -> 0x00B9
[143] [M]: 0x0000000080000228 (0x00B91913) slli s2, s2, 11
x18 <- 0xFFFFFEFAB7FBB000
mem[X,0x000000008000022C] -> 0x0913
mem[X,0x000000008000022E] -> 0x6FA9
[144] [M]: 0x000000008000022C (0x6FA90913) addi s2, s2, 1786
x18 <- 0xFFFFFEFAB7FBB6FA
mem[X,0x0000000080000230] -> 0x1913
mem[X,0x0000000080000232] -> 0x00B9
[145] [M]: 0x0000000080000230 (0x00B91913) slli s2, s2, 11
x18 <- 0xFFF7D5BFDDB7D000
mem[X,0x0000000080000234] -> 0x0913
mem[X,0x0000000080000236] -> 0x5BF9
[146] [M]: 0x0000000080000234 (0x5BF90913) addi s2, s2, 1471
x18 <- 0xFFF7D5BFDDB7D5BF
mem[X,0x0000000080000238] -> 0x1913
mem[X,0x000000008000023A] -> 0x00A9
[147] [M]: 0x0000000080000238 (0x00A91913) slli s2, s2, 10
x18 <- 0xDF56FF76DF56FC00
mem[X,0x000000008000023C] -> 0x0913
mem[X,0x000000008000023E] -> 0x3769
[148] [M]: 0x000000008000023C (0x37690913) addi s2, s2, 886
x18 <- 0xDF56FF76DF56FF76
mem[X,0x0000000080000240] -> 0x89B7
mem[X,0x0000000080000242] -> 0x6FAB
[149] [M]: 0x0000000080000240 (0x6FAB89B7) lui s3, 457400
x19 <- 0x000000006FAB8000
mem[X,0x0000000080000244] -> 0x8993
mem[X,0x0000000080000246] -> 0xFBB9
[150] [M]: 0x0000000080000244 (0xFBB98993) addi s3, s3, 4027
x19 <- 0x000000006FAB7FBB
mem[X,0x0000000080000248] -> 0x9993
mem[X,0x000000008000024A] -> 0x00B9
[151] [M]: 0x0000000080000248 (0x00B99993) slli s3, s3, 11
x19 <- 0x0000037D5BFDD800
mem[X,0x000000008000024C] -> 0x8993
mem[X,0x000000008000024E] -> 0x37D9
[152] [M]: 0x000000008000024C (0x37D98993) addi s3, s3, 893
x19 <- 0x0000037D5BFDDB7D
mem[X,0x0000000080000250] -> 0x9993
mem[X,0x0000000080000252] -> 0x00B9
[153] [M]: 0x0000000080000250 (0x00B99993) slli s3, s3, 11
x19 <- 0x001BEADFEEDBE800
mem[X,0x0000000080000254] -> 0x8993
mem[X,0x0000000080000256] -> 0x2DF9
[154] [M]: 0x0000000080000254 (0x2DF98993) addi s3, s3, 735
x19 <- 0x001BEADFEEDBEADF
mem[X,0x0000000080000258] -> 0x9993
mem[X,0x000000008000025A] -> 0x00A9
[155] [M]: 0x0000000080000258 (0x00A99993) slli s3, s3, 10
x19 <- 0x6FAB7FBB6FAB7C00
mem[X,0x000000008000025C] -> 0x8993
mem[X,0x000000008000025E] -> 0x3BB9
[156] [M]: 0x000000008000025C (0x3BB98993) addi s3, s3, 955
x19 <- 0x6FAB7FBB6FAB7FBB
mem[X,0x0000000080000260] -> 0xCA37
mem[X,0x0000000080000262] -> 0xB7D5
[157] [M]: 0x0000000080000260 (0xB7D5CA37) lui s4, 752988
x20 <- 0xFFFFFFFFB7D5C000
mem[X,0x0000000080000264] -> 0x0A13
mem[X,0x0000000080000266] -> 0xFDDA
[158] [M]: 0x0000000080000264 (0xFDDA0A13) addi s4, s4, 4061
x20 <- 0xFFFFFFFFB7D5BFDD
mem[X,0x0000000080000268] -> 0x1A13
mem[X,0x000000008000026A] -> 0x00BA
[159] [M]: 0x0000000080000268 (0x00BA1A13) slli s4, s4, 11
x20 <- 0xFFFFFDBEADFEE800
mem[X,0x000000008000026C] -> 0x0A13
mem[X,0x000000008000026E] -> 0x5BEA
[160] [M]: 0x000000008000026C (0x5BEA0A13) addi s4, s4, 1470
x20 <- 0xFFFFFDBEADFEEDBE
mem[X,0x0000000080000270] -> 0x1A13
mem[X,0x0000000080000272] -> 0x00BA
[161] [M]: 0x0000000080000270 (0x00BA1A13) slli s4, s4, 11
x20 <- 0xFFEDF56FF76DF000
mem[X,0x0000000080000274] -> 0x0A13
mem[X,0x0000000080000276] -> 0x56FA
[162] [M]: 0x0000000080000274 (0x56FA0A13) addi s4, s4, 1391
x20 <- 0xFFEDF56FF76DF56F
mem[X,0x0000000080000278] -> 0x1A13
mem[X,0x000000008000027A] -> 0x00AA
[163] [M]: 0x0000000080000278 (0x00AA1A13) slli s4, s4, 10
x20 <- 0xB7D5BFDDB7D5BC00
mem[X,0x000000008000027C] -> 0x0A13
mem[X,0x000000008000027E] -> 0x3DDA
[164] [M]: 0x000000008000027C (0x3DDA0A13) addi s4, s4, 989
x20 <- 0xB7D5BFDDB7D5BFDD
mem[X,0x0000000080000280] -> 0xEAB7
mem[X,0x0000000080000282] -> 0xDBEA
[165] [M]: 0x0000000080000280 (0xDBEAEAB7) lui s5, 900782
x21 <- 0xFFFFFFFFDBEAE000
mem[X,0x0000000080000284] -> 0x8A93
mem[X,0x0000000080000286] -> 0xFEEA
[166] [M]: 0x0000000080000284 (0xFEEA8A93) addi s5, s5, 4078
x21 <- 0xFFFFFFFFDBEADFEE
mem[X,0x0000000080000288] -> 0x9A93
mem[X,0x000000008000028A] -> 0x00BA
[167] [M]: 0x0000000080000288 (0x00BA9A93) slli s5, s5, 11
x21 <- 0xFFFFFEDF56FF7000
mem[X,0x000000008000028C] -> 0x8A93
mem[X,0x000000008000028E] -> 0x6DFA
[168] [M]: 0x000000008000028C (0x6DFA8A93) addi s5, s5, 1759
x21 <- 0xFFFFFEDF56FF76DF
mem[X,0x0000000080000290] -> 0x9A93
mem[X,0x0000000080000292] -> 0x00BA
[169] [M]: 0x0000000080000290 (0x00BA9A93) slli s5, s5, 11
x21 <- 0xFFF6FAB7FBB6F800
mem[X,0x0000000080000294] -> 0x8A93
mem[X,0x0000000080000296] -> 0x2B7A
[170] [M]: 0x0000000080000294 (0x2B7A8A93) addi s5, s5, 695
x21 <- 0xFFF6FAB7FBB6FAB7
mem[X,0x0000000080000298] -> 0x9A93
mem[X,0x000000008000029A] -> 0x00AA
[171] [M]: 0x0000000080000298 (0x00AA9A93) slli s5, s5, 10
x21 <- 0xDBEADFEEDBEADC00
mem[X,0x000000008000029C] -> 0x8A93
mem[X,0x000000008000029E] -> 0x3EEA
[172] [M]: 0x000000008000029C (0x3EEA8A93) addi s5, s5, 1006
x21 <- 0xDBEADFEEDBEADFEE
mem[X,0x00000000800002A0] -> 0x7B37
mem[X,0x00000000800002A2] -> 0x6DF5
[173] [M]: 0x00000000800002A0 (0x6DF57B37) lui s6, 450391
x22 <- 0x000000006DF57000
mem[X,0x00000000800002A4] -> 0x0B13
mem[X,0x00000000800002A6] -> 0xFF7B
[174] [M]: 0x00000000800002A4 (0xFF7B0B13) addi s6, s6, 4087
x22 <- 0x000000006DF56FF7
mem[X,0x00000000800002A8] -> 0x1B13
mem[X,0x00000000800002AA] -> 0x00BB
[175] [M]: 0x00000000800002A8 (0x00BB1B13) slli s6, s6, 11
x22 <- 0x0000036FAB7FB800
mem[X,0x00000000800002AC] -> 0x0B13
mem[X,0x00000000800002AE] -> 0x36FB
[176] [M]: 0x00000000800002AC (0x36FB0B13) addi s6, s6, 879
x22 <- 0x0000036FAB7FBB6F
mem[X,0x00000000800002B0] -> 0x1B13
mem[X,0x00000000800002B2] -> 0x00BB
[177] [M]: 0x00000000800002B0 (0x00BB1B13) slli s6, s6, 11
x22 <- 0x001B7D5BFDDB7800
mem[X,0x00000000800002B4] -> 0x0B13
mem[X,0x00000000800002B6] -> 0x55BB
[178] [M]: 0x00000000800002B4 (0x55BB0B13) addi s6, s6, 1371
x22 <- 0x001B7D5BFDDB7D5B
mem[X,0x00000000800002B8] -> 0x1B13
mem[X,0x00000000800002BA] -> 0x00AB
[179] [M]: 0x00000000800002B8 (0x00AB1B13) slli s6, s6, 10
x22 <- 0x6DF56FF76DF56C00
mem[X,0x00000000800002BC] -> 0x0B13
mem[X,0x00000000800002BE] -> 0x3F7B
[180] [M]: 0x00000000800002BC (0x3F7B0B13) addi s6, s6, 1015
x22 <- 0x6DF56FF76DF56FF7
mem[X,0x00000000800002C0] -> 0xBBB7
mem[X,0x00000000800002C2] -> 0xB6FA
[181] [M]: 0x00000000800002C0 (0xB6FABBB7) lui s7, 749483
x23 <- 0xFFFFFFFFB6FAB000
mem[X,0x00000000800002C4] -> 0x8B93
mem[X,0x00000000800002C6] -> 0x7FBB
[182] [M]: 0x00000000800002C4 (0x7FBB8B93) addi s7, s7, 2043
x23 <- 0xFFFFFFFFB6FAB7FB
mem[X,0x00000000800002C8] -> 0x9B93
mem[X,0x00000000800002CA] -> 0x00BB
[183] [M]: 0x00000000800002C8 (0x00BB9B93) slli s7, s7, 11
x23 <- 0xFFFFFDB7D5BFD800
mem[X,0x00000000800002CC] -> 0x8B93
mem[X,0x00000000800002CE] -> 0x5B7B
[184] [M]: 0x00000000800002CC (0x5B7B8B93) addi s7, s7, 1463
x23 <- 0xFFFFFDB7D5BFDDB7
mem[X,0x00000000800002D0] -> 0x9B93
mem[X,0x00000000800002D2] -> 0x00BB
[185] [M]: 0x00000000800002D0 (0x00BB9B93) slli s7, s7, 11
x23 <- 0xFFEDBEADFEEDB800
mem[X,0x00000000800002D4] -> 0x8B93
mem[X,0x00000000800002D6] -> 0x6ADB
[186] [M]: 0x00000000800002D4 (0x6ADB8B93) addi s7, s7, 1709
x23 <- 0xFFEDBEADFEEDBEAD
mem[X,0x00000000800002D8] -> 0x9B93
mem[X,0x00000000800002DA] -> 0x00AB
[187] [M]: 0x00000000800002D8 (0x00AB9B93) slli s7, s7, 10
x23 <- 0xB6FAB7FBB6FAB400
mem[X,0x00000000800002DC] -> 0x8B93
mem[X,0x00000000800002DE] -> 0x3FBB
[188] [M]: 0x00000000800002DC (0x3FBB8B93) addi s7, s7, 1019
x23 <- 0xB6FAB7FBB6FAB7FB
mem[X,0x00000000800002E0] -> 0x6C37
mem[X,0x00000000800002E2] -> 0xDB7D
[189] [M]: 0x00000000800002E0 (0xDB7D6C37) lui s8, 899030
x24 <- 0xFFFFFFFFDB7D6000
mem[X,0x00000000800002E4] -> 0x0C13
mem[X,0x00000000800002E6] -> 0xBFDC
[190] [M]: 0x00000000800002E4 (0xBFDC0C13) addi s8, s8, 3069
x24 <- 0xFFFFFFFFDB7D5BFD
mem[X,0x00000000800002E8] -> 0x1C13
mem[X,0x00000000800002EA] -> 0x00BC
[191] [M]: 0x00000000800002E8 (0x00BC1C13) slli s8, s8, 11
x24 <- 0xFFFFFEDBEADFE800
mem[X,0x00000000800002EC] -> 0x0C13
mem[X,0x00000000800002EE] -> 0x6DBC
[192] [M]: 0x00000000800002EC (0x6DBC0C13) addi s8, s8, 1755
x24 <- 0xFFFFFEDBEADFEEDB
mem[X,0x00000000800002F0] -> 0x1C13
mem[X,0x00000000800002F2] -> 0x00BC
[193] [M]: 0x00000000800002F0 (0x00BC1C13) slli s8, s8, 11
x24 <- 0xFFF6DF56FF76D800
mem[X,0x00000000800002F4] -> 0x0C13
mem[X,0x00000000800002F6] -> 0x756C
[194] [M]: 0x00000000800002F4 (0x756C0C13) addi s8, s8, 1878
x24 <- 0xFFF6DF56FF76DF56
mem[X,0x00000000800002F8] -> 0x1C13
mem[X,0x00000000800002FA] -> 0x00AC
[195] [M]: 0x00000000800002F8 (0x00AC1C13) slli s8, s8, 10
x24 <- 0xDB7D5BFDDB7D5800
mem[X,0x00000000800002FC] -> 0x0C13
mem[X,0x00000000800002FE] -> 0x3FDC
[196] [M]: 0x00000000800002FC (0x3FDC0C13) addi s8, s8, 1021
x24 <- 0xDB7D5BFDDB7D5BFD
mem[X,0x0000000080000300] -> 0xBCB7
mem[X,0x0000000080000302] -> 0xEDBE
[197] [M]: 0x0000000080000300 (0xEDBEBCB7) lui s9, 973803
x25 <- 0xFFFFFFFFEDBEB000
mem[X,0x0000000080000304] -> 0x8C93
mem[X,0x0000000080000306] -> 0xDFEC
[198] [M]: 0x0000000080000304 (0xDFEC8C93) addi s9, s9, 3582
x25 <- 0xFFFFFFFFEDBEADFE
mem[X,0x0000000080000308] -> 0x9C93
mem[X,0x000000008000030A] -> 0x00BC
[199] [M]: 0x0000000080000308 (0x00BC9C93) slli s9, s9, 11
x25 <- 0xFFFFFF6DF56FF000
clint::tick mtime <- 0x0000000000000002
 clint timer pending at mtime 0x0000000000000002
htif::tick 0x0000000000000000
mem[X,0x000000008000030C] -> 0x8C93
mem[X,0x000000008000030E] -> 0x76DC
[200] [M]: 0x000000008000030C (0x76DC8C93) addi s9, s9, 1901
x25 <- 0xFFFFFF6DF56FF76D
mem[X,0x0000000080000310] -> 0x9C93
mem[X,0x0000000080000312] -> 0x00BC
[201] [M]: 0x0000000080000310 (0x00BC9C93) slli s9, s9, 11
x25 <- 0xFFFB6FAB7FBB6800
mem[X,0x0000000080000314] -> 0x8C93
mem[X,0x0000000080000316] -> 0x7ABC
[202] [M]: 0x0000000080000314 (0x7ABC8C93) addi s9, s9, 1963
x25 <- 0xFFFB6FAB7FBB6FAB
mem[X,0x0000000080000318] -> 0x9C93
mem[X,0x000000008000031A] -> 0x00AC
[203] [M]: 0x0000000080000318 (0x00AC9C93) slli s9, s9, 10
x25 <- 0xEDBEADFEEDBEAC00
mem[X,0x000000008000031C] -> 0x8C93
mem[X,0x000000008000031E] -> 0x1FEC
[204] [M]: 0x000000008000031C (0x1FEC8C93) addi s9, s9, 510
x25 <- 0xEDBEADFEEDBEADFE
mem[X,0x0000000080000320] -> 0x5D37
mem[X,0x0000000080000322] -> 0x76DF
[205] [M]: 0x0000000080000320 (0x76DF5D37) lui s10, 486901
x26 <- 0x0000000076DF5000
mem[X,0x0000000080000324] -> 0x0D13
mem[X,0x0000000080000326] -> 0x6FFD
[206] [M]: 0x0000000080000324 (0x6FFD0D13) addi s10, s10, 1791
x26 <- 0x0000000076DF56FF
mem[X,0x0000000080000328] -> 0x1D13
mem[X,0x000000008000032A] -> 0x00BD
[207] [M]: 0x0000000080000328 (0x00BD1D13) slli s10, s10, 11
x26 <- 0x000003B6FAB7F800
mem[X,0x000000008000032C] -> 0x0D13
mem[X,0x000000008000032E] -> 0x3B6D
[208] [M]: 0x000000008000032C (0x3B6D0D13) addi s10, s10, 950
x26 <- 0x000003B6FAB7FBB6
mem[X,0x0000000080000330] -> 0x1D13
mem[X,0x0000000080000332] -> 0x00BD
[209] [M]: 0x0000000080000330 (0x00BD1D13) slli s10, s10, 11
x26 <- 0x001DB7D5BFDDB000
mem[X,0x0000000080000334] -> 0x0D13
mem[X,0x0000000080000336] -> 0x7D5D
[210] [M]: 0x0000000080000334 (0x7D5D0D13) addi s10, s10, 2005
x26 <- 0x001DB7D5BFDDB7D5
mem[X,0x0000000080000338] -> 0x1D13
mem[X,0x000000008000033A] -> 0x00AD
[211] [M]: 0x0000000080000338 (0x00AD1D13) slli s10, s10, 10
x26 <- 0x76DF56FF76DF5400
mem[X,0x000000008000033C] -> 0x0D13
mem[X,0x000000008000033E] -> 0x2FFD
[212] [M]: 0x000000008000033C (0x2FFD0D13) addi s10, s10, 767
x26 <- 0x76DF56FF76DF56FF
mem[X,0x0000000080000340] -> 0xBDB7
mem[X,0x0000000080000342] -> 0xBB6F
[213] [M]: 0x0000000080000340 (0xBB6FBDB7) lui s11, 767739
x27 <- 0xFFFFFFFFBB6FB000
mem[X,0x0000000080000344] -> 0x8D93
mem[X,0x0000000080000346] -> 0xB7FD
[214] [M]: 0x0000000080000344 (0xB7FD8D93) addi s11, s11, 2943
x27 <- 0xFFFFFFFFBB6FAB7F
mem[X,0x0000000080000348] -> 0x9D93
mem[X,0x000000008000034A] -> 0x00BD
[215] [M]: 0x0000000080000348 (0x00BD9D93) slli s11, s11, 11
x27 <- 0xFFFFFDDB7D5BF800
mem[X,0x000000008000034C] -> 0x8D93
mem[X,0x000000008000034E] -> 0x5DBD
[216] [M]: 0x000000008000034C (0x5DBD8D93) addi s11, s11, 1499
x27 <- 0xFFFFFDDB7D5BFDDB
mem[X,0x0000000080000350] -> 0x9D93
mem[X,0x0000000080000352] -> 0x00BD
[217] [M]: 0x0000000080000350 (0x00BD9D93) slli s11, s11, 11
x27 <- 0xFFEEDBEADFEED800
mem[X,0x0000000080000354] -> 0x8D93
mem[X,0x0000000080000356] -> 0x3EAD
[218] [M]: 0x0000000080000354 (0x3EAD8D93) addi s11, s11, 1002
x27 <- 0xFFEEDBEADFEEDBEA
mem[X,0x0000000080000358] -> 0x9D93
mem[X,0x000000008000035A] -> 0x00AD
[219] [M]: 0x0000000080000358 (0x00AD9D93) slli s11, s11, 10
x27 <- 0xBB6FAB7FBB6FA800
mem[X,0x000000008000035C] -> 0x8D93
mem[X,0x000000008000035E] -> 0x37FD
[220] [M]: 0x000000008000035C (0x37FD8D93) addi s11, s11, 895
x27 <- 0xBB6FAB7FBB6FAB7F
mem[X,0x0000000080000360] -> 0xDE37
mem[X,0x0000000080000362] -> 0xDDB7
[221] [M]: 0x0000000080000360 (0xDDB7DE37) lui t3, 908157
x28 <- 0xFFFFFFFFDDB7D000
mem[X,0x0000000080000364] -> 0x0E13
mem[X,0x0000000080000366] -> 0x5BFE
[222] [M]: 0x0000000080000364 (0x5BFE0E13) addi t3, t3, 1471
x28 <- 0xFFFFFFFFDDB7D5BF
mem[X,0x0000000080000368] -> 0x1E13
mem[X,0x000000008000036A] -> 0x00BE
[223] [M]: 0x0000000080000368 (0x00BE1E13) slli t3, t3, 11
x28 <- 0xFFFFFEEDBEADF800
mem[X,0x000000008000036C] -> 0x0E13
mem[X,0x000000008000036E] -> 0x6EDE
[224] [M]: 0x000000008000036C (0x6EDE0E13) addi t3, t3, 1773
x28 <- 0xFFFFFEEDBEADFEED
mem[X,0x0000000080000370] -> 0x1E13
mem[X,0x0000000080000372] -> 0x00BE
[225] [M]: 0x0000000080000370 (0x00BE1E13) slli t3, t3, 11
x28 <- 0xFFF76DF56FF76800
mem[X,0x0000000080000374] -> 0x0E13
mem[X,0x0000000080000376] -> 0x5F5E
[226] [M]: 0x0000000080000374 (0x5F5E0E13) addi t3, t3, 1525
x28 <- 0xFFF76DF56FF76DF5
mem[X,0x0000000080000378] -> 0x1E13
mem[X,0x000000008000037A] -> 0x00AE
[227] [M]: 0x0000000080000378 (0x00AE1E13) slli t3, t3, 10
x28 <- 0xDDB7D5BFDDB7D400
mem[X,0x000000008000037C] -> 0x0E13
mem[X,0x000000008000037E] -> 0x1BFE
[228] [M]: 0x000000008000037C (0x1BFE0E13) addi t3, t3, 447
x28 <- 0xDDB7D5BFDDB7D5BF
mem[X,0x0000000080000380] -> 0xFEB7
mem[X,0x0000000080000382] -> 0xEEDB
[229] [M]: 0x0000000080000380 (0xEEDBFEB7) lui t4, 978367
x29 <- 0xFFFFFFFFEEDBF000
mem[X,0x0000000080000384] -> 0x8E93
mem[X,0x0000000080000386] -> 0xADFE
[230] [M]: 0x0000000080000384 (0xADFE8E93) addi t4, t4, 2783
x29 <- 0xFFFFFFFFEEDBEADF
mem[X,0x0000000080000388] -> 0x9E93
mem[X,0x000000008000038A] -> 0x00BE
[231] [M]: 0x0000000080000388 (0x00BE9E93) slli t4, t4, 11
x29 <- 0xFFFFFF76DF56F800
mem[X,0x000000008000038C] -> 0x8E93
mem[X,0x000000008000038E] -> 0x776E
[232] [M]: 0x000000008000038C (0x776E8E93) addi t4, t4, 1910
x29 <- 0xFFFFFF76DF56FF76
mem[X,0x0000000080000390] -> 0x9E93
mem[X,0x0000000080000392] -> 0x00BE
[233] [M]: 0x0000000080000390 (0x00BE9E93) slli t4, t4, 11
x29 <- 0xFFFBB6FAB7FBB000
mem[X,0x0000000080000394] -> 0x8E93
mem[X,0x0000000080000396] -> 0x6FAE
[234] [M]: 0x0000000080000394 (0x6FAE8E93) addi t4, t4, 1786
x29 <- 0xFFFBB6FAB7FBB6FA
mem[X,0x0000000080000398] -> 0x9E93
mem[X,0x000000008000039A] -> 0x00AE
[235] [M]: 0x0000000080000398 (0x00AE9E93) slli t4, t4, 10
x29 <- 0xEEDBEADFEEDBE800
mem[X,0x000000008000039C] -> 0x8E93
mem[X,0x000000008000039E] -> 0x2DFE
[236] [M]: 0x000000008000039C (0x2DFE8E93) addi t4, t4, 735
x29 <- 0xEEDBEADFEEDBEADF
mem[X,0x00000000800003A0] -> 0xFF37
mem[X,0x00000000800003A2] -> 0xF76D
[237] [M]: 0x00000000800003A0 (0xF76DFF37) lui t5, 1013471
x30 <- 0xFFFFFFFFF76DF000
mem[X,0x00000000800003A4] -> 0x0F13
mem[X,0x00000000800003A6] -> 0x56FF
[238] [M]: 0x00000000800003A4 (0x56FF0F13) addi t5, t5, 1391
x30 <- 0xFFFFFFFFF76DF56F
mem[X,0x00000000800003A8] -> 0x1F13
mem[X,0x00000000800003AA] -> 0x00BF
[239] [M]: 0x00000000800003A8 (0x00BF1F13) slli t5, t5, 11
x30 <- 0xFFFFFFBB6FAB7800
mem[X,0x00000000800003AC] -> 0x0F13
mem[X,0x00000000800003AE] -> 0x7BBF
[240] [M]: 0x00000000800003AC (0x7BBF0F13) addi t5, t5, 1979
x30 <- 0xFFFFFFBB6FAB7FBB
mem[X,0x00000000800003B0] -> 0x1F13
mem[X,0x00000000800003B2] -> 0x00BF
[241] [M]: 0x00000000800003B0 (0x00BF1F13) slli t5, t5, 11
x30 <- 0xFFFDDB7D5BFDD800
mem[X,0x00000000800003B4] -> 0x0F13
mem[X,0x00000000800003B6] -> 0x37DF
[242] [M]: 0x00000000800003B4 (0x37DF0F13) addi t5, t5, 893
x30 <- 0xFFFDDB7D5BFDDB7D
mem[X,0x00000000800003B8] -> 0x1F13
mem[X,0x00000000800003BA] -> 0x00AF
[243] [M]: 0x00000000800003B8 (0x00AF1F13) slli t5, t5, 10
x30 <- 0xF76DF56FF76DF400
mem[X,0x00000000800003BC] -> 0x0F13
mem[X,0x00000000800003BE] -> 0x16FF
[244] [M]: 0x00000000800003BC (0x16FF0F13) addi t5, t5, 367
x30 <- 0xF76DF56FF76DF56F
mem[X,0x00000000800003C0] -> 0x0FB7
mem[X,0x00000000800003C2] -> 0xFBB7
[245] [M]: 0x00000000800003C0 (0xFBB70FB7) lui t6, 1031024
x31 <- 0xFFFFFFFFFBB70000
mem[X,0x00000000800003C4] -> 0x8F93
mem[X,0x00000000800003C6] -> 0xAB7F
[246] [M]: 0x00000000800003C4 (0xAB7F8F93) addi t6, t6, 2743
x31 <- 0xFFFFFFFFFBB6FAB7
mem[X,0x00000000800003C8] -> 0x9F93
mem[X,0x00000000800003CA] -> 0x00BF
[247] [M]: 0x00000000800003C8 (0x00BF9F93) slli t6, t6, 11
x31 <- 0xFFFFFFDDB7D5B800
mem[X,0x00000000800003CC] -> 0x8F93
mem[X,0x00000000800003CE] -> 0x7DDF
[248] [M]: 0x00000000800003CC (0x7DDF8F93) addi t6, t6, 2013
x31 <- 0xFFFFFFDDB7D5BFDD
mem[X,0x00000000800003D0] -> 0x9F93
mem[X,0x00000000800003D2] -> 0x00BF
[249] [M]: 0x00000000800003D0 (0x00BF9F93) slli t6, t6, 11
x31 <- 0xFFFEEDBEADFEE800
mem[X,0x00000000800003D4] -> 0x8F93
mem[X,0x00000000800003D6] -> 0x5BEF
[250] [M]: 0x00000000800003D4 (0x5BEF8F93) addi t6, t6, 1470
x31 <- 0xFFFEEDBEADFEEDBE
mem[X,0x00000000800003D8] -> 0x9F93
mem[X,0x00000000800003DA] -> 0x00AF
[251] [M]: 0x00000000800003D8 (0x00AF9F93) slli t6, t6, 10
x31 <- 0xFBB6FAB7FBB6F800
mem[X,0x00000000800003DC] -> 0x8F93
mem[X,0x00000000800003DE] -> 0x2B7F
[252] [M]: 0x00000000800003DC (0x2B7F8F93) addi t6, t6, 695
x31 <- 0xFBB6FAB7FBB6FAB7
mem[X,0x00000000800003E0] -> 0x5617
mem[X,0x00000000800003E2] -> 0x0004
[253] [M]: 0x00000000800003E0 (0x00045617) auipc a2, 69
x12 <- 0x00000000800453E0
mem[X,0x00000000800003E4] -> 0x0613
mem[X,0x00000000800003E6] -> 0xD386
[254] [M]: 0x00000000800003E4 (0xD3860613) addi a2, a2, 3384
x12 <- 0x0000000080045118
mem[X,0x00000000800003E8] -> 0x0013
mem[X,0x00000000800003EA] -> 0x0000
[255] [M]: 0x00000000800003E8 (0x00000013) addi zero, zero, 0
mem[X,0x00000000800003EC] -> 0x0013
mem[X,0x00000000800003EE] -> 0x0000
[256] [M]: 0x00000000800003EC (0x00000013) addi zero, zero, 0
mem[X,0x00000000800003F0] -> 0x0013
mem[X,0x00000000800003F2] -> 0x0000
[257] [M]: 0x00000000800003F0 (0x00000013) addi zero, zero, 0
mem[X,0x00000000800003F4] -> 0x0013
mem[X,0x00000000800003F6] -> 0x0000
[258] [M]: 0x00000000800003F4 (0x00000013) addi zero, zero, 0
mem[X,0x00000000800003F8] -> 0x0013
mem[X,0x00000000800003FA] -> 0x0000
[259] [M]: 0x00000000800003F8 (0x00000013) addi zero, zero, 0
mem[X,0x00000000800003FC] -> 0x0013
mem[X,0x00000000800003FE] -> 0x0000
[260] [M]: 0x00000000800003FC (0x00000013) addi zero, zero, 0
mem[X,0x0000000080000400] -> 0x0C93
mem[X,0x0000000080000402] -> 0xFFF0
[261] [M]: 0x0000000080000400 (0xFFF00C93) addi s9, zero, 4095
x25 <- 0xFFFFFFFFFFFFFFFF
mem[X,0x0000000080000404] -> 0xDC93
mem[X,0x0000000080000406] -> 0x001C
[262] [M]: 0x0000000080000404 (0x001CDC93) srli s9, s9, 1
x25 <- 0x7FFFFFFFFFFFFFFF
mem[X,0x0000000080000408] -> 0x0993
mem[X,0x000000008000040A] -> 0x0010
[263] [M]: 0x0000000080000408 (0x00100993) addi s3, zero, 1
x19 <- 0x0000000000000001
mem[X,0x000000008000040C] -> 0x9993
mem[X,0x000000008000040E] -> 0x0319
[264] [M]: 0x000000008000040C (0x03199993) slli s3, s3, 49
x19 <- 0x0002000000000000
mem[X,0x0000000080000410] -> 0x0313
mem[X,0x0000000080000412] -> 0x0000
[265] [M]: 0x0000000080000410 (0x00000313) addi t1, zero, 0
x6 <- 0x0000000000000000
mem[X,0x0000000080000414] -> 0x006F
mem[X,0x0000000080000416] -> 0x00C0
[266] [M]: 0x0000000080000414 (0x00C0006F) jal zero, 12
mem[X,0x0000000080000420] -> 0x9063
mem[X,0x0000000080000422] -> 0x053C
[267] [M]: 0x0000000080000420 (0x053C9063) bne s9, s3, 64
mem[X,0x0000000080000460] -> 0x0313
mem[X,0x0000000080000462] -> 0x0033
[268] [M]: 0x0000000080000460 (0x00330313) addi t1, t1, 3
x6 <- 0x0000000000000003
mem[X,0x0000000080000464] -> 0x006F
mem[X,0x0000000080000466] -> 0x0040
[269] [M]: 0x0000000080000464 (0x0040006F) jal zero, 4
mem[X,0x0000000080000468] -> 0x3023
mem[X,0x000000008000046A] -> 0x0066
[270] [M]: 0x0000000080000468 (0x00663023) sd t1, 0(a2)
mem[0x0000000080045118] <- 0x0000000000000003
mem[X,0x000000008000046C] -> 0x0193
mem[X,0x000000008000046E] -> 0x0010
[271] [M]: 0x000000008000046C (0x00100193) addi gp, zero, 1
x3 <- 0x0000000000000001
mem[X,0x0000000080000470] -> 0x9193
mem[X,0x0000000080000472] -> 0x0381
[272] [M]: 0x0000000080000470 (0x03819193) slli gp, gp, 56
x3 <- 0x0100000000000000
mem[X,0x0000000080000474] -> 0x0193
mem[X,0x0000000080000476] -> 0x0010
[273] [M]: 0x0000000080000474 (0x00100193) addi gp, zero, 1
x3 <- 0x0000000000000001
mem[X,0x0000000080000478] -> 0x9193
mem[X,0x000000008000047A] -> 0x0381
[274] [M]: 0x0000000080000478 (0x03819193) slli gp, gp, 56
x3 <- 0x0100000000000000
mem[X,0x000000008000047C] -> 0x0313
mem[X,0x000000008000047E] -> 0x0000
[275] [M]: 0x000000008000047C (0x00000313) addi t1, zero, 0
x6 <- 0x0000000000000000
mem[X,0x0000000080000480] -> 0x006F
mem[X,0x0000000080000482] -> 0x00C0
[276] [M]: 0x0000000080000480 (0x00C0006F) jal zero, 12
mem[X,0x000000008000048C] -> 0x9063
mem[X,0x000000008000048E] -> 0x0831
[277] [M]: 0x000000008000048C (0x08319063) bne gp, gp, 128
mem[X,0x0000000080000490] -> 0x0313
mem[X,0x0000000080000492] -> 0x0023
[278] [M]: 0x0000000080000490 (0x00230313) addi t1, t1, 2
x6 <- 0x0000000000000002
mem[X,0x0000000080000494] -> 0x006F
mem[X,0x0000000080000496] -> 0x0800
[279] [M]: 0x0000000080000494 (0x0800006F) jal zero, 128
mem[X,0x0000000080000514] -> 0x3423
mem[X,0x0000000080000516] -> 0x0066
[280] [M]: 0x0000000080000514 (0x00663423) sd t1, 8(a2)
mem[0x0000000080045120] <- 0x0000000000000002
mem[X,0x0000000080000518] -> 0x0513
mem[X,0x000000008000051A] -> 0x0010
[281] [M]: 0x0000000080000518 (0x00100513) addi a0, zero, 1
x10 <- 0x0000000000000001
mem[X,0x000000008000051C] -> 0x1513
mem[X,0x000000008000051E] -> 0x0295
[282] [M]: 0x000000008000051C (0x02951513) slli a0, a0, 41
x10 <- 0x0000020000000000
mem[X,0x0000000080000520] -> 0x4513
mem[X,0x0000000080000522] -> 0xFFF5
[283] [M]: 0x0000000080000520 (0xFFF54513) xori a0, a0, 4095
x10 <- 0xFFFFFDFFFFFFFFFF
mem[X,0x0000000080000524] -> 0x0713
mem[X,0x0000000080000526] -> 0x0010
[284] [M]: 0x0000000080000524 (0x00100713) addi a4, zero, 1
x14 <- 0x0000000000000001
mem[X,0x0000000080000528] -> 0x1713
mem[X,0x000000008000052A] -> 0x02A7
[285] [M]: 0x0000000080000528 (0x02A71713) slli a4, a4, 42
x14 <- 0x0000040000000000
mem[X,0x000000008000052C] -> 0x4713
mem[X,0x000000008000052E] -> 0xFFF7
[286] [M]: 0x000000008000052C (0xFFF74713) xori a4, a4, 4095
x14 <- 0xFFFFFBFFFFFFFFFF
mem[X,0x0000000080000530] -> 0x0313
mem[X,0x0000000080000532] -> 0x0000
[287] [M]: 0x0000000080000530 (0x00000313) addi t1, zero, 0
x6 <- 0x0000000000000000
mem[X,0x0000000080000534] -> 0x006F
mem[X,0x0000000080000536] -> 0x00C0
[288] [M]: 0x0000000080000534 (0x00C0006F) jal zero, 12
mem[X,0x0000000080000540] -> 0x1663
mem[X,0x0000000080000542] -> 0x00E5
[289] [M]: 0x0000000080000540 (0x00E51663) bne a0, a4, 12
mem[X,0x000000008000054C] -> 0x0313
mem[X,0x000000008000054E] -> 0x0033
[290] [M]: 0x000000008000054C (0x00330313) addi t1, t1, 3
x6 <- 0x0000000000000003
mem[X,0x0000000080000550] -> 0x006F
mem[X,0x0000000080000552] -> 0x0040
[291] [M]: 0x0000000080000550 (0x0040006F) jal zero, 4
mem[X,0x0000000080000554] -> 0x3823
mem[X,0x0000000080000556] -> 0x0066
[292] [M]: 0x0000000080000554 (0x00663823) sd t1, 16(a2)
mem[0x0000000080045128] <- 0x0000000000000003
mem[X,0x0000000080000558] -> 0xBAB7
mem[X,0x000000008000055A] -> 0xAAAA
[293] [M]: 0x0000000080000558 (0xAAAABAB7) lui s5, 699051
x21 <- 0xFFFFFFFFAAAAB000
mem[X,0x000000008000055C] -> 0x8A93
mem[X,0x000000008000055E] -> 0xAAAA
[294] [M]: 0x000000008000055C (0xAAAA8A93) addi s5, s5, 2730
x21 <- 0xFFFFFFFFAAAAAAAA
mem[X,0x0000000080000560] -> 0x9A93
mem[X,0x0000000080000562] -> 0x00BA
[295] [M]: 0x0000000080000560 (0x00BA9A93) slli s5, s5, 11
x21 <- 0xFFFFFD5555555000
mem[X,0x0000000080000564] -> 0x8A93
mem[X,0x0000000080000566] -> 0x555A
[296] [M]: 0x0000000080000564 (0x555A8A93) addi s5, s5, 1365
x21 <- 0xFFFFFD5555555555
mem[X,0x0000000080000568] -> 0x9A93
mem[X,0x000000008000056A] -> 0x00BA
[297] [M]: 0x0000000080000568 (0x00BA9A93) slli s5, s5, 11
x21 <- 0xFFEAAAAAAAAAA800
mem[X,0x000000008000056C] -> 0x8A93
mem[X,0x000000008000056E] -> 0x2AAA
[298] [M]: 0x000000008000056C (0x2AAA8A93) addi s5, s5, 682
x21 <- 0xFFEAAAAAAAAAAAAA
mem[X,0x0000000080000570] -> 0x9A93
mem[X,0x0000000080000572] -> 0x00AA
[299] [M]: 0x0000000080000570 (0x00AA9A93) slli s5, s5, 10
x21 <- 0xAAAAAAAAAAAAA800
clint::tick mtime <- 0x0000000000000003
 clint timer pending at mtime 0x0000000000000003
htif::tick 0x0000000000000000
mem[X,0x0000000080000574] -> 0x8A93
mem[X,0x0000000080000576] -> 0x2AAA
[300] [M]: 0x0000000080000574 (0x2AAA8A93) addi s5, s5, 682
x21 <- 0xAAAAAAAAAAAAAAAA
mem[X,0x0000000080000578] -> 0x0C93
mem[X,0x000000008000057A] -> 0x0010
[301] [M]: 0x0000000080000578 (0x00100C93) addi s9, zero, 1
x25 <- 0x0000000000000001
mem[X,0x000000008000057C] -> 0x9C93
mem[X,0x000000008000057E] -> 0x026C
[302] [M]: 0x000000008000057C (0x026C9C93) slli s9, s9, 38
x25 <- 0x0000004000000000
mem[X,0x0000000080000580] -> 0x0313
mem[X,0x0000000080000582] -> 0x0000
[303] [M]: 0x0000000080000580 (0x00000313) addi t1, zero, 0
x6 <- 0x0000000000000000
mem[X,0x0000000080000584] -> 0x006F
mem[X,0x0000000080000586] -> 0x00C0
[304] [M]: 0x0000000080000584 (0x00C0006F) jal zero, 12
mem[X,0x0000000080000590] -> 0x9863
mem[X,0x0000000080000592] -> 0x019A
[305] [M]: 0x0000000080000590 (0x019A9863) bne s5, s9, 16
mem[X,0x00000000800005A0] -> 0x0313
mem[X,0x00000000800005A2] -> 0x0033
[306] [M]: 0x00000000800005A0 (0x00330313) addi t1, t1, 3
x6 <- 0x0000000000000003
mem[X,0x00000000800005A4] -> 0x006F
mem[X,0x00000000800005A6] -> 0x0040
[307] [M]: 0x00000000800005A4 (0x0040006F) jal zero, 4
mem[X,0x00000000800005A8] -> 0x3C23
mem[X,0x00000000800005AA] -> 0x0066
[308] [M]: 0x00000000800005A8 (0x00663C23) sd t1, 24(a2)
mem[0x0000000080045130] <- 0x0000000000000003
mem[X,0x00000000800005AC] -> 0x0093
mem[X,0x00000000800005AE] -> 0x0010
[309] [M]: 0x00000000800005AC (0x00100093) addi ra, zero, 1
x1 <- 0x0000000000000001
mem[X,0x00000000800005B0] -> 0x9093
mem[X,0x00000000800005B2] -> 0x02B0
[310] [M]: 0x00000000800005B0 (0x02B09093) slli ra, ra, 43
x1 <- 0x0000080000000000
mem[X,0x00000000800005B4] -> 0xC093
mem[X,0x00000000800005B6] -> 0xFFF0
[311] [M]: 0x00000000800005B4 (0xFFF0C093) xori ra, ra, 4095
x1 <- 0xFFFFF7FFFFFFFFFF
mem[X,0x00000000800005B8] -> 0x0C13
mem[X,0x00000000800005BA] -> 0x0010
[312] [M]: 0x00000000800005B8 (0x00100C13) addi s8, zero, 1
x24 <- 0x0000000000000001
mem[X,0x00000000800005BC] -> 0x1C13
mem[X,0x00000000800005BE] -> 0x02BC
[313] [M]: 0x00000000800005BC (0x02BC1C13) slli s8, s8, 43
x24 <- 0x0000080000000000
mem[X,0x00000000800005C0] -> 0x4C13
mem[X,0x00000000800005C2] -> 0xFFFC
[314] [M]: 0x00000000800005C0 (0xFFFC4C13) xori s8, s8, 4095
x24 <- 0xFFFFF7FFFFFFFFFF
mem[X,0x00000000800005C4] -> 0x0313
mem[X,0x00000000800005C6] -> 0x0000
[315] [M]: 0x00000000800005C4 (0x00000313) addi t1, zero, 0
x6 <- 0x0000000000000000
mem[X,0x00000000800005C8] -> 0x006F
mem[X,0x00000000800005CA] -> 0x00C0
[316] [M]: 0x00000000800005C8 (0x00C0006F) jal zero, 12
mem[X,0x00000000800005D4] -> 0x9663
mem[X,0x00000000800005D6] -> 0x0180
[317] [M]: 0x00000000800005D4 (0x01809663) bne ra, s8, 12
mem[X,0x00000000800005D8] -> 0x0313
mem[X,0x00000000800005DA] -> 0x0023
[318] [M]: 0x00000000800005D8 (0x00230313) addi t1, t1, 2
x6 <- 0x0000000000000002
mem[X,0x00000000800005DC] -> 0x006F
mem[X,0x00000000800005DE] -> 0x00C0
[319] [M]: 0x00000000800005DC (0x00C0006F) jal zero, 12
mem[X,0x00000000800005E8] -> 0x3023
mem[X,0x00000000800005EA] -> 0x0266
[320] [M]: 0x00000000800005E8 (0x02663023) sd t1, 32(a2)
mem[0x0000000080045138] <- 0x0000000000000002
mem[X,0x00000000800005EC] -> 0x0913
mem[X,0x00000000800005EE] -> 0x0010
[321] [M]: 0x00000000800005EC (0x00100913) addi s2, zero, 1
x18 <- 0x0000000000000001
mem[X,0x00000000800005F0] -> 0x1913
mem[X,0x00000000800005F2] -> 0x02E9
[322] [M]: 0x00000000800005F0 (0x02E91913) slli s2, s2, 46
x18 <- 0x0000400000000000
mem[X,0x00000000800005F4] -> 0x0493
mem[X,0x00000000800005F6] -> 0x0010
[323] [M]: 0x00000000800005F4 (0x00100493) addi s1, zero, 1
x9 <- 0x0000000000000001
mem[X,0x00000000800005F8] -> 0x9493
mem[X,0x00000000800005FA] -> 0x02E4
[324] [M]: 0x00000000800005F8 (0x02E49493) slli s1, s1, 46
x9 <- 0x0000400000000000
mem[X,0x00000000800005FC] -> 0x0313
mem[X,0x00000000800005FE] -> 0x0000
[325] [M]: 0x00000000800005FC (0x00000313) addi t1, zero, 0
x6 <- 0x0000000000000000
mem[X,0x0000000080000600] -> 0x006F
mem[X,0x0000000080000602] -> 0x00C0
[326] [M]: 0x0000000080000600 (0x00C0006F) jal zero, 12
mem[X,0x000000008000060C] -> 0x1CE3
mem[X,0x000000008000060E] -> 0xFE99
[327] [M]: 0x000000008000060C (0xFE991CE3) bne s2, s1, 8184
mem[X,0x0000000080000610] -> 0x0313
mem[X,0x0000000080000612] -> 0x0023
[328] [M]: 0x0000000080000610 (0x00230313) addi t1, t1, 2
x6 <- 0x0000000000000002
mem[X,0x0000000080000614] -> 0x006F
mem[X,0x0000000080000616] -> 0x00C0
[329] [M]: 0x0000000080000614 (0x00C0006F) jal zero, 12
mem[X,0x0000000080000620] -> 0x3423
mem[X,0x0000000080000622] -> 0x0266
[330] [M]: 0x0000000080000620 (0x02663423) sd t1, 40(a2)
mem[0x0000000080045140] <- 0x0000000000000002
mem[X,0x0000000080000624] -> 0x6D37
mem[X,0x0000000080000626] -> 0x6666
[331] [M]: 0x0000000080000624 (0x66666D37) lui s10, 419430
x26 <- 0x0000000066666000
mem[X,0x0000000080000628] -> 0x0D13
mem[X,0x000000008000062A] -> 0x666D
[332] [M]: 0x0000000080000628 (0x666D0D13) addi s10, s10, 1638
x26 <- 0x0000000066666666
mem[X,0x000000008000062C] -> 0x1D13
mem[X,0x000000008000062E] -> 0x00BD
[333] [M]: 0x000000008000062C (0x00BD1D13) slli s10, s10, 11
x26 <- 0x0000033333333000
mem[X,0x0000000080000630] -> 0x0D13
mem[X,0x0000000080000632] -> 0x333D
[334] [M]: 0x0000000080000630 (0x333D0D13) addi s10, s10, 819
x26 <- 0x0000033333333333
mem[X,0x0000000080000634] -> 0x1D13
mem[X,0x0000000080000636] -> 0x00BD
[335] [M]: 0x0000000080000634 (0x00BD1D13) slli s10, s10, 11
x26 <- 0x0019999999999800
mem[X,0x0000000080000638] -> 0x0D13
mem[X,0x000000008000063A] -> 0x199D
[336] [M]: 0x0000000080000638 (0x199D0D13) addi s10, s10, 409
x26 <- 0x0019999999999999
mem[X,0x000000008000063C] -> 0x1D13
mem[X,0x000000008000063E] -> 0x00AD
[337] [M]: 0x000000008000063C (0x00AD1D13) slli s10, s10, 10
x26 <- 0x6666666666666400
mem[X,0x0000000080000640] -> 0x0D13
mem[X,0x0000000080000642] -> 0x265D
[338] [M]: 0x0000000080000640 (0x265D0D13) addi s10, s10, 613
x26 <- 0x6666666666666665
mem[X,0x0000000080000644] -> 0x58B7
mem[X,0x0000000080000646] -> 0x5555
[339] [M]: 0x0000000080000644 (0x555558B7) lui a7, 349525
x17 <- 0x0000000055555000
mem[X,0x0000000080000648] -> 0x8893
mem[X,0x000000008000064A] -> 0x5558
[340] [M]: 0x0000000080000648 (0x55588893) addi a7, a7, 1365
x17 <- 0x0000000055555555
mem[X,0x000000008000064C] -> 0x9893
mem[X,0x000000008000064E] -> 0x00B8
[341] [M]: 0x000000008000064C (0x00B89893) slli a7, a7, 11
x17 <- 0x000002AAAAAAA800
mem[X,0x0000000080000650] -> 0x8893
mem[X,0x0000000080000652] -> 0x2AA8
[342] [M]: 0x0000000080000650 (0x2AA88893) addi a7, a7, 682
x17 <- 0x000002AAAAAAAAAA
mem[X,0x0000000080000654] -> 0x9893
mem[X,0x0000000080000656] -> 0x00B8
[343] [M]: 0x0000000080000654 (0x00B89893) slli a7, a7, 11
x17 <- 0x0015555555555000
mem[X,0x0000000080000658] -> 0x8893
mem[X,0x000000008000065A] -> 0x5558
[344] [M]: 0x0000000080000658 (0x55588893) addi a7, a7, 1365
x17 <- 0x0015555555555555
mem[X,0x000000008000065C] -> 0x9893
mem[X,0x000000008000065E] -> 0x00A8
[345] [M]: 0x000000008000065C (0x00A89893) slli a7, a7, 10
x17 <- 0x5555555555555400
mem[X,0x0000000080000660] -> 0x8893
mem[X,0x0000000080000662] -> 0x1548
[346] [M]: 0x0000000080000660 (0x15488893) addi a7, a7, 340
x17 <- 0x5555555555555554
mem[X,0x0000000080000664] -> 0x0313
mem[X,0x0000000080000666] -> 0x0000
[347] [M]: 0x0000000080000664 (0x00000313) addi t1, zero, 0
x6 <- 0x0000000000000000
mem[X,0x0000000080000668] -> 0x006F
mem[X,0x000000008000066A] -> 0x00C0
[348] [M]: 0x0000000080000668 (0x00C0006F) jal zero, 12
mem[X,0x0000000080000674] -> 0x1CE3
mem[X,0x0000000080000676] -> 0xFF1D
[349] [M]: 0x0000000080000674 (0xFF1D1CE3) bne s10, a7, 8184
mem[X,0x000000008000066C] -> 0x0313
mem[X,0x000000008000066E] -> 0x0013
[350] [M]: 0x000000008000066C (0x00130313) addi t1, t1, 1
x6 <- 0x0000000000000001
mem[X,0x0000000080000670] -> 0x006F
mem[X,0x0000000080000672] -> 0x0180
[351] [M]: 0x0000000080000670 (0x0180006F) jal zero, 24
mem[X,0x0000000080000688] -> 0x3823
mem[X,0x000000008000068A] -> 0x0266
[352] [M]: 0x0000000080000688 (0x02663823) sd t1, 48(a2)
mem[0x0000000080045148] <- 0x0000000000000001
mem[X,0x000000008000068C] -> 0x0393
mem[X,0x000000008000068E] -> 0x0060
[353] [M]: 0x000000008000068C (0x00600393) addi t2, zero, 6
x7 <- 0x0000000000000006
mem[X,0x0000000080000690] -> 0x0013
mem[X,0x0000000080000692] -> 0x0000
[354] [M]: 0x0000000080000690 (0x00000013) addi zero, zero, 0
mem[X,0x0000000080000694] -> 0x0313
mem[X,0x0000000080000696] -> 0x0000
[355] [M]: 0x0000000080000694 (0x00000313) addi t1, zero, 0
x6 <- 0x0000000000000000
mem[X,0x0000000080000698] -> 0x006F
mem[X,0x000000008000069A] -> 0x00C0
[356] [M]: 0x0000000080000698 (0x00C0006F) jal zero, 12
mem[X,0x00000000800006A4] -> 0x9CE3
mem[X,0x00000000800006A6] -> 0xFE03
[357] [M]: 0x00000000800006A4 (0xFE039CE3) bne t2, zero, 8184
mem[X,0x000000008000069C] -> 0x0313
mem[X,0x000000008000069E] -> 0x0013
[358] [M]: 0x000000008000069C (0x00130313) addi t1, t1, 1
x6 <- 0x0000000000000001
mem[X,0x00000000800006A0] -> 0x006F
mem[X,0x00000000800006A2] -> 0x0180
[359] [M]: 0x00000000800006A0 (0x0180006F) jal zero, 24
mem[X,0x00000000800006B8] -> 0x3C23
mem[X,0x00000000800006BA] -> 0x0266
[360] [M]: 0x00000000800006B8 (0x02663C23) sd t1, 56(a2)
mem[0x0000000080045150] <- 0x0000000000000001
mem[X,0x00000000800006BC] -> 0x67B7
mem[X,0x00000000800006BE] -> 0x6666
[361] [M]: 0x00000000800006BC (0x666667B7) lui a5, 419430
x15 <- 0x0000000066666000
mem[X,0x00000000800006C0] -> 0x8793
mem[X,0x00000000800006C2] -> 0x6667
[362] [M]: 0x00000000800006C0 (0x66678793) addi a5, a5, 1638
x15 <- 0x0000000066666666
mem[X,0x00000000800006C4] -> 0x9793
mem[X,0x00000000800006C6] -> 0x00B7
[363] [M]: 0x00000000800006C4 (0x00B79793) slli a5, a5, 11
x15 <- 0x0000033333333000
mem[X,0x00000000800006C8] -> 0x8793
mem[X,0x00000000800006CA] -> 0x3337
[364] [M]: 0x00000000800006C8 (0x33378793) addi a5, a5, 819
x15 <- 0x0000033333333333
mem[X,0x00000000800006CC] -> 0x9793
mem[X,0x00000000800006CE] -> 0x00B7
[365] [M]: 0x00000000800006CC (0x00B79793) slli a5, a5, 11
x15 <- 0x0019999999999800
mem[X,0x00000000800006D0] -> 0x8793
mem[X,0x00000000800006D2] -> 0x1997
[366] [M]: 0x00000000800006D0 (0x19978793) addi a5, a5, 409
x15 <- 0x0019999999999999
mem[X,0x00000000800006D4] -> 0x9793
mem[X,0x00000000800006D6] -> 0x00A7
[367] [M]: 0x00000000800006D4 (0x00A79793) slli a5, a5, 10
x15 <- 0x6666666666666400
mem[X,0x00000000800006D8] -> 0x8793
mem[X,0x00000000800006DA] -> 0x2677
[368] [M]: 0x00000000800006D8 (0x26778793) addi a5, a5, 615
x15 <- 0x6666666666666667
mem[X,0x00000000800006DC] -> 0x0B13
mem[X,0x00000000800006DE] -> 0x0010
[369] [M]: 0x00000000800006DC (0x00100B13) addi s6, zero, 1
x22 <- 0x0000000000000001
mem[X,0x00000000800006E0] -> 0x0313
mem[X,0x00000000800006E2] -> 0x0000
[370] [M]: 0x00000000800006E0 (0x00000313) addi t1, zero, 0
x6 <- 0x0000000000000000
mem[X,0x00000000800006E4] -> 0x006F
mem[X,0x00000000800006E6] -> 0x00C0
[371] [M]: 0x00000000800006E4 (0x00C0006F) jal zero, 12
mem[X,0x00000000800006F0] -> 0x9063
mem[X,0x00000000800006F2] -> 0x1167
[372] [M]: 0x00000000800006F0 (0x11679063) bne a5, s6, 256
mem[X,0x00000000800007F0] -> 0x0313
mem[X,0x00000000800007F2] -> 0x0033
[373] [M]: 0x00000000800007F0 (0x00330313) addi t1, t1, 3
x6 <- 0x0000000000000003
mem[X,0x00000000800007F4] -> 0x006F
mem[X,0x00000000800007F6] -> 0x0040
[374] [M]: 0x00000000800007F4 (0x0040006F) jal zero, 4
mem[X,0x00000000800007F8] -> 0x3023
mem[X,0x00000000800007FA] -> 0x0466
[375] [M]: 0x00000000800007F8 (0x04663023) sd t1, 64(a2)
mem[0x0000000080045158] <- 0x0000000000000003
mem[X,0x00000000800007FC] -> 0x0013
mem[X,0x00000000800007FE] -> 0x0000
[376] [M]: 0x00000000800007FC (0x00000013) addi zero, zero, 0
mem[X,0x0000000080000800] -> 0x0413
mem[X,0x0000000080000802] -> 0x0020
[377] [M]: 0x0000000080000800 (0x00200413) addi fp, zero, 2
x8 <- 0x0000000000000002
mem[X,0x0000000080000804] -> 0x0313
mem[X,0x0000000080000806] -> 0x0000
[378] [M]: 0x0000000080000804 (0x00000313) addi t1, zero, 0
x6 <- 0x0000000000000000
mem[X,0x0000000080000808] -> 0x006F
mem[X,0x000000008000080A] -> 0x00C0
[379] [M]: 0x0000000080000808 (0x00C0006F) jal zero, 12
mem[X,0x0000000080000814] -> 0x1063
mem[X,0x0000000080000816] -> 0x0280
[380] [M]: 0x0000000080000814 (0x02801063) bne zero, fp, 32
mem[X,0x0000000080000834] -> 0x0313
mem[X,0x0000000080000836] -> 0x0033
[381] [M]: 0x0000000080000834 (0x00330313) addi t1, t1, 3
x6 <- 0x0000000000000003
mem[X,0x0000000080000838] -> 0x006F
mem[X,0x000000008000083A] -> 0x0040
[382] [M]: 0x0000000080000838 (0x0040006F) jal zero, 4
mem[X,0x000000008000083C] -> 0x3423
mem[X,0x000000008000083E] -> 0x0466
[383] [M]: 0x000000008000083C (0x04663423) sd t1, 72(a2)
mem[0x0000000080045160] <- 0x0000000000000003
mem[X,0x0000000080000840] -> 0x0993
mem[X,0x0000000080000842] -> 0x0010
[384] [M]: 0x0000000080000840 (0x00100993) addi s3, zero, 1
x19 <- 0x0000000000000001
mem[X,0x0000000080000844] -> 0x9993
mem[X,0x0000000080000846] -> 0x0169
[385] [M]: 0x0000000080000844 (0x01699993) slli s3, s3, 22
x19 <- 0x0000000000400000
mem[X,0x0000000080000848] -> 0x0293
mem[X,0x000000008000084A] -> 0x0040
[386] [M]: 0x0000000080000848 (0x00400293) addi t0, zero, 4
x5 <- 0x0000000000000004
mem[X,0x000000008000084C] -> 0x0313
mem[X,0x000000008000084E] -> 0x0000
[387] [M]: 0x000000008000084C (0x00000313) addi t1, zero, 0
x6 <- 0x0000000000000000
mem[X,0x0000000080000850] -> 0x006F
mem[X,0x0000000080000852] -> 0x00C0
[388] [M]: 0x0000000080000850 (0x00C0006F) jal zero, 12
mem[X,0x000000008000085C] -> 0x9063
mem[X,0x000000008000085E] -> 0x4059
[389] [M]: 0x000000008000085C (0x40599063) bne s3, t0, 1024
mem[X,0x0000000080000C5C] -> 0x0313
mem[X,0x0000000080000C5E] -> 0x0033
[390] [M]: 0x0000000080000C5C (0x00330313) addi t1, t1, 3
x6 <- 0x0000000000000003
mem[X,0x0000000080000C60] -> 0x006F
mem[X,0x0000000080000C62] -> 0x0040
[391] [M]: 0x0000000080000C60 (0x0040006F) jal zero, 4
mem[X,0x0000000080000C64] -> 0x3823
mem[X,0x0000000080000C66] -> 0x0466
[392] [M]: 0x0000000080000C64 (0x04663823) sd t1, 80(a2)
mem[0x0000000080045168] <- 0x0000000000000003
mem[X,0x0000000080000C68] -> 0x0B13
mem[X,0x0000000080000C6A] -> 0x0010
[393] [M]: 0x0000000080000C68 (0x00100B13) addi s6, zero, 1
x22 <- 0x0000000000000001
mem[X,0x0000000080000C6C] -> 0x1B13
mem[X,0x0000000080000C6E] -> 0x035B
[394] [M]: 0x0000000080000C6C (0x035B1B13) slli s6, s6, 53
x22 <- 0x0020000000000000
mem[X,0x0000000080000C70] -> 0x4B13
mem[X,0x0000000080000C72] -> 0xFFFB
[395] [M]: 0x0000000080000C70 (0xFFFB4B13) xori s6, s6, 4095
x22 <- 0xFFDFFFFFFFFFFFFF
mem[X,0x0000000080000C74] -> 0x0213
mem[X,0x0000000080000C76] -> 0x0080
[396] [M]: 0x0000000080000C74 (0x00800213) addi tp, zero, 8
x4 <- 0x0000000000000008
mem[X,0x0000000080000C78] -> 0x0313
mem[X,0x0000000080000C7A] -> 0x0000
[397] [M]: 0x0000000080000C78 (0x00000313) addi t1, zero, 0
x6 <- 0x0000000000000000
mem[X,0x0000000080000C7C] -> 0x006F
mem[X,0x0000000080000C7E] -> 0x00C0
[398] [M]: 0x0000000080000C7C (0x00C0006F) jal zero, 12
mem[X,0x0000000080000C88] -> 0x1663
mem[X,0x0000000080000C8A] -> 0x004B
[399] [M]: 0x0000000080000C88 (0x004B1663) bne s6, tp, 12
clint::tick mtime <- 0x0000000000000004
 clint timer pending at mtime 0x0000000000000004
htif::tick 0x0000000000000000
mem[X,0x0000000080000C94] -> 0x0313
mem[X,0x0000000080000C96] -> 0x0033
[400] [M]: 0x0000000080000C94 (0x00330313) addi t1, t1, 3
x6 <- 0x0000000000000003
mem[X,0x0000000080000C98] -> 0x006F
mem[X,0x0000000080000C9A] -> 0x0040
[401] [M]: 0x0000000080000C98 (0x0040006F) jal zero, 4
mem[X,0x0000000080000C9C] -> 0x3C23
mem[X,0x0000000080000C9E] -> 0x0466
[402] [M]: 0x0000000080000C9C (0x04663C23) sd t1, 88(a2)
mem[0x0000000080045170] <- 0x0000000000000003
mem[X,0x0000000080000CA0] -> 0x0113
mem[X,0x0000000080000CA2] -> 0x0010
[403] [M]: 0x0000000080000CA0 (0x00100113) addi sp, zero, 1
x2 <- 0x0000000000000001
mem[X,0x0000000080000CA4] -> 0x1113
mem[X,0x0000000080000CA6] -> 0x0271
[404] [M]: 0x0000000080000CA4 (0x02711113) slli sp, sp, 39
x2 <- 0x0000008000000000
mem[X,0x0000000080000CA8] -> 0x4113
mem[X,0x0000000080000CAA] -> 0xFFF1
[405] [M]: 0x0000000080000CA8 (0xFFF14113) xori sp, sp, 4095
x2 <- 0xFFFFFF7FFFFFFFFF
mem[X,0x0000000080000CAC] -> 0x0B93
mem[X,0x0000000080000CAE] -> 0x0100
[406] [M]: 0x0000000080000CAC (0x01000B93) addi s7, zero, 16
x23 <- 0x0000000000000010
mem[X,0x0000000080000CB0] -> 0x0313
mem[X,0x0000000080000CB2] -> 0x0000
[407] [M]: 0x0000000080000CB0 (0x00000313) addi t1, zero, 0
x6 <- 0x0000000000000000
mem[X,0x0000000080000CB4] -> 0x006F
mem[X,0x0000000080000CB6] -> 0x00C0
[408] [M]: 0x0000000080000CB4 (0x00C0006F) jal zero, 12
mem[X,0x0000000080000CC0] -> 0x1863
mem[X,0x0000000080000CC2] -> 0x0171
[409] [M]: 0x0000000080000CC0 (0x01711863) bne sp, s7, 16
mem[X,0x0000000080000CD0] -> 0x0313
mem[X,0x0000000080000CD2] -> 0x0033
[410] [M]: 0x0000000080000CD0 (0x00330313) addi t1, t1, 3
x6 <- 0x0000000000000003
mem[X,0x0000000080000CD4] -> 0x006F
mem[X,0x0000000080000CD6] -> 0x0040
[411] [M]: 0x0000000080000CD4 (0x0040006F) jal zero, 4
mem[X,0x0000000080000CD8] -> 0x3023
mem[X,0x0000000080000CDA] -> 0x0666
[412] [M]: 0x0000000080000CD8 (0x06663023) sd t1, 96(a2)
mem[0x0000000080045178] <- 0x0000000000000003
mem[X,0x0000000080000CDC] -> 0x0C13
mem[X,0x0000000080000CDE] -> 0x0010
[413] [M]: 0x0000000080000CDC (0x00100C13) addi s8, zero, 1
x24 <- 0x0000000000000001
mem[X,0x0000000080000CE0] -> 0x1C13
mem[X,0x0000000080000CE2] -> 0x014C
[414] [M]: 0x0000000080000CE0 (0x014C1C13) slli s8, s8, 20
x24 <- 0x0000000000100000
mem[X,0x0000000080000CE4] -> 0x4C13
mem[X,0x0000000080000CE6] -> 0xFFFC
[415] [M]: 0x0000000080000CE4 (0xFFFC4C13) xori s8, s8, 4095
x24 <- 0xFFFFFFFFFFEFFFFF
mem[X,0x0000000080000CE8] -> 0x0793
mem[X,0x0000000080000CEA] -> 0x0200
[416] [M]: 0x0000000080000CE8 (0x02000793) addi a5, zero, 32
x15 <- 0x0000000000000020
mem[X,0x0000000080000CEC] -> 0x0313
mem[X,0x0000000080000CEE] -> 0x0000
[417] [M]: 0x0000000080000CEC (0x00000313) addi t1, zero, 0
x6 <- 0x0000000000000000
mem[X,0x0000000080000CF0] -> 0x006F
mem[X,0x0000000080000CF2] -> 0x00C0
[418] [M]: 0x0000000080000CF0 (0x00C0006F) jal zero, 12
mem[X,0x0000000080000CFC] -> 0x1063
mem[X,0x0000000080000CFE] -> 0x40FC
[419] [M]: 0x0000000080000CFC (0x40FC1063) bne s8, a5, 1024
mem[X,0x00000000800010FC] -> 0x0313
mem[X,0x00000000800010FE] -> 0x0033
[420] [M]: 0x00000000800010FC (0x00330313) addi t1, t1, 3
x6 <- 0x0000000000000003
mem[X,0x0000000080001100] -> 0x006F
mem[X,0x0000000080001102] -> 0x0040
[421] [M]: 0x0000000080001100 (0x0040006F) jal zero, 4
mem[X,0x0000000080001104] -> 0x3423
mem[X,0x0000000080001106] -> 0x0666
[422] [M]: 0x0000000080001104 (0x06663423) sd t1, 104(a2)
mem[0x0000000080045180] <- 0x0000000000000003
mem[X,0x0000000080001108] -> 0x0E93
mem[X,0x000000008000110A] -> 0x0060
[423] [M]: 0x0000000080001108 (0x00600E93) addi t4, zero, 6
x29 <- 0x0000000000000006
mem[X,0x000000008000110C] -> 0x0F13
mem[X,0x000000008000110E] -> 0x0400
[424] [M]: 0x000000008000110C (0x04000F13) addi t5, zero, 64
x30 <- 0x0000000000000040
mem[X,0x0000000080001110] -> 0x0313
mem[X,0x0000000080001112] -> 0x0000
[425] [M]: 0x0000000080001110 (0x00000313) addi t1, zero, 0
x6 <- 0x0000000000000000
mem[X,0x0000000080001114] -> 0x006F
mem[X,0x0000000080001116] -> 0x00C0
[426] [M]: 0x0000000080001114 (0x00C0006F) jal zero, 12
mem[X,0x0000000080001120] -> 0x9663
mem[X,0x0000000080001122] -> 0x01EE
[427] [M]: 0x0000000080001120 (0x01EE9663) bne t4, t5, 12
mem[X,0x000000008000112C] -> 0x0313
mem[X,0x000000008000112E] -> 0x0033
[428] [M]: 0x000000008000112C (0x00330313) addi t1, t1, 3
x6 <- 0x0000000000000003
mem[X,0x0000000080001130] -> 0x006F
mem[X,0x0000000080001132] -> 0x0040
[429] [M]: 0x0000000080001130 (0x0040006F) jal zero, 4
mem[X,0x0000000080001134] -> 0x3823
mem[X,0x0000000080001136] -> 0x0666
[430] [M]: 0x0000000080001134 (0x06663823) sd t1, 112(a2)
mem[0x0000000080045188] <- 0x0000000000000003
mem[X,0x0000000080001138] -> 0x0E37
mem[X,0x000000008000113A] -> 0x0000
[431] [M]: 0x0000000080001138 (0x00000E37) lui t3, 0
x28 <- 0x0000000000000000
mem[X,0x000000008000113C] -> 0x0E13
mem[X,0x000000008000113E] -> 0xFFFE
[432] [M]: 0x000000008000113C (0xFFFE0E13) addi t3, t3, 4095
x28 <- 0xFFFFFFFFFFFFFFFF
mem[X,0x0000000080001140] -> 0x1E13
mem[X,0x0000000080001142] -> 0x00BE
[433] [M]: 0x0000000080001140 (0x00BE1E13) slli t3, t3, 11
x28 <- 0xFFFFFFFFFFFFF800
mem[X,0x0000000080001144] -> 0x0E13
mem[X,0x0000000080001146] -> 0x257E
[434] [M]: 0x0000000080001144 (0x257E0E13) addi t3, t3, 599
x28 <- 0xFFFFFFFFFFFFFA57
mem[X,0x0000000080001148] -> 0x1E13
mem[X,0x000000008000114A] -> 0x00BE
[435] [M]: 0x0000000080001148 (0x00BE1E13) slli t3, t3, 11
x28 <- 0xFFFFFFFFFFD2B800
mem[X,0x000000008000114C] -> 0x0E13
mem[X,0x000000008000114E] -> 0x6C3E
[436] [M]: 0x000000008000114C (0x6C3E0E13) addi t3, t3, 1731
x28 <- 0xFFFFFFFFFFD2BEC3
mem[X,0x0000000080001150] -> 0x1E13
mem[X,0x0000000080001152] -> 0x00AE
[437] [M]: 0x0000000080001150 (0x00AE1E13) slli t3, t3, 10
x28 <- 0xFFFFFFFF4AFB0C00
mem[X,0x0000000080001154] -> 0x0E13
mem[X,0x0000000080001156] -> 0x0CDE
[438] [M]: 0x0000000080001154 (0x0CDE0E13) addi t3, t3, 205
x28 <- 0xFFFFFFFF4AFB0CCD
mem[X,0x0000000080001158] -> 0x0093
mem[X,0x000000008000115A] -> 0x0800
[439] [M]: 0x0000000080001158 (0x08000093) addi ra, zero, 128
x1 <- 0x0000000000000080
mem[X,0x000000008000115C] -> 0x0313
mem[X,0x000000008000115E] -> 0x0000
[440] [M]: 0x000000008000115C (0x00000313) addi t1, zero, 0
x6 <- 0x0000000000000000
mem[X,0x0000000080001160] -> 0x006F
mem[X,0x0000000080001162] -> 0x0050
[441] [M]: 0x0000000080001160 (0x0050006F) jal zero, 2052
mem[X,0x0000000080001964] -> 0x10E3
mem[X,0x0000000080001966] -> 0x801E
[442] [M]: 0x0000000080001964 (0x801E10E3) bne t3, ra, 6144
mem[X,0x0000000080001164] -> 0x0313
mem[X,0x0000000080001166] -> 0x0013
[443] [M]: 0x0000000080001164 (0x00130313) addi t1, t1, 1
x6 <- 0x0000000000000001
mem[X,0x0000000080001168] -> 0x006F
mem[X,0x000000008000116A] -> 0x0110
[444] [M]: 0x0000000080001168 (0x0110006F) jal zero, 2064
mem[X,0x0000000080001978] -> 0x3C23
mem[X,0x000000008000197A] -> 0x0666
[445] [M]: 0x0000000080001978 (0x06663C23) sd t1, 120(a2)
mem[0x0000000080045190] <- 0x0000000000000001
mem[X,0x000000008000197C] -> 0x0D93
mem[X,0x000000008000197E] -> 0xFF80
[446] [M]: 0x000000008000197C (0xFF800D93) addi s11, zero, 4088
x27 <- 0xFFFFFFFFFFFFFFF8
mem[X,0x0000000080001980] -> 0x0E93
mem[X,0x0000000080001982] -> 0x1000
[447] [M]: 0x0000000080001980 (0x10000E93) addi t4, zero, 256
x29 <- 0x0000000000000100
mem[X,0x0000000080001984] -> 0x0313
mem[X,0x0000000080001986] -> 0x0000
[448] [M]: 0x0000000080001984 (0x00000313) addi t1, zero, 0
x6 <- 0x0000000000000000
mem[X,0x0000000080001988] -> 0x006F
mem[X,0x000000008000198A] -> 0x00C0
[449] [M]: 0x0000000080001988 (0x00C0006F) jal zero, 12
mem[X,0x0000000080001994] -> 0x9663
mem[X,0x0000000080001996] -> 0x01DD
[450] [M]: 0x0000000080001994 (0x01DD9663) bne s11, t4, 12
mem[X,0x00000000800019A0] -> 0x0313
mem[X,0x00000000800019A2] -> 0x0033
[451] [M]: 0x00000000800019A0 (0x00330313) addi t1, t1, 3
x6 <- 0x0000000000000003
mem[X,0x00000000800019A4] -> 0x006F
mem[X,0x00000000800019A6] -> 0x0040
[452] [M]: 0x00000000800019A4 (0x0040006F) jal zero, 4
mem[X,0x00000000800019A8] -> 0x3023
mem[X,0x00000000800019AA] -> 0x0866
[453] [M]: 0x00000000800019A8 (0x08663023) sd t1, 128(a2)
mem[0x0000000080045198] <- 0x0000000000000003
mem[X,0x00000000800019AC] -> 0x0693
mem[X,0x00000000800019AE] -> 0x0010
[454] [M]: 0x00000000800019AC (0x00100693) addi a3, zero, 1
x13 <- 0x0000000000000001
mem[X,0x00000000800019B0] -> 0x9693
mem[X,0x00000000800019B2] -> 0x01D6
[455] [M]: 0x00000000800019B0 (0x01D69693) slli a3, a3, 29
x13 <- 0x0000000020000000
mem[X,0x00000000800019B4] -> 0xC693
mem[X,0x00000000800019B6] -> 0xFFF6
[456] [M]: 0x00000000800019B4 (0xFFF6C693) xori a3, a3, 4095
x13 <- 0xFFFFFFFFDFFFFFFF
mem[X,0x00000000800019B8] -> 0x0393
mem[X,0x00000000800019BA] -> 0x2000
[457] [M]: 0x00000000800019B8 (0x20000393) addi t2, zero, 512
x7 <- 0x0000000000000200
mem[X,0x00000000800019BC] -> 0x0313
mem[X,0x00000000800019BE] -> 0x0000
[458] [M]: 0x00000000800019BC (0x00000313) addi t1, zero, 0
x6 <- 0x0000000000000000
mem[X,0x00000000800019C0] -> 0x006F
mem[X,0x00000000800019C2] -> 0x00C0
[459] [M]: 0x00000000800019C0 (0x00C0006F) jal zero, 12
mem[X,0x00000000800019CC] -> 0x9663
mem[X,0x00000000800019CE] -> 0x0076
[460] [M]: 0x00000000800019CC (0x00769663) bne a3, t2, 12
mem[X,0x00000000800019D8] -> 0x0313
mem[X,0x00000000800019DA] -> 0x0033
[461] [M]: 0x00000000800019D8 (0x00330313) addi t1, t1, 3
x6 <- 0x0000000000000003
mem[X,0x00000000800019DC] -> 0x006F
mem[X,0x00000000800019DE] -> 0x0040
[462] [M]: 0x00000000800019DC (0x0040006F) jal zero, 4
mem[X,0x00000000800019E0] -> 0x3423
mem[X,0x00000000800019E2] -> 0x0866
[463] [M]: 0x00000000800019E0 (0x08663423) sd t1, 136(a2)
mem[0x00000000800451A0] <- 0x0000000000000003
mem[X,0x00000000800019E4] -> 0x0F13
mem[X,0x00000000800019E6] -> 0x0010
[464] [M]: 0x00000000800019E4 (0x00100F13) addi t5, zero, 1
x30 <- 0x0000000000000001
mem[X,0x00000000800019E8] -> 0x1F13
mem[X,0x00000000800019EA] -> 0x032F
[465] [M]: 0x00000000800019E8 (0x032F1F13) slli t5, t5, 50
x30 <- 0x0004000000000000
mem[X,0x00000000800019EC] -> 0x4F13
mem[X,0x00000000800019EE] -> 0xFFFF
[466] [M]: 0x00000000800019EC (0xFFFF4F13) xori t5, t5, 4095
x30 <- 0xFFFBFFFFFFFFFFFF
mem[X,0x00000000800019F0] -> 0x0113
mem[X,0x00000000800019F2] -> 0x4000
[467] [M]: 0x00000000800019F0 (0x40000113) addi sp, zero, 1024
x2 <- 0x0000000000000400
mem[X,0x00000000800019F4] -> 0x0313
mem[X,0x00000000800019F6] -> 0x0000
[468] [M]: 0x00000000800019F4 (0x00000313) addi t1, zero, 0
x6 <- 0x0000000000000000
mem[X,0x00000000800019F8] -> 0x006F
mem[X,0x00000000800019FA] -> 0x2B10
[469] [M]: 0x00000000800019F8 (0x2B10006F) jal zero, 2736
mem[X,0x00000000800024A8] -> 0x1A63
mem[X,0x00000000800024AA] -> 0xD42F
[470] [M]: 0x00000000800024A8 (0xD42F1A63) bne t5, sp, 5460
mem[X,0x00000000800019FC] -> 0x0313
mem[X,0x00000000800019FE] -> 0x0013
[471] [M]: 0x00000000800019FC (0x00130313) addi t1, t1, 1
x6 <- 0x0000000000000001
mem[X,0x0000000080001A00] -> 0x006F
mem[X,0x0000000080001A02] -> 0x2BD0
[472] [M]: 0x0000000080001A00 (0x2BD0006F) jal zero, 2748
mem[X,0x00000000800024BC] -> 0x3823
mem[X,0x00000000800024BE] -> 0x0866
[473] [M]: 0x00000000800024BC (0x08663823) sd t1, 144(a2)
mem[0x00000000800451A8] <- 0x0000000000000001
mem[X,0x00000000800024C0] -> 0x0713
mem[X,0x00000000800024C2] -> 0x0010
[474] [M]: 0x00000000800024C0 (0x00100713) addi a4, zero, 1
x14 <- 0x0000000000000001
mem[X,0x00000000800024C4] -> 0x1713
mem[X,0x00000000800024C6] -> 0x0357
[475] [M]: 0x00000000800024C4 (0x03571713) slli a4, a4, 53
x14 <- 0x0020000000000000
mem[X,0x00000000800024C8] -> 0x4713
mem[X,0x00000000800024CA] -> 0xFFF7
[476] [M]: 0x00000000800024C8 (0xFFF74713) xori a4, a4, 4095
x14 <- 0xFFDFFFFFFFFFFFFF
mem[X,0x00000000800024CC] -> 0x0E13
mem[X,0x00000000800024CE] -> 0x0010
[477] [M]: 0x00000000800024CC (0x00100E13) addi t3, zero, 1
x28 <- 0x0000000000000001
mem[X,0x00000000800024D0] -> 0x1E13
mem[X,0x00000000800024D2] -> 0x00BE
[478] [M]: 0x00000000800024D0 (0x00BE1E13) slli t3, t3, 11
x28 <- 0x0000000000000800
mem[X,0x00000000800024D4] -> 0x0313
mem[X,0x00000000800024D6] -> 0x0000
[479] [M]: 0x00000000800024D4 (0x00000313) addi t1, zero, 0
x6 <- 0x0000000000000000
mem[X,0x00000000800024D8] -> 0x006F
mem[X,0x00000000800024DA] -> 0x00C0
[480] [M]: 0x00000000800024D8 (0x00C0006F) jal zero, 12
mem[X,0x00000000800024E4] -> 0x1063
mem[X,0x00000000800024E6] -> 0x41C7
[481] [M]: 0x00000000800024E4 (0x41C71063) bne a4, t3, 1024
mem[X,0x00000000800028E4] -> 0x0313
mem[X,0x00000000800028E6] -> 0x0033
[482] [M]: 0x00000000800028E4 (0x00330313) addi t1, t1, 3
x6 <- 0x0000000000000003
mem[X,0x00000000800028E8] -> 0x006F
mem[X,0x00000000800028EA] -> 0x0040
[483] [M]: 0x00000000800028E8 (0x0040006F) jal zero, 4
mem[X,0x00000000800028EC] -> 0x3C23
mem[X,0x00000000800028EE] -> 0x0866
[484] [M]: 0x00000000800028EC (0x08663C23) sd t1, 152(a2)
mem[0x00000000800451B0] <- 0x0000000000000003
mem[X,0x00000000800028F0] -> 0x0213
mem[X,0x00000000800028F2] -> 0x0010
[485] [M]: 0x00000000800028F0 (0x00100213) addi tp, zero, 1
x4 <- 0x0000000000000001
mem[X,0x00000000800028F4] -> 0x1213
mem[X,0x00000000800028F6] -> 0x03D2
[486] [M]: 0x00000000800028F4 (0x03D21213) slli tp, tp, 61
x4 <- 0x2000000000000000
mem[X,0x00000000800028F8] -> 0x0A93
mem[X,0x00000000800028FA] -> 0x0010
[487] [M]: 0x00000000800028F8 (0x00100A93) addi s5, zero, 1
x21 <- 0x0000000000000001
mem[X,0x00000000800028FC] -> 0x9A93
mem[X,0x00000000800028FE] -> 0x00CA
[488] [M]: 0x00000000800028FC (0x00CA9A93) slli s5, s5, 12
x21 <- 0x0000000000001000
mem[X,0x0000000080002900] -> 0x0313
mem[X,0x0000000080002902] -> 0x0000
[489] [M]: 0x0000000080002900 (0x00000313) addi t1, zero, 0
x6 <- 0x0000000000000000
mem[X,0x0000000080002904] -> 0x006F
mem[X,0x0000000080002906] -> 0x2B10
[490] [M]: 0x0000000080002904 (0x2B10006F) jal zero, 2736
mem[X,0x00000000800033B4] -> 0x1A63
mem[X,0x00000000800033B6] -> 0xD552
[491] [M]: 0x00000000800033B4 (0xD5521A63) bne tp, s5, 5460
mem[X,0x0000000080002908] -> 0x0313
mem[X,0x000000008000290A] -> 0x0013
[492] [M]: 0x0000000080002908 (0x00130313) addi t1, t1, 1
x6 <- 0x0000000000000001
mem[X,0x000000008000290C] -> 0x006F
mem[X,0x000000008000290E] -> 0x2BD0
[493] [M]: 0x000000008000290C (0x2BD0006F) jal zero, 2748
mem[X,0x00000000800033C8] -> 0x3023
mem[X,0x00000000800033CA] -> 0x0A66
[494] [M]: 0x00000000800033C8 (0x0A663023) sd t1, 160(a2)
mem[0x00000000800451B8] <- 0x0000000000000001
mem[X,0x00000000800033CC] -> 0x0593
mem[X,0x00000000800033CE] -> 0x0010
[495] [M]: 0x00000000800033CC (0x00100593) addi a1, zero, 1
x11 <- 0x0000000000000001
mem[X,0x00000000800033D0] -> 0x9593
mem[X,0x00000000800033D2] -> 0x01E5
[496] [M]: 0x00000000800033D0 (0x01E59593) slli a1, a1, 30
x11 <- 0x0000000040000000
mem[X,0x00000000800033D4] -> 0xC593
mem[X,0x00000000800033D6] -> 0xFFF5
[497] [M]: 0x00000000800033D4 (0xFFF5C593) xori a1, a1, 4095
x11 <- 0xFFFFFFFFBFFFFFFF
mem[X,0x00000000800033D8] -> 0x0913
mem[X,0x00000000800033DA] -> 0x0010
[498] [M]: 0x00000000800033D8 (0x00100913) addi s2, zero, 1
x18 <- 0x0000000000000001
mem[X,0x00000000800033DC] -> 0x1913
mem[X,0x00000000800033DE] -> 0x00D9
[499] [M]: 0x00000000800033DC (0x00D91913) slli s2, s2, 13
x18 <- 0x0000000000002000
clint::tick mtime <- 0x0000000000000005
 clint timer pending at mtime 0x0000000000000005
htif::tick 0x0000000000000000
mem[X,0x00000000800033E0] -> 0x0313
mem[X,0x00000000800033E2] -> 0x0000
[500] [M]: 0x00000000800033E0 (0x00000313) addi t1, zero, 0
x6 <- 0x0000000000000000
mem[X,0x00000000800033E4] -> 0x006F
mem[X,0x00000000800033E6] -> 0x00C0
[501] [M]: 0x00000000800033E4 (0x00C0006F) jal zero, 12
mem[X,0x00000000800033F0] -> 0x9663
mem[X,0x00000000800033F2] -> 0x0125
[502] [M]: 0x00000000800033F0 (0x01259663) bne a1, s2, 12
mem[X,0x00000000800033FC] -> 0x0313
mem[X,0x00000000800033FE] -> 0x0033
[503] [M]: 0x00000000800033FC (0x00330313) addi t1, t1, 3
x6 <- 0x0000000000000003
mem[X,0x0000000080003400] -> 0x006F
mem[X,0x0000000080003402] -> 0x0040
[504] [M]: 0x0000000080003400 (0x0040006F) jal zero, 4
mem[X,0x0000000080003404] -> 0x3423
mem[X,0x0000000080003406] -> 0x0A66
[505] [M]: 0x0000000080003404 (0x0A663423) sd t1, 168(a2)
mem[0x00000000800451C0] <- 0x0000000000000003
mem[X,0x0000000080003408] -> 0x0A13
mem[X,0x000000008000340A] -> 0x0010
[506] [M]: 0x0000000080003408 (0x00100A13) addi s4, zero, 1
x20 <- 0x0000000000000001
mem[X,0x000000008000340C] -> 0x1A13
mem[X,0x000000008000340E] -> 0x01CA
[507] [M]: 0x000000008000340C (0x01CA1A13) slli s4, s4, 28
x20 <- 0x0000000010000000
mem[X,0x0000000080003410] -> 0x0513
mem[X,0x0000000080003412] -> 0x0010
[508] [M]: 0x0000000080003410 (0x00100513) addi a0, zero, 1
x10 <- 0x0000000000000001
mem[X,0x0000000080003414] -> 0x1513
mem[X,0x0000000080003416] -> 0x00E5
[509] [M]: 0x0000000080003414 (0x00E51513) slli a0, a0, 14
x10 <- 0x0000000000004000
mem[X,0x0000000080003418] -> 0x0313
mem[X,0x000000008000341A] -> 0x0000
[510] [M]: 0x0000000080003418 (0x00000313) addi t1, zero, 0
x6 <- 0x0000000000000000
mem[X,0x000000008000341C] -> 0x006F
mem[X,0x000000008000341E] -> 0x0050
[511] [M]: 0x000000008000341C (0x0050006F) jal zero, 2052
mem[X,0x0000000080003C20] -> 0x10E3
mem[X,0x0000000080003C22] -> 0x80AA
[512] [M]: 0x0000000080003C20 (0x80AA10E3) bne s4, a0, 6144
mem[X,0x0000000080003420] -> 0x0313
mem[X,0x0000000080003422] -> 0x0013
[513] [M]: 0x0000000080003420 (0x00130313) addi t1, t1, 1
x6 <- 0x0000000000000001
mem[X,0x0000000080003424] -> 0x006F
mem[X,0x0000000080003426] -> 0x0110
[514] [M]: 0x0000000080003424 (0x0110006F) jal zero, 2064
mem[X,0x0000000080003C34] -> 0x3823
mem[X,0x0000000080003C36] -> 0x0A66
[515] [M]: 0x0000000080003C34 (0x0A663823) sd t1, 176(a2)
mem[0x00000000800451C8] <- 0x0000000000000001
mem[X,0x0000000080003C38] -> 0x0413
mem[X,0x0000000080003C3A] -> 0x0010
[516] [M]: 0x0000000080003C38 (0x00100413) addi fp, zero, 1
x8 <- 0x0000000000000001
mem[X,0x0000000080003C3C] -> 0x1413
mem[X,0x0000000080003C3E] -> 0x0224
[517] [M]: 0x0000000080003C3C (0x02241413) slli fp, fp, 34
x8 <- 0x0000000400000000
mem[X,0x0000000080003C40] -> 0x4413
mem[X,0x0000000080003C42] -> 0xFFF4
[518] [M]: 0x0000000080003C40 (0xFFF44413) xori fp, fp, 4095
x8 <- 0xFFFFFFFBFFFFFFFF
mem[X,0x0000000080003C44] -> 0x0313
mem[X,0x0000000080003C46] -> 0x0010
[519] [M]: 0x0000000080003C44 (0x00100313) addi t1, zero, 1
x6 <- 0x0000000000000001
mem[X,0x0000000080003C48] -> 0x1313
mem[X,0x0000000080003C4A] -> 0x00F3
[520] [M]: 0x0000000080003C48 (0x00F31313) slli t1, t1, 15
x6 <- 0x0000000000008000
mem[X,0x0000000080003C4C] -> 0x0113
mem[X,0x0000000080003C4E] -> 0x0000
[521] [M]: 0x0000000080003C4C (0x00000113) addi sp, zero, 0
x2 <- 0x0000000000000000
mem[X,0x0000000080003C50] -> 0x006F
mem[X,0x0000000080003C52] -> 0x00C0
[522] [M]: 0x0000000080003C50 (0x00C0006F) jal zero, 12
mem[X,0x0000000080003C5C] -> 0x1663
mem[X,0x0000000080003C5E] -> 0x0064
[523] [M]: 0x0000000080003C5C (0x00641663) bne fp, t1, 12
mem[X,0x0000000080003C68] -> 0x0113
mem[X,0x0000000080003C6A] -> 0x0031
[524] [M]: 0x0000000080003C68 (0x00310113) addi sp, sp, 3
x2 <- 0x0000000000000003
mem[X,0x0000000080003C6C] -> 0x006F
mem[X,0x0000000080003C6E] -> 0x0040
[525] [M]: 0x0000000080003C6C (0x0040006F) jal zero, 4
mem[X,0x0000000080003C70] -> 0x3C23
mem[X,0x0000000080003C72] -> 0x0A26
[526] [M]: 0x0000000080003C70 (0x0A263C23) sd sp, 184(a2)
mem[0x00000000800451D0] <- 0x0000000000000003
mem[X,0x0000000080003C74] -> 0x0013
mem[X,0x0000000080003C76] -> 0x0000
[527] [M]: 0x0000000080003C74 (0x00000013) addi zero, zero, 0
mem[X,0x0000000080003C78] -> 0x0013
mem[X,0x0000000080003C7A] -> 0x0000
[528] [M]: 0x0000000080003C78 (0x00000013) addi zero, zero, 0
mem[X,0x0000000080003C7C] -> 0x0013
mem[X,0x0000000080003C7E] -> 0x0000
[529] [M]: 0x0000000080003C7C (0x00000013) addi zero, zero, 0
mem[X,0x0000000080003C80] -> 0x1097
mem[X,0x0000000080003C82] -> 0x0004
[530] [M]: 0x0000000080003C80 (0x00041097) auipc ra, 65
x1 <- 0x0000000080044C80
mem[X,0x0000000080003C84] -> 0x8093
mem[X,0x0000000080003C86] -> 0x5580
[531] [M]: 0x0000000080003C84 (0x55808093) addi ra, ra, 1368
x1 <- 0x00000000800451D8
mem[X,0x0000000080003C88] -> 0x0013
mem[X,0x0000000080003C8A] -> 0x0000
[532] [M]: 0x0000000080003C88 (0x00000013) addi zero, zero, 0
mem[X,0x0000000080003C8C] -> 0x0013
mem[X,0x0000000080003C8E] -> 0x0000
[533] [M]: 0x0000000080003C8C (0x00000013) addi zero, zero, 0
mem[X,0x0000000080003C90] -> 0x0013
mem[X,0x0000000080003C92] -> 0x0000
[534] [M]: 0x0000000080003C90 (0x00000013) addi zero, zero, 0
mem[X,0x0000000080003C94] -> 0x0013
mem[X,0x0000000080003C96] -> 0x0000
[535] [M]: 0x0000000080003C94 (0x00000013) addi zero, zero, 0
mem[X,0x0000000080003C98] -> 0x0013
mem[X,0x0000000080003C9A] -> 0x0000
[536] [M]: 0x0000000080003C98 (0x00000013) addi zero, zero, 0
mem[X,0x0000000080003C9C] -> 0x0013
mem[X,0x0000000080003C9E] -> 0x0000
[537] [M]: 0x0000000080003C9C (0x00000013) addi zero, zero, 0
mem[X,0x0000000080003CA0] -> 0x0313
mem[X,0x0000000080003CA2] -> 0x0010
[538] [M]: 0x0000000080003CA0 (0x00100313) addi t1, zero, 1
x6 <- 0x0000000000000001
mem[X,0x0000000080003CA4] -> 0x1313
mem[X,0x0000000080003CA6] -> 0x0323
[539] [M]: 0x0000000080003CA4 (0x03231313) slli t1, t1, 50
x6 <- 0x0004000000000000
mem[X,0x0000000080003CA8] -> 0x0613
mem[X,0x0000000080003CAA] -> 0x0010
[540] [M]: 0x0000000080003CA8 (0x00100613) addi a2, zero, 1
x12 <- 0x0000000000000001
mem[X,0x0000000080003CAC] -> 0x1613
mem[X,0x0000000080003CAE] -> 0x0106
[541] [M]: 0x0000000080003CAC (0x01061613) slli a2, a2, 16
x12 <- 0x0000000000010000
mem[X,0x0000000080003CB0] -> 0x0113
mem[X,0x0000000080003CB2] -> 0x0000
[542] [M]: 0x0000000080003CB0 (0x00000113) addi sp, zero, 0
x2 <- 0x0000000000000000
mem[X,0x0000000080003CB4] -> 0x006F
mem[X,0x0000000080003CB6] -> 0x0100
[543] [M]: 0x0000000080003CB4 (0x0100006F) jal zero, 16
mem[X,0x0000000080003CC4] -> 0x1AE3
mem[X,0x0000000080003CC6] -> 0xFEC3
[544] [M]: 0x0000000080003CC4 (0xFEC31AE3) bne t1, a2, 8180
mem[X,0x0000000080003CB8] -> 0x0113
mem[X,0x0000000080003CBA] -> 0x0011
[545] [M]: 0x0000000080003CB8 (0x00110113) addi sp, sp, 1
x2 <- 0x0000000000000001
mem[X,0x0000000080003CBC] -> 0x006F
mem[X,0x0000000080003CBE] -> 0x01C0
[546] [M]: 0x0000000080003CBC (0x01C0006F) jal zero, 28
mem[X,0x0000000080003CD8] -> 0xB023
mem[X,0x0000000080003CDA] -> 0x0020
[547] [M]: 0x0000000080003CD8 (0x0020B023) sd sp, 0(ra)
mem[0x00000000800451D8] <- 0x0000000000000001
mem[X,0x0000000080003CDC] -> 0x0B93
mem[X,0x0000000080003CDE] -> 0x0050
[548] [M]: 0x0000000080003CDC (0x00500B93) addi s7, zero, 5
x23 <- 0x0000000000000005
mem[X,0x0000000080003CE0] -> 0x0813
mem[X,0x0000000080003CE2] -> 0x0010
[549] [M]: 0x0000000080003CE0 (0x00100813) addi a6, zero, 1
x16 <- 0x0000000000000001
mem[X,0x0000000080003CE4] -> 0x1813
mem[X,0x0000000080003CE6] -> 0x0118
[550] [M]: 0x0000000080003CE4 (0x01181813) slli a6, a6, 17
x16 <- 0x0000000000020000
mem[X,0x0000000080003CE8] -> 0x0113
mem[X,0x0000000080003CEA] -> 0x0000
[551] [M]: 0x0000000080003CE8 (0x00000113) addi sp, zero, 0
x2 <- 0x0000000000000000
mem[X,0x0000000080003CEC] -> 0x006F
mem[X,0x0000000080003CEE] -> 0x00C0
[552] [M]: 0x0000000080003CEC (0x00C0006F) jal zero, 12
mem[X,0x0000000080003CF8] -> 0x9063
mem[X,0x0000000080003CFA] -> 0x110B
[553] [M]: 0x0000000080003CF8 (0x110B9063) bne s7, a6, 256
mem[X,0x0000000080003DF8] -> 0x0113
mem[X,0x0000000080003DFA] -> 0x0031
[554] [M]: 0x0000000080003DF8 (0x00310113) addi sp, sp, 3
x2 <- 0x0000000000000003
mem[X,0x0000000080003DFC] -> 0x006F
mem[X,0x0000000080003DFE] -> 0x0040
[555] [M]: 0x0000000080003DFC (0x0040006F) jal zero, 4
mem[X,0x0000000080003E00] -> 0xB423
mem[X,0x0000000080003E02] -> 0x0020
[556] [M]: 0x0000000080003E00 (0x0020B423) sd sp, 8(ra)
mem[0x00000000800451E0] <- 0x0000000000000003
mem[X,0x0000000080003E04] -> 0x0493
mem[X,0x0000000080003E06] -> 0x0010
[557] [M]: 0x0000000080003E04 (0x00100493) addi s1, zero, 1
x9 <- 0x0000000000000001
mem[X,0x0000000080003E08] -> 0x9493
mem[X,0x0000000080003E0A] -> 0x02A4
[558] [M]: 0x0000000080003E08 (0x02A49493) slli s1, s1, 42
x9 <- 0x0000040000000000
mem[X,0x0000000080003E0C] -> 0x0F93
mem[X,0x0000000080003E0E] -> 0x0010
[559] [M]: 0x0000000080003E0C (0x00100F93) addi t6, zero, 1
x31 <- 0x0000000000000001
mem[X,0x0000000080003E10] -> 0x9F93
mem[X,0x0000000080003E12] -> 0x012F
[560] [M]: 0x0000000080003E10 (0x012F9F93) slli t6, t6, 18
x31 <- 0x0000000000040000
mem[X,0x0000000080003E14] -> 0x0113
mem[X,0x0000000080003E16] -> 0x0000
[561] [M]: 0x0000000080003E14 (0x00000113) addi sp, zero, 0
x2 <- 0x0000000000000000
mem[X,0x0000000080003E18] -> 0x006F
mem[X,0x0000000080003E1A] -> 0x00C0
[562] [M]: 0x0000000080003E18 (0x00C0006F) jal zero, 12
mem[X,0x0000000080003E24] -> 0x9063
mem[X,0x0000000080003E26] -> 0x21F4
[563] [M]: 0x0000000080003E24 (0x21F49063) bne s1, t6, 512
mem[X,0x0000000080004024] -> 0x0113
mem[X,0x0000000080004026] -> 0x0031
[564] [M]: 0x0000000080004024 (0x00310113) addi sp, sp, 3
x2 <- 0x0000000000000003
mem[X,0x0000000080004028] -> 0x006F
mem[X,0x000000008000402A] -> 0x0040
[565] [M]: 0x0000000080004028 (0x0040006F) jal zero, 4
mem[X,0x000000008000402C] -> 0xB823
mem[X,0x000000008000402E] -> 0x0020
[566] [M]: 0x000000008000402C (0x0020B823) sd sp, 16(ra)
mem[0x00000000800451E8] <- 0x0000000000000003
mem[X,0x0000000080004030] -> 0x0813
mem[X,0x0000000080004032] -> 0x0010
[567] [M]: 0x0000000080004030 (0x00100813) addi a6, zero, 1
x16 <- 0x0000000000000001
mem[X,0x0000000080004034] -> 0x1813
mem[X,0x0000000080004036] -> 0x03E8
[568] [M]: 0x0000000080004034 (0x03E81813) slli a6, a6, 62
x16 <- 0x4000000000000000
mem[X,0x0000000080004038] -> 0x4813
mem[X,0x000000008000403A] -> 0xFFF8
[569] [M]: 0x0000000080004038 (0xFFF84813) xori a6, a6, 4095
x16 <- 0xBFFFFFFFFFFFFFFF
mem[X,0x000000008000403C] -> 0x0D13
mem[X,0x000000008000403E] -> 0x0010
[570] [M]: 0x000000008000403C (0x00100D13) addi s10, zero, 1
x26 <- 0x0000000000000001
mem[X,0x0000000080004040] -> 0x1D13
mem[X,0x0000000080004042] -> 0x013D
[571] [M]: 0x0000000080004040 (0x013D1D13) slli s10, s10, 19
x26 <- 0x0000000000080000
mem[X,0x0000000080004044] -> 0x0113
mem[X,0x0000000080004046] -> 0x0000
[572] [M]: 0x0000000080004044 (0x00000113) addi sp, zero, 0
x2 <- 0x0000000000000000
mem[X,0x0000000080004048] -> 0x006F
mem[X,0x000000008000404A] -> 0x00C0
[573] [M]: 0x0000000080004048 (0x00C0006F) jal zero, 12
mem[X,0x0000000080004054] -> 0x1063
mem[X,0x0000000080004056] -> 0x09A8
[574] [M]: 0x0000000080004054 (0x09A81063) bne a6, s10, 128
mem[X,0x00000000800040D4] -> 0x0113
mem[X,0x00000000800040D6] -> 0x0031
[575] [M]: 0x00000000800040D4 (0x00310113) addi sp, sp, 3
x2 <- 0x0000000000000003
mem[X,0x00000000800040D8] -> 0x006F
mem[X,0x00000000800040DA] -> 0x0040
[576] [M]: 0x00000000800040D8 (0x0040006F) jal zero, 4
mem[X,0x00000000800040DC] -> 0xBC23
mem[X,0x00000000800040DE] -> 0x0020
[577] [M]: 0x00000000800040DC (0x0020BC23) sd sp, 24(ra)
mem[0x00000000800451F0] <- 0x0000000000000003
mem[X,0x00000000800040E0] -> 0x0893
mem[X,0x00000000800040E2] -> 0x0010
[578] [M]: 0x00000000800040E0 (0x00100893) addi a7, zero, 1
x17 <- 0x0000000000000001
mem[X,0x00000000800040E4] -> 0x9893
mem[X,0x00000000800040E6] -> 0x03D8
[579] [M]: 0x00000000800040E4 (0x03D89893) slli a7, a7, 61
x17 <- 0x2000000000000000
mem[X,0x00000000800040E8] -> 0xC893
mem[X,0x00000000800040EA] -> 0xFFF8
[580] [M]: 0x00000000800040E8 (0xFFF8C893) xori a7, a7, 4095
x17 <- 0xDFFFFFFFFFFFFFFF
mem[X,0x00000000800040EC] -> 0x0D93
mem[X,0x00000000800040EE] -> 0x0010
[581] [M]: 0x00000000800040EC (0x00100D93) addi s11, zero, 1
x27 <- 0x0000000000000001
mem[X,0x00000000800040F0] -> 0x9D93
mem[X,0x00000000800040F2] -> 0x014D
[582] [M]: 0x00000000800040F0 (0x014D9D93) slli s11, s11, 20
x27 <- 0x0000000000100000
mem[X,0x00000000800040F4] -> 0x0113
mem[X,0x00000000800040F6] -> 0x0000
[583] [M]: 0x00000000800040F4 (0x00000113) addi sp, zero, 0
x2 <- 0x0000000000000000
mem[X,0x00000000800040F8] -> 0x006F
mem[X,0x00000000800040FA] -> 0x00C0
[584] [M]: 0x00000000800040F8 (0x00C0006F) jal zero, 12
mem[X,0x0000000080004104] -> 0x9863
mem[X,0x0000000080004106] -> 0x01B8
[585] [M]: 0x0000000080004104 (0x01B89863) bne a7, s11, 16
mem[X,0x0000000080004114] -> 0x0113
mem[X,0x0000000080004116] -> 0x0031
[586] [M]: 0x0000000080004114 (0x00310113) addi sp, sp, 3
x2 <- 0x0000000000000003
mem[X,0x0000000080004118] -> 0x006F
mem[X,0x000000008000411A] -> 0x0040
[587] [M]: 0x0000000080004118 (0x0040006F) jal zero, 4
mem[X,0x000000008000411C] -> 0xB023
mem[X,0x000000008000411E] -> 0x0220
[588] [M]: 0x000000008000411C (0x0220B023) sd sp, 32(ra)
mem[0x00000000800451F8] <- 0x0000000000000003
mem[X,0x0000000080004120] -> 0x0293
mem[X,0x0000000080004122] -> 0x0010
[589] [M]: 0x0000000080004120 (0x00100293) addi t0, zero, 1
x5 <- 0x0000000000000001
mem[X,0x0000000080004124] -> 0x9293
mem[X,0x0000000080004126] -> 0x01A2
[590] [M]: 0x0000000080004124 (0x01A29293) slli t0, t0, 26
x5 <- 0x0000000004000000
mem[X,0x0000000080004128] -> 0xC293
mem[X,0x000000008000412A] -> 0xFFF2
[591] [M]: 0x0000000080004128 (0xFFF2C293) xori t0, t0, 4095
x5 <- 0xFFFFFFFFFBFFFFFF
mem[X,0x000000008000412C] -> 0x0593
mem[X,0x000000008000412E] -> 0x0010
[592] [M]: 0x000000008000412C (0x00100593) addi a1, zero, 1
x11 <- 0x0000000000000001
mem[X,0x0000000080004130] -> 0x9593
mem[X,0x0000000080004132] -> 0x0155
[593] [M]: 0x0000000080004130 (0x01559593) slli a1, a1, 21
x11 <- 0x0000000000200000
mem[X,0x0000000080004134] -> 0x0113
mem[X,0x0000000080004136] -> 0x0000
[594] [M]: 0x0000000080004134 (0x00000113) addi sp, zero, 0
x2 <- 0x0000000000000000
mem[X,0x0000000080004138] -> 0x006F
mem[X,0x000000008000413A] -> 0x0140
[595] [M]: 0x0000000080004138 (0x0140006F) jal zero, 20
mem[X,0x000000008000414C] -> 0x98E3
mem[X,0x000000008000414E] -> 0xFEB2
[596] [M]: 0x000000008000414C (0xFEB298E3) bne t0, a1, 8176
mem[X,0x000000008000413C] -> 0x0113
mem[X,0x000000008000413E] -> 0x0011
[597] [M]: 0x000000008000413C (0x00110113) addi sp, sp, 1
x2 <- 0x0000000000000001
mem[X,0x0000000080004140] -> 0x006F
mem[X,0x0000000080004142] -> 0x0200
[598] [M]: 0x0000000080004140 (0x0200006F) jal zero, 32
mem[X,0x0000000080004160] -> 0xB423
mem[X,0x0000000080004162] -> 0x0220
[599] [M]: 0x0000000080004160 (0x0220B423) sd sp, 40(ra)
mem[0x0000000080045200] <- 0x0000000000000001
clint::tick mtime <- 0x0000000000000006
 clint timer pending at mtime 0x0000000000000006
htif::tick 0x0000000000000000
mem[X,0x0000000080004164] -> 0x0613
mem[X,0x0000000080004166] -> 0x4000
[600] [M]: 0x0000000080004164 (0x40000613) addi a2, zero, 1024
x12 <- 0x0000000000000400
mem[X,0x0000000080004168] -> 0x0A13
mem[X,0x000000008000416A] -> 0x0010
[601] [M]: 0x0000000080004168 (0x00100A13) addi s4, zero, 1
x20 <- 0x0000000000000001
mem[X,0x000000008000416C] -> 0x1A13
mem[X,0x000000008000416E] -> 0x016A
[602] [M]: 0x000000008000416C (0x016A1A13) slli s4, s4, 22
x20 <- 0x0000000000400000
mem[X,0x0000000080004170] -> 0x0113
mem[X,0x0000000080004172] -> 0x0000
[603] [M]: 0x0000000080004170 (0x00000113) addi sp, zero, 0
x2 <- 0x0000000000000000
mem[X,0x0000000080004174] -> 0x006F
mem[X,0x0000000080004176] -> 0x0180
[604] [M]: 0x0000000080004174 (0x0180006F) jal zero, 24
mem[X,0x000000008000418C] -> 0x16E3
mem[X,0x000000008000418E] -> 0xFF46
[605] [M]: 0x000000008000418C (0xFF4616E3) bne a2, s4, 8172
mem[X,0x0000000080004178] -> 0x0113
mem[X,0x000000008000417A] -> 0x0011
[606] [M]: 0x0000000080004178 (0x00110113) addi sp, sp, 1
x2 <- 0x0000000000000001
mem[X,0x000000008000417C] -> 0x006F
mem[X,0x000000008000417E] -> 0x0240
[607] [M]: 0x000000008000417C (0x0240006F) jal zero, 36
mem[X,0x00000000800041A0] -> 0xB823
mem[X,0x00000000800041A2] -> 0x0220
[608] [M]: 0x00000000800041A0 (0x0220B823) sd sp, 48(ra)
mem[0x0000000080045208] <- 0x0000000000000001
mem[X,0x00000000800041A4] -> 0x0F93
mem[X,0x00000000800041A6] -> 0x0010
[609] [M]: 0x00000000800041A4 (0x00100F93) addi t6, zero, 1
x31 <- 0x0000000000000001
mem[X,0x00000000800041A8] -> 0x9F93
mem[X,0x00000000800041AA] -> 0x01AF
[610] [M]: 0x00000000800041A8 (0x01AF9F93) slli t6, t6, 26
x31 <- 0x0000000004000000
mem[X,0x00000000800041AC] -> 0x0693
mem[X,0x00000000800041AE] -> 0x0010
[611] [M]: 0x00000000800041AC (0x00100693) addi a3, zero, 1
x13 <- 0x0000000000000001
mem[X,0x00000000800041B0] -> 0x9693
mem[X,0x00000000800041B2] -> 0x0176
[612] [M]: 0x00000000800041B0 (0x01769693) slli a3, a3, 23
x13 <- 0x0000000000800000
mem[X,0x00000000800041B4] -> 0x0113
mem[X,0x00000000800041B6] -> 0x0000
[613] [M]: 0x00000000800041B4 (0x00000113) addi sp, zero, 0
x2 <- 0x0000000000000000
mem[X,0x00000000800041B8] -> 0x006F
mem[X,0x00000000800041BA] -> 0x00C0
[614] [M]: 0x00000000800041B8 (0x00C0006F) jal zero, 12
mem[X,0x00000000800041C4] -> 0x9CE3
mem[X,0x00000000800041C6] -> 0xFEDF
[615] [M]: 0x00000000800041C4 (0xFEDF9CE3) bne t6, a3, 8184
mem[X,0x00000000800041BC] -> 0x0113
mem[X,0x00000000800041BE] -> 0x0011
[616] [M]: 0x00000000800041BC (0x00110113) addi sp, sp, 1
x2 <- 0x0000000000000001
mem[X,0x00000000800041C0] -> 0x006F
mem[X,0x00000000800041C2] -> 0x0180
[617] [M]: 0x00000000800041C0 (0x0180006F) jal zero, 24
mem[X,0x00000000800041D8] -> 0xBC23
mem[X,0x00000000800041DA] -> 0x0220
[618] [M]: 0x00000000800041D8 (0x0220BC23) sd sp, 56(ra)
mem[0x0000000080045210] <- 0x0000000000000001
mem[X,0x00000000800041DC] -> 0x0513
mem[X,0x00000000800041DE] -> 0x0010
[619] [M]: 0x00000000800041DC (0x00100513) addi a0, zero, 1
x10 <- 0x0000000000000001
mem[X,0x00000000800041E0] -> 0x1513
mem[X,0x00000000800041E2] -> 0x01C5
[620] [M]: 0x00000000800041E0 (0x01C51513) slli a0, a0, 28
x10 <- 0x0000000010000000
mem[X,0x00000000800041E4] -> 0x4513
mem[X,0x00000000800041E6] -> 0xFFF5
[621] [M]: 0x00000000800041E4 (0xFFF54513) xori a0, a0, 4095
x10 <- 0xFFFFFFFFEFFFFFFF
mem[X,0x00000000800041E8] -> 0x0593
mem[X,0x00000000800041EA] -> 0x0010
[622] [M]: 0x00000000800041E8 (0x00100593) addi a1, zero, 1
x11 <- 0x0000000000000001
mem[X,0x00000000800041EC] -> 0x9593
mem[X,0x00000000800041EE] -> 0x0185
[623] [M]: 0x00000000800041EC (0x01859593) slli a1, a1, 24
x11 <- 0x0000000001000000
mem[X,0x00000000800041F0] -> 0x0113
mem[X,0x00000000800041F2] -> 0x0000
[624] [M]: 0x00000000800041F0 (0x00000113) addi sp, zero, 0
x2 <- 0x0000000000000000
mem[X,0x00000000800041F4] -> 0x006F
mem[X,0x00000000800041F6] -> 0x00C0
[625] [M]: 0x00000000800041F4 (0x00C0006F) jal zero, 12
mem[X,0x0000000080004200] -> 0x1063
mem[X,0x0000000080004202] -> 0x08B5
[626] [M]: 0x0000000080004200 (0x08B51063) bne a0, a1, 128
mem[X,0x0000000080004280] -> 0x0113
mem[X,0x0000000080004282] -> 0x0031
[627] [M]: 0x0000000080004280 (0x00310113) addi sp, sp, 3
x2 <- 0x0000000000000003
mem[X,0x0000000080004284] -> 0x006F
mem[X,0x0000000080004286] -> 0x0040
[628] [M]: 0x0000000080004284 (0x0040006F) jal zero, 4
mem[X,0x0000000080004288] -> 0xB023
mem[X,0x000000008000428A] -> 0x0420
[629] [M]: 0x0000000080004288 (0x0420B023) sd sp, 64(ra)
mem[0x0000000080045218] <- 0x0000000000000003
mem[X,0x000000008000428C] -> 0x0513
mem[X,0x000000008000428E] -> 0x0010
[630] [M]: 0x000000008000428C (0x00100513) addi a0, zero, 1
x10 <- 0x0000000000000001
mem[X,0x0000000080004290] -> 0x1513
mem[X,0x0000000080004292] -> 0x0325
[631] [M]: 0x0000000080004290 (0x03251513) slli a0, a0, 50
x10 <- 0x0004000000000000
mem[X,0x0000000080004294] -> 0x0593
mem[X,0x0000000080004296] -> 0x0010
[632] [M]: 0x0000000080004294 (0x00100593) addi a1, zero, 1
x11 <- 0x0000000000000001
mem[X,0x0000000080004298] -> 0x9593
mem[X,0x000000008000429A] -> 0x0195
[633] [M]: 0x0000000080004298 (0x01959593) slli a1, a1, 25
x11 <- 0x0000000002000000
mem[X,0x000000008000429C] -> 0x0113
mem[X,0x000000008000429E] -> 0x0000
[634] [M]: 0x000000008000429C (0x00000113) addi sp, zero, 0
x2 <- 0x0000000000000000
mem[X,0x00000000800042A0] -> 0x006F
mem[X,0x00000000800042A2] -> 0x00C0
[635] [M]: 0x00000000800042A0 (0x00C0006F) jal zero, 12
mem[X,0x00000000800042AC] -> 0x1CE3
mem[X,0x00000000800042AE] -> 0xFEB5
[636] [M]: 0x00000000800042AC (0xFEB51CE3) bne a0, a1, 8184
mem[X,0x00000000800042A4] -> 0x0113
mem[X,0x00000000800042A6] -> 0x0011
[637] [M]: 0x00000000800042A4 (0x00110113) addi sp, sp, 1
x2 <- 0x0000000000000001
mem[X,0x00000000800042A8] -> 0x006F
mem[X,0x00000000800042AA] -> 0x0180
[638] [M]: 0x00000000800042A8 (0x0180006F) jal zero, 24
mem[X,0x00000000800042C0] -> 0xB423
mem[X,0x00000000800042C2] -> 0x0420
[639] [M]: 0x00000000800042C0 (0x0420B423) sd sp, 72(ra)
mem[0x0000000080045220] <- 0x0000000000000001
mem[X,0x00000000800042C4] -> 0x0513
mem[X,0x00000000800042C6] -> 0x0010
[640] [M]: 0x00000000800042C4 (0x00100513) addi a0, zero, 1
x10 <- 0x0000000000000001
mem[X,0x00000000800042C8] -> 0x1513
mem[X,0x00000000800042CA] -> 0x02B5
[641] [M]: 0x00000000800042C8 (0x02B51513) slli a0, a0, 43
x10 <- 0x0000080000000000
mem[X,0x00000000800042CC] -> 0x4513
mem[X,0x00000000800042CE] -> 0xFFF5
[642] [M]: 0x00000000800042CC (0xFFF54513) xori a0, a0, 4095
x10 <- 0xFFFFF7FFFFFFFFFF
mem[X,0x00000000800042D0] -> 0x0593
mem[X,0x00000000800042D2] -> 0x0010
[643] [M]: 0x00000000800042D0 (0x00100593) addi a1, zero, 1
x11 <- 0x0000000000000001
mem[X,0x00000000800042D4] -> 0x9593
mem[X,0x00000000800042D6] -> 0x01A5
[644] [M]: 0x00000000800042D4 (0x01A59593) slli a1, a1, 26
x11 <- 0x0000000004000000
mem[X,0x00000000800042D8] -> 0x0113
mem[X,0x00000000800042DA] -> 0x0000
[645] [M]: 0x00000000800042D8 (0x00000113) addi sp, zero, 0
x2 <- 0x0000000000000000
mem[X,0x00000000800042DC] -> 0x006F
mem[X,0x00000000800042DE] -> 0x2B10
[646] [M]: 0x00000000800042DC (0x2B10006F) jal zero, 2736
mem[X,0x0000000080004D8C] -> 0x1A63
mem[X,0x0000000080004D8E] -> 0xD4B5
[647] [M]: 0x0000000080004D8C (0xD4B51A63) bne a0, a1, 5460
mem[X,0x00000000800042E0] -> 0x0113
mem[X,0x00000000800042E2] -> 0x0011
[648] [M]: 0x00000000800042E0 (0x00110113) addi sp, sp, 1
x2 <- 0x0000000000000001
mem[X,0x00000000800042E4] -> 0x006F
mem[X,0x00000000800042E6] -> 0x2BD0
[649] [M]: 0x00000000800042E4 (0x2BD0006F) jal zero, 2748
mem[X,0x0000000080004DA0] -> 0xB823
mem[X,0x0000000080004DA2] -> 0x0420
[650] [M]: 0x0000000080004DA0 (0x0420B823) sd sp, 80(ra)
mem[0x0000000080045228] <- 0x0000000000000001
mem[X,0x0000000080004DA4] -> 0x0513
mem[X,0x0000000080004DA6] -> 0xFFD0
[651] [M]: 0x0000000080004DA4 (0xFFD00513) addi a0, zero, 4093
x10 <- 0xFFFFFFFFFFFFFFFD
mem[X,0x0000000080004DA8] -> 0x0593
mem[X,0x0000000080004DAA] -> 0x0010
[652] [M]: 0x0000000080004DA8 (0x00100593) addi a1, zero, 1
x11 <- 0x0000000000000001
mem[X,0x0000000080004DAC] -> 0x9593
mem[X,0x0000000080004DAE] -> 0x01B5
[653] [M]: 0x0000000080004DAC (0x01B59593) slli a1, a1, 27
x11 <- 0x0000000008000000
mem[X,0x0000000080004DB0] -> 0x0113
mem[X,0x0000000080004DB2] -> 0x0000
[654] [M]: 0x0000000080004DB0 (0x00000113) addi sp, zero, 0
x2 <- 0x0000000000000000
mem[X,0x0000000080004DB4] -> 0x006F
mem[X,0x0000000080004DB6] -> 0x00C0
[655] [M]: 0x0000000080004DB4 (0x00C0006F) jal zero, 12
mem[X,0x0000000080004DC0] -> 0x1663
mem[X,0x0000000080004DC2] -> 0x00B5
[656] [M]: 0x0000000080004DC0 (0x00B51663) bne a0, a1, 12
mem[X,0x0000000080004DCC] -> 0x0113
mem[X,0x0000000080004DCE] -> 0x0031
[657] [M]: 0x0000000080004DCC (0x00310113) addi sp, sp, 3
x2 <- 0x0000000000000003
mem[X,0x0000000080004DD0] -> 0x006F
mem[X,0x0000000080004DD2] -> 0x0040
[658] [M]: 0x0000000080004DD0 (0x0040006F) jal zero, 4
mem[X,0x0000000080004DD4] -> 0xBC23
mem[X,0x0000000080004DD6] -> 0x0420
[659] [M]: 0x0000000080004DD4 (0x0420BC23) sd sp, 88(ra)
mem[0x0000000080045230] <- 0x0000000000000003
mem[X,0x0000000080004DD8] -> 0x0513
mem[X,0x0000000080004DDA] -> 0x0010
[660] [M]: 0x0000000080004DD8 (0x00100513) addi a0, zero, 1
x10 <- 0x0000000000000001
mem[X,0x0000000080004DDC] -> 0x1513
mem[X,0x0000000080004DDE] -> 0x0325
[661] [M]: 0x0000000080004DDC (0x03251513) slli a0, a0, 50
x10 <- 0x0004000000000000
mem[X,0x0000000080004DE0] -> 0x4513
mem[X,0x0000000080004DE2] -> 0xFFF5
[662] [M]: 0x0000000080004DE0 (0xFFF54513) xori a0, a0, 4095
x10 <- 0xFFFBFFFFFFFFFFFF
mem[X,0x0000000080004DE4] -> 0x0593
mem[X,0x0000000080004DE6] -> 0x0010
[663] [M]: 0x0000000080004DE4 (0x00100593) addi a1, zero, 1
x11 <- 0x0000000000000001
mem[X,0x0000000080004DE8] -> 0x9593
mem[X,0x0000000080004DEA] -> 0x01C5
[664] [M]: 0x0000000080004DE8 (0x01C59593) slli a1, a1, 28
x11 <- 0x0000000010000000
mem[X,0x0000000080004DEC] -> 0x0113
mem[X,0x0000000080004DEE] -> 0x0000
[665] [M]: 0x0000000080004DEC (0x00000113) addi sp, zero, 0
x2 <- 0x0000000000000000
mem[X,0x0000000080004DF0] -> 0x006F
mem[X,0x0000000080004DF2] -> 0x00C0
[666] [M]: 0x0000000080004DF0 (0x00C0006F) jal zero, 12
mem[X,0x0000000080004DFC] -> 0x1063
mem[X,0x0000000080004DFE] -> 0x08B5
[667] [M]: 0x0000000080004DFC (0x08B51063) bne a0, a1, 128
mem[X,0x0000000080004E7C] -> 0x0113
mem[X,0x0000000080004E7E] -> 0x0031
[668] [M]: 0x0000000080004E7C (0x00310113) addi sp, sp, 3
x2 <- 0x0000000000000003
mem[X,0x0000000080004E80] -> 0x006F
mem[X,0x0000000080004E82] -> 0x0040
[669] [M]: 0x0000000080004E80 (0x0040006F) jal zero, 4
mem[X,0x0000000080004E84] -> 0xB023
mem[X,0x0000000080004E86] -> 0x0620
[670] [M]: 0x0000000080004E84 (0x0620B023) sd sp, 96(ra)
mem[0x0000000080045238] <- 0x0000000000000003
mem[X,0x0000000080004E88] -> 0x0513
mem[X,0x0000000080004E8A] -> 0x0010
[671] [M]: 0x0000000080004E88 (0x00100513) addi a0, zero, 1
x10 <- 0x0000000000000001
mem[X,0x0000000080004E8C] -> 0x1513
mem[X,0x0000000080004E8E] -> 0x02E5
[672] [M]: 0x0000000080004E8C (0x02E51513) slli a0, a0, 46
x10 <- 0x0000400000000000
mem[X,0x0000000080004E90] -> 0x0593
mem[X,0x0000000080004E92] -> 0x0010
[673] [M]: 0x0000000080004E90 (0x00100593) addi a1, zero, 1
x11 <- 0x0000000000000001
mem[X,0x0000000080004E94] -> 0x9593
mem[X,0x0000000080004E96] -> 0x01D5
[674] [M]: 0x0000000080004E94 (0x01D59593) slli a1, a1, 29
x11 <- 0x0000000020000000
mem[X,0x0000000080004E98] -> 0x0113
mem[X,0x0000000080004E9A] -> 0x0000
[675] [M]: 0x0000000080004E98 (0x00000113) addi sp, zero, 0
x2 <- 0x0000000000000000
mem[X,0x0000000080004E9C] -> 0x006F
mem[X,0x0000000080004E9E] -> 0x00C0
[676] [M]: 0x0000000080004E9C (0x00C0006F) jal zero, 12
mem[X,0x0000000080004EA8] -> 0x1CE3
mem[X,0x0000000080004EAA] -> 0xFEB5
[677] [M]: 0x0000000080004EA8 (0xFEB51CE3) bne a0, a1, 8184
mem[X,0x0000000080004EA0] -> 0x0113
mem[X,0x0000000080004EA2] -> 0x0011
[678] [M]: 0x0000000080004EA0 (0x00110113) addi sp, sp, 1
x2 <- 0x0000000000000001
mem[X,0x0000000080004EA4] -> 0x006F
mem[X,0x0000000080004EA6] -> 0x0180
[679] [M]: 0x0000000080004EA4 (0x0180006F) jal zero, 24
mem[X,0x0000000080004EBC] -> 0xB423
mem[X,0x0000000080004EBE] -> 0x0620
[680] [M]: 0x0000000080004EBC (0x0620B423) sd sp, 104(ra)
mem[0x0000000080045240] <- 0x0000000000000001
mem[X,0x0000000080004EC0] -> 0x0513
mem[X,0x0000000080004EC2] -> 0x0010
[681] [M]: 0x0000000080004EC0 (0x00100513) addi a0, zero, 1
x10 <- 0x0000000000000001
mem[X,0x0000000080004EC4] -> 0x1513
mem[X,0x0000000080004EC6] -> 0x03C5
[682] [M]: 0x0000000080004EC4 (0x03C51513) slli a0, a0, 60
x10 <- 0x1000000000000000
mem[X,0x0000000080004EC8] -> 0x4513
mem[X,0x0000000080004ECA] -> 0xFFF5
[683] [M]: 0x0000000080004EC8 (0xFFF54513) xori a0, a0, 4095
x10 <- 0xEFFFFFFFFFFFFFFF
mem[X,0x0000000080004ECC] -> 0x0593
mem[X,0x0000000080004ECE] -> 0x0010
[684] [M]: 0x0000000080004ECC (0x00100593) addi a1, zero, 1
x11 <- 0x0000000000000001
mem[X,0x0000000080004ED0] -> 0x9593
mem[X,0x0000000080004ED2] -> 0x01F5
[685] [M]: 0x0000000080004ED0 (0x01F59593) slli a1, a1, 31
x11 <- 0x0000000080000000
mem[X,0x0000000080004ED4] -> 0x0113
mem[X,0x0000000080004ED6] -> 0x0000
[686] [M]: 0x0000000080004ED4 (0x00000113) addi sp, zero, 0
x2 <- 0x0000000000000000
mem[X,0x0000000080004ED8] -> 0x006F
mem[X,0x0000000080004EDA] -> 0x0180
[687] [M]: 0x0000000080004ED8 (0x0180006F) jal zero, 24
mem[X,0x0000000080004EF0] -> 0x16E3
mem[X,0x0000000080004EF2] -> 0xFEB5
[688] [M]: 0x0000000080004EF0 (0xFEB516E3) bne a0, a1, 8172
mem[X,0x0000000080004EDC] -> 0x0113
mem[X,0x0000000080004EDE] -> 0x0011
[689] [M]: 0x0000000080004EDC (0x00110113) addi sp, sp, 1
x2 <- 0x0000000000000001
mem[X,0x0000000080004EE0] -> 0x006F
mem[X,0x0000000080004EE2] -> 0x0240
[690] [M]: 0x0000000080004EE0 (0x0240006F) jal zero, 36
mem[X,0x0000000080004F04] -> 0xB823
mem[X,0x0000000080004F06] -> 0x0620
[691] [M]: 0x0000000080004F04 (0x0620B823) sd sp, 112(ra)
mem[0x0000000080045248] <- 0x0000000000000001
mem[X,0x0000000080004F08] -> 0x0513
mem[X,0x0000000080004F0A] -> 0x0010
[692] [M]: 0x0000000080004F08 (0x00100513) addi a0, zero, 1
x10 <- 0x0000000000000001
mem[X,0x0000000080004F0C] -> 0x1513
mem[X,0x0000000080004F0E] -> 0x02B5
[693] [M]: 0x0000000080004F0C (0x02B51513) slli a0, a0, 43
x10 <- 0x0000080000000000
mem[X,0x0000000080004F10] -> 0x0593
mem[X,0x0000000080004F12] -> 0x0010
[694] [M]: 0x0000000080004F10 (0x00100593) addi a1, zero, 1
x11 <- 0x0000000000000001
mem[X,0x0000000080004F14] -> 0x9593
mem[X,0x0000000080004F16] -> 0x0205
[695] [M]: 0x0000000080004F14 (0x02059593) slli a1, a1, 32
x11 <- 0x0000000100000000
mem[X,0x0000000080004F18] -> 0x0113
mem[X,0x0000000080004F1A] -> 0x0000
[696] [M]: 0x0000000080004F18 (0x00000113) addi sp, zero, 0
x2 <- 0x0000000000000000
mem[X,0x0000000080004F1C] -> 0x006F
mem[X,0x0000000080004F1E] -> 0x00C0
[697] [M]: 0x0000000080004F1C (0x00C0006F) jal zero, 12
mem[X,0x0000000080004F28] -> 0x1CE3
mem[X,0x0000000080004F2A] -> 0xFEB5
[698] [M]: 0x0000000080004F28 (0xFEB51CE3) bne a0, a1, 8184
mem[X,0x0000000080004F20] -> 0x0113
mem[X,0x0000000080004F22] -> 0x0011
[699] [M]: 0x0000000080004F20 (0x00110113) addi sp, sp, 1
x2 <- 0x0000000000000001
clint::tick mtime <- 0x0000000000000007
 clint timer pending at mtime 0x0000000000000007
htif::tick 0x0000000000000000
mem[X,0x0000000080004F24] -> 0x006F
mem[X,0x0000000080004F26] -> 0x0180
[700] [M]: 0x0000000080004F24 (0x0180006F) jal zero, 24
mem[X,0x0000000080004F3C] -> 0xBC23
mem[X,0x0000000080004F3E] -> 0x0620
[701] [M]: 0x0000000080004F3C (0x0620BC23) sd sp, 120(ra)
mem[0x0000000080045250] <- 0x0000000000000001
mem[X,0x0000000080004F40] -> 0x0513
mem[X,0x0000000080004F42] -> 0x0010
[702] [M]: 0x0000000080004F40 (0x00100513) addi a0, zero, 1
x10 <- 0x0000000000000001
mem[X,0x0000000080004F44] -> 0x1513
mem[X,0x0000000080004F46] -> 0x0115
[703] [M]: 0x0000000080004F44 (0x01151513) slli a0, a0, 17
x10 <- 0x0000000000020000
mem[X,0x0000000080004F48] -> 0x4513
mem[X,0x0000000080004F4A] -> 0xFFF5
[704] [M]: 0x0000000080004F48 (0xFFF54513) xori a0, a0, 4095
x10 <- 0xFFFFFFFFFFFDFFFF
mem[X,0x0000000080004F4C] -> 0x0593
mem[X,0x0000000080004F4E] -> 0x0010
[705] [M]: 0x0000000080004F4C (0x00100593) addi a1, zero, 1
x11 <- 0x0000000000000001
mem[X,0x0000000080004F50] -> 0x9593
mem[X,0x0000000080004F52] -> 0x0215
[706] [M]: 0x0000000080004F50 (0x02159593) slli a1, a1, 33
x11 <- 0x0000000200000000
mem[X,0x0000000080004F54] -> 0x0113
mem[X,0x0000000080004F56] -> 0x0000
[707] [M]: 0x0000000080004F54 (0x00000113) addi sp, zero, 0
x2 <- 0x0000000000000000
mem[X,0x0000000080004F58] -> 0x006F
mem[X,0x0000000080004F5A] -> 0x00C0
[708] [M]: 0x0000000080004F58 (0x00C0006F) jal zero, 12
mem[X,0x0000000080004F64] -> 0x1663
mem[X,0x0000000080004F66] -> 0x00B5
[709] [M]: 0x0000000080004F64 (0x00B51663) bne a0, a1, 12
mem[X,0x0000000080004F70] -> 0x0113
mem[X,0x0000000080004F72] -> 0x0031
[710] [M]: 0x0000000080004F70 (0x00310113) addi sp, sp, 3
x2 <- 0x0000000000000003
mem[X,0x0000000080004F74] -> 0x006F
mem[X,0x0000000080004F76] -> 0x0040
[711] [M]: 0x0000000080004F74 (0x0040006F) jal zero, 4
mem[X,0x0000000080004F78] -> 0xB023
mem[X,0x0000000080004F7A] -> 0x0820
[712] [M]: 0x0000000080004F78 (0x0820B023) sd sp, 128(ra)
mem[0x0000000080045258] <- 0x0000000000000003
mem[X,0x0000000080004F7C] -> 0x0513
mem[X,0x0000000080004F7E] -> 0xFFF0
[713] [M]: 0x0000000080004F7C (0xFFF00513) addi a0, zero, 4095
x10 <- 0xFFFFFFFFFFFFFFFF
mem[X,0x0000000080004F80] -> 0x1513
mem[X,0x0000000080004F82] -> 0x03F5
[714] [M]: 0x0000000080004F80 (0x03F51513) slli a0, a0, 63
x10 <- 0x8000000000000000
mem[X,0x0000000080004F84] -> 0x0593
mem[X,0x0000000080004F86] -> 0x0010
[715] [M]: 0x0000000080004F84 (0x00100593) addi a1, zero, 1
x11 <- 0x0000000000000001
mem[X,0x0000000080004F88] -> 0x9593
mem[X,0x0000000080004F8A] -> 0x0225
[716] [M]: 0x0000000080004F88 (0x02259593) slli a1, a1, 34
x11 <- 0x0000000400000000
mem[X,0x0000000080004F8C] -> 0x0113
mem[X,0x0000000080004F8E] -> 0x0000
[717] [M]: 0x0000000080004F8C (0x00000113) addi sp, zero, 0
x2 <- 0x0000000000000000
mem[X,0x0000000080004F90] -> 0x006F
mem[X,0x0000000080004F92] -> 0x00C0
[718] [M]: 0x0000000080004F90 (0x00C0006F) jal zero, 12
mem[X,0x0000000080004F9C] -> 0x1063
mem[X,0x0000000080004F9E] -> 0x02B5
[719] [M]: 0x0000000080004F9C (0x02B51063) bne a0, a1, 32
mem[X,0x0000000080004FBC] -> 0x0113
mem[X,0x0000000080004FBE] -> 0x0031
[720] [M]: 0x0000000080004FBC (0x00310113) addi sp, sp, 3
x2 <- 0x0000000000000003
mem[X,0x0000000080004FC0] -> 0x006F
mem[X,0x0000000080004FC2] -> 0x0040
[721] [M]: 0x0000000080004FC0 (0x0040006F) jal zero, 4
mem[X,0x0000000080004FC4] -> 0xB423
mem[X,0x0000000080004FC6] -> 0x0820
[722] [M]: 0x0000000080004FC4 (0x0820B423) sd sp, 136(ra)
mem[0x0000000080045260] <- 0x0000000000000003
mem[X,0x0000000080004FC8] -> 0x0513
mem[X,0x0000000080004FCA] -> 0x0010
[723] [M]: 0x0000000080004FC8 (0x00100513) addi a0, zero, 1
x10 <- 0x0000000000000001
mem[X,0x0000000080004FCC] -> 0x1513
mem[X,0x0000000080004FCE] -> 0x0265
[724] [M]: 0x0000000080004FCC (0x02651513) slli a0, a0, 38
x10 <- 0x0000004000000000
mem[X,0x0000000080004FD0] -> 0x0593
mem[X,0x0000000080004FD2] -> 0x0010
[725] [M]: 0x0000000080004FD0 (0x00100593) addi a1, zero, 1
x11 <- 0x0000000000000001
mem[X,0x0000000080004FD4] -> 0x9593
mem[X,0x0000000080004FD6] -> 0x0235
[726] [M]: 0x0000000080004FD4 (0x02359593) slli a1, a1, 35
x11 <- 0x0000000800000000
mem[X,0x0000000080004FD8] -> 0x0113
mem[X,0x0000000080004FDA] -> 0x0000
[727] [M]: 0x0000000080004FD8 (0x00000113) addi sp, zero, 0
x2 <- 0x0000000000000000
mem[X,0x0000000080004FDC] -> 0x006F
mem[X,0x0000000080004FDE] -> 0x00C0
[728] [M]: 0x0000000080004FDC (0x00C0006F) jal zero, 12
mem[X,0x0000000080004FE8] -> 0x1CE3
mem[X,0x0000000080004FEA] -> 0xFEB5
[729] [M]: 0x0000000080004FE8 (0xFEB51CE3) bne a0, a1, 8184
mem[X,0x0000000080004FE0] -> 0x0113
mem[X,0x0000000080004FE2] -> 0x0011
[730] [M]: 0x0000000080004FE0 (0x00110113) addi sp, sp, 1
x2 <- 0x0000000000000001
mem[X,0x0000000080004FE4] -> 0x006F
mem[X,0x0000000080004FE6] -> 0x0180
[731] [M]: 0x0000000080004FE4 (0x0180006F) jal zero, 24
mem[X,0x0000000080004FFC] -> 0xB823
mem[X,0x0000000080004FFE] -> 0x0820
[732] [M]: 0x0000000080004FFC (0x0820B823) sd sp, 144(ra)
mem[0x0000000080045268] <- 0x0000000000000001
mem[X,0x0000000080005000] -> 0x0513
mem[X,0x0000000080005002] -> 0xFFB0
[733] [M]: 0x0000000080005000 (0xFFB00513) addi a0, zero, 4091
x10 <- 0xFFFFFFFFFFFFFFFB
mem[X,0x0000000080005004] -> 0x0593
mem[X,0x0000000080005006] -> 0x0010
[734] [M]: 0x0000000080005004 (0x00100593) addi a1, zero, 1
x11 <- 0x0000000000000001
mem[X,0x0000000080005008] -> 0x9593
mem[X,0x000000008000500A] -> 0x0245
[735] [M]: 0x0000000080005008 (0x02459593) slli a1, a1, 36
x11 <- 0x0000001000000000
mem[X,0x000000008000500C] -> 0x0113
mem[X,0x000000008000500E] -> 0x0000
[736] [M]: 0x000000008000500C (0x00000113) addi sp, zero, 0
x2 <- 0x0000000000000000
mem[X,0x0000000080005010] -> 0x006F
mem[X,0x0000000080005012] -> 0x00C0
[737] [M]: 0x0000000080005010 (0x00C0006F) jal zero, 12
mem[X,0x000000008000501C] -> 0x1863
mem[X,0x000000008000501E] -> 0x00B5
[738] [M]: 0x000000008000501C (0x00B51863) bne a0, a1, 16
mem[X,0x000000008000502C] -> 0x0113
mem[X,0x000000008000502E] -> 0x0031
[739] [M]: 0x000000008000502C (0x00310113) addi sp, sp, 3
x2 <- 0x0000000000000003
mem[X,0x0000000080005030] -> 0x006F
mem[X,0x0000000080005032] -> 0x0040
[740] [M]: 0x0000000080005030 (0x0040006F) jal zero, 4
mem[X,0x0000000080005034] -> 0xBC23
mem[X,0x0000000080005036] -> 0x0820
[741] [M]: 0x0000000080005034 (0x0820BC23) sd sp, 152(ra)
mem[0x0000000080045270] <- 0x0000000000000003
mem[X,0x0000000080005038] -> 0x5537
mem[X,0x000000008000503A] -> 0x5555
[742] [M]: 0x0000000080005038 (0x55555537) lui a0, 349525
x10 <- 0x0000000055555000
mem[X,0x000000008000503C] -> 0x0513
mem[X,0x000000008000503E] -> 0x5555
[743] [M]: 0x000000008000503C (0x55550513) addi a0, a0, 1365
x10 <- 0x0000000055555555
mem[X,0x0000000080005040] -> 0x1513
mem[X,0x0000000080005042] -> 0x00B5
[744] [M]: 0x0000000080005040 (0x00B51513) slli a0, a0, 11
x10 <- 0x000002AAAAAAA800
mem[X,0x0000000080005044] -> 0x0513
mem[X,0x0000000080005046] -> 0x2AA5
[745] [M]: 0x0000000080005044 (0x2AA50513) addi a0, a0, 682
x10 <- 0x000002AAAAAAAAAA
mem[X,0x0000000080005048] -> 0x1513
mem[X,0x000000008000504A] -> 0x00B5
[746] [M]: 0x0000000080005048 (0x00B51513) slli a0, a0, 11
x10 <- 0x0015555555555000
mem[X,0x000000008000504C] -> 0x0513
mem[X,0x000000008000504E] -> 0x5555
[747] [M]: 0x000000008000504C (0x55550513) addi a0, a0, 1365
x10 <- 0x0015555555555555
mem[X,0x0000000080005050] -> 0x1513
mem[X,0x0000000080005052] -> 0x00A5
[748] [M]: 0x0000000080005050 (0x00A51513) slli a0, a0, 10
x10 <- 0x5555555555555400
mem[X,0x0000000080005054] -> 0x0513
mem[X,0x0000000080005056] -> 0x1545
[749] [M]: 0x0000000080005054 (0x15450513) addi a0, a0, 340
x10 <- 0x5555555555555554
mem[X,0x0000000080005058] -> 0x0593
mem[X,0x000000008000505A] -> 0x0010
[750] [M]: 0x0000000080005058 (0x00100593) addi a1, zero, 1
x11 <- 0x0000000000000001
mem[X,0x000000008000505C] -> 0x9593
mem[X,0x000000008000505E] -> 0x0255
[751] [M]: 0x000000008000505C (0x02559593) slli a1, a1, 37
x11 <- 0x0000002000000000
mem[X,0x0000000080005060] -> 0x0113
mem[X,0x0000000080005062] -> 0x0000
[752] [M]: 0x0000000080005060 (0x00000113) addi sp, zero, 0
x2 <- 0x0000000000000000
mem[X,0x0000000080005064] -> 0x006F
mem[X,0x0000000080005066] -> 0x00C0
[753] [M]: 0x0000000080005064 (0x00C0006F) jal zero, 12
mem[X,0x0000000080005070] -> 0x1663
mem[X,0x0000000080005072] -> 0x00B5
[754] [M]: 0x0000000080005070 (0x00B51663) bne a0, a1, 12
mem[X,0x000000008000507C] -> 0x0113
mem[X,0x000000008000507E] -> 0x0031
[755] [M]: 0x000000008000507C (0x00310113) addi sp, sp, 3
x2 <- 0x0000000000000003
mem[X,0x0000000080005080] -> 0x006F
mem[X,0x0000000080005082] -> 0x0040
[756] [M]: 0x0000000080005080 (0x0040006F) jal zero, 4
mem[X,0x0000000080005084] -> 0xB023
mem[X,0x0000000080005086] -> 0x0A20
[757] [M]: 0x0000000080005084 (0x0A20B023) sd sp, 160(ra)
mem[0x0000000080045278] <- 0x0000000000000003
mem[X,0x0000000080005088] -> 0x0513
mem[X,0x000000008000508A] -> 0x0000
[758] [M]: 0x0000000080005088 (0x00000513) addi a0, zero, 0
x10 <- 0x0000000000000000
mem[X,0x000000008000508C] -> 0x0593
mem[X,0x000000008000508E] -> 0x0010
[759] [M]: 0x000000008000508C (0x00100593) addi a1, zero, 1
x11 <- 0x0000000000000001
mem[X,0x0000000080005090] -> 0x9593
mem[X,0x0000000080005092] -> 0x0275
[760] [M]: 0x0000000080005090 (0x02759593) slli a1, a1, 39
x11 <- 0x0000008000000000
mem[X,0x0000000080005094] -> 0x0113
mem[X,0x0000000080005096] -> 0x0000
[761] [M]: 0x0000000080005094 (0x00000113) addi sp, zero, 0
x2 <- 0x0000000000000000
mem[X,0x0000000080005098] -> 0x006F
mem[X,0x000000008000509A] -> 0x00C0
[762] [M]: 0x0000000080005098 (0x00C0006F) jal zero, 12
mem[X,0x00000000800050A4] -> 0x1CE3
mem[X,0x00000000800050A6] -> 0xFEB5
[763] [M]: 0x00000000800050A4 (0xFEB51CE3) bne a0, a1, 8184
mem[X,0x000000008000509C] -> 0x0113
mem[X,0x000000008000509E] -> 0x0011
[764] [M]: 0x000000008000509C (0x00110113) addi sp, sp, 1
x2 <- 0x0000000000000001
mem[X,0x00000000800050A0] -> 0x006F
mem[X,0x00000000800050A2] -> 0x0180
[765] [M]: 0x00000000800050A0 (0x0180006F) jal zero, 24
mem[X,0x00000000800050B8] -> 0xB423
mem[X,0x00000000800050BA] -> 0x0A20
[766] [M]: 0x00000000800050B8 (0x0A20B423) sd sp, 168(ra)
mem[0x0000000080045280] <- 0x0000000000000001
mem[X,0x00000000800050BC] -> 0x0513
mem[X,0x00000000800050BE] -> 0xFFF0
[767] [M]: 0x00000000800050BC (0xFFF00513) addi a0, zero, 4095
x10 <- 0xFFFFFFFFFFFFFFFF
mem[X,0x00000000800050C0] -> 0x0593
mem[X,0x00000000800050C2] -> 0x0010
[768] [M]: 0x00000000800050C0 (0x00100593) addi a1, zero, 1
x11 <- 0x0000000000000001
mem[X,0x00000000800050C4] -> 0x9593
mem[X,0x00000000800050C6] -> 0x0285
[769] [M]: 0x00000000800050C4 (0x02859593) slli a1, a1, 40
x11 <- 0x0000010000000000
mem[X,0x00000000800050C8] -> 0x0113
mem[X,0x00000000800050CA] -> 0x0000
[770] [M]: 0x00000000800050C8 (0x00000113) addi sp, zero, 0
x2 <- 0x0000000000000000
mem[X,0x00000000800050CC] -> 0x006F
mem[X,0x00000000800050CE] -> 0x00C0
[771] [M]: 0x00000000800050CC (0x00C0006F) jal zero, 12
mem[X,0x00000000800050D8] -> 0x1063
mem[X,0x00000000800050DA] -> 0x04B5
[772] [M]: 0x00000000800050D8 (0x04B51063) bne a0, a1, 64
mem[X,0x0000000080005118] -> 0x0113
mem[X,0x000000008000511A] -> 0x0031
[773] [M]: 0x0000000080005118 (0x00310113) addi sp, sp, 3
x2 <- 0x0000000000000003
mem[X,0x000000008000511C] -> 0x006F
mem[X,0x000000008000511E] -> 0x0040
[774] [M]: 0x000000008000511C (0x0040006F) jal zero, 4
mem[X,0x0000000080005120] -> 0xB823
mem[X,0x0000000080005122] -> 0x0A20
[775] [M]: 0x0000000080005120 (0x0A20B823) sd sp, 176(ra)
mem[0x0000000080045288] <- 0x0000000000000003
mem[X,0x0000000080005124] -> 0x0513
mem[X,0x0000000080005126] -> 0x0010
[776] [M]: 0x0000000080005124 (0x00100513) addi a0, zero, 1
x10 <- 0x0000000000000001
mem[X,0x0000000080005128] -> 0x1513
mem[X,0x000000008000512A] -> 0x01E5
[777] [M]: 0x0000000080005128 (0x01E51513) slli a0, a0, 30
x10 <- 0x0000000040000000
mem[X,0x000000008000512C] -> 0x0593
mem[X,0x000000008000512E] -> 0x0010
[778] [M]: 0x000000008000512C (0x00100593) addi a1, zero, 1
x11 <- 0x0000000000000001
mem[X,0x0000000080005130] -> 0x9593
mem[X,0x0000000080005132] -> 0x0295
[779] [M]: 0x0000000080005130 (0x02959593) slli a1, a1, 41
x11 <- 0x0000020000000000
mem[X,0x0000000080005134] -> 0x0113
mem[X,0x0000000080005136] -> 0x0000
[780] [M]: 0x0000000080005134 (0x00000113) addi sp, zero, 0
x2 <- 0x0000000000000000
mem[X,0x0000000080005138] -> 0x006F
mem[X,0x000000008000513A] -> 0x00C0
[781] [M]: 0x0000000080005138 (0x00C0006F) jal zero, 12
mem[X,0x0000000080005144] -> 0x1CE3
mem[X,0x0000000080005146] -> 0xFEB5
[782] [M]: 0x0000000080005144 (0xFEB51CE3) bne a0, a1, 8184
mem[X,0x000000008000513C] -> 0x0113
mem[X,0x000000008000513E] -> 0x0011
[783] [M]: 0x000000008000513C (0x00110113) addi sp, sp, 1
x2 <- 0x0000000000000001
mem[X,0x0000000080005140] -> 0x006F
mem[X,0x0000000080005142] -> 0x0180
[784] [M]: 0x0000000080005140 (0x0180006F) jal zero, 24
mem[X,0x0000000080005158] -> 0xBC23
mem[X,0x000000008000515A] -> 0x0A20
[785] [M]: 0x0000000080005158 (0x0A20BC23) sd sp, 184(ra)
mem[0x0000000080045290] <- 0x0000000000000001
mem[X,0x000000008000515C] -> 0x0513
mem[X,0x000000008000515E] -> 0xBFF0
[786] [M]: 0x000000008000515C (0xBFF00513) addi a0, zero, 3071
x10 <- 0xFFFFFFFFFFFFFBFF
mem[X,0x0000000080005160] -> 0x0593
mem[X,0x0000000080005162] -> 0x0010
[787] [M]: 0x0000000080005160 (0x00100593) addi a1, zero, 1
x11 <- 0x0000000000000001
mem[X,0x0000000080005164] -> 0x9593
mem[X,0x0000000080005166] -> 0x02A5
[788] [M]: 0x0000000080005164 (0x02A59593) slli a1, a1, 42
x11 <- 0x0000040000000000
mem[X,0x0000000080005168] -> 0x0113
mem[X,0x000000008000516A] -> 0x0000
[789] [M]: 0x0000000080005168 (0x00000113) addi sp, zero, 0
x2 <- 0x0000000000000000
mem[X,0x000000008000516C] -> 0x006F
mem[X,0x000000008000516E] -> 0x00C0
[790] [M]: 0x000000008000516C (0x00C0006F) jal zero, 12
mem[X,0x0000000080005178] -> 0x1CE3
mem[X,0x000000008000517A] -> 0xFEB5
[791] [M]: 0x0000000080005178 (0xFEB51CE3) bne a0, a1, 8184
mem[X,0x0000000080005170] -> 0x0113
mem[X,0x0000000080005172] -> 0x0011
[792] [M]: 0x0000000080005170 (0x00110113) addi sp, sp, 1
x2 <- 0x0000000000000001
mem[X,0x0000000080005174] -> 0x006F
mem[X,0x0000000080005176] -> 0x0180
[793] [M]: 0x0000000080005174 (0x0180006F) jal zero, 24
mem[X,0x000000008000518C] -> 0xB023
mem[X,0x000000008000518E] -> 0x0C20
[794] [M]: 0x000000008000518C (0x0C20B023) sd sp, 192(ra)
mem[0x0000000080045298] <- 0x0000000000000001
mem[X,0x0000000080005190] -> 0x0513
mem[X,0x0000000080005192] -> 0x0050
[795] [M]: 0x0000000080005190 (0x00500513) addi a0, zero, 5
x10 <- 0x0000000000000005
mem[X,0x0000000080005194] -> 0x0593
mem[X,0x0000000080005196] -> 0x0010
[796] [M]: 0x0000000080005194 (0x00100593) addi a1, zero, 1
x11 <- 0x0000000000000001
mem[X,0x0000000080005198] -> 0x9593
mem[X,0x000000008000519A] -> 0x02B5
[797] [M]: 0x0000000080005198 (0x02B59593) slli a1, a1, 43
x11 <- 0x0000080000000000
mem[X,0x000000008000519C] -> 0x0113
mem[X,0x000000008000519E] -> 0x0000
[798] [M]: 0x000000008000519C (0x00000113) addi sp, zero, 0
x2 <- 0x0000000000000000
mem[X,0x00000000800051A0] -> 0x006F
mem[X,0x00000000800051A2] -> 0x0180
[799] [M]: 0x00000000800051A0 (0x0180006F) jal zero, 24
clint::tick mtime <- 0x0000000000000008
 clint timer pending at mtime 0x0000000000000008
htif::tick 0x0000000000000000
mem[X,0x00000000800051B8] -> 0x16E3
mem[X,0x00000000800051BA] -> 0xFEB5
[800] [M]: 0x00000000800051B8 (0xFEB516E3) bne a0, a1, 8172
mem[X,0x00000000800051A4] -> 0x0113
mem[X,0x00000000800051A6] -> 0x0011
[801] [M]: 0x00000000800051A4 (0x00110113) addi sp, sp, 1
x2 <- 0x0000000000000001
mem[X,0x00000000800051A8] -> 0x006F
mem[X,0x00000000800051AA] -> 0x0240
[802] [M]: 0x00000000800051A8 (0x0240006F) jal zero, 36
mem[X,0x00000000800051CC] -> 0xB423
mem[X,0x00000000800051CE] -> 0x0C20
[803] [M]: 0x00000000800051CC (0x0C20B423) sd sp, 200(ra)
mem[0x00000000800452A0] <- 0x0000000000000001
mem[X,0x00000000800051D0] -> 0x0513
mem[X,0x00000000800051D2] -> 0x0010
[804] [M]: 0x00000000800051D0 (0x00100513) addi a0, zero, 1
x10 <- 0x0000000000000001
mem[X,0x00000000800051D4] -> 0x1513
mem[X,0x00000000800051D6] -> 0x0175
[805] [M]: 0x00000000800051D4 (0x01751513) slli a0, a0, 23
x10 <- 0x0000000000800000
mem[X,0x00000000800051D8] -> 0x0593
mem[X,0x00000000800051DA] -> 0x0010
[806] [M]: 0x00000000800051D8 (0x00100593) addi a1, zero, 1
x11 <- 0x0000000000000001
mem[X,0x00000000800051DC] -> 0x9593
mem[X,0x00000000800051DE] -> 0x02C5
[807] [M]: 0x00000000800051DC (0x02C59593) slli a1, a1, 44
x11 <- 0x0000100000000000
mem[X,0x00000000800051E0] -> 0x0113
mem[X,0x00000000800051E2] -> 0x0000
[808] [M]: 0x00000000800051E0 (0x00000113) addi sp, zero, 0
x2 <- 0x0000000000000000
mem[X,0x00000000800051E4] -> 0x006F
mem[X,0x00000000800051E6] -> 0x00C0
[809] [M]: 0x00000000800051E4 (0x00C0006F) jal zero, 12
mem[X,0x00000000800051F0] -> 0x1663
mem[X,0x00000000800051F2] -> 0x00B5
[810] [M]: 0x00000000800051F0 (0x00B51663) bne a0, a1, 12
mem[X,0x00000000800051FC] -> 0x0113
mem[X,0x00000000800051FE] -> 0x0031
[811] [M]: 0x00000000800051FC (0x00310113) addi sp, sp, 3
x2 <- 0x0000000000000003
mem[X,0x0000000080005200] -> 0x006F
mem[X,0x0000000080005202] -> 0x0040
[812] [M]: 0x0000000080005200 (0x0040006F) jal zero, 4
mem[X,0x0000000080005204] -> 0xB823
mem[X,0x0000000080005206] -> 0x0C20
[813] [M]: 0x0000000080005204 (0x0C20B823) sd sp, 208(ra)
mem[0x00000000800452A8] <- 0x0000000000000003
mem[X,0x0000000080005208] -> 0x0513
mem[X,0x000000008000520A] -> 0x0010
[814] [M]: 0x0000000080005208 (0x00100513) addi a0, zero, 1
x10 <- 0x0000000000000001
mem[X,0x000000008000520C] -> 0x1513
mem[X,0x000000008000520E] -> 0x0335
[815] [M]: 0x000000008000520C (0x03351513) slli a0, a0, 51
x10 <- 0x0008000000000000
mem[X,0x0000000080005210] -> 0x4513
mem[X,0x0000000080005212] -> 0xFFF5
[816] [M]: 0x0000000080005210 (0xFFF54513) xori a0, a0, 4095
x10 <- 0xFFF7FFFFFFFFFFFF
mem[X,0x0000000080005214] -> 0x0593
mem[X,0x0000000080005216] -> 0x0010
[817] [M]: 0x0000000080005214 (0x00100593) addi a1, zero, 1
x11 <- 0x0000000000000001
mem[X,0x0000000080005218] -> 0x9593
mem[X,0x000000008000521A] -> 0x02D5
[818] [M]: 0x0000000080005218 (0x02D59593) slli a1, a1, 45
x11 <- 0x0000200000000000
mem[X,0x000000008000521C] -> 0x0113
mem[X,0x000000008000521E] -> 0x0000
[819] [M]: 0x000000008000521C (0x00000113) addi sp, zero, 0
x2 <- 0x0000000000000000
mem[X,0x0000000080005220] -> 0x006F
mem[X,0x0000000080005222] -> 0x00C0
[820] [M]: 0x0000000080005220 (0x00C0006F) jal zero, 12
mem[X,0x000000008000522C] -> 0x1063
mem[X,0x000000008000522E] -> 0x10B5
[821] [M]: 0x000000008000522C (0x10B51063) bne a0, a1, 256
mem[X,0x000000008000532C] -> 0x0113
mem[X,0x000000008000532E] -> 0x0031
[822] [M]: 0x000000008000532C (0x00310113) addi sp, sp, 3
x2 <- 0x0000000000000003
mem[X,0x0000000080005330] -> 0x006F
mem[X,0x0000000080005332] -> 0x0040
[823] [M]: 0x0000000080005330 (0x0040006F) jal zero, 4
mem[X,0x0000000080005334] -> 0xBC23
mem[X,0x0000000080005336] -> 0x0C20
[824] [M]: 0x0000000080005334 (0x0C20BC23) sd sp, 216(ra)
mem[0x00000000800452B0] <- 0x0000000000000003
mem[X,0x0000000080005338] -> 0x0513
mem[X,0x000000008000533A] -> 0x0010
[825] [M]: 0x0000000080005338 (0x00100513) addi a0, zero, 1
x10 <- 0x0000000000000001
mem[X,0x000000008000533C] -> 0x1513
mem[X,0x000000008000533E] -> 0x0385
[826] [M]: 0x000000008000533C (0x03851513) slli a0, a0, 56
x10 <- 0x0100000000000000
mem[X,0x0000000080005340] -> 0x0593
mem[X,0x0000000080005342] -> 0x0010
[827] [M]: 0x0000000080005340 (0x00100593) addi a1, zero, 1
x11 <- 0x0000000000000001
mem[X,0x0000000080005344] -> 0x9593
mem[X,0x0000000080005346] -> 0x02F5
[828] [M]: 0x0000000080005344 (0x02F59593) slli a1, a1, 47
x11 <- 0x0000800000000000
mem[X,0x0000000080005348] -> 0x0113
mem[X,0x000000008000534A] -> 0x0000
[829] [M]: 0x0000000080005348 (0x00000113) addi sp, zero, 0
x2 <- 0x0000000000000000
mem[X,0x000000008000534C] -> 0x006F
mem[X,0x000000008000534E] -> 0x00C0
[830] [M]: 0x000000008000534C (0x00C0006F) jal zero, 12
mem[X,0x0000000080005358] -> 0x1063
mem[X,0x000000008000535A] -> 0x20B5
[831] [M]: 0x0000000080005358 (0x20B51063) bne a0, a1, 512
mem[X,0x0000000080005558] -> 0x0113
mem[X,0x000000008000555A] -> 0x0031
[832] [M]: 0x0000000080005558 (0x00310113) addi sp, sp, 3
x2 <- 0x0000000000000003
mem[X,0x000000008000555C] -> 0x006F
mem[X,0x000000008000555E] -> 0x0040
[833] [M]: 0x000000008000555C (0x0040006F) jal zero, 4
mem[X,0x0000000080005560] -> 0xB023
mem[X,0x0000000080005562] -> 0x0E20
[834] [M]: 0x0000000080005560 (0x0E20B023) sd sp, 224(ra)
mem[0x00000000800452B8] <- 0x0000000000000003
mem[X,0x0000000080005564] -> 0x0513
mem[X,0x0000000080005566] -> 0x0010
[835] [M]: 0x0000000080005564 (0x00100513) addi a0, zero, 1
x10 <- 0x0000000000000001
mem[X,0x0000000080005568] -> 0x1513
mem[X,0x000000008000556A] -> 0x0305
[836] [M]: 0x0000000080005568 (0x03051513) slli a0, a0, 48
x10 <- 0x0001000000000000
mem[X,0x000000008000556C] -> 0x0593
mem[X,0x000000008000556E] -> 0x0010
[837] [M]: 0x000000008000556C (0x00100593) addi a1, zero, 1
x11 <- 0x0000000000000001
mem[X,0x0000000080005570] -> 0x9593
mem[X,0x0000000080005572] -> 0x0305
[838] [M]: 0x0000000080005570 (0x03059593) slli a1, a1, 48
x11 <- 0x0001000000000000
mem[X,0x0000000080005574] -> 0x0113
mem[X,0x0000000080005576] -> 0x0000
[839] [M]: 0x0000000080005574 (0x00000113) addi sp, zero, 0
x2 <- 0x0000000000000000
mem[X,0x0000000080005578] -> 0x006F
mem[X,0x000000008000557A] -> 0x0050
[840] [M]: 0x0000000080005578 (0x0050006F) jal zero, 2052
mem[X,0x0000000080005D7C] -> 0x10E3
mem[X,0x0000000080005D7E] -> 0x80B5
[841] [M]: 0x0000000080005D7C (0x80B510E3) bne a0, a1, 6144
mem[X,0x0000000080005D80] -> 0x0113
mem[X,0x0000000080005D82] -> 0x0021
[842] [M]: 0x0000000080005D80 (0x00210113) addi sp, sp, 2
x2 <- 0x0000000000000002
mem[X,0x0000000080005D84] -> 0x006F
mem[X,0x0000000080005D86] -> 0x00C0
[843] [M]: 0x0000000080005D84 (0x00C0006F) jal zero, 12
mem[X,0x0000000080005D90] -> 0xB423
mem[X,0x0000000080005D92] -> 0x0E20
[844] [M]: 0x0000000080005D90 (0x0E20B423) sd sp, 232(ra)
mem[0x00000000800452C0] <- 0x0000000000000002
mem[X,0x0000000080005D94] -> 0x0513
mem[X,0x0000000080005D96] -> 0x0000
[845] [M]: 0x0000000080005D94 (0x00000513) addi a0, zero, 0
x10 <- 0x0000000000000000
mem[X,0x0000000080005D98] -> 0x0593
mem[X,0x0000000080005D9A] -> 0x0010
[846] [M]: 0x0000000080005D98 (0x00100593) addi a1, zero, 1
x11 <- 0x0000000000000001
mem[X,0x0000000080005D9C] -> 0x9593
mem[X,0x0000000080005D9E] -> 0x0325
[847] [M]: 0x0000000080005D9C (0x03259593) slli a1, a1, 50
x11 <- 0x0004000000000000
mem[X,0x0000000080005DA0] -> 0x0113
mem[X,0x0000000080005DA2] -> 0x0000
[848] [M]: 0x0000000080005DA0 (0x00000113) addi sp, zero, 0
x2 <- 0x0000000000000000
mem[X,0x0000000080005DA4] -> 0x006F
mem[X,0x0000000080005DA6] -> 0x00C0
[849] [M]: 0x0000000080005DA4 (0x00C0006F) jal zero, 12
mem[X,0x0000000080005DB0] -> 0x1663
mem[X,0x0000000080005DB2] -> 0x00B5
[850] [M]: 0x0000000080005DB0 (0x00B51663) bne a0, a1, 12
mem[X,0x0000000080005DBC] -> 0x0113
mem[X,0x0000000080005DBE] -> 0x0031
[851] [M]: 0x0000000080005DBC (0x00310113) addi sp, sp, 3
x2 <- 0x0000000000000003
mem[X,0x0000000080005DC0] -> 0x006F
mem[X,0x0000000080005DC2] -> 0x0040
[852] [M]: 0x0000000080005DC0 (0x0040006F) jal zero, 4
mem[X,0x0000000080005DC4] -> 0xB823
mem[X,0x0000000080005DC6] -> 0x0E20
[853] [M]: 0x0000000080005DC4 (0x0E20B823) sd sp, 240(ra)
mem[0x00000000800452C8] <- 0x0000000000000003
mem[X,0x0000000080005DC8] -> 0x0513
mem[X,0x0000000080005DCA] -> 0x0010
[854] [M]: 0x0000000080005DC8 (0x00100513) addi a0, zero, 1
x10 <- 0x0000000000000001
mem[X,0x0000000080005DCC] -> 0x1513
mem[X,0x0000000080005DCE] -> 0x03E5
[855] [M]: 0x0000000080005DCC (0x03E51513) slli a0, a0, 62
x10 <- 0x4000000000000000
mem[X,0x0000000080005DD0] -> 0x0593
mem[X,0x0000000080005DD2] -> 0x0010
[856] [M]: 0x0000000080005DD0 (0x00100593) addi a1, zero, 1
x11 <- 0x0000000000000001
mem[X,0x0000000080005DD4] -> 0x9593
mem[X,0x0000000080005DD6] -> 0x0335
[857] [M]: 0x0000000080005DD4 (0x03359593) slli a1, a1, 51
x11 <- 0x0008000000000000
mem[X,0x0000000080005DD8] -> 0x0113
mem[X,0x0000000080005DDA] -> 0x0000
[858] [M]: 0x0000000080005DD8 (0x00000113) addi sp, zero, 0
x2 <- 0x0000000000000000
mem[X,0x0000000080005DDC] -> 0x006F
mem[X,0x0000000080005DDE] -> 0x00C0
[859] [M]: 0x0000000080005DDC (0x00C0006F) jal zero, 12
mem[X,0x0000000080005DE8] -> 0x1863
mem[X,0x0000000080005DEA] -> 0x00B5
[860] [M]: 0x0000000080005DE8 (0x00B51863) bne a0, a1, 16
mem[X,0x0000000080005DF8] -> 0x0113
mem[X,0x0000000080005DFA] -> 0x0031
[861] [M]: 0x0000000080005DF8 (0x00310113) addi sp, sp, 3
x2 <- 0x0000000000000003
mem[X,0x0000000080005DFC] -> 0x006F
mem[X,0x0000000080005DFE] -> 0x0040
[862] [M]: 0x0000000080005DFC (0x0040006F) jal zero, 4
mem[X,0x0000000080005E00] -> 0xBC23
mem[X,0x0000000080005E02] -> 0x0E20
[863] [M]: 0x0000000080005E00 (0x0E20BC23) sd sp, 248(ra)
mem[0x00000000800452D0] <- 0x0000000000000003
mem[X,0x0000000080005E04] -> 0x0513
mem[X,0x0000000080005E06] -> 0x0010
[864] [M]: 0x0000000080005E04 (0x00100513) addi a0, zero, 1
x10 <- 0x0000000000000001
mem[X,0x0000000080005E08] -> 0x1513
mem[X,0x0000000080005E0A] -> 0x0135
[865] [M]: 0x0000000080005E08 (0x01351513) slli a0, a0, 19
x10 <- 0x0000000000080000
mem[X,0x0000000080005E0C] -> 0x0593
mem[X,0x0000000080005E0E] -> 0x0010
[866] [M]: 0x0000000080005E0C (0x00100593) addi a1, zero, 1
x11 <- 0x0000000000000001
mem[X,0x0000000080005E10] -> 0x9593
mem[X,0x0000000080005E12] -> 0x0345
[867] [M]: 0x0000000080005E10 (0x03459593) slli a1, a1, 52
x11 <- 0x0010000000000000
mem[X,0x0000000080005E14] -> 0x0113
mem[X,0x0000000080005E16] -> 0x0000
[868] [M]: 0x0000000080005E14 (0x00000113) addi sp, zero, 0
x2 <- 0x0000000000000000
mem[X,0x0000000080005E18] -> 0x006F
mem[X,0x0000000080005E1A] -> 0x00C0
[869] [M]: 0x0000000080005E18 (0x00C0006F) jal zero, 12
mem[X,0x0000000080005E24] -> 0x1663
mem[X,0x0000000080005E26] -> 0x00B5
[870] [M]: 0x0000000080005E24 (0x00B51663) bne a0, a1, 12
mem[X,0x0000000080005E30] -> 0x0113
mem[X,0x0000000080005E32] -> 0x0031
[871] [M]: 0x0000000080005E30 (0x00310113) addi sp, sp, 3
x2 <- 0x0000000000000003
mem[X,0x0000000080005E34] -> 0x006F
mem[X,0x0000000080005E36] -> 0x0040
[872] [M]: 0x0000000080005E34 (0x0040006F) jal zero, 4
mem[X,0x0000000080005E38] -> 0xB023
mem[X,0x0000000080005E3A] -> 0x1020
[873] [M]: 0x0000000080005E38 (0x1020B023) sd sp, 256(ra)
mem[0x00000000800452D8] <- 0x0000000000000003
mem[X,0x0000000080005E3C] -> 0x0513
mem[X,0x0000000080005E3E] -> 0x0010
[874] [M]: 0x0000000080005E3C (0x00100513) addi a0, zero, 1
x10 <- 0x0000000000000001
mem[X,0x0000000080005E40] -> 0x1513
mem[X,0x0000000080005E42] -> 0x0375
[875] [M]: 0x0000000080005E40 (0x03751513) slli a0, a0, 55
x10 <- 0x0080000000000000
mem[X,0x0000000080005E44] -> 0x4513
mem[X,0x0000000080005E46] -> 0xFFF5
[876] [M]: 0x0000000080005E44 (0xFFF54513) xori a0, a0, 4095
x10 <- 0xFF7FFFFFFFFFFFFF
mem[X,0x0000000080005E48] -> 0x0593
mem[X,0x0000000080005E4A] -> 0x0010
[877] [M]: 0x0000000080005E48 (0x00100593) addi a1, zero, 1
x11 <- 0x0000000000000001
mem[X,0x0000000080005E4C] -> 0x9593
mem[X,0x0000000080005E4E] -> 0x0355
[878] [M]: 0x0000000080005E4C (0x03559593) slli a1, a1, 53
x11 <- 0x0020000000000000
mem[X,0x0000000080005E50] -> 0x0113
mem[X,0x0000000080005E52] -> 0x0000
[879] [M]: 0x0000000080005E50 (0x00000113) addi sp, zero, 0
x2 <- 0x0000000000000000
mem[X,0x0000000080005E54] -> 0x006F
mem[X,0x0000000080005E56] -> 0x00C0
[880] [M]: 0x0000000080005E54 (0x00C0006F) jal zero, 12
mem[X,0x0000000080005E60] -> 0x1663
mem[X,0x0000000080005E62] -> 0x00B5
[881] [M]: 0x0000000080005E60 (0x00B51663) bne a0, a1, 12
mem[X,0x0000000080005E6C] -> 0x0113
mem[X,0x0000000080005E6E] -> 0x0031
[882] [M]: 0x0000000080005E6C (0x00310113) addi sp, sp, 3
x2 <- 0x0000000000000003
mem[X,0x0000000080005E70] -> 0x006F
mem[X,0x0000000080005E72] -> 0x0040
[883] [M]: 0x0000000080005E70 (0x0040006F) jal zero, 4
mem[X,0x0000000080005E74] -> 0xB423
mem[X,0x0000000080005E76] -> 0x1020
[884] [M]: 0x0000000080005E74 (0x1020B423) sd sp, 264(ra)
mem[0x00000000800452E0] <- 0x0000000000000003
mem[X,0x0000000080005E78] -> 0x0513
mem[X,0x0000000080005E7A] -> 0x0010
[885] [M]: 0x0000000080005E78 (0x00100513) addi a0, zero, 1
x10 <- 0x0000000000000001
mem[X,0x0000000080005E7C] -> 0x1513
mem[X,0x0000000080005E7E] -> 0x01B5
[886] [M]: 0x0000000080005E7C (0x01B51513) slli a0, a0, 27
x10 <- 0x0000000008000000
mem[X,0x0000000080005E80] -> 0x0593
mem[X,0x0000000080005E82] -> 0x0010
[887] [M]: 0x0000000080005E80 (0x00100593) addi a1, zero, 1
x11 <- 0x0000000000000001
mem[X,0x0000000080005E84] -> 0x9593
mem[X,0x0000000080005E86] -> 0x0365
[888] [M]: 0x0000000080005E84 (0x03659593) slli a1, a1, 54
x11 <- 0x0040000000000000
mem[X,0x0000000080005E88] -> 0x0113
mem[X,0x0000000080005E8A] -> 0x0000
[889] [M]: 0x0000000080005E88 (0x00000113) addi sp, zero, 0
x2 <- 0x0000000000000000
mem[X,0x0000000080005E8C] -> 0x006F
mem[X,0x0000000080005E8E] -> 0x00C0
[890] [M]: 0x0000000080005E8C (0x00C0006F) jal zero, 12
mem[X,0x0000000080005E98] -> 0x1863
mem[X,0x0000000080005E9A] -> 0x00B5
[891] [M]: 0x0000000080005E98 (0x00B51863) bne a0, a1, 16
mem[X,0x0000000080005EA8] -> 0x0113
mem[X,0x0000000080005EAA] -> 0x0031
[892] [M]: 0x0000000080005EA8 (0x00310113) addi sp, sp, 3
x2 <- 0x0000000000000003
mem[X,0x0000000080005EAC] -> 0x006F
mem[X,0x0000000080005EAE] -> 0x0040
[893] [M]: 0x0000000080005EAC (0x0040006F) jal zero, 4
mem[X,0x0000000080005EB0] -> 0xB823
mem[X,0x0000000080005EB2] -> 0x1020
[894] [M]: 0x0000000080005EB0 (0x1020B823) sd sp, 272(ra)
mem[0x00000000800452E8] <- 0x0000000000000003
mem[X,0x0000000080005EB4] -> 0x0513
mem[X,0x0000000080005EB6] -> 0x0010
[895] [M]: 0x0000000080005EB4 (0x00100513) addi a0, zero, 1
x10 <- 0x0000000000000001
mem[X,0x0000000080005EB8] -> 0x1513
mem[X,0x0000000080005EBA] -> 0x0155
[896] [M]: 0x0000000080005EB8 (0x01551513) slli a0, a0, 21
x10 <- 0x0000000000200000
mem[X,0x0000000080005EBC] -> 0x0593
mem[X,0x0000000080005EBE] -> 0x0010
[897] [M]: 0x0000000080005EBC (0x00100593) addi a1, zero, 1
x11 <- 0x0000000000000001
mem[X,0x0000000080005EC0] -> 0x9593
mem[X,0x0000000080005EC2] -> 0x0375
[898] [M]: 0x0000000080005EC0 (0x03759593) slli a1, a1, 55
x11 <- 0x0080000000000000
mem[X,0x0000000080005EC4] -> 0x0113
mem[X,0x0000000080005EC6] -> 0x0000
[899] [M]: 0x0000000080005EC4 (0x00000113) addi sp, zero, 0
x2 <- 0x0000000000000000
clint::tick mtime <- 0x0000000000000009
 clint timer pending at mtime 0x0000000000000009
htif::tick 0x0000000000000000
mem[X,0x0000000080005EC8] -> 0x006F
mem[X,0x0000000080005ECA] -> 0x00C0
[900] [M]: 0x0000000080005EC8 (0x00C0006F) jal zero, 12
mem[X,0x0000000080005ED4] -> 0x1CE3
mem[X,0x0000000080005ED6] -> 0xFEB5
[901] [M]: 0x0000000080005ED4 (0xFEB51CE3) bne a0, a1, 8184
mem[X,0x0000000080005ECC] -> 0x0113
mem[X,0x0000000080005ECE] -> 0x0011
[902] [M]: 0x0000000080005ECC (0x00110113) addi sp, sp, 1
x2 <- 0x0000000000000001
mem[X,0x0000000080005ED0] -> 0x006F
mem[X,0x0000000080005ED2] -> 0x0180
[903] [M]: 0x0000000080005ED0 (0x0180006F) jal zero, 24
mem[X,0x0000000080005EE8] -> 0xBC23
mem[X,0x0000000080005EEA] -> 0x1020
[904] [M]: 0x0000000080005EE8 (0x1020BC23) sd sp, 280(ra)
mem[0x00000000800452F0] <- 0x0000000000000001
mem[X,0x0000000080005EEC] -> 0x0513
mem[X,0x0000000080005EEE] -> 0x0030
[905] [M]: 0x0000000080005EEC (0x00300513) addi a0, zero, 3
x10 <- 0x0000000000000003
mem[X,0x0000000080005EF0] -> 0x0593
mem[X,0x0000000080005EF2] -> 0x0010
[906] [M]: 0x0000000080005EF0 (0x00100593) addi a1, zero, 1
x11 <- 0x0000000000000001
mem[X,0x0000000080005EF4] -> 0x9593
mem[X,0x0000000080005EF6] -> 0x0385
[907] [M]: 0x0000000080005EF4 (0x03859593) slli a1, a1, 56
x11 <- 0x0100000000000000
mem[X,0x0000000080005EF8] -> 0x0113
mem[X,0x0000000080005EFA] -> 0x0000
[908] [M]: 0x0000000080005EF8 (0x00000113) addi sp, zero, 0
x2 <- 0x0000000000000000
mem[X,0x0000000080005EFC] -> 0x006F
mem[X,0x0000000080005EFE] -> 0x2B10
[909] [M]: 0x0000000080005EFC (0x2B10006F) jal zero, 2736
mem[X,0x00000000800069AC] -> 0x1A63
mem[X,0x00000000800069AE] -> 0xD4B5
[910] [M]: 0x00000000800069AC (0xD4B51A63) bne a0, a1, 5460
mem[X,0x0000000080005F00] -> 0x0113
mem[X,0x0000000080005F02] -> 0x0011
[911] [M]: 0x0000000080005F00 (0x00110113) addi sp, sp, 1
x2 <- 0x0000000000000001
mem[X,0x0000000080005F04] -> 0x006F
mem[X,0x0000000080005F06] -> 0x2BD0
[912] [M]: 0x0000000080005F04 (0x2BD0006F) jal zero, 2748
mem[X,0x00000000800069C0] -> 0xB023
mem[X,0x00000000800069C2] -> 0x1220
[913] [M]: 0x00000000800069C0 (0x1220B023) sd sp, 288(ra)
mem[0x00000000800452F8] <- 0x0000000000000001
mem[X,0x00000000800069C4] -> 0x0513
mem[X,0x00000000800069C6] -> 0x0060
[914] [M]: 0x00000000800069C4 (0x00600513) addi a0, zero, 6
x10 <- 0x0000000000000006
mem[X,0x00000000800069C8] -> 0x0593
mem[X,0x00000000800069CA] -> 0x0010
[915] [M]: 0x00000000800069C8 (0x00100593) addi a1, zero, 1
x11 <- 0x0000000000000001
mem[X,0x00000000800069CC] -> 0x9593
mem[X,0x00000000800069CE] -> 0x0395
[916] [M]: 0x00000000800069CC (0x03959593) slli a1, a1, 57
x11 <- 0x0200000000000000
mem[X,0x00000000800069D0] -> 0x0113
mem[X,0x00000000800069D2] -> 0x0000
[917] [M]: 0x00000000800069D0 (0x00000113) addi sp, zero, 0
x2 <- 0x0000000000000000
mem[X,0x00000000800069D4] -> 0x006F
mem[X,0x00000000800069D6] -> 0x00C0
[918] [M]: 0x00000000800069D4 (0x00C0006F) jal zero, 12
mem[X,0x00000000800069E0] -> 0x1863
mem[X,0x00000000800069E2] -> 0x00B5
[919] [M]: 0x00000000800069E0 (0x00B51863) bne a0, a1, 16
mem[X,0x00000000800069F0] -> 0x0113
mem[X,0x00000000800069F2] -> 0x0031
[920] [M]: 0x00000000800069F0 (0x00310113) addi sp, sp, 3
x2 <- 0x0000000000000003
mem[X,0x00000000800069F4] -> 0x006F
mem[X,0x00000000800069F6] -> 0x0040
[921] [M]: 0x00000000800069F4 (0x0040006F) jal zero, 4
mem[X,0x00000000800069F8] -> 0xB423
mem[X,0x00000000800069FA] -> 0x1220
[922] [M]: 0x00000000800069F8 (0x1220B423) sd sp, 296(ra)
mem[0x0000000080045300] <- 0x0000000000000003
mem[X,0x00000000800069FC] -> 0x0513
mem[X,0x00000000800069FE] -> 0x0100
[923] [M]: 0x00000000800069FC (0x01000513) addi a0, zero, 16
x10 <- 0x0000000000000010
mem[X,0x0000000080006A00] -> 0x0593
mem[X,0x0000000080006A02] -> 0x0010
[924] [M]: 0x0000000080006A00 (0x00100593) addi a1, zero, 1
x11 <- 0x0000000000000001
mem[X,0x0000000080006A04] -> 0x9593
mem[X,0x0000000080006A06] -> 0x03A5
[925] [M]: 0x0000000080006A04 (0x03A59593) slli a1, a1, 58
x11 <- 0x0400000000000000
mem[X,0x0000000080006A08] -> 0x0113
mem[X,0x0000000080006A0A] -> 0x0000
[926] [M]: 0x0000000080006A08 (0x00000113) addi sp, zero, 0
x2 <- 0x0000000000000000
mem[X,0x0000000080006A0C] -> 0x006F
mem[X,0x0000000080006A0E] -> 0x00C0
[927] [M]: 0x0000000080006A0C (0x00C0006F) jal zero, 12
mem[X,0x0000000080006A18] -> 0x1063
mem[X,0x0000000080006A1A] -> 0x10B5
[928] [M]: 0x0000000080006A18 (0x10B51063) bne a0, a1, 256
mem[X,0x0000000080006B18] -> 0x0113
mem[X,0x0000000080006B1A] -> 0x0031
[929] [M]: 0x0000000080006B18 (0x00310113) addi sp, sp, 3
x2 <- 0x0000000000000003
mem[X,0x0000000080006B1C] -> 0x006F
mem[X,0x0000000080006B1E] -> 0x0040
[930] [M]: 0x0000000080006B1C (0x0040006F) jal zero, 4
mem[X,0x0000000080006B20] -> 0xB823
mem[X,0x0000000080006B22] -> 0x1220
[931] [M]: 0x0000000080006B20 (0x1220B823) sd sp, 304(ra)
mem[0x0000000080045308] <- 0x0000000000000003
mem[X,0x0000000080006B24] -> 0x3537
mem[X,0x0000000080006B26] -> 0x3333
[932] [M]: 0x0000000080006B24 (0x33333537) lui a0, 209715
x10 <- 0x0000000033333000
mem[X,0x0000000080006B28] -> 0x0513
mem[X,0x0000000080006B2A] -> 0x3335
[933] [M]: 0x0000000080006B28 (0x33350513) addi a0, a0, 819
x10 <- 0x0000000033333333
mem[X,0x0000000080006B2C] -> 0x1513
mem[X,0x0000000080006B2E] -> 0x00B5
[934] [M]: 0x0000000080006B2C (0x00B51513) slli a0, a0, 11
x10 <- 0x0000019999999800
mem[X,0x0000000080006B30] -> 0x0513
mem[X,0x0000000080006B32] -> 0x1995
[935] [M]: 0x0000000080006B30 (0x19950513) addi a0, a0, 409
x10 <- 0x0000019999999999
mem[X,0x0000000080006B34] -> 0x1513
mem[X,0x0000000080006B36] -> 0x00B5
[936] [M]: 0x0000000080006B34 (0x00B51513) slli a0, a0, 11
x10 <- 0x000CCCCCCCCCC800
mem[X,0x0000000080006B38] -> 0x0513
mem[X,0x0000000080006B3A] -> 0x4CC5
[937] [M]: 0x0000000080006B38 (0x4CC50513) addi a0, a0, 1228
x10 <- 0x000CCCCCCCCCCCCC
mem[X,0x0000000080006B3C] -> 0x1513
mem[X,0x0000000080006B3E] -> 0x00A5
[938] [M]: 0x0000000080006B3C (0x00A51513) slli a0, a0, 10
x10 <- 0x3333333333333000
mem[X,0x0000000080006B40] -> 0x0513
mem[X,0x0000000080006B42] -> 0x3345
[939] [M]: 0x0000000080006B40 (0x33450513) addi a0, a0, 820
x10 <- 0x3333333333333334
mem[X,0x0000000080006B44] -> 0x0593
mem[X,0x0000000080006B46] -> 0x0010
[940] [M]: 0x0000000080006B44 (0x00100593) addi a1, zero, 1
x11 <- 0x0000000000000001
mem[X,0x0000000080006B48] -> 0x9593
mem[X,0x0000000080006B4A] -> 0x03B5
[941] [M]: 0x0000000080006B48 (0x03B59593) slli a1, a1, 59
x11 <- 0x0800000000000000
mem[X,0x0000000080006B4C] -> 0x0113
mem[X,0x0000000080006B4E] -> 0x0000
[942] [M]: 0x0000000080006B4C (0x00000113) addi sp, zero, 0
x2 <- 0x0000000000000000
mem[X,0x0000000080006B50] -> 0x006F
mem[X,0x0000000080006B52] -> 0x00C0
[943] [M]: 0x0000000080006B50 (0x00C0006F) jal zero, 12
mem[X,0x0000000080006B5C] -> 0x1063
mem[X,0x0000000080006B5E] -> 0x20B5
[944] [M]: 0x0000000080006B5C (0x20B51063) bne a0, a1, 512
mem[X,0x0000000080006D5C] -> 0x0113
mem[X,0x0000000080006D5E] -> 0x0031
[945] [M]: 0x0000000080006D5C (0x00310113) addi sp, sp, 3
x2 <- 0x0000000000000003
mem[X,0x0000000080006D60] -> 0x006F
mem[X,0x0000000080006D62] -> 0x0040
[946] [M]: 0x0000000080006D60 (0x0040006F) jal zero, 4
mem[X,0x0000000080006D64] -> 0xBC23
mem[X,0x0000000080006D66] -> 0x1220
[947] [M]: 0x0000000080006D64 (0x1220BC23) sd sp, 312(ra)
mem[0x0000000080045310] <- 0x0000000000000003
mem[X,0x0000000080006D68] -> 0x0513
mem[X,0x0000000080006D6A] -> 0x0010
[948] [M]: 0x0000000080006D68 (0x00100513) addi a0, zero, 1
x10 <- 0x0000000000000001
mem[X,0x0000000080006D6C] -> 0x1513
mem[X,0x0000000080006D6E] -> 0x00F5
[949] [M]: 0x0000000080006D6C (0x00F51513) slli a0, a0, 15
x10 <- 0x0000000000008000
mem[X,0x0000000080006D70] -> 0x0593
mem[X,0x0000000080006D72] -> 0x0010
[950] [M]: 0x0000000080006D70 (0x00100593) addi a1, zero, 1
x11 <- 0x0000000000000001
mem[X,0x0000000080006D74] -> 0x9593
mem[X,0x0000000080006D76] -> 0x03C5
[951] [M]: 0x0000000080006D74 (0x03C59593) slli a1, a1, 60
x11 <- 0x1000000000000000
mem[X,0x0000000080006D78] -> 0x0113
mem[X,0x0000000080006D7A] -> 0x0000
[952] [M]: 0x0000000080006D78 (0x00000113) addi sp, zero, 0
x2 <- 0x0000000000000000
mem[X,0x0000000080006D7C] -> 0x006F
mem[X,0x0000000080006D7E] -> 0x00C0
[953] [M]: 0x0000000080006D7C (0x00C0006F) jal zero, 12
mem[X,0x0000000080006D88] -> 0x1063
mem[X,0x0000000080006D8A] -> 0x40B5
[954] [M]: 0x0000000080006D88 (0x40B51063) bne a0, a1, 1024
mem[X,0x0000000080007188] -> 0x0113
mem[X,0x000000008000718A] -> 0x0031
[955] [M]: 0x0000000080007188 (0x00310113) addi sp, sp, 3
x2 <- 0x0000000000000003
mem[X,0x000000008000718C] -> 0x006F
mem[X,0x000000008000718E] -> 0x0040
[956] [M]: 0x000000008000718C (0x0040006F) jal zero, 4
mem[X,0x0000000080007190] -> 0xB023
mem[X,0x0000000080007192] -> 0x1420
[957] [M]: 0x0000000080007190 (0x1420B023) sd sp, 320(ra)
mem[0x0000000080045318] <- 0x0000000000000003
mem[X,0x0000000080007194] -> 0x0513
mem[X,0x0000000080007196] -> 0x0010
[958] [M]: 0x0000000080007194 (0x00100513) addi a0, zero, 1
x10 <- 0x0000000000000001
mem[X,0x0000000080007198] -> 0x1513
mem[X,0x000000008000719A] -> 0x0355
[959] [M]: 0x0000000080007198 (0x03551513) slli a0, a0, 53
x10 <- 0x0020000000000000
mem[X,0x000000008000719C] -> 0x0593
mem[X,0x000000008000719E] -> 0x0010
[960] [M]: 0x000000008000719C (0x00100593) addi a1, zero, 1
x11 <- 0x0000000000000001
mem[X,0x00000000800071A0] -> 0x9593
mem[X,0x00000000800071A2] -> 0x03D5
[961] [M]: 0x00000000800071A0 (0x03D59593) slli a1, a1, 61
x11 <- 0x2000000000000000
mem[X,0x00000000800071A4] -> 0x0113
mem[X,0x00000000800071A6] -> 0x0000
[962] [M]: 0x00000000800071A4 (0x00000113) addi sp, zero, 0
x2 <- 0x0000000000000000
mem[X,0x00000000800071A8] -> 0x006F
mem[X,0x00000000800071AA] -> 0x00C0
[963] [M]: 0x00000000800071A8 (0x00C0006F) jal zero, 12
mem[X,0x00000000800071B4] -> 0x1663
mem[X,0x00000000800071B6] -> 0x00B5
[964] [M]: 0x00000000800071B4 (0x00B51663) bne a0, a1, 12
mem[X,0x00000000800071C0] -> 0x0113
mem[X,0x00000000800071C2] -> 0x0031
[965] [M]: 0x00000000800071C0 (0x00310113) addi sp, sp, 3
x2 <- 0x0000000000000003
mem[X,0x00000000800071C4] -> 0x006F
mem[X,0x00000000800071C6] -> 0x0040
[966] [M]: 0x00000000800071C4 (0x0040006F) jal zero, 4
mem[X,0x00000000800071C8] -> 0xB423
mem[X,0x00000000800071CA] -> 0x1420
[967] [M]: 0x00000000800071C8 (0x1420B423) sd sp, 328(ra)
mem[0x0000000080045320] <- 0x0000000000000003
mem[X,0x00000000800071CC] -> 0x5537
mem[X,0x00000000800071CE] -> 0x5555
[968] [M]: 0x00000000800071CC (0x55555537) lui a0, 349525
x10 <- 0x0000000055555000
mem[X,0x00000000800071D0] -> 0x0513
mem[X,0x00000000800071D2] -> 0x5555
[969] [M]: 0x00000000800071D0 (0x55550513) addi a0, a0, 1365
x10 <- 0x0000000055555555
mem[X,0x00000000800071D4] -> 0x1513
mem[X,0x00000000800071D6] -> 0x00B5
[970] [M]: 0x00000000800071D4 (0x00B51513) slli a0, a0, 11
x10 <- 0x000002AAAAAAA800
mem[X,0x00000000800071D8] -> 0x0513
mem[X,0x00000000800071DA] -> 0x2AA5
[971] [M]: 0x00000000800071D8 (0x2AA50513) addi a0, a0, 682
x10 <- 0x000002AAAAAAAAAA
mem[X,0x00000000800071DC] -> 0x1513
mem[X,0x00000000800071DE] -> 0x00B5
[972] [M]: 0x00000000800071DC (0x00B51513) slli a0, a0, 11
x10 <- 0x0015555555555000
mem[X,0x00000000800071E0] -> 0x0513
mem[X,0x00000000800071E2] -> 0x5555
[973] [M]: 0x00000000800071E0 (0x55550513) addi a0, a0, 1365
x10 <- 0x0015555555555555
mem[X,0x00000000800071E4] -> 0x1513
mem[X,0x00000000800071E6] -> 0x00A5
[974] [M]: 0x00000000800071E4 (0x00A51513) slli a0, a0, 10
x10 <- 0x5555555555555400
mem[X,0x00000000800071E8] -> 0x0513
mem[X,0x00000000800071EA] -> 0x1555
[975] [M]: 0x00000000800071E8 (0x15550513) addi a0, a0, 341
x10 <- 0x5555555555555555
mem[X,0x00000000800071EC] -> 0x0593
mem[X,0x00000000800071EE] -> 0x0010
[976] [M]: 0x00000000800071EC (0x00100593) addi a1, zero, 1
x11 <- 0x0000000000000001
mem[X,0x00000000800071F0] -> 0x9593
mem[X,0x00000000800071F2] -> 0x03E5
[977] [M]: 0x00000000800071F0 (0x03E59593) slli a1, a1, 62
x11 <- 0x4000000000000000
mem[X,0x00000000800071F4] -> 0x0113
mem[X,0x00000000800071F6] -> 0x0000
[978] [M]: 0x00000000800071F4 (0x00000113) addi sp, zero, 0
x2 <- 0x0000000000000000
mem[X,0x00000000800071F8] -> 0x006F
mem[X,0x00000000800071FA] -> 0x00C0
[979] [M]: 0x00000000800071F8 (0x00C0006F) jal zero, 12
mem[X,0x0000000080007204] -> 0x1663
mem[X,0x0000000080007206] -> 0x00B5
[980] [M]: 0x0000000080007204 (0x00B51663) bne a0, a1, 12
mem[X,0x0000000080007210] -> 0x0113
mem[X,0x0000000080007212] -> 0x0031
[981] [M]: 0x0000000080007210 (0x00310113) addi sp, sp, 3
x2 <- 0x0000000000000003
mem[X,0x0000000080007214] -> 0x006F
mem[X,0x0000000080007216] -> 0x0040
[982] [M]: 0x0000000080007214 (0x0040006F) jal zero, 4
mem[X,0x0000000080007218] -> 0xB823
mem[X,0x000000008000721A] -> 0x1420
[983] [M]: 0x0000000080007218 (0x1420B823) sd sp, 336(ra)
mem[0x0000000080045328] <- 0x0000000000000003
mem[X,0x000000008000721C] -> 0x0513
mem[X,0x000000008000721E] -> 0xFBF0
[984] [M]: 0x000000008000721C (0xFBF00513) addi a0, zero, 4031
x10 <- 0xFFFFFFFFFFFFFFBF
mem[X,0x0000000080007220] -> 0x0593
mem[X,0x0000000080007222] -> 0xFFF0
[985] [M]: 0x0000000080007220 (0xFFF00593) addi a1, zero, 4095
x11 <- 0xFFFFFFFFFFFFFFFF
mem[X,0x0000000080007224] -> 0x9593
mem[X,0x0000000080007226] -> 0x03F5
[986] [M]: 0x0000000080007224 (0x03F59593) slli a1, a1, 63
x11 <- 0x8000000000000000
mem[X,0x0000000080007228] -> 0x0113
mem[X,0x000000008000722A] -> 0x0000
[987] [M]: 0x0000000080007228 (0x00000113) addi sp, zero, 0
x2 <- 0x0000000000000000
mem[X,0x000000008000722C] -> 0x006F
mem[X,0x000000008000722E] -> 0x00C0
[988] [M]: 0x000000008000722C (0x00C0006F) jal zero, 12
mem[X,0x0000000080007238] -> 0x1063
mem[X,0x000000008000723A] -> 0x20B5
[989] [M]: 0x0000000080007238 (0x20B51063) bne a0, a1, 512
mem[X,0x0000000080007438] -> 0x0113
mem[X,0x000000008000743A] -> 0x0031
[990] [M]: 0x0000000080007438 (0x00310113) addi sp, sp, 3
x2 <- 0x0000000000000003
mem[X,0x000000008000743C] -> 0x006F
mem[X,0x000000008000743E] -> 0x0040
[991] [M]: 0x000000008000743C (0x0040006F) jal zero, 4
mem[X,0x0000000080007440] -> 0xBC23
mem[X,0x0000000080007442] -> 0x1420
[992] [M]: 0x0000000080007440 (0x1420BC23) sd sp, 344(ra)
mem[0x0000000080045330] <- 0x0000000000000003
mem[X,0x0000000080007444] -> 0x0513
mem[X,0x0000000080007446] -> 0x0060
[993] [M]: 0x0000000080007444 (0x00600513) addi a0, zero, 6
x10 <- 0x0000000000000006
mem[X,0x0000000080007448] -> 0x0593
mem[X,0x000000008000744A] -> 0xFFE0
[994] [M]: 0x0000000080007448 (0xFFE00593) addi a1, zero, 4094
x11 <- 0xFFFFFFFFFFFFFFFE
mem[X,0x000000008000744C] -> 0x0113
mem[X,0x000000008000744E] -> 0x0000
[995] [M]: 0x000000008000744C (0x00000113) addi sp, zero, 0
x2 <- 0x0000000000000000
mem[X,0x0000000080007450] -> 0x006F
mem[X,0x0000000080007452] -> 0x00C0
[996] [M]: 0x0000000080007450 (0x00C0006F) jal zero, 12
mem[X,0x000000008000745C] -> 0x1663
mem[X,0x000000008000745E] -> 0x00B5
[997] [M]: 0x000000008000745C (0x00B51663) bne a0, a1, 12
mem[X,0x0000000080007468] -> 0x0113
mem[X,0x000000008000746A] -> 0x0031
[998] [M]: 0x0000000080007468 (0x00310113) addi sp, sp, 3
x2 <- 0x0000000000000003
mem[X,0x000000008000746C] -> 0x006F
mem[X,0x000000008000746E] -> 0x0040
[999] [M]: 0x000000008000746C (0x0040006F) jal zero, 4
clint::tick mtime <- 0x000000000000000A
 clint timer pending at mtime 0x000000000000000A
htif::tick 0x0000000000000000
mem[X,0x0000000080007470] -> 0xB023
mem[X,0x0000000080007472] -> 0x1620
[1000] [M]: 0x0000000080007470 (0x1620B023) sd sp, 352(ra)
mem[0x0000000080045338] <- 0x0000000000000003
mem[X,0x0000000080007474] -> 0x0513
mem[X,0x0000000080007476] -> 0x0010
[1001] [M]: 0x0000000080007474 (0x00100513) addi a0, zero, 1
x10 <- 0x0000000000000001
mem[X,0x0000000080007478] -> 0x1513
mem[X,0x000000008000747A] -> 0x0135
[1002] [M]: 0x0000000080007478 (0x01351513) slli a0, a0, 19
x10 <- 0x0000000000080000
mem[X,0x000000008000747C] -> 0x4513
mem[X,0x000000008000747E] -> 0xFFF5
[1003] [M]: 0x000000008000747C (0xFFF54513) xori a0, a0, 4095
x10 <- 0xFFFFFFFFFFF7FFFF
mem[X,0x0000000080007480] -> 0x0593
mem[X,0x0000000080007482] -> 0xFFD0
[1004] [M]: 0x0000000080007480 (0xFFD00593) addi a1, zero, 4093
x11 <- 0xFFFFFFFFFFFFFFFD
mem[X,0x0000000080007484] -> 0x0113
mem[X,0x0000000080007486] -> 0x0000
[1005] [M]: 0x0000000080007484 (0x00000113) addi sp, zero, 0
x2 <- 0x0000000000000000
mem[X,0x0000000080007488] -> 0x006F
mem[X,0x000000008000748A] -> 0x0050
[1006] [M]: 0x0000000080007488 (0x0050006F) jal zero, 2052
mem[X,0x0000000080007C8C] -> 0x10E3
mem[X,0x0000000080007C8E] -> 0x80B5
[1007] [M]: 0x0000000080007C8C (0x80B510E3) bne a0, a1, 6144
mem[X,0x000000008000748C] -> 0x0113
mem[X,0x000000008000748E] -> 0x0011
[1008] [M]: 0x000000008000748C (0x00110113) addi sp, sp, 1
x2 <- 0x0000000000000001
mem[X,0x0000000080007490] -> 0x006F
mem[X,0x0000000080007492] -> 0x0110
[1009] [M]: 0x0000000080007490 (0x0110006F) jal zero, 2064
mem[X,0x0000000080007CA0] -> 0xB423
mem[X,0x0000000080007CA2] -> 0x1620
[1010] [M]: 0x0000000080007CA0 (0x1620B423) sd sp, 360(ra)
mem[0x0000000080045340] <- 0x0000000000000001
mem[X,0x0000000080007CA4] -> 0x3537
mem[X,0x0000000080007CA6] -> 0x3333
[1011] [M]: 0x0000000080007CA4 (0x33333537) lui a0, 209715
x10 <- 0x0000000033333000
mem[X,0x0000000080007CA8] -> 0x0513
mem[X,0x0000000080007CAA] -> 0x3335
[1012] [M]: 0x0000000080007CA8 (0x33350513) addi a0, a0, 819
x10 <- 0x0000000033333333
mem[X,0x0000000080007CAC] -> 0x1513
mem[X,0x0000000080007CAE] -> 0x00B5
[1013] [M]: 0x0000000080007CAC (0x00B51513) slli a0, a0, 11
x10 <- 0x0000019999999800
mem[X,0x0000000080007CB0] -> 0x0513
mem[X,0x0000000080007CB2] -> 0x1995
[1014] [M]: 0x0000000080007CB0 (0x19950513) addi a0, a0, 409
x10 <- 0x0000019999999999
mem[X,0x0000000080007CB4] -> 0x1513
mem[X,0x0000000080007CB6] -> 0x00B5
[1015] [M]: 0x0000000080007CB4 (0x00B51513) slli a0, a0, 11
x10 <- 0x000CCCCCCCCCC800
mem[X,0x0000000080007CB8] -> 0x0513
mem[X,0x0000000080007CBA] -> 0x4CC5
[1016] [M]: 0x0000000080007CB8 (0x4CC50513) addi a0, a0, 1228
x10 <- 0x000CCCCCCCCCCCCC
mem[X,0x0000000080007CBC] -> 0x1513
mem[X,0x0000000080007CBE] -> 0x00A5
[1017] [M]: 0x0000000080007CBC (0x00A51513) slli a0, a0, 10
x10 <- 0x3333333333333000
mem[X,0x0000000080007CC0] -> 0x0513
mem[X,0x0000000080007CC2] -> 0x3345
[1018] [M]: 0x0000000080007CC0 (0x33450513) addi a0, a0, 820
x10 <- 0x3333333333333334
mem[X,0x0000000080007CC4] -> 0x0593
mem[X,0x0000000080007CC6] -> 0xFFB0
[1019] [M]: 0x0000000080007CC4 (0xFFB00593) addi a1, zero, 4091
x11 <- 0xFFFFFFFFFFFFFFFB
mem[X,0x0000000080007CC8] -> 0x0113
mem[X,0x0000000080007CCA] -> 0x0000
[1020] [M]: 0x0000000080007CC8 (0x00000113) addi sp, zero, 0
x2 <- 0x0000000000000000
mem[X,0x0000000080007CCC] -> 0x006F
mem[X,0x0000000080007CCE] -> 0x2B10
[1021] [M]: 0x0000000080007CCC (0x2B10006F) jal zero, 2736
mem[X,0x000000008000877C] -> 0x1A63
mem[X,0x000000008000877E] -> 0xD4B5
[1022] [M]: 0x000000008000877C (0xD4B51A63) bne a0, a1, 5460
mem[X,0x0000000080007CD0] -> 0x0113
mem[X,0x0000000080007CD2] -> 0x0011
[1023] [M]: 0x0000000080007CD0 (0x00110113) addi sp, sp, 1
x2 <- 0x0000000000000001
mem[X,0x0000000080007CD4] -> 0x006F
mem[X,0x0000000080007CD6] -> 0x2BD0
[1024] [M]: 0x0000000080007CD4 (0x2BD0006F) jal zero, 2748
mem[X,0x0000000080008790] -> 0xB823
mem[X,0x0000000080008792] -> 0x1620
[1025] [M]: 0x0000000080008790 (0x1620B823) sd sp, 368(ra)
mem[0x0000000080045348] <- 0x0000000000000001
mem[X,0x0000000080008794] -> 0x0513
mem[X,0x0000000080008796] -> 0x0010
[1026] [M]: 0x0000000080008794 (0x00100513) addi a0, zero, 1
x10 <- 0x0000000000000001
mem[X,0x0000000080008798] -> 0x1513
mem[X,0x000000008000879A] -> 0x0125
[1027] [M]: 0x0000000080008798 (0x01251513) slli a0, a0, 18
x10 <- 0x0000000000040000
mem[X,0x000000008000879C] -> 0x0593
mem[X,0x000000008000879E] -> 0xFF70
[1028] [M]: 0x000000008000879C (0xFF700593) addi a1, zero, 4087
x11 <- 0xFFFFFFFFFFFFFFF7
mem[X,0x00000000800087A0] -> 0x0113
mem[X,0x00000000800087A2] -> 0x0000
[1029] [M]: 0x00000000800087A0 (0x00000113) addi sp, zero, 0
x2 <- 0x0000000000000000
mem[X,0x00000000800087A4] -> 0x006F
mem[X,0x00000000800087A6] -> 0x0180
[1030] [M]: 0x00000000800087A4 (0x0180006F) jal zero, 24
mem[X,0x00000000800087BC] -> 0x16E3
mem[X,0x00000000800087BE] -> 0xFEB5
[1031] [M]: 0x00000000800087BC (0xFEB516E3) bne a0, a1, 8172
mem[X,0x00000000800087A8] -> 0x0113
mem[X,0x00000000800087AA] -> 0x0011
[1032] [M]: 0x00000000800087A8 (0x00110113) addi sp, sp, 1
x2 <- 0x0000000000000001
mem[X,0x00000000800087AC] -> 0x006F
mem[X,0x00000000800087AE] -> 0x0240
[1033] [M]: 0x00000000800087AC (0x0240006F) jal zero, 36
mem[X,0x00000000800087D0] -> 0xBC23
mem[X,0x00000000800087D2] -> 0x1620
[1034] [M]: 0x00000000800087D0 (0x1620BC23) sd sp, 376(ra)
mem[0x0000000080045350] <- 0x0000000000000001
mem[X,0x00000000800087D4] -> 0x0513
mem[X,0x00000000800087D6] -> 0x0010
[1035] [M]: 0x00000000800087D4 (0x00100513) addi a0, zero, 1
x10 <- 0x0000000000000001
mem[X,0x00000000800087D8] -> 0x1513
mem[X,0x00000000800087DA] -> 0x0335
[1036] [M]: 0x00000000800087D8 (0x03351513) slli a0, a0, 51
x10 <- 0x0008000000000000
mem[X,0x00000000800087DC] -> 0x0593
mem[X,0x00000000800087DE] -> 0xFEF0
[1037] [M]: 0x00000000800087DC (0xFEF00593) addi a1, zero, 4079
x11 <- 0xFFFFFFFFFFFFFFEF
mem[X,0x00000000800087E0] -> 0x0113
mem[X,0x00000000800087E2] -> 0x0000
[1038] [M]: 0x00000000800087E0 (0x00000113) addi sp, zero, 0
x2 <- 0x0000000000000000
mem[X,0x00000000800087E4] -> 0x006F
mem[X,0x00000000800087E6] -> 0x0050
[1039] [M]: 0x00000000800087E4 (0x0050006F) jal zero, 2052
mem[X,0x0000000080008FE8] -> 0x10E3
mem[X,0x0000000080008FEA] -> 0x80B5
[1040] [M]: 0x0000000080008FE8 (0x80B510E3) bne a0, a1, 6144
mem[X,0x00000000800087E8] -> 0x0113
mem[X,0x00000000800087EA] -> 0x0011
[1041] [M]: 0x00000000800087E8 (0x00110113) addi sp, sp, 1
x2 <- 0x0000000000000001
mem[X,0x00000000800087EC] -> 0x006F
mem[X,0x00000000800087EE] -> 0x0110
[1042] [M]: 0x00000000800087EC (0x0110006F) jal zero, 2064
mem[X,0x0000000080008FFC] -> 0xB023
mem[X,0x0000000080008FFE] -> 0x1820
[1043] [M]: 0x0000000080008FFC (0x1820B023) sd sp, 384(ra)
mem[0x0000000080045358] <- 0x0000000000000001
mem[X,0x0000000080009000] -> 0x0513
mem[X,0x0000000080009002] -> 0x0010
[1044] [M]: 0x0000000080009000 (0x00100513) addi a0, zero, 1
x10 <- 0x0000000000000001
mem[X,0x0000000080009004] -> 0x1513
mem[X,0x0000000080009006] -> 0x0135
[1045] [M]: 0x0000000080009004 (0x01351513) slli a0, a0, 19
x10 <- 0x0000000000080000
mem[X,0x0000000080009008] -> 0x4513
mem[X,0x000000008000900A] -> 0xFFF5
[1046] [M]: 0x0000000080009008 (0xFFF54513) xori a0, a0, 4095
x10 <- 0xFFFFFFFFFFF7FFFF
mem[X,0x000000008000900C] -> 0x0593
mem[X,0x000000008000900E] -> 0xFDF0
[1047] [M]: 0x000000008000900C (0xFDF00593) addi a1, zero, 4063
x11 <- 0xFFFFFFFFFFFFFFDF
mem[X,0x0000000080009010] -> 0x0113
mem[X,0x0000000080009012] -> 0x0000
[1048] [M]: 0x0000000080009010 (0x00000113) addi sp, zero, 0
x2 <- 0x0000000000000000
mem[X,0x0000000080009014] -> 0x006F
mem[X,0x0000000080009016] -> 0x00C0
[1049] [M]: 0x0000000080009014 (0x00C0006F) jal zero, 12
mem[X,0x0000000080009020] -> 0x1063
mem[X,0x0000000080009022] -> 0x08B5
[1050] [M]: 0x0000000080009020 (0x08B51063) bne a0, a1, 128
mem[X,0x00000000800090A0] -> 0x0113
mem[X,0x00000000800090A2] -> 0x0031
[1051] [M]: 0x00000000800090A0 (0x00310113) addi sp, sp, 3
x2 <- 0x0000000000000003
mem[X,0x00000000800090A4] -> 0x006F
mem[X,0x00000000800090A6] -> 0x0040
[1052] [M]: 0x00000000800090A4 (0x0040006F) jal zero, 4
mem[X,0x00000000800090A8] -> 0xB423
mem[X,0x00000000800090AA] -> 0x1820
[1053] [M]: 0x00000000800090A8 (0x1820B423) sd sp, 392(ra)
mem[0x0000000080045360] <- 0x0000000000000003
mem[X,0x00000000800090AC] -> 0x0513
mem[X,0x00000000800090AE] -> 0x0010
[1054] [M]: 0x00000000800090AC (0x00100513) addi a0, zero, 1
x10 <- 0x0000000000000001
mem[X,0x00000000800090B0] -> 0x0593
mem[X,0x00000000800090B2] -> 0xFBF0
[1055] [M]: 0x00000000800090B0 (0xFBF00593) addi a1, zero, 4031
x11 <- 0xFFFFFFFFFFFFFFBF
mem[X,0x00000000800090B4] -> 0x0113
mem[X,0x00000000800090B6] -> 0x0000
[1056] [M]: 0x00000000800090B4 (0x00000113) addi sp, zero, 0
x2 <- 0x0000000000000000
mem[X,0x00000000800090B8] -> 0x006F
mem[X,0x00000000800090BA] -> 0x2B10
[1057] [M]: 0x00000000800090B8 (0x2B10006F) jal zero, 2736
mem[X,0x0000000080009B68] -> 0x1A63
mem[X,0x0000000080009B6A] -> 0xD4B5
[1058] [M]: 0x0000000080009B68 (0xD4B51A63) bne a0, a1, 5460
mem[X,0x00000000800090BC] -> 0x0113
mem[X,0x00000000800090BE] -> 0x0011
[1059] [M]: 0x00000000800090BC (0x00110113) addi sp, sp, 1
x2 <- 0x0000000000000001
mem[X,0x00000000800090C0] -> 0x006F
mem[X,0x00000000800090C2] -> 0x2BD0
[1060] [M]: 0x00000000800090C0 (0x2BD0006F) jal zero, 2748
mem[X,0x0000000080009B7C] -> 0xB823
mem[X,0x0000000080009B7E] -> 0x1820
[1061] [M]: 0x0000000080009B7C (0x1820B823) sd sp, 400(ra)
mem[0x0000000080045368] <- 0x0000000000000001
mem[X,0x0000000080009B80] -> 0x0513
mem[X,0x0000000080009B82] -> 0x0010
[1062] [M]: 0x0000000080009B80 (0x00100513) addi a0, zero, 1
x10 <- 0x0000000000000001
mem[X,0x0000000080009B84] -> 0x1513
mem[X,0x0000000080009B86] -> 0x0275
[1063] [M]: 0x0000000080009B84 (0x02751513) slli a0, a0, 39
x10 <- 0x0000008000000000
mem[X,0x0000000080009B88] -> 0x0593
mem[X,0x0000000080009B8A] -> 0xF7F0
[1064] [M]: 0x0000000080009B88 (0xF7F00593) addi a1, zero, 3967
x11 <- 0xFFFFFFFFFFFFFF7F
mem[X,0x0000000080009B8C] -> 0x0113
mem[X,0x0000000080009B8E] -> 0x0000
[1065] [M]: 0x0000000080009B8C (0x00000113) addi sp, zero, 0
x2 <- 0x0000000000000000
mem[X,0x0000000080009B90] -> 0x006F
mem[X,0x0000000080009B92] -> 0x00C0
[1066] [M]: 0x0000000080009B90 (0x00C0006F) jal zero, 12
mem[X,0x0000000080009B9C] -> 0x1063
mem[X,0x0000000080009B9E] -> 0x10B5
[1067] [M]: 0x0000000080009B9C (0x10B51063) bne a0, a1, 256
mem[X,0x0000000080009C9C] -> 0x0113
mem[X,0x0000000080009C9E] -> 0x0031
[1068] [M]: 0x0000000080009C9C (0x00310113) addi sp, sp, 3
x2 <- 0x0000000000000003
mem[X,0x0000000080009CA0] -> 0x006F
mem[X,0x0000000080009CA2] -> 0x0040
[1069] [M]: 0x0000000080009CA0 (0x0040006F) jal zero, 4
mem[X,0x0000000080009CA4] -> 0xBC23
mem[X,0x0000000080009CA6] -> 0x1820
[1070] [M]: 0x0000000080009CA4 (0x1820BC23) sd sp, 408(ra)
mem[0x0000000080045370] <- 0x0000000000000003
mem[X,0x0000000080009CA8] -> 0x0513
mem[X,0x0000000080009CAA] -> 0x0010
[1071] [M]: 0x0000000080009CA8 (0x00100513) addi a0, zero, 1
x10 <- 0x0000000000000001
mem[X,0x0000000080009CAC] -> 0x1513
mem[X,0x0000000080009CAE] -> 0x0205
[1072] [M]: 0x0000000080009CAC (0x02051513) slli a0, a0, 32
x10 <- 0x0000000100000000
mem[X,0x0000000080009CB0] -> 0x0593
mem[X,0x0000000080009CB2] -> 0xEFF0
[1073] [M]: 0x0000000080009CB0 (0xEFF00593) addi a1, zero, 3839
x11 <- 0xFFFFFFFFFFFFFEFF
mem[X,0x0000000080009CB4] -> 0x0113
mem[X,0x0000000080009CB6] -> 0x0000
[1074] [M]: 0x0000000080009CB4 (0x00000113) addi sp, zero, 0
x2 <- 0x0000000000000000
mem[X,0x0000000080009CB8] -> 0x006F
mem[X,0x0000000080009CBA] -> 0x00C0
[1075] [M]: 0x0000000080009CB8 (0x00C0006F) jal zero, 12
mem[X,0x0000000080009CC4] -> 0x1663
mem[X,0x0000000080009CC6] -> 0x00B5
[1076] [M]: 0x0000000080009CC4 (0x00B51663) bne a0, a1, 12
mem[X,0x0000000080009CD0] -> 0x0113
mem[X,0x0000000080009CD2] -> 0x0031
[1077] [M]: 0x0000000080009CD0 (0x00310113) addi sp, sp, 3
x2 <- 0x0000000000000003
mem[X,0x0000000080009CD4] -> 0x006F
mem[X,0x0000000080009CD6] -> 0x0040
[1078] [M]: 0x0000000080009CD4 (0x0040006F) jal zero, 4
mem[X,0x0000000080009CD8] -> 0xB023
mem[X,0x0000000080009CDA] -> 0x1A20
[1079] [M]: 0x0000000080009CD8 (0x1A20B023) sd sp, 416(ra)
mem[0x0000000080045378] <- 0x0000000000000003
mem[X,0x0000000080009CDC] -> 0x0513
mem[X,0x0000000080009CDE] -> 0x2000
[1080] [M]: 0x0000000080009CDC (0x20000513) addi a0, zero, 512
x10 <- 0x0000000000000200
mem[X,0x0000000080009CE0] -> 0x0593
mem[X,0x0000000080009CE2] -> 0xDFF0
[1081] [M]: 0x0000000080009CE0 (0xDFF00593) addi a1, zero, 3583
x11 <- 0xFFFFFFFFFFFFFDFF
mem[X,0x0000000080009CE4] -> 0x0113
mem[X,0x0000000080009CE6] -> 0x0000
[1082] [M]: 0x0000000080009CE4 (0x00000113) addi sp, zero, 0
x2 <- 0x0000000000000000
mem[X,0x0000000080009CE8] -> 0x006F
mem[X,0x0000000080009CEA] -> 0x00C0
[1083] [M]: 0x0000000080009CE8 (0x00C0006F) jal zero, 12
mem[X,0x0000000080009CF4] -> 0x1063
mem[X,0x0000000080009CF6] -> 0x04B5
[1084] [M]: 0x0000000080009CF4 (0x04B51063) bne a0, a1, 64
mem[X,0x0000000080009D34] -> 0x0113
mem[X,0x0000000080009D36] -> 0x0031
[1085] [M]: 0x0000000080009D34 (0x00310113) addi sp, sp, 3
x2 <- 0x0000000000000003
mem[X,0x0000000080009D38] -> 0x006F
mem[X,0x0000000080009D3A] -> 0x0040
[1086] [M]: 0x0000000080009D38 (0x0040006F) jal zero, 4
mem[X,0x0000000080009D3C] -> 0xB423
mem[X,0x0000000080009D3E] -> 0x1A20
[1087] [M]: 0x0000000080009D3C (0x1A20B423) sd sp, 424(ra)
mem[0x0000000080045380] <- 0x0000000000000003
mem[X,0x0000000080009D40] -> 0x0513
mem[X,0x0000000080009D42] -> 0x0020
[1088] [M]: 0x0000000080009D40 (0x00200513) addi a0, zero, 2
x10 <- 0x0000000000000002
mem[X,0x0000000080009D44] -> 0x0593
mem[X,0x0000000080009D46] -> 0xBFF0
[1089] [M]: 0x0000000080009D44 (0xBFF00593) addi a1, zero, 3071
x11 <- 0xFFFFFFFFFFFFFBFF
mem[X,0x0000000080009D48] -> 0x0113
mem[X,0x0000000080009D4A] -> 0x0000
[1090] [M]: 0x0000000080009D48 (0x00000113) addi sp, zero, 0
x2 <- 0x0000000000000000
mem[X,0x0000000080009D4C] -> 0x006F
mem[X,0x0000000080009D4E] -> 0x00C0
[1091] [M]: 0x0000000080009D4C (0x00C0006F) jal zero, 12
mem[X,0x0000000080009D58] -> 0x1663
mem[X,0x0000000080009D5A] -> 0x00B5
[1092] [M]: 0x0000000080009D58 (0x00B51663) bne a0, a1, 12
mem[X,0x0000000080009D64] -> 0x0113
mem[X,0x0000000080009D66] -> 0x0031
[1093] [M]: 0x0000000080009D64 (0x00310113) addi sp, sp, 3
x2 <- 0x0000000000000003
mem[X,0x0000000080009D68] -> 0x006F
mem[X,0x0000000080009D6A] -> 0x0040
[1094] [M]: 0x0000000080009D68 (0x0040006F) jal zero, 4
mem[X,0x0000000080009D6C] -> 0xB823
mem[X,0x0000000080009D6E] -> 0x1A20
[1095] [M]: 0x0000000080009D6C (0x1A20B823) sd sp, 432(ra)
mem[0x0000000080045388] <- 0x0000000000000003
mem[X,0x0000000080009D70] -> 0x0513
mem[X,0x0000000080009D72] -> 0xFFD0
[1096] [M]: 0x0000000080009D70 (0xFFD00513) addi a0, zero, 4093
x10 <- 0xFFFFFFFFFFFFFFFD
mem[X,0x0000000080009D74] -> 0x0593
mem[X,0x0000000080009D76] -> 0x0010
[1097] [M]: 0x0000000080009D74 (0x00100593) addi a1, zero, 1
x11 <- 0x0000000000000001
mem[X,0x0000000080009D78] -> 0x9593
mem[X,0x0000000080009D7A] -> 0x00B5
[1098] [M]: 0x0000000080009D78 (0x00B59593) slli a1, a1, 11
x11 <- 0x0000000000000800
mem[X,0x0000000080009D7C] -> 0xC593
mem[X,0x0000000080009D7E] -> 0xFFF5
[1099] [M]: 0x0000000080009D7C (0xFFF5C593) xori a1, a1, 4095
x11 <- 0xFFFFFFFFFFFFF7FF
clint::tick mtime <- 0x000000000000000B
 clint timer pending at mtime 0x000000000000000B
htif::tick 0x0000000000000000
mem[X,0x0000000080009D80] -> 0x0113
mem[X,0x0000000080009D82] -> 0x0000
[1100] [M]: 0x0000000080009D80 (0x00000113) addi sp, zero, 0
x2 <- 0x0000000000000000
mem[X,0x0000000080009D84] -> 0x006F
mem[X,0x0000000080009D86] -> 0x00C0
[1101] [M]: 0x0000000080009D84 (0x00C0006F) jal zero, 12
mem[X,0x0000000080009D90] -> 0x1CE3
mem[X,0x0000000080009D92] -> 0xFEB5
[1102] [M]: 0x0000000080009D90 (0xFEB51CE3) bne a0, a1, 8184
mem[X,0x0000000080009D88] -> 0x0113
mem[X,0x0000000080009D8A] -> 0x0011
[1103] [M]: 0x0000000080009D88 (0x00110113) addi sp, sp, 1
x2 <- 0x0000000000000001
mem[X,0x0000000080009D8C] -> 0x006F
mem[X,0x0000000080009D8E] -> 0x0180
[1104] [M]: 0x0000000080009D8C (0x0180006F) jal zero, 24
mem[X,0x0000000080009DA4] -> 0xBC23
mem[X,0x0000000080009DA6] -> 0x1A20
[1105] [M]: 0x0000000080009DA4 (0x1A20BC23) sd sp, 440(ra)
mem[0x0000000080045390] <- 0x0000000000000001
mem[X,0x0000000080009DA8] -> 0x0513
mem[X,0x0000000080009DAA] -> 0x0010
[1106] [M]: 0x0000000080009DA8 (0x00100513) addi a0, zero, 1
x10 <- 0x0000000000000001
mem[X,0x0000000080009DAC] -> 0x1513
mem[X,0x0000000080009DAE] -> 0x0225
[1107] [M]: 0x0000000080009DAC (0x02251513) slli a0, a0, 34
x10 <- 0x0000000400000000
mem[X,0x0000000080009DB0] -> 0x0593
mem[X,0x0000000080009DB2] -> 0x0010
[1108] [M]: 0x0000000080009DB0 (0x00100593) addi a1, zero, 1
x11 <- 0x0000000000000001
mem[X,0x0000000080009DB4] -> 0x9593
mem[X,0x0000000080009DB6] -> 0x00C5
[1109] [M]: 0x0000000080009DB4 (0x00C59593) slli a1, a1, 12
x11 <- 0x0000000000001000
mem[X,0x0000000080009DB8] -> 0xC593
mem[X,0x0000000080009DBA] -> 0xFFF5
[1110] [M]: 0x0000000080009DB8 (0xFFF5C593) xori a1, a1, 4095
x11 <- 0xFFFFFFFFFFFFEFFF
mem[X,0x0000000080009DBC] -> 0x0113
mem[X,0x0000000080009DBE] -> 0x0000
[1111] [M]: 0x0000000080009DBC (0x00000113) addi sp, zero, 0
x2 <- 0x0000000000000000
mem[X,0x0000000080009DC0] -> 0x006F
mem[X,0x0000000080009DC2] -> 0x00C0
[1112] [M]: 0x0000000080009DC0 (0x00C0006F) jal zero, 12
mem[X,0x0000000080009DCC] -> 0x1863
mem[X,0x0000000080009DCE] -> 0x00B5
[1113] [M]: 0x0000000080009DCC (0x00B51863) bne a0, a1, 16
mem[X,0x0000000080009DDC] -> 0x0113
mem[X,0x0000000080009DDE] -> 0x0031
[1114] [M]: 0x0000000080009DDC (0x00310113) addi sp, sp, 3
x2 <- 0x0000000000000003
mem[X,0x0000000080009DE0] -> 0x006F
mem[X,0x0000000080009DE2] -> 0x0040
[1115] [M]: 0x0000000080009DE0 (0x0040006F) jal zero, 4
mem[X,0x0000000080009DE4] -> 0xB023
mem[X,0x0000000080009DE6] -> 0x1C20
[1116] [M]: 0x0000000080009DE4 (0x1C20B023) sd sp, 448(ra)
mem[0x0000000080045398] <- 0x0000000000000003
mem[X,0x0000000080009DE8] -> 0x3537
mem[X,0x0000000080009DEA] -> 0x3333
[1117] [M]: 0x0000000080009DE8 (0x33333537) lui a0, 209715
x10 <- 0x0000000033333000
mem[X,0x0000000080009DEC] -> 0x0513
mem[X,0x0000000080009DEE] -> 0x3335
[1118] [M]: 0x0000000080009DEC (0x33350513) addi a0, a0, 819
x10 <- 0x0000000033333333
mem[X,0x0000000080009DF0] -> 0x1513
mem[X,0x0000000080009DF2] -> 0x00B5
[1119] [M]: 0x0000000080009DF0 (0x00B51513) slli a0, a0, 11
x10 <- 0x0000019999999800
mem[X,0x0000000080009DF4] -> 0x0513
mem[X,0x0000000080009DF6] -> 0x1995
[1120] [M]: 0x0000000080009DF4 (0x19950513) addi a0, a0, 409
x10 <- 0x0000019999999999
mem[X,0x0000000080009DF8] -> 0x1513
mem[X,0x0000000080009DFA] -> 0x00B5
[1121] [M]: 0x0000000080009DF8 (0x00B51513) slli a0, a0, 11
x10 <- 0x000CCCCCCCCCC800
mem[X,0x0000000080009DFC] -> 0x0513
mem[X,0x0000000080009DFE] -> 0x4CC5
[1122] [M]: 0x0000000080009DFC (0x4CC50513) addi a0, a0, 1228
x10 <- 0x000CCCCCCCCCCCCC
mem[X,0x0000000080009E00] -> 0x1513
mem[X,0x0000000080009E02] -> 0x00A5
[1123] [M]: 0x0000000080009E00 (0x00A51513) slli a0, a0, 10
x10 <- 0x3333333333333000
mem[X,0x0000000080009E04] -> 0x0513
mem[X,0x0000000080009E06] -> 0x3325
[1124] [M]: 0x0000000080009E04 (0x33250513) addi a0, a0, 818
x10 <- 0x3333333333333332
mem[X,0x0000000080009E08] -> 0x0593
mem[X,0x0000000080009E0A] -> 0x0010
[1125] [M]: 0x0000000080009E08 (0x00100593) addi a1, zero, 1
x11 <- 0x0000000000000001
mem[X,0x0000000080009E0C] -> 0x9593
mem[X,0x0000000080009E0E] -> 0x00D5
[1126] [M]: 0x0000000080009E0C (0x00D59593) slli a1, a1, 13
x11 <- 0x0000000000002000
mem[X,0x0000000080009E10] -> 0xC593
mem[X,0x0000000080009E12] -> 0xFFF5
[1127] [M]: 0x0000000080009E10 (0xFFF5C593) xori a1, a1, 4095
x11 <- 0xFFFFFFFFFFFFDFFF
mem[X,0x0000000080009E14] -> 0x0113
mem[X,0x0000000080009E16] -> 0x0000
[1128] [M]: 0x0000000080009E14 (0x00000113) addi sp, zero, 0
x2 <- 0x0000000000000000
mem[X,0x0000000080009E18] -> 0x006F
mem[X,0x0000000080009E1A] -> 0x00C0
[1129] [M]: 0x0000000080009E18 (0x00C0006F) jal zero, 12
mem[X,0x0000000080009E24] -> 0x1063
mem[X,0x0000000080009E26] -> 0x08B5
[1130] [M]: 0x0000000080009E24 (0x08B51063) bne a0, a1, 128
mem[X,0x0000000080009EA4] -> 0x0113
mem[X,0x0000000080009EA6] -> 0x0031
[1131] [M]: 0x0000000080009EA4 (0x00310113) addi sp, sp, 3
x2 <- 0x0000000000000003
mem[X,0x0000000080009EA8] -> 0x006F
mem[X,0x0000000080009EAA] -> 0x0040
[1132] [M]: 0x0000000080009EA8 (0x0040006F) jal zero, 4
mem[X,0x0000000080009EAC] -> 0xB423
mem[X,0x0000000080009EAE] -> 0x1C20
[1133] [M]: 0x0000000080009EAC (0x1C20B423) sd sp, 456(ra)
mem[0x00000000800453A0] <- 0x0000000000000003
mem[X,0x0000000080009EB0] -> 0x0513
mem[X,0x0000000080009EB2] -> 0x0010
[1134] [M]: 0x0000000080009EB0 (0x00100513) addi a0, zero, 1
x10 <- 0x0000000000000001
mem[X,0x0000000080009EB4] -> 0x1513
mem[X,0x0000000080009EB6] -> 0x01F5
[1135] [M]: 0x0000000080009EB4 (0x01F51513) slli a0, a0, 31
x10 <- 0x0000000080000000
mem[X,0x0000000080009EB8] -> 0x4513
mem[X,0x0000000080009EBA] -> 0xFFF5
[1136] [M]: 0x0000000080009EB8 (0xFFF54513) xori a0, a0, 4095
x10 <- 0xFFFFFFFF7FFFFFFF
mem[X,0x0000000080009EBC] -> 0x0593
mem[X,0x0000000080009EBE] -> 0x0010
[1137] [M]: 0x0000000080009EBC (0x00100593) addi a1, zero, 1
x11 <- 0x0000000000000001
mem[X,0x0000000080009EC0] -> 0x9593
mem[X,0x0000000080009EC2] -> 0x00E5
[1138] [M]: 0x0000000080009EC0 (0x00E59593) slli a1, a1, 14
x11 <- 0x0000000000004000
mem[X,0x0000000080009EC4] -> 0xC593
mem[X,0x0000000080009EC6] -> 0xFFF5
[1139] [M]: 0x0000000080009EC4 (0xFFF5C593) xori a1, a1, 4095
x11 <- 0xFFFFFFFFFFFFBFFF
mem[X,0x0000000080009EC8] -> 0x0113
mem[X,0x0000000080009ECA] -> 0x0000
[1140] [M]: 0x0000000080009EC8 (0x00000113) addi sp, zero, 0
x2 <- 0x0000000000000000
mem[X,0x0000000080009ECC] -> 0x006F
mem[X,0x0000000080009ECE] -> 0x00C0
[1141] [M]: 0x0000000080009ECC (0x00C0006F) jal zero, 12
mem[X,0x0000000080009ED8] -> 0x1CE3
mem[X,0x0000000080009EDA] -> 0xFEB5
[1142] [M]: 0x0000000080009ED8 (0xFEB51CE3) bne a0, a1, 8184
mem[X,0x0000000080009ED0] -> 0x0113
mem[X,0x0000000080009ED2] -> 0x0011
[1143] [M]: 0x0000000080009ED0 (0x00110113) addi sp, sp, 1
x2 <- 0x0000000000000001
mem[X,0x0000000080009ED4] -> 0x006F
mem[X,0x0000000080009ED6] -> 0x0180
[1144] [M]: 0x0000000080009ED4 (0x0180006F) jal zero, 24
mem[X,0x0000000080009EEC] -> 0xB823
mem[X,0x0000000080009EEE] -> 0x1C20
[1145] [M]: 0x0000000080009EEC (0x1C20B823) sd sp, 464(ra)
mem[0x00000000800453A8] <- 0x0000000000000001
mem[X,0x0000000080009EF0] -> 0x0513
mem[X,0x0000000080009EF2] -> 0xEFF0
[1146] [M]: 0x0000000080009EF0 (0xEFF00513) addi a0, zero, 3839
x10 <- 0xFFFFFFFFFFFFFEFF
mem[X,0x0000000080009EF4] -> 0x0593
mem[X,0x0000000080009EF6] -> 0x0010
[1147] [M]: 0x0000000080009EF4 (0x00100593) addi a1, zero, 1
x11 <- 0x0000000000000001
mem[X,0x0000000080009EF8] -> 0x9593
mem[X,0x0000000080009EFA] -> 0x00F5
[1148] [M]: 0x0000000080009EF8 (0x00F59593) slli a1, a1, 15
x11 <- 0x0000000000008000
mem[X,0x0000000080009EFC] -> 0xC593
mem[X,0x0000000080009EFE] -> 0xFFF5
[1149] [M]: 0x0000000080009EFC (0xFFF5C593) xori a1, a1, 4095
x11 <- 0xFFFFFFFFFFFF7FFF
mem[X,0x0000000080009F00] -> 0x0113
mem[X,0x0000000080009F02] -> 0x0000
[1150] [M]: 0x0000000080009F00 (0x00000113) addi sp, zero, 0
x2 <- 0x0000000000000000
mem[X,0x0000000080009F04] -> 0x006F
mem[X,0x0000000080009F06] -> 0x0100
[1151] [M]: 0x0000000080009F04 (0x0100006F) jal zero, 16
mem[X,0x0000000080009F14] -> 0x1AE3
mem[X,0x0000000080009F16] -> 0xFEB5
[1152] [M]: 0x0000000080009F14 (0xFEB51AE3) bne a0, a1, 8180
mem[X,0x0000000080009F08] -> 0x0113
mem[X,0x0000000080009F0A] -> 0x0011
[1153] [M]: 0x0000000080009F08 (0x00110113) addi sp, sp, 1
x2 <- 0x0000000000000001
mem[X,0x0000000080009F0C] -> 0x006F
mem[X,0x0000000080009F0E] -> 0x01C0
[1154] [M]: 0x0000000080009F0C (0x01C0006F) jal zero, 28
mem[X,0x0000000080009F28] -> 0xBC23
mem[X,0x0000000080009F2A] -> 0x1C20
[1155] [M]: 0x0000000080009F28 (0x1C20BC23) sd sp, 472(ra)
mem[0x00000000800453B0] <- 0x0000000000000001
mem[X,0x0000000080009F2C] -> 0x0513
mem[X,0x0000000080009F2E] -> 0x0010
[1156] [M]: 0x0000000080009F2C (0x00100513) addi a0, zero, 1
x10 <- 0x0000000000000001
mem[X,0x0000000080009F30] -> 0x1513
mem[X,0x0000000080009F32] -> 0x0335
[1157] [M]: 0x0000000080009F30 (0x03351513) slli a0, a0, 51
x10 <- 0x0008000000000000
mem[X,0x0000000080009F34] -> 0x0593
mem[X,0x0000000080009F36] -> 0x0010
[1158] [M]: 0x0000000080009F34 (0x00100593) addi a1, zero, 1
x11 <- 0x0000000000000001
mem[X,0x0000000080009F38] -> 0x9593
mem[X,0x0000000080009F3A] -> 0x0105
[1159] [M]: 0x0000000080009F38 (0x01059593) slli a1, a1, 16
x11 <- 0x0000000000010000
mem[X,0x0000000080009F3C] -> 0xC593
mem[X,0x0000000080009F3E] -> 0xFFF5
[1160] [M]: 0x0000000080009F3C (0xFFF5C593) xori a1, a1, 4095
x11 <- 0xFFFFFFFFFFFEFFFF
mem[X,0x0000000080009F40] -> 0x0113
mem[X,0x0000000080009F42] -> 0x0000
[1161] [M]: 0x0000000080009F40 (0x00000113) addi sp, zero, 0
x2 <- 0x0000000000000000
mem[X,0x0000000080009F44] -> 0x006F
mem[X,0x0000000080009F46] -> 0x00C0
[1162] [M]: 0x0000000080009F44 (0x00C0006F) jal zero, 12
mem[X,0x0000000080009F50] -> 0x1863
mem[X,0x0000000080009F52] -> 0x00B5
[1163] [M]: 0x0000000080009F50 (0x00B51863) bne a0, a1, 16
mem[X,0x0000000080009F60] -> 0x0113
mem[X,0x0000000080009F62] -> 0x0031
[1164] [M]: 0x0000000080009F60 (0x00310113) addi sp, sp, 3
x2 <- 0x0000000000000003
mem[X,0x0000000080009F64] -> 0x006F
mem[X,0x0000000080009F66] -> 0x0040
[1165] [M]: 0x0000000080009F64 (0x0040006F) jal zero, 4
mem[X,0x0000000080009F68] -> 0xB023
mem[X,0x0000000080009F6A] -> 0x1E20
[1166] [M]: 0x0000000080009F68 (0x1E20B023) sd sp, 480(ra)
mem[0x00000000800453B8] <- 0x0000000000000003
mem[X,0x0000000080009F6C] -> 0x0513
mem[X,0x0000000080009F6E] -> 0x0040
[1167] [M]: 0x0000000080009F6C (0x00400513) addi a0, zero, 4
x10 <- 0x0000000000000004
mem[X,0x0000000080009F70] -> 0x0593
mem[X,0x0000000080009F72] -> 0x0010
[1168] [M]: 0x0000000080009F70 (0x00100593) addi a1, zero, 1
x11 <- 0x0000000000000001
mem[X,0x0000000080009F74] -> 0x9593
mem[X,0x0000000080009F76] -> 0x0115
[1169] [M]: 0x0000000080009F74 (0x01159593) slli a1, a1, 17
x11 <- 0x0000000000020000
mem[X,0x0000000080009F78] -> 0xC593
mem[X,0x0000000080009F7A] -> 0xFFF5
[1170] [M]: 0x0000000080009F78 (0xFFF5C593) xori a1, a1, 4095
x11 <- 0xFFFFFFFFFFFDFFFF
mem[X,0x0000000080009F7C] -> 0x0113
mem[X,0x0000000080009F7E] -> 0x0000
[1171] [M]: 0x0000000080009F7C (0x00000113) addi sp, zero, 0
x2 <- 0x0000000000000000
mem[X,0x0000000080009F80] -> 0x006F
mem[X,0x0000000080009F82] -> 0x00C0
[1172] [M]: 0x0000000080009F80 (0x00C0006F) jal zero, 12
mem[X,0x0000000080009F8C] -> 0x1063
mem[X,0x0000000080009F8E] -> 0x10B5
[1173] [M]: 0x0000000080009F8C (0x10B51063) bne a0, a1, 256
mem[X,0x000000008000A08C] -> 0x0113
mem[X,0x000000008000A08E] -> 0x0031
[1174] [M]: 0x000000008000A08C (0x00310113) addi sp, sp, 3
x2 <- 0x0000000000000003
mem[X,0x000000008000A090] -> 0x006F
mem[X,0x000000008000A092] -> 0x0040
[1175] [M]: 0x000000008000A090 (0x0040006F) jal zero, 4
mem[X,0x000000008000A094] -> 0xB423
mem[X,0x000000008000A096] -> 0x1E20
[1176] [M]: 0x000000008000A094 (0x1E20B423) sd sp, 488(ra)
mem[0x00000000800453C0] <- 0x0000000000000003
mem[X,0x000000008000A098] -> 0x0513
mem[X,0x000000008000A09A] -> 0x0040
[1177] [M]: 0x000000008000A098 (0x00400513) addi a0, zero, 4
x10 <- 0x0000000000000004
mem[X,0x000000008000A09C] -> 0x0593
mem[X,0x000000008000A09E] -> 0x0010
[1178] [M]: 0x000000008000A09C (0x00100593) addi a1, zero, 1
x11 <- 0x0000000000000001
mem[X,0x000000008000A0A0] -> 0x9593
mem[X,0x000000008000A0A2] -> 0x0125
[1179] [M]: 0x000000008000A0A0 (0x01259593) slli a1, a1, 18
x11 <- 0x0000000000040000
mem[X,0x000000008000A0A4] -> 0xC593
mem[X,0x000000008000A0A6] -> 0xFFF5
[1180] [M]: 0x000000008000A0A4 (0xFFF5C593) xori a1, a1, 4095
x11 <- 0xFFFFFFFFFFFBFFFF
mem[X,0x000000008000A0A8] -> 0x0113
mem[X,0x000000008000A0AA] -> 0x0000
[1181] [M]: 0x000000008000A0A8 (0x00000113) addi sp, zero, 0
x2 <- 0x0000000000000000
mem[X,0x000000008000A0AC] -> 0x006F
mem[X,0x000000008000A0AE] -> 0x00C0
[1182] [M]: 0x000000008000A0AC (0x00C0006F) jal zero, 12
mem[X,0x000000008000A0B8] -> 0x1063
mem[X,0x000000008000A0BA] -> 0x40B5
[1183] [M]: 0x000000008000A0B8 (0x40B51063) bne a0, a1, 1024
mem[X,0x000000008000A4B8] -> 0x0113
mem[X,0x000000008000A4BA] -> 0x0031
[1184] [M]: 0x000000008000A4B8 (0x00310113) addi sp, sp, 3
x2 <- 0x0000000000000003
mem[X,0x000000008000A4BC] -> 0x006F
mem[X,0x000000008000A4BE] -> 0x0040
[1185] [M]: 0x000000008000A4BC (0x0040006F) jal zero, 4
mem[X,0x000000008000A4C0] -> 0xB823
mem[X,0x000000008000A4C2] -> 0x1E20
[1186] [M]: 0x000000008000A4C0 (0x1E20B823) sd sp, 496(ra)
mem[0x00000000800453C8] <- 0x0000000000000003
mem[X,0x000000008000A4C4] -> 0x0513
mem[X,0x000000008000A4C6] -> 0x0010
[1187] [M]: 0x000000008000A4C4 (0x00100513) addi a0, zero, 1
x10 <- 0x0000000000000001
mem[X,0x000000008000A4C8] -> 0x0593
mem[X,0x000000008000A4CA] -> 0x0010
[1188] [M]: 0x000000008000A4C8 (0x00100593) addi a1, zero, 1
x11 <- 0x0000000000000001
mem[X,0x000000008000A4CC] -> 0x9593
mem[X,0x000000008000A4CE] -> 0x0135
[1189] [M]: 0x000000008000A4CC (0x01359593) slli a1, a1, 19
x11 <- 0x0000000000080000
mem[X,0x000000008000A4D0] -> 0xC593
mem[X,0x000000008000A4D2] -> 0xFFF5
[1190] [M]: 0x000000008000A4D0 (0xFFF5C593) xori a1, a1, 4095
x11 <- 0xFFFFFFFFFFF7FFFF
mem[X,0x000000008000A4D4] -> 0x0113
mem[X,0x000000008000A4D6] -> 0x0000
[1191] [M]: 0x000000008000A4D4 (0x00000113) addi sp, zero, 0
x2 <- 0x0000000000000000
mem[X,0x000000008000A4D8] -> 0x006F
mem[X,0x000000008000A4DA] -> 0x00C0
[1192] [M]: 0x000000008000A4D8 (0x00C0006F) jal zero, 12
mem[X,0x000000008000A4E4] -> 0x1063
mem[X,0x000000008000A4E6] -> 0x02B5
[1193] [M]: 0x000000008000A4E4 (0x02B51063) bne a0, a1, 32
mem[X,0x000000008000A504] -> 0x0113
mem[X,0x000000008000A506] -> 0x0031
[1194] [M]: 0x000000008000A504 (0x00310113) addi sp, sp, 3
x2 <- 0x0000000000000003
mem[X,0x000000008000A508] -> 0x006F
mem[X,0x000000008000A50A] -> 0x0040
[1195] [M]: 0x000000008000A508 (0x0040006F) jal zero, 4
mem[X,0x000000008000A50C] -> 0xBC23
mem[X,0x000000008000A50E] -> 0x1E20
[1196] [M]: 0x000000008000A50C (0x1E20BC23) sd sp, 504(ra)
mem[0x00000000800453D0] <- 0x0000000000000003
mem[X,0x000000008000A510] -> 0x0513
mem[X,0x000000008000A512] -> 0xFF80
[1197] [M]: 0x000000008000A510 (0xFF800513) addi a0, zero, 4088
x10 <- 0xFFFFFFFFFFFFFFF8
mem[X,0x000000008000A514] -> 0x0593
mem[X,0x000000008000A516] -> 0x0010
[1198] [M]: 0x000000008000A514 (0x00100593) addi a1, zero, 1
x11 <- 0x0000000000000001
mem[X,0x000000008000A518] -> 0x9593
mem[X,0x000000008000A51A] -> 0x0145
[1199] [M]: 0x000000008000A518 (0x01459593) slli a1, a1, 20
x11 <- 0x0000000000100000
clint::tick mtime <- 0x000000000000000C
 clint timer pending at mtime 0x000000000000000C
htif::tick 0x0000000000000000
mem[X,0x000000008000A51C] -> 0xC593
mem[X,0x000000008000A51E] -> 0xFFF5
[1200] [M]: 0x000000008000A51C (0xFFF5C593) xori a1, a1, 4095
x11 <- 0xFFFFFFFFFFEFFFFF
mem[X,0x000000008000A520] -> 0x0113
mem[X,0x000000008000A522] -> 0x0000
[1201] [M]: 0x000000008000A520 (0x00000113) addi sp, zero, 0
x2 <- 0x0000000000000000
mem[X,0x000000008000A524] -> 0x006F
mem[X,0x000000008000A526] -> 0x00C0
[1202] [M]: 0x000000008000A524 (0x00C0006F) jal zero, 12
mem[X,0x000000008000A530] -> 0x1063
mem[X,0x000000008000A532] -> 0x02B5
[1203] [M]: 0x000000008000A530 (0x02B51063) bne a0, a1, 32
mem[X,0x000000008000A550] -> 0x0113
mem[X,0x000000008000A552] -> 0x0031
[1204] [M]: 0x000000008000A550 (0x00310113) addi sp, sp, 3
x2 <- 0x0000000000000003
mem[X,0x000000008000A554] -> 0x006F
mem[X,0x000000008000A556] -> 0x0040
[1205] [M]: 0x000000008000A554 (0x0040006F) jal zero, 4
mem[X,0x000000008000A558] -> 0xB023
mem[X,0x000000008000A55A] -> 0x2020
[1206] [M]: 0x000000008000A558 (0x2020B023) sd sp, 512(ra)
mem[0x00000000800453D8] <- 0x0000000000000003
mem[X,0x000000008000A55C] -> 0x0513
mem[X,0x000000008000A55E] -> 0x0000
[1207] [M]: 0x000000008000A55C (0x00000513) addi a0, zero, 0
x10 <- 0x0000000000000000
mem[X,0x000000008000A560] -> 0x0593
mem[X,0x000000008000A562] -> 0x0010
[1208] [M]: 0x000000008000A560 (0x00100593) addi a1, zero, 1
x11 <- 0x0000000000000001
mem[X,0x000000008000A564] -> 0x9593
mem[X,0x000000008000A566] -> 0x0155
[1209] [M]: 0x000000008000A564 (0x01559593) slli a1, a1, 21
x11 <- 0x0000000000200000
mem[X,0x000000008000A568] -> 0xC593
mem[X,0x000000008000A56A] -> 0xFFF5
[1210] [M]: 0x000000008000A568 (0xFFF5C593) xori a1, a1, 4095
x11 <- 0xFFFFFFFFFFDFFFFF
mem[X,0x000000008000A56C] -> 0x0113
mem[X,0x000000008000A56E] -> 0x0000
[1211] [M]: 0x000000008000A56C (0x00000113) addi sp, zero, 0
x2 <- 0x0000000000000000
mem[X,0x000000008000A570] -> 0x006F
mem[X,0x000000008000A572] -> 0x00C0
[1212] [M]: 0x000000008000A570 (0x00C0006F) jal zero, 12
mem[X,0x000000008000A57C] -> 0x1063
mem[X,0x000000008000A57E] -> 0x08B5
[1213] [M]: 0x000000008000A57C (0x08B51063) bne a0, a1, 128
mem[X,0x000000008000A5FC] -> 0x0113
mem[X,0x000000008000A5FE] -> 0x0031
[1214] [M]: 0x000000008000A5FC (0x00310113) addi sp, sp, 3
x2 <- 0x0000000000000003
mem[X,0x000000008000A600] -> 0x006F
mem[X,0x000000008000A602] -> 0x0040
[1215] [M]: 0x000000008000A600 (0x0040006F) jal zero, 4
mem[X,0x000000008000A604] -> 0xB423
mem[X,0x000000008000A606] -> 0x2020
[1216] [M]: 0x000000008000A604 (0x2020B423) sd sp, 520(ra)
mem[0x00000000800453E0] <- 0x0000000000000003
mem[X,0x000000008000A608] -> 0x0513
mem[X,0x000000008000A60A] -> 0x0010
[1217] [M]: 0x000000008000A608 (0x00100513) addi a0, zero, 1
x10 <- 0x0000000000000001
mem[X,0x000000008000A60C] -> 0x1513
mem[X,0x000000008000A60E] -> 0x00E5
[1218] [M]: 0x000000008000A60C (0x00E51513) slli a0, a0, 14
x10 <- 0x0000000000004000
mem[X,0x000000008000A610] -> 0x0593
mem[X,0x000000008000A612] -> 0x0010
[1219] [M]: 0x000000008000A610 (0x00100593) addi a1, zero, 1
x11 <- 0x0000000000000001
mem[X,0x000000008000A614] -> 0x9593
mem[X,0x000000008000A616] -> 0x0165
[1220] [M]: 0x000000008000A614 (0x01659593) slli a1, a1, 22
x11 <- 0x0000000000400000
mem[X,0x000000008000A618] -> 0xC593
mem[X,0x000000008000A61A] -> 0xFFF5
[1221] [M]: 0x000000008000A618 (0xFFF5C593) xori a1, a1, 4095
x11 <- 0xFFFFFFFFFFBFFFFF
mem[X,0x000000008000A61C] -> 0x0113
mem[X,0x000000008000A61E] -> 0x0000
[1222] [M]: 0x000000008000A61C (0x00000113) addi sp, zero, 0
x2 <- 0x0000000000000000
mem[X,0x000000008000A620] -> 0x006F
mem[X,0x000000008000A622] -> 0x00C0
[1223] [M]: 0x000000008000A620 (0x00C0006F) jal zero, 12
mem[X,0x000000008000A62C] -> 0x1863
mem[X,0x000000008000A62E] -> 0x00B5
[1224] [M]: 0x000000008000A62C (0x00B51863) bne a0, a1, 16
mem[X,0x000000008000A63C] -> 0x0113
mem[X,0x000000008000A63E] -> 0x0031
[1225] [M]: 0x000000008000A63C (0x00310113) addi sp, sp, 3
x2 <- 0x0000000000000003
mem[X,0x000000008000A640] -> 0x006F
mem[X,0x000000008000A642] -> 0x0040
[1226] [M]: 0x000000008000A640 (0x0040006F) jal zero, 4
mem[X,0x000000008000A644] -> 0xB823
mem[X,0x000000008000A646] -> 0x2020
[1227] [M]: 0x000000008000A644 (0x2020B823) sd sp, 528(ra)
mem[0x00000000800453E8] <- 0x0000000000000003
mem[X,0x000000008000A648] -> 0x0513
mem[X,0x000000008000A64A] -> 0x0010
[1228] [M]: 0x000000008000A648 (0x00100513) addi a0, zero, 1
x10 <- 0x0000000000000001
mem[X,0x000000008000A64C] -> 0x1513
mem[X,0x000000008000A64E] -> 0x03E5
[1229] [M]: 0x000000008000A64C (0x03E51513) slli a0, a0, 62
x10 <- 0x4000000000000000
mem[X,0x000000008000A650] -> 0x0593
mem[X,0x000000008000A652] -> 0x0010
[1230] [M]: 0x000000008000A650 (0x00100593) addi a1, zero, 1
x11 <- 0x0000000000000001
mem[X,0x000000008000A654] -> 0x9593
mem[X,0x000000008000A656] -> 0x0175
[1231] [M]: 0x000000008000A654 (0x01759593) slli a1, a1, 23
x11 <- 0x0000000000800000
mem[X,0x000000008000A658] -> 0xC593
mem[X,0x000000008000A65A] -> 0xFFF5
[1232] [M]: 0x000000008000A658 (0xFFF5C593) xori a1, a1, 4095
x11 <- 0xFFFFFFFFFF7FFFFF
mem[X,0x000000008000A65C] -> 0x0113
mem[X,0x000000008000A65E] -> 0x0000
[1233] [M]: 0x000000008000A65C (0x00000113) addi sp, zero, 0
x2 <- 0x0000000000000000
mem[X,0x000000008000A660] -> 0x006F
mem[X,0x000000008000A662] -> 0x00C0
[1234] [M]: 0x000000008000A660 (0x00C0006F) jal zero, 12
mem[X,0x000000008000A66C] -> 0x1863
mem[X,0x000000008000A66E] -> 0x00B5
[1235] [M]: 0x000000008000A66C (0x00B51863) bne a0, a1, 16
mem[X,0x000000008000A67C] -> 0x0113
mem[X,0x000000008000A67E] -> 0x0031
[1236] [M]: 0x000000008000A67C (0x00310113) addi sp, sp, 3
x2 <- 0x0000000000000003
mem[X,0x000000008000A680] -> 0x006F
mem[X,0x000000008000A682] -> 0x0040
[1237] [M]: 0x000000008000A680 (0x0040006F) jal zero, 4
mem[X,0x000000008000A684] -> 0xBC23
mem[X,0x000000008000A686] -> 0x2020
[1238] [M]: 0x000000008000A684 (0x2020BC23) sd sp, 536(ra)
mem[0x00000000800453F0] <- 0x0000000000000003
mem[X,0x000000008000A688] -> 0x0513
mem[X,0x000000008000A68A] -> 0x0030
[1239] [M]: 0x000000008000A688 (0x00300513) addi a0, zero, 3
x10 <- 0x0000000000000003
mem[X,0x000000008000A68C] -> 0x0593
mem[X,0x000000008000A68E] -> 0x0010
[1240] [M]: 0x000000008000A68C (0x00100593) addi a1, zero, 1
x11 <- 0x0000000000000001
mem[X,0x000000008000A690] -> 0x9593
mem[X,0x000000008000A692] -> 0x0185
[1241] [M]: 0x000000008000A690 (0x01859593) slli a1, a1, 24
x11 <- 0x0000000001000000
mem[X,0x000000008000A694] -> 0xC593
mem[X,0x000000008000A696] -> 0xFFF5
[1242] [M]: 0x000000008000A694 (0xFFF5C593) xori a1, a1, 4095
x11 <- 0xFFFFFFFFFEFFFFFF
mem[X,0x000000008000A698] -> 0x0113
mem[X,0x000000008000A69A] -> 0x0000
[1243] [M]: 0x000000008000A698 (0x00000113) addi sp, zero, 0
x2 <- 0x0000000000000000
mem[X,0x000000008000A69C] -> 0x006F
mem[X,0x000000008000A69E] -> 0x0050
[1244] [M]: 0x000000008000A69C (0x0050006F) jal zero, 2052
mem[X,0x000000008000AEA0] -> 0x10E3
mem[X,0x000000008000AEA2] -> 0x80B5
[1245] [M]: 0x000000008000AEA0 (0x80B510E3) bne a0, a1, 6144
mem[X,0x000000008000A6A0] -> 0x0113
mem[X,0x000000008000A6A2] -> 0x0011
[1246] [M]: 0x000000008000A6A0 (0x00110113) addi sp, sp, 1
x2 <- 0x0000000000000001
mem[X,0x000000008000A6A4] -> 0x006F
mem[X,0x000000008000A6A6] -> 0x0110
[1247] [M]: 0x000000008000A6A4 (0x0110006F) jal zero, 2064
mem[X,0x000000008000AEB4] -> 0xB023
mem[X,0x000000008000AEB6] -> 0x2220
[1248] [M]: 0x000000008000AEB4 (0x2220B023) sd sp, 544(ra)
mem[0x00000000800453F8] <- 0x0000000000000001
mem[X,0x000000008000AEB8] -> 0x0513
mem[X,0x000000008000AEBA] -> 0x0010
[1249] [M]: 0x000000008000AEB8 (0x00100513) addi a0, zero, 1
x10 <- 0x0000000000000001
mem[X,0x000000008000AEBC] -> 0x1513
mem[X,0x000000008000AEBE] -> 0x00D5
[1250] [M]: 0x000000008000AEBC (0x00D51513) slli a0, a0, 13
x10 <- 0x0000000000002000
mem[X,0x000000008000AEC0] -> 0x4513
mem[X,0x000000008000AEC2] -> 0xFFF5
[1251] [M]: 0x000000008000AEC0 (0xFFF54513) xori a0, a0, 4095
x10 <- 0xFFFFFFFFFFFFDFFF
mem[X,0x000000008000AEC4] -> 0x0593
mem[X,0x000000008000AEC6] -> 0x0010
[1252] [M]: 0x000000008000AEC4 (0x00100593) addi a1, zero, 1
x11 <- 0x0000000000000001
mem[X,0x000000008000AEC8] -> 0x9593
mem[X,0x000000008000AECA] -> 0x0195
[1253] [M]: 0x000000008000AEC8 (0x01959593) slli a1, a1, 25
x11 <- 0x0000000002000000
mem[X,0x000000008000AECC] -> 0xC593
mem[X,0x000000008000AECE] -> 0xFFF5
[1254] [M]: 0x000000008000AECC (0xFFF5C593) xori a1, a1, 4095
x11 <- 0xFFFFFFFFFDFFFFFF
mem[X,0x000000008000AED0] -> 0x0113
mem[X,0x000000008000AED2] -> 0x0000
[1255] [M]: 0x000000008000AED0 (0x00000113) addi sp, zero, 0
x2 <- 0x0000000000000000
mem[X,0x000000008000AED4] -> 0x006F
mem[X,0x000000008000AED6] -> 0x00C0
[1256] [M]: 0x000000008000AED4 (0x00C0006F) jal zero, 12
mem[X,0x000000008000AEE0] -> 0x1663
mem[X,0x000000008000AEE2] -> 0x00B5
[1257] [M]: 0x000000008000AEE0 (0x00B51663) bne a0, a1, 12
mem[X,0x000000008000AEEC] -> 0x0113
mem[X,0x000000008000AEEE] -> 0x0031
[1258] [M]: 0x000000008000AEEC (0x00310113) addi sp, sp, 3
x2 <- 0x0000000000000003
mem[X,0x000000008000AEF0] -> 0x006F
mem[X,0x000000008000AEF2] -> 0x0040
[1259] [M]: 0x000000008000AEF0 (0x0040006F) jal zero, 4
mem[X,0x000000008000AEF4] -> 0xB423
mem[X,0x000000008000AEF6] -> 0x2220
[1260] [M]: 0x000000008000AEF4 (0x2220B423) sd sp, 552(ra)
mem[0x0000000080045400] <- 0x0000000000000003
mem[X,0x000000008000AEF8] -> 0x0513
mem[X,0x000000008000AEFA] -> 0x0010
[1261] [M]: 0x000000008000AEF8 (0x00100513) addi a0, zero, 1
x10 <- 0x0000000000000001
mem[X,0x000000008000AEFC] -> 0x1513
mem[X,0x000000008000AEFE] -> 0x0385
[1262] [M]: 0x000000008000AEFC (0x03851513) slli a0, a0, 56
x10 <- 0x0100000000000000
mem[X,0x000000008000AF00] -> 0x0593
mem[X,0x000000008000AF02] -> 0x0010
[1263] [M]: 0x000000008000AF00 (0x00100593) addi a1, zero, 1
x11 <- 0x0000000000000001
mem[X,0x000000008000AF04] -> 0x9593
mem[X,0x000000008000AF06] -> 0x01A5
[1264] [M]: 0x000000008000AF04 (0x01A59593) slli a1, a1, 26
x11 <- 0x0000000004000000
mem[X,0x000000008000AF08] -> 0xC593
mem[X,0x000000008000AF0A] -> 0xFFF5
[1265] [M]: 0x000000008000AF08 (0xFFF5C593) xori a1, a1, 4095
x11 <- 0xFFFFFFFFFBFFFFFF
mem[X,0x000000008000AF0C] -> 0x0113
mem[X,0x000000008000AF0E] -> 0x0000
[1266] [M]: 0x000000008000AF0C (0x00000113) addi sp, zero, 0
x2 <- 0x0000000000000000
mem[X,0x000000008000AF10] -> 0x006F
mem[X,0x000000008000AF12] -> 0x00C0
[1267] [M]: 0x000000008000AF10 (0x00C0006F) jal zero, 12
mem[X,0x000000008000AF1C] -> 0x1663
mem[X,0x000000008000AF1E] -> 0x00B5
[1268] [M]: 0x000000008000AF1C (0x00B51663) bne a0, a1, 12
mem[X,0x000000008000AF28] -> 0x0113
mem[X,0x000000008000AF2A] -> 0x0031
[1269] [M]: 0x000000008000AF28 (0x00310113) addi sp, sp, 3
x2 <- 0x0000000000000003
mem[X,0x000000008000AF2C] -> 0x006F
mem[X,0x000000008000AF2E] -> 0x0040
[1270] [M]: 0x000000008000AF2C (0x0040006F) jal zero, 4
mem[X,0x000000008000AF30] -> 0xB823
mem[X,0x000000008000AF32] -> 0x2220
[1271] [M]: 0x000000008000AF30 (0x2220B823) sd sp, 560(ra)
mem[0x0000000080045408] <- 0x0000000000000003
mem[X,0x000000008000AF34] -> 0x3537
mem[X,0x000000008000AF36] -> 0x3333
[1272] [M]: 0x000000008000AF34 (0x33333537) lui a0, 209715
x10 <- 0x0000000033333000
mem[X,0x000000008000AF38] -> 0x0513
mem[X,0x000000008000AF3A] -> 0x3335
[1273] [M]: 0x000000008000AF38 (0x33350513) addi a0, a0, 819
x10 <- 0x0000000033333333
mem[X,0x000000008000AF3C] -> 0x1513
mem[X,0x000000008000AF3E] -> 0x00B5
[1274] [M]: 0x000000008000AF3C (0x00B51513) slli a0, a0, 11
x10 <- 0x0000019999999800
mem[X,0x000000008000AF40] -> 0x0513
mem[X,0x000000008000AF42] -> 0x1995
[1275] [M]: 0x000000008000AF40 (0x19950513) addi a0, a0, 409
x10 <- 0x0000019999999999
mem[X,0x000000008000AF44] -> 0x1513
mem[X,0x000000008000AF46] -> 0x00B5
[1276] [M]: 0x000000008000AF44 (0x00B51513) slli a0, a0, 11
x10 <- 0x000CCCCCCCCCC800
mem[X,0x000000008000AF48] -> 0x0513
mem[X,0x000000008000AF4A] -> 0x4CC5
[1277] [M]: 0x000000008000AF48 (0x4CC50513) addi a0, a0, 1228
x10 <- 0x000CCCCCCCCCCCCC
mem[X,0x000000008000AF4C] -> 0x1513
mem[X,0x000000008000AF4E] -> 0x00A5
[1278] [M]: 0x000000008000AF4C (0x00A51513) slli a0, a0, 10
x10 <- 0x3333333333333000
mem[X,0x000000008000AF50] -> 0x0513
mem[X,0x000000008000AF52] -> 0x3325
[1279] [M]: 0x000000008000AF50 (0x33250513) addi a0, a0, 818
x10 <- 0x3333333333333332
mem[X,0x000000008000AF54] -> 0x0593
mem[X,0x000000008000AF56] -> 0x0010
[1280] [M]: 0x000000008000AF54 (0x00100593) addi a1, zero, 1
x11 <- 0x0000000000000001
mem[X,0x000000008000AF58] -> 0x9593
mem[X,0x000000008000AF5A] -> 0x01B5
[1281] [M]: 0x000000008000AF58 (0x01B59593) slli a1, a1, 27
x11 <- 0x0000000008000000
mem[X,0x000000008000AF5C] -> 0xC593
mem[X,0x000000008000AF5E] -> 0xFFF5
[1282] [M]: 0x000000008000AF5C (0xFFF5C593) xori a1, a1, 4095
x11 <- 0xFFFFFFFFF7FFFFFF
mem[X,0x000000008000AF60] -> 0x0113
mem[X,0x000000008000AF62] -> 0x0000
[1283] [M]: 0x000000008000AF60 (0x00000113) addi sp, zero, 0
x2 <- 0x0000000000000000
mem[X,0x000000008000AF64] -> 0x006F
mem[X,0x000000008000AF66] -> 0x2B10
[1284] [M]: 0x000000008000AF64 (0x2B10006F) jal zero, 2736
mem[X,0x000000008000BA14] -> 0x1A63
mem[X,0x000000008000BA16] -> 0xD4B5
[1285] [M]: 0x000000008000BA14 (0xD4B51A63) bne a0, a1, 5460
mem[X,0x000000008000AF68] -> 0x0113
mem[X,0x000000008000AF6A] -> 0x0011
[1286] [M]: 0x000000008000AF68 (0x00110113) addi sp, sp, 1
x2 <- 0x0000000000000001
mem[X,0x000000008000AF6C] -> 0x006F
mem[X,0x000000008000AF6E] -> 0x2BD0
[1287] [M]: 0x000000008000AF6C (0x2BD0006F) jal zero, 2748
mem[X,0x000000008000BA28] -> 0xBC23
mem[X,0x000000008000BA2A] -> 0x2220
[1288] [M]: 0x000000008000BA28 (0x2220BC23) sd sp, 568(ra)
mem[0x0000000080045410] <- 0x0000000000000001
mem[X,0x000000008000BA2C] -> 0x0537
mem[X,0x000000008000BA2E] -> 0x0000
[1289] [M]: 0x000000008000BA2C (0x00000537) lui a0, 0
x10 <- 0x0000000000000000
mem[X,0x000000008000BA30] -> 0x0513
mem[X,0x000000008000BA32] -> 0xFFF5
[1290] [M]: 0x000000008000BA30 (0xFFF50513) addi a0, a0, 4095
x10 <- 0xFFFFFFFFFFFFFFFF
mem[X,0x000000008000BA34] -> 0x1513
mem[X,0x000000008000BA36] -> 0x00B5
[1291] [M]: 0x000000008000BA34 (0x00B51513) slli a0, a0, 11
x10 <- 0xFFFFFFFFFFFFF800
mem[X,0x000000008000BA38] -> 0x0513
mem[X,0x000000008000BA3A] -> 0x2575
[1292] [M]: 0x000000008000BA38 (0x25750513) addi a0, a0, 599
x10 <- 0xFFFFFFFFFFFFFA57
mem[X,0x000000008000BA3C] -> 0x1513
mem[X,0x000000008000BA3E] -> 0x00B5
[1293] [M]: 0x000000008000BA3C (0x00B51513) slli a0, a0, 11
x10 <- 0xFFFFFFFFFFD2B800
mem[X,0x000000008000BA40] -> 0x0513
mem[X,0x000000008000BA42] -> 0x6C35
[1294] [M]: 0x000000008000BA40 (0x6C350513) addi a0, a0, 1731
x10 <- 0xFFFFFFFFFFD2BEC3
mem[X,0x000000008000BA44] -> 0x1513
mem[X,0x000000008000BA46] -> 0x00A5
[1295] [M]: 0x000000008000BA44 (0x00A51513) slli a0, a0, 10
x10 <- 0xFFFFFFFF4AFB0C00
mem[X,0x000000008000BA48] -> 0x0513
mem[X,0x000000008000BA4A] -> 0x0CD5
[1296] [M]: 0x000000008000BA48 (0x0CD50513) addi a0, a0, 205
x10 <- 0xFFFFFFFF4AFB0CCD
mem[X,0x000000008000BA4C] -> 0x0593
mem[X,0x000000008000BA4E] -> 0x0010
[1297] [M]: 0x000000008000BA4C (0x00100593) addi a1, zero, 1
x11 <- 0x0000000000000001
mem[X,0x000000008000BA50] -> 0x9593
mem[X,0x000000008000BA52] -> 0x01C5
[1298] [M]: 0x000000008000BA50 (0x01C59593) slli a1, a1, 28
x11 <- 0x0000000010000000
mem[X,0x000000008000BA54] -> 0xC593
mem[X,0x000000008000BA56] -> 0xFFF5
[1299] [M]: 0x000000008000BA54 (0xFFF5C593) xori a1, a1, 4095
x11 <- 0xFFFFFFFFEFFFFFFF
clint::tick mtime <- 0x000000000000000D
 clint timer pending at mtime 0x000000000000000D
htif::tick 0x0000000000000000
mem[X,0x000000008000BA58] -> 0x0113
mem[X,0x000000008000BA5A] -> 0x0000
[1300] [M]: 0x000000008000BA58 (0x00000113) addi sp, zero, 0
x2 <- 0x0000000000000000
mem[X,0x000000008000BA5C] -> 0x006F
mem[X,0x000000008000BA5E] -> 0x00C0
[1301] [M]: 0x000000008000BA5C (0x00C0006F) jal zero, 12
mem[X,0x000000008000BA68] -> 0x1663
mem[X,0x000000008000BA6A] -> 0x00B5
[1302] [M]: 0x000000008000BA68 (0x00B51663) bne a0, a1, 12
mem[X,0x000000008000BA74] -> 0x0113
mem[X,0x000000008000BA76] -> 0x0031
[1303] [M]: 0x000000008000BA74 (0x00310113) addi sp, sp, 3
x2 <- 0x0000000000000003
mem[X,0x000000008000BA78] -> 0x006F
mem[X,0x000000008000BA7A] -> 0x0040
[1304] [M]: 0x000000008000BA78 (0x0040006F) jal zero, 4
mem[X,0x000000008000BA7C] -> 0xB023
mem[X,0x000000008000BA7E] -> 0x2420
[1305] [M]: 0x000000008000BA7C (0x2420B023) sd sp, 576(ra)
mem[0x0000000080045418] <- 0x0000000000000003
mem[X,0x000000008000BA80] -> 0x0513
mem[X,0x000000008000BA82] -> 0x0010
[1306] [M]: 0x000000008000BA80 (0x00100513) addi a0, zero, 1
x10 <- 0x0000000000000001
mem[X,0x000000008000BA84] -> 0x1513
mem[X,0x000000008000BA86] -> 0x03D5
[1307] [M]: 0x000000008000BA84 (0x03D51513) slli a0, a0, 61
x10 <- 0x2000000000000000
mem[X,0x000000008000BA88] -> 0x0593
mem[X,0x000000008000BA8A] -> 0x0010
[1308] [M]: 0x000000008000BA88 (0x00100593) addi a1, zero, 1
x11 <- 0x0000000000000001
mem[X,0x000000008000BA8C] -> 0x9593
mem[X,0x000000008000BA8E] -> 0x01D5
[1309] [M]: 0x000000008000BA8C (0x01D59593) slli a1, a1, 29
x11 <- 0x0000000020000000
mem[X,0x000000008000BA90] -> 0xC593
mem[X,0x000000008000BA92] -> 0xFFF5
[1310] [M]: 0x000000008000BA90 (0xFFF5C593) xori a1, a1, 4095
x11 <- 0xFFFFFFFFDFFFFFFF
mem[X,0x000000008000BA94] -> 0x0113
mem[X,0x000000008000BA96] -> 0x0000
[1311] [M]: 0x000000008000BA94 (0x00000113) addi sp, zero, 0
x2 <- 0x0000000000000000
mem[X,0x000000008000BA98] -> 0x006F
mem[X,0x000000008000BA9A] -> 0x00C0
[1312] [M]: 0x000000008000BA98 (0x00C0006F) jal zero, 12
mem[X,0x000000008000BAA4] -> 0x1063
mem[X,0x000000008000BAA6] -> 0x40B5
[1313] [M]: 0x000000008000BAA4 (0x40B51063) bne a0, a1, 1024
mem[X,0x000000008000BEA4] -> 0x0113
mem[X,0x000000008000BEA6] -> 0x0031
[1314] [M]: 0x000000008000BEA4 (0x00310113) addi sp, sp, 3
x2 <- 0x0000000000000003
mem[X,0x000000008000BEA8] -> 0x006F
mem[X,0x000000008000BEAA] -> 0x0040
[1315] [M]: 0x000000008000BEA8 (0x0040006F) jal zero, 4
mem[X,0x000000008000BEAC] -> 0xB423
mem[X,0x000000008000BEAE] -> 0x2420
[1316] [M]: 0x000000008000BEAC (0x2420B423) sd sp, 584(ra)
mem[0x0000000080045420] <- 0x0000000000000003
mem[X,0x000000008000BEB0] -> 0x0513
mem[X,0x000000008000BEB2] -> 0x0010
[1317] [M]: 0x000000008000BEB0 (0x00100513) addi a0, zero, 1
x10 <- 0x0000000000000001
mem[X,0x000000008000BEB4] -> 0x1513
mem[X,0x000000008000BEB6] -> 0x03C5
[1318] [M]: 0x000000008000BEB4 (0x03C51513) slli a0, a0, 60
x10 <- 0x1000000000000000
mem[X,0x000000008000BEB8] -> 0x0593
mem[X,0x000000008000BEBA] -> 0x0010
[1319] [M]: 0x000000008000BEB8 (0x00100593) addi a1, zero, 1
x11 <- 0x0000000000000001
mem[X,0x000000008000BEBC] -> 0x9593
mem[X,0x000000008000BEBE] -> 0x01E5
[1320] [M]: 0x000000008000BEBC (0x01E59593) slli a1, a1, 30
x11 <- 0x0000000040000000
mem[X,0x000000008000BEC0] -> 0xC593
mem[X,0x000000008000BEC2] -> 0xFFF5
[1321] [M]: 0x000000008000BEC0 (0xFFF5C593) xori a1, a1, 4095
x11 <- 0xFFFFFFFFBFFFFFFF
mem[X,0x000000008000BEC4] -> 0x0113
mem[X,0x000000008000BEC6] -> 0x0000
[1322] [M]: 0x000000008000BEC4 (0x00000113) addi sp, zero, 0
x2 <- 0x0000000000000000
mem[X,0x000000008000BEC8] -> 0x006F
mem[X,0x000000008000BECA] -> 0x0050
[1323] [M]: 0x000000008000BEC8 (0x0050006F) jal zero, 2052
mem[X,0x000000008000C6CC] -> 0x10E3
mem[X,0x000000008000C6CE] -> 0x80B5
[1324] [M]: 0x000000008000C6CC (0x80B510E3) bne a0, a1, 6144
mem[X,0x000000008000BECC] -> 0x0113
mem[X,0x000000008000BECE] -> 0x0011
[1325] [M]: 0x000000008000BECC (0x00110113) addi sp, sp, 1
x2 <- 0x0000000000000001
mem[X,0x000000008000BED0] -> 0x006F
mem[X,0x000000008000BED2] -> 0x0110
[1326] [M]: 0x000000008000BED0 (0x0110006F) jal zero, 2064
mem[X,0x000000008000C6E0] -> 0xB823
mem[X,0x000000008000C6E2] -> 0x2420
[1327] [M]: 0x000000008000C6E0 (0x2420B823) sd sp, 592(ra)
mem[0x0000000080045428] <- 0x0000000000000001
mem[X,0x000000008000C6E4] -> 0x0513
mem[X,0x000000008000C6E6] -> 0x0010
[1328] [M]: 0x000000008000C6E4 (0x00100513) addi a0, zero, 1
x10 <- 0x0000000000000001
mem[X,0x000000008000C6E8] -> 0x1513
mem[X,0x000000008000C6EA] -> 0x02E5
[1329] [M]: 0x000000008000C6E8 (0x02E51513) slli a0, a0, 46
x10 <- 0x0000400000000000
mem[X,0x000000008000C6EC] -> 0x4513
mem[X,0x000000008000C6EE] -> 0xFFF5
[1330] [M]: 0x000000008000C6EC (0xFFF54513) xori a0, a0, 4095
x10 <- 0xFFFFBFFFFFFFFFFF
mem[X,0x000000008000C6F0] -> 0x0593
mem[X,0x000000008000C6F2] -> 0x0010
[1331] [M]: 0x000000008000C6F0 (0x00100593) addi a1, zero, 1
x11 <- 0x0000000000000001
mem[X,0x000000008000C6F4] -> 0x9593
mem[X,0x000000008000C6F6] -> 0x01F5
[1332] [M]: 0x000000008000C6F4 (0x01F59593) slli a1, a1, 31
x11 <- 0x0000000080000000
mem[X,0x000000008000C6F8] -> 0xC593
mem[X,0x000000008000C6FA] -> 0xFFF5
[1333] [M]: 0x000000008000C6F8 (0xFFF5C593) xori a1, a1, 4095
x11 <- 0xFFFFFFFF7FFFFFFF
mem[X,0x000000008000C6FC] -> 0x0113
mem[X,0x000000008000C6FE] -> 0x0000
[1334] [M]: 0x000000008000C6FC (0x00000113) addi sp, zero, 0
x2 <- 0x0000000000000000
mem[X,0x000000008000C700] -> 0x006F
mem[X,0x000000008000C702] -> 0x00C0
[1335] [M]: 0x000000008000C700 (0x00C0006F) jal zero, 12
mem[X,0x000000008000C70C] -> 0x1663
mem[X,0x000000008000C70E] -> 0x00B5
[1336] [M]: 0x000000008000C70C (0x00B51663) bne a0, a1, 12
mem[X,0x000000008000C718] -> 0x0113
mem[X,0x000000008000C71A] -> 0x0031
[1337] [M]: 0x000000008000C718 (0x00310113) addi sp, sp, 3
x2 <- 0x0000000000000003
mem[X,0x000000008000C71C] -> 0x006F
mem[X,0x000000008000C71E] -> 0x0040
[1338] [M]: 0x000000008000C71C (0x0040006F) jal zero, 4
mem[X,0x000000008000C720] -> 0xBC23
mem[X,0x000000008000C722] -> 0x2420
[1339] [M]: 0x000000008000C720 (0x2420BC23) sd sp, 600(ra)
mem[0x0000000080045430] <- 0x0000000000000003
mem[X,0x000000008000C724] -> 0x0513
mem[X,0x000000008000C726] -> 0x0010
[1340] [M]: 0x000000008000C724 (0x00100513) addi a0, zero, 1
x10 <- 0x0000000000000001
mem[X,0x000000008000C728] -> 0x1513
mem[X,0x000000008000C72A] -> 0x01B5
[1341] [M]: 0x000000008000C728 (0x01B51513) slli a0, a0, 27
x10 <- 0x0000000008000000
mem[X,0x000000008000C72C] -> 0x0593
mem[X,0x000000008000C72E] -> 0x0010
[1342] [M]: 0x000000008000C72C (0x00100593) addi a1, zero, 1
x11 <- 0x0000000000000001
mem[X,0x000000008000C730] -> 0x9593
mem[X,0x000000008000C732] -> 0x0205
[1343] [M]: 0x000000008000C730 (0x02059593) slli a1, a1, 32
x11 <- 0x0000000100000000
mem[X,0x000000008000C734] -> 0xC593
mem[X,0x000000008000C736] -> 0xFFF5
[1344] [M]: 0x000000008000C734 (0xFFF5C593) xori a1, a1, 4095
x11 <- 0xFFFFFFFEFFFFFFFF
mem[X,0x000000008000C738] -> 0x0113
mem[X,0x000000008000C73A] -> 0x0000
[1345] [M]: 0x000000008000C738 (0x00000113) addi sp, zero, 0
x2 <- 0x0000000000000000
mem[X,0x000000008000C73C] -> 0x006F
mem[X,0x000000008000C73E] -> 0x00C0
[1346] [M]: 0x000000008000C73C (0x00C0006F) jal zero, 12
mem[X,0x000000008000C748] -> 0x1CE3
mem[X,0x000000008000C74A] -> 0xFEB5
[1347] [M]: 0x000000008000C748 (0xFEB51CE3) bne a0, a1, 8184
mem[X,0x000000008000C740] -> 0x0113
mem[X,0x000000008000C742] -> 0x0011
[1348] [M]: 0x000000008000C740 (0x00110113) addi sp, sp, 1
x2 <- 0x0000000000000001
mem[X,0x000000008000C744] -> 0x006F
mem[X,0x000000008000C746] -> 0x0180
[1349] [M]: 0x000000008000C744 (0x0180006F) jal zero, 24
mem[X,0x000000008000C75C] -> 0xB023
mem[X,0x000000008000C75E] -> 0x2620
[1350] [M]: 0x000000008000C75C (0x2620B023) sd sp, 608(ra)
mem[0x0000000080045438] <- 0x0000000000000001
mem[X,0x000000008000C760] -> 0x3537
mem[X,0x000000008000C762] -> 0x3333
[1351] [M]: 0x000000008000C760 (0x33333537) lui a0, 209715
x10 <- 0x0000000033333000
mem[X,0x000000008000C764] -> 0x0513
mem[X,0x000000008000C766] -> 0x3335
[1352] [M]: 0x000000008000C764 (0x33350513) addi a0, a0, 819
x10 <- 0x0000000033333333
mem[X,0x000000008000C768] -> 0x1513
mem[X,0x000000008000C76A] -> 0x00B5
[1353] [M]: 0x000000008000C768 (0x00B51513) slli a0, a0, 11
x10 <- 0x0000019999999800
mem[X,0x000000008000C76C] -> 0x0513
mem[X,0x000000008000C76E] -> 0x1995
[1354] [M]: 0x000000008000C76C (0x19950513) addi a0, a0, 409
x10 <- 0x0000019999999999
mem[X,0x000000008000C770] -> 0x1513
mem[X,0x000000008000C772] -> 0x00B5
[1355] [M]: 0x000000008000C770 (0x00B51513) slli a0, a0, 11
x10 <- 0x000CCCCCCCCCC800
mem[X,0x000000008000C774] -> 0x0513
mem[X,0x000000008000C776] -> 0x4CC5
[1356] [M]: 0x000000008000C774 (0x4CC50513) addi a0, a0, 1228
x10 <- 0x000CCCCCCCCCCCCC
mem[X,0x000000008000C778] -> 0x1513
mem[X,0x000000008000C77A] -> 0x00A5
[1357] [M]: 0x000000008000C778 (0x00A51513) slli a0, a0, 10
x10 <- 0x3333333333333000
mem[X,0x000000008000C77C] -> 0x0513
mem[X,0x000000008000C77E] -> 0x3345
[1358] [M]: 0x000000008000C77C (0x33450513) addi a0, a0, 820
x10 <- 0x3333333333333334
mem[X,0x000000008000C780] -> 0x0593
mem[X,0x000000008000C782] -> 0x0010
[1359] [M]: 0x000000008000C780 (0x00100593) addi a1, zero, 1
x11 <- 0x0000000000000001
mem[X,0x000000008000C784] -> 0x9593
mem[X,0x000000008000C786] -> 0x0215
[1360] [M]: 0x000000008000C784 (0x02159593) slli a1, a1, 33
x11 <- 0x0000000200000000
mem[X,0x000000008000C788] -> 0xC593
mem[X,0x000000008000C78A] -> 0xFFF5
[1361] [M]: 0x000000008000C788 (0xFFF5C593) xori a1, a1, 4095
x11 <- 0xFFFFFFFDFFFFFFFF
mem[X,0x000000008000C78C] -> 0x0113
mem[X,0x000000008000C78E] -> 0x0000
[1362] [M]: 0x000000008000C78C (0x00000113) addi sp, zero, 0
x2 <- 0x0000000000000000
mem[X,0x000000008000C790] -> 0x006F
mem[X,0x000000008000C792] -> 0x00C0
[1363] [M]: 0x000000008000C790 (0x00C0006F) jal zero, 12
mem[X,0x000000008000C79C] -> 0x1663
mem[X,0x000000008000C79E] -> 0x00B5
[1364] [M]: 0x000000008000C79C (0x00B51663) bne a0, a1, 12
mem[X,0x000000008000C7A8] -> 0x0113
mem[X,0x000000008000C7AA] -> 0x0031
[1365] [M]: 0x000000008000C7A8 (0x00310113) addi sp, sp, 3
x2 <- 0x0000000000000003
mem[X,0x000000008000C7AC] -> 0x006F
mem[X,0x000000008000C7AE] -> 0x0040
[1366] [M]: 0x000000008000C7AC (0x0040006F) jal zero, 4
mem[X,0x000000008000C7B0] -> 0xB423
mem[X,0x000000008000C7B2] -> 0x2620
[1367] [M]: 0x000000008000C7B0 (0x2620B423) sd sp, 616(ra)
mem[0x0000000080045440] <- 0x0000000000000003
mem[X,0x000000008000C7B4] -> 0x0513
mem[X,0x000000008000C7B6] -> 0x0000
[1368] [M]: 0x000000008000C7B4 (0x00000513) addi a0, zero, 0
x10 <- 0x0000000000000000
mem[X,0x000000008000C7B8] -> 0x0593
mem[X,0x000000008000C7BA] -> 0x0010
[1369] [M]: 0x000000008000C7B8 (0x00100593) addi a1, zero, 1
x11 <- 0x0000000000000001
mem[X,0x000000008000C7BC] -> 0x9593
mem[X,0x000000008000C7BE] -> 0x0225
[1370] [M]: 0x000000008000C7BC (0x02259593) slli a1, a1, 34
x11 <- 0x0000000400000000
mem[X,0x000000008000C7C0] -> 0xC593
mem[X,0x000000008000C7C2] -> 0xFFF5
[1371] [M]: 0x000000008000C7C0 (0xFFF5C593) xori a1, a1, 4095
x11 <- 0xFFFFFFFBFFFFFFFF
mem[X,0x000000008000C7C4] -> 0x0113
mem[X,0x000000008000C7C6] -> 0x0000
[1372] [M]: 0x000000008000C7C4 (0x00000113) addi sp, zero, 0
x2 <- 0x0000000000000000
mem[X,0x000000008000C7C8] -> 0x006F
mem[X,0x000000008000C7CA] -> 0x00C0
[1373] [M]: 0x000000008000C7C8 (0x00C0006F) jal zero, 12
mem[X,0x000000008000C7D4] -> 0x1CE3
mem[X,0x000000008000C7D6] -> 0xFEB5
[1374] [M]: 0x000000008000C7D4 (0xFEB51CE3) bne a0, a1, 8184
mem[X,0x000000008000C7CC] -> 0x0113
mem[X,0x000000008000C7CE] -> 0x0011
[1375] [M]: 0x000000008000C7CC (0x00110113) addi sp, sp, 1
x2 <- 0x0000000000000001
mem[X,0x000000008000C7D0] -> 0x006F
mem[X,0x000000008000C7D2] -> 0x0180
[1376] [M]: 0x000000008000C7D0 (0x0180006F) jal zero, 24
mem[X,0x000000008000C7E8] -> 0xB823
mem[X,0x000000008000C7EA] -> 0x2620
[1377] [M]: 0x000000008000C7E8 (0x2620B823) sd sp, 624(ra)
mem[0x0000000080045448] <- 0x0000000000000001
mem[X,0x000000008000C7EC] -> 0xB537
mem[X,0x000000008000C7EE] -> 0xAAAA
[1378] [M]: 0x000000008000C7EC (0xAAAAB537) lui a0, 699051
x10 <- 0xFFFFFFFFAAAAB000
mem[X,0x000000008000C7F0] -> 0x0513
mem[X,0x000000008000C7F2] -> 0xAAA5
[1379] [M]: 0x000000008000C7F0 (0xAAA50513) addi a0, a0, 2730
x10 <- 0xFFFFFFFFAAAAAAAA
mem[X,0x000000008000C7F4] -> 0x1513
mem[X,0x000000008000C7F6] -> 0x00B5
[1380] [M]: 0x000000008000C7F4 (0x00B51513) slli a0, a0, 11
x10 <- 0xFFFFFD5555555000
mem[X,0x000000008000C7F8] -> 0x0513
mem[X,0x000000008000C7FA] -> 0x5555
[1381] [M]: 0x000000008000C7F8 (0x55550513) addi a0, a0, 1365
x10 <- 0xFFFFFD5555555555
mem[X,0x000000008000C7FC] -> 0x1513
mem[X,0x000000008000C7FE] -> 0x00B5
[1382] [M]: 0x000000008000C7FC (0x00B51513) slli a0, a0, 11
x10 <- 0xFFEAAAAAAAAAA800
mem[X,0x000000008000C800] -> 0x0513
mem[X,0x000000008000C802] -> 0x2AA5
[1383] [M]: 0x000000008000C800 (0x2AA50513) addi a0, a0, 682
x10 <- 0xFFEAAAAAAAAAAAAA
mem[X,0x000000008000C804] -> 0x1513
mem[X,0x000000008000C806] -> 0x00A5
[1384] [M]: 0x000000008000C804 (0x00A51513) slli a0, a0, 10
x10 <- 0xAAAAAAAAAAAAA800
mem[X,0x000000008000C808] -> 0x0513
mem[X,0x000000008000C80A] -> 0x2AA5
[1385] [M]: 0x000000008000C808 (0x2AA50513) addi a0, a0, 682
x10 <- 0xAAAAAAAAAAAAAAAA
mem[X,0x000000008000C80C] -> 0x0593
mem[X,0x000000008000C80E] -> 0x0010
[1386] [M]: 0x000000008000C80C (0x00100593) addi a1, zero, 1
x11 <- 0x0000000000000001
mem[X,0x000000008000C810] -> 0x9593
mem[X,0x000000008000C812] -> 0x0235
[1387] [M]: 0x000000008000C810 (0x02359593) slli a1, a1, 35
x11 <- 0x0000000800000000
mem[X,0x000000008000C814] -> 0xC593
mem[X,0x000000008000C816] -> 0xFFF5
[1388] [M]: 0x000000008000C814 (0xFFF5C593) xori a1, a1, 4095
x11 <- 0xFFFFFFF7FFFFFFFF
mem[X,0x000000008000C818] -> 0x0113
mem[X,0x000000008000C81A] -> 0x0000
[1389] [M]: 0x000000008000C818 (0x00000113) addi sp, zero, 0
x2 <- 0x0000000000000000
mem[X,0x000000008000C81C] -> 0x006F
mem[X,0x000000008000C81E] -> 0x00C0
[1390] [M]: 0x000000008000C81C (0x00C0006F) jal zero, 12
mem[X,0x000000008000C828] -> 0x1663
mem[X,0x000000008000C82A] -> 0x00B5
[1391] [M]: 0x000000008000C828 (0x00B51663) bne a0, a1, 12
mem[X,0x000000008000C834] -> 0x0113
mem[X,0x000000008000C836] -> 0x0031
[1392] [M]: 0x000000008000C834 (0x00310113) addi sp, sp, 3
x2 <- 0x0000000000000003
mem[X,0x000000008000C838] -> 0x006F
mem[X,0x000000008000C83A] -> 0x0040
[1393] [M]: 0x000000008000C838 (0x0040006F) jal zero, 4
mem[X,0x000000008000C83C] -> 0xBC23
mem[X,0x000000008000C83E] -> 0x2620
[1394] [M]: 0x000000008000C83C (0x2620BC23) sd sp, 632(ra)
mem[0x0000000080045450] <- 0x0000000000000003
mem[X,0x000000008000C840] -> 0x0513
mem[X,0x000000008000C842] -> 0x0000
[1395] [M]: 0x000000008000C840 (0x00000513) addi a0, zero, 0
x10 <- 0x0000000000000000
mem[X,0x000000008000C844] -> 0x0593
mem[X,0x000000008000C846] -> 0x0010
[1396] [M]: 0x000000008000C844 (0x00100593) addi a1, zero, 1
x11 <- 0x0000000000000001
mem[X,0x000000008000C848] -> 0x9593
mem[X,0x000000008000C84A] -> 0x0245
[1397] [M]: 0x000000008000C848 (0x02459593) slli a1, a1, 36
x11 <- 0x0000001000000000
mem[X,0x000000008000C84C] -> 0xC593
mem[X,0x000000008000C84E] -> 0xFFF5
[1398] [M]: 0x000000008000C84C (0xFFF5C593) xori a1, a1, 4095
x11 <- 0xFFFFFFEFFFFFFFFF
mem[X,0x000000008000C850] -> 0x0113
mem[X,0x000000008000C852] -> 0x0000
[1399] [M]: 0x000000008000C850 (0x00000113) addi sp, zero, 0
x2 <- 0x0000000000000000
clint::tick mtime <- 0x000000000000000E
 clint timer pending at mtime 0x000000000000000E
htif::tick 0x0000000000000000
mem[X,0x000000008000C854] -> 0x006F
mem[X,0x000000008000C856] -> 0x00C0
[1400] [M]: 0x000000008000C854 (0x00C0006F) jal zero, 12
mem[X,0x000000008000C860] -> 0x1063
mem[X,0x000000008000C862] -> 0x20B5
[1401] [M]: 0x000000008000C860 (0x20B51063) bne a0, a1, 512
mem[X,0x000000008000CA60] -> 0x0113
mem[X,0x000000008000CA62] -> 0x0031
[1402] [M]: 0x000000008000CA60 (0x00310113) addi sp, sp, 3
x2 <- 0x0000000000000003
mem[X,0x000000008000CA64] -> 0x006F
mem[X,0x000000008000CA66] -> 0x0040
[1403] [M]: 0x000000008000CA64 (0x0040006F) jal zero, 4
mem[X,0x000000008000CA68] -> 0xB023
mem[X,0x000000008000CA6A] -> 0x2820
[1404] [M]: 0x000000008000CA68 (0x2820B023) sd sp, 640(ra)
mem[0x0000000080045458] <- 0x0000000000000003
mem[X,0x000000008000CA6C] -> 0xB537
mem[X,0x000000008000CA6E] -> 0xAAAA
[1405] [M]: 0x000000008000CA6C (0xAAAAB537) lui a0, 699051
x10 <- 0xFFFFFFFFAAAAB000
mem[X,0x000000008000CA70] -> 0x0513
mem[X,0x000000008000CA72] -> 0xAAA5
[1406] [M]: 0x000000008000CA70 (0xAAA50513) addi a0, a0, 2730
x10 <- 0xFFFFFFFFAAAAAAAA
mem[X,0x000000008000CA74] -> 0x1513
mem[X,0x000000008000CA76] -> 0x00B5
[1407] [M]: 0x000000008000CA74 (0x00B51513) slli a0, a0, 11
x10 <- 0xFFFFFD5555555000
mem[X,0x000000008000CA78] -> 0x0513
mem[X,0x000000008000CA7A] -> 0x5555
[1408] [M]: 0x000000008000CA78 (0x55550513) addi a0, a0, 1365
x10 <- 0xFFFFFD5555555555
mem[X,0x000000008000CA7C] -> 0x1513
mem[X,0x000000008000CA7E] -> 0x00B5
[1409] [M]: 0x000000008000CA7C (0x00B51513) slli a0, a0, 11
x10 <- 0xFFEAAAAAAAAAA800
mem[X,0x000000008000CA80] -> 0x0513
mem[X,0x000000008000CA82] -> 0x2AA5
[1410] [M]: 0x000000008000CA80 (0x2AA50513) addi a0, a0, 682
x10 <- 0xFFEAAAAAAAAAAAAA
mem[X,0x000000008000CA84] -> 0x1513
mem[X,0x000000008000CA86] -> 0x00A5
[1411] [M]: 0x000000008000CA84 (0x00A51513) slli a0, a0, 10
x10 <- 0xAAAAAAAAAAAAA800
mem[X,0x000000008000CA88] -> 0x0513
mem[X,0x000000008000CA8A] -> 0x2AB5
[1412] [M]: 0x000000008000CA88 (0x2AB50513) addi a0, a0, 683
x10 <- 0xAAAAAAAAAAAAAAAB
mem[X,0x000000008000CA8C] -> 0x0593
mem[X,0x000000008000CA8E] -> 0x0010
[1413] [M]: 0x000000008000CA8C (0x00100593) addi a1, zero, 1
x11 <- 0x0000000000000001
mem[X,0x000000008000CA90] -> 0x9593
mem[X,0x000000008000CA92] -> 0x0255
[1414] [M]: 0x000000008000CA90 (0x02559593) slli a1, a1, 37
x11 <- 0x0000002000000000
mem[X,0x000000008000CA94] -> 0xC593
mem[X,0x000000008000CA96] -> 0xFFF5
[1415] [M]: 0x000000008000CA94 (0xFFF5C593) xori a1, a1, 4095
x11 <- 0xFFFFFFDFFFFFFFFF
mem[X,0x000000008000CA98] -> 0x0113
mem[X,0x000000008000CA9A] -> 0x0000
[1416] [M]: 0x000000008000CA98 (0x00000113) addi sp, zero, 0
x2 <- 0x0000000000000000
mem[X,0x000000008000CA9C] -> 0x006F
mem[X,0x000000008000CA9E] -> 0x00C0
[1417] [M]: 0x000000008000CA9C (0x00C0006F) jal zero, 12
mem[X,0x000000008000CAA8] -> 0x1063
mem[X,0x000000008000CAAA] -> 0x02B5
[1418] [M]: 0x000000008000CAA8 (0x02B51063) bne a0, a1, 32
mem[X,0x000000008000CAC8] -> 0x0113
mem[X,0x000000008000CACA] -> 0x0031
[1419] [M]: 0x000000008000CAC8 (0x00310113) addi sp, sp, 3
x2 <- 0x0000000000000003
mem[X,0x000000008000CACC] -> 0x006F
mem[X,0x000000008000CACE] -> 0x0040
[1420] [M]: 0x000000008000CACC (0x0040006F) jal zero, 4
mem[X,0x000000008000CAD0] -> 0xB423
mem[X,0x000000008000CAD2] -> 0x2820
[1421] [M]: 0x000000008000CAD0 (0x2820B423) sd sp, 648(ra)
mem[0x0000000080045460] <- 0x0000000000000003
mem[X,0x000000008000CAD4] -> 0x0513
mem[X,0x000000008000CAD6] -> 0x0010
[1422] [M]: 0x000000008000CAD4 (0x00100513) addi a0, zero, 1
x10 <- 0x0000000000000001
mem[X,0x000000008000CAD8] -> 0x1513
mem[X,0x000000008000CADA] -> 0x0275
[1423] [M]: 0x000000008000CAD8 (0x02751513) slli a0, a0, 39
x10 <- 0x0000008000000000
mem[X,0x000000008000CADC] -> 0x4513
mem[X,0x000000008000CADE] -> 0xFFF5
[1424] [M]: 0x000000008000CADC (0xFFF54513) xori a0, a0, 4095
x10 <- 0xFFFFFF7FFFFFFFFF
mem[X,0x000000008000CAE0] -> 0x0593
mem[X,0x000000008000CAE2] -> 0x0010
[1425] [M]: 0x000000008000CAE0 (0x00100593) addi a1, zero, 1
x11 <- 0x0000000000000001
mem[X,0x000000008000CAE4] -> 0x9593
mem[X,0x000000008000CAE6] -> 0x0265
[1426] [M]: 0x000000008000CAE4 (0x02659593) slli a1, a1, 38
x11 <- 0x0000004000000000
mem[X,0x000000008000CAE8] -> 0xC593
mem[X,0x000000008000CAEA] -> 0xFFF5
[1427] [M]: 0x000000008000CAE8 (0xFFF5C593) xori a1, a1, 4095
x11 <- 0xFFFFFFBFFFFFFFFF
mem[X,0x000000008000CAEC] -> 0x0113
mem[X,0x000000008000CAEE] -> 0x0000
[1428] [M]: 0x000000008000CAEC (0x00000113) addi sp, zero, 0
x2 <- 0x0000000000000000
mem[X,0x000000008000CAF0] -> 0x006F
mem[X,0x000000008000CAF2] -> 0x00C0
[1429] [M]: 0x000000008000CAF0 (0x00C0006F) jal zero, 12
mem[X,0x000000008000CAFC] -> 0x1663
mem[X,0x000000008000CAFE] -> 0x00B5
[1430] [M]: 0x000000008000CAFC (0x00B51663) bne a0, a1, 12
mem[X,0x000000008000CB08] -> 0x0113
mem[X,0x000000008000CB0A] -> 0x0031
[1431] [M]: 0x000000008000CB08 (0x00310113) addi sp, sp, 3
x2 <- 0x0000000000000003
mem[X,0x000000008000CB0C] -> 0x006F
mem[X,0x000000008000CB0E] -> 0x0040
[1432] [M]: 0x000000008000CB0C (0x0040006F) jal zero, 4
mem[X,0x000000008000CB10] -> 0xB823
mem[X,0x000000008000CB12] -> 0x2820
[1433] [M]: 0x000000008000CB10 (0x2820B823) sd sp, 656(ra)
mem[0x0000000080045468] <- 0x0000000000000003
mem[X,0x000000008000CB14] -> 0x0513
mem[X,0x000000008000CB16] -> 0xFFC0
[1434] [M]: 0x000000008000CB14 (0xFFC00513) addi a0, zero, 4092
x10 <- 0xFFFFFFFFFFFFFFFC
mem[X,0x000000008000CB18] -> 0x0593
mem[X,0x000000008000CB1A] -> 0x0010
[1435] [M]: 0x000000008000CB18 (0x00100593) addi a1, zero, 1
x11 <- 0x0000000000000001
mem[X,0x000000008000CB1C] -> 0x9593
mem[X,0x000000008000CB1E] -> 0x0275
[1436] [M]: 0x000000008000CB1C (0x02759593) slli a1, a1, 39
x11 <- 0x0000008000000000
mem[X,0x000000008000CB20] -> 0xC593
mem[X,0x000000008000CB22] -> 0xFFF5
[1437] [M]: 0x000000008000CB20 (0xFFF5C593) xori a1, a1, 4095
x11 <- 0xFFFFFF7FFFFFFFFF
mem[X,0x000000008000CB24] -> 0x0113
mem[X,0x000000008000CB26] -> 0x0000
[1438] [M]: 0x000000008000CB24 (0x00000113) addi sp, zero, 0
x2 <- 0x0000000000000000
mem[X,0x000000008000CB28] -> 0x006F
mem[X,0x000000008000CB2A] -> 0x00C0
[1439] [M]: 0x000000008000CB28 (0x00C0006F) jal zero, 12
mem[X,0x000000008000CB34] -> 0x1063
mem[X,0x000000008000CB36] -> 0x10B5
[1440] [M]: 0x000000008000CB34 (0x10B51063) bne a0, a1, 256
mem[X,0x000000008000CC34] -> 0x0113
mem[X,0x000000008000CC36] -> 0x0031
[1441] [M]: 0x000000008000CC34 (0x00310113) addi sp, sp, 3
x2 <- 0x0000000000000003
mem[X,0x000000008000CC38] -> 0x006F
mem[X,0x000000008000CC3A] -> 0x0040
[1442] [M]: 0x000000008000CC38 (0x0040006F) jal zero, 4
mem[X,0x000000008000CC3C] -> 0xBC23
mem[X,0x000000008000CC3E] -> 0x2820
[1443] [M]: 0x000000008000CC3C (0x2820BC23) sd sp, 664(ra)
mem[0x0000000080045470] <- 0x0000000000000003
mem[X,0x000000008000CC40] -> 0x0513
mem[X,0x000000008000CC42] -> 0x0010
[1444] [M]: 0x000000008000CC40 (0x00100513) addi a0, zero, 1
x10 <- 0x0000000000000001
mem[X,0x000000008000CC44] -> 0x1513
mem[X,0x000000008000CC46] -> 0x0325
[1445] [M]: 0x000000008000CC44 (0x03251513) slli a0, a0, 50
x10 <- 0x0004000000000000
mem[X,0x000000008000CC48] -> 0x4513
mem[X,0x000000008000CC4A] -> 0xFFF5
[1446] [M]: 0x000000008000CC48 (0xFFF54513) xori a0, a0, 4095
x10 <- 0xFFFBFFFFFFFFFFFF
mem[X,0x000000008000CC4C] -> 0x0593
mem[X,0x000000008000CC4E] -> 0x0010
[1447] [M]: 0x000000008000CC4C (0x00100593) addi a1, zero, 1
x11 <- 0x0000000000000001
mem[X,0x000000008000CC50] -> 0x9593
mem[X,0x000000008000CC52] -> 0x0285
[1448] [M]: 0x000000008000CC50 (0x02859593) slli a1, a1, 40
x11 <- 0x0000010000000000
mem[X,0x000000008000CC54] -> 0xC593
mem[X,0x000000008000CC56] -> 0xFFF5
[1449] [M]: 0x000000008000CC54 (0xFFF5C593) xori a1, a1, 4095
x11 <- 0xFFFFFEFFFFFFFFFF
mem[X,0x000000008000CC58] -> 0x0113
mem[X,0x000000008000CC5A] -> 0x0000
[1450] [M]: 0x000000008000CC58 (0x00000113) addi sp, zero, 0
x2 <- 0x0000000000000000
mem[X,0x000000008000CC5C] -> 0x006F
mem[X,0x000000008000CC5E] -> 0x00C0
[1451] [M]: 0x000000008000CC5C (0x00C0006F) jal zero, 12
mem[X,0x000000008000CC68] -> 0x1063
mem[X,0x000000008000CC6A] -> 0x20B5
[1452] [M]: 0x000000008000CC68 (0x20B51063) bne a0, a1, 512
mem[X,0x000000008000CE68] -> 0x0113
mem[X,0x000000008000CE6A] -> 0x0031
[1453] [M]: 0x000000008000CE68 (0x00310113) addi sp, sp, 3
x2 <- 0x0000000000000003
mem[X,0x000000008000CE6C] -> 0x006F
mem[X,0x000000008000CE6E] -> 0x0040
[1454] [M]: 0x000000008000CE6C (0x0040006F) jal zero, 4
mem[X,0x000000008000CE70] -> 0xB023
mem[X,0x000000008000CE72] -> 0x2A20
[1455] [M]: 0x000000008000CE70 (0x2A20B023) sd sp, 672(ra)
mem[0x0000000080045478] <- 0x0000000000000003
mem[X,0x000000008000CE74] -> 0x0513
mem[X,0x000000008000CE76] -> 0x0010
[1456] [M]: 0x000000008000CE74 (0x00100513) addi a0, zero, 1
x10 <- 0x0000000000000001
mem[X,0x000000008000CE78] -> 0x1513
mem[X,0x000000008000CE7A] -> 0x03C5
[1457] [M]: 0x000000008000CE78 (0x03C51513) slli a0, a0, 60
x10 <- 0x1000000000000000
mem[X,0x000000008000CE7C] -> 0x4513
mem[X,0x000000008000CE7E] -> 0xFFF5
[1458] [M]: 0x000000008000CE7C (0xFFF54513) xori a0, a0, 4095
x10 <- 0xEFFFFFFFFFFFFFFF
mem[X,0x000000008000CE80] -> 0x0593
mem[X,0x000000008000CE82] -> 0x0010
[1459] [M]: 0x000000008000CE80 (0x00100593) addi a1, zero, 1
x11 <- 0x0000000000000001
mem[X,0x000000008000CE84] -> 0x9593
mem[X,0x000000008000CE86] -> 0x0295
[1460] [M]: 0x000000008000CE84 (0x02959593) slli a1, a1, 41
x11 <- 0x0000020000000000
mem[X,0x000000008000CE88] -> 0xC593
mem[X,0x000000008000CE8A] -> 0xFFF5
[1461] [M]: 0x000000008000CE88 (0xFFF5C593) xori a1, a1, 4095
x11 <- 0xFFFFFDFFFFFFFFFF
mem[X,0x000000008000CE8C] -> 0x0113
mem[X,0x000000008000CE8E] -> 0x0000
[1462] [M]: 0x000000008000CE8C (0x00000113) addi sp, zero, 0
x2 <- 0x0000000000000000
mem[X,0x000000008000CE90] -> 0x006F
mem[X,0x000000008000CE92] -> 0x00C0
[1463] [M]: 0x000000008000CE90 (0x00C0006F) jal zero, 12
mem[X,0x000000008000CE9C] -> 0x1063
mem[X,0x000000008000CE9E] -> 0x20B5
[1464] [M]: 0x000000008000CE9C (0x20B51063) bne a0, a1, 512
mem[X,0x000000008000D09C] -> 0x0113
mem[X,0x000000008000D09E] -> 0x0031
[1465] [M]: 0x000000008000D09C (0x00310113) addi sp, sp, 3
x2 <- 0x0000000000000003
mem[X,0x000000008000D0A0] -> 0x006F
mem[X,0x000000008000D0A2] -> 0x0040
[1466] [M]: 0x000000008000D0A0 (0x0040006F) jal zero, 4
mem[X,0x000000008000D0A4] -> 0xB423
mem[X,0x000000008000D0A6] -> 0x2A20
[1467] [M]: 0x000000008000D0A4 (0x2A20B423) sd sp, 680(ra)
mem[0x0000000080045480] <- 0x0000000000000003
mem[X,0x000000008000D0A8] -> 0x0513
mem[X,0x000000008000D0AA] -> 0x2000
[1468] [M]: 0x000000008000D0A8 (0x20000513) addi a0, zero, 512
x10 <- 0x0000000000000200
mem[X,0x000000008000D0AC] -> 0x0593
mem[X,0x000000008000D0AE] -> 0x0010
[1469] [M]: 0x000000008000D0AC (0x00100593) addi a1, zero, 1
x11 <- 0x0000000000000001
mem[X,0x000000008000D0B0] -> 0x9593
mem[X,0x000000008000D0B2] -> 0x02C5
[1470] [M]: 0x000000008000D0B0 (0x02C59593) slli a1, a1, 44
x11 <- 0x0000100000000000
mem[X,0x000000008000D0B4] -> 0xC593
mem[X,0x000000008000D0B6] -> 0xFFF5
[1471] [M]: 0x000000008000D0B4 (0xFFF5C593) xori a1, a1, 4095
x11 <- 0xFFFFEFFFFFFFFFFF
mem[X,0x000000008000D0B8] -> 0x0113
mem[X,0x000000008000D0BA] -> 0x0000
[1472] [M]: 0x000000008000D0B8 (0x00000113) addi sp, zero, 0
x2 <- 0x0000000000000000
mem[X,0x000000008000D0BC] -> 0x006F
mem[X,0x000000008000D0BE] -> 0x00C0
[1473] [M]: 0x000000008000D0BC (0x00C0006F) jal zero, 12
mem[X,0x000000008000D0C8] -> 0x1CE3
mem[X,0x000000008000D0CA] -> 0xFEB5
[1474] [M]: 0x000000008000D0C8 (0xFEB51CE3) bne a0, a1, 8184
mem[X,0x000000008000D0C0] -> 0x0113
mem[X,0x000000008000D0C2] -> 0x0011
[1475] [M]: 0x000000008000D0C0 (0x00110113) addi sp, sp, 1
x2 <- 0x0000000000000001
mem[X,0x000000008000D0C4] -> 0x006F
mem[X,0x000000008000D0C6] -> 0x0180
[1476] [M]: 0x000000008000D0C4 (0x0180006F) jal zero, 24
mem[X,0x000000008000D0DC] -> 0xB823
mem[X,0x000000008000D0DE] -> 0x2A20
[1477] [M]: 0x000000008000D0DC (0x2A20B823) sd sp, 688(ra)
mem[0x0000000080045488] <- 0x0000000000000001
mem[X,0x000000008000D0E0] -> 0x0513
mem[X,0x000000008000D0E2] -> 0x0010
[1478] [M]: 0x000000008000D0E0 (0x00100513) addi a0, zero, 1
x10 <- 0x0000000000000001
mem[X,0x000000008000D0E4] -> 0x1513
mem[X,0x000000008000D0E6] -> 0x0385
[1479] [M]: 0x000000008000D0E4 (0x03851513) slli a0, a0, 56
x10 <- 0x0100000000000000
mem[X,0x000000008000D0E8] -> 0x4513
mem[X,0x000000008000D0EA] -> 0xFFF5
[1480] [M]: 0x000000008000D0E8 (0xFFF54513) xori a0, a0, 4095
x10 <- 0xFEFFFFFFFFFFFFFF
mem[X,0x000000008000D0EC] -> 0x0593
mem[X,0x000000008000D0EE] -> 0x0010
[1481] [M]: 0x000000008000D0EC (0x00100593) addi a1, zero, 1
x11 <- 0x0000000000000001
mem[X,0x000000008000D0F0] -> 0x9593
mem[X,0x000000008000D0F2] -> 0x02D5
[1482] [M]: 0x000000008000D0F0 (0x02D59593) slli a1, a1, 45
x11 <- 0x0000200000000000
mem[X,0x000000008000D0F4] -> 0xC593
mem[X,0x000000008000D0F6] -> 0xFFF5
[1483] [M]: 0x000000008000D0F4 (0xFFF5C593) xori a1, a1, 4095
x11 <- 0xFFFFDFFFFFFFFFFF
mem[X,0x000000008000D0F8] -> 0x0113
mem[X,0x000000008000D0FA] -> 0x0000
[1484] [M]: 0x000000008000D0F8 (0x00000113) addi sp, zero, 0
x2 <- 0x0000000000000000
mem[X,0x000000008000D0FC] -> 0x006F
mem[X,0x000000008000D0FE] -> 0x00C0
[1485] [M]: 0x000000008000D0FC (0x00C0006F) jal zero, 12
mem[X,0x000000008000D108] -> 0x1663
mem[X,0x000000008000D10A] -> 0x00B5
[1486] [M]: 0x000000008000D108 (0x00B51663) bne a0, a1, 12
mem[X,0x000000008000D114] -> 0x0113
mem[X,0x000000008000D116] -> 0x0031
[1487] [M]: 0x000000008000D114 (0x00310113) addi sp, sp, 3
x2 <- 0x0000000000000003
mem[X,0x000000008000D118] -> 0x006F
mem[X,0x000000008000D11A] -> 0x0040
[1488] [M]: 0x000000008000D118 (0x0040006F) jal zero, 4
mem[X,0x000000008000D11C] -> 0xBC23
mem[X,0x000000008000D11E] -> 0x2A20
[1489] [M]: 0x000000008000D11C (0x2A20BC23) sd sp, 696(ra)
mem[0x0000000080045490] <- 0x0000000000000003
mem[X,0x000000008000D120] -> 0x0513
mem[X,0x000000008000D122] -> 0x1000
[1490] [M]: 0x000000008000D120 (0x10000513) addi a0, zero, 256
x10 <- 0x0000000000000100
mem[X,0x000000008000D124] -> 0x0593
mem[X,0x000000008000D126] -> 0x0010
[1491] [M]: 0x000000008000D124 (0x00100593) addi a1, zero, 1
x11 <- 0x0000000000000001
mem[X,0x000000008000D128] -> 0x9593
mem[X,0x000000008000D12A] -> 0x02E5
[1492] [M]: 0x000000008000D128 (0x02E59593) slli a1, a1, 46
x11 <- 0x0000400000000000
mem[X,0x000000008000D12C] -> 0xC593
mem[X,0x000000008000D12E] -> 0xFFF5
[1493] [M]: 0x000000008000D12C (0xFFF5C593) xori a1, a1, 4095
x11 <- 0xFFFFBFFFFFFFFFFF
mem[X,0x000000008000D130] -> 0x0113
mem[X,0x000000008000D132] -> 0x0000
[1494] [M]: 0x000000008000D130 (0x00000113) addi sp, zero, 0
x2 <- 0x0000000000000000
mem[X,0x000000008000D134] -> 0x006F
mem[X,0x000000008000D136] -> 0x0140
[1495] [M]: 0x000000008000D134 (0x0140006F) jal zero, 20
mem[X,0x000000008000D148] -> 0x18E3
mem[X,0x000000008000D14A] -> 0xFEB5
[1496] [M]: 0x000000008000D148 (0xFEB518E3) bne a0, a1, 8176
mem[X,0x000000008000D138] -> 0x0113
mem[X,0x000000008000D13A] -> 0x0011
[1497] [M]: 0x000000008000D138 (0x00110113) addi sp, sp, 1
x2 <- 0x0000000000000001
mem[X,0x000000008000D13C] -> 0x006F
mem[X,0x000000008000D13E] -> 0x0200
[1498] [M]: 0x000000008000D13C (0x0200006F) jal zero, 32
mem[X,0x000000008000D15C] -> 0xB023
mem[X,0x000000008000D15E] -> 0x2C20
[1499] [M]: 0x000000008000D15C (0x2C20B023) sd sp, 704(ra)
mem[0x0000000080045498] <- 0x0000000000000001
clint::tick mtime <- 0x000000000000000F
 clint timer pending at mtime 0x000000000000000F
htif::tick 0x0000000000000000
mem[X,0x000000008000D160] -> 0x3537
mem[X,0x000000008000D162] -> 0x3333
[1500] [M]: 0x000000008000D160 (0x33333537) lui a0, 209715
x10 <- 0x0000000033333000
mem[X,0x000000008000D164] -> 0x0513
mem[X,0x000000008000D166] -> 0x3335
[1501] [M]: 0x000000008000D164 (0x33350513) addi a0, a0, 819
x10 <- 0x0000000033333333
mem[X,0x000000008000D168] -> 0x1513
mem[X,0x000000008000D16A] -> 0x00B5
[1502] [M]: 0x000000008000D168 (0x00B51513) slli a0, a0, 11
x10 <- 0x0000019999999800
mem[X,0x000000008000D16C] -> 0x0513
mem[X,0x000000008000D16E] -> 0x1995
[1503] [M]: 0x000000008000D16C (0x19950513) addi a0, a0, 409
x10 <- 0x0000019999999999
mem[X,0x000000008000D170] -> 0x1513
mem[X,0x000000008000D172] -> 0x00B5
[1504] [M]: 0x000000008000D170 (0x00B51513) slli a0, a0, 11
x10 <- 0x000CCCCCCCCCC800
mem[X,0x000000008000D174] -> 0x0513
mem[X,0x000000008000D176] -> 0x4CC5
[1505] [M]: 0x000000008000D174 (0x4CC50513) addi a0, a0, 1228
x10 <- 0x000CCCCCCCCCCCCC
mem[X,0x000000008000D178] -> 0x1513
mem[X,0x000000008000D17A] -> 0x00A5
[1506] [M]: 0x000000008000D178 (0x00A51513) slli a0, a0, 10
x10 <- 0x3333333333333000
mem[X,0x000000008000D17C] -> 0x0513
mem[X,0x000000008000D17E] -> 0x3335
[1507] [M]: 0x000000008000D17C (0x33350513) addi a0, a0, 819
x10 <- 0x3333333333333333
mem[X,0x000000008000D180] -> 0x0593
mem[X,0x000000008000D182] -> 0x0010
[1508] [M]: 0x000000008000D180 (0x00100593) addi a1, zero, 1
x11 <- 0x0000000000000001
mem[X,0x000000008000D184] -> 0x9593
mem[X,0x000000008000D186] -> 0x02F5
[1509] [M]: 0x000000008000D184 (0x02F59593) slli a1, a1, 47
x11 <- 0x0000800000000000
mem[X,0x000000008000D188] -> 0xC593
mem[X,0x000000008000D18A] -> 0xFFF5
[1510] [M]: 0x000000008000D188 (0xFFF5C593) xori a1, a1, 4095
x11 <- 0xFFFF7FFFFFFFFFFF
mem[X,0x000000008000D18C] -> 0x0113
mem[X,0x000000008000D18E] -> 0x0000
[1511] [M]: 0x000000008000D18C (0x00000113) addi sp, zero, 0
x2 <- 0x0000000000000000
mem[X,0x000000008000D190] -> 0x006F
mem[X,0x000000008000D192] -> 0x00C0
[1512] [M]: 0x000000008000D190 (0x00C0006F) jal zero, 12
mem[X,0x000000008000D19C] -> 0x1CE3
mem[X,0x000000008000D19E] -> 0xFEB5
[1513] [M]: 0x000000008000D19C (0xFEB51CE3) bne a0, a1, 8184
mem[X,0x000000008000D194] -> 0x0113
mem[X,0x000000008000D196] -> 0x0011
[1514] [M]: 0x000000008000D194 (0x00110113) addi sp, sp, 1
x2 <- 0x0000000000000001
mem[X,0x000000008000D198] -> 0x006F
mem[X,0x000000008000D19A] -> 0x0180
[1515] [M]: 0x000000008000D198 (0x0180006F) jal zero, 24
mem[X,0x000000008000D1B0] -> 0xB423
mem[X,0x000000008000D1B2] -> 0x2C20
[1516] [M]: 0x000000008000D1B0 (0x2C20B423) sd sp, 712(ra)
mem[0x00000000800454A0] <- 0x0000000000000001
mem[X,0x000000008000D1B4] -> 0x0513
mem[X,0x000000008000D1B6] -> 0xEFF0
[1517] [M]: 0x000000008000D1B4 (0xEFF00513) addi a0, zero, 3839
x10 <- 0xFFFFFFFFFFFFFEFF
mem[X,0x000000008000D1B8] -> 0x0593
mem[X,0x000000008000D1BA] -> 0x0010
[1518] [M]: 0x000000008000D1B8 (0x00100593) addi a1, zero, 1
x11 <- 0x0000000000000001
mem[X,0x000000008000D1BC] -> 0x9593
mem[X,0x000000008000D1BE] -> 0x0305
[1519] [M]: 0x000000008000D1BC (0x03059593) slli a1, a1, 48
x11 <- 0x0001000000000000
mem[X,0x000000008000D1C0] -> 0xC593
mem[X,0x000000008000D1C2] -> 0xFFF5
[1520] [M]: 0x000000008000D1C0 (0xFFF5C593) xori a1, a1, 4095
x11 <- 0xFFFEFFFFFFFFFFFF
mem[X,0x000000008000D1C4] -> 0x0113
mem[X,0x000000008000D1C6] -> 0x0000
[1521] [M]: 0x000000008000D1C4 (0x00000113) addi sp, zero, 0
x2 <- 0x0000000000000000
mem[X,0x000000008000D1C8] -> 0x006F
mem[X,0x000000008000D1CA] -> 0x00C0
[1522] [M]: 0x000000008000D1C8 (0x00C0006F) jal zero, 12
mem[X,0x000000008000D1D4] -> 0x1063
mem[X,0x000000008000D1D6] -> 0x20B5
[1523] [M]: 0x000000008000D1D4 (0x20B51063) bne a0, a1, 512
mem[X,0x000000008000D3D4] -> 0x0113
mem[X,0x000000008000D3D6] -> 0x0031
[1524] [M]: 0x000000008000D3D4 (0x00310113) addi sp, sp, 3
x2 <- 0x0000000000000003
mem[X,0x000000008000D3D8] -> 0x006F
mem[X,0x000000008000D3DA] -> 0x0040
[1525] [M]: 0x000000008000D3D8 (0x0040006F) jal zero, 4
mem[X,0x000000008000D3DC] -> 0xB823
mem[X,0x000000008000D3DE] -> 0x2C20
[1526] [M]: 0x000000008000D3DC (0x2C20B823) sd sp, 720(ra)
mem[0x00000000800454A8] <- 0x0000000000000003
mem[X,0x000000008000D3E0] -> 0x0513
mem[X,0x000000008000D3E2] -> 0x0010
[1527] [M]: 0x000000008000D3E0 (0x00100513) addi a0, zero, 1
x10 <- 0x0000000000000001
mem[X,0x000000008000D3E4] -> 0x1513
mem[X,0x000000008000D3E6] -> 0x0165
[1528] [M]: 0x000000008000D3E4 (0x01651513) slli a0, a0, 22
x10 <- 0x0000000000400000
mem[X,0x000000008000D3E8] -> 0x0593
mem[X,0x000000008000D3EA] -> 0x0010
[1529] [M]: 0x000000008000D3E8 (0x00100593) addi a1, zero, 1
x11 <- 0x0000000000000001
mem[X,0x000000008000D3EC] -> 0x9593
mem[X,0x000000008000D3EE] -> 0x0315
[1530] [M]: 0x000000008000D3EC (0x03159593) slli a1, a1, 49
x11 <- 0x0002000000000000
mem[X,0x000000008000D3F0] -> 0xC593
mem[X,0x000000008000D3F2] -> 0xFFF5
[1531] [M]: 0x000000008000D3F0 (0xFFF5C593) xori a1, a1, 4095
x11 <- 0xFFFDFFFFFFFFFFFF
mem[X,0x000000008000D3F4] -> 0x0113
mem[X,0x000000008000D3F6] -> 0x0000
[1532] [M]: 0x000000008000D3F4 (0x00000113) addi sp, zero, 0
x2 <- 0x0000000000000000
mem[X,0x000000008000D3F8] -> 0x006F
mem[X,0x000000008000D3FA] -> 0x0100
[1533] [M]: 0x000000008000D3F8 (0x0100006F) jal zero, 16
mem[X,0x000000008000D408] -> 0x1AE3
mem[X,0x000000008000D40A] -> 0xFEB5
[1534] [M]: 0x000000008000D408 (0xFEB51AE3) bne a0, a1, 8180
mem[X,0x000000008000D3FC] -> 0x0113
mem[X,0x000000008000D3FE] -> 0x0011
[1535] [M]: 0x000000008000D3FC (0x00110113) addi sp, sp, 1
x2 <- 0x0000000000000001
mem[X,0x000000008000D400] -> 0x006F
mem[X,0x000000008000D402] -> 0x01C0
[1536] [M]: 0x000000008000D400 (0x01C0006F) jal zero, 28
mem[X,0x000000008000D41C] -> 0xBC23
mem[X,0x000000008000D41E] -> 0x2C20
[1537] [M]: 0x000000008000D41C (0x2C20BC23) sd sp, 728(ra)
mem[0x00000000800454B0] <- 0x0000000000000001
mem[X,0x000000008000D420] -> 0x3537
mem[X,0x000000008000D422] -> 0x3333
[1538] [M]: 0x000000008000D420 (0x33333537) lui a0, 209715
x10 <- 0x0000000033333000
mem[X,0x000000008000D424] -> 0x0513
mem[X,0x000000008000D426] -> 0x3335
[1539] [M]: 0x000000008000D424 (0x33350513) addi a0, a0, 819
x10 <- 0x0000000033333333
mem[X,0x000000008000D428] -> 0x1513
mem[X,0x000000008000D42A] -> 0x00B5
[1540] [M]: 0x000000008000D428 (0x00B51513) slli a0, a0, 11
x10 <- 0x0000019999999800
mem[X,0x000000008000D42C] -> 0x0513
mem[X,0x000000008000D42E] -> 0x1995
[1541] [M]: 0x000000008000D42C (0x19950513) addi a0, a0, 409
x10 <- 0x0000019999999999
mem[X,0x000000008000D430] -> 0x1513
mem[X,0x000000008000D432] -> 0x00B5
[1542] [M]: 0x000000008000D430 (0x00B51513) slli a0, a0, 11
x10 <- 0x000CCCCCCCCCC800
mem[X,0x000000008000D434] -> 0x0513
mem[X,0x000000008000D436] -> 0x4CC5
[1543] [M]: 0x000000008000D434 (0x4CC50513) addi a0, a0, 1228
x10 <- 0x000CCCCCCCCCCCCC
mem[X,0x000000008000D438] -> 0x1513
mem[X,0x000000008000D43A] -> 0x00A5
[1544] [M]: 0x000000008000D438 (0x00A51513) slli a0, a0, 10
x10 <- 0x3333333333333000
mem[X,0x000000008000D43C] -> 0x0513
mem[X,0x000000008000D43E] -> 0x3325
[1545] [M]: 0x000000008000D43C (0x33250513) addi a0, a0, 818
x10 <- 0x3333333333333332
mem[X,0x000000008000D440] -> 0x0593
mem[X,0x000000008000D442] -> 0x0010
[1546] [M]: 0x000000008000D440 (0x00100593) addi a1, zero, 1
x11 <- 0x0000000000000001
mem[X,0x000000008000D444] -> 0x9593
mem[X,0x000000008000D446] -> 0x0325
[1547] [M]: 0x000000008000D444 (0x03259593) slli a1, a1, 50
x11 <- 0x0004000000000000
mem[X,0x000000008000D448] -> 0xC593
mem[X,0x000000008000D44A] -> 0xFFF5
[1548] [M]: 0x000000008000D448 (0xFFF5C593) xori a1, a1, 4095
x11 <- 0xFFFBFFFFFFFFFFFF
mem[X,0x000000008000D44C] -> 0x0113
mem[X,0x000000008000D44E] -> 0x0000
[1549] [M]: 0x000000008000D44C (0x00000113) addi sp, zero, 0
x2 <- 0x0000000000000000
mem[X,0x000000008000D450] -> 0x006F
mem[X,0x000000008000D452] -> 0x00C0
[1550] [M]: 0x000000008000D450 (0x00C0006F) jal zero, 12
mem[X,0x000000008000D45C] -> 0x1063
mem[X,0x000000008000D45E] -> 0x40B5
[1551] [M]: 0x000000008000D45C (0x40B51063) bne a0, a1, 1024
mem[X,0x000000008000D85C] -> 0x0113
mem[X,0x000000008000D85E] -> 0x0031
[1552] [M]: 0x000000008000D85C (0x00310113) addi sp, sp, 3
x2 <- 0x0000000000000003
mem[X,0x000000008000D860] -> 0x006F
mem[X,0x000000008000D862] -> 0x0040
[1553] [M]: 0x000000008000D860 (0x0040006F) jal zero, 4
mem[X,0x000000008000D864] -> 0xB023
mem[X,0x000000008000D866] -> 0x2E20
[1554] [M]: 0x000000008000D864 (0x2E20B023) sd sp, 736(ra)
mem[0x00000000800454B8] <- 0x0000000000000003
mem[X,0x000000008000D868] -> 0x0513
mem[X,0x000000008000D86A] -> 0x0010
[1555] [M]: 0x000000008000D868 (0x00100513) addi a0, zero, 1
x10 <- 0x0000000000000001
mem[X,0x000000008000D86C] -> 0x1513
mem[X,0x000000008000D86E] -> 0x0185
[1556] [M]: 0x000000008000D86C (0x01851513) slli a0, a0, 24
x10 <- 0x0000000001000000
mem[X,0x000000008000D870] -> 0x0593
mem[X,0x000000008000D872] -> 0x0010
[1557] [M]: 0x000000008000D870 (0x00100593) addi a1, zero, 1
x11 <- 0x0000000000000001
mem[X,0x000000008000D874] -> 0x9593
mem[X,0x000000008000D876] -> 0x0335
[1558] [M]: 0x000000008000D874 (0x03359593) slli a1, a1, 51
x11 <- 0x0008000000000000
mem[X,0x000000008000D878] -> 0xC593
mem[X,0x000000008000D87A] -> 0xFFF5
[1559] [M]: 0x000000008000D878 (0xFFF5C593) xori a1, a1, 4095
x11 <- 0xFFF7FFFFFFFFFFFF
mem[X,0x000000008000D87C] -> 0x0113
mem[X,0x000000008000D87E] -> 0x0000
[1560] [M]: 0x000000008000D87C (0x00000113) addi sp, zero, 0
x2 <- 0x0000000000000000
mem[X,0x000000008000D880] -> 0x006F
mem[X,0x000000008000D882] -> 0x2B10
[1561] [M]: 0x000000008000D880 (0x2B10006F) jal zero, 2736
mem[X,0x000000008000E330] -> 0x1A63
mem[X,0x000000008000E332] -> 0xD4B5
[1562] [M]: 0x000000008000E330 (0xD4B51A63) bne a0, a1, 5460
mem[X,0x000000008000D884] -> 0x0113
mem[X,0x000000008000D886] -> 0x0011
[1563] [M]: 0x000000008000D884 (0x00110113) addi sp, sp, 1
x2 <- 0x0000000000000001
mem[X,0x000000008000D888] -> 0x006F
mem[X,0x000000008000D88A] -> 0x2BD0
[1564] [M]: 0x000000008000D888 (0x2BD0006F) jal zero, 2748
mem[X,0x000000008000E344] -> 0xB423
mem[X,0x000000008000E346] -> 0x2E20
[1565] [M]: 0x000000008000E344 (0x2E20B423) sd sp, 744(ra)
mem[0x00000000800454C0] <- 0x0000000000000001
mem[X,0x000000008000E348] -> 0x0513
mem[X,0x000000008000E34A] -> 0x0020
[1566] [M]: 0x000000008000E348 (0x00200513) addi a0, zero, 2
x10 <- 0x0000000000000002
mem[X,0x000000008000E34C] -> 0x0593
mem[X,0x000000008000E34E] -> 0x0010
[1567] [M]: 0x000000008000E34C (0x00100593) addi a1, zero, 1
x11 <- 0x0000000000000001
mem[X,0x000000008000E350] -> 0x9593
mem[X,0x000000008000E352] -> 0x0345
[1568] [M]: 0x000000008000E350 (0x03459593) slli a1, a1, 52
x11 <- 0x0010000000000000
mem[X,0x000000008000E354] -> 0xC593
mem[X,0x000000008000E356] -> 0xFFF5
[1569] [M]: 0x000000008000E354 (0xFFF5C593) xori a1, a1, 4095
x11 <- 0xFFEFFFFFFFFFFFFF
mem[X,0x000000008000E358] -> 0x0113
mem[X,0x000000008000E35A] -> 0x0000
[1570] [M]: 0x000000008000E358 (0x00000113) addi sp, zero, 0
x2 <- 0x0000000000000000
mem[X,0x000000008000E35C] -> 0x006F
mem[X,0x000000008000E35E] -> 0x00C0
[1571] [M]: 0x000000008000E35C (0x00C0006F) jal zero, 12
mem[X,0x000000008000E368] -> 0x1063
mem[X,0x000000008000E36A] -> 0x08B5
[1572] [M]: 0x000000008000E368 (0x08B51063) bne a0, a1, 128
mem[X,0x000000008000E3E8] -> 0x0113
mem[X,0x000000008000E3EA] -> 0x0031
[1573] [M]: 0x000000008000E3E8 (0x00310113) addi sp, sp, 3
x2 <- 0x0000000000000003
mem[X,0x000000008000E3EC] -> 0x006F
mem[X,0x000000008000E3EE] -> 0x0040
[1574] [M]: 0x000000008000E3EC (0x0040006F) jal zero, 4
mem[X,0x000000008000E3F0] -> 0xB823
mem[X,0x000000008000E3F2] -> 0x2E20
[1575] [M]: 0x000000008000E3F0 (0x2E20B823) sd sp, 752(ra)
mem[0x00000000800454C8] <- 0x0000000000000003
mem[X,0x000000008000E3F4] -> 0x0513
mem[X,0x000000008000E3F6] -> 0x0010
[1576] [M]: 0x000000008000E3F4 (0x00100513) addi a0, zero, 1
x10 <- 0x0000000000000001
mem[X,0x000000008000E3F8] -> 0x1513
mem[X,0x000000008000E3FA] -> 0x0305
[1577] [M]: 0x000000008000E3F8 (0x03051513) slli a0, a0, 48
x10 <- 0x0001000000000000
mem[X,0x000000008000E3FC] -> 0x0593
mem[X,0x000000008000E3FE] -> 0x0010
[1578] [M]: 0x000000008000E3FC (0x00100593) addi a1, zero, 1
x11 <- 0x0000000000000001
mem[X,0x000000008000E400] -> 0x9593
mem[X,0x000000008000E402] -> 0x0355
[1579] [M]: 0x000000008000E400 (0x03559593) slli a1, a1, 53
x11 <- 0x0020000000000000
mem[X,0x000000008000E404] -> 0xC593
mem[X,0x000000008000E406] -> 0xFFF5
[1580] [M]: 0x000000008000E404 (0xFFF5C593) xori a1, a1, 4095
x11 <- 0xFFDFFFFFFFFFFFFF
mem[X,0x000000008000E408] -> 0x0113
mem[X,0x000000008000E40A] -> 0x0000
[1581] [M]: 0x000000008000E408 (0x00000113) addi sp, zero, 0
x2 <- 0x0000000000000000
mem[X,0x000000008000E40C] -> 0x006F
mem[X,0x000000008000E40E] -> 0x00C0
[1582] [M]: 0x000000008000E40C (0x00C0006F) jal zero, 12
mem[X,0x000000008000E418] -> 0x1CE3
mem[X,0x000000008000E41A] -> 0xFEB5
[1583] [M]: 0x000000008000E418 (0xFEB51CE3) bne a0, a1, 8184
mem[X,0x000000008000E410] -> 0x0113
mem[X,0x000000008000E412] -> 0x0011
[1584] [M]: 0x000000008000E410 (0x00110113) addi sp, sp, 1
x2 <- 0x0000000000000001
mem[X,0x000000008000E414] -> 0x006F
mem[X,0x000000008000E416] -> 0x0180
[1585] [M]: 0x000000008000E414 (0x0180006F) jal zero, 24
mem[X,0x000000008000E42C] -> 0xBC23
mem[X,0x000000008000E42E] -> 0x2E20
[1586] [M]: 0x000000008000E42C (0x2E20BC23) sd sp, 760(ra)
mem[0x00000000800454D0] <- 0x0000000000000001
mem[X,0x000000008000E430] -> 0x0513
mem[X,0x000000008000E432] -> 0x0010
[1587] [M]: 0x000000008000E430 (0x00100513) addi a0, zero, 1
x10 <- 0x0000000000000001
mem[X,0x000000008000E434] -> 0x1513
mem[X,0x000000008000E436] -> 0x01A5
[1588] [M]: 0x000000008000E434 (0x01A51513) slli a0, a0, 26
x10 <- 0x0000000004000000
mem[X,0x000000008000E438] -> 0x4513
mem[X,0x000000008000E43A] -> 0xFFF5
[1589] [M]: 0x000000008000E438 (0xFFF54513) xori a0, a0, 4095
x10 <- 0xFFFFFFFFFBFFFFFF
mem[X,0x000000008000E43C] -> 0x0593
mem[X,0x000000008000E43E] -> 0x0010
[1590] [M]: 0x000000008000E43C (0x00100593) addi a1, zero, 1
x11 <- 0x0000000000000001
mem[X,0x000000008000E440] -> 0x9593
mem[X,0x000000008000E442] -> 0x0365
[1591] [M]: 0x000000008000E440 (0x03659593) slli a1, a1, 54
x11 <- 0x0040000000000000
mem[X,0x000000008000E444] -> 0xC593
mem[X,0x000000008000E446] -> 0xFFF5
[1592] [M]: 0x000000008000E444 (0xFFF5C593) xori a1, a1, 4095
x11 <- 0xFFBFFFFFFFFFFFFF
mem[X,0x000000008000E448] -> 0x0113
mem[X,0x000000008000E44A] -> 0x0000
[1593] [M]: 0x000000008000E448 (0x00000113) addi sp, zero, 0
x2 <- 0x0000000000000000
mem[X,0x000000008000E44C] -> 0x006F
mem[X,0x000000008000E44E] -> 0x00C0
[1594] [M]: 0x000000008000E44C (0x00C0006F) jal zero, 12
mem[X,0x000000008000E458] -> 0x1063
mem[X,0x000000008000E45A] -> 0x08B5
[1595] [M]: 0x000000008000E458 (0x08B51063) bne a0, a1, 128
mem[X,0x000000008000E4D8] -> 0x0113
mem[X,0x000000008000E4DA] -> 0x0031
[1596] [M]: 0x000000008000E4D8 (0x00310113) addi sp, sp, 3
x2 <- 0x0000000000000003
mem[X,0x000000008000E4DC] -> 0x006F
mem[X,0x000000008000E4DE] -> 0x0040
[1597] [M]: 0x000000008000E4DC (0x0040006F) jal zero, 4
mem[X,0x000000008000E4E0] -> 0xB023
mem[X,0x000000008000E4E2] -> 0x3020
[1598] [M]: 0x000000008000E4E0 (0x3020B023) sd sp, 768(ra)
mem[0x00000000800454D8] <- 0x0000000000000003
mem[X,0x000000008000E4E4] -> 0x0537
mem[X,0x000000008000E4E6] -> 0x0000
[1599] [M]: 0x000000008000E4E4 (0x00000537) lui a0, 0
x10 <- 0x0000000000000000
clint::tick mtime <- 0x0000000000000010
 clint timer pending at mtime 0x0000000000000010
htif::tick 0x0000000000000000
mem[X,0x000000008000E4E8] -> 0x0513
mem[X,0x000000008000E4EA] -> 0x0005
[1600] [M]: 0x000000008000E4E8 (0x00050513) addi a0, a0, 0
x10 <- 0x0000000000000000
mem[X,0x000000008000E4EC] -> 0x1513
mem[X,0x000000008000E4EE] -> 0x00B5
[1601] [M]: 0x000000008000E4EC (0x00B51513) slli a0, a0, 11
x10 <- 0x0000000000000000
mem[X,0x000000008000E4F0] -> 0x0513
mem[X,0x000000008000E4F2] -> 0x5A85
[1602] [M]: 0x000000008000E4F0 (0x5A850513) addi a0, a0, 1448
x10 <- 0x00000000000005A8
mem[X,0x000000008000E4F4] -> 0x1513
mem[X,0x000000008000E4F6] -> 0x00B5
[1603] [M]: 0x000000008000E4F4 (0x00B51513) slli a0, a0, 11
x10 <- 0x00000000002D4000
mem[X,0x000000008000E4F8] -> 0x0513
mem[X,0x000000008000E4FA] -> 0x13C5
[1604] [M]: 0x000000008000E4F8 (0x13C50513) addi a0, a0, 316
x10 <- 0x00000000002D413C
mem[X,0x000000008000E4FC] -> 0x1513
mem[X,0x000000008000E4FE] -> 0x00A5
[1605] [M]: 0x000000008000E4FC (0x00A51513) slli a0, a0, 10
x10 <- 0x00000000B504F000
mem[X,0x000000008000E500] -> 0x0513
mem[X,0x000000008000E502] -> 0x3335
[1606] [M]: 0x000000008000E500 (0x33350513) addi a0, a0, 819
x10 <- 0x00000000B504F333
mem[X,0x000000008000E504] -> 0x0593
mem[X,0x000000008000E506] -> 0x0010
[1607] [M]: 0x000000008000E504 (0x00100593) addi a1, zero, 1
x11 <- 0x0000000000000001
mem[X,0x000000008000E508] -> 0x9593
mem[X,0x000000008000E50A] -> 0x0375
[1608] [M]: 0x000000008000E508 (0x03759593) slli a1, a1, 55
x11 <- 0x0080000000000000
mem[X,0x000000008000E50C] -> 0xC593
mem[X,0x000000008000E50E] -> 0xFFF5
[1609] [M]: 0x000000008000E50C (0xFFF5C593) xori a1, a1, 4095
x11 <- 0xFF7FFFFFFFFFFFFF
mem[X,0x000000008000E510] -> 0x0113
mem[X,0x000000008000E512] -> 0x0000
[1610] [M]: 0x000000008000E510 (0x00000113) addi sp, zero, 0
x2 <- 0x0000000000000000
mem[X,0x000000008000E514] -> 0x006F
mem[X,0x000000008000E516] -> 0x00C0
[1611] [M]: 0x000000008000E514 (0x00C0006F) jal zero, 12
mem[X,0x000000008000E520] -> 0x1663
mem[X,0x000000008000E522] -> 0x00B5
[1612] [M]: 0x000000008000E520 (0x00B51663) bne a0, a1, 12
mem[X,0x000000008000E52C] -> 0x0113
mem[X,0x000000008000E52E] -> 0x0031
[1613] [M]: 0x000000008000E52C (0x00310113) addi sp, sp, 3
x2 <- 0x0000000000000003
mem[X,0x000000008000E530] -> 0x006F
mem[X,0x000000008000E532] -> 0x0040
[1614] [M]: 0x000000008000E530 (0x0040006F) jal zero, 4
mem[X,0x000000008000E534] -> 0xB423
mem[X,0x000000008000E536] -> 0x3020
[1615] [M]: 0x000000008000E534 (0x3020B423) sd sp, 776(ra)
mem[0x00000000800454E0] <- 0x0000000000000003
mem[X,0x000000008000E538] -> 0x0513
mem[X,0x000000008000E53A] -> 0x0200
[1616] [M]: 0x000000008000E538 (0x02000513) addi a0, zero, 32
x10 <- 0x0000000000000020
mem[X,0x000000008000E53C] -> 0x0593
mem[X,0x000000008000E53E] -> 0x0010
[1617] [M]: 0x000000008000E53C (0x00100593) addi a1, zero, 1
x11 <- 0x0000000000000001
mem[X,0x000000008000E540] -> 0x9593
mem[X,0x000000008000E542] -> 0x0385
[1618] [M]: 0x000000008000E540 (0x03859593) slli a1, a1, 56
x11 <- 0x0100000000000000
mem[X,0x000000008000E544] -> 0xC593
mem[X,0x000000008000E546] -> 0xFFF5
[1619] [M]: 0x000000008000E544 (0xFFF5C593) xori a1, a1, 4095
x11 <- 0xFEFFFFFFFFFFFFFF
mem[X,0x000000008000E548] -> 0x0113
mem[X,0x000000008000E54A] -> 0x0000
[1620] [M]: 0x000000008000E548 (0x00000113) addi sp, zero, 0
x2 <- 0x0000000000000000
mem[X,0x000000008000E54C] -> 0x006F
mem[X,0x000000008000E54E] -> 0x0140
[1621] [M]: 0x000000008000E54C (0x0140006F) jal zero, 20
mem[X,0x000000008000E560] -> 0x18E3
mem[X,0x000000008000E562] -> 0xFEB5
[1622] [M]: 0x000000008000E560 (0xFEB518E3) bne a0, a1, 8176
mem[X,0x000000008000E550] -> 0x0113
mem[X,0x000000008000E552] -> 0x0011
[1623] [M]: 0x000000008000E550 (0x00110113) addi sp, sp, 1
x2 <- 0x0000000000000001
mem[X,0x000000008000E554] -> 0x006F
mem[X,0x000000008000E556] -> 0x0200
[1624] [M]: 0x000000008000E554 (0x0200006F) jal zero, 32
mem[X,0x000000008000E574] -> 0xB823
mem[X,0x000000008000E576] -> 0x3020
[1625] [M]: 0x000000008000E574 (0x3020B823) sd sp, 784(ra)
mem[0x00000000800454E8] <- 0x0000000000000001
mem[X,0x000000008000E578] -> 0x0513
mem[X,0x000000008000E57A] -> 0xFFD0
[1626] [M]: 0x000000008000E578 (0xFFD00513) addi a0, zero, 4093
x10 <- 0xFFFFFFFFFFFFFFFD
mem[X,0x000000008000E57C] -> 0x0593
mem[X,0x000000008000E57E] -> 0x0010
[1627] [M]: 0x000000008000E57C (0x00100593) addi a1, zero, 1
x11 <- 0x0000000000000001
mem[X,0x000000008000E580] -> 0x9593
mem[X,0x000000008000E582] -> 0x0395
[1628] [M]: 0x000000008000E580 (0x03959593) slli a1, a1, 57
x11 <- 0x0200000000000000
mem[X,0x000000008000E584] -> 0xC593
mem[X,0x000000008000E586] -> 0xFFF5
[1629] [M]: 0x000000008000E584 (0xFFF5C593) xori a1, a1, 4095
x11 <- 0xFDFFFFFFFFFFFFFF
mem[X,0x000000008000E588] -> 0x0113
mem[X,0x000000008000E58A] -> 0x0000
[1630] [M]: 0x000000008000E588 (0x00000113) addi sp, zero, 0
x2 <- 0x0000000000000000
mem[X,0x000000008000E58C] -> 0x006F
mem[X,0x000000008000E58E] -> 0x00C0
[1631] [M]: 0x000000008000E58C (0x00C0006F) jal zero, 12
mem[X,0x000000008000E598] -> 0x1063
mem[X,0x000000008000E59A] -> 0x40B5
[1632] [M]: 0x000000008000E598 (0x40B51063) bne a0, a1, 1024
mem[X,0x000000008000E998] -> 0x0113
mem[X,0x000000008000E99A] -> 0x0031
[1633] [M]: 0x000000008000E998 (0x00310113) addi sp, sp, 3
x2 <- 0x0000000000000003
mem[X,0x000000008000E99C] -> 0x006F
mem[X,0x000000008000E99E] -> 0x0040
[1634] [M]: 0x000000008000E99C (0x0040006F) jal zero, 4
mem[X,0x000000008000E9A0] -> 0xBC23
mem[X,0x000000008000E9A2] -> 0x3020
[1635] [M]: 0x000000008000E9A0 (0x3020BC23) sd sp, 792(ra)
mem[0x00000000800454F0] <- 0x0000000000000003
mem[X,0x000000008000E9A4] -> 0x0513
mem[X,0x000000008000E9A6] -> 0x0100
[1636] [M]: 0x000000008000E9A4 (0x01000513) addi a0, zero, 16
x10 <- 0x0000000000000010
mem[X,0x000000008000E9A8] -> 0x0593
mem[X,0x000000008000E9AA] -> 0x0010
[1637] [M]: 0x000000008000E9A8 (0x00100593) addi a1, zero, 1
x11 <- 0x0000000000000001
mem[X,0x000000008000E9AC] -> 0x9593
mem[X,0x000000008000E9AE] -> 0x03A5
[1638] [M]: 0x000000008000E9AC (0x03A59593) slli a1, a1, 58
x11 <- 0x0400000000000000
mem[X,0x000000008000E9B0] -> 0xC593
mem[X,0x000000008000E9B2] -> 0xFFF5
[1639] [M]: 0x000000008000E9B0 (0xFFF5C593) xori a1, a1, 4095
x11 <- 0xFBFFFFFFFFFFFFFF
mem[X,0x000000008000E9B4] -> 0x0113
mem[X,0x000000008000E9B6] -> 0x0000
[1640] [M]: 0x000000008000E9B4 (0x00000113) addi sp, zero, 0
x2 <- 0x0000000000000000
mem[X,0x000000008000E9B8] -> 0x006F
mem[X,0x000000008000E9BA] -> 0x00C0
[1641] [M]: 0x000000008000E9B8 (0x00C0006F) jal zero, 12
mem[X,0x000000008000E9C4] -> 0x1CE3
mem[X,0x000000008000E9C6] -> 0xFEB5
[1642] [M]: 0x000000008000E9C4 (0xFEB51CE3) bne a0, a1, 8184
mem[X,0x000000008000E9BC] -> 0x0113
mem[X,0x000000008000E9BE] -> 0x0011
[1643] [M]: 0x000000008000E9BC (0x00110113) addi sp, sp, 1
x2 <- 0x0000000000000001
mem[X,0x000000008000E9C0] -> 0x006F
mem[X,0x000000008000E9C2] -> 0x0180
[1644] [M]: 0x000000008000E9C0 (0x0180006F) jal zero, 24
mem[X,0x000000008000E9D8] -> 0xB023
mem[X,0x000000008000E9DA] -> 0x3220
[1645] [M]: 0x000000008000E9D8 (0x3220B023) sd sp, 800(ra)
mem[0x00000000800454F8] <- 0x0000000000000001
mem[X,0x000000008000E9DC] -> 0x6537
mem[X,0x000000008000E9DE] -> 0x6666
[1646] [M]: 0x000000008000E9DC (0x66666537) lui a0, 419430
x10 <- 0x0000000066666000
mem[X,0x000000008000E9E0] -> 0x0513
mem[X,0x000000008000E9E2] -> 0x6665
[1647] [M]: 0x000000008000E9E0 (0x66650513) addi a0, a0, 1638
x10 <- 0x0000000066666666
mem[X,0x000000008000E9E4] -> 0x1513
mem[X,0x000000008000E9E6] -> 0x00B5
[1648] [M]: 0x000000008000E9E4 (0x00B51513) slli a0, a0, 11
x10 <- 0x0000033333333000
mem[X,0x000000008000E9E8] -> 0x0513
mem[X,0x000000008000E9EA] -> 0x3335
[1649] [M]: 0x000000008000E9E8 (0x33350513) addi a0, a0, 819
x10 <- 0x0000033333333333
mem[X,0x000000008000E9EC] -> 0x1513
mem[X,0x000000008000E9EE] -> 0x00B5
[1650] [M]: 0x000000008000E9EC (0x00B51513) slli a0, a0, 11
x10 <- 0x0019999999999800
mem[X,0x000000008000E9F0] -> 0x0513
mem[X,0x000000008000E9F2] -> 0x1995
[1651] [M]: 0x000000008000E9F0 (0x19950513) addi a0, a0, 409
x10 <- 0x0019999999999999
mem[X,0x000000008000E9F4] -> 0x1513
mem[X,0x000000008000E9F6] -> 0x00A5
[1652] [M]: 0x000000008000E9F4 (0x00A51513) slli a0, a0, 10
x10 <- 0x6666666666666400
mem[X,0x000000008000E9F8] -> 0x0513
mem[X,0x000000008000E9FA] -> 0x2675
[1653] [M]: 0x000000008000E9F8 (0x26750513) addi a0, a0, 615
x10 <- 0x6666666666666667
mem[X,0x000000008000E9FC] -> 0x0593
mem[X,0x000000008000E9FE] -> 0x0010
[1654] [M]: 0x000000008000E9FC (0x00100593) addi a1, zero, 1
x11 <- 0x0000000000000001
mem[X,0x000000008000EA00] -> 0x9593
mem[X,0x000000008000EA02] -> 0x03B5
[1655] [M]: 0x000000008000EA00 (0x03B59593) slli a1, a1, 59
x11 <- 0x0800000000000000
mem[X,0x000000008000EA04] -> 0xC593
mem[X,0x000000008000EA06] -> 0xFFF5
[1656] [M]: 0x000000008000EA04 (0xFFF5C593) xori a1, a1, 4095
x11 <- 0xF7FFFFFFFFFFFFFF
mem[X,0x000000008000EA08] -> 0x0113
mem[X,0x000000008000EA0A] -> 0x0000
[1657] [M]: 0x000000008000EA08 (0x00000113) addi sp, zero, 0
x2 <- 0x0000000000000000
mem[X,0x000000008000EA0C] -> 0x006F
mem[X,0x000000008000EA0E] -> 0x00C0
[1658] [M]: 0x000000008000EA0C (0x00C0006F) jal zero, 12
mem[X,0x000000008000EA18] -> 0x1863
mem[X,0x000000008000EA1A] -> 0x00B5
[1659] [M]: 0x000000008000EA18 (0x00B51863) bne a0, a1, 16
mem[X,0x000000008000EA28] -> 0x0113
mem[X,0x000000008000EA2A] -> 0x0031
[1660] [M]: 0x000000008000EA28 (0x00310113) addi sp, sp, 3
x2 <- 0x0000000000000003
mem[X,0x000000008000EA2C] -> 0x006F
mem[X,0x000000008000EA2E] -> 0x0040
[1661] [M]: 0x000000008000EA2C (0x0040006F) jal zero, 4
mem[X,0x000000008000EA30] -> 0xB423
mem[X,0x000000008000EA32] -> 0x3220
[1662] [M]: 0x000000008000EA30 (0x3220B423) sd sp, 808(ra)
mem[0x0000000080045500] <- 0x0000000000000003
mem[X,0x000000008000EA34] -> 0x5537
mem[X,0x000000008000EA36] -> 0x5555
[1663] [M]: 0x000000008000EA34 (0x55555537) lui a0, 349525
x10 <- 0x0000000055555000
mem[X,0x000000008000EA38] -> 0x0513
mem[X,0x000000008000EA3A] -> 0x5555
[1664] [M]: 0x000000008000EA38 (0x55550513) addi a0, a0, 1365
x10 <- 0x0000000055555555
mem[X,0x000000008000EA3C] -> 0x1513
mem[X,0x000000008000EA3E] -> 0x00B5
[1665] [M]: 0x000000008000EA3C (0x00B51513) slli a0, a0, 11
x10 <- 0x000002AAAAAAA800
mem[X,0x000000008000EA40] -> 0x0513
mem[X,0x000000008000EA42] -> 0x2AA5
[1666] [M]: 0x000000008000EA40 (0x2AA50513) addi a0, a0, 682
x10 <- 0x000002AAAAAAAAAA
mem[X,0x000000008000EA44] -> 0x1513
mem[X,0x000000008000EA46] -> 0x00B5
[1667] [M]: 0x000000008000EA44 (0x00B51513) slli a0, a0, 11
x10 <- 0x0015555555555000
mem[X,0x000000008000EA48] -> 0x0513
mem[X,0x000000008000EA4A] -> 0x5555
[1668] [M]: 0x000000008000EA48 (0x55550513) addi a0, a0, 1365
x10 <- 0x0015555555555555
mem[X,0x000000008000EA4C] -> 0x1513
mem[X,0x000000008000EA4E] -> 0x00A5
[1669] [M]: 0x000000008000EA4C (0x00A51513) slli a0, a0, 10
x10 <- 0x5555555555555400
mem[X,0x000000008000EA50] -> 0x0513
mem[X,0x000000008000EA52] -> 0x1565
[1670] [M]: 0x000000008000EA50 (0x15650513) addi a0, a0, 342
x10 <- 0x5555555555555556
mem[X,0x000000008000EA54] -> 0x0593
mem[X,0x000000008000EA56] -> 0x0010
[1671] [M]: 0x000000008000EA54 (0x00100593) addi a1, zero, 1
x11 <- 0x0000000000000001
mem[X,0x000000008000EA58] -> 0x9593
mem[X,0x000000008000EA5A] -> 0x03C5
[1672] [M]: 0x000000008000EA58 (0x03C59593) slli a1, a1, 60
x11 <- 0x1000000000000000
mem[X,0x000000008000EA5C] -> 0xC593
mem[X,0x000000008000EA5E] -> 0xFFF5
[1673] [M]: 0x000000008000EA5C (0xFFF5C593) xori a1, a1, 4095
x11 <- 0xEFFFFFFFFFFFFFFF
mem[X,0x000000008000EA60] -> 0x0113
mem[X,0x000000008000EA62] -> 0x0000
[1674] [M]: 0x000000008000EA60 (0x00000113) addi sp, zero, 0
x2 <- 0x0000000000000000
mem[X,0x000000008000EA64] -> 0x006F
mem[X,0x000000008000EA66] -> 0x0100
[1675] [M]: 0x000000008000EA64 (0x0100006F) jal zero, 16
mem[X,0x000000008000EA74] -> 0x1AE3
mem[X,0x000000008000EA76] -> 0xFEB5
[1676] [M]: 0x000000008000EA74 (0xFEB51AE3) bne a0, a1, 8180
mem[X,0x000000008000EA68] -> 0x0113
mem[X,0x000000008000EA6A] -> 0x0011
[1677] [M]: 0x000000008000EA68 (0x00110113) addi sp, sp, 1
x2 <- 0x0000000000000001
mem[X,0x000000008000EA6C] -> 0x006F
mem[X,0x000000008000EA6E] -> 0x01C0
[1678] [M]: 0x000000008000EA6C (0x01C0006F) jal zero, 28
mem[X,0x000000008000EA88] -> 0xB823
mem[X,0x000000008000EA8A] -> 0x3220
[1679] [M]: 0x000000008000EA88 (0x3220B823) sd sp, 816(ra)
mem[0x0000000080045508] <- 0x0000000000000001
mem[X,0x000000008000EA8C] -> 0x0513
mem[X,0x000000008000EA8E] -> 0x0010
[1680] [M]: 0x000000008000EA8C (0x00100513) addi a0, zero, 1
x10 <- 0x0000000000000001
mem[X,0x000000008000EA90] -> 0x1513
mem[X,0x000000008000EA92] -> 0x0265
[1681] [M]: 0x000000008000EA90 (0x02651513) slli a0, a0, 38
x10 <- 0x0000004000000000
mem[X,0x000000008000EA94] -> 0x4513
mem[X,0x000000008000EA96] -> 0xFFF5
[1682] [M]: 0x000000008000EA94 (0xFFF54513) xori a0, a0, 4095
x10 <- 0xFFFFFFBFFFFFFFFF
mem[X,0x000000008000EA98] -> 0x0593
mem[X,0x000000008000EA9A] -> 0x0010
[1683] [M]: 0x000000008000EA98 (0x00100593) addi a1, zero, 1
x11 <- 0x0000000000000001
mem[X,0x000000008000EA9C] -> 0x9593
mem[X,0x000000008000EA9E] -> 0x03D5
[1684] [M]: 0x000000008000EA9C (0x03D59593) slli a1, a1, 61
x11 <- 0x2000000000000000
mem[X,0x000000008000EAA0] -> 0xC593
mem[X,0x000000008000EAA2] -> 0xFFF5
[1685] [M]: 0x000000008000EAA0 (0xFFF5C593) xori a1, a1, 4095
x11 <- 0xDFFFFFFFFFFFFFFF
mem[X,0x000000008000EAA4] -> 0x0113
mem[X,0x000000008000EAA6] -> 0x0000
[1686] [M]: 0x000000008000EAA4 (0x00000113) addi sp, zero, 0
x2 <- 0x0000000000000000
mem[X,0x000000008000EAA8] -> 0x006F
mem[X,0x000000008000EAAA] -> 0x00C0
[1687] [M]: 0x000000008000EAA8 (0x00C0006F) jal zero, 12
mem[X,0x000000008000EAB4] -> 0x1063
mem[X,0x000000008000EAB6] -> 0x40B5
[1688] [M]: 0x000000008000EAB4 (0x40B51063) bne a0, a1, 1024
mem[X,0x000000008000EEB4] -> 0x0113
mem[X,0x000000008000EEB6] -> 0x0031
[1689] [M]: 0x000000008000EEB4 (0x00310113) addi sp, sp, 3
x2 <- 0x0000000000000003
mem[X,0x000000008000EEB8] -> 0x006F
mem[X,0x000000008000EEBA] -> 0x0040
[1690] [M]: 0x000000008000EEB8 (0x0040006F) jal zero, 4
mem[X,0x000000008000EEBC] -> 0xBC23
mem[X,0x000000008000EEBE] -> 0x3220
[1691] [M]: 0x000000008000EEBC (0x3220BC23) sd sp, 824(ra)
mem[0x0000000080045510] <- 0x0000000000000003
mem[X,0x000000008000EEC0] -> 0x0513
mem[X,0x000000008000EEC2] -> 0xFF90
[1692] [M]: 0x000000008000EEC0 (0xFF900513) addi a0, zero, 4089
x10 <- 0xFFFFFFFFFFFFFFF9
mem[X,0x000000008000EEC4] -> 0x0593
mem[X,0x000000008000EEC6] -> 0x0010
[1693] [M]: 0x000000008000EEC4 (0x00100593) addi a1, zero, 1
x11 <- 0x0000000000000001
mem[X,0x000000008000EEC8] -> 0x9593
mem[X,0x000000008000EECA] -> 0x03E5
[1694] [M]: 0x000000008000EEC8 (0x03E59593) slli a1, a1, 62
x11 <- 0x4000000000000000
mem[X,0x000000008000EECC] -> 0xC593
mem[X,0x000000008000EECE] -> 0xFFF5
[1695] [M]: 0x000000008000EECC (0xFFF5C593) xori a1, a1, 4095
x11 <- 0xBFFFFFFFFFFFFFFF
mem[X,0x000000008000EED0] -> 0x0113
mem[X,0x000000008000EED2] -> 0x0000
[1696] [M]: 0x000000008000EED0 (0x00000113) addi sp, zero, 0
x2 <- 0x0000000000000000
mem[X,0x000000008000EED4] -> 0x006F
mem[X,0x000000008000EED6] -> 0x0100
[1697] [M]: 0x000000008000EED4 (0x0100006F) jal zero, 16
mem[X,0x000000008000EEE4] -> 0x1AE3
mem[X,0x000000008000EEE6] -> 0xFEB5
[1698] [M]: 0x000000008000EEE4 (0xFEB51AE3) bne a0, a1, 8180
mem[X,0x000000008000EED8] -> 0x0113
mem[X,0x000000008000EEDA] -> 0x0011
[1699] [M]: 0x000000008000EED8 (0x00110113) addi sp, sp, 1
x2 <- 0x0000000000000001
clint::tick mtime <- 0x0000000000000011
 clint timer pending at mtime 0x0000000000000011
htif::tick 0x0000000000000000
mem[X,0x000000008000EEDC] -> 0x006F
mem[X,0x000000008000EEDE] -> 0x01C0
[1700] [M]: 0x000000008000EEDC (0x01C0006F) jal zero, 28
mem[X,0x000000008000EEF8] -> 0xB023
mem[X,0x000000008000EEFA] -> 0x3420
[1701] [M]: 0x000000008000EEF8 (0x3420B023) sd sp, 832(ra)
mem[0x0000000080045518] <- 0x0000000000000001
mem[X,0x000000008000EEFC] -> 0x0513
mem[X,0x000000008000EEFE] -> 0x0010
[1702] [M]: 0x000000008000EEFC (0x00100513) addi a0, zero, 1
x10 <- 0x0000000000000001
mem[X,0x000000008000EF00] -> 0x1513
mem[X,0x000000008000EF02] -> 0x01F5
[1703] [M]: 0x000000008000EF00 (0x01F51513) slli a0, a0, 31
x10 <- 0x0000000080000000
mem[X,0x000000008000EF04] -> 0x4513
mem[X,0x000000008000EF06] -> 0xFFF5
[1704] [M]: 0x000000008000EF04 (0xFFF54513) xori a0, a0, 4095
x10 <- 0xFFFFFFFF7FFFFFFF
mem[X,0x000000008000EF08] -> 0x0593
mem[X,0x000000008000EF0A] -> 0xFFF0
[1705] [M]: 0x000000008000EF08 (0xFFF00593) addi a1, zero, 4095
x11 <- 0xFFFFFFFFFFFFFFFF
mem[X,0x000000008000EF0C] -> 0xD593
mem[X,0x000000008000EF0E] -> 0x0015
[1706] [M]: 0x000000008000EF0C (0x0015D593) srli a1, a1, 1
x11 <- 0x7FFFFFFFFFFFFFFF
mem[X,0x000000008000EF10] -> 0x0113
mem[X,0x000000008000EF12] -> 0x0000
[1707] [M]: 0x000000008000EF10 (0x00000113) addi sp, zero, 0
x2 <- 0x0000000000000000
mem[X,0x000000008000EF14] -> 0x006F
mem[X,0x000000008000EF16] -> 0x00C0
[1708] [M]: 0x000000008000EF14 (0x00C0006F) jal zero, 12
mem[X,0x000000008000EF20] -> 0x1063
mem[X,0x000000008000EF22] -> 0x40B5
[1709] [M]: 0x000000008000EF20 (0x40B51063) bne a0, a1, 1024
mem[X,0x000000008000F320] -> 0x0113
mem[X,0x000000008000F322] -> 0x0031
[1710] [M]: 0x000000008000F320 (0x00310113) addi sp, sp, 3
x2 <- 0x0000000000000003
mem[X,0x000000008000F324] -> 0x006F
mem[X,0x000000008000F326] -> 0x0040
[1711] [M]: 0x000000008000F324 (0x0040006F) jal zero, 4
mem[X,0x000000008000F328] -> 0xB423
mem[X,0x000000008000F32A] -> 0x3420
[1712] [M]: 0x000000008000F328 (0x3420B423) sd sp, 840(ra)
mem[0x0000000080045520] <- 0x0000000000000003
mem[X,0x000000008000F32C] -> 0x0513
mem[X,0x000000008000F32E] -> 0x0010
[1713] [M]: 0x000000008000F32C (0x00100513) addi a0, zero, 1
x10 <- 0x0000000000000001
mem[X,0x000000008000F330] -> 0x1513
mem[X,0x000000008000F332] -> 0x01A5
[1714] [M]: 0x000000008000F330 (0x01A51513) slli a0, a0, 26
x10 <- 0x0000000004000000
mem[X,0x000000008000F334] -> 0x4513
mem[X,0x000000008000F336] -> 0xFFF5
[1715] [M]: 0x000000008000F334 (0xFFF54513) xori a0, a0, 4095
x10 <- 0xFFFFFFFFFBFFFFFF
mem[X,0x000000008000F338] -> 0x55B7
mem[X,0x000000008000F33A] -> 0x5555
[1716] [M]: 0x000000008000F338 (0x555555B7) lui a1, 349525
x11 <- 0x0000000055555000
mem[X,0x000000008000F33C] -> 0x8593
mem[X,0x000000008000F33E] -> 0x5555
[1717] [M]: 0x000000008000F33C (0x55558593) addi a1, a1, 1365
x11 <- 0x0000000055555555
mem[X,0x000000008000F340] -> 0x9593
mem[X,0x000000008000F342] -> 0x00B5
[1718] [M]: 0x000000008000F340 (0x00B59593) slli a1, a1, 11
x11 <- 0x000002AAAAAAA800
mem[X,0x000000008000F344] -> 0x8593
mem[X,0x000000008000F346] -> 0x2AA5
[1719] [M]: 0x000000008000F344 (0x2AA58593) addi a1, a1, 682
x11 <- 0x000002AAAAAAAAAA
mem[X,0x000000008000F348] -> 0x9593
mem[X,0x000000008000F34A] -> 0x00B5
[1720] [M]: 0x000000008000F348 (0x00B59593) slli a1, a1, 11
x11 <- 0x0015555555555000
mem[X,0x000000008000F34C] -> 0x8593
mem[X,0x000000008000F34E] -> 0x5555
[1721] [M]: 0x000000008000F34C (0x55558593) addi a1, a1, 1365
x11 <- 0x0015555555555555
mem[X,0x000000008000F350] -> 0x9593
mem[X,0x000000008000F352] -> 0x00A5
[1722] [M]: 0x000000008000F350 (0x00A59593) slli a1, a1, 10
x11 <- 0x5555555555555400
mem[X,0x000000008000F354] -> 0x8593
mem[X,0x000000008000F356] -> 0x1555
[1723] [M]: 0x000000008000F354 (0x15558593) addi a1, a1, 341
x11 <- 0x5555555555555555
mem[X,0x000000008000F358] -> 0x0113
mem[X,0x000000008000F35A] -> 0x0000
[1724] [M]: 0x000000008000F358 (0x00000113) addi sp, zero, 0
x2 <- 0x0000000000000000
mem[X,0x000000008000F35C] -> 0x006F
mem[X,0x000000008000F35E] -> 0x00C0
[1725] [M]: 0x000000008000F35C (0x00C0006F) jal zero, 12
mem[X,0x000000008000F368] -> 0x1CE3
mem[X,0x000000008000F36A] -> 0xFEB5
[1726] [M]: 0x000000008000F368 (0xFEB51CE3) bne a0, a1, 8184
mem[X,0x000000008000F360] -> 0x0113
mem[X,0x000000008000F362] -> 0x0011
[1727] [M]: 0x000000008000F360 (0x00110113) addi sp, sp, 1
x2 <- 0x0000000000000001
mem[X,0x000000008000F364] -> 0x006F
mem[X,0x000000008000F366] -> 0x0180
[1728] [M]: 0x000000008000F364 (0x0180006F) jal zero, 24
mem[X,0x000000008000F37C] -> 0xB823
mem[X,0x000000008000F37E] -> 0x3420
[1729] [M]: 0x000000008000F37C (0x3420B823) sd sp, 848(ra)
mem[0x0000000080045528] <- 0x0000000000000001
mem[X,0x000000008000F380] -> 0x0513
mem[X,0x000000008000F382] -> 0x0060
[1730] [M]: 0x000000008000F380 (0x00600513) addi a0, zero, 6
x10 <- 0x0000000000000006
mem[X,0x000000008000F384] -> 0xB5B7
mem[X,0x000000008000F386] -> 0xAAAA
[1731] [M]: 0x000000008000F384 (0xAAAAB5B7) lui a1, 699051
x11 <- 0xFFFFFFFFAAAAB000
mem[X,0x000000008000F388] -> 0x8593
mem[X,0x000000008000F38A] -> 0xAAA5
[1732] [M]: 0x000000008000F388 (0xAAA58593) addi a1, a1, 2730
x11 <- 0xFFFFFFFFAAAAAAAA
mem[X,0x000000008000F38C] -> 0x9593
mem[X,0x000000008000F38E] -> 0x00B5
[1733] [M]: 0x000000008000F38C (0x00B59593) slli a1, a1, 11
x11 <- 0xFFFFFD5555555000
mem[X,0x000000008000F390] -> 0x8593
mem[X,0x000000008000F392] -> 0x5555
[1734] [M]: 0x000000008000F390 (0x55558593) addi a1, a1, 1365
x11 <- 0xFFFFFD5555555555
mem[X,0x000000008000F394] -> 0x9593
mem[X,0x000000008000F396] -> 0x00B5
[1735] [M]: 0x000000008000F394 (0x00B59593) slli a1, a1, 11
x11 <- 0xFFEAAAAAAAAAA800
mem[X,0x000000008000F398] -> 0x8593
mem[X,0x000000008000F39A] -> 0x2AA5
[1736] [M]: 0x000000008000F398 (0x2AA58593) addi a1, a1, 682
x11 <- 0xFFEAAAAAAAAAAAAA
mem[X,0x000000008000F39C] -> 0x9593
mem[X,0x000000008000F39E] -> 0x00A5
[1737] [M]: 0x000000008000F39C (0x00A59593) slli a1, a1, 10
x11 <- 0xAAAAAAAAAAAAA800
mem[X,0x000000008000F3A0] -> 0x8593
mem[X,0x000000008000F3A2] -> 0x2AA5
[1738] [M]: 0x000000008000F3A0 (0x2AA58593) addi a1, a1, 682
x11 <- 0xAAAAAAAAAAAAAAAA
mem[X,0x000000008000F3A4] -> 0x0113
mem[X,0x000000008000F3A6] -> 0x0000
[1739] [M]: 0x000000008000F3A4 (0x00000113) addi sp, zero, 0
x2 <- 0x0000000000000000
mem[X,0x000000008000F3A8] -> 0x006F
mem[X,0x000000008000F3AA] -> 0x00C0
[1740] [M]: 0x000000008000F3A8 (0x00C0006F) jal zero, 12
mem[X,0x000000008000F3B4] -> 0x1663
mem[X,0x000000008000F3B6] -> 0x00B5
[1741] [M]: 0x000000008000F3B4 (0x00B51663) bne a0, a1, 12
mem[X,0x000000008000F3C0] -> 0x0113
mem[X,0x000000008000F3C2] -> 0x0031
[1742] [M]: 0x000000008000F3C0 (0x00310113) addi sp, sp, 3
x2 <- 0x0000000000000003
mem[X,0x000000008000F3C4] -> 0x006F
mem[X,0x000000008000F3C6] -> 0x0040
[1743] [M]: 0x000000008000F3C4 (0x0040006F) jal zero, 4
mem[X,0x000000008000F3C8] -> 0xBC23
mem[X,0x000000008000F3CA] -> 0x3420
[1744] [M]: 0x000000008000F3C8 (0x3420BC23) sd sp, 856(ra)
mem[0x0000000080045530] <- 0x0000000000000003
mem[X,0x000000008000F3CC] -> 0x0513
mem[X,0x000000008000F3CE] -> 0x0080
[1745] [M]: 0x000000008000F3CC (0x00800513) addi a0, zero, 8
x10 <- 0x0000000000000008
mem[X,0x000000008000F3D0] -> 0x0593
mem[X,0x000000008000F3D2] -> 0xFFF0
[1746] [M]: 0x000000008000F3D0 (0xFFF00593) addi a1, zero, 4095
x11 <- 0xFFFFFFFFFFFFFFFF
mem[X,0x000000008000F3D4] -> 0x9593
mem[X,0x000000008000F3D6] -> 0x03E5
[1747] [M]: 0x000000008000F3D4 (0x03E59593) slli a1, a1, 62
x11 <- 0xC000000000000000
mem[X,0x000000008000F3D8] -> 0x0113
mem[X,0x000000008000F3DA] -> 0x0000
[1748] [M]: 0x000000008000F3D8 (0x00000113) addi sp, zero, 0
x2 <- 0x0000000000000000
mem[X,0x000000008000F3DC] -> 0x006F
mem[X,0x000000008000F3DE] -> 0x00C0
[1749] [M]: 0x000000008000F3DC (0x00C0006F) jal zero, 12
mem[X,0x000000008000F3E8] -> 0x1663
mem[X,0x000000008000F3EA] -> 0x00B5
[1750] [M]: 0x000000008000F3E8 (0x00B51663) bne a0, a1, 12
mem[X,0x000000008000F3F4] -> 0x0113
mem[X,0x000000008000F3F6] -> 0x0031
[1751] [M]: 0x000000008000F3F4 (0x00310113) addi sp, sp, 3
x2 <- 0x0000000000000003
mem[X,0x000000008000F3F8] -> 0x006F
mem[X,0x000000008000F3FA] -> 0x0040
[1752] [M]: 0x000000008000F3F8 (0x0040006F) jal zero, 4
mem[X,0x000000008000F3FC] -> 0xB023
mem[X,0x000000008000F3FE] -> 0x3620
[1753] [M]: 0x000000008000F3FC (0x3620B023) sd sp, 864(ra)
mem[0x0000000080045538] <- 0x0000000000000003
mem[X,0x000000008000F400] -> 0x0513
mem[X,0x000000008000F402] -> 0x0400
[1754] [M]: 0x000000008000F400 (0x04000513) addi a0, zero, 64
x10 <- 0x0000000000000040
mem[X,0x000000008000F404] -> 0x0593
mem[X,0x000000008000F406] -> 0x0010
[1755] [M]: 0x000000008000F404 (0x00100593) addi a1, zero, 1
x11 <- 0x0000000000000001
mem[X,0x000000008000F408] -> 0x9593
mem[X,0x000000008000F40A] -> 0x0345
[1756] [M]: 0x000000008000F408 (0x03459593) slli a1, a1, 52
x11 <- 0x0010000000000000
mem[X,0x000000008000F40C] -> 0x0113
mem[X,0x000000008000F40E] -> 0x0000
[1757] [M]: 0x000000008000F40C (0x00000113) addi sp, zero, 0
x2 <- 0x0000000000000000
mem[X,0x000000008000F410] -> 0x006F
mem[X,0x000000008000F412] -> 0x00C0
[1758] [M]: 0x000000008000F410 (0x00C0006F) jal zero, 12
mem[X,0x000000008000F41C] -> 0x1063
mem[X,0x000000008000F41E] -> 0x40B5
[1759] [M]: 0x000000008000F41C (0x40B51063) bne a0, a1, 1024
mem[X,0x000000008000F81C] -> 0x0113
mem[X,0x000000008000F81E] -> 0x0031
[1760] [M]: 0x000000008000F81C (0x00310113) addi sp, sp, 3
x2 <- 0x0000000000000003
mem[X,0x000000008000F820] -> 0x006F
mem[X,0x000000008000F822] -> 0x0040
[1761] [M]: 0x000000008000F820 (0x0040006F) jal zero, 4
mem[X,0x000000008000F824] -> 0xB423
mem[X,0x000000008000F826] -> 0x3620
[1762] [M]: 0x000000008000F824 (0x3620B423) sd sp, 872(ra)
mem[0x0000000080045540] <- 0x0000000000000003
mem[X,0x000000008000F828] -> 0x0513
mem[X,0x000000008000F82A] -> 0x0800
[1763] [M]: 0x000000008000F828 (0x08000513) addi a0, zero, 128
x10 <- 0x0000000000000080
mem[X,0x000000008000F82C] -> 0x0593
mem[X,0x000000008000F82E] -> 0x0010
[1764] [M]: 0x000000008000F82C (0x00100593) addi a1, zero, 1
x11 <- 0x0000000000000001
mem[X,0x000000008000F830] -> 0x9593
mem[X,0x000000008000F832] -> 0x0135
[1765] [M]: 0x000000008000F830 (0x01359593) slli a1, a1, 19
x11 <- 0x0000000000080000
mem[X,0x000000008000F834] -> 0x0113
mem[X,0x000000008000F836] -> 0x0000
[1766] [M]: 0x000000008000F834 (0x00000113) addi sp, zero, 0
x2 <- 0x0000000000000000
mem[X,0x000000008000F838] -> 0x006F
mem[X,0x000000008000F83A] -> 0x00C0
[1767] [M]: 0x000000008000F838 (0x00C0006F) jal zero, 12
mem[X,0x000000008000F844] -> 0x1063
mem[X,0x000000008000F846] -> 0x10B5
[1768] [M]: 0x000000008000F844 (0x10B51063) bne a0, a1, 256
mem[X,0x000000008000F944] -> 0x0113
mem[X,0x000000008000F946] -> 0x0031
[1769] [M]: 0x000000008000F944 (0x00310113) addi sp, sp, 3
x2 <- 0x0000000000000003
mem[X,0x000000008000F948] -> 0x006F
mem[X,0x000000008000F94A] -> 0x0040
[1770] [M]: 0x000000008000F948 (0x0040006F) jal zero, 4
mem[X,0x000000008000F94C] -> 0xB823
mem[X,0x000000008000F94E] -> 0x3620
[1771] [M]: 0x000000008000F94C (0x3620B823) sd sp, 880(ra)
mem[0x0000000080045548] <- 0x0000000000000003
mem[X,0x000000008000F950] -> 0x0513
mem[X,0x000000008000F952] -> 0x0010
[1772] [M]: 0x000000008000F950 (0x00100513) addi a0, zero, 1
x10 <- 0x0000000000000001
mem[X,0x000000008000F954] -> 0x1513
mem[X,0x000000008000F956] -> 0x00B5
[1773] [M]: 0x000000008000F954 (0x00B51513) slli a0, a0, 11
x10 <- 0x0000000000000800
mem[X,0x000000008000F958] -> 0x0593
mem[X,0x000000008000F95A] -> 0x0010
[1774] [M]: 0x000000008000F958 (0x00100593) addi a1, zero, 1
x11 <- 0x0000000000000001
mem[X,0x000000008000F95C] -> 0x9593
mem[X,0x000000008000F95E] -> 0x0125
[1775] [M]: 0x000000008000F95C (0x01259593) slli a1, a1, 18
x11 <- 0x0000000000040000
mem[X,0x000000008000F960] -> 0x0113
mem[X,0x000000008000F962] -> 0x0000
[1776] [M]: 0x000000008000F960 (0x00000113) addi sp, zero, 0
x2 <- 0x0000000000000000
mem[X,0x000000008000F964] -> 0x006F
mem[X,0x000000008000F966] -> 0x00C0
[1777] [M]: 0x000000008000F964 (0x00C0006F) jal zero, 12
mem[X,0x000000008000F970] -> 0x1663
mem[X,0x000000008000F972] -> 0x00B5
[1778] [M]: 0x000000008000F970 (0x00B51663) bne a0, a1, 12
mem[X,0x000000008000F97C] -> 0x0113
mem[X,0x000000008000F97E] -> 0x0031
[1779] [M]: 0x000000008000F97C (0x00310113) addi sp, sp, 3
x2 <- 0x0000000000000003
mem[X,0x000000008000F980] -> 0x006F
mem[X,0x000000008000F982] -> 0x0040
[1780] [M]: 0x000000008000F980 (0x0040006F) jal zero, 4
mem[X,0x000000008000F984] -> 0xBC23
mem[X,0x000000008000F986] -> 0x3620
[1781] [M]: 0x000000008000F984 (0x3620BC23) sd sp, 888(ra)
mem[0x0000000080045550] <- 0x0000000000000003
mem[X,0x000000008000F988] -> 0x0513
mem[X,0x000000008000F98A] -> 0x0010
[1782] [M]: 0x000000008000F988 (0x00100513) addi a0, zero, 1
x10 <- 0x0000000000000001
mem[X,0x000000008000F98C] -> 0x1513
mem[X,0x000000008000F98E] -> 0x00C5
[1783] [M]: 0x000000008000F98C (0x00C51513) slli a0, a0, 12
x10 <- 0x0000000000001000
mem[X,0x000000008000F990] -> 0x65B7
mem[X,0x000000008000F992] -> 0x6666
[1784] [M]: 0x000000008000F990 (0x666665B7) lui a1, 419430
x11 <- 0x0000000066666000
mem[X,0x000000008000F994] -> 0x8593
mem[X,0x000000008000F996] -> 0x6665
[1785] [M]: 0x000000008000F994 (0x66658593) addi a1, a1, 1638
x11 <- 0x0000000066666666
mem[X,0x000000008000F998] -> 0x9593
mem[X,0x000000008000F99A] -> 0x00B5
[1786] [M]: 0x000000008000F998 (0x00B59593) slli a1, a1, 11
x11 <- 0x0000033333333000
mem[X,0x000000008000F99C] -> 0x8593
mem[X,0x000000008000F99E] -> 0x3335
[1787] [M]: 0x000000008000F99C (0x33358593) addi a1, a1, 819
x11 <- 0x0000033333333333
mem[X,0x000000008000F9A0] -> 0x9593
mem[X,0x000000008000F9A2] -> 0x00B5
[1788] [M]: 0x000000008000F9A0 (0x00B59593) slli a1, a1, 11
x11 <- 0x0019999999999800
mem[X,0x000000008000F9A4] -> 0x8593
mem[X,0x000000008000F9A6] -> 0x1995
[1789] [M]: 0x000000008000F9A4 (0x19958593) addi a1, a1, 409
x11 <- 0x0019999999999999
mem[X,0x000000008000F9A8] -> 0x9593
mem[X,0x000000008000F9AA] -> 0x00A5
[1790] [M]: 0x000000008000F9A8 (0x00A59593) slli a1, a1, 10
x11 <- 0x6666666666666400
mem[X,0x000000008000F9AC] -> 0x8593
mem[X,0x000000008000F9AE] -> 0x2665
[1791] [M]: 0x000000008000F9AC (0x26658593) addi a1, a1, 614
x11 <- 0x6666666666666666
mem[X,0x000000008000F9B0] -> 0x0113
mem[X,0x000000008000F9B2] -> 0x0000
[1792] [M]: 0x000000008000F9B0 (0x00000113) addi sp, zero, 0
x2 <- 0x0000000000000000
mem[X,0x000000008000F9B4] -> 0x006F
mem[X,0x000000008000F9B6] -> 0x00C0
[1793] [M]: 0x000000008000F9B4 (0x00C0006F) jal zero, 12
mem[X,0x000000008000F9C0] -> 0x1063
mem[X,0x000000008000F9C2] -> 0x02B5
[1794] [M]: 0x000000008000F9C0 (0x02B51063) bne a0, a1, 32
mem[X,0x000000008000F9E0] -> 0x0113
mem[X,0x000000008000F9E2] -> 0x0031
[1795] [M]: 0x000000008000F9E0 (0x00310113) addi sp, sp, 3
x2 <- 0x0000000000000003
mem[X,0x000000008000F9E4] -> 0x006F
mem[X,0x000000008000F9E6] -> 0x0040
[1796] [M]: 0x000000008000F9E4 (0x0040006F) jal zero, 4
mem[X,0x000000008000F9E8] -> 0xB023
mem[X,0x000000008000F9EA] -> 0x3820
[1797] [M]: 0x000000008000F9E8 (0x3820B023) sd sp, 896(ra)
mem[0x0000000080045558] <- 0x0000000000000003
mem[X,0x000000008000F9EC] -> 0x0513
mem[X,0x000000008000F9EE] -> 0x0010
[1798] [M]: 0x000000008000F9EC (0x00100513) addi a0, zero, 1
x10 <- 0x0000000000000001
mem[X,0x000000008000F9F0] -> 0x1513
mem[X,0x000000008000F9F2] -> 0x00D5
[1799] [M]: 0x000000008000F9F0 (0x00D51513) slli a0, a0, 13
x10 <- 0x0000000000002000
clint::tick mtime <- 0x0000000000000012
 clint timer pending at mtime 0x0000000000000012
htif::tick 0x0000000000000000
mem[X,0x000000008000F9F4] -> 0x0593
mem[X,0x000000008000F9F6] -> 0x0010
[1800] [M]: 0x000000008000F9F4 (0x00100593) addi a1, zero, 1
x11 <- 0x0000000000000001
mem[X,0x000000008000F9F8] -> 0x9593
mem[X,0x000000008000F9FA] -> 0x03B5
[1801] [M]: 0x000000008000F9F8 (0x03B59593) slli a1, a1, 59
x11 <- 0x0800000000000000
mem[X,0x000000008000F9FC] -> 0x0113
mem[X,0x000000008000F9FE] -> 0x0000
[1802] [M]: 0x000000008000F9FC (0x00000113) addi sp, zero, 0
x2 <- 0x0000000000000000
mem[X,0x000000008000FA00] -> 0x006F
mem[X,0x000000008000FA02] -> 0x00C0
[1803] [M]: 0x000000008000FA00 (0x00C0006F) jal zero, 12
mem[X,0x000000008000FA0C] -> 0x1063
mem[X,0x000000008000FA0E] -> 0x02B5
[1804] [M]: 0x000000008000FA0C (0x02B51063) bne a0, a1, 32
mem[X,0x000000008000FA2C] -> 0x0113
mem[X,0x000000008000FA2E] -> 0x0031
[1805] [M]: 0x000000008000FA2C (0x00310113) addi sp, sp, 3
x2 <- 0x0000000000000003
mem[X,0x000000008000FA30] -> 0x006F
mem[X,0x000000008000FA32] -> 0x0040
[1806] [M]: 0x000000008000FA30 (0x0040006F) jal zero, 4
mem[X,0x000000008000FA34] -> 0xB423
mem[X,0x000000008000FA36] -> 0x3820
[1807] [M]: 0x000000008000FA34 (0x3820B423) sd sp, 904(ra)
mem[0x0000000080045560] <- 0x0000000000000003
mem[X,0x000000008000FA38] -> 0x0513
mem[X,0x000000008000FA3A] -> 0x0010
[1808] [M]: 0x000000008000FA38 (0x00100513) addi a0, zero, 1
x10 <- 0x0000000000000001
mem[X,0x000000008000FA3C] -> 0x1513
mem[X,0x000000008000FA3E] -> 0x0105
[1809] [M]: 0x000000008000FA3C (0x01051513) slli a0, a0, 16
x10 <- 0x0000000000010000
mem[X,0x000000008000FA40] -> 0x0593
mem[X,0x000000008000FA42] -> 0x0010
[1810] [M]: 0x000000008000FA40 (0x00100593) addi a1, zero, 1
x11 <- 0x0000000000000001
mem[X,0x000000008000FA44] -> 0x9593
mem[X,0x000000008000FA46] -> 0x0355
[1811] [M]: 0x000000008000FA44 (0x03559593) slli a1, a1, 53
x11 <- 0x0020000000000000
mem[X,0x000000008000FA48] -> 0xC593
mem[X,0x000000008000FA4A] -> 0xFFF5
[1812] [M]: 0x000000008000FA48 (0xFFF5C593) xori a1, a1, 4095
x11 <- 0xFFDFFFFFFFFFFFFF
mem[X,0x000000008000FA4C] -> 0x0113
mem[X,0x000000008000FA4E] -> 0x0000
[1813] [M]: 0x000000008000FA4C (0x00000113) addi sp, zero, 0
x2 <- 0x0000000000000000
mem[X,0x000000008000FA50] -> 0x006F
mem[X,0x000000008000FA52] -> 0x00C0
[1814] [M]: 0x000000008000FA50 (0x00C0006F) jal zero, 12
mem[X,0x000000008000FA5C] -> 0x1063
mem[X,0x000000008000FA5E] -> 0x20B5
[1815] [M]: 0x000000008000FA5C (0x20B51063) bne a0, a1, 512
mem[X,0x000000008000FC5C] -> 0x0113
mem[X,0x000000008000FC5E] -> 0x0031
[1816] [M]: 0x000000008000FC5C (0x00310113) addi sp, sp, 3
x2 <- 0x0000000000000003
mem[X,0x000000008000FC60] -> 0x006F
mem[X,0x000000008000FC62] -> 0x0040
[1817] [M]: 0x000000008000FC60 (0x0040006F) jal zero, 4
mem[X,0x000000008000FC64] -> 0xB823
mem[X,0x000000008000FC66] -> 0x3820
[1818] [M]: 0x000000008000FC64 (0x3820B823) sd sp, 912(ra)
mem[0x0000000080045568] <- 0x0000000000000003
mem[X,0x000000008000FC68] -> 0x0513
mem[X,0x000000008000FC6A] -> 0x0010
[1819] [M]: 0x000000008000FC68 (0x00100513) addi a0, zero, 1
x10 <- 0x0000000000000001
mem[X,0x000000008000FC6C] -> 0x1513
mem[X,0x000000008000FC6E] -> 0x0115
[1820] [M]: 0x000000008000FC6C (0x01151513) slli a0, a0, 17
x10 <- 0x0000000000020000
mem[X,0x000000008000FC70] -> 0x35B7
mem[X,0x000000008000FC72] -> 0x3333
[1821] [M]: 0x000000008000FC70 (0x333335B7) lui a1, 209715
x11 <- 0x0000000033333000
mem[X,0x000000008000FC74] -> 0x8593
mem[X,0x000000008000FC76] -> 0x3335
[1822] [M]: 0x000000008000FC74 (0x33358593) addi a1, a1, 819
x11 <- 0x0000000033333333
mem[X,0x000000008000FC78] -> 0x9593
mem[X,0x000000008000FC7A] -> 0x00B5
[1823] [M]: 0x000000008000FC78 (0x00B59593) slli a1, a1, 11
x11 <- 0x0000019999999800
mem[X,0x000000008000FC7C] -> 0x8593
mem[X,0x000000008000FC7E] -> 0x1995
[1824] [M]: 0x000000008000FC7C (0x19958593) addi a1, a1, 409
x11 <- 0x0000019999999999
mem[X,0x000000008000FC80] -> 0x9593
mem[X,0x000000008000FC82] -> 0x00B5
[1825] [M]: 0x000000008000FC80 (0x00B59593) slli a1, a1, 11
x11 <- 0x000CCCCCCCCCC800
mem[X,0x000000008000FC84] -> 0x8593
mem[X,0x000000008000FC86] -> 0x4CC5
[1826] [M]: 0x000000008000FC84 (0x4CC58593) addi a1, a1, 1228
x11 <- 0x000CCCCCCCCCCCCC
mem[X,0x000000008000FC88] -> 0x9593
mem[X,0x000000008000FC8A] -> 0x00A5
[1827] [M]: 0x000000008000FC88 (0x00A59593) slli a1, a1, 10
x11 <- 0x3333333333333000
mem[X,0x000000008000FC8C] -> 0x8593
mem[X,0x000000008000FC8E] -> 0x3335
[1828] [M]: 0x000000008000FC8C (0x33358593) addi a1, a1, 819
x11 <- 0x3333333333333333
mem[X,0x000000008000FC90] -> 0x0113
mem[X,0x000000008000FC92] -> 0x0000
[1829] [M]: 0x000000008000FC90 (0x00000113) addi sp, zero, 0
x2 <- 0x0000000000000000
mem[X,0x000000008000FC94] -> 0x006F
mem[X,0x000000008000FC96] -> 0x00C0
[1830] [M]: 0x000000008000FC94 (0x00C0006F) jal zero, 12
mem[X,0x000000008000FCA0] -> 0x1663
mem[X,0x000000008000FCA2] -> 0x00B5
[1831] [M]: 0x000000008000FCA0 (0x00B51663) bne a0, a1, 12
mem[X,0x000000008000FCAC] -> 0x0113
mem[X,0x000000008000FCAE] -> 0x0031
[1832] [M]: 0x000000008000FCAC (0x00310113) addi sp, sp, 3
x2 <- 0x0000000000000003
mem[X,0x000000008000FCB0] -> 0x006F
mem[X,0x000000008000FCB2] -> 0x0040
[1833] [M]: 0x000000008000FCB0 (0x0040006F) jal zero, 4
mem[X,0x000000008000FCB4] -> 0xBC23
mem[X,0x000000008000FCB6] -> 0x3820
[1834] [M]: 0x000000008000FCB4 (0x3820BC23) sd sp, 920(ra)
mem[0x0000000080045570] <- 0x0000000000000003
mem[X,0x000000008000FCB8] -> 0x0513
mem[X,0x000000008000FCBA] -> 0x0010
[1835] [M]: 0x000000008000FCB8 (0x00100513) addi a0, zero, 1
x10 <- 0x0000000000000001
mem[X,0x000000008000FCBC] -> 0x1513
mem[X,0x000000008000FCBE] -> 0x0145
[1836] [M]: 0x000000008000FCBC (0x01451513) slli a0, a0, 20
x10 <- 0x0000000000100000
mem[X,0x000000008000FCC0] -> 0x0593
mem[X,0x000000008000FCC2] -> 0x0010
[1837] [M]: 0x000000008000FCC0 (0x00100593) addi a1, zero, 1
x11 <- 0x0000000000000001
mem[X,0x000000008000FCC4] -> 0x9593
mem[X,0x000000008000FCC6] -> 0x00E5
[1838] [M]: 0x000000008000FCC4 (0x00E59593) slli a1, a1, 14
x11 <- 0x0000000000004000
mem[X,0x000000008000FCC8] -> 0x0113
mem[X,0x000000008000FCCA] -> 0x0000
[1839] [M]: 0x000000008000FCC8 (0x00000113) addi sp, zero, 0
x2 <- 0x0000000000000000
mem[X,0x000000008000FCCC] -> 0x006F
mem[X,0x000000008000FCCE] -> 0x0100
[1840] [M]: 0x000000008000FCCC (0x0100006F) jal zero, 16
mem[X,0x000000008000FCDC] -> 0x1AE3
mem[X,0x000000008000FCDE] -> 0xFEB5
[1841] [M]: 0x000000008000FCDC (0xFEB51AE3) bne a0, a1, 8180
mem[X,0x000000008000FCD0] -> 0x0113
mem[X,0x000000008000FCD2] -> 0x0011
[1842] [M]: 0x000000008000FCD0 (0x00110113) addi sp, sp, 1
x2 <- 0x0000000000000001
mem[X,0x000000008000FCD4] -> 0x006F
mem[X,0x000000008000FCD6] -> 0x01C0
[1843] [M]: 0x000000008000FCD4 (0x01C0006F) jal zero, 28
mem[X,0x000000008000FCF0] -> 0xB023
mem[X,0x000000008000FCF2] -> 0x3A20
[1844] [M]: 0x000000008000FCF0 (0x3A20B023) sd sp, 928(ra)
mem[0x0000000080045578] <- 0x0000000000000001
mem[X,0x000000008000FCF4] -> 0x0513
mem[X,0x000000008000FCF6] -> 0x0010
[1845] [M]: 0x000000008000FCF4 (0x00100513) addi a0, zero, 1
x10 <- 0x0000000000000001
mem[X,0x000000008000FCF8] -> 0x1513
mem[X,0x000000008000FCFA] -> 0x0195
[1846] [M]: 0x000000008000FCF8 (0x01951513) slli a0, a0, 25
x10 <- 0x0000000002000000
mem[X,0x000000008000FCFC] -> 0x0593
mem[X,0x000000008000FCFE] -> 0x0010
[1847] [M]: 0x000000008000FCFC (0x00100593) addi a1, zero, 1
x11 <- 0x0000000000000001
mem[X,0x000000008000FD00] -> 0x9593
mem[X,0x000000008000FD02] -> 0x0265
[1848] [M]: 0x000000008000FD00 (0x02659593) slli a1, a1, 38
x11 <- 0x0000004000000000
mem[X,0x000000008000FD04] -> 0x0113
mem[X,0x000000008000FD06] -> 0x0000
[1849] [M]: 0x000000008000FD04 (0x00000113) addi sp, zero, 0
x2 <- 0x0000000000000000
mem[X,0x000000008000FD08] -> 0x006F
mem[X,0x000000008000FD0A] -> 0x0100
[1850] [M]: 0x000000008000FD08 (0x0100006F) jal zero, 16
mem[X,0x000000008000FD18] -> 0x1AE3
mem[X,0x000000008000FD1A] -> 0xFEB5
[1851] [M]: 0x000000008000FD18 (0xFEB51AE3) bne a0, a1, 8180
mem[X,0x000000008000FD0C] -> 0x0113
mem[X,0x000000008000FD0E] -> 0x0011
[1852] [M]: 0x000000008000FD0C (0x00110113) addi sp, sp, 1
x2 <- 0x0000000000000001
mem[X,0x000000008000FD10] -> 0x006F
mem[X,0x000000008000FD12] -> 0x01C0
[1853] [M]: 0x000000008000FD10 (0x01C0006F) jal zero, 28
mem[X,0x000000008000FD2C] -> 0xB423
mem[X,0x000000008000FD2E] -> 0x3A20
[1854] [M]: 0x000000008000FD2C (0x3A20B423) sd sp, 936(ra)
mem[0x0000000080045580] <- 0x0000000000000001
mem[X,0x000000008000FD30] -> 0x0513
mem[X,0x000000008000FD32] -> 0x0010
[1855] [M]: 0x000000008000FD30 (0x00100513) addi a0, zero, 1
x10 <- 0x0000000000000001
mem[X,0x000000008000FD34] -> 0x1513
mem[X,0x000000008000FD36] -> 0x01D5
[1856] [M]: 0x000000008000FD34 (0x01D51513) slli a0, a0, 29
x10 <- 0x0000000020000000
mem[X,0x000000008000FD38] -> 0x65B7
mem[X,0x000000008000FD3A] -> 0x6666
[1857] [M]: 0x000000008000FD38 (0x666665B7) lui a1, 419430
x11 <- 0x0000000066666000
mem[X,0x000000008000FD3C] -> 0x8593
mem[X,0x000000008000FD3E] -> 0x6665
[1858] [M]: 0x000000008000FD3C (0x66658593) addi a1, a1, 1638
x11 <- 0x0000000066666666
mem[X,0x000000008000FD40] -> 0x9593
mem[X,0x000000008000FD42] -> 0x00B5
[1859] [M]: 0x000000008000FD40 (0x00B59593) slli a1, a1, 11
x11 <- 0x0000033333333000
mem[X,0x000000008000FD44] -> 0x8593
mem[X,0x000000008000FD46] -> 0x3335
[1860] [M]: 0x000000008000FD44 (0x33358593) addi a1, a1, 819
x11 <- 0x0000033333333333
mem[X,0x000000008000FD48] -> 0x9593
mem[X,0x000000008000FD4A] -> 0x00B5
[1861] [M]: 0x000000008000FD48 (0x00B59593) slli a1, a1, 11
x11 <- 0x0019999999999800
mem[X,0x000000008000FD4C] -> 0x8593
mem[X,0x000000008000FD4E] -> 0x1995
[1862] [M]: 0x000000008000FD4C (0x19958593) addi a1, a1, 409
x11 <- 0x0019999999999999
mem[X,0x000000008000FD50] -> 0x9593
mem[X,0x000000008000FD52] -> 0x00A5
[1863] [M]: 0x000000008000FD50 (0x00A59593) slli a1, a1, 10
x11 <- 0x6666666666666400
mem[X,0x000000008000FD54] -> 0x8593
mem[X,0x000000008000FD56] -> 0x2675
[1864] [M]: 0x000000008000FD54 (0x26758593) addi a1, a1, 615
x11 <- 0x6666666666666667
mem[X,0x000000008000FD58] -> 0x0113
mem[X,0x000000008000FD5A] -> 0x0000
[1865] [M]: 0x000000008000FD58 (0x00000113) addi sp, zero, 0
x2 <- 0x0000000000000000
mem[X,0x000000008000FD5C] -> 0x006F
mem[X,0x000000008000FD5E] -> 0x00C0
[1866] [M]: 0x000000008000FD5C (0x00C0006F) jal zero, 12
mem[X,0x000000008000FD68] -> 0x1663
mem[X,0x000000008000FD6A] -> 0x00B5
[1867] [M]: 0x000000008000FD68 (0x00B51663) bne a0, a1, 12
mem[X,0x000000008000FD74] -> 0x0113
mem[X,0x000000008000FD76] -> 0x0031
[1868] [M]: 0x000000008000FD74 (0x00310113) addi sp, sp, 3
x2 <- 0x0000000000000003
mem[X,0x000000008000FD78] -> 0x006F
mem[X,0x000000008000FD7A] -> 0x0040
[1869] [M]: 0x000000008000FD78 (0x0040006F) jal zero, 4
mem[X,0x000000008000FD7C] -> 0xB823
mem[X,0x000000008000FD7E] -> 0x3A20
[1870] [M]: 0x000000008000FD7C (0x3A20B823) sd sp, 944(ra)
mem[0x0000000080045588] <- 0x0000000000000003
mem[X,0x000000008000FD80] -> 0x0513
mem[X,0x000000008000FD82] -> 0x0010
[1871] [M]: 0x000000008000FD80 (0x00100513) addi a0, zero, 1
x10 <- 0x0000000000000001
mem[X,0x000000008000FD84] -> 0x1513
mem[X,0x000000008000FD86] -> 0x01F5
[1872] [M]: 0x000000008000FD84 (0x01F51513) slli a0, a0, 31
x10 <- 0x0000000080000000
mem[X,0x000000008000FD88] -> 0x0593
mem[X,0x000000008000FD8A] -> 0x0010
[1873] [M]: 0x000000008000FD88 (0x00100593) addi a1, zero, 1
x11 <- 0x0000000000000001
mem[X,0x000000008000FD8C] -> 0x9593
mem[X,0x000000008000FD8E] -> 0x01B5
[1874] [M]: 0x000000008000FD8C (0x01B59593) slli a1, a1, 27
x11 <- 0x0000000008000000
mem[X,0x000000008000FD90] -> 0xC593
mem[X,0x000000008000FD92] -> 0xFFF5
[1875] [M]: 0x000000008000FD90 (0xFFF5C593) xori a1, a1, 4095
x11 <- 0xFFFFFFFFF7FFFFFF
mem[X,0x000000008000FD94] -> 0x0113
mem[X,0x000000008000FD96] -> 0x0000
[1876] [M]: 0x000000008000FD94 (0x00000113) addi sp, zero, 0
x2 <- 0x0000000000000000
mem[X,0x000000008000FD98] -> 0x006F
mem[X,0x000000008000FD9A] -> 0x0100
[1877] [M]: 0x000000008000FD98 (0x0100006F) jal zero, 16
mem[X,0x000000008000FDA8] -> 0x1AE3
mem[X,0x000000008000FDAA] -> 0xFEB5
[1878] [M]: 0x000000008000FDA8 (0xFEB51AE3) bne a0, a1, 8180
mem[X,0x000000008000FD9C] -> 0x0113
mem[X,0x000000008000FD9E] -> 0x0011
[1879] [M]: 0x000000008000FD9C (0x00110113) addi sp, sp, 1
x2 <- 0x0000000000000001
mem[X,0x000000008000FDA0] -> 0x006F
mem[X,0x000000008000FDA2] -> 0x01C0
[1880] [M]: 0x000000008000FDA0 (0x01C0006F) jal zero, 28
mem[X,0x000000008000FDBC] -> 0xBC23
mem[X,0x000000008000FDBE] -> 0x3A20
[1881] [M]: 0x000000008000FDBC (0x3A20BC23) sd sp, 952(ra)
mem[0x0000000080045590] <- 0x0000000000000001
mem[X,0x000000008000FDC0] -> 0x0513
mem[X,0x000000008000FDC2] -> 0x0010
[1882] [M]: 0x000000008000FDC0 (0x00100513) addi a0, zero, 1
x10 <- 0x0000000000000001
mem[X,0x000000008000FDC4] -> 0x1513
mem[X,0x000000008000FDC6] -> 0x0215
[1883] [M]: 0x000000008000FDC4 (0x02151513) slli a0, a0, 33
x10 <- 0x0000000200000000
mem[X,0x000000008000FDC8] -> 0x0593
mem[X,0x000000008000FDCA] -> 0x0010
[1884] [M]: 0x000000008000FDC8 (0x00100593) addi a1, zero, 1
x11 <- 0x0000000000000001
mem[X,0x000000008000FDCC] -> 0x9593
mem[X,0x000000008000FDCE] -> 0x02C5
[1885] [M]: 0x000000008000FDCC (0x02C59593) slli a1, a1, 44
x11 <- 0x0000100000000000
mem[X,0x000000008000FDD0] -> 0x0113
mem[X,0x000000008000FDD2] -> 0x0000
[1886] [M]: 0x000000008000FDD0 (0x00000113) addi sp, zero, 0
x2 <- 0x0000000000000000
mem[X,0x000000008000FDD4] -> 0x006F
mem[X,0x000000008000FDD6] -> 0x0140
[1887] [M]: 0x000000008000FDD4 (0x0140006F) jal zero, 20
mem[X,0x000000008000FDE8] -> 0x18E3
mem[X,0x000000008000FDEA] -> 0xFEB5
[1888] [M]: 0x000000008000FDE8 (0xFEB518E3) bne a0, a1, 8176
mem[X,0x000000008000FDD8] -> 0x0113
mem[X,0x000000008000FDDA] -> 0x0011
[1889] [M]: 0x000000008000FDD8 (0x00110113) addi sp, sp, 1
x2 <- 0x0000000000000001
mem[X,0x000000008000FDDC] -> 0x006F
mem[X,0x000000008000FDDE] -> 0x0200
[1890] [M]: 0x000000008000FDDC (0x0200006F) jal zero, 32
mem[X,0x000000008000FDFC] -> 0xB023
mem[X,0x000000008000FDFE] -> 0x3C20
[1891] [M]: 0x000000008000FDFC (0x3C20B023) sd sp, 960(ra)
mem[0x0000000080045598] <- 0x0000000000000001
mem[X,0x000000008000FE00] -> 0x0513
mem[X,0x000000008000FE02] -> 0x0010
[1892] [M]: 0x000000008000FE00 (0x00100513) addi a0, zero, 1
x10 <- 0x0000000000000001
mem[X,0x000000008000FE04] -> 0x1513
mem[X,0x000000008000FE06] -> 0x0235
[1893] [M]: 0x000000008000FE04 (0x02351513) slli a0, a0, 35
x10 <- 0x0000000800000000
mem[X,0x000000008000FE08] -> 0x0593
mem[X,0x000000008000FE0A] -> 0x0000
[1894] [M]: 0x000000008000FE08 (0x00000593) addi a1, zero, 0
x11 <- 0x0000000000000000
mem[X,0x000000008000FE0C] -> 0x0113
mem[X,0x000000008000FE0E] -> 0x0000
[1895] [M]: 0x000000008000FE0C (0x00000113) addi sp, zero, 0
x2 <- 0x0000000000000000
mem[X,0x000000008000FE10] -> 0x006F
mem[X,0x000000008000FE12] -> 0x0140
[1896] [M]: 0x000000008000FE10 (0x0140006F) jal zero, 20
mem[X,0x000000008000FE24] -> 0x18E3
mem[X,0x000000008000FE26] -> 0xFEB5
[1897] [M]: 0x000000008000FE24 (0xFEB518E3) bne a0, a1, 8176
mem[X,0x000000008000FE14] -> 0x0113
mem[X,0x000000008000FE16] -> 0x0011
[1898] [M]: 0x000000008000FE14 (0x00110113) addi sp, sp, 1
x2 <- 0x0000000000000001
mem[X,0x000000008000FE18] -> 0x006F
mem[X,0x000000008000FE1A] -> 0x0200
[1899] [M]: 0x000000008000FE18 (0x0200006F) jal zero, 32
clint::tick mtime <- 0x0000000000000013
 clint timer pending at mtime 0x0000000000000013
htif::tick 0x0000000000000000
mem[X,0x000000008000FE38] -> 0xB423
mem[X,0x000000008000FE3A] -> 0x3C20
[1900] [M]: 0x000000008000FE38 (0x3C20B423) sd sp, 968(ra)
mem[0x00000000800455A0] <- 0x0000000000000001
mem[X,0x000000008000FE3C] -> 0x0513
mem[X,0x000000008000FE3E] -> 0x0010
[1901] [M]: 0x000000008000FE3C (0x00100513) addi a0, zero, 1
x10 <- 0x0000000000000001
mem[X,0x000000008000FE40] -> 0x1513
mem[X,0x000000008000FE42] -> 0x0245
[1902] [M]: 0x000000008000FE40 (0x02451513) slli a0, a0, 36
x10 <- 0x0000001000000000
mem[X,0x000000008000FE44] -> 0x0593
mem[X,0x000000008000FE46] -> 0x0010
[1903] [M]: 0x000000008000FE44 (0x00100593) addi a1, zero, 1
x11 <- 0x0000000000000001
mem[X,0x000000008000FE48] -> 0x9593
mem[X,0x000000008000FE4A] -> 0x0295
[1904] [M]: 0x000000008000FE48 (0x02959593) slli a1, a1, 41
x11 <- 0x0000020000000000
mem[X,0x000000008000FE4C] -> 0x0113
mem[X,0x000000008000FE4E] -> 0x0000
[1905] [M]: 0x000000008000FE4C (0x00000113) addi sp, zero, 0
x2 <- 0x0000000000000000
mem[X,0x000000008000FE50] -> 0x006F
mem[X,0x000000008000FE52] -> 0x00C0
[1906] [M]: 0x000000008000FE50 (0x00C0006F) jal zero, 12
mem[X,0x000000008000FE5C] -> 0x1063
mem[X,0x000000008000FE5E] -> 0x40B5
[1907] [M]: 0x000000008000FE5C (0x40B51063) bne a0, a1, 1024
mem[X,0x000000008001025C] -> 0x0113
mem[X,0x000000008001025E] -> 0x0031
[1908] [M]: 0x000000008001025C (0x00310113) addi sp, sp, 3
x2 <- 0x0000000000000003
mem[X,0x0000000080010260] -> 0x006F
mem[X,0x0000000080010262] -> 0x0040
[1909] [M]: 0x0000000080010260 (0x0040006F) jal zero, 4
mem[X,0x0000000080010264] -> 0xB823
mem[X,0x0000000080010266] -> 0x3C20
[1910] [M]: 0x0000000080010264 (0x3C20B823) sd sp, 976(ra)
mem[0x00000000800455A8] <- 0x0000000000000003
mem[X,0x0000000080010268] -> 0x0513
mem[X,0x000000008001026A] -> 0x0010
[1911] [M]: 0x0000000080010268 (0x00100513) addi a0, zero, 1
x10 <- 0x0000000000000001
mem[X,0x000000008001026C] -> 0x1513
mem[X,0x000000008001026E] -> 0x0255
[1912] [M]: 0x000000008001026C (0x02551513) slli a0, a0, 37
x10 <- 0x0000002000000000
mem[X,0x0000000080010270] -> 0x0593
mem[X,0x0000000080010272] -> 0x0080
[1913] [M]: 0x0000000080010270 (0x00800593) addi a1, zero, 8
x11 <- 0x0000000000000008
mem[X,0x0000000080010274] -> 0x0113
mem[X,0x0000000080010276] -> 0x0000
[1914] [M]: 0x0000000080010274 (0x00000113) addi sp, zero, 0
x2 <- 0x0000000000000000
mem[X,0x0000000080010278] -> 0x006F
mem[X,0x000000008001027A] -> 0x00C0
[1915] [M]: 0x0000000080010278 (0x00C0006F) jal zero, 12
mem[X,0x0000000080010284] -> 0x1063
mem[X,0x0000000080010286] -> 0x20B5
[1916] [M]: 0x0000000080010284 (0x20B51063) bne a0, a1, 512
mem[X,0x0000000080010484] -> 0x0113
mem[X,0x0000000080010486] -> 0x0031
[1917] [M]: 0x0000000080010484 (0x00310113) addi sp, sp, 3
x2 <- 0x0000000000000003
mem[X,0x0000000080010488] -> 0x006F
mem[X,0x000000008001048A] -> 0x0040
[1918] [M]: 0x0000000080010488 (0x0040006F) jal zero, 4
mem[X,0x000000008001048C] -> 0xBC23
mem[X,0x000000008001048E] -> 0x3C20
[1919] [M]: 0x000000008001048C (0x3C20BC23) sd sp, 984(ra)
mem[0x00000000800455B0] <- 0x0000000000000003
mem[X,0x0000000080010490] -> 0x0513
mem[X,0x0000000080010492] -> 0x0010
[1920] [M]: 0x0000000080010490 (0x00100513) addi a0, zero, 1
x10 <- 0x0000000000000001
mem[X,0x0000000080010494] -> 0x1513
mem[X,0x0000000080010496] -> 0x0285
[1921] [M]: 0x0000000080010494 (0x02851513) slli a0, a0, 40
x10 <- 0x0000010000000000
mem[X,0x0000000080010498] -> 0x0593
mem[X,0x000000008001049A] -> 0x0010
[1922] [M]: 0x0000000080010498 (0x00100593) addi a1, zero, 1
x11 <- 0x0000000000000001
mem[X,0x000000008001049C] -> 0x9593
mem[X,0x000000008001049E] -> 0x0315
[1923] [M]: 0x000000008001049C (0x03159593) slli a1, a1, 49
x11 <- 0x0002000000000000
mem[X,0x00000000800104A0] -> 0x0113
mem[X,0x00000000800104A2] -> 0x0000
[1924] [M]: 0x00000000800104A0 (0x00000113) addi sp, zero, 0
x2 <- 0x0000000000000000
mem[X,0x00000000800104A4] -> 0x006F
mem[X,0x00000000800104A6] -> 0x00C0
[1925] [M]: 0x00000000800104A4 (0x00C0006F) jal zero, 12
mem[X,0x00000000800104B0] -> 0x1063
mem[X,0x00000000800104B2] -> 0x08B5
[1926] [M]: 0x00000000800104B0 (0x08B51063) bne a0, a1, 128
mem[X,0x0000000080010530] -> 0x0113
mem[X,0x0000000080010532] -> 0x0031
[1927] [M]: 0x0000000080010530 (0x00310113) addi sp, sp, 3
x2 <- 0x0000000000000003
mem[X,0x0000000080010534] -> 0x006F
mem[X,0x0000000080010536] -> 0x0040
[1928] [M]: 0x0000000080010534 (0x0040006F) jal zero, 4
mem[X,0x0000000080010538] -> 0xB023
mem[X,0x000000008001053A] -> 0x3E20
[1929] [M]: 0x0000000080010538 (0x3E20B023) sd sp, 992(ra)
mem[0x00000000800455B8] <- 0x0000000000000003
mem[X,0x000000008001053C] -> 0x0513
mem[X,0x000000008001053E] -> 0x0010
[1930] [M]: 0x000000008001053C (0x00100513) addi a0, zero, 1
x10 <- 0x0000000000000001
mem[X,0x0000000080010540] -> 0x1513
mem[X,0x0000000080010542] -> 0x0295
[1931] [M]: 0x0000000080010540 (0x02951513) slli a0, a0, 41
x10 <- 0x0000020000000000
mem[X,0x0000000080010544] -> 0x0593
mem[X,0x0000000080010546] -> 0x0010
[1932] [M]: 0x0000000080010544 (0x00100593) addi a1, zero, 1
x11 <- 0x0000000000000001
mem[X,0x0000000080010548] -> 0x9593
mem[X,0x000000008001054A] -> 0x00F5
[1933] [M]: 0x0000000080010548 (0x00F59593) slli a1, a1, 15
x11 <- 0x0000000000008000
mem[X,0x000000008001054C] -> 0xC593
mem[X,0x000000008001054E] -> 0xFFF5
[1934] [M]: 0x000000008001054C (0xFFF5C593) xori a1, a1, 4095
x11 <- 0xFFFFFFFFFFFF7FFF
mem[X,0x0000000080010550] -> 0x0113
mem[X,0x0000000080010552] -> 0x0000
[1935] [M]: 0x0000000080010550 (0x00000113) addi sp, zero, 0
x2 <- 0x0000000000000000
mem[X,0x0000000080010554] -> 0x006F
mem[X,0x0000000080010556] -> 0x00C0
[1936] [M]: 0x0000000080010554 (0x00C0006F) jal zero, 12
mem[X,0x0000000080010560] -> 0x1063
mem[X,0x0000000080010562] -> 0x02B5
[1937] [M]: 0x0000000080010560 (0x02B51063) bne a0, a1, 32
mem[X,0x0000000080010580] -> 0x0113
mem[X,0x0000000080010582] -> 0x0031
[1938] [M]: 0x0000000080010580 (0x00310113) addi sp, sp, 3
x2 <- 0x0000000000000003
mem[X,0x0000000080010584] -> 0x006F
mem[X,0x0000000080010586] -> 0x0040
[1939] [M]: 0x0000000080010584 (0x0040006F) jal zero, 4
mem[X,0x0000000080010588] -> 0xB423
mem[X,0x000000008001058A] -> 0x3E20
[1940] [M]: 0x0000000080010588 (0x3E20B423) sd sp, 1000(ra)
mem[0x00000000800455C0] <- 0x0000000000000003
mem[X,0x000000008001058C] -> 0x0513
mem[X,0x000000008001058E] -> 0x0010
[1941] [M]: 0x000000008001058C (0x00100513) addi a0, zero, 1
x10 <- 0x0000000000000001
mem[X,0x0000000080010590] -> 0x1513
mem[X,0x0000000080010592] -> 0x02C5
[1942] [M]: 0x0000000080010590 (0x02C51513) slli a0, a0, 44
x10 <- 0x0000100000000000
mem[X,0x0000000080010594] -> 0x0593
mem[X,0x0000000080010596] -> 0x0010
[1943] [M]: 0x0000000080010594 (0x00100593) addi a1, zero, 1
x11 <- 0x0000000000000001
mem[X,0x0000000080010598] -> 0x9593
mem[X,0x000000008001059A] -> 0x03D5
[1944] [M]: 0x0000000080010598 (0x03D59593) slli a1, a1, 61
x11 <- 0x2000000000000000
mem[X,0x000000008001059C] -> 0xC593
mem[X,0x000000008001059E] -> 0xFFF5
[1945] [M]: 0x000000008001059C (0xFFF5C593) xori a1, a1, 4095
x11 <- 0xDFFFFFFFFFFFFFFF
mem[X,0x00000000800105A0] -> 0x0113
mem[X,0x00000000800105A2] -> 0x0000
[1946] [M]: 0x00000000800105A0 (0x00000113) addi sp, zero, 0
x2 <- 0x0000000000000000
mem[X,0x00000000800105A4] -> 0x006F
mem[X,0x00000000800105A6] -> 0x0180
[1947] [M]: 0x00000000800105A4 (0x0180006F) jal zero, 24
mem[X,0x00000000800105BC] -> 0x16E3
mem[X,0x00000000800105BE] -> 0xFEB5
[1948] [M]: 0x00000000800105BC (0xFEB516E3) bne a0, a1, 8172
mem[X,0x00000000800105A8] -> 0x0113
mem[X,0x00000000800105AA] -> 0x0011
[1949] [M]: 0x00000000800105A8 (0x00110113) addi sp, sp, 1
x2 <- 0x0000000000000001
mem[X,0x00000000800105AC] -> 0x006F
mem[X,0x00000000800105AE] -> 0x0240
[1950] [M]: 0x00000000800105AC (0x0240006F) jal zero, 36
mem[X,0x00000000800105D0] -> 0xB823
mem[X,0x00000000800105D2] -> 0x3E20
[1951] [M]: 0x00000000800105D0 (0x3E20B823) sd sp, 1008(ra)
mem[0x00000000800455C8] <- 0x0000000000000001
mem[X,0x00000000800105D4] -> 0x0513
mem[X,0x00000000800105D6] -> 0x0010
[1952] [M]: 0x00000000800105D4 (0x00100513) addi a0, zero, 1
x10 <- 0x0000000000000001
mem[X,0x00000000800105D8] -> 0x1513
mem[X,0x00000000800105DA] -> 0x02F5
[1953] [M]: 0x00000000800105D8 (0x02F51513) slli a0, a0, 47
x10 <- 0x0000800000000000
mem[X,0x00000000800105DC] -> 0x0593
mem[X,0x00000000800105DE] -> 0x0010
[1954] [M]: 0x00000000800105DC (0x00100593) addi a1, zero, 1
x11 <- 0x0000000000000001
mem[X,0x00000000800105E0] -> 0x9593
mem[X,0x00000000800105E2] -> 0x0195
[1955] [M]: 0x00000000800105E0 (0x01959593) slli a1, a1, 25
x11 <- 0x0000000002000000
mem[X,0x00000000800105E4] -> 0x0113
mem[X,0x00000000800105E6] -> 0x0000
[1956] [M]: 0x00000000800105E4 (0x00000113) addi sp, zero, 0
x2 <- 0x0000000000000000
mem[X,0x00000000800105E8] -> 0x006F
mem[X,0x00000000800105EA] -> 0x00C0
[1957] [M]: 0x00000000800105E8 (0x00C0006F) jal zero, 12
mem[X,0x00000000800105F4] -> 0x1663
mem[X,0x00000000800105F6] -> 0x00B5
[1958] [M]: 0x00000000800105F4 (0x00B51663) bne a0, a1, 12
mem[X,0x0000000080010600] -> 0x0113
mem[X,0x0000000080010602] -> 0x0031
[1959] [M]: 0x0000000080010600 (0x00310113) addi sp, sp, 3
x2 <- 0x0000000000000003
mem[X,0x0000000080010604] -> 0x006F
mem[X,0x0000000080010606] -> 0x0040
[1960] [M]: 0x0000000080010604 (0x0040006F) jal zero, 4
mem[X,0x0000000080010608] -> 0xBC23
mem[X,0x000000008001060A] -> 0x3E20
[1961] [M]: 0x0000000080010608 (0x3E20BC23) sd sp, 1016(ra)
mem[0x00000000800455D0] <- 0x0000000000000003
mem[X,0x000000008001060C] -> 0x0513
mem[X,0x000000008001060E] -> 0x0010
[1962] [M]: 0x000000008001060C (0x00100513) addi a0, zero, 1
x10 <- 0x0000000000000001
mem[X,0x0000000080010610] -> 0x1513
mem[X,0x0000000080010612] -> 0x0315
[1963] [M]: 0x0000000080010610 (0x03151513) slli a0, a0, 49
x10 <- 0x0002000000000000
mem[X,0x0000000080010614] -> 0xB5B7
mem[X,0x0000000080010616] -> 0xAAAA
[1964] [M]: 0x0000000080010614 (0xAAAAB5B7) lui a1, 699051
x11 <- 0xFFFFFFFFAAAAB000
mem[X,0x0000000080010618] -> 0x8593
mem[X,0x000000008001061A] -> 0xAAA5
[1965] [M]: 0x0000000080010618 (0xAAA58593) addi a1, a1, 2730
x11 <- 0xFFFFFFFFAAAAAAAA
mem[X,0x000000008001061C] -> 0x9593
mem[X,0x000000008001061E] -> 0x00B5
[1966] [M]: 0x000000008001061C (0x00B59593) slli a1, a1, 11
x11 <- 0xFFFFFD5555555000
mem[X,0x0000000080010620] -> 0x8593
mem[X,0x0000000080010622] -> 0x5555
[1967] [M]: 0x0000000080010620 (0x55558593) addi a1, a1, 1365
x11 <- 0xFFFFFD5555555555
mem[X,0x0000000080010624] -> 0x9593
mem[X,0x0000000080010626] -> 0x00B5
[1968] [M]: 0x0000000080010624 (0x00B59593) slli a1, a1, 11
x11 <- 0xFFEAAAAAAAAAA800
mem[X,0x0000000080010628] -> 0x8593
mem[X,0x000000008001062A] -> 0x2AA5
[1969] [M]: 0x0000000080010628 (0x2AA58593) addi a1, a1, 682
x11 <- 0xFFEAAAAAAAAAAAAA
mem[X,0x000000008001062C] -> 0x9593
mem[X,0x000000008001062E] -> 0x00A5
[1970] [M]: 0x000000008001062C (0x00A59593) slli a1, a1, 10
x11 <- 0xAAAAAAAAAAAAA800
mem[X,0x0000000080010630] -> 0x8593
mem[X,0x0000000080010632] -> 0x2AA5
[1971] [M]: 0x0000000080010630 (0x2AA58593) addi a1, a1, 682
x11 <- 0xAAAAAAAAAAAAAAAA
mem[X,0x0000000080010634] -> 0x0113
mem[X,0x0000000080010636] -> 0x0000
[1972] [M]: 0x0000000080010634 (0x00000113) addi sp, zero, 0
x2 <- 0x0000000000000000
mem[X,0x0000000080010638] -> 0x006F
mem[X,0x000000008001063A] -> 0x00C0
[1973] [M]: 0x0000000080010638 (0x00C0006F) jal zero, 12
mem[X,0x0000000080010644] -> 0x1663
mem[X,0x0000000080010646] -> 0x00B5
[1974] [M]: 0x0000000080010644 (0x00B51663) bne a0, a1, 12
mem[X,0x0000000080010650] -> 0x0113
mem[X,0x0000000080010652] -> 0x0031
[1975] [M]: 0x0000000080010650 (0x00310113) addi sp, sp, 3
x2 <- 0x0000000000000003
mem[X,0x0000000080010654] -> 0x006F
mem[X,0x0000000080010656] -> 0x0040
[1976] [M]: 0x0000000080010654 (0x0040006F) jal zero, 4
mem[X,0x0000000080010658] -> 0xB023
mem[X,0x000000008001065A] -> 0x4020
[1977] [M]: 0x0000000080010658 (0x4020B023) sd sp, 1024(ra)
mem[0x00000000800455D8] <- 0x0000000000000003
mem[X,0x000000008001065C] -> 0x0513
mem[X,0x000000008001065E] -> 0x0010
[1978] [M]: 0x000000008001065C (0x00100513) addi a0, zero, 1
x10 <- 0x0000000000000001
mem[X,0x0000000080010660] -> 0x1513
mem[X,0x0000000080010662] -> 0x0345
[1979] [M]: 0x0000000080010660 (0x03451513) slli a0, a0, 52
x10 <- 0x0010000000000000
mem[X,0x0000000080010664] -> 0x0593
mem[X,0x0000000080010666] -> 0x0010
[1980] [M]: 0x0000000080010664 (0x00100593) addi a1, zero, 1
x11 <- 0x0000000000000001
mem[X,0x0000000080010668] -> 0x9593
mem[X,0x000000008001066A] -> 0x0385
[1981] [M]: 0x0000000080010668 (0x03859593) slli a1, a1, 56
x11 <- 0x0100000000000000
mem[X,0x000000008001066C] -> 0xC593
mem[X,0x000000008001066E] -> 0xFFF5
[1982] [M]: 0x000000008001066C (0xFFF5C593) xori a1, a1, 4095
x11 <- 0xFEFFFFFFFFFFFFFF
mem[X,0x0000000080010670] -> 0x0113
mem[X,0x0000000080010672] -> 0x0000
[1983] [M]: 0x0000000080010670 (0x00000113) addi sp, zero, 0
x2 <- 0x0000000000000000
mem[X,0x0000000080010674] -> 0x006F
mem[X,0x0000000080010676] -> 0x0140
[1984] [M]: 0x0000000080010674 (0x0140006F) jal zero, 20
mem[X,0x0000000080010688] -> 0x18E3
mem[X,0x000000008001068A] -> 0xFEB5
[1985] [M]: 0x0000000080010688 (0xFEB518E3) bne a0, a1, 8176
mem[X,0x0000000080010678] -> 0x0113
mem[X,0x000000008001067A] -> 0x0011
[1986] [M]: 0x0000000080010678 (0x00110113) addi sp, sp, 1
x2 <- 0x0000000000000001
mem[X,0x000000008001067C] -> 0x006F
mem[X,0x000000008001067E] -> 0x0200
[1987] [M]: 0x000000008001067C (0x0200006F) jal zero, 32
mem[X,0x000000008001069C] -> 0xB423
mem[X,0x000000008001069E] -> 0x4020
[1988] [M]: 0x000000008001069C (0x4020B423) sd sp, 1032(ra)
mem[0x00000000800455E0] <- 0x0000000000000001
mem[X,0x00000000800106A0] -> 0x0513
mem[X,0x00000000800106A2] -> 0x0010
[1989] [M]: 0x00000000800106A0 (0x00100513) addi a0, zero, 1
x10 <- 0x0000000000000001
mem[X,0x00000000800106A4] -> 0x1513
mem[X,0x00000000800106A6] -> 0x0365
[1990] [M]: 0x00000000800106A4 (0x03651513) slli a0, a0, 54
x10 <- 0x0040000000000000
mem[X,0x00000000800106A8] -> 0x0593
mem[X,0x00000000800106AA] -> 0xFFF0
[1991] [M]: 0x00000000800106A8 (0xFFF00593) addi a1, zero, 4095
x11 <- 0xFFFFFFFFFFFFFFFF
mem[X,0x00000000800106AC] -> 0xD593
mem[X,0x00000000800106AE] -> 0x0015
[1992] [M]: 0x00000000800106AC (0x0015D593) srli a1, a1, 1
x11 <- 0x7FFFFFFFFFFFFFFF
mem[X,0x00000000800106B0] -> 0x0113
mem[X,0x00000000800106B2] -> 0x0000
[1993] [M]: 0x00000000800106B0 (0x00000113) addi sp, zero, 0
x2 <- 0x0000000000000000
mem[X,0x00000000800106B4] -> 0x006F
mem[X,0x00000000800106B6] -> 0x00C0
[1994] [M]: 0x00000000800106B4 (0x00C0006F) jal zero, 12
mem[X,0x00000000800106C0] -> 0x1063
mem[X,0x00000000800106C2] -> 0x04B5
[1995] [M]: 0x00000000800106C0 (0x04B51063) bne a0, a1, 64
mem[X,0x0000000080010700] -> 0x0113
mem[X,0x0000000080010702] -> 0x0031
[1996] [M]: 0x0000000080010700 (0x00310113) addi sp, sp, 3
x2 <- 0x0000000000000003
mem[X,0x0000000080010704] -> 0x006F
mem[X,0x0000000080010706] -> 0x0040
[1997] [M]: 0x0000000080010704 (0x0040006F) jal zero, 4
mem[X,0x0000000080010708] -> 0xB823
mem[X,0x000000008001070A] -> 0x4020
[1998] [M]: 0x0000000080010708 (0x4020B823) sd sp, 1040(ra)
mem[0x00000000800455E8] <- 0x0000000000000003
mem[X,0x000000008001070C] -> 0x0513
mem[X,0x000000008001070E] -> 0x0010
[1999] [M]: 0x000000008001070C (0x00100513) addi a0, zero, 1
x10 <- 0x0000000000000001
clint::tick mtime <- 0x0000000000000014
 clint timer pending at mtime 0x0000000000000014
htif::tick 0x0000000000000000
mem[X,0x0000000080010710] -> 0x1513
mem[X,0x0000000080010712] -> 0x0375
[2000] [M]: 0x0000000080010710 (0x03751513) slli a0, a0, 55
x10 <- 0x0080000000000000
mem[X,0x0000000080010714] -> 0x05B7
mem[X,0x0000000080010716] -> 0x0000
[2001] [M]: 0x0000000080010714 (0x000005B7) lui a1, 0
x11 <- 0x0000000000000000
mem[X,0x0000000080010718] -> 0x8593
mem[X,0x000000008001071A] -> 0x0005
[2002] [M]: 0x0000000080010718 (0x00058593) addi a1, a1, 0
x11 <- 0x0000000000000000
mem[X,0x000000008001071C] -> 0x9593
mem[X,0x000000008001071E] -> 0x00B5
[2003] [M]: 0x000000008001071C (0x00B59593) slli a1, a1, 11
x11 <- 0x0000000000000000
mem[X,0x0000000080010720] -> 0x8593
mem[X,0x0000000080010722] -> 0x5A85
[2004] [M]: 0x0000000080010720 (0x5A858593) addi a1, a1, 1448
x11 <- 0x00000000000005A8
mem[X,0x0000000080010724] -> 0x9593
mem[X,0x0000000080010726] -> 0x00B5
[2005] [M]: 0x0000000080010724 (0x00B59593) slli a1, a1, 11
x11 <- 0x00000000002D4000
mem[X,0x0000000080010728] -> 0x8593
mem[X,0x000000008001072A] -> 0x13C5
[2006] [M]: 0x0000000080010728 (0x13C58593) addi a1, a1, 316
x11 <- 0x00000000002D413C
mem[X,0x000000008001072C] -> 0x9593
mem[X,0x000000008001072E] -> 0x00A5
[2007] [M]: 0x000000008001072C (0x00A59593) slli a1, a1, 10
x11 <- 0x00000000B504F000
mem[X,0x0000000080010730] -> 0x8593
mem[X,0x0000000080010732] -> 0x3335
[2008] [M]: 0x0000000080010730 (0x33358593) addi a1, a1, 819
x11 <- 0x00000000B504F333
mem[X,0x0000000080010734] -> 0x0113
mem[X,0x0000000080010736] -> 0x0000
[2009] [M]: 0x0000000080010734 (0x00000113) addi sp, zero, 0
x2 <- 0x0000000000000000
mem[X,0x0000000080010738] -> 0x006F
mem[X,0x000000008001073A] -> 0x0140
[2010] [M]: 0x0000000080010738 (0x0140006F) jal zero, 20
mem[X,0x000000008001074C] -> 0x18E3
mem[X,0x000000008001074E] -> 0xFEB5
[2011] [M]: 0x000000008001074C (0xFEB518E3) bne a0, a1, 8176
mem[X,0x000000008001073C] -> 0x0113
mem[X,0x000000008001073E] -> 0x0011
[2012] [M]: 0x000000008001073C (0x00110113) addi sp, sp, 1
x2 <- 0x0000000000000001
mem[X,0x0000000080010740] -> 0x006F
mem[X,0x0000000080010742] -> 0x0200
[2013] [M]: 0x0000000080010740 (0x0200006F) jal zero, 32
mem[X,0x0000000080010760] -> 0xBC23
mem[X,0x0000000080010762] -> 0x4020
[2014] [M]: 0x0000000080010760 (0x4020BC23) sd sp, 1048(ra)
mem[0x00000000800455F0] <- 0x0000000000000001
mem[X,0x0000000080010764] -> 0x0513
mem[X,0x0000000080010766] -> 0x0010
[2015] [M]: 0x0000000080010764 (0x00100513) addi a0, zero, 1
x10 <- 0x0000000000000001
mem[X,0x0000000080010768] -> 0x1513
mem[X,0x000000008001076A] -> 0x0395
[2016] [M]: 0x0000000080010768 (0x03951513) slli a0, a0, 57
x10 <- 0x0200000000000000
mem[X,0x000000008001076C] -> 0x0593
mem[X,0x000000008001076E] -> 0x0010
[2017] [M]: 0x000000008001076C (0x00100593) addi a1, zero, 1
x11 <- 0x0000000000000001
mem[X,0x0000000080010770] -> 0x9593
mem[X,0x0000000080010772] -> 0x0305
[2018] [M]: 0x0000000080010770 (0x03059593) slli a1, a1, 48
x11 <- 0x0001000000000000
mem[X,0x0000000080010774] -> 0xC593
mem[X,0x0000000080010776] -> 0xFFF5
[2019] [M]: 0x0000000080010774 (0xFFF5C593) xori a1, a1, 4095
x11 <- 0xFFFEFFFFFFFFFFFF
mem[X,0x0000000080010778] -> 0x0113
mem[X,0x000000008001077A] -> 0x0000
[2020] [M]: 0x0000000080010778 (0x00000113) addi sp, zero, 0
x2 <- 0x0000000000000000
mem[X,0x000000008001077C] -> 0x006F
mem[X,0x000000008001077E] -> 0x0100
[2021] [M]: 0x000000008001077C (0x0100006F) jal zero, 16
mem[X,0x000000008001078C] -> 0x1AE3
mem[X,0x000000008001078E] -> 0xFEB5
[2022] [M]: 0x000000008001078C (0xFEB51AE3) bne a0, a1, 8180
mem[X,0x0000000080010780] -> 0x0113
mem[X,0x0000000080010782] -> 0x0011
[2023] [M]: 0x0000000080010780 (0x00110113) addi sp, sp, 1
x2 <- 0x0000000000000001
mem[X,0x0000000080010784] -> 0x006F
mem[X,0x0000000080010786] -> 0x01C0
[2024] [M]: 0x0000000080010784 (0x01C0006F) jal zero, 28
mem[X,0x00000000800107A0] -> 0xB023
mem[X,0x00000000800107A2] -> 0x4220
[2025] [M]: 0x00000000800107A0 (0x4220B023) sd sp, 1056(ra)
mem[0x00000000800455F8] <- 0x0000000000000001
mem[X,0x00000000800107A4] -> 0x0513
mem[X,0x00000000800107A6] -> 0x0010
[2026] [M]: 0x00000000800107A4 (0x00100513) addi a0, zero, 1
x10 <- 0x0000000000000001
mem[X,0x00000000800107A8] -> 0x1513
mem[X,0x00000000800107AA] -> 0x03A5
[2027] [M]: 0x00000000800107A8 (0x03A51513) slli a0, a0, 58
x10 <- 0x0400000000000000
mem[X,0x00000000800107AC] -> 0x0593
mem[X,0x00000000800107AE] -> 0x0010
[2028] [M]: 0x00000000800107AC (0x00100593) addi a1, zero, 1
x11 <- 0x0000000000000001
mem[X,0x00000000800107B0] -> 0x9593
mem[X,0x00000000800107B2] -> 0x0365
[2029] [M]: 0x00000000800107B0 (0x03659593) slli a1, a1, 54
x11 <- 0x0040000000000000
mem[X,0x00000000800107B4] -> 0xC593
mem[X,0x00000000800107B6] -> 0xFFF5
[2030] [M]: 0x00000000800107B4 (0xFFF5C593) xori a1, a1, 4095
x11 <- 0xFFBFFFFFFFFFFFFF
mem[X,0x00000000800107B8] -> 0x0113
mem[X,0x00000000800107BA] -> 0x0000
[2031] [M]: 0x00000000800107B8 (0x00000113) addi sp, zero, 0
x2 <- 0x0000000000000000
mem[X,0x00000000800107BC] -> 0x006F
mem[X,0x00000000800107BE] -> 0x00C0
[2032] [M]: 0x00000000800107BC (0x00C0006F) jal zero, 12
mem[X,0x00000000800107C8] -> 0x1063
mem[X,0x00000000800107CA] -> 0x08B5
[2033] [M]: 0x00000000800107C8 (0x08B51063) bne a0, a1, 128
mem[X,0x0000000080010848] -> 0x0113
mem[X,0x000000008001084A] -> 0x0031
[2034] [M]: 0x0000000080010848 (0x00310113) addi sp, sp, 3
x2 <- 0x0000000000000003
mem[X,0x000000008001084C] -> 0x006F
mem[X,0x000000008001084E] -> 0x0040
[2035] [M]: 0x000000008001084C (0x0040006F) jal zero, 4
mem[X,0x0000000080010850] -> 0xB423
mem[X,0x0000000080010852] -> 0x4220
[2036] [M]: 0x0000000080010850 (0x4220B423) sd sp, 1064(ra)
mem[0x0000000080045600] <- 0x0000000000000003
mem[X,0x0000000080010854] -> 0x0513
mem[X,0x0000000080010856] -> 0x0010
[2037] [M]: 0x0000000080010854 (0x00100513) addi a0, zero, 1
x10 <- 0x0000000000000001
mem[X,0x0000000080010858] -> 0x1513
mem[X,0x000000008001085A] -> 0x03B5
[2038] [M]: 0x0000000080010858 (0x03B51513) slli a0, a0, 59
x10 <- 0x0800000000000000
mem[X,0x000000008001085C] -> 0x0593
mem[X,0x000000008001085E] -> 0x0010
[2039] [M]: 0x000000008001085C (0x00100593) addi a1, zero, 1
x11 <- 0x0000000000000001
mem[X,0x0000000080010860] -> 0x9593
mem[X,0x0000000080010862] -> 0x01D5
[2040] [M]: 0x0000000080010860 (0x01D59593) slli a1, a1, 29
x11 <- 0x0000000020000000
mem[X,0x0000000080010864] -> 0x0113
mem[X,0x0000000080010866] -> 0x0000
[2041] [M]: 0x0000000080010864 (0x00000113) addi sp, zero, 0
x2 <- 0x0000000000000000
mem[X,0x0000000080010868] -> 0x006F
mem[X,0x000000008001086A] -> 0x00C0
[2042] [M]: 0x0000000080010868 (0x00C0006F) jal zero, 12
mem[X,0x0000000080010874] -> 0x1CE3
mem[X,0x0000000080010876] -> 0xFEB5
[2043] [M]: 0x0000000080010874 (0xFEB51CE3) bne a0, a1, 8184
mem[X,0x000000008001086C] -> 0x0113
mem[X,0x000000008001086E] -> 0x0011
[2044] [M]: 0x000000008001086C (0x00110113) addi sp, sp, 1
x2 <- 0x0000000000000001
mem[X,0x0000000080010870] -> 0x006F
mem[X,0x0000000080010872] -> 0x0180
[2045] [M]: 0x0000000080010870 (0x0180006F) jal zero, 24
mem[X,0x0000000080010888] -> 0xB823
mem[X,0x000000008001088A] -> 0x4220
[2046] [M]: 0x0000000080010888 (0x4220B823) sd sp, 1072(ra)
mem[0x0000000080045608] <- 0x0000000000000001
mem[X,0x000000008001088C] -> 0x0513
mem[X,0x000000008001088E] -> 0xFFE0
[2047] [M]: 0x000000008001088C (0xFFE00513) addi a0, zero, 4094
x10 <- 0xFFFFFFFFFFFFFFFE
mem[X,0x0000000080010890] -> 0x0593
mem[X,0x0000000080010892] -> 0xBFF0
[2048] [M]: 0x0000000080010890 (0xBFF00593) addi a1, zero, 3071
x11 <- 0xFFFFFFFFFFFFFBFF
mem[X,0x0000000080010894] -> 0x0113
mem[X,0x0000000080010896] -> 0x0000
[2049] [M]: 0x0000000080010894 (0x00000113) addi sp, zero, 0
x2 <- 0x0000000000000000
mem[X,0x0000000080010898] -> 0x006F
mem[X,0x000000008001089A] -> 0x00C0
[2050] [M]: 0x0000000080010898 (0x00C0006F) jal zero, 12
mem[X,0x00000000800108A4] -> 0x1663
mem[X,0x00000000800108A6] -> 0x00B5
[2051] [M]: 0x00000000800108A4 (0x00B51663) bne a0, a1, 12
mem[X,0x00000000800108B0] -> 0x0113
mem[X,0x00000000800108B2] -> 0x0031
[2052] [M]: 0x00000000800108B0 (0x00310113) addi sp, sp, 3
x2 <- 0x0000000000000003
mem[X,0x00000000800108B4] -> 0x006F
mem[X,0x00000000800108B6] -> 0x0040
[2053] [M]: 0x00000000800108B4 (0x0040006F) jal zero, 4
mem[X,0x00000000800108B8] -> 0xBC23
mem[X,0x00000000800108BA] -> 0x4220
[2054] [M]: 0x00000000800108B8 (0x4220BC23) sd sp, 1080(ra)
mem[0x0000000080045610] <- 0x0000000000000003
mem[X,0x00000000800108BC] -> 0x0513
mem[X,0x00000000800108BE] -> 0xFF70
[2055] [M]: 0x00000000800108BC (0xFF700513) addi a0, zero, 4087
x10 <- 0xFFFFFFFFFFFFFFF7
mem[X,0x00000000800108C0] -> 0x0593
mem[X,0x00000000800108C2] -> 0x0050
[2056] [M]: 0x00000000800108C0 (0x00500593) addi a1, zero, 5
x11 <- 0x0000000000000005
mem[X,0x00000000800108C4] -> 0x0113
mem[X,0x00000000800108C6] -> 0x0000
[2057] [M]: 0x00000000800108C4 (0x00000113) addi sp, zero, 0
x2 <- 0x0000000000000000
mem[X,0x00000000800108C8] -> 0x006F
mem[X,0x00000000800108CA] -> 0x00C0
[2058] [M]: 0x00000000800108C8 (0x00C0006F) jal zero, 12
mem[X,0x00000000800108D4] -> 0x1CE3
mem[X,0x00000000800108D6] -> 0xFEB5
[2059] [M]: 0x00000000800108D4 (0xFEB51CE3) bne a0, a1, 8184
mem[X,0x00000000800108CC] -> 0x0113
mem[X,0x00000000800108CE] -> 0x0011
[2060] [M]: 0x00000000800108CC (0x00110113) addi sp, sp, 1
x2 <- 0x0000000000000001
mem[X,0x00000000800108D0] -> 0x006F
mem[X,0x00000000800108D2] -> 0x0180
[2061] [M]: 0x00000000800108D0 (0x0180006F) jal zero, 24
mem[X,0x00000000800108E8] -> 0xB023
mem[X,0x00000000800108EA] -> 0x4420
[2062] [M]: 0x00000000800108E8 (0x4420B023) sd sp, 1088(ra)
mem[0x0000000080045618] <- 0x0000000000000001
mem[X,0x00000000800108EC] -> 0x0513
mem[X,0x00000000800108EE] -> 0xFEF0
[2063] [M]: 0x00000000800108EC (0xFEF00513) addi a0, zero, 4079
x10 <- 0xFFFFFFFFFFFFFFEF
mem[X,0x00000000800108F0] -> 0x0593
mem[X,0x00000000800108F2] -> 0x0010
[2064] [M]: 0x00000000800108F0 (0x00100593) addi a1, zero, 1
x11 <- 0x0000000000000001
mem[X,0x00000000800108F4] -> 0x9593
mem[X,0x00000000800108F6] -> 0x0235
[2065] [M]: 0x00000000800108F4 (0x02359593) slli a1, a1, 35
x11 <- 0x0000000800000000
mem[X,0x00000000800108F8] -> 0x0113
mem[X,0x00000000800108FA] -> 0x0000
[2066] [M]: 0x00000000800108F8 (0x00000113) addi sp, zero, 0
x2 <- 0x0000000000000000
mem[X,0x00000000800108FC] -> 0x006F
mem[X,0x00000000800108FE] -> 0x00C0
[2067] [M]: 0x00000000800108FC (0x00C0006F) jal zero, 12
mem[X,0x0000000080010908] -> 0x1863
mem[X,0x000000008001090A] -> 0x00B5
[2068] [M]: 0x0000000080010908 (0x00B51863) bne a0, a1, 16
mem[X,0x0000000080010918] -> 0x0113
mem[X,0x000000008001091A] -> 0x0031
[2069] [M]: 0x0000000080010918 (0x00310113) addi sp, sp, 3
x2 <- 0x0000000000000003
mem[X,0x000000008001091C] -> 0x006F
mem[X,0x000000008001091E] -> 0x0040
[2070] [M]: 0x000000008001091C (0x0040006F) jal zero, 4
mem[X,0x0000000080010920] -> 0xB423
mem[X,0x0000000080010922] -> 0x4420
[2071] [M]: 0x0000000080010920 (0x4420B423) sd sp, 1096(ra)
mem[0x0000000080045620] <- 0x0000000000000003
mem[X,0x0000000080010924] -> 0x0513
mem[X,0x0000000080010926] -> 0xFDF0
[2072] [M]: 0x0000000080010924 (0xFDF00513) addi a0, zero, 4063
x10 <- 0xFFFFFFFFFFFFFFDF
mem[X,0x0000000080010928] -> 0x0593
mem[X,0x000000008001092A] -> 0x0050
[2073] [M]: 0x0000000080010928 (0x00500593) addi a1, zero, 5
x11 <- 0x0000000000000005
mem[X,0x000000008001092C] -> 0x0113
mem[X,0x000000008001092E] -> 0x0000
[2074] [M]: 0x000000008001092C (0x00000113) addi sp, zero, 0
x2 <- 0x0000000000000000
mem[X,0x0000000080010930] -> 0x006F
mem[X,0x0000000080010932] -> 0x00C0
[2075] [M]: 0x0000000080010930 (0x00C0006F) jal zero, 12
mem[X,0x000000008001093C] -> 0x1663
mem[X,0x000000008001093E] -> 0x00B5
[2076] [M]: 0x000000008001093C (0x00B51663) bne a0, a1, 12
mem[X,0x0000000080010948] -> 0x0113
mem[X,0x000000008001094A] -> 0x0031
[2077] [M]: 0x0000000080010948 (0x00310113) addi sp, sp, 3
x2 <- 0x0000000000000003
mem[X,0x000000008001094C] -> 0x006F
mem[X,0x000000008001094E] -> 0x0040
[2078] [M]: 0x000000008001094C (0x0040006F) jal zero, 4
mem[X,0x0000000080010950] -> 0xB823
mem[X,0x0000000080010952] -> 0x4420
[2079] [M]: 0x0000000080010950 (0x4420B823) sd sp, 1104(ra)
mem[0x0000000080045628] <- 0x0000000000000003
mem[X,0x0000000080010954] -> 0x0513
mem[X,0x0000000080010956] -> 0xF7F0
[2080] [M]: 0x0000000080010954 (0xF7F00513) addi a0, zero, 3967
x10 <- 0xFFFFFFFFFFFFFF7F
mem[X,0x0000000080010958] -> 0x0593
mem[X,0x000000008001095A] -> 0x0010
[2081] [M]: 0x0000000080010958 (0x00100593) addi a1, zero, 1
x11 <- 0x0000000000000001
mem[X,0x000000008001095C] -> 0x9593
mem[X,0x000000008001095E] -> 0x03B5
[2082] [M]: 0x000000008001095C (0x03B59593) slli a1, a1, 59
x11 <- 0x0800000000000000
mem[X,0x0000000080010960] -> 0x0113
mem[X,0x0000000080010962] -> 0x0000
[2083] [M]: 0x0000000080010960 (0x00000113) addi sp, zero, 0
x2 <- 0x0000000000000000
mem[X,0x0000000080010964] -> 0x006F
mem[X,0x0000000080010966] -> 0x2B10
[2084] [M]: 0x0000000080010964 (0x2B10006F) jal zero, 2736
mem[X,0x0000000080011414] -> 0x1A63
mem[X,0x0000000080011416] -> 0xD4B5
[2085] [M]: 0x0000000080011414 (0xD4B51A63) bne a0, a1, 5460
mem[X,0x0000000080010968] -> 0x0113
mem[X,0x000000008001096A] -> 0x0011
[2086] [M]: 0x0000000080010968 (0x00110113) addi sp, sp, 1
x2 <- 0x0000000000000001
mem[X,0x000000008001096C] -> 0x006F
mem[X,0x000000008001096E] -> 0x2BD0
[2087] [M]: 0x000000008001096C (0x2BD0006F) jal zero, 2748
mem[X,0x0000000080011428] -> 0xBC23
mem[X,0x000000008001142A] -> 0x4420
[2088] [M]: 0x0000000080011428 (0x4420BC23) sd sp, 1112(ra)
mem[0x0000000080045630] <- 0x0000000000000001
mem[X,0x000000008001142C] -> 0x0513
mem[X,0x000000008001142E] -> 0xDFF0
[2089] [M]: 0x000000008001142C (0xDFF00513) addi a0, zero, 3583
x10 <- 0xFFFFFFFFFFFFFDFF
mem[X,0x0000000080011430] -> 0x0593
mem[X,0x0000000080011432] -> 0x0010
[2090] [M]: 0x0000000080011430 (0x00100593) addi a1, zero, 1
x11 <- 0x0000000000000001
mem[X,0x0000000080011434] -> 0x9593
mem[X,0x0000000080011436] -> 0x0225
[2091] [M]: 0x0000000080011434 (0x02259593) slli a1, a1, 34
x11 <- 0x0000000400000000
mem[X,0x0000000080011438] -> 0x0113
mem[X,0x000000008001143A] -> 0x0000
[2092] [M]: 0x0000000080011438 (0x00000113) addi sp, zero, 0
x2 <- 0x0000000000000000
mem[X,0x000000008001143C] -> 0x006F
mem[X,0x000000008001143E] -> 0x0180
[2093] [M]: 0x000000008001143C (0x0180006F) jal zero, 24
mem[X,0x0000000080011454] -> 0x16E3
mem[X,0x0000000080011456] -> 0xFEB5
[2094] [M]: 0x0000000080011454 (0xFEB516E3) bne a0, a1, 8172
mem[X,0x0000000080011440] -> 0x0113
mem[X,0x0000000080011442] -> 0x0011
[2095] [M]: 0x0000000080011440 (0x00110113) addi sp, sp, 1
x2 <- 0x0000000000000001
mem[X,0x0000000080011444] -> 0x006F
mem[X,0x0000000080011446] -> 0x0240
[2096] [M]: 0x0000000080011444 (0x0240006F) jal zero, 36
mem[X,0x0000000080011468] -> 0xB023
mem[X,0x000000008001146A] -> 0x4620
[2097] [M]: 0x0000000080011468 (0x4620B023) sd sp, 1120(ra)
mem[0x0000000080045638] <- 0x0000000000000001
mem[X,0x000000008001146C] -> 0x0513
mem[X,0x000000008001146E] -> 0x0010
[2098] [M]: 0x000000008001146C (0x00100513) addi a0, zero, 1
x10 <- 0x0000000000000001
mem[X,0x0000000080011470] -> 0x1513
mem[X,0x0000000080011472] -> 0x00B5
[2099] [M]: 0x0000000080011470 (0x00B51513) slli a0, a0, 11
x10 <- 0x0000000000000800
clint::tick mtime <- 0x0000000000000015
 clint timer pending at mtime 0x0000000000000015
htif::tick 0x0000000000000000
mem[X,0x0000000080011474] -> 0x4513
mem[X,0x0000000080011476] -> 0xFFF5
[2100] [M]: 0x0000000080011474 (0xFFF54513) xori a0, a0, 4095
x10 <- 0xFFFFFFFFFFFFF7FF
mem[X,0x0000000080011478] -> 0x35B7
mem[X,0x000000008001147A] -> 0x3333
[2101] [M]: 0x0000000080011478 (0x333335B7) lui a1, 209715
x11 <- 0x0000000033333000
mem[X,0x000000008001147C] -> 0x8593
mem[X,0x000000008001147E] -> 0x3335
[2102] [M]: 0x000000008001147C (0x33358593) addi a1, a1, 819
x11 <- 0x0000000033333333
mem[X,0x0000000080011480] -> 0x9593
mem[X,0x0000000080011482] -> 0x00B5
[2103] [M]: 0x0000000080011480 (0x00B59593) slli a1, a1, 11
x11 <- 0x0000019999999800
mem[X,0x0000000080011484] -> 0x8593
mem[X,0x0000000080011486] -> 0x1995
[2104] [M]: 0x0000000080011484 (0x19958593) addi a1, a1, 409
x11 <- 0x0000019999999999
mem[X,0x0000000080011488] -> 0x9593
mem[X,0x000000008001148A] -> 0x00B5
[2105] [M]: 0x0000000080011488 (0x00B59593) slli a1, a1, 11
x11 <- 0x000CCCCCCCCCC800
mem[X,0x000000008001148C] -> 0x8593
mem[X,0x000000008001148E] -> 0x4CC5
[2106] [M]: 0x000000008001148C (0x4CC58593) addi a1, a1, 1228
x11 <- 0x000CCCCCCCCCCCCC
mem[X,0x0000000080011490] -> 0x9593
mem[X,0x0000000080011492] -> 0x00A5
[2107] [M]: 0x0000000080011490 (0x00A59593) slli a1, a1, 10
x11 <- 0x3333333333333000
mem[X,0x0000000080011494] -> 0x8593
mem[X,0x0000000080011496] -> 0x3345
[2108] [M]: 0x0000000080011494 (0x33458593) addi a1, a1, 820
x11 <- 0x3333333333333334
mem[X,0x0000000080011498] -> 0x0113
mem[X,0x000000008001149A] -> 0x0000
[2109] [M]: 0x0000000080011498 (0x00000113) addi sp, zero, 0
x2 <- 0x0000000000000000
mem[X,0x000000008001149C] -> 0x006F
mem[X,0x000000008001149E] -> 0x00C0
[2110] [M]: 0x000000008001149C (0x00C0006F) jal zero, 12
mem[X,0x00000000800114A8] -> 0x1663
mem[X,0x00000000800114AA] -> 0x00B5
[2111] [M]: 0x00000000800114A8 (0x00B51663) bne a0, a1, 12
mem[X,0x00000000800114B4] -> 0x0113
mem[X,0x00000000800114B6] -> 0x0031
[2112] [M]: 0x00000000800114B4 (0x00310113) addi sp, sp, 3
x2 <- 0x0000000000000003
mem[X,0x00000000800114B8] -> 0x006F
mem[X,0x00000000800114BA] -> 0x0040
[2113] [M]: 0x00000000800114B8 (0x0040006F) jal zero, 4
mem[X,0x00000000800114BC] -> 0xB423
mem[X,0x00000000800114BE] -> 0x4620
[2114] [M]: 0x00000000800114BC (0x4620B423) sd sp, 1128(ra)
mem[0x0000000080045640] <- 0x0000000000000003
mem[X,0x00000000800114C0] -> 0x0513
mem[X,0x00000000800114C2] -> 0x0010
[2115] [M]: 0x00000000800114C0 (0x00100513) addi a0, zero, 1
x10 <- 0x0000000000000001
mem[X,0x00000000800114C4] -> 0x1513
mem[X,0x00000000800114C6] -> 0x00C5
[2116] [M]: 0x00000000800114C4 (0x00C51513) slli a0, a0, 12
x10 <- 0x0000000000001000
mem[X,0x00000000800114C8] -> 0x4513
mem[X,0x00000000800114CA] -> 0xFFF5
[2117] [M]: 0x00000000800114C8 (0xFFF54513) xori a0, a0, 4095
x10 <- 0xFFFFFFFFFFFFEFFF
mem[X,0x00000000800114CC] -> 0x0593
mem[X,0x00000000800114CE] -> 0x0010
[2118] [M]: 0x00000000800114CC (0x00100593) addi a1, zero, 1
x11 <- 0x0000000000000001
mem[X,0x00000000800114D0] -> 0x9593
mem[X,0x00000000800114D2] -> 0x0235
[2119] [M]: 0x00000000800114D0 (0x02359593) slli a1, a1, 35
x11 <- 0x0000000800000000
mem[X,0x00000000800114D4] -> 0xC593
mem[X,0x00000000800114D6] -> 0xFFF5
[2120] [M]: 0x00000000800114D4 (0xFFF5C593) xori a1, a1, 4095
x11 <- 0xFFFFFFF7FFFFFFFF
mem[X,0x00000000800114D8] -> 0x0113
mem[X,0x00000000800114DA] -> 0x0000
[2121] [M]: 0x00000000800114D8 (0x00000113) addi sp, zero, 0
x2 <- 0x0000000000000000
mem[X,0x00000000800114DC] -> 0x006F
mem[X,0x00000000800114DE] -> 0x00C0
[2122] [M]: 0x00000000800114DC (0x00C0006F) jal zero, 12
mem[X,0x00000000800114E8] -> 0x1663
mem[X,0x00000000800114EA] -> 0x00B5
[2123] [M]: 0x00000000800114E8 (0x00B51663) bne a0, a1, 12
mem[X,0x00000000800114F4] -> 0x0113
mem[X,0x00000000800114F6] -> 0x0031
[2124] [M]: 0x00000000800114F4 (0x00310113) addi sp, sp, 3
x2 <- 0x0000000000000003
mem[X,0x00000000800114F8] -> 0x006F
mem[X,0x00000000800114FA] -> 0x0040
[2125] [M]: 0x00000000800114F8 (0x0040006F) jal zero, 4
mem[X,0x00000000800114FC] -> 0xB823
mem[X,0x00000000800114FE] -> 0x4620
[2126] [M]: 0x00000000800114FC (0x4620B823) sd sp, 1136(ra)
mem[0x0000000080045648] <- 0x0000000000000003
mem[X,0x0000000080011500] -> 0x0513
mem[X,0x0000000080011502] -> 0x0010
[2127] [M]: 0x0000000080011500 (0x00100513) addi a0, zero, 1
x10 <- 0x0000000000000001
mem[X,0x0000000080011504] -> 0x1513
mem[X,0x0000000080011506] -> 0x00E5
[2128] [M]: 0x0000000080011504 (0x00E51513) slli a0, a0, 14
x10 <- 0x0000000000004000
mem[X,0x0000000080011508] -> 0x4513
mem[X,0x000000008001150A] -> 0xFFF5
[2129] [M]: 0x0000000080011508 (0xFFF54513) xori a0, a0, 4095
x10 <- 0xFFFFFFFFFFFFBFFF
mem[X,0x000000008001150C] -> 0x0593
mem[X,0x000000008001150E] -> 0x0010
[2130] [M]: 0x000000008001150C (0x00100593) addi a1, zero, 1
x11 <- 0x0000000000000001
mem[X,0x0000000080011510] -> 0x9593
mem[X,0x0000000080011512] -> 0x02E5
[2131] [M]: 0x0000000080011510 (0x02E59593) slli a1, a1, 46
x11 <- 0x0000400000000000
mem[X,0x0000000080011514] -> 0xC593
mem[X,0x0000000080011516] -> 0xFFF5
[2132] [M]: 0x0000000080011514 (0xFFF5C593) xori a1, a1, 4095
x11 <- 0xFFFFBFFFFFFFFFFF
mem[X,0x0000000080011518] -> 0x0113
mem[X,0x000000008001151A] -> 0x0000
[2133] [M]: 0x0000000080011518 (0x00000113) addi sp, zero, 0
x2 <- 0x0000000000000000
mem[X,0x000000008001151C] -> 0x006F
mem[X,0x000000008001151E] -> 0x0100
[2134] [M]: 0x000000008001151C (0x0100006F) jal zero, 16
mem[X,0x000000008001152C] -> 0x1AE3
mem[X,0x000000008001152E] -> 0xFEB5
[2135] [M]: 0x000000008001152C (0xFEB51AE3) bne a0, a1, 8180
mem[X,0x0000000080011520] -> 0x0113
mem[X,0x0000000080011522] -> 0x0011
[2136] [M]: 0x0000000080011520 (0x00110113) addi sp, sp, 1
x2 <- 0x0000000000000001
mem[X,0x0000000080011524] -> 0x006F
mem[X,0x0000000080011526] -> 0x01C0
[2137] [M]: 0x0000000080011524 (0x01C0006F) jal zero, 28
mem[X,0x0000000080011540] -> 0xBC23
mem[X,0x0000000080011542] -> 0x4620
[2138] [M]: 0x0000000080011540 (0x4620BC23) sd sp, 1144(ra)
mem[0x0000000080045650] <- 0x0000000000000001
mem[X,0x0000000080011544] -> 0x0513
mem[X,0x0000000080011546] -> 0x0010
[2139] [M]: 0x0000000080011544 (0x00100513) addi a0, zero, 1
x10 <- 0x0000000000000001
mem[X,0x0000000080011548] -> 0x1513
mem[X,0x000000008001154A] -> 0x00F5
[2140] [M]: 0x0000000080011548 (0x00F51513) slli a0, a0, 15
x10 <- 0x0000000000008000
mem[X,0x000000008001154C] -> 0x4513
mem[X,0x000000008001154E] -> 0xFFF5
[2141] [M]: 0x000000008001154C (0xFFF54513) xori a0, a0, 4095
x10 <- 0xFFFFFFFFFFFF7FFF
mem[X,0x0000000080011550] -> 0x0593
mem[X,0x0000000080011552] -> 0xFFF0
[2142] [M]: 0x0000000080011550 (0xFFF00593) addi a1, zero, 4095
x11 <- 0xFFFFFFFFFFFFFFFF
mem[X,0x0000000080011554] -> 0x0113
mem[X,0x0000000080011556] -> 0x0000
[2143] [M]: 0x0000000080011554 (0x00000113) addi sp, zero, 0
x2 <- 0x0000000000000000
mem[X,0x0000000080011558] -> 0x006F
mem[X,0x000000008001155A] -> 0x2B10
[2144] [M]: 0x0000000080011558 (0x2B10006F) jal zero, 2736
mem[X,0x0000000080012008] -> 0x1A63
mem[X,0x000000008001200A] -> 0xD4B5
[2145] [M]: 0x0000000080012008 (0xD4B51A63) bne a0, a1, 5460
mem[X,0x000000008001155C] -> 0x0113
mem[X,0x000000008001155E] -> 0x0011
[2146] [M]: 0x000000008001155C (0x00110113) addi sp, sp, 1
x2 <- 0x0000000000000001
mem[X,0x0000000080011560] -> 0x006F
mem[X,0x0000000080011562] -> 0x2BD0
[2147] [M]: 0x0000000080011560 (0x2BD0006F) jal zero, 2748
mem[X,0x000000008001201C] -> 0xB023
mem[X,0x000000008001201E] -> 0x4820
[2148] [M]: 0x000000008001201C (0x4820B023) sd sp, 1152(ra)
mem[0x0000000080045658] <- 0x0000000000000001
mem[X,0x0000000080012020] -> 0x0513
mem[X,0x0000000080012022] -> 0x0010
[2149] [M]: 0x0000000080012020 (0x00100513) addi a0, zero, 1
x10 <- 0x0000000000000001
mem[X,0x0000000080012024] -> 0x1513
mem[X,0x0000000080012026] -> 0x0105
[2150] [M]: 0x0000000080012024 (0x01051513) slli a0, a0, 16
x10 <- 0x0000000000010000
mem[X,0x0000000080012028] -> 0x4513
mem[X,0x000000008001202A] -> 0xFFF5
[2151] [M]: 0x0000000080012028 (0xFFF54513) xori a0, a0, 4095
x10 <- 0xFFFFFFFFFFFEFFFF
mem[X,0x000000008001202C] -> 0x0593
mem[X,0x000000008001202E] -> 0x0010
[2152] [M]: 0x000000008001202C (0x00100593) addi a1, zero, 1
x11 <- 0x0000000000000001
mem[X,0x0000000080012030] -> 0x9593
mem[X,0x0000000080012032] -> 0x00F5
[2153] [M]: 0x0000000080012030 (0x00F59593) slli a1, a1, 15
x11 <- 0x0000000000008000
mem[X,0x0000000080012034] -> 0xC593
mem[X,0x0000000080012036] -> 0xFFF5
[2154] [M]: 0x0000000080012034 (0xFFF5C593) xori a1, a1, 4095
x11 <- 0xFFFFFFFFFFFF7FFF
mem[X,0x0000000080012038] -> 0x0113
mem[X,0x000000008001203A] -> 0x0000
[2155] [M]: 0x0000000080012038 (0x00000113) addi sp, zero, 0
x2 <- 0x0000000000000000
mem[X,0x000000008001203C] -> 0x006F
mem[X,0x000000008001203E] -> 0x0050
[2156] [M]: 0x000000008001203C (0x0050006F) jal zero, 2052
mem[X,0x0000000080012840] -> 0x10E3
mem[X,0x0000000080012842] -> 0x80B5
[2157] [M]: 0x0000000080012840 (0x80B510E3) bne a0, a1, 6144
mem[X,0x0000000080012040] -> 0x0113
mem[X,0x0000000080012042] -> 0x0011
[2158] [M]: 0x0000000080012040 (0x00110113) addi sp, sp, 1
x2 <- 0x0000000000000001
mem[X,0x0000000080012044] -> 0x006F
mem[X,0x0000000080012046] -> 0x0110
[2159] [M]: 0x0000000080012044 (0x0110006F) jal zero, 2064
mem[X,0x0000000080012854] -> 0xB423
mem[X,0x0000000080012856] -> 0x4820
[2160] [M]: 0x0000000080012854 (0x4820B423) sd sp, 1160(ra)
mem[0x0000000080045660] <- 0x0000000000000001
mem[X,0x0000000080012858] -> 0x0513
mem[X,0x000000008001285A] -> 0x0010
[2161] [M]: 0x0000000080012858 (0x00100513) addi a0, zero, 1
x10 <- 0x0000000000000001
mem[X,0x000000008001285C] -> 0x1513
mem[X,0x000000008001285E] -> 0x0125
[2162] [M]: 0x000000008001285C (0x01251513) slli a0, a0, 18
x10 <- 0x0000000000040000
mem[X,0x0000000080012860] -> 0x4513
mem[X,0x0000000080012862] -> 0xFFF5
[2163] [M]: 0x0000000080012860 (0xFFF54513) xori a0, a0, 4095
x10 <- 0xFFFFFFFFFFFBFFFF
mem[X,0x0000000080012864] -> 0x0593
mem[X,0x0000000080012866] -> 0xBFF0
[2164] [M]: 0x0000000080012864 (0xBFF00593) addi a1, zero, 3071
x11 <- 0xFFFFFFFFFFFFFBFF
mem[X,0x0000000080012868] -> 0x0113
mem[X,0x000000008001286A] -> 0x0000
[2165] [M]: 0x0000000080012868 (0x00000113) addi sp, zero, 0
x2 <- 0x0000000000000000
mem[X,0x000000008001286C] -> 0x006F
mem[X,0x000000008001286E] -> 0x00C0
[2166] [M]: 0x000000008001286C (0x00C0006F) jal zero, 12
mem[X,0x0000000080012878] -> 0x1063
mem[X,0x000000008001287A] -> 0x20B5
[2167] [M]: 0x0000000080012878 (0x20B51063) bne a0, a1, 512
mem[X,0x0000000080012A78] -> 0x0113
mem[X,0x0000000080012A7A] -> 0x0031
[2168] [M]: 0x0000000080012A78 (0x00310113) addi sp, sp, 3
x2 <- 0x0000000000000003
mem[X,0x0000000080012A7C] -> 0x006F
mem[X,0x0000000080012A7E] -> 0x0040
[2169] [M]: 0x0000000080012A7C (0x0040006F) jal zero, 4
mem[X,0x0000000080012A80] -> 0xB823
mem[X,0x0000000080012A82] -> 0x4820
[2170] [M]: 0x0000000080012A80 (0x4820B823) sd sp, 1168(ra)
mem[0x0000000080045668] <- 0x0000000000000003
mem[X,0x0000000080012A84] -> 0x0513
mem[X,0x0000000080012A86] -> 0x0010
[2171] [M]: 0x0000000080012A84 (0x00100513) addi a0, zero, 1
x10 <- 0x0000000000000001
mem[X,0x0000000080012A88] -> 0x1513
mem[X,0x0000000080012A8A] -> 0x0155
[2172] [M]: 0x0000000080012A88 (0x01551513) slli a0, a0, 21
x10 <- 0x0000000000200000
mem[X,0x0000000080012A8C] -> 0x4513
mem[X,0x0000000080012A8E] -> 0xFFF5
[2173] [M]: 0x0000000080012A8C (0xFFF54513) xori a0, a0, 4095
x10 <- 0xFFFFFFFFFFDFFFFF
mem[X,0x0000000080012A90] -> 0x55B7
mem[X,0x0000000080012A92] -> 0x5555
[2174] [M]: 0x0000000080012A90 (0x555555B7) lui a1, 349525
x11 <- 0x0000000055555000
mem[X,0x0000000080012A94] -> 0x8593
mem[X,0x0000000080012A96] -> 0x5555
[2175] [M]: 0x0000000080012A94 (0x55558593) addi a1, a1, 1365
x11 <- 0x0000000055555555
mem[X,0x0000000080012A98] -> 0x9593
mem[X,0x0000000080012A9A] -> 0x00B5
[2176] [M]: 0x0000000080012A98 (0x00B59593) slli a1, a1, 11
x11 <- 0x000002AAAAAAA800
mem[X,0x0000000080012A9C] -> 0x8593
mem[X,0x0000000080012A9E] -> 0x2AA5
[2177] [M]: 0x0000000080012A9C (0x2AA58593) addi a1, a1, 682
x11 <- 0x000002AAAAAAAAAA
mem[X,0x0000000080012AA0] -> 0x9593
mem[X,0x0000000080012AA2] -> 0x00B5
[2178] [M]: 0x0000000080012AA0 (0x00B59593) slli a1, a1, 11
x11 <- 0x0015555555555000
mem[X,0x0000000080012AA4] -> 0x8593
mem[X,0x0000000080012AA6] -> 0x5555
[2179] [M]: 0x0000000080012AA4 (0x55558593) addi a1, a1, 1365
x11 <- 0x0015555555555555
mem[X,0x0000000080012AA8] -> 0x9593
mem[X,0x0000000080012AAA] -> 0x00A5
[2180] [M]: 0x0000000080012AA8 (0x00A59593) slli a1, a1, 10
x11 <- 0x5555555555555400
mem[X,0x0000000080012AAC] -> 0x8593
mem[X,0x0000000080012AAE] -> 0x1555
[2181] [M]: 0x0000000080012AAC (0x15558593) addi a1, a1, 341
x11 <- 0x5555555555555555
mem[X,0x0000000080012AB0] -> 0x0113
mem[X,0x0000000080012AB2] -> 0x0000
[2182] [M]: 0x0000000080012AB0 (0x00000113) addi sp, zero, 0
x2 <- 0x0000000000000000
mem[X,0x0000000080012AB4] -> 0x006F
mem[X,0x0000000080012AB6] -> 0x00C0
[2183] [M]: 0x0000000080012AB4 (0x00C0006F) jal zero, 12
mem[X,0x0000000080012AC0] -> 0x1CE3
mem[X,0x0000000080012AC2] -> 0xFEB5
[2184] [M]: 0x0000000080012AC0 (0xFEB51CE3) bne a0, a1, 8184
mem[X,0x0000000080012AB8] -> 0x0113
mem[X,0x0000000080012ABA] -> 0x0011
[2185] [M]: 0x0000000080012AB8 (0x00110113) addi sp, sp, 1
x2 <- 0x0000000000000001
mem[X,0x0000000080012ABC] -> 0x006F
mem[X,0x0000000080012ABE] -> 0x0180
[2186] [M]: 0x0000000080012ABC (0x0180006F) jal zero, 24
mem[X,0x0000000080012AD4] -> 0xBC23
mem[X,0x0000000080012AD6] -> 0x4820
[2187] [M]: 0x0000000080012AD4 (0x4820BC23) sd sp, 1176(ra)
mem[0x0000000080045670] <- 0x0000000000000001
mem[X,0x0000000080012AD8] -> 0x0513
mem[X,0x0000000080012ADA] -> 0x0010
[2188] [M]: 0x0000000080012AD8 (0x00100513) addi a0, zero, 1
x10 <- 0x0000000000000001
mem[X,0x0000000080012ADC] -> 0x1513
mem[X,0x0000000080012ADE] -> 0x0165
[2189] [M]: 0x0000000080012ADC (0x01651513) slli a0, a0, 22
x10 <- 0x0000000000400000
mem[X,0x0000000080012AE0] -> 0x4513
mem[X,0x0000000080012AE2] -> 0xFFF5
[2190] [M]: 0x0000000080012AE0 (0xFFF54513) xori a0, a0, 4095
x10 <- 0xFFFFFFFFFFBFFFFF
mem[X,0x0000000080012AE4] -> 0x05B7
mem[X,0x0000000080012AE6] -> 0x0000
[2191] [M]: 0x0000000080012AE4 (0x000005B7) lui a1, 0
x11 <- 0x0000000000000000
mem[X,0x0000000080012AE8] -> 0x8593
mem[X,0x0000000080012AEA] -> 0xFFF5
[2192] [M]: 0x0000000080012AE8 (0xFFF58593) addi a1, a1, 4095
x11 <- 0xFFFFFFFFFFFFFFFF
mem[X,0x0000000080012AEC] -> 0x9593
mem[X,0x0000000080012AEE] -> 0x00B5
[2193] [M]: 0x0000000080012AEC (0x00B59593) slli a1, a1, 11
x11 <- 0xFFFFFFFFFFFFF800
mem[X,0x0000000080012AF0] -> 0x8593
mem[X,0x0000000080012AF2] -> 0x2575
[2194] [M]: 0x0000000080012AF0 (0x25758593) addi a1, a1, 599
x11 <- 0xFFFFFFFFFFFFFA57
mem[X,0x0000000080012AF4] -> 0x9593
mem[X,0x0000000080012AF6] -> 0x00B5
[2195] [M]: 0x0000000080012AF4 (0x00B59593) slli a1, a1, 11
x11 <- 0xFFFFFFFFFFD2B800
mem[X,0x0000000080012AF8] -> 0x8593
mem[X,0x0000000080012AFA] -> 0x6C35
[2196] [M]: 0x0000000080012AF8 (0x6C358593) addi a1, a1, 1731
x11 <- 0xFFFFFFFFFFD2BEC3
mem[X,0x0000000080012AFC] -> 0x9593
mem[X,0x0000000080012AFE] -> 0x00A5
[2197] [M]: 0x0000000080012AFC (0x00A59593) slli a1, a1, 10
x11 <- 0xFFFFFFFF4AFB0C00
mem[X,0x0000000080012B00] -> 0x8593
mem[X,0x0000000080012B02] -> 0x0CE5
[2198] [M]: 0x0000000080012B00 (0x0CE58593) addi a1, a1, 206
x11 <- 0xFFFFFFFF4AFB0CCE
mem[X,0x0000000080012B04] -> 0x0113
mem[X,0x0000000080012B06] -> 0x0000
[2199] [M]: 0x0000000080012B04 (0x00000113) addi sp, zero, 0
x2 <- 0x0000000000000000
clint::tick mtime <- 0x0000000000000016
 clint timer pending at mtime 0x0000000000000016
htif::tick 0x0000000000000000
mem[X,0x0000000080012B08] -> 0x006F
mem[X,0x0000000080012B0A] -> 0x00C0
[2200] [M]: 0x0000000080012B08 (0x00C0006F) jal zero, 12
mem[X,0x0000000080012B14] -> 0x1CE3
mem[X,0x0000000080012B16] -> 0xFEB5
[2201] [M]: 0x0000000080012B14 (0xFEB51CE3) bne a0, a1, 8184
mem[X,0x0000000080012B0C] -> 0x0113
mem[X,0x0000000080012B0E] -> 0x0011
[2202] [M]: 0x0000000080012B0C (0x00110113) addi sp, sp, 1
x2 <- 0x0000000000000001
mem[X,0x0000000080012B10] -> 0x006F
mem[X,0x0000000080012B12] -> 0x0180
[2203] [M]: 0x0000000080012B10 (0x0180006F) jal zero, 24
mem[X,0x0000000080012B28] -> 0xB023
mem[X,0x0000000080012B2A] -> 0x4A20
[2204] [M]: 0x0000000080012B28 (0x4A20B023) sd sp, 1184(ra)
mem[0x0000000080045678] <- 0x0000000000000001
mem[X,0x0000000080012B2C] -> 0x0513
mem[X,0x0000000080012B2E] -> 0x0010
[2205] [M]: 0x0000000080012B2C (0x00100513) addi a0, zero, 1
x10 <- 0x0000000000000001
mem[X,0x0000000080012B30] -> 0x1513
mem[X,0x0000000080012B32] -> 0x0175
[2206] [M]: 0x0000000080012B30 (0x01751513) slli a0, a0, 23
x10 <- 0x0000000000800000
mem[X,0x0000000080012B34] -> 0x4513
mem[X,0x0000000080012B36] -> 0xFFF5
[2207] [M]: 0x0000000080012B34 (0xFFF54513) xori a0, a0, 4095
x10 <- 0xFFFFFFFFFF7FFFFF
mem[X,0x0000000080012B38] -> 0x0593
mem[X,0x0000000080012B3A] -> 0x0010
[2208] [M]: 0x0000000080012B38 (0x00100593) addi a1, zero, 1
x11 <- 0x0000000000000001
mem[X,0x0000000080012B3C] -> 0x9593
mem[X,0x0000000080012B3E] -> 0x0215
[2209] [M]: 0x0000000080012B3C (0x02159593) slli a1, a1, 33
x11 <- 0x0000000200000000
mem[X,0x0000000080012B40] -> 0xC593
mem[X,0x0000000080012B42] -> 0xFFF5
[2210] [M]: 0x0000000080012B40 (0xFFF5C593) xori a1, a1, 4095
x11 <- 0xFFFFFFFDFFFFFFFF
mem[X,0x0000000080012B44] -> 0x0113
mem[X,0x0000000080012B46] -> 0x0000
[2211] [M]: 0x0000000080012B44 (0x00000113) addi sp, zero, 0
x2 <- 0x0000000000000000
mem[X,0x0000000080012B48] -> 0x006F
mem[X,0x0000000080012B4A] -> 0x00C0
[2212] [M]: 0x0000000080012B48 (0x00C0006F) jal zero, 12
mem[X,0x0000000080012B54] -> 0x1063
mem[X,0x0000000080012B56] -> 0x08B5
[2213] [M]: 0x0000000080012B54 (0x08B51063) bne a0, a1, 128
mem[X,0x0000000080012BD4] -> 0x0113
mem[X,0x0000000080012BD6] -> 0x0031
[2214] [M]: 0x0000000080012BD4 (0x00310113) addi sp, sp, 3
x2 <- 0x0000000000000003
mem[X,0x0000000080012BD8] -> 0x006F
mem[X,0x0000000080012BDA] -> 0x0040
[2215] [M]: 0x0000000080012BD8 (0x0040006F) jal zero, 4
mem[X,0x0000000080012BDC] -> 0xB423
mem[X,0x0000000080012BDE] -> 0x4A20
[2216] [M]: 0x0000000080012BDC (0x4A20B423) sd sp, 1192(ra)
mem[0x0000000080045680] <- 0x0000000000000003
mem[X,0x0000000080012BE0] -> 0x0513
mem[X,0x0000000080012BE2] -> 0x0010
[2217] [M]: 0x0000000080012BE0 (0x00100513) addi a0, zero, 1
x10 <- 0x0000000000000001
mem[X,0x0000000080012BE4] -> 0x1513
mem[X,0x0000000080012BE6] -> 0x0185
[2218] [M]: 0x0000000080012BE4 (0x01851513) slli a0, a0, 24
x10 <- 0x0000000001000000
mem[X,0x0000000080012BE8] -> 0x4513
mem[X,0x0000000080012BEA] -> 0xFFF5
[2219] [M]: 0x0000000080012BE8 (0xFFF54513) xori a0, a0, 4095
x10 <- 0xFFFFFFFFFEFFFFFF
mem[X,0x0000000080012BEC] -> 0x0593
mem[X,0x0000000080012BEE] -> 0xFBF0
[2220] [M]: 0x0000000080012BEC (0xFBF00593) addi a1, zero, 4031
x11 <- 0xFFFFFFFFFFFFFFBF
mem[X,0x0000000080012BF0] -> 0x0113
mem[X,0x0000000080012BF2] -> 0x0000
[2221] [M]: 0x0000000080012BF0 (0x00000113) addi sp, zero, 0
x2 <- 0x0000000000000000
mem[X,0x0000000080012BF4] -> 0x006F
mem[X,0x0000000080012BF6] -> 0x00C0
[2222] [M]: 0x0000000080012BF4 (0x00C0006F) jal zero, 12
mem[X,0x0000000080012C00] -> 0x1063
mem[X,0x0000000080012C02] -> 0x04B5
[2223] [M]: 0x0000000080012C00 (0x04B51063) bne a0, a1, 64
mem[X,0x0000000080012C40] -> 0x0113
mem[X,0x0000000080012C42] -> 0x0031
[2224] [M]: 0x0000000080012C40 (0x00310113) addi sp, sp, 3
x2 <- 0x0000000000000003
mem[X,0x0000000080012C44] -> 0x006F
mem[X,0x0000000080012C46] -> 0x0040
[2225] [M]: 0x0000000080012C44 (0x0040006F) jal zero, 4
mem[X,0x0000000080012C48] -> 0xB823
mem[X,0x0000000080012C4A] -> 0x4A20
[2226] [M]: 0x0000000080012C48 (0x4A20B823) sd sp, 1200(ra)
mem[0x0000000080045688] <- 0x0000000000000003
mem[X,0x0000000080012C4C] -> 0x0513
mem[X,0x0000000080012C4E] -> 0x0010
[2227] [M]: 0x0000000080012C4C (0x00100513) addi a0, zero, 1
x10 <- 0x0000000000000001
mem[X,0x0000000080012C50] -> 0x1513
mem[X,0x0000000080012C52] -> 0x0195
[2228] [M]: 0x0000000080012C50 (0x01951513) slli a0, a0, 25
x10 <- 0x0000000002000000
mem[X,0x0000000080012C54] -> 0x4513
mem[X,0x0000000080012C56] -> 0xFFF5
[2229] [M]: 0x0000000080012C54 (0xFFF54513) xori a0, a0, 4095
x10 <- 0xFFFFFFFFFDFFFFFF
mem[X,0x0000000080012C58] -> 0x0593
mem[X,0x0000000080012C5A] -> 0x0800
[2230] [M]: 0x0000000080012C58 (0x08000593) addi a1, zero, 128
x11 <- 0x0000000000000080
mem[X,0x0000000080012C5C] -> 0x0113
mem[X,0x0000000080012C5E] -> 0x0000
[2231] [M]: 0x0000000080012C5C (0x00000113) addi sp, zero, 0
x2 <- 0x0000000000000000
mem[X,0x0000000080012C60] -> 0x006F
mem[X,0x0000000080012C62] -> 0x00C0
[2232] [M]: 0x0000000080012C60 (0x00C0006F) jal zero, 12
mem[X,0x0000000080012C6C] -> 0x1063
mem[X,0x0000000080012C6E] -> 0x10B5
[2233] [M]: 0x0000000080012C6C (0x10B51063) bne a0, a1, 256
mem[X,0x0000000080012D6C] -> 0x0113
mem[X,0x0000000080012D6E] -> 0x0031
[2234] [M]: 0x0000000080012D6C (0x00310113) addi sp, sp, 3
x2 <- 0x0000000000000003
mem[X,0x0000000080012D70] -> 0x006F
mem[X,0x0000000080012D72] -> 0x0040
[2235] [M]: 0x0000000080012D70 (0x0040006F) jal zero, 4
mem[X,0x0000000080012D74] -> 0xBC23
mem[X,0x0000000080012D76] -> 0x4A20
[2236] [M]: 0x0000000080012D74 (0x4A20BC23) sd sp, 1208(ra)
mem[0x0000000080045690] <- 0x0000000000000003
mem[X,0x0000000080012D78] -> 0x0513
mem[X,0x0000000080012D7A] -> 0x0010
[2237] [M]: 0x0000000080012D78 (0x00100513) addi a0, zero, 1
x10 <- 0x0000000000000001
mem[X,0x0000000080012D7C] -> 0x1513
mem[X,0x0000000080012D7E] -> 0x01B5
[2238] [M]: 0x0000000080012D7C (0x01B51513) slli a0, a0, 27
x10 <- 0x0000000008000000
mem[X,0x0000000080012D80] -> 0x4513
mem[X,0x0000000080012D82] -> 0xFFF5
[2239] [M]: 0x0000000080012D80 (0xFFF54513) xori a0, a0, 4095
x10 <- 0xFFFFFFFFF7FFFFFF
mem[X,0x0000000080012D84] -> 0x0593
mem[X,0x0000000080012D86] -> 0x0010
[2240] [M]: 0x0000000080012D84 (0x00100593) addi a1, zero, 1
x11 <- 0x0000000000000001
mem[X,0x0000000080012D88] -> 0x9593
mem[X,0x0000000080012D8A] -> 0x0155
[2241] [M]: 0x0000000080012D88 (0x01559593) slli a1, a1, 21
x11 <- 0x0000000000200000
mem[X,0x0000000080012D8C] -> 0x0113
mem[X,0x0000000080012D8E] -> 0x0000
[2242] [M]: 0x0000000080012D8C (0x00000113) addi sp, zero, 0
x2 <- 0x0000000000000000
mem[X,0x0000000080012D90] -> 0x006F
mem[X,0x0000000080012D92] -> 0x2B10
[2243] [M]: 0x0000000080012D90 (0x2B10006F) jal zero, 2736
mem[X,0x0000000080013840] -> 0x1A63
mem[X,0x0000000080013842] -> 0xD4B5
[2244] [M]: 0x0000000080013840 (0xD4B51A63) bne a0, a1, 5460
mem[X,0x0000000080012D94] -> 0x0113
mem[X,0x0000000080012D96] -> 0x0011
[2245] [M]: 0x0000000080012D94 (0x00110113) addi sp, sp, 1
x2 <- 0x0000000000000001
mem[X,0x0000000080012D98] -> 0x006F
mem[X,0x0000000080012D9A] -> 0x2BD0
[2246] [M]: 0x0000000080012D98 (0x2BD0006F) jal zero, 2748
mem[X,0x0000000080013854] -> 0xB023
mem[X,0x0000000080013856] -> 0x4C20
[2247] [M]: 0x0000000080013854 (0x4C20B023) sd sp, 1216(ra)
mem[0x0000000080045698] <- 0x0000000000000001
mem[X,0x0000000080013858] -> 0x0513
mem[X,0x000000008001385A] -> 0x0010
[2248] [M]: 0x0000000080013858 (0x00100513) addi a0, zero, 1
x10 <- 0x0000000000000001
mem[X,0x000000008001385C] -> 0x1513
mem[X,0x000000008001385E] -> 0x0205
[2249] [M]: 0x000000008001385C (0x02051513) slli a0, a0, 32
x10 <- 0x0000000100000000
mem[X,0x0000000080013860] -> 0x4513
mem[X,0x0000000080013862] -> 0xFFF5
[2250] [M]: 0x0000000080013860 (0xFFF54513) xori a0, a0, 4095
x10 <- 0xFFFFFFFEFFFFFFFF
mem[X,0x0000000080013864] -> 0x0593
mem[X,0x0000000080013866] -> 0x0010
[2251] [M]: 0x0000000080013864 (0x00100593) addi a1, zero, 1
x11 <- 0x0000000000000001
mem[X,0x0000000080013868] -> 0x9593
mem[X,0x000000008001386A] -> 0x02A5
[2252] [M]: 0x0000000080013868 (0x02A59593) slli a1, a1, 42
x11 <- 0x0000040000000000
mem[X,0x000000008001386C] -> 0xC593
mem[X,0x000000008001386E] -> 0xFFF5
[2253] [M]: 0x000000008001386C (0xFFF5C593) xori a1, a1, 4095
x11 <- 0xFFFFFBFFFFFFFFFF
mem[X,0x0000000080013870] -> 0x0113
mem[X,0x0000000080013872] -> 0x0000
[2254] [M]: 0x0000000080013870 (0x00000113) addi sp, zero, 0
x2 <- 0x0000000000000000
mem[X,0x0000000080013874] -> 0x006F
mem[X,0x0000000080013876] -> 0x00C0
[2255] [M]: 0x0000000080013874 (0x00C0006F) jal zero, 12
mem[X,0x0000000080013880] -> 0x1663
mem[X,0x0000000080013882] -> 0x00B5
[2256] [M]: 0x0000000080013880 (0x00B51663) bne a0, a1, 12
mem[X,0x000000008001388C] -> 0x0113
mem[X,0x000000008001388E] -> 0x0031
[2257] [M]: 0x000000008001388C (0x00310113) addi sp, sp, 3
x2 <- 0x0000000000000003
mem[X,0x0000000080013890] -> 0x006F
mem[X,0x0000000080013892] -> 0x0040
[2258] [M]: 0x0000000080013890 (0x0040006F) jal zero, 4
mem[X,0x0000000080013894] -> 0xB423
mem[X,0x0000000080013896] -> 0x4C20
[2259] [M]: 0x0000000080013894 (0x4C20B423) sd sp, 1224(ra)
mem[0x00000000800456A0] <- 0x0000000000000003
mem[X,0x0000000080013898] -> 0x0513
mem[X,0x000000008001389A] -> 0x0010
[2260] [M]: 0x0000000080013898 (0x00100513) addi a0, zero, 1
x10 <- 0x0000000000000001
mem[X,0x000000008001389C] -> 0x1513
mem[X,0x000000008001389E] -> 0x0215
[2261] [M]: 0x000000008001389C (0x02151513) slli a0, a0, 33
x10 <- 0x0000000200000000
mem[X,0x00000000800138A0] -> 0x4513
mem[X,0x00000000800138A2] -> 0xFFF5
[2262] [M]: 0x00000000800138A0 (0xFFF54513) xori a0, a0, 4095
x10 <- 0xFFFFFFFDFFFFFFFF
mem[X,0x00000000800138A4] -> 0x35B7
mem[X,0x00000000800138A6] -> 0x3333
[2263] [M]: 0x00000000800138A4 (0x333335B7) lui a1, 209715
x11 <- 0x0000000033333000
mem[X,0x00000000800138A8] -> 0x8593
mem[X,0x00000000800138AA] -> 0x3335
[2264] [M]: 0x00000000800138A8 (0x33358593) addi a1, a1, 819
x11 <- 0x0000000033333333
mem[X,0x00000000800138AC] -> 0x9593
mem[X,0x00000000800138AE] -> 0x00B5
[2265] [M]: 0x00000000800138AC (0x00B59593) slli a1, a1, 11
x11 <- 0x0000019999999800
mem[X,0x00000000800138B0] -> 0x8593
mem[X,0x00000000800138B2] -> 0x1995
[2266] [M]: 0x00000000800138B0 (0x19958593) addi a1, a1, 409
x11 <- 0x0000019999999999
mem[X,0x00000000800138B4] -> 0x9593
mem[X,0x00000000800138B6] -> 0x00B5
[2267] [M]: 0x00000000800138B4 (0x00B59593) slli a1, a1, 11
x11 <- 0x000CCCCCCCCCC800
mem[X,0x00000000800138B8] -> 0x8593
mem[X,0x00000000800138BA] -> 0x4CC5
[2268] [M]: 0x00000000800138B8 (0x4CC58593) addi a1, a1, 1228
x11 <- 0x000CCCCCCCCCCCCC
mem[X,0x00000000800138BC] -> 0x9593
mem[X,0x00000000800138BE] -> 0x00A5
[2269] [M]: 0x00000000800138BC (0x00A59593) slli a1, a1, 10
x11 <- 0x3333333333333000
mem[X,0x00000000800138C0] -> 0x8593
mem[X,0x00000000800138C2] -> 0x3335
[2270] [M]: 0x00000000800138C0 (0x33358593) addi a1, a1, 819
x11 <- 0x3333333333333333
mem[X,0x00000000800138C4] -> 0x0113
mem[X,0x00000000800138C6] -> 0x0000
[2271] [M]: 0x00000000800138C4 (0x00000113) addi sp, zero, 0
x2 <- 0x0000000000000000
mem[X,0x00000000800138C8] -> 0x006F
mem[X,0x00000000800138CA] -> 0x00C0
[2272] [M]: 0x00000000800138C8 (0x00C0006F) jal zero, 12
mem[X,0x00000000800138D4] -> 0x1CE3
mem[X,0x00000000800138D6] -> 0xFEB5
[2273] [M]: 0x00000000800138D4 (0xFEB51CE3) bne a0, a1, 8184
mem[X,0x00000000800138CC] -> 0x0113
mem[X,0x00000000800138CE] -> 0x0011
[2274] [M]: 0x00000000800138CC (0x00110113) addi sp, sp, 1
x2 <- 0x0000000000000001
mem[X,0x00000000800138D0] -> 0x006F
mem[X,0x00000000800138D2] -> 0x0180
[2275] [M]: 0x00000000800138D0 (0x0180006F) jal zero, 24
mem[X,0x00000000800138E8] -> 0xB823
mem[X,0x00000000800138EA] -> 0x4C20
[2276] [M]: 0x00000000800138E8 (0x4C20B823) sd sp, 1232(ra)
mem[0x00000000800456A8] <- 0x0000000000000001
mem[X,0x00000000800138EC] -> 0x0513
mem[X,0x00000000800138EE] -> 0x0010
[2277] [M]: 0x00000000800138EC (0x00100513) addi a0, zero, 1
x10 <- 0x0000000000000001
mem[X,0x00000000800138F0] -> 0x1513
mem[X,0x00000000800138F2] -> 0x0235
[2278] [M]: 0x00000000800138F0 (0x02351513) slli a0, a0, 35
x10 <- 0x0000000800000000
mem[X,0x00000000800138F4] -> 0x4513
mem[X,0x00000000800138F6] -> 0xFFF5
[2279] [M]: 0x00000000800138F4 (0xFFF54513) xori a0, a0, 4095
x10 <- 0xFFFFFFF7FFFFFFFF
mem[X,0x00000000800138F8] -> 0x0593
mem[X,0x00000000800138FA] -> 0x0010
[2280] [M]: 0x00000000800138F8 (0x00100593) addi a1, zero, 1
x11 <- 0x0000000000000001
mem[X,0x00000000800138FC] -> 0x9593
mem[X,0x00000000800138FE] -> 0x0125
[2281] [M]: 0x00000000800138FC (0x01259593) slli a1, a1, 18
x11 <- 0x0000000000040000
mem[X,0x0000000080013900] -> 0x0113
mem[X,0x0000000080013902] -> 0x0000
[2282] [M]: 0x0000000080013900 (0x00000113) addi sp, zero, 0
x2 <- 0x0000000000000000
mem[X,0x0000000080013904] -> 0x006F
mem[X,0x0000000080013906] -> 0x00C0
[2283] [M]: 0x0000000080013904 (0x00C0006F) jal zero, 12
mem[X,0x0000000080013910] -> 0x1063
mem[X,0x0000000080013912] -> 0x40B5
[2284] [M]: 0x0000000080013910 (0x40B51063) bne a0, a1, 1024
mem[X,0x0000000080013D10] -> 0x0113
mem[X,0x0000000080013D12] -> 0x0031
[2285] [M]: 0x0000000080013D10 (0x00310113) addi sp, sp, 3
x2 <- 0x0000000000000003
mem[X,0x0000000080013D14] -> 0x006F
mem[X,0x0000000080013D16] -> 0x0040
[2286] [M]: 0x0000000080013D14 (0x0040006F) jal zero, 4
mem[X,0x0000000080013D18] -> 0xBC23
mem[X,0x0000000080013D1A] -> 0x4C20
[2287] [M]: 0x0000000080013D18 (0x4C20BC23) sd sp, 1240(ra)
mem[0x00000000800456B0] <- 0x0000000000000003
mem[X,0x0000000080013D1C] -> 0x0513
mem[X,0x0000000080013D1E] -> 0x0010
[2288] [M]: 0x0000000080013D1C (0x00100513) addi a0, zero, 1
x10 <- 0x0000000000000001
mem[X,0x0000000080013D20] -> 0x1513
mem[X,0x0000000080013D22] -> 0x0245
[2289] [M]: 0x0000000080013D20 (0x02451513) slli a0, a0, 36
x10 <- 0x0000001000000000
mem[X,0x0000000080013D24] -> 0x4513
mem[X,0x0000000080013D26] -> 0xFFF5
[2290] [M]: 0x0000000080013D24 (0xFFF54513) xori a0, a0, 4095
x10 <- 0xFFFFFFEFFFFFFFFF
mem[X,0x0000000080013D28] -> 0x0593
mem[X,0x0000000080013D2A] -> 0x0010
[2291] [M]: 0x0000000080013D28 (0x00100593) addi a1, zero, 1
x11 <- 0x0000000000000001
mem[X,0x0000000080013D2C] -> 0x9593
mem[X,0x0000000080013D2E] -> 0x0235
[2292] [M]: 0x0000000080013D2C (0x02359593) slli a1, a1, 35
x11 <- 0x0000000800000000
mem[X,0x0000000080013D30] -> 0x0113
mem[X,0x0000000080013D32] -> 0x0000
[2293] [M]: 0x0000000080013D30 (0x00000113) addi sp, zero, 0
x2 <- 0x0000000000000000
mem[X,0x0000000080013D34] -> 0x006F
mem[X,0x0000000080013D36] -> 0x00C0
[2294] [M]: 0x0000000080013D34 (0x00C0006F) jal zero, 12
mem[X,0x0000000080013D40] -> 0x1663
mem[X,0x0000000080013D42] -> 0x00B5
[2295] [M]: 0x0000000080013D40 (0x00B51663) bne a0, a1, 12
mem[X,0x0000000080013D4C] -> 0x0113
mem[X,0x0000000080013D4E] -> 0x0031
[2296] [M]: 0x0000000080013D4C (0x00310113) addi sp, sp, 3
x2 <- 0x0000000000000003
mem[X,0x0000000080013D50] -> 0x006F
mem[X,0x0000000080013D52] -> 0x0040
[2297] [M]: 0x0000000080013D50 (0x0040006F) jal zero, 4
mem[X,0x0000000080013D54] -> 0xB023
mem[X,0x0000000080013D56] -> 0x4E20
[2298] [M]: 0x0000000080013D54 (0x4E20B023) sd sp, 1248(ra)
mem[0x00000000800456B8] <- 0x0000000000000003
mem[X,0x0000000080013D58] -> 0x0513
mem[X,0x0000000080013D5A] -> 0x0010
[2299] [M]: 0x0000000080013D58 (0x00100513) addi a0, zero, 1
x10 <- 0x0000000000000001
clint::tick mtime <- 0x0000000000000017
 clint timer pending at mtime 0x0000000000000017
htif::tick 0x0000000000000000
mem[X,0x0000000080013D5C] -> 0x1513
mem[X,0x0000000080013D5E] -> 0x0255
[2300] [M]: 0x0000000080013D5C (0x02551513) slli a0, a0, 37
x10 <- 0x0000002000000000
mem[X,0x0000000080013D60] -> 0x4513
mem[X,0x0000000080013D62] -> 0xFFF5
[2301] [M]: 0x0000000080013D60 (0xFFF54513) xori a0, a0, 4095
x10 <- 0xFFFFFFDFFFFFFFFF
mem[X,0x0000000080013D64] -> 0x0593
mem[X,0x0000000080013D66] -> 0x0010
[2302] [M]: 0x0000000080013D64 (0x00100593) addi a1, zero, 1
x11 <- 0x0000000000000001
mem[X,0x0000000080013D68] -> 0x9593
mem[X,0x0000000080013D6A] -> 0x00D5
[2303] [M]: 0x0000000080013D68 (0x00D59593) slli a1, a1, 13
x11 <- 0x0000000000002000
mem[X,0x0000000080013D6C] -> 0x0113
mem[X,0x0000000080013D6E] -> 0x0000
[2304] [M]: 0x0000000080013D6C (0x00000113) addi sp, zero, 0
x2 <- 0x0000000000000000
mem[X,0x0000000080013D70] -> 0x006F
mem[X,0x0000000080013D72] -> 0x00C0
[2305] [M]: 0x0000000080013D70 (0x00C0006F) jal zero, 12
mem[X,0x0000000080013D7C] -> 0x1663
mem[X,0x0000000080013D7E] -> 0x00B5
[2306] [M]: 0x0000000080013D7C (0x00B51663) bne a0, a1, 12
mem[X,0x0000000080013D88] -> 0x0113
mem[X,0x0000000080013D8A] -> 0x0031
[2307] [M]: 0x0000000080013D88 (0x00310113) addi sp, sp, 3
x2 <- 0x0000000000000003
mem[X,0x0000000080013D8C] -> 0x006F
mem[X,0x0000000080013D8E] -> 0x0040
[2308] [M]: 0x0000000080013D8C (0x0040006F) jal zero, 4
mem[X,0x0000000080013D90] -> 0xB423
mem[X,0x0000000080013D92] -> 0x4E20
[2309] [M]: 0x0000000080013D90 (0x4E20B423) sd sp, 1256(ra)
mem[0x00000000800456C0] <- 0x0000000000000003
mem[X,0x0000000080013D94] -> 0x0513
mem[X,0x0000000080013D96] -> 0x0010
[2310] [M]: 0x0000000080013D94 (0x00100513) addi a0, zero, 1
x10 <- 0x0000000000000001
mem[X,0x0000000080013D98] -> 0x1513
mem[X,0x0000000080013D9A] -> 0x0285
[2311] [M]: 0x0000000080013D98 (0x02851513) slli a0, a0, 40
x10 <- 0x0000010000000000
mem[X,0x0000000080013D9C] -> 0x4513
mem[X,0x0000000080013D9E] -> 0xFFF5
[2312] [M]: 0x0000000080013D9C (0xFFF54513) xori a0, a0, 4095
x10 <- 0xFFFFFEFFFFFFFFFF
mem[X,0x0000000080013DA0] -> 0x0593
mem[X,0x0000000080013DA2] -> 0xFFC0
[2313] [M]: 0x0000000080013DA0 (0xFFC00593) addi a1, zero, 4092
x11 <- 0xFFFFFFFFFFFFFFFC
mem[X,0x0000000080013DA4] -> 0x0113
mem[X,0x0000000080013DA6] -> 0x0000
[2314] [M]: 0x0000000080013DA4 (0x00000113) addi sp, zero, 0
x2 <- 0x0000000000000000
mem[X,0x0000000080013DA8] -> 0x006F
mem[X,0x0000000080013DAA] -> 0x00C0
[2315] [M]: 0x0000000080013DA8 (0x00C0006F) jal zero, 12
mem[X,0x0000000080013DB4] -> 0x1863
mem[X,0x0000000080013DB6] -> 0x00B5
[2316] [M]: 0x0000000080013DB4 (0x00B51863) bne a0, a1, 16
mem[X,0x0000000080013DC4] -> 0x0113
mem[X,0x0000000080013DC6] -> 0x0031
[2317] [M]: 0x0000000080013DC4 (0x00310113) addi sp, sp, 3
x2 <- 0x0000000000000003
mem[X,0x0000000080013DC8] -> 0x006F
mem[X,0x0000000080013DCA] -> 0x0040
[2318] [M]: 0x0000000080013DC8 (0x0040006F) jal zero, 4
mem[X,0x0000000080013DCC] -> 0xB823
mem[X,0x0000000080013DCE] -> 0x4E20
[2319] [M]: 0x0000000080013DCC (0x4E20B823) sd sp, 1264(ra)
mem[0x00000000800456C8] <- 0x0000000000000003
mem[X,0x0000000080013DD0] -> 0x0513
mem[X,0x0000000080013DD2] -> 0x0010
[2320] [M]: 0x0000000080013DD0 (0x00100513) addi a0, zero, 1
x10 <- 0x0000000000000001
mem[X,0x0000000080013DD4] -> 0x1513
mem[X,0x0000000080013DD6] -> 0x02A5
[2321] [M]: 0x0000000080013DD4 (0x02A51513) slli a0, a0, 42
x10 <- 0x0000040000000000
mem[X,0x0000000080013DD8] -> 0x4513
mem[X,0x0000000080013DDA] -> 0xFFF5
[2322] [M]: 0x0000000080013DD8 (0xFFF54513) xori a0, a0, 4095
x10 <- 0xFFFFFBFFFFFFFFFF
mem[X,0x0000000080013DDC] -> 0x0593
mem[X,0x0000000080013DDE] -> 0x0010
[2323] [M]: 0x0000000080013DDC (0x00100593) addi a1, zero, 1
x11 <- 0x0000000000000001
mem[X,0x0000000080013DE0] -> 0x9593
mem[X,0x0000000080013DE2] -> 0x0275
[2324] [M]: 0x0000000080013DE0 (0x02759593) slli a1, a1, 39
x11 <- 0x0000008000000000
mem[X,0x0000000080013DE4] -> 0x0113
mem[X,0x0000000080013DE6] -> 0x0000
[2325] [M]: 0x0000000080013DE4 (0x00000113) addi sp, zero, 0
x2 <- 0x0000000000000000
mem[X,0x0000000080013DE8] -> 0x006F
mem[X,0x0000000080013DEA] -> 0x00C0
[2326] [M]: 0x0000000080013DE8 (0x00C0006F) jal zero, 12
mem[X,0x0000000080013DF4] -> 0x1CE3
mem[X,0x0000000080013DF6] -> 0xFEB5
[2327] [M]: 0x0000000080013DF4 (0xFEB51CE3) bne a0, a1, 8184
mem[X,0x0000000080013DEC] -> 0x0113
mem[X,0x0000000080013DEE] -> 0x0011
[2328] [M]: 0x0000000080013DEC (0x00110113) addi sp, sp, 1
x2 <- 0x0000000000000001
mem[X,0x0000000080013DF0] -> 0x006F
mem[X,0x0000000080013DF2] -> 0x0180
[2329] [M]: 0x0000000080013DF0 (0x0180006F) jal zero, 24
mem[X,0x0000000080013E08] -> 0xBC23
mem[X,0x0000000080013E0A] -> 0x4E20
[2330] [M]: 0x0000000080013E08 (0x4E20BC23) sd sp, 1272(ra)
mem[0x00000000800456D0] <- 0x0000000000000001
mem[X,0x0000000080013E0C] -> 0x0513
mem[X,0x0000000080013E0E] -> 0x0010
[2331] [M]: 0x0000000080013E0C (0x00100513) addi a0, zero, 1
x10 <- 0x0000000000000001
mem[X,0x0000000080013E10] -> 0x1513
mem[X,0x0000000080013E12] -> 0x02C5
[2332] [M]: 0x0000000080013E10 (0x02C51513) slli a0, a0, 44
x10 <- 0x0000100000000000
mem[X,0x0000000080013E14] -> 0x4513
mem[X,0x0000000080013E16] -> 0xFFF5
[2333] [M]: 0x0000000080013E14 (0xFFF54513) xori a0, a0, 4095
x10 <- 0xFFFFEFFFFFFFFFFF
mem[X,0x0000000080013E18] -> 0x0593
mem[X,0x0000000080013E1A] -> 0x0010
[2334] [M]: 0x0000000080013E18 (0x00100593) addi a1, zero, 1
x11 <- 0x0000000000000001
mem[X,0x0000000080013E1C] -> 0x9593
mem[X,0x0000000080013E1E] -> 0x0175
[2335] [M]: 0x0000000080013E1C (0x01759593) slli a1, a1, 23
x11 <- 0x0000000000800000
mem[X,0x0000000080013E20] -> 0xC593
mem[X,0x0000000080013E22] -> 0xFFF5
[2336] [M]: 0x0000000080013E20 (0xFFF5C593) xori a1, a1, 4095
x11 <- 0xFFFFFFFFFF7FFFFF
mem[X,0x0000000080013E24] -> 0x0113
mem[X,0x0000000080013E26] -> 0x0000
[2337] [M]: 0x0000000080013E24 (0x00000113) addi sp, zero, 0
x2 <- 0x0000000000000000
mem[X,0x0000000080013E28] -> 0x006F
mem[X,0x0000000080013E2A] -> 0x00C0
[2338] [M]: 0x0000000080013E28 (0x00C0006F) jal zero, 12
mem[X,0x0000000080013E34] -> 0x1663
mem[X,0x0000000080013E36] -> 0x00B5
[2339] [M]: 0x0000000080013E34 (0x00B51663) bne a0, a1, 12
mem[X,0x0000000080013E40] -> 0x0113
mem[X,0x0000000080013E42] -> 0x0031
[2340] [M]: 0x0000000080013E40 (0x00310113) addi sp, sp, 3
x2 <- 0x0000000000000003
mem[X,0x0000000080013E44] -> 0x006F
mem[X,0x0000000080013E46] -> 0x0040
[2341] [M]: 0x0000000080013E44 (0x0040006F) jal zero, 4
mem[X,0x0000000080013E48] -> 0xB023
mem[X,0x0000000080013E4A] -> 0x5020
[2342] [M]: 0x0000000080013E48 (0x5020B023) sd sp, 1280(ra)
mem[0x00000000800456D8] <- 0x0000000000000003
mem[X,0x0000000080013E4C] -> 0x0513
mem[X,0x0000000080013E4E] -> 0x0010
[2343] [M]: 0x0000000080013E4C (0x00100513) addi a0, zero, 1
x10 <- 0x0000000000000001
mem[X,0x0000000080013E50] -> 0x1513
mem[X,0x0000000080013E52] -> 0x02D5
[2344] [M]: 0x0000000080013E50 (0x02D51513) slli a0, a0, 45
x10 <- 0x0000200000000000
mem[X,0x0000000080013E54] -> 0x4513
mem[X,0x0000000080013E56] -> 0xFFF5
[2345] [M]: 0x0000000080013E54 (0xFFF54513) xori a0, a0, 4095
x10 <- 0xFFFFDFFFFFFFFFFF
mem[X,0x0000000080013E58] -> 0x0593
mem[X,0x0000000080013E5A] -> 0x0010
[2346] [M]: 0x0000000080013E58 (0x00100593) addi a1, zero, 1
x11 <- 0x0000000000000001
mem[X,0x0000000080013E5C] -> 0x9593
mem[X,0x0000000080013E5E] -> 0x0115
[2347] [M]: 0x0000000080013E5C (0x01159593) slli a1, a1, 17
x11 <- 0x0000000000020000
mem[X,0x0000000080013E60] -> 0x0113
mem[X,0x0000000080013E62] -> 0x0000
[2348] [M]: 0x0000000080013E60 (0x00000113) addi sp, zero, 0
x2 <- 0x0000000000000000
mem[X,0x0000000080013E64] -> 0x006F
mem[X,0x0000000080013E66] -> 0x00C0
[2349] [M]: 0x0000000080013E64 (0x00C0006F) jal zero, 12
mem[X,0x0000000080013E70] -> 0x1CE3
mem[X,0x0000000080013E72] -> 0xFEB5
[2350] [M]: 0x0000000080013E70 (0xFEB51CE3) bne a0, a1, 8184
mem[X,0x0000000080013E68] -> 0x0113
mem[X,0x0000000080013E6A] -> 0x0011
[2351] [M]: 0x0000000080013E68 (0x00110113) addi sp, sp, 1
x2 <- 0x0000000000000001
mem[X,0x0000000080013E6C] -> 0x006F
mem[X,0x0000000080013E6E] -> 0x0180
[2352] [M]: 0x0000000080013E6C (0x0180006F) jal zero, 24
mem[X,0x0000000080013E84] -> 0xB423
mem[X,0x0000000080013E86] -> 0x5020
[2353] [M]: 0x0000000080013E84 (0x5020B423) sd sp, 1288(ra)
mem[0x00000000800456E0] <- 0x0000000000000001
mem[X,0x0000000080013E88] -> 0x0513
mem[X,0x0000000080013E8A] -> 0x0010
[2354] [M]: 0x0000000080013E88 (0x00100513) addi a0, zero, 1
x10 <- 0x0000000000000001
mem[X,0x0000000080013E8C] -> 0x1513
mem[X,0x0000000080013E8E] -> 0x02F5
[2355] [M]: 0x0000000080013E8C (0x02F51513) slli a0, a0, 47
x10 <- 0x0000800000000000
mem[X,0x0000000080013E90] -> 0x4513
mem[X,0x0000000080013E92] -> 0xFFF5
[2356] [M]: 0x0000000080013E90 (0xFFF54513) xori a0, a0, 4095
x10 <- 0xFFFF7FFFFFFFFFFF
mem[X,0x0000000080013E94] -> 0x0593
mem[X,0x0000000080013E96] -> 0x0010
[2357] [M]: 0x0000000080013E94 (0x00100593) addi a1, zero, 1
x11 <- 0x0000000000000001
mem[X,0x0000000080013E98] -> 0x9593
mem[X,0x0000000080013E9A] -> 0x01E5
[2358] [M]: 0x0000000080013E98 (0x01E59593) slli a1, a1, 30
x11 <- 0x0000000040000000
mem[X,0x0000000080013E9C] -> 0xC593
mem[X,0x0000000080013E9E] -> 0xFFF5
[2359] [M]: 0x0000000080013E9C (0xFFF5C593) xori a1, a1, 4095
x11 <- 0xFFFFFFFFBFFFFFFF
mem[X,0x0000000080013EA0] -> 0x0113
mem[X,0x0000000080013EA2] -> 0x0000
[2360] [M]: 0x0000000080013EA0 (0x00000113) addi sp, zero, 0
x2 <- 0x0000000000000000
mem[X,0x0000000080013EA4] -> 0x006F
mem[X,0x0000000080013EA6] -> 0x00C0
[2361] [M]: 0x0000000080013EA4 (0x00C0006F) jal zero, 12
mem[X,0x0000000080013EB0] -> 0x1063
mem[X,0x0000000080013EB2] -> 0x04B5
[2362] [M]: 0x0000000080013EB0 (0x04B51063) bne a0, a1, 64
mem[X,0x0000000080013EF0] -> 0x0113
mem[X,0x0000000080013EF2] -> 0x0031
[2363] [M]: 0x0000000080013EF0 (0x00310113) addi sp, sp, 3
x2 <- 0x0000000000000003
mem[X,0x0000000080013EF4] -> 0x006F
mem[X,0x0000000080013EF6] -> 0x0040
[2364] [M]: 0x0000000080013EF4 (0x0040006F) jal zero, 4
mem[X,0x0000000080013EF8] -> 0xB823
mem[X,0x0000000080013EFA] -> 0x5020
[2365] [M]: 0x0000000080013EF8 (0x5020B823) sd sp, 1296(ra)
mem[0x00000000800456E8] <- 0x0000000000000003
mem[X,0x0000000080013EFC] -> 0x0513
mem[X,0x0000000080013EFE] -> 0x0010
[2366] [M]: 0x0000000080013EFC (0x00100513) addi a0, zero, 1
x10 <- 0x0000000000000001
mem[X,0x0000000080013F00] -> 0x1513
mem[X,0x0000000080013F02] -> 0x0305
[2367] [M]: 0x0000000080013F00 (0x03051513) slli a0, a0, 48
x10 <- 0x0001000000000000
mem[X,0x0000000080013F04] -> 0x4513
mem[X,0x0000000080013F06] -> 0xFFF5
[2368] [M]: 0x0000000080013F04 (0xFFF54513) xori a0, a0, 4095
x10 <- 0xFFFEFFFFFFFFFFFF
mem[X,0x0000000080013F08] -> 0x0593
mem[X,0x0000000080013F0A] -> 0xFFB0
[2369] [M]: 0x0000000080013F08 (0xFFB00593) addi a1, zero, 4091
x11 <- 0xFFFFFFFFFFFFFFFB
mem[X,0x0000000080013F0C] -> 0x0113
mem[X,0x0000000080013F0E] -> 0x0000
[2370] [M]: 0x0000000080013F0C (0x00000113) addi sp, zero, 0
x2 <- 0x0000000000000000
mem[X,0x0000000080013F10] -> 0x006F
mem[X,0x0000000080013F12] -> 0x00C0
[2371] [M]: 0x0000000080013F10 (0x00C0006F) jal zero, 12
mem[X,0x0000000080013F1C] -> 0x1CE3
mem[X,0x0000000080013F1E] -> 0xFEB5
[2372] [M]: 0x0000000080013F1C (0xFEB51CE3) bne a0, a1, 8184
mem[X,0x0000000080013F14] -> 0x0113
mem[X,0x0000000080013F16] -> 0x0011
[2373] [M]: 0x0000000080013F14 (0x00110113) addi sp, sp, 1
x2 <- 0x0000000000000001
mem[X,0x0000000080013F18] -> 0x006F
mem[X,0x0000000080013F1A] -> 0x0180
[2374] [M]: 0x0000000080013F18 (0x0180006F) jal zero, 24
mem[X,0x0000000080013F30] -> 0xBC23
mem[X,0x0000000080013F32] -> 0x5020
[2375] [M]: 0x0000000080013F30 (0x5020BC23) sd sp, 1304(ra)
mem[0x00000000800456F0] <- 0x0000000000000001
mem[X,0x0000000080013F34] -> 0x0513
mem[X,0x0000000080013F36] -> 0x0010
[2376] [M]: 0x0000000080013F34 (0x00100513) addi a0, zero, 1
x10 <- 0x0000000000000001
mem[X,0x0000000080013F38] -> 0x1513
mem[X,0x0000000080013F3A] -> 0x0315
[2377] [M]: 0x0000000080013F38 (0x03151513) slli a0, a0, 49
x10 <- 0x0002000000000000
mem[X,0x0000000080013F3C] -> 0x4513
mem[X,0x0000000080013F3E] -> 0xFFF5
[2378] [M]: 0x0000000080013F3C (0xFFF54513) xori a0, a0, 4095
x10 <- 0xFFFDFFFFFFFFFFFF
mem[X,0x0000000080013F40] -> 0x0593
mem[X,0x0000000080013F42] -> 0x0010
[2379] [M]: 0x0000000080013F40 (0x00100593) addi a1, zero, 1
x11 <- 0x0000000000000001
mem[X,0x0000000080013F44] -> 0x9593
mem[X,0x0000000080013F46] -> 0x0115
[2380] [M]: 0x0000000080013F44 (0x01159593) slli a1, a1, 17
x11 <- 0x0000000000020000
mem[X,0x0000000080013F48] -> 0xC593
mem[X,0x0000000080013F4A] -> 0xFFF5
[2381] [M]: 0x0000000080013F48 (0xFFF5C593) xori a1, a1, 4095
x11 <- 0xFFFFFFFFFFFDFFFF
mem[X,0x0000000080013F4C] -> 0x0113
mem[X,0x0000000080013F4E] -> 0x0000
[2382] [M]: 0x0000000080013F4C (0x00000113) addi sp, zero, 0
x2 <- 0x0000000000000000
mem[X,0x0000000080013F50] -> 0x006F
mem[X,0x0000000080013F52] -> 0x00C0
[2383] [M]: 0x0000000080013F50 (0x00C0006F) jal zero, 12
mem[X,0x0000000080013F5C] -> 0x1063
mem[X,0x0000000080013F5E] -> 0x40B5
[2384] [M]: 0x0000000080013F5C (0x40B51063) bne a0, a1, 1024
mem[X,0x000000008001435C] -> 0x0113
mem[X,0x000000008001435E] -> 0x0031
[2385] [M]: 0x000000008001435C (0x00310113) addi sp, sp, 3
x2 <- 0x0000000000000003
mem[X,0x0000000080014360] -> 0x006F
mem[X,0x0000000080014362] -> 0x0040
[2386] [M]: 0x0000000080014360 (0x0040006F) jal zero, 4
mem[X,0x0000000080014364] -> 0xB023
mem[X,0x0000000080014366] -> 0x5220
[2387] [M]: 0x0000000080014364 (0x5220B023) sd sp, 1312(ra)
mem[0x00000000800456F8] <- 0x0000000000000003
mem[X,0x0000000080014368] -> 0x0513
mem[X,0x000000008001436A] -> 0x0010
[2388] [M]: 0x0000000080014368 (0x00100513) addi a0, zero, 1
x10 <- 0x0000000000000001
mem[X,0x000000008001436C] -> 0x1513
mem[X,0x000000008001436E] -> 0x0345
[2389] [M]: 0x000000008001436C (0x03451513) slli a0, a0, 52
x10 <- 0x0010000000000000
mem[X,0x0000000080014370] -> 0x4513
mem[X,0x0000000080014372] -> 0xFFF5
[2390] [M]: 0x0000000080014370 (0xFFF54513) xori a0, a0, 4095
x10 <- 0xFFEFFFFFFFFFFFFF
mem[X,0x0000000080014374] -> 0x0593
mem[X,0x0000000080014376] -> 0x0010
[2391] [M]: 0x0000000080014374 (0x00100593) addi a1, zero, 1
x11 <- 0x0000000000000001
mem[X,0x0000000080014378] -> 0x9593
mem[X,0x000000008001437A] -> 0x00E5
[2392] [M]: 0x0000000080014378 (0x00E59593) slli a1, a1, 14
x11 <- 0x0000000000004000
mem[X,0x000000008001437C] -> 0x0113
mem[X,0x000000008001437E] -> 0x0000
[2393] [M]: 0x000000008001437C (0x00000113) addi sp, zero, 0
x2 <- 0x0000000000000000
mem[X,0x0000000080014380] -> 0x006F
mem[X,0x0000000080014382] -> 0x0180
[2394] [M]: 0x0000000080014380 (0x0180006F) jal zero, 24
mem[X,0x0000000080014398] -> 0x16E3
mem[X,0x000000008001439A] -> 0xFEB5
[2395] [M]: 0x0000000080014398 (0xFEB516E3) bne a0, a1, 8172
mem[X,0x0000000080014384] -> 0x0113
mem[X,0x0000000080014386] -> 0x0011
[2396] [M]: 0x0000000080014384 (0x00110113) addi sp, sp, 1
x2 <- 0x0000000000000001
mem[X,0x0000000080014388] -> 0x006F
mem[X,0x000000008001438A] -> 0x0240
[2397] [M]: 0x0000000080014388 (0x0240006F) jal zero, 36
mem[X,0x00000000800143AC] -> 0xB423
mem[X,0x00000000800143AE] -> 0x5220
[2398] [M]: 0x00000000800143AC (0x5220B423) sd sp, 1320(ra)
mem[0x0000000080045700] <- 0x0000000000000001
mem[X,0x00000000800143B0] -> 0x0513
mem[X,0x00000000800143B2] -> 0x0010
[2399] [M]: 0x00000000800143B0 (0x00100513) addi a0, zero, 1
x10 <- 0x0000000000000001
clint::tick mtime <- 0x0000000000000018
 clint timer pending at mtime 0x0000000000000018
htif::tick 0x0000000000000000
mem[X,0x00000000800143B4] -> 0x1513
mem[X,0x00000000800143B6] -> 0x0365
[2400] [M]: 0x00000000800143B4 (0x03651513) slli a0, a0, 54
x10 <- 0x0040000000000000
mem[X,0x00000000800143B8] -> 0x4513
mem[X,0x00000000800143BA] -> 0xFFF5
[2401] [M]: 0x00000000800143B8 (0xFFF54513) xori a0, a0, 4095
x10 <- 0xFFBFFFFFFFFFFFFF
mem[X,0x00000000800143BC] -> 0x0593
mem[X,0x00000000800143BE] -> 0x0010
[2402] [M]: 0x00000000800143BC (0x00100593) addi a1, zero, 1
x11 <- 0x0000000000000001
mem[X,0x00000000800143C0] -> 0x9593
mem[X,0x00000000800143C2] -> 0x0345
[2403] [M]: 0x00000000800143C0 (0x03459593) slli a1, a1, 52
x11 <- 0x0010000000000000
mem[X,0x00000000800143C4] -> 0xC593
mem[X,0x00000000800143C6] -> 0xFFF5
[2404] [M]: 0x00000000800143C4 (0xFFF5C593) xori a1, a1, 4095
x11 <- 0xFFEFFFFFFFFFFFFF
mem[X,0x00000000800143C8] -> 0x0113
mem[X,0x00000000800143CA] -> 0x0000
[2405] [M]: 0x00000000800143C8 (0x00000113) addi sp, zero, 0
x2 <- 0x0000000000000000
mem[X,0x00000000800143CC] -> 0x006F
mem[X,0x00000000800143CE] -> 0x00C0
[2406] [M]: 0x00000000800143CC (0x00C0006F) jal zero, 12
mem[X,0x00000000800143D8] -> 0x1663
mem[X,0x00000000800143DA] -> 0x00B5
[2407] [M]: 0x00000000800143D8 (0x00B51663) bne a0, a1, 12
mem[X,0x00000000800143E4] -> 0x0113
mem[X,0x00000000800143E6] -> 0x0031
[2408] [M]: 0x00000000800143E4 (0x00310113) addi sp, sp, 3
x2 <- 0x0000000000000003
mem[X,0x00000000800143E8] -> 0x006F
mem[X,0x00000000800143EA] -> 0x0040
[2409] [M]: 0x00000000800143E8 (0x0040006F) jal zero, 4
mem[X,0x00000000800143EC] -> 0xB823
mem[X,0x00000000800143EE] -> 0x5220
[2410] [M]: 0x00000000800143EC (0x5220B823) sd sp, 1328(ra)
mem[0x0000000080045708] <- 0x0000000000000003
mem[X,0x00000000800143F0] -> 0x0513
mem[X,0x00000000800143F2] -> 0x0010
[2411] [M]: 0x00000000800143F0 (0x00100513) addi a0, zero, 1
x10 <- 0x0000000000000001
mem[X,0x00000000800143F4] -> 0x1513
mem[X,0x00000000800143F6] -> 0x0395
[2412] [M]: 0x00000000800143F4 (0x03951513) slli a0, a0, 57
x10 <- 0x0200000000000000
mem[X,0x00000000800143F8] -> 0x4513
mem[X,0x00000000800143FA] -> 0xFFF5
[2413] [M]: 0x00000000800143F8 (0xFFF54513) xori a0, a0, 4095
x10 <- 0xFDFFFFFFFFFFFFFF
mem[X,0x00000000800143FC] -> 0x0593
mem[X,0x00000000800143FE] -> 0xFBF0
[2414] [M]: 0x00000000800143FC (0xFBF00593) addi a1, zero, 4031
x11 <- 0xFFFFFFFFFFFFFFBF
mem[X,0x0000000080014400] -> 0x0113
mem[X,0x0000000080014402] -> 0x0000
[2415] [M]: 0x0000000080014400 (0x00000113) addi sp, zero, 0
x2 <- 0x0000000000000000
mem[X,0x0000000080014404] -> 0x006F
mem[X,0x0000000080014406] -> 0x00C0
[2416] [M]: 0x0000000080014404 (0x00C0006F) jal zero, 12
mem[X,0x0000000080014410] -> 0x1663
mem[X,0x0000000080014412] -> 0x00B5
[2417] [M]: 0x0000000080014410 (0x00B51663) bne a0, a1, 12
mem[X,0x000000008001441C] -> 0x0113
mem[X,0x000000008001441E] -> 0x0031
[2418] [M]: 0x000000008001441C (0x00310113) addi sp, sp, 3
x2 <- 0x0000000000000003
mem[X,0x0000000080014420] -> 0x006F
mem[X,0x0000000080014422] -> 0x0040
[2419] [M]: 0x0000000080014420 (0x0040006F) jal zero, 4
mem[X,0x0000000080014424] -> 0xBC23
mem[X,0x0000000080014426] -> 0x5220
[2420] [M]: 0x0000000080014424 (0x5220BC23) sd sp, 1336(ra)
mem[0x0000000080045710] <- 0x0000000000000003
mem[X,0x0000000080014428] -> 0x0513
mem[X,0x000000008001442A] -> 0x0010
[2421] [M]: 0x0000000080014428 (0x00100513) addi a0, zero, 1
x10 <- 0x0000000000000001
mem[X,0x000000008001442C] -> 0x1513
mem[X,0x000000008001442E] -> 0x03A5
[2422] [M]: 0x000000008001442C (0x03A51513) slli a0, a0, 58
x10 <- 0x0400000000000000
mem[X,0x0000000080014430] -> 0x4513
mem[X,0x0000000080014432] -> 0xFFF5
[2423] [M]: 0x0000000080014430 (0xFFF54513) xori a0, a0, 4095
x10 <- 0xFBFFFFFFFFFFFFFF
mem[X,0x0000000080014434] -> 0x0593
mem[X,0x0000000080014436] -> 0x0000
[2424] [M]: 0x0000000080014434 (0x00000593) addi a1, zero, 0
x11 <- 0x0000000000000000
mem[X,0x0000000080014438] -> 0x0113
mem[X,0x000000008001443A] -> 0x0000
[2425] [M]: 0x0000000080014438 (0x00000113) addi sp, zero, 0
x2 <- 0x0000000000000000
mem[X,0x000000008001443C] -> 0x006F
mem[X,0x000000008001443E] -> 0x00C0
[2426] [M]: 0x000000008001443C (0x00C0006F) jal zero, 12
mem[X,0x0000000080014448] -> 0x1063
mem[X,0x000000008001444A] -> 0x02B5
[2427] [M]: 0x0000000080014448 (0x02B51063) bne a0, a1, 32
mem[X,0x0000000080014468] -> 0x0113
mem[X,0x000000008001446A] -> 0x0031
[2428] [M]: 0x0000000080014468 (0x00310113) addi sp, sp, 3
x2 <- 0x0000000000000003
mem[X,0x000000008001446C] -> 0x006F
mem[X,0x000000008001446E] -> 0x0040
[2429] [M]: 0x000000008001446C (0x0040006F) jal zero, 4
mem[X,0x0000000080014470] -> 0xB023
mem[X,0x0000000080014472] -> 0x5420
[2430] [M]: 0x0000000080014470 (0x5420B023) sd sp, 1344(ra)
mem[0x0000000080045718] <- 0x0000000000000003
mem[X,0x0000000080014474] -> 0x0513
mem[X,0x0000000080014476] -> 0x0010
[2431] [M]: 0x0000000080014474 (0x00100513) addi a0, zero, 1
x10 <- 0x0000000000000001
mem[X,0x0000000080014478] -> 0x1513
mem[X,0x000000008001447A] -> 0x03B5
[2432] [M]: 0x0000000080014478 (0x03B51513) slli a0, a0, 59
x10 <- 0x0800000000000000
mem[X,0x000000008001447C] -> 0x4513
mem[X,0x000000008001447E] -> 0xFFF5
[2433] [M]: 0x000000008001447C (0xFFF54513) xori a0, a0, 4095
x10 <- 0xF7FFFFFFFFFFFFFF
mem[X,0x0000000080014480] -> 0x0593
mem[X,0x0000000080014482] -> 0x0010
[2434] [M]: 0x0000000080014480 (0x00100593) addi a1, zero, 1
x11 <- 0x0000000000000001
mem[X,0x0000000080014484] -> 0x9593
mem[X,0x0000000080014486] -> 0x0105
[2435] [M]: 0x0000000080014484 (0x01059593) slli a1, a1, 16
x11 <- 0x0000000000010000
mem[X,0x0000000080014488] -> 0x0113
mem[X,0x000000008001448A] -> 0x0000
[2436] [M]: 0x0000000080014488 (0x00000113) addi sp, zero, 0
x2 <- 0x0000000000000000
mem[X,0x000000008001448C] -> 0x006F
mem[X,0x000000008001448E] -> 0x00C0
[2437] [M]: 0x000000008001448C (0x00C0006F) jal zero, 12
mem[X,0x0000000080014498] -> 0x1663
mem[X,0x000000008001449A] -> 0x00B5
[2438] [M]: 0x0000000080014498 (0x00B51663) bne a0, a1, 12
mem[X,0x00000000800144A4] -> 0x0113
mem[X,0x00000000800144A6] -> 0x0031
[2439] [M]: 0x00000000800144A4 (0x00310113) addi sp, sp, 3
x2 <- 0x0000000000000003
mem[X,0x00000000800144A8] -> 0x006F
mem[X,0x00000000800144AA] -> 0x0040
[2440] [M]: 0x00000000800144A8 (0x0040006F) jal zero, 4
mem[X,0x00000000800144AC] -> 0xB423
mem[X,0x00000000800144AE] -> 0x5420
[2441] [M]: 0x00000000800144AC (0x5420B423) sd sp, 1352(ra)
mem[0x0000000080045720] <- 0x0000000000000003
mem[X,0x00000000800144B0] -> 0x0513
mem[X,0x00000000800144B2] -> 0x0030
[2442] [M]: 0x00000000800144B0 (0x00300513) addi a0, zero, 3
x10 <- 0x0000000000000003
mem[X,0x00000000800144B4] -> 0x0593
mem[X,0x00000000800144B6] -> 0x0030
[2443] [M]: 0x00000000800144B4 (0x00300593) addi a1, zero, 3
x11 <- 0x0000000000000003
mem[X,0x00000000800144B8] -> 0x0113
mem[X,0x00000000800144BA] -> 0x0000
[2444] [M]: 0x00000000800144B8 (0x00000113) addi sp, zero, 0
x2 <- 0x0000000000000000
mem[X,0x00000000800144BC] -> 0x006F
mem[X,0x00000000800144BE] -> 0x00C0
[2445] [M]: 0x00000000800144BC (0x00C0006F) jal zero, 12
mem[X,0x00000000800144C8] -> 0x1063
mem[X,0x00000000800144CA] -> 0x04B5
[2446] [M]: 0x00000000800144C8 (0x04B51063) bne a0, a1, 64
mem[X,0x00000000800144CC] -> 0x0113
mem[X,0x00000000800144CE] -> 0x0021
[2447] [M]: 0x00000000800144CC (0x00210113) addi sp, sp, 2
x2 <- 0x0000000000000002
mem[X,0x00000000800144D0] -> 0x006F
mem[X,0x00000000800144D2] -> 0x0400
[2448] [M]: 0x00000000800144D0 (0x0400006F) jal zero, 64
mem[X,0x0000000080014510] -> 0xB823
mem[X,0x0000000080014512] -> 0x5420
[2449] [M]: 0x0000000080014510 (0x5420B823) sd sp, 1360(ra)
mem[0x0000000080045728] <- 0x0000000000000002
mem[X,0x0000000080014514] -> 0x0513
mem[X,0x0000000080014516] -> 0x0030
[2450] [M]: 0x0000000080014514 (0x00300513) addi a0, zero, 3
x10 <- 0x0000000000000003
mem[X,0x0000000080014518] -> 0x55B7
mem[X,0x000000008001451A] -> 0x5555
[2451] [M]: 0x0000000080014518 (0x555555B7) lui a1, 349525
x11 <- 0x0000000055555000
mem[X,0x000000008001451C] -> 0x8593
mem[X,0x000000008001451E] -> 0x5555
[2452] [M]: 0x000000008001451C (0x55558593) addi a1, a1, 1365
x11 <- 0x0000000055555555
mem[X,0x0000000080014520] -> 0x9593
mem[X,0x0000000080014522] -> 0x00B5
[2453] [M]: 0x0000000080014520 (0x00B59593) slli a1, a1, 11
x11 <- 0x000002AAAAAAA800
mem[X,0x0000000080014524] -> 0x8593
mem[X,0x0000000080014526] -> 0x2AA5
[2454] [M]: 0x0000000080014524 (0x2AA58593) addi a1, a1, 682
x11 <- 0x000002AAAAAAAAAA
mem[X,0x0000000080014528] -> 0x9593
mem[X,0x000000008001452A] -> 0x00B5
[2455] [M]: 0x0000000080014528 (0x00B59593) slli a1, a1, 11
x11 <- 0x0015555555555000
mem[X,0x000000008001452C] -> 0x8593
mem[X,0x000000008001452E] -> 0x5555
[2456] [M]: 0x000000008001452C (0x55558593) addi a1, a1, 1365
x11 <- 0x0015555555555555
mem[X,0x0000000080014530] -> 0x9593
mem[X,0x0000000080014532] -> 0x00A5
[2457] [M]: 0x0000000080014530 (0x00A59593) slli a1, a1, 10
x11 <- 0x5555555555555400
mem[X,0x0000000080014534] -> 0x8593
mem[X,0x0000000080014536] -> 0x1555
[2458] [M]: 0x0000000080014534 (0x15558593) addi a1, a1, 341
x11 <- 0x5555555555555555
mem[X,0x0000000080014538] -> 0x0113
mem[X,0x000000008001453A] -> 0x0000
[2459] [M]: 0x0000000080014538 (0x00000113) addi sp, zero, 0
x2 <- 0x0000000000000000
mem[X,0x000000008001453C] -> 0x006F
mem[X,0x000000008001453E] -> 0x00C0
[2460] [M]: 0x000000008001453C (0x00C0006F) jal zero, 12
mem[X,0x0000000080014548] -> 0x1863
mem[X,0x000000008001454A] -> 0x00B5
[2461] [M]: 0x0000000080014548 (0x00B51863) bne a0, a1, 16
mem[X,0x0000000080014558] -> 0x0113
mem[X,0x000000008001455A] -> 0x0031
[2462] [M]: 0x0000000080014558 (0x00310113) addi sp, sp, 3
x2 <- 0x0000000000000003
mem[X,0x000000008001455C] -> 0x006F
mem[X,0x000000008001455E] -> 0x0040
[2463] [M]: 0x000000008001455C (0x0040006F) jal zero, 4
mem[X,0x0000000080014560] -> 0xBC23
mem[X,0x0000000080014562] -> 0x5420
[2464] [M]: 0x0000000080014560 (0x5420BC23) sd sp, 1368(ra)
mem[0x0000000080045730] <- 0x0000000000000003
mem[X,0x0000000080014564] -> 0x0513
mem[X,0x0000000080014566] -> 0x0030
[2465] [M]: 0x0000000080014564 (0x00300513) addi a0, zero, 3
x10 <- 0x0000000000000003
mem[X,0x0000000080014568] -> 0xB5B7
mem[X,0x000000008001456A] -> 0xAAAA
[2466] [M]: 0x0000000080014568 (0xAAAAB5B7) lui a1, 699051
x11 <- 0xFFFFFFFFAAAAB000
mem[X,0x000000008001456C] -> 0x8593
mem[X,0x000000008001456E] -> 0xAAA5
[2467] [M]: 0x000000008001456C (0xAAA58593) addi a1, a1, 2730
x11 <- 0xFFFFFFFFAAAAAAAA
mem[X,0x0000000080014570] -> 0x9593
mem[X,0x0000000080014572] -> 0x00B5
[2468] [M]: 0x0000000080014570 (0x00B59593) slli a1, a1, 11
x11 <- 0xFFFFFD5555555000
mem[X,0x0000000080014574] -> 0x8593
mem[X,0x0000000080014576] -> 0x5555
[2469] [M]: 0x0000000080014574 (0x55558593) addi a1, a1, 1365
x11 <- 0xFFFFFD5555555555
mem[X,0x0000000080014578] -> 0x9593
mem[X,0x000000008001457A] -> 0x00B5
[2470] [M]: 0x0000000080014578 (0x00B59593) slli a1, a1, 11
x11 <- 0xFFEAAAAAAAAAA800
mem[X,0x000000008001457C] -> 0x8593
mem[X,0x000000008001457E] -> 0x2AA5
[2471] [M]: 0x000000008001457C (0x2AA58593) addi a1, a1, 682
x11 <- 0xFFEAAAAAAAAAAAAA
mem[X,0x0000000080014580] -> 0x9593
mem[X,0x0000000080014582] -> 0x00A5
[2472] [M]: 0x0000000080014580 (0x00A59593) slli a1, a1, 10
x11 <- 0xAAAAAAAAAAAAA800
mem[X,0x0000000080014584] -> 0x8593
mem[X,0x0000000080014586] -> 0x2AA5
[2473] [M]: 0x0000000080014584 (0x2AA58593) addi a1, a1, 682
x11 <- 0xAAAAAAAAAAAAAAAA
mem[X,0x0000000080014588] -> 0x0113
mem[X,0x000000008001458A] -> 0x0000
[2474] [M]: 0x0000000080014588 (0x00000113) addi sp, zero, 0
x2 <- 0x0000000000000000
mem[X,0x000000008001458C] -> 0x006F
mem[X,0x000000008001458E] -> 0x00C0
[2475] [M]: 0x000000008001458C (0x00C0006F) jal zero, 12
mem[X,0x0000000080014598] -> 0x1863
mem[X,0x000000008001459A] -> 0x00B5
[2476] [M]: 0x0000000080014598 (0x00B51863) bne a0, a1, 16
mem[X,0x00000000800145A8] -> 0x0113
mem[X,0x00000000800145AA] -> 0x0031
[2477] [M]: 0x00000000800145A8 (0x00310113) addi sp, sp, 3
x2 <- 0x0000000000000003
mem[X,0x00000000800145AC] -> 0x006F
mem[X,0x00000000800145AE] -> 0x0040
[2478] [M]: 0x00000000800145AC (0x0040006F) jal zero, 4
mem[X,0x00000000800145B0] -> 0xB023
mem[X,0x00000000800145B2] -> 0x5620
[2479] [M]: 0x00000000800145B0 (0x5620B023) sd sp, 1376(ra)
mem[0x0000000080045738] <- 0x0000000000000003
mem[X,0x00000000800145B4] -> 0x0513
mem[X,0x00000000800145B6] -> 0x0030
[2480] [M]: 0x00000000800145B4 (0x00300513) addi a0, zero, 3
x10 <- 0x0000000000000003
mem[X,0x00000000800145B8] -> 0x0593
mem[X,0x00000000800145BA] -> 0x0050
[2481] [M]: 0x00000000800145B8 (0x00500593) addi a1, zero, 5
x11 <- 0x0000000000000005
mem[X,0x00000000800145BC] -> 0x0113
mem[X,0x00000000800145BE] -> 0x0000
[2482] [M]: 0x00000000800145BC (0x00000113) addi sp, zero, 0
x2 <- 0x0000000000000000
mem[X,0x00000000800145C0] -> 0x006F
mem[X,0x00000000800145C2] -> 0x00C0
[2483] [M]: 0x00000000800145C0 (0x00C0006F) jal zero, 12
mem[X,0x00000000800145CC] -> 0x1063
mem[X,0x00000000800145CE] -> 0x20B5
[2484] [M]: 0x00000000800145CC (0x20B51063) bne a0, a1, 512
mem[X,0x00000000800147CC] -> 0x0113
mem[X,0x00000000800147CE] -> 0x0031
[2485] [M]: 0x00000000800147CC (0x00310113) addi sp, sp, 3
x2 <- 0x0000000000000003
mem[X,0x00000000800147D0] -> 0x006F
mem[X,0x00000000800147D2] -> 0x0040
[2486] [M]: 0x00000000800147D0 (0x0040006F) jal zero, 4
mem[X,0x00000000800147D4] -> 0xB423
mem[X,0x00000000800147D6] -> 0x5620
[2487] [M]: 0x00000000800147D4 (0x5620B423) sd sp, 1384(ra)
mem[0x0000000080045740] <- 0x0000000000000003
mem[X,0x00000000800147D8] -> 0x0513
mem[X,0x00000000800147DA] -> 0x0030
[2488] [M]: 0x00000000800147D8 (0x00300513) addi a0, zero, 3
x10 <- 0x0000000000000003
mem[X,0x00000000800147DC] -> 0x35B7
mem[X,0x00000000800147DE] -> 0x3333
[2489] [M]: 0x00000000800147DC (0x333335B7) lui a1, 209715
x11 <- 0x0000000033333000
mem[X,0x00000000800147E0] -> 0x8593
mem[X,0x00000000800147E2] -> 0x3335
[2490] [M]: 0x00000000800147E0 (0x33358593) addi a1, a1, 819
x11 <- 0x0000000033333333
mem[X,0x00000000800147E4] -> 0x9593
mem[X,0x00000000800147E6] -> 0x00B5
[2491] [M]: 0x00000000800147E4 (0x00B59593) slli a1, a1, 11
x11 <- 0x0000019999999800
mem[X,0x00000000800147E8] -> 0x8593
mem[X,0x00000000800147EA] -> 0x1995
[2492] [M]: 0x00000000800147E8 (0x19958593) addi a1, a1, 409
x11 <- 0x0000019999999999
mem[X,0x00000000800147EC] -> 0x9593
mem[X,0x00000000800147EE] -> 0x00B5
[2493] [M]: 0x00000000800147EC (0x00B59593) slli a1, a1, 11
x11 <- 0x000CCCCCCCCCC800
mem[X,0x00000000800147F0] -> 0x8593
mem[X,0x00000000800147F2] -> 0x4CC5
[2494] [M]: 0x00000000800147F0 (0x4CC58593) addi a1, a1, 1228
x11 <- 0x000CCCCCCCCCCCCC
mem[X,0x00000000800147F4] -> 0x9593
mem[X,0x00000000800147F6] -> 0x00A5
[2495] [M]: 0x00000000800147F4 (0x00A59593) slli a1, a1, 10
x11 <- 0x3333333333333000
mem[X,0x00000000800147F8] -> 0x8593
mem[X,0x00000000800147FA] -> 0x3335
[2496] [M]: 0x00000000800147F8 (0x33358593) addi a1, a1, 819
x11 <- 0x3333333333333333
mem[X,0x00000000800147FC] -> 0x0113
mem[X,0x00000000800147FE] -> 0x0000
[2497] [M]: 0x00000000800147FC (0x00000113) addi sp, zero, 0
x2 <- 0x0000000000000000
mem[X,0x0000000080014800] -> 0x006F
mem[X,0x0000000080014802] -> 0x0180
[2498] [M]: 0x0000000080014800 (0x0180006F) jal zero, 24
mem[X,0x0000000080014818] -> 0x16E3
mem[X,0x000000008001481A] -> 0xFEB5
[2499] [M]: 0x0000000080014818 (0xFEB516E3) bne a0, a1, 8172
clint::tick mtime <- 0x0000000000000019
 clint timer pending at mtime 0x0000000000000019
htif::tick 0x0000000000000000
mem[X,0x0000000080014804] -> 0x0113
mem[X,0x0000000080014806] -> 0x0011
[2500] [M]: 0x0000000080014804 (0x00110113) addi sp, sp, 1
x2 <- 0x0000000000000001
mem[X,0x0000000080014808] -> 0x006F
mem[X,0x000000008001480A] -> 0x0240
[2501] [M]: 0x0000000080014808 (0x0240006F) jal zero, 36
mem[X,0x000000008001482C] -> 0xB823
mem[X,0x000000008001482E] -> 0x5620
[2502] [M]: 0x000000008001482C (0x5620B823) sd sp, 1392(ra)
mem[0x0000000080045748] <- 0x0000000000000001
mem[X,0x0000000080014830] -> 0x0513
mem[X,0x0000000080014832] -> 0x0030
[2503] [M]: 0x0000000080014830 (0x00300513) addi a0, zero, 3
x10 <- 0x0000000000000003
mem[X,0x0000000080014834] -> 0x65B7
mem[X,0x0000000080014836] -> 0x6666
[2504] [M]: 0x0000000080014834 (0x666665B7) lui a1, 419430
x11 <- 0x0000000066666000
mem[X,0x0000000080014838] -> 0x8593
mem[X,0x000000008001483A] -> 0x6665
[2505] [M]: 0x0000000080014838 (0x66658593) addi a1, a1, 1638
x11 <- 0x0000000066666666
mem[X,0x000000008001483C] -> 0x9593
mem[X,0x000000008001483E] -> 0x00B5
[2506] [M]: 0x000000008001483C (0x00B59593) slli a1, a1, 11
x11 <- 0x0000033333333000
mem[X,0x0000000080014840] -> 0x8593
mem[X,0x0000000080014842] -> 0x3335
[2507] [M]: 0x0000000080014840 (0x33358593) addi a1, a1, 819
x11 <- 0x0000033333333333
mem[X,0x0000000080014844] -> 0x9593
mem[X,0x0000000080014846] -> 0x00B5
[2508] [M]: 0x0000000080014844 (0x00B59593) slli a1, a1, 11
x11 <- 0x0019999999999800
mem[X,0x0000000080014848] -> 0x8593
mem[X,0x000000008001484A] -> 0x1995
[2509] [M]: 0x0000000080014848 (0x19958593) addi a1, a1, 409
x11 <- 0x0019999999999999
mem[X,0x000000008001484C] -> 0x9593
mem[X,0x000000008001484E] -> 0x00A5
[2510] [M]: 0x000000008001484C (0x00A59593) slli a1, a1, 10
x11 <- 0x6666666666666400
mem[X,0x0000000080014850] -> 0x8593
mem[X,0x0000000080014852] -> 0x2665
[2511] [M]: 0x0000000080014850 (0x26658593) addi a1, a1, 614
x11 <- 0x6666666666666666
mem[X,0x0000000080014854] -> 0x0113
mem[X,0x0000000080014856] -> 0x0000
[2512] [M]: 0x0000000080014854 (0x00000113) addi sp, zero, 0
x2 <- 0x0000000000000000
mem[X,0x0000000080014858] -> 0x006F
mem[X,0x000000008001485A] -> 0x00C0
[2513] [M]: 0x0000000080014858 (0x00C0006F) jal zero, 12
mem[X,0x0000000080014864] -> 0x1663
mem[X,0x0000000080014866] -> 0x00B5
[2514] [M]: 0x0000000080014864 (0x00B51663) bne a0, a1, 12
mem[X,0x0000000080014870] -> 0x0113
mem[X,0x0000000080014872] -> 0x0031
[2515] [M]: 0x0000000080014870 (0x00310113) addi sp, sp, 3
x2 <- 0x0000000000000003
mem[X,0x0000000080014874] -> 0x006F
mem[X,0x0000000080014876] -> 0x0040
[2516] [M]: 0x0000000080014874 (0x0040006F) jal zero, 4
mem[X,0x0000000080014878] -> 0xBC23
mem[X,0x000000008001487A] -> 0x5620
[2517] [M]: 0x0000000080014878 (0x5620BC23) sd sp, 1400(ra)
mem[0x0000000080045750] <- 0x0000000000000003
mem[X,0x000000008001487C] -> 0x0513
mem[X,0x000000008001487E] -> 0x0030
[2518] [M]: 0x000000008001487C (0x00300513) addi a0, zero, 3
x10 <- 0x0000000000000003
mem[X,0x0000000080014880] -> 0x05B7
mem[X,0x0000000080014882] -> 0x0000
[2519] [M]: 0x0000000080014880 (0x000005B7) lui a1, 0
x11 <- 0x0000000000000000
mem[X,0x0000000080014884] -> 0x8593
mem[X,0x0000000080014886] -> 0xFFF5
[2520] [M]: 0x0000000080014884 (0xFFF58593) addi a1, a1, 4095
x11 <- 0xFFFFFFFFFFFFFFFF
mem[X,0x0000000080014888] -> 0x9593
mem[X,0x000000008001488A] -> 0x00B5
[2521] [M]: 0x0000000080014888 (0x00B59593) slli a1, a1, 11
x11 <- 0xFFFFFFFFFFFFF800
mem[X,0x000000008001488C] -> 0x8593
mem[X,0x000000008001488E] -> 0x2575
[2522] [M]: 0x000000008001488C (0x25758593) addi a1, a1, 599
x11 <- 0xFFFFFFFFFFFFFA57
mem[X,0x0000000080014890] -> 0x9593
mem[X,0x0000000080014892] -> 0x00B5
[2523] [M]: 0x0000000080014890 (0x00B59593) slli a1, a1, 11
x11 <- 0xFFFFFFFFFFD2B800
mem[X,0x0000000080014894] -> 0x8593
mem[X,0x0000000080014896] -> 0x6C35
[2524] [M]: 0x0000000080014894 (0x6C358593) addi a1, a1, 1731
x11 <- 0xFFFFFFFFFFD2BEC3
mem[X,0x0000000080014898] -> 0x9593
mem[X,0x000000008001489A] -> 0x00A5
[2525] [M]: 0x0000000080014898 (0x00A59593) slli a1, a1, 10
x11 <- 0xFFFFFFFF4AFB0C00
mem[X,0x000000008001489C] -> 0x8593
mem[X,0x000000008001489E] -> 0x0CD5
[2526] [M]: 0x000000008001489C (0x0CD58593) addi a1, a1, 205
x11 <- 0xFFFFFFFF4AFB0CCD
mem[X,0x00000000800148A0] -> 0x0113
mem[X,0x00000000800148A2] -> 0x0000
[2527] [M]: 0x00000000800148A0 (0x00000113) addi sp, zero, 0
x2 <- 0x0000000000000000
mem[X,0x00000000800148A4] -> 0x006F
mem[X,0x00000000800148A6] -> 0x00C0
[2528] [M]: 0x00000000800148A4 (0x00C0006F) jal zero, 12
mem[X,0x00000000800148B0] -> 0x1CE3
mem[X,0x00000000800148B2] -> 0xFEB5
[2529] [M]: 0x00000000800148B0 (0xFEB51CE3) bne a0, a1, 8184
mem[X,0x00000000800148A8] -> 0x0113
mem[X,0x00000000800148AA] -> 0x0011
[2530] [M]: 0x00000000800148A8 (0x00110113) addi sp, sp, 1
x2 <- 0x0000000000000001
mem[X,0x00000000800148AC] -> 0x006F
mem[X,0x00000000800148AE] -> 0x0180
[2531] [M]: 0x00000000800148AC (0x0180006F) jal zero, 24
mem[X,0x00000000800148C4] -> 0xB023
mem[X,0x00000000800148C6] -> 0x5820
[2532] [M]: 0x00000000800148C4 (0x5820B023) sd sp, 1408(ra)
mem[0x0000000080045758] <- 0x0000000000000001
mem[X,0x00000000800148C8] -> 0x0513
mem[X,0x00000000800148CA] -> 0x0030
[2533] [M]: 0x00000000800148C8 (0x00300513) addi a0, zero, 3
x10 <- 0x0000000000000003
mem[X,0x00000000800148CC] -> 0x05B7
mem[X,0x00000000800148CE] -> 0x0000
[2534] [M]: 0x00000000800148CC (0x000005B7) lui a1, 0
x11 <- 0x0000000000000000
mem[X,0x00000000800148D0] -> 0x8593
mem[X,0x00000000800148D2] -> 0x0005
[2535] [M]: 0x00000000800148D0 (0x00058593) addi a1, a1, 0
x11 <- 0x0000000000000000
mem[X,0x00000000800148D4] -> 0x9593
mem[X,0x00000000800148D6] -> 0x00B5
[2536] [M]: 0x00000000800148D4 (0x00B59593) slli a1, a1, 11
x11 <- 0x0000000000000000
mem[X,0x00000000800148D8] -> 0x8593
mem[X,0x00000000800148DA] -> 0x5A85
[2537] [M]: 0x00000000800148D8 (0x5A858593) addi a1, a1, 1448
x11 <- 0x00000000000005A8
mem[X,0x00000000800148DC] -> 0x9593
mem[X,0x00000000800148DE] -> 0x00B5
[2538] [M]: 0x00000000800148DC (0x00B59593) slli a1, a1, 11
x11 <- 0x00000000002D4000
mem[X,0x00000000800148E0] -> 0x8593
mem[X,0x00000000800148E2] -> 0x13C5
[2539] [M]: 0x00000000800148E0 (0x13C58593) addi a1, a1, 316
x11 <- 0x00000000002D413C
mem[X,0x00000000800148E4] -> 0x9593
mem[X,0x00000000800148E6] -> 0x00A5
[2540] [M]: 0x00000000800148E4 (0x00A59593) slli a1, a1, 10
x11 <- 0x00000000B504F000
mem[X,0x00000000800148E8] -> 0x8593
mem[X,0x00000000800148EA] -> 0x3335
[2541] [M]: 0x00000000800148E8 (0x33358593) addi a1, a1, 819
x11 <- 0x00000000B504F333
mem[X,0x00000000800148EC] -> 0x0113
mem[X,0x00000000800148EE] -> 0x0000
[2542] [M]: 0x00000000800148EC (0x00000113) addi sp, zero, 0
x2 <- 0x0000000000000000
mem[X,0x00000000800148F0] -> 0x006F
mem[X,0x00000000800148F2] -> 0x00C0
[2543] [M]: 0x00000000800148F0 (0x00C0006F) jal zero, 12
mem[X,0x00000000800148FC] -> 0x1663
mem[X,0x00000000800148FE] -> 0x00B5
[2544] [M]: 0x00000000800148FC (0x00B51663) bne a0, a1, 12
mem[X,0x0000000080014908] -> 0x0113
mem[X,0x000000008001490A] -> 0x0031
[2545] [M]: 0x0000000080014908 (0x00310113) addi sp, sp, 3
x2 <- 0x0000000000000003
mem[X,0x000000008001490C] -> 0x006F
mem[X,0x000000008001490E] -> 0x0040
[2546] [M]: 0x000000008001490C (0x0040006F) jal zero, 4
mem[X,0x0000000080014910] -> 0xB423
mem[X,0x0000000080014912] -> 0x5820
[2547] [M]: 0x0000000080014910 (0x5820B423) sd sp, 1416(ra)
mem[0x0000000080045760] <- 0x0000000000000003
mem[X,0x0000000080014914] -> 0x0513
mem[X,0x0000000080014916] -> 0x0030
[2548] [M]: 0x0000000080014914 (0x00300513) addi a0, zero, 3
x10 <- 0x0000000000000003
mem[X,0x0000000080014918] -> 0x0593
mem[X,0x000000008001491A] -> 0x0020
[2549] [M]: 0x0000000080014918 (0x00200593) addi a1, zero, 2
x11 <- 0x0000000000000002
mem[X,0x000000008001491C] -> 0x0113
mem[X,0x000000008001491E] -> 0x0000
[2550] [M]: 0x000000008001491C (0x00000113) addi sp, zero, 0
x2 <- 0x0000000000000000
mem[X,0x0000000080014920] -> 0x006F
mem[X,0x0000000080014922] -> 0x00C0
[2551] [M]: 0x0000000080014920 (0x00C0006F) jal zero, 12
mem[X,0x000000008001492C] -> 0x1663
mem[X,0x000000008001492E] -> 0x00B5
[2552] [M]: 0x000000008001492C (0x00B51663) bne a0, a1, 12
mem[X,0x0000000080014938] -> 0x0113
mem[X,0x000000008001493A] -> 0x0031
[2553] [M]: 0x0000000080014938 (0x00310113) addi sp, sp, 3
x2 <- 0x0000000000000003
mem[X,0x000000008001493C] -> 0x006F
mem[X,0x000000008001493E] -> 0x0040
[2554] [M]: 0x000000008001493C (0x0040006F) jal zero, 4
mem[X,0x0000000080014940] -> 0xB823
mem[X,0x0000000080014942] -> 0x5820
[2555] [M]: 0x0000000080014940 (0x5820B823) sd sp, 1424(ra)
mem[0x0000000080045768] <- 0x0000000000000003
mem[X,0x0000000080014944] -> 0x0513
mem[X,0x0000000080014946] -> 0x0030
[2556] [M]: 0x0000000080014944 (0x00300513) addi a0, zero, 3
x10 <- 0x0000000000000003
mem[X,0x0000000080014948] -> 0x55B7
mem[X,0x000000008001494A] -> 0x5555
[2557] [M]: 0x0000000080014948 (0x555555B7) lui a1, 349525
x11 <- 0x0000000055555000
mem[X,0x000000008001494C] -> 0x8593
mem[X,0x000000008001494E] -> 0x5555
[2558] [M]: 0x000000008001494C (0x55558593) addi a1, a1, 1365
x11 <- 0x0000000055555555
mem[X,0x0000000080014950] -> 0x9593
mem[X,0x0000000080014952] -> 0x00B5
[2559] [M]: 0x0000000080014950 (0x00B59593) slli a1, a1, 11
x11 <- 0x000002AAAAAAA800
mem[X,0x0000000080014954] -> 0x8593
mem[X,0x0000000080014956] -> 0x2AA5
[2560] [M]: 0x0000000080014954 (0x2AA58593) addi a1, a1, 682
x11 <- 0x000002AAAAAAAAAA
mem[X,0x0000000080014958] -> 0x9593
mem[X,0x000000008001495A] -> 0x00B5
[2561] [M]: 0x0000000080014958 (0x00B59593) slli a1, a1, 11
x11 <- 0x0015555555555000
mem[X,0x000000008001495C] -> 0x8593
mem[X,0x000000008001495E] -> 0x5555
[2562] [M]: 0x000000008001495C (0x55558593) addi a1, a1, 1365
x11 <- 0x0015555555555555
mem[X,0x0000000080014960] -> 0x9593
mem[X,0x0000000080014962] -> 0x00A5
[2563] [M]: 0x0000000080014960 (0x00A59593) slli a1, a1, 10
x11 <- 0x5555555555555400
mem[X,0x0000000080014964] -> 0x8593
mem[X,0x0000000080014966] -> 0x1545
[2564] [M]: 0x0000000080014964 (0x15458593) addi a1, a1, 340
x11 <- 0x5555555555555554
mem[X,0x0000000080014968] -> 0x0113
mem[X,0x000000008001496A] -> 0x0000
[2565] [M]: 0x0000000080014968 (0x00000113) addi sp, zero, 0
x2 <- 0x0000000000000000
mem[X,0x000000008001496C] -> 0x006F
mem[X,0x000000008001496E] -> 0x00C0
[2566] [M]: 0x000000008001496C (0x00C0006F) jal zero, 12
mem[X,0x0000000080014978] -> 0x1663
mem[X,0x000000008001497A] -> 0x00B5
[2567] [M]: 0x0000000080014978 (0x00B51663) bne a0, a1, 12
mem[X,0x0000000080014984] -> 0x0113
mem[X,0x0000000080014986] -> 0x0031
[2568] [M]: 0x0000000080014984 (0x00310113) addi sp, sp, 3
x2 <- 0x0000000000000003
mem[X,0x0000000080014988] -> 0x006F
mem[X,0x000000008001498A] -> 0x0040
[2569] [M]: 0x0000000080014988 (0x0040006F) jal zero, 4
mem[X,0x000000008001498C] -> 0xBC23
mem[X,0x000000008001498E] -> 0x5820
[2570] [M]: 0x000000008001498C (0x5820BC23) sd sp, 1432(ra)
mem[0x0000000080045770] <- 0x0000000000000003
mem[X,0x0000000080014990] -> 0x0513
mem[X,0x0000000080014992] -> 0x0030
[2571] [M]: 0x0000000080014990 (0x00300513) addi a0, zero, 3
x10 <- 0x0000000000000003
mem[X,0x0000000080014994] -> 0x0593
mem[X,0x0000000080014996] -> 0x0000
[2572] [M]: 0x0000000080014994 (0x00000593) addi a1, zero, 0
x11 <- 0x0000000000000000
mem[X,0x0000000080014998] -> 0x0113
mem[X,0x000000008001499A] -> 0x0000
[2573] [M]: 0x0000000080014998 (0x00000113) addi sp, zero, 0
x2 <- 0x0000000000000000
mem[X,0x000000008001499C] -> 0x006F
mem[X,0x000000008001499E] -> 0x00C0
[2574] [M]: 0x000000008001499C (0x00C0006F) jal zero, 12
mem[X,0x00000000800149A8] -> 0x1063
mem[X,0x00000000800149AA] -> 0x10B5
[2575] [M]: 0x00000000800149A8 (0x10B51063) bne a0, a1, 256
mem[X,0x0000000080014AA8] -> 0x0113
mem[X,0x0000000080014AAA] -> 0x0031
[2576] [M]: 0x0000000080014AA8 (0x00310113) addi sp, sp, 3
x2 <- 0x0000000000000003
mem[X,0x0000000080014AAC] -> 0x006F
mem[X,0x0000000080014AAE] -> 0x0040
[2577] [M]: 0x0000000080014AAC (0x0040006F) jal zero, 4
mem[X,0x0000000080014AB0] -> 0xB023
mem[X,0x0000000080014AB2] -> 0x5A20
[2578] [M]: 0x0000000080014AB0 (0x5A20B023) sd sp, 1440(ra)
mem[0x0000000080045778] <- 0x0000000000000003
mem[X,0x0000000080014AB4] -> 0x0513
mem[X,0x0000000080014AB6] -> 0x0030
[2579] [M]: 0x0000000080014AB4 (0x00300513) addi a0, zero, 3
x10 <- 0x0000000000000003
mem[X,0x0000000080014AB8] -> 0x0593
mem[X,0x0000000080014ABA] -> 0x0040
[2580] [M]: 0x0000000080014AB8 (0x00400593) addi a1, zero, 4
x11 <- 0x0000000000000004
mem[X,0x0000000080014ABC] -> 0x0113
mem[X,0x0000000080014ABE] -> 0x0000
[2581] [M]: 0x0000000080014ABC (0x00000113) addi sp, zero, 0
x2 <- 0x0000000000000000
mem[X,0x0000000080014AC0] -> 0x006F
mem[X,0x0000000080014AC2] -> 0x00C0
[2582] [M]: 0x0000000080014AC0 (0x00C0006F) jal zero, 12
mem[X,0x0000000080014ACC] -> 0x1CE3
mem[X,0x0000000080014ACE] -> 0xFEB5
[2583] [M]: 0x0000000080014ACC (0xFEB51CE3) bne a0, a1, 8184
mem[X,0x0000000080014AC4] -> 0x0113
mem[X,0x0000000080014AC6] -> 0x0011
[2584] [M]: 0x0000000080014AC4 (0x00110113) addi sp, sp, 1
x2 <- 0x0000000000000001
mem[X,0x0000000080014AC8] -> 0x006F
mem[X,0x0000000080014ACA] -> 0x0180
[2585] [M]: 0x0000000080014AC8 (0x0180006F) jal zero, 24
mem[X,0x0000000080014AE0] -> 0xB423
mem[X,0x0000000080014AE2] -> 0x5A20
[2586] [M]: 0x0000000080014AE0 (0x5A20B423) sd sp, 1448(ra)
mem[0x0000000080045780] <- 0x0000000000000001
mem[X,0x0000000080014AE4] -> 0x0513
mem[X,0x0000000080014AE6] -> 0x0030
[2587] [M]: 0x0000000080014AE4 (0x00300513) addi a0, zero, 3
x10 <- 0x0000000000000003
mem[X,0x0000000080014AE8] -> 0x35B7
mem[X,0x0000000080014AEA] -> 0x3333
[2588] [M]: 0x0000000080014AE8 (0x333335B7) lui a1, 209715
x11 <- 0x0000000033333000
mem[X,0x0000000080014AEC] -> 0x8593
mem[X,0x0000000080014AEE] -> 0x3335
[2589] [M]: 0x0000000080014AEC (0x33358593) addi a1, a1, 819
x11 <- 0x0000000033333333
mem[X,0x0000000080014AF0] -> 0x9593
mem[X,0x0000000080014AF2] -> 0x00B5
[2590] [M]: 0x0000000080014AF0 (0x00B59593) slli a1, a1, 11
x11 <- 0x0000019999999800
mem[X,0x0000000080014AF4] -> 0x8593
mem[X,0x0000000080014AF6] -> 0x1995
[2591] [M]: 0x0000000080014AF4 (0x19958593) addi a1, a1, 409
x11 <- 0x0000019999999999
mem[X,0x0000000080014AF8] -> 0x9593
mem[X,0x0000000080014AFA] -> 0x00B5
[2592] [M]: 0x0000000080014AF8 (0x00B59593) slli a1, a1, 11
x11 <- 0x000CCCCCCCCCC800
mem[X,0x0000000080014AFC] -> 0x8593
mem[X,0x0000000080014AFE] -> 0x4CC5
[2593] [M]: 0x0000000080014AFC (0x4CC58593) addi a1, a1, 1228
x11 <- 0x000CCCCCCCCCCCCC
mem[X,0x0000000080014B00] -> 0x9593
mem[X,0x0000000080014B02] -> 0x00A5
[2594] [M]: 0x0000000080014B00 (0x00A59593) slli a1, a1, 10
x11 <- 0x3333333333333000
mem[X,0x0000000080014B04] -> 0x8593
mem[X,0x0000000080014B06] -> 0x3325
[2595] [M]: 0x0000000080014B04 (0x33258593) addi a1, a1, 818
x11 <- 0x3333333333333332
mem[X,0x0000000080014B08] -> 0x0113
mem[X,0x0000000080014B0A] -> 0x0000
[2596] [M]: 0x0000000080014B08 (0x00000113) addi sp, zero, 0
x2 <- 0x0000000000000000
mem[X,0x0000000080014B0C] -> 0x006F
mem[X,0x0000000080014B0E] -> 0x00C0
[2597] [M]: 0x0000000080014B0C (0x00C0006F) jal zero, 12
mem[X,0x0000000080014B18] -> 0x1063
mem[X,0x0000000080014B1A] -> 0x40B5
[2598] [M]: 0x0000000080014B18 (0x40B51063) bne a0, a1, 1024
mem[X,0x0000000080014F18] -> 0x0113
mem[X,0x0000000080014F1A] -> 0x0031
[2599] [M]: 0x0000000080014F18 (0x00310113) addi sp, sp, 3
x2 <- 0x0000000000000003
clint::tick mtime <- 0x000000000000001A
 clint timer pending at mtime 0x000000000000001A
htif::tick 0x0000000000000000
mem[X,0x0000000080014F1C] -> 0x006F
mem[X,0x0000000080014F1E] -> 0x0040
[2600] [M]: 0x0000000080014F1C (0x0040006F) jal zero, 4
mem[X,0x0000000080014F20] -> 0xB823
mem[X,0x0000000080014F22] -> 0x5A20
[2601] [M]: 0x0000000080014F20 (0x5A20B823) sd sp, 1456(ra)
mem[0x0000000080045788] <- 0x0000000000000003
mem[X,0x0000000080014F24] -> 0x0513
mem[X,0x0000000080014F26] -> 0x0030
[2602] [M]: 0x0000000080014F24 (0x00300513) addi a0, zero, 3
x10 <- 0x0000000000000003
mem[X,0x0000000080014F28] -> 0x65B7
mem[X,0x0000000080014F2A] -> 0x6666
[2603] [M]: 0x0000000080014F28 (0x666665B7) lui a1, 419430
x11 <- 0x0000000066666000
mem[X,0x0000000080014F2C] -> 0x8593
mem[X,0x0000000080014F2E] -> 0x6665
[2604] [M]: 0x0000000080014F2C (0x66658593) addi a1, a1, 1638
x11 <- 0x0000000066666666
mem[X,0x0000000080014F30] -> 0x9593
mem[X,0x0000000080014F32] -> 0x00B5
[2605] [M]: 0x0000000080014F30 (0x00B59593) slli a1, a1, 11
x11 <- 0x0000033333333000
mem[X,0x0000000080014F34] -> 0x8593
mem[X,0x0000000080014F36] -> 0x3335
[2606] [M]: 0x0000000080014F34 (0x33358593) addi a1, a1, 819
x11 <- 0x0000033333333333
mem[X,0x0000000080014F38] -> 0x9593
mem[X,0x0000000080014F3A] -> 0x00B5
[2607] [M]: 0x0000000080014F38 (0x00B59593) slli a1, a1, 11
x11 <- 0x0019999999999800
mem[X,0x0000000080014F3C] -> 0x8593
mem[X,0x0000000080014F3E] -> 0x1995
[2608] [M]: 0x0000000080014F3C (0x19958593) addi a1, a1, 409
x11 <- 0x0019999999999999
mem[X,0x0000000080014F40] -> 0x9593
mem[X,0x0000000080014F42] -> 0x00A5
[2609] [M]: 0x0000000080014F40 (0x00A59593) slli a1, a1, 10
x11 <- 0x6666666666666400
mem[X,0x0000000080014F44] -> 0x8593
mem[X,0x0000000080014F46] -> 0x2655
[2610] [M]: 0x0000000080014F44 (0x26558593) addi a1, a1, 613
x11 <- 0x6666666666666665
mem[X,0x0000000080014F48] -> 0x0113
mem[X,0x0000000080014F4A] -> 0x0000
[2611] [M]: 0x0000000080014F48 (0x00000113) addi sp, zero, 0
x2 <- 0x0000000000000000
mem[X,0x0000000080014F4C] -> 0x006F
mem[X,0x0000000080014F4E] -> 0x00C0
[2612] [M]: 0x0000000080014F4C (0x00C0006F) jal zero, 12
mem[X,0x0000000080014F58] -> 0x1063
mem[X,0x0000000080014F5A] -> 0x04B5
[2613] [M]: 0x0000000080014F58 (0x04B51063) bne a0, a1, 64
mem[X,0x0000000080014F98] -> 0x0113
mem[X,0x0000000080014F9A] -> 0x0031
[2614] [M]: 0x0000000080014F98 (0x00310113) addi sp, sp, 3
x2 <- 0x0000000000000003
mem[X,0x0000000080014F9C] -> 0x006F
mem[X,0x0000000080014F9E] -> 0x0040
[2615] [M]: 0x0000000080014F9C (0x0040006F) jal zero, 4
mem[X,0x0000000080014FA0] -> 0xBC23
mem[X,0x0000000080014FA2] -> 0x5A20
[2616] [M]: 0x0000000080014FA0 (0x5A20BC23) sd sp, 1464(ra)
mem[0x0000000080045790] <- 0x0000000000000003
mem[X,0x0000000080014FA4] -> 0x0513
mem[X,0x0000000080014FA6] -> 0x0030
[2617] [M]: 0x0000000080014FA4 (0x00300513) addi a0, zero, 3
x10 <- 0x0000000000000003
mem[X,0x0000000080014FA8] -> 0x05B7
mem[X,0x0000000080014FAA] -> 0x0000
[2618] [M]: 0x0000000080014FA8 (0x000005B7) lui a1, 0
x11 <- 0x0000000000000000
mem[X,0x0000000080014FAC] -> 0x8593
mem[X,0x0000000080014FAE] -> 0x0005
[2619] [M]: 0x0000000080014FAC (0x00058593) addi a1, a1, 0
x11 <- 0x0000000000000000
mem[X,0x0000000080014FB0] -> 0x9593
mem[X,0x0000000080014FB2] -> 0x00B5
[2620] [M]: 0x0000000080014FB0 (0x00B59593) slli a1, a1, 11
x11 <- 0x0000000000000000
mem[X,0x0000000080014FB4] -> 0x8593
mem[X,0x0000000080014FB6] -> 0x5A85
[2621] [M]: 0x0000000080014FB4 (0x5A858593) addi a1, a1, 1448
x11 <- 0x00000000000005A8
mem[X,0x0000000080014FB8] -> 0x9593
mem[X,0x0000000080014FBA] -> 0x00B5
[2622] [M]: 0x0000000080014FB8 (0x00B59593) slli a1, a1, 11
x11 <- 0x00000000002D4000
mem[X,0x0000000080014FBC] -> 0x8593
mem[X,0x0000000080014FBE] -> 0x13C5
[2623] [M]: 0x0000000080014FBC (0x13C58593) addi a1, a1, 316
x11 <- 0x00000000002D413C
mem[X,0x0000000080014FC0] -> 0x9593
mem[X,0x0000000080014FC2] -> 0x00A5
[2624] [M]: 0x0000000080014FC0 (0x00A59593) slli a1, a1, 10
x11 <- 0x00000000B504F000
mem[X,0x0000000080014FC4] -> 0x8593
mem[X,0x0000000080014FC6] -> 0x3325
[2625] [M]: 0x0000000080014FC4 (0x33258593) addi a1, a1, 818
x11 <- 0x00000000B504F332
mem[X,0x0000000080014FC8] -> 0x0113
mem[X,0x0000000080014FCA] -> 0x0000
[2626] [M]: 0x0000000080014FC8 (0x00000113) addi sp, zero, 0
x2 <- 0x0000000000000000
mem[X,0x0000000080014FCC] -> 0x006F
mem[X,0x0000000080014FCE] -> 0x0180
[2627] [M]: 0x0000000080014FCC (0x0180006F) jal zero, 24
mem[X,0x0000000080014FE4] -> 0x16E3
mem[X,0x0000000080014FE6] -> 0xFEB5
[2628] [M]: 0x0000000080014FE4 (0xFEB516E3) bne a0, a1, 8172
mem[X,0x0000000080014FD0] -> 0x0113
mem[X,0x0000000080014FD2] -> 0x0011
[2629] [M]: 0x0000000080014FD0 (0x00110113) addi sp, sp, 1
x2 <- 0x0000000000000001
mem[X,0x0000000080014FD4] -> 0x006F
mem[X,0x0000000080014FD6] -> 0x0240
[2630] [M]: 0x0000000080014FD4 (0x0240006F) jal zero, 36
mem[X,0x0000000080014FF8] -> 0xB023
mem[X,0x0000000080014FFA] -> 0x5C20
[2631] [M]: 0x0000000080014FF8 (0x5C20B023) sd sp, 1472(ra)
mem[0x0000000080045798] <- 0x0000000000000001
mem[X,0x0000000080014FFC] -> 0x0513
mem[X,0x0000000080014FFE] -> 0x0030
[2632] [M]: 0x0000000080014FFC (0x00300513) addi a0, zero, 3
x10 <- 0x0000000000000003
mem[X,0x0000000080015000] -> 0x55B7
mem[X,0x0000000080015002] -> 0x5555
[2633] [M]: 0x0000000080015000 (0x555555B7) lui a1, 349525
x11 <- 0x0000000055555000
mem[X,0x0000000080015004] -> 0x8593
mem[X,0x0000000080015006] -> 0x5555
[2634] [M]: 0x0000000080015004 (0x55558593) addi a1, a1, 1365
x11 <- 0x0000000055555555
mem[X,0x0000000080015008] -> 0x9593
mem[X,0x000000008001500A] -> 0x00B5
[2635] [M]: 0x0000000080015008 (0x00B59593) slli a1, a1, 11
x11 <- 0x000002AAAAAAA800
mem[X,0x000000008001500C] -> 0x8593
mem[X,0x000000008001500E] -> 0x2AA5
[2636] [M]: 0x000000008001500C (0x2AA58593) addi a1, a1, 682
x11 <- 0x000002AAAAAAAAAA
mem[X,0x0000000080015010] -> 0x9593
mem[X,0x0000000080015012] -> 0x00B5
[2637] [M]: 0x0000000080015010 (0x00B59593) slli a1, a1, 11
x11 <- 0x0015555555555000
mem[X,0x0000000080015014] -> 0x8593
mem[X,0x0000000080015016] -> 0x5555
[2638] [M]: 0x0000000080015014 (0x55558593) addi a1, a1, 1365
x11 <- 0x0015555555555555
mem[X,0x0000000080015018] -> 0x9593
mem[X,0x000000008001501A] -> 0x00A5
[2639] [M]: 0x0000000080015018 (0x00A59593) slli a1, a1, 10
x11 <- 0x5555555555555400
mem[X,0x000000008001501C] -> 0x8593
mem[X,0x000000008001501E] -> 0x1565
[2640] [M]: 0x000000008001501C (0x15658593) addi a1, a1, 342
x11 <- 0x5555555555555556
mem[X,0x0000000080015020] -> 0x0113
mem[X,0x0000000080015022] -> 0x0000
[2641] [M]: 0x0000000080015020 (0x00000113) addi sp, zero, 0
x2 <- 0x0000000000000000
mem[X,0x0000000080015024] -> 0x006F
mem[X,0x0000000080015026] -> 0x00C0
[2642] [M]: 0x0000000080015024 (0x00C0006F) jal zero, 12
mem[X,0x0000000080015030] -> 0x1663
mem[X,0x0000000080015032] -> 0x00B5
[2643] [M]: 0x0000000080015030 (0x00B51663) bne a0, a1, 12
mem[X,0x000000008001503C] -> 0x0113
mem[X,0x000000008001503E] -> 0x0031
[2644] [M]: 0x000000008001503C (0x00310113) addi sp, sp, 3
x2 <- 0x0000000000000003
mem[X,0x0000000080015040] -> 0x006F
mem[X,0x0000000080015042] -> 0x0040
[2645] [M]: 0x0000000080015040 (0x0040006F) jal zero, 4
mem[X,0x0000000080015044] -> 0xB423
mem[X,0x0000000080015046] -> 0x5C20
[2646] [M]: 0x0000000080015044 (0x5C20B423) sd sp, 1480(ra)
mem[0x00000000800457A0] <- 0x0000000000000003
mem[X,0x0000000080015048] -> 0x0513
mem[X,0x000000008001504A] -> 0x0030
[2647] [M]: 0x0000000080015048 (0x00300513) addi a0, zero, 3
x10 <- 0x0000000000000003
mem[X,0x000000008001504C] -> 0xB5B7
mem[X,0x000000008001504E] -> 0xAAAA
[2648] [M]: 0x000000008001504C (0xAAAAB5B7) lui a1, 699051
x11 <- 0xFFFFFFFFAAAAB000
mem[X,0x0000000080015050] -> 0x8593
mem[X,0x0000000080015052] -> 0xAAA5
[2649] [M]: 0x0000000080015050 (0xAAA58593) addi a1, a1, 2730
x11 <- 0xFFFFFFFFAAAAAAAA
mem[X,0x0000000080015054] -> 0x9593
mem[X,0x0000000080015056] -> 0x00B5
[2650] [M]: 0x0000000080015054 (0x00B59593) slli a1, a1, 11
x11 <- 0xFFFFFD5555555000
mem[X,0x0000000080015058] -> 0x8593
mem[X,0x000000008001505A] -> 0x5555
[2651] [M]: 0x0000000080015058 (0x55558593) addi a1, a1, 1365
x11 <- 0xFFFFFD5555555555
mem[X,0x000000008001505C] -> 0x9593
mem[X,0x000000008001505E] -> 0x00B5
[2652] [M]: 0x000000008001505C (0x00B59593) slli a1, a1, 11
x11 <- 0xFFEAAAAAAAAAA800
mem[X,0x0000000080015060] -> 0x8593
mem[X,0x0000000080015062] -> 0x2AA5
[2653] [M]: 0x0000000080015060 (0x2AA58593) addi a1, a1, 682
x11 <- 0xFFEAAAAAAAAAAAAA
mem[X,0x0000000080015064] -> 0x9593
mem[X,0x0000000080015066] -> 0x00A5
[2654] [M]: 0x0000000080015064 (0x00A59593) slli a1, a1, 10
x11 <- 0xAAAAAAAAAAAAA800
mem[X,0x0000000080015068] -> 0x8593
mem[X,0x000000008001506A] -> 0x2AB5
[2655] [M]: 0x0000000080015068 (0x2AB58593) addi a1, a1, 683
x11 <- 0xAAAAAAAAAAAAAAAB
mem[X,0x000000008001506C] -> 0x0113
mem[X,0x000000008001506E] -> 0x0000
[2656] [M]: 0x000000008001506C (0x00000113) addi sp, zero, 0
x2 <- 0x0000000000000000
mem[X,0x0000000080015070] -> 0x006F
mem[X,0x0000000080015072] -> 0x00C0
[2657] [M]: 0x0000000080015070 (0x00C0006F) jal zero, 12
mem[X,0x000000008001507C] -> 0x1CE3
mem[X,0x000000008001507E] -> 0xFEB5
[2658] [M]: 0x000000008001507C (0xFEB51CE3) bne a0, a1, 8184
mem[X,0x0000000080015074] -> 0x0113
mem[X,0x0000000080015076] -> 0x0011
[2659] [M]: 0x0000000080015074 (0x00110113) addi sp, sp, 1
x2 <- 0x0000000000000001
mem[X,0x0000000080015078] -> 0x006F
mem[X,0x000000008001507A] -> 0x0180
[2660] [M]: 0x0000000080015078 (0x0180006F) jal zero, 24
mem[X,0x0000000080015090] -> 0xB823
mem[X,0x0000000080015092] -> 0x5C20
[2661] [M]: 0x0000000080015090 (0x5C20B823) sd sp, 1488(ra)
mem[0x00000000800457A8] <- 0x0000000000000001
mem[X,0x0000000080015094] -> 0x0513
mem[X,0x0000000080015096] -> 0x0030
[2662] [M]: 0x0000000080015094 (0x00300513) addi a0, zero, 3
x10 <- 0x0000000000000003
mem[X,0x0000000080015098] -> 0x0593
mem[X,0x000000008001509A] -> 0x0060
[2663] [M]: 0x0000000080015098 (0x00600593) addi a1, zero, 6
x11 <- 0x0000000000000006
mem[X,0x000000008001509C] -> 0x0113
mem[X,0x000000008001509E] -> 0x0000
[2664] [M]: 0x000000008001509C (0x00000113) addi sp, zero, 0
x2 <- 0x0000000000000000
mem[X,0x00000000800150A0] -> 0x006F
mem[X,0x00000000800150A2] -> 0x00C0
[2665] [M]: 0x00000000800150A0 (0x00C0006F) jal zero, 12
mem[X,0x00000000800150AC] -> 0x1063
mem[X,0x00000000800150AE] -> 0x02B5
[2666] [M]: 0x00000000800150AC (0x02B51063) bne a0, a1, 32
mem[X,0x00000000800150CC] -> 0x0113
mem[X,0x00000000800150CE] -> 0x0031
[2667] [M]: 0x00000000800150CC (0x00310113) addi sp, sp, 3
x2 <- 0x0000000000000003
mem[X,0x00000000800150D0] -> 0x006F
mem[X,0x00000000800150D2] -> 0x0040
[2668] [M]: 0x00000000800150D0 (0x0040006F) jal zero, 4
mem[X,0x00000000800150D4] -> 0xBC23
mem[X,0x00000000800150D6] -> 0x5C20
[2669] [M]: 0x00000000800150D4 (0x5C20BC23) sd sp, 1496(ra)
mem[0x00000000800457B0] <- 0x0000000000000003
mem[X,0x00000000800150D8] -> 0x0513
mem[X,0x00000000800150DA] -> 0x0030
[2670] [M]: 0x00000000800150D8 (0x00300513) addi a0, zero, 3
x10 <- 0x0000000000000003
mem[X,0x00000000800150DC] -> 0x35B7
mem[X,0x00000000800150DE] -> 0x3333
[2671] [M]: 0x00000000800150DC (0x333335B7) lui a1, 209715
x11 <- 0x0000000033333000
mem[X,0x00000000800150E0] -> 0x8593
mem[X,0x00000000800150E2] -> 0x3335
[2672] [M]: 0x00000000800150E0 (0x33358593) addi a1, a1, 819
x11 <- 0x0000000033333333
mem[X,0x00000000800150E4] -> 0x9593
mem[X,0x00000000800150E6] -> 0x00B5
[2673] [M]: 0x00000000800150E4 (0x00B59593) slli a1, a1, 11
x11 <- 0x0000019999999800
mem[X,0x00000000800150E8] -> 0x8593
mem[X,0x00000000800150EA] -> 0x1995
[2674] [M]: 0x00000000800150E8 (0x19958593) addi a1, a1, 409
x11 <- 0x0000019999999999
mem[X,0x00000000800150EC] -> 0x9593
mem[X,0x00000000800150EE] -> 0x00B5
[2675] [M]: 0x00000000800150EC (0x00B59593) slli a1, a1, 11
x11 <- 0x000CCCCCCCCCC800
mem[X,0x00000000800150F0] -> 0x8593
mem[X,0x00000000800150F2] -> 0x4CC5
[2676] [M]: 0x00000000800150F0 (0x4CC58593) addi a1, a1, 1228
x11 <- 0x000CCCCCCCCCCCCC
mem[X,0x00000000800150F4] -> 0x9593
mem[X,0x00000000800150F6] -> 0x00A5
[2677] [M]: 0x00000000800150F4 (0x00A59593) slli a1, a1, 10
x11 <- 0x3333333333333000
mem[X,0x00000000800150F8] -> 0x8593
mem[X,0x00000000800150FA] -> 0x3345
[2678] [M]: 0x00000000800150F8 (0x33458593) addi a1, a1, 820
x11 <- 0x3333333333333334
mem[X,0x00000000800150FC] -> 0x0113
mem[X,0x00000000800150FE] -> 0x0000
[2679] [M]: 0x00000000800150FC (0x00000113) addi sp, zero, 0
x2 <- 0x0000000000000000
mem[X,0x0000000080015100] -> 0x006F
mem[X,0x0000000080015102] -> 0x00C0
[2680] [M]: 0x0000000080015100 (0x00C0006F) jal zero, 12
mem[X,0x000000008001510C] -> 0x1063
mem[X,0x000000008001510E] -> 0x04B5
[2681] [M]: 0x000000008001510C (0x04B51063) bne a0, a1, 64
mem[X,0x000000008001514C] -> 0x0113
mem[X,0x000000008001514E] -> 0x0031
[2682] [M]: 0x000000008001514C (0x00310113) addi sp, sp, 3
x2 <- 0x0000000000000003
mem[X,0x0000000080015150] -> 0x006F
mem[X,0x0000000080015152] -> 0x0040
[2683] [M]: 0x0000000080015150 (0x0040006F) jal zero, 4
mem[X,0x0000000080015154] -> 0xB023
mem[X,0x0000000080015156] -> 0x5E20
[2684] [M]: 0x0000000080015154 (0x5E20B023) sd sp, 1504(ra)
mem[0x00000000800457B8] <- 0x0000000000000003
mem[X,0x0000000080015158] -> 0x0513
mem[X,0x000000008001515A] -> 0x0030
[2685] [M]: 0x0000000080015158 (0x00300513) addi a0, zero, 3
x10 <- 0x0000000000000003
mem[X,0x000000008001515C] -> 0x65B7
mem[X,0x000000008001515E] -> 0x6666
[2686] [M]: 0x000000008001515C (0x666665B7) lui a1, 419430
x11 <- 0x0000000066666000
mem[X,0x0000000080015160] -> 0x8593
mem[X,0x0000000080015162] -> 0x6665
[2687] [M]: 0x0000000080015160 (0x66658593) addi a1, a1, 1638
x11 <- 0x0000000066666666
mem[X,0x0000000080015164] -> 0x9593
mem[X,0x0000000080015166] -> 0x00B5
[2688] [M]: 0x0000000080015164 (0x00B59593) slli a1, a1, 11
x11 <- 0x0000033333333000
mem[X,0x0000000080015168] -> 0x8593
mem[X,0x000000008001516A] -> 0x3335
[2689] [M]: 0x0000000080015168 (0x33358593) addi a1, a1, 819
x11 <- 0x0000033333333333
mem[X,0x000000008001516C] -> 0x9593
mem[X,0x000000008001516E] -> 0x00B5
[2690] [M]: 0x000000008001516C (0x00B59593) slli a1, a1, 11
x11 <- 0x0019999999999800
mem[X,0x0000000080015170] -> 0x8593
mem[X,0x0000000080015172] -> 0x1995
[2691] [M]: 0x0000000080015170 (0x19958593) addi a1, a1, 409
x11 <- 0x0019999999999999
mem[X,0x0000000080015174] -> 0x9593
mem[X,0x0000000080015176] -> 0x00A5
[2692] [M]: 0x0000000080015174 (0x00A59593) slli a1, a1, 10
x11 <- 0x6666666666666400
mem[X,0x0000000080015178] -> 0x8593
mem[X,0x000000008001517A] -> 0x2675
[2693] [M]: 0x0000000080015178 (0x26758593) addi a1, a1, 615
x11 <- 0x6666666666666667
mem[X,0x000000008001517C] -> 0x0113
mem[X,0x000000008001517E] -> 0x0000
[2694] [M]: 0x000000008001517C (0x00000113) addi sp, zero, 0
x2 <- 0x0000000000000000
mem[X,0x0000000080015180] -> 0x006F
mem[X,0x0000000080015182] -> 0x00C0
[2695] [M]: 0x0000000080015180 (0x00C0006F) jal zero, 12
mem[X,0x000000008001518C] -> 0x1663
mem[X,0x000000008001518E] -> 0x00B5
[2696] [M]: 0x000000008001518C (0x00B51663) bne a0, a1, 12
mem[X,0x0000000080015198] -> 0x0113
mem[X,0x000000008001519A] -> 0x0031
[2697] [M]: 0x0000000080015198 (0x00310113) addi sp, sp, 3
x2 <- 0x0000000000000003
mem[X,0x000000008001519C] -> 0x006F
mem[X,0x000000008001519E] -> 0x0040
[2698] [M]: 0x000000008001519C (0x0040006F) jal zero, 4
mem[X,0x00000000800151A0] -> 0xB423
mem[X,0x00000000800151A2] -> 0x5E20
[2699] [M]: 0x00000000800151A0 (0x5E20B423) sd sp, 1512(ra)
mem[0x00000000800457C0] <- 0x0000000000000003
clint::tick mtime <- 0x000000000000001B
 clint timer pending at mtime 0x000000000000001B
htif::tick 0x0000000000000000
mem[X,0x00000000800151A4] -> 0x0513
mem[X,0x00000000800151A6] -> 0x0030
[2700] [M]: 0x00000000800151A4 (0x00300513) addi a0, zero, 3
x10 <- 0x0000000000000003
mem[X,0x00000000800151A8] -> 0x05B7
mem[X,0x00000000800151AA] -> 0x0000
[2701] [M]: 0x00000000800151A8 (0x000005B7) lui a1, 0
x11 <- 0x0000000000000000
mem[X,0x00000000800151AC] -> 0x8593
mem[X,0x00000000800151AE] -> 0xFFF5
[2702] [M]: 0x00000000800151AC (0xFFF58593) addi a1, a1, 4095
x11 <- 0xFFFFFFFFFFFFFFFF
mem[X,0x00000000800151B0] -> 0x9593
mem[X,0x00000000800151B2] -> 0x00B5
[2703] [M]: 0x00000000800151B0 (0x00B59593) slli a1, a1, 11
x11 <- 0xFFFFFFFFFFFFF800
mem[X,0x00000000800151B4] -> 0x8593
mem[X,0x00000000800151B6] -> 0x2575
[2704] [M]: 0x00000000800151B4 (0x25758593) addi a1, a1, 599
x11 <- 0xFFFFFFFFFFFFFA57
mem[X,0x00000000800151B8] -> 0x9593
mem[X,0x00000000800151BA] -> 0x00B5
[2705] [M]: 0x00000000800151B8 (0x00B59593) slli a1, a1, 11
x11 <- 0xFFFFFFFFFFD2B800
mem[X,0x00000000800151BC] -> 0x8593
mem[X,0x00000000800151BE] -> 0x6C35
[2706] [M]: 0x00000000800151BC (0x6C358593) addi a1, a1, 1731
x11 <- 0xFFFFFFFFFFD2BEC3
mem[X,0x00000000800151C0] -> 0x9593
mem[X,0x00000000800151C2] -> 0x00A5
[2707] [M]: 0x00000000800151C0 (0x00A59593) slli a1, a1, 10
x11 <- 0xFFFFFFFF4AFB0C00
mem[X,0x00000000800151C4] -> 0x8593
mem[X,0x00000000800151C6] -> 0x0CE5
[2708] [M]: 0x00000000800151C4 (0x0CE58593) addi a1, a1, 206
x11 <- 0xFFFFFFFF4AFB0CCE
mem[X,0x00000000800151C8] -> 0x0113
mem[X,0x00000000800151CA] -> 0x0000
[2709] [M]: 0x00000000800151C8 (0x00000113) addi sp, zero, 0
x2 <- 0x0000000000000000
mem[X,0x00000000800151CC] -> 0x006F
mem[X,0x00000000800151CE] -> 0x00C0
[2710] [M]: 0x00000000800151CC (0x00C0006F) jal zero, 12
mem[X,0x00000000800151D8] -> 0x1063
mem[X,0x00000000800151DA] -> 0x10B5
[2711] [M]: 0x00000000800151D8 (0x10B51063) bne a0, a1, 256
mem[X,0x00000000800152D8] -> 0x0113
mem[X,0x00000000800152DA] -> 0x0031
[2712] [M]: 0x00000000800152D8 (0x00310113) addi sp, sp, 3
x2 <- 0x0000000000000003
mem[X,0x00000000800152DC] -> 0x006F
mem[X,0x00000000800152DE] -> 0x0040
[2713] [M]: 0x00000000800152DC (0x0040006F) jal zero, 4
mem[X,0x00000000800152E0] -> 0xB823
mem[X,0x00000000800152E2] -> 0x5E20
[2714] [M]: 0x00000000800152E0 (0x5E20B823) sd sp, 1520(ra)
mem[0x00000000800457C8] <- 0x0000000000000003
mem[X,0x00000000800152E4] -> 0x0513
mem[X,0x00000000800152E6] -> 0x0030
[2715] [M]: 0x00000000800152E4 (0x00300513) addi a0, zero, 3
x10 <- 0x0000000000000003
mem[X,0x00000000800152E8] -> 0x05B7
mem[X,0x00000000800152EA] -> 0x0000
[2716] [M]: 0x00000000800152E8 (0x000005B7) lui a1, 0
x11 <- 0x0000000000000000
mem[X,0x00000000800152EC] -> 0x8593
mem[X,0x00000000800152EE] -> 0x0005
[2717] [M]: 0x00000000800152EC (0x00058593) addi a1, a1, 0
x11 <- 0x0000000000000000
mem[X,0x00000000800152F0] -> 0x9593
mem[X,0x00000000800152F2] -> 0x00B5
[2718] [M]: 0x00000000800152F0 (0x00B59593) slli a1, a1, 11
x11 <- 0x0000000000000000
mem[X,0x00000000800152F4] -> 0x8593
mem[X,0x00000000800152F6] -> 0x5A85
[2719] [M]: 0x00000000800152F4 (0x5A858593) addi a1, a1, 1448
x11 <- 0x00000000000005A8
mem[X,0x00000000800152F8] -> 0x9593
mem[X,0x00000000800152FA] -> 0x00B5
[2720] [M]: 0x00000000800152F8 (0x00B59593) slli a1, a1, 11
x11 <- 0x00000000002D4000
mem[X,0x00000000800152FC] -> 0x8593
mem[X,0x00000000800152FE] -> 0x13C5
[2721] [M]: 0x00000000800152FC (0x13C58593) addi a1, a1, 316
x11 <- 0x00000000002D413C
mem[X,0x0000000080015300] -> 0x9593
mem[X,0x0000000080015302] -> 0x00A5
[2722] [M]: 0x0000000080015300 (0x00A59593) slli a1, a1, 10
x11 <- 0x00000000B504F000
mem[X,0x0000000080015304] -> 0x8593
mem[X,0x0000000080015306] -> 0x3345
[2723] [M]: 0x0000000080015304 (0x33458593) addi a1, a1, 820
x11 <- 0x00000000B504F334
mem[X,0x0000000080015308] -> 0x0113
mem[X,0x000000008001530A] -> 0x0000
[2724] [M]: 0x0000000080015308 (0x00000113) addi sp, zero, 0
x2 <- 0x0000000000000000
mem[X,0x000000008001530C] -> 0x006F
mem[X,0x000000008001530E] -> 0x00C0
[2725] [M]: 0x000000008001530C (0x00C0006F) jal zero, 12
mem[X,0x0000000080015318] -> 0x1863
mem[X,0x000000008001531A] -> 0x00B5
[2726] [M]: 0x0000000080015318 (0x00B51863) bne a0, a1, 16
mem[X,0x0000000080015328] -> 0x0113
mem[X,0x000000008001532A] -> 0x0031
[2727] [M]: 0x0000000080015328 (0x00310113) addi sp, sp, 3
x2 <- 0x0000000000000003
mem[X,0x000000008001532C] -> 0x006F
mem[X,0x000000008001532E] -> 0x0040
[2728] [M]: 0x000000008001532C (0x0040006F) jal zero, 4
mem[X,0x0000000080015330] -> 0xBC23
mem[X,0x0000000080015332] -> 0x5E20
[2729] [M]: 0x0000000080015330 (0x5E20BC23) sd sp, 1528(ra)
mem[0x00000000800457D0] <- 0x0000000000000003
mem[X,0x0000000080015334] -> 0x5537
mem[X,0x0000000080015336] -> 0x5555
[2730] [M]: 0x0000000080015334 (0x55555537) lui a0, 349525
x10 <- 0x0000000055555000
mem[X,0x0000000080015338] -> 0x0513
mem[X,0x000000008001533A] -> 0x5555
[2731] [M]: 0x0000000080015338 (0x55550513) addi a0, a0, 1365
x10 <- 0x0000000055555555
mem[X,0x000000008001533C] -> 0x1513
mem[X,0x000000008001533E] -> 0x00B5
[2732] [M]: 0x000000008001533C (0x00B51513) slli a0, a0, 11
x10 <- 0x000002AAAAAAA800
mem[X,0x0000000080015340] -> 0x0513
mem[X,0x0000000080015342] -> 0x2AA5
[2733] [M]: 0x0000000080015340 (0x2AA50513) addi a0, a0, 682
x10 <- 0x000002AAAAAAAAAA
mem[X,0x0000000080015344] -> 0x1513
mem[X,0x0000000080015346] -> 0x00B5
[2734] [M]: 0x0000000080015344 (0x00B51513) slli a0, a0, 11
x10 <- 0x0015555555555000
mem[X,0x0000000080015348] -> 0x0513
mem[X,0x000000008001534A] -> 0x5555
[2735] [M]: 0x0000000080015348 (0x55550513) addi a0, a0, 1365
x10 <- 0x0015555555555555
mem[X,0x000000008001534C] -> 0x1513
mem[X,0x000000008001534E] -> 0x00A5
[2736] [M]: 0x000000008001534C (0x00A51513) slli a0, a0, 10
x10 <- 0x5555555555555400
mem[X,0x0000000080015350] -> 0x0513
mem[X,0x0000000080015352] -> 0x1555
[2737] [M]: 0x0000000080015350 (0x15550513) addi a0, a0, 341
x10 <- 0x5555555555555555
mem[X,0x0000000080015354] -> 0x0593
mem[X,0x0000000080015356] -> 0x0030
[2738] [M]: 0x0000000080015354 (0x00300593) addi a1, zero, 3
x11 <- 0x0000000000000003
mem[X,0x0000000080015358] -> 0x0113
mem[X,0x000000008001535A] -> 0x0000
[2739] [M]: 0x0000000080015358 (0x00000113) addi sp, zero, 0
x2 <- 0x0000000000000000
mem[X,0x000000008001535C] -> 0x006F
mem[X,0x000000008001535E] -> 0x2B10
[2740] [M]: 0x000000008001535C (0x2B10006F) jal zero, 2736
mem[X,0x0000000080015E0C] -> 0x1A63
mem[X,0x0000000080015E0E] -> 0xD4B5
[2741] [M]: 0x0000000080015E0C (0xD4B51A63) bne a0, a1, 5460
mem[X,0x0000000080015360] -> 0x0113
mem[X,0x0000000080015362] -> 0x0011
[2742] [M]: 0x0000000080015360 (0x00110113) addi sp, sp, 1
x2 <- 0x0000000000000001
mem[X,0x0000000080015364] -> 0x006F
mem[X,0x0000000080015366] -> 0x2BD0
[2743] [M]: 0x0000000080015364 (0x2BD0006F) jal zero, 2748
mem[X,0x0000000080015E20] -> 0xB023
mem[X,0x0000000080015E22] -> 0x6020
[2744] [M]: 0x0000000080015E20 (0x6020B023) sd sp, 1536(ra)
mem[0x00000000800457D8] <- 0x0000000000000001
mem[X,0x0000000080015E24] -> 0x5537
mem[X,0x0000000080015E26] -> 0x5555
[2745] [M]: 0x0000000080015E24 (0x55555537) lui a0, 349525
x10 <- 0x0000000055555000
mem[X,0x0000000080015E28] -> 0x0513
mem[X,0x0000000080015E2A] -> 0x5555
[2746] [M]: 0x0000000080015E28 (0x55550513) addi a0, a0, 1365
x10 <- 0x0000000055555555
mem[X,0x0000000080015E2C] -> 0x1513
mem[X,0x0000000080015E2E] -> 0x00B5
[2747] [M]: 0x0000000080015E2C (0x00B51513) slli a0, a0, 11
x10 <- 0x000002AAAAAAA800
mem[X,0x0000000080015E30] -> 0x0513
mem[X,0x0000000080015E32] -> 0x2AA5
[2748] [M]: 0x0000000080015E30 (0x2AA50513) addi a0, a0, 682
x10 <- 0x000002AAAAAAAAAA
mem[X,0x0000000080015E34] -> 0x1513
mem[X,0x0000000080015E36] -> 0x00B5
[2749] [M]: 0x0000000080015E34 (0x00B51513) slli a0, a0, 11
x10 <- 0x0015555555555000
mem[X,0x0000000080015E38] -> 0x0513
mem[X,0x0000000080015E3A] -> 0x5555
[2750] [M]: 0x0000000080015E38 (0x55550513) addi a0, a0, 1365
x10 <- 0x0015555555555555
mem[X,0x0000000080015E3C] -> 0x1513
mem[X,0x0000000080015E3E] -> 0x00A5
[2751] [M]: 0x0000000080015E3C (0x00A51513) slli a0, a0, 10
x10 <- 0x5555555555555400
mem[X,0x0000000080015E40] -> 0x0513
mem[X,0x0000000080015E42] -> 0x1555
[2752] [M]: 0x0000000080015E40 (0x15550513) addi a0, a0, 341
x10 <- 0x5555555555555555
mem[X,0x0000000080015E44] -> 0x55B7
mem[X,0x0000000080015E46] -> 0x5555
[2753] [M]: 0x0000000080015E44 (0x555555B7) lui a1, 349525
x11 <- 0x0000000055555000
mem[X,0x0000000080015E48] -> 0x8593
mem[X,0x0000000080015E4A] -> 0x5555
[2754] [M]: 0x0000000080015E48 (0x55558593) addi a1, a1, 1365
x11 <- 0x0000000055555555
mem[X,0x0000000080015E4C] -> 0x9593
mem[X,0x0000000080015E4E] -> 0x00B5
[2755] [M]: 0x0000000080015E4C (0x00B59593) slli a1, a1, 11
x11 <- 0x000002AAAAAAA800
mem[X,0x0000000080015E50] -> 0x8593
mem[X,0x0000000080015E52] -> 0x2AA5
[2756] [M]: 0x0000000080015E50 (0x2AA58593) addi a1, a1, 682
x11 <- 0x000002AAAAAAAAAA
mem[X,0x0000000080015E54] -> 0x9593
mem[X,0x0000000080015E56] -> 0x00B5
[2757] [M]: 0x0000000080015E54 (0x00B59593) slli a1, a1, 11
x11 <- 0x0015555555555000
mem[X,0x0000000080015E58] -> 0x8593
mem[X,0x0000000080015E5A] -> 0x5555
[2758] [M]: 0x0000000080015E58 (0x55558593) addi a1, a1, 1365
x11 <- 0x0015555555555555
mem[X,0x0000000080015E5C] -> 0x9593
mem[X,0x0000000080015E5E] -> 0x00A5
[2759] [M]: 0x0000000080015E5C (0x00A59593) slli a1, a1, 10
x11 <- 0x5555555555555400
mem[X,0x0000000080015E60] -> 0x8593
mem[X,0x0000000080015E62] -> 0x1555
[2760] [M]: 0x0000000080015E60 (0x15558593) addi a1, a1, 341
x11 <- 0x5555555555555555
mem[X,0x0000000080015E64] -> 0x0113
mem[X,0x0000000080015E66] -> 0x0000
[2761] [M]: 0x0000000080015E64 (0x00000113) addi sp, zero, 0
x2 <- 0x0000000000000000
mem[X,0x0000000080015E68] -> 0x006F
mem[X,0x0000000080015E6A] -> 0x00C0
[2762] [M]: 0x0000000080015E68 (0x00C0006F) jal zero, 12
mem[X,0x0000000080015E74] -> 0x1063
mem[X,0x0000000080015E76] -> 0x20B5
[2763] [M]: 0x0000000080015E74 (0x20B51063) bne a0, a1, 512
mem[X,0x0000000080015E78] -> 0x0113
mem[X,0x0000000080015E7A] -> 0x0021
[2764] [M]: 0x0000000080015E78 (0x00210113) addi sp, sp, 2
x2 <- 0x0000000000000002
mem[X,0x0000000080015E7C] -> 0x006F
mem[X,0x0000000080015E7E] -> 0x2000
[2765] [M]: 0x0000000080015E7C (0x2000006F) jal zero, 512
mem[X,0x000000008001607C] -> 0xB423
mem[X,0x000000008001607E] -> 0x6020
[2766] [M]: 0x000000008001607C (0x6020B423) sd sp, 1544(ra)
mem[0x00000000800457E0] <- 0x0000000000000002
mem[X,0x0000000080016080] -> 0x5537
mem[X,0x0000000080016082] -> 0x5555
[2767] [M]: 0x0000000080016080 (0x55555537) lui a0, 349525
x10 <- 0x0000000055555000
mem[X,0x0000000080016084] -> 0x0513
mem[X,0x0000000080016086] -> 0x5555
[2768] [M]: 0x0000000080016084 (0x55550513) addi a0, a0, 1365
x10 <- 0x0000000055555555
mem[X,0x0000000080016088] -> 0x1513
mem[X,0x000000008001608A] -> 0x00B5
[2769] [M]: 0x0000000080016088 (0x00B51513) slli a0, a0, 11
x10 <- 0x000002AAAAAAA800
mem[X,0x000000008001608C] -> 0x0513
mem[X,0x000000008001608E] -> 0x2AA5
[2770] [M]: 0x000000008001608C (0x2AA50513) addi a0, a0, 682
x10 <- 0x000002AAAAAAAAAA
mem[X,0x0000000080016090] -> 0x1513
mem[X,0x0000000080016092] -> 0x00B5
[2771] [M]: 0x0000000080016090 (0x00B51513) slli a0, a0, 11
x10 <- 0x0015555555555000
mem[X,0x0000000080016094] -> 0x0513
mem[X,0x0000000080016096] -> 0x5555
[2772] [M]: 0x0000000080016094 (0x55550513) addi a0, a0, 1365
x10 <- 0x0015555555555555
mem[X,0x0000000080016098] -> 0x1513
mem[X,0x000000008001609A] -> 0x00A5
[2773] [M]: 0x0000000080016098 (0x00A51513) slli a0, a0, 10
x10 <- 0x5555555555555400
mem[X,0x000000008001609C] -> 0x0513
mem[X,0x000000008001609E] -> 0x1555
[2774] [M]: 0x000000008001609C (0x15550513) addi a0, a0, 341
x10 <- 0x5555555555555555
mem[X,0x00000000800160A0] -> 0xB5B7
mem[X,0x00000000800160A2] -> 0xAAAA
[2775] [M]: 0x00000000800160A0 (0xAAAAB5B7) lui a1, 699051
x11 <- 0xFFFFFFFFAAAAB000
mem[X,0x00000000800160A4] -> 0x8593
mem[X,0x00000000800160A6] -> 0xAAA5
[2776] [M]: 0x00000000800160A4 (0xAAA58593) addi a1, a1, 2730
x11 <- 0xFFFFFFFFAAAAAAAA
mem[X,0x00000000800160A8] -> 0x9593
mem[X,0x00000000800160AA] -> 0x00B5
[2777] [M]: 0x00000000800160A8 (0x00B59593) slli a1, a1, 11
x11 <- 0xFFFFFD5555555000
mem[X,0x00000000800160AC] -> 0x8593
mem[X,0x00000000800160AE] -> 0x5555
[2778] [M]: 0x00000000800160AC (0x55558593) addi a1, a1, 1365
x11 <- 0xFFFFFD5555555555
mem[X,0x00000000800160B0] -> 0x9593
mem[X,0x00000000800160B2] -> 0x00B5
[2779] [M]: 0x00000000800160B0 (0x00B59593) slli a1, a1, 11
x11 <- 0xFFEAAAAAAAAAA800
mem[X,0x00000000800160B4] -> 0x8593
mem[X,0x00000000800160B6] -> 0x2AA5
[2780] [M]: 0x00000000800160B4 (0x2AA58593) addi a1, a1, 682
x11 <- 0xFFEAAAAAAAAAAAAA
mem[X,0x00000000800160B8] -> 0x9593
mem[X,0x00000000800160BA] -> 0x00A5
[2781] [M]: 0x00000000800160B8 (0x00A59593) slli a1, a1, 10
x11 <- 0xAAAAAAAAAAAAA800
mem[X,0x00000000800160BC] -> 0x8593
mem[X,0x00000000800160BE] -> 0x2AA5
[2782] [M]: 0x00000000800160BC (0x2AA58593) addi a1, a1, 682
x11 <- 0xAAAAAAAAAAAAAAAA
mem[X,0x00000000800160C0] -> 0x0113
mem[X,0x00000000800160C2] -> 0x0000
[2783] [M]: 0x00000000800160C0 (0x00000113) addi sp, zero, 0
x2 <- 0x0000000000000000
mem[X,0x00000000800160C4] -> 0x006F
mem[X,0x00000000800160C6] -> 0x00C0
[2784] [M]: 0x00000000800160C4 (0x00C0006F) jal zero, 12
mem[X,0x00000000800160D0] -> 0x1CE3
mem[X,0x00000000800160D2] -> 0xFEB5
[2785] [M]: 0x00000000800160D0 (0xFEB51CE3) bne a0, a1, 8184
mem[X,0x00000000800160C8] -> 0x0113
mem[X,0x00000000800160CA] -> 0x0011
[2786] [M]: 0x00000000800160C8 (0x00110113) addi sp, sp, 1
x2 <- 0x0000000000000001
mem[X,0x00000000800160CC] -> 0x006F
mem[X,0x00000000800160CE] -> 0x0180
[2787] [M]: 0x00000000800160CC (0x0180006F) jal zero, 24
mem[X,0x00000000800160E4] -> 0xB823
mem[X,0x00000000800160E6] -> 0x6020
[2788] [M]: 0x00000000800160E4 (0x6020B823) sd sp, 1552(ra)
mem[0x00000000800457E8] <- 0x0000000000000001
mem[X,0x00000000800160E8] -> 0x5537
mem[X,0x00000000800160EA] -> 0x5555
[2789] [M]: 0x00000000800160E8 (0x55555537) lui a0, 349525
x10 <- 0x0000000055555000
mem[X,0x00000000800160EC] -> 0x0513
mem[X,0x00000000800160EE] -> 0x5555
[2790] [M]: 0x00000000800160EC (0x55550513) addi a0, a0, 1365
x10 <- 0x0000000055555555
mem[X,0x00000000800160F0] -> 0x1513
mem[X,0x00000000800160F2] -> 0x00B5
[2791] [M]: 0x00000000800160F0 (0x00B51513) slli a0, a0, 11
x10 <- 0x000002AAAAAAA800
mem[X,0x00000000800160F4] -> 0x0513
mem[X,0x00000000800160F6] -> 0x2AA5
[2792] [M]: 0x00000000800160F4 (0x2AA50513) addi a0, a0, 682
x10 <- 0x000002AAAAAAAAAA
mem[X,0x00000000800160F8] -> 0x1513
mem[X,0x00000000800160FA] -> 0x00B5
[2793] [M]: 0x00000000800160F8 (0x00B51513) slli a0, a0, 11
x10 <- 0x0015555555555000
mem[X,0x00000000800160FC] -> 0x0513
mem[X,0x00000000800160FE] -> 0x5555
[2794] [M]: 0x00000000800160FC (0x55550513) addi a0, a0, 1365
x10 <- 0x0015555555555555
mem[X,0x0000000080016100] -> 0x1513
mem[X,0x0000000080016102] -> 0x00A5
[2795] [M]: 0x0000000080016100 (0x00A51513) slli a0, a0, 10
x10 <- 0x5555555555555400
mem[X,0x0000000080016104] -> 0x0513
mem[X,0x0000000080016106] -> 0x1555
[2796] [M]: 0x0000000080016104 (0x15550513) addi a0, a0, 341
x10 <- 0x5555555555555555
mem[X,0x0000000080016108] -> 0x0593
mem[X,0x000000008001610A] -> 0x0050
[2797] [M]: 0x0000000080016108 (0x00500593) addi a1, zero, 5
x11 <- 0x0000000000000005
mem[X,0x000000008001610C] -> 0x0113
mem[X,0x000000008001610E] -> 0x0000
[2798] [M]: 0x000000008001610C (0x00000113) addi sp, zero, 0
x2 <- 0x0000000000000000
mem[X,0x0000000080016110] -> 0x006F
mem[X,0x0000000080016112] -> 0x00C0
[2799] [M]: 0x0000000080016110 (0x00C0006F) jal zero, 12
clint::tick mtime <- 0x000000000000001C
 clint timer pending at mtime 0x000000000000001C
htif::tick 0x0000000000000000
mem[X,0x000000008001611C] -> 0x1063
mem[X,0x000000008001611E] -> 0x40B5
[2800] [M]: 0x000000008001611C (0x40B51063) bne a0, a1, 1024
mem[X,0x000000008001651C] -> 0x0113
mem[X,0x000000008001651E] -> 0x0031
[2801] [M]: 0x000000008001651C (0x00310113) addi sp, sp, 3
x2 <- 0x0000000000000003
mem[X,0x0000000080016520] -> 0x006F
mem[X,0x0000000080016522] -> 0x0040
[2802] [M]: 0x0000000080016520 (0x0040006F) jal zero, 4
mem[X,0x0000000080016524] -> 0xBC23
mem[X,0x0000000080016526] -> 0x6020
[2803] [M]: 0x0000000080016524 (0x6020BC23) sd sp, 1560(ra)
mem[0x00000000800457F0] <- 0x0000000000000003
mem[X,0x0000000080016528] -> 0x5537
mem[X,0x000000008001652A] -> 0x5555
[2804] [M]: 0x0000000080016528 (0x55555537) lui a0, 349525
x10 <- 0x0000000055555000
mem[X,0x000000008001652C] -> 0x0513
mem[X,0x000000008001652E] -> 0x5555
[2805] [M]: 0x000000008001652C (0x55550513) addi a0, a0, 1365
x10 <- 0x0000000055555555
mem[X,0x0000000080016530] -> 0x1513
mem[X,0x0000000080016532] -> 0x00B5
[2806] [M]: 0x0000000080016530 (0x00B51513) slli a0, a0, 11
x10 <- 0x000002AAAAAAA800
mem[X,0x0000000080016534] -> 0x0513
mem[X,0x0000000080016536] -> 0x2AA5
[2807] [M]: 0x0000000080016534 (0x2AA50513) addi a0, a0, 682
x10 <- 0x000002AAAAAAAAAA
mem[X,0x0000000080016538] -> 0x1513
mem[X,0x000000008001653A] -> 0x00B5
[2808] [M]: 0x0000000080016538 (0x00B51513) slli a0, a0, 11
x10 <- 0x0015555555555000
mem[X,0x000000008001653C] -> 0x0513
mem[X,0x000000008001653E] -> 0x5555
[2809] [M]: 0x000000008001653C (0x55550513) addi a0, a0, 1365
x10 <- 0x0015555555555555
mem[X,0x0000000080016540] -> 0x1513
mem[X,0x0000000080016542] -> 0x00A5
[2810] [M]: 0x0000000080016540 (0x00A51513) slli a0, a0, 10
x10 <- 0x5555555555555400
mem[X,0x0000000080016544] -> 0x0513
mem[X,0x0000000080016546] -> 0x1555
[2811] [M]: 0x0000000080016544 (0x15550513) addi a0, a0, 341
x10 <- 0x5555555555555555
mem[X,0x0000000080016548] -> 0x35B7
mem[X,0x000000008001654A] -> 0x3333
[2812] [M]: 0x0000000080016548 (0x333335B7) lui a1, 209715
x11 <- 0x0000000033333000
mem[X,0x000000008001654C] -> 0x8593
mem[X,0x000000008001654E] -> 0x3335
[2813] [M]: 0x000000008001654C (0x33358593) addi a1, a1, 819
x11 <- 0x0000000033333333
mem[X,0x0000000080016550] -> 0x9593
mem[X,0x0000000080016552] -> 0x00B5
[2814] [M]: 0x0000000080016550 (0x00B59593) slli a1, a1, 11
x11 <- 0x0000019999999800
mem[X,0x0000000080016554] -> 0x8593
mem[X,0x0000000080016556] -> 0x1995
[2815] [M]: 0x0000000080016554 (0x19958593) addi a1, a1, 409
x11 <- 0x0000019999999999
mem[X,0x0000000080016558] -> 0x9593
mem[X,0x000000008001655A] -> 0x00B5
[2816] [M]: 0x0000000080016558 (0x00B59593) slli a1, a1, 11
x11 <- 0x000CCCCCCCCCC800
mem[X,0x000000008001655C] -> 0x8593
mem[X,0x000000008001655E] -> 0x4CC5
[2817] [M]: 0x000000008001655C (0x4CC58593) addi a1, a1, 1228
x11 <- 0x000CCCCCCCCCCCCC
mem[X,0x0000000080016560] -> 0x9593
mem[X,0x0000000080016562] -> 0x00A5
[2818] [M]: 0x0000000080016560 (0x00A59593) slli a1, a1, 10
x11 <- 0x3333333333333000
mem[X,0x0000000080016564] -> 0x8593
mem[X,0x0000000080016566] -> 0x3335
[2819] [M]: 0x0000000080016564 (0x33358593) addi a1, a1, 819
x11 <- 0x3333333333333333
mem[X,0x0000000080016568] -> 0x0113
mem[X,0x000000008001656A] -> 0x0000
[2820] [M]: 0x0000000080016568 (0x00000113) addi sp, zero, 0
x2 <- 0x0000000000000000
mem[X,0x000000008001656C] -> 0x006F
mem[X,0x000000008001656E] -> 0x00C0
[2821] [M]: 0x000000008001656C (0x00C0006F) jal zero, 12
mem[X,0x0000000080016578] -> 0x1063
mem[X,0x000000008001657A] -> 0x10B5
[2822] [M]: 0x0000000080016578 (0x10B51063) bne a0, a1, 256
mem[X,0x0000000080016678] -> 0x0113
mem[X,0x000000008001667A] -> 0x0031
[2823] [M]: 0x0000000080016678 (0x00310113) addi sp, sp, 3
x2 <- 0x0000000000000003
mem[X,0x000000008001667C] -> 0x006F
mem[X,0x000000008001667E] -> 0x0040
[2824] [M]: 0x000000008001667C (0x0040006F) jal zero, 4
mem[X,0x0000000080016680] -> 0xB023
mem[X,0x0000000080016682] -> 0x6220
[2825] [M]: 0x0000000080016680 (0x6220B023) sd sp, 1568(ra)
mem[0x00000000800457F8] <- 0x0000000000000003
mem[X,0x0000000080016684] -> 0x5537
mem[X,0x0000000080016686] -> 0x5555
[2826] [M]: 0x0000000080016684 (0x55555537) lui a0, 349525
x10 <- 0x0000000055555000
mem[X,0x0000000080016688] -> 0x0513
mem[X,0x000000008001668A] -> 0x5555
[2827] [M]: 0x0000000080016688 (0x55550513) addi a0, a0, 1365
x10 <- 0x0000000055555555
mem[X,0x000000008001668C] -> 0x1513
mem[X,0x000000008001668E] -> 0x00B5
[2828] [M]: 0x000000008001668C (0x00B51513) slli a0, a0, 11
x10 <- 0x000002AAAAAAA800
mem[X,0x0000000080016690] -> 0x0513
mem[X,0x0000000080016692] -> 0x2AA5
[2829] [M]: 0x0000000080016690 (0x2AA50513) addi a0, a0, 682
x10 <- 0x000002AAAAAAAAAA
mem[X,0x0000000080016694] -> 0x1513
mem[X,0x0000000080016696] -> 0x00B5
[2830] [M]: 0x0000000080016694 (0x00B51513) slli a0, a0, 11
x10 <- 0x0015555555555000
mem[X,0x0000000080016698] -> 0x0513
mem[X,0x000000008001669A] -> 0x5555
[2831] [M]: 0x0000000080016698 (0x55550513) addi a0, a0, 1365
x10 <- 0x0015555555555555
mem[X,0x000000008001669C] -> 0x1513
mem[X,0x000000008001669E] -> 0x00A5
[2832] [M]: 0x000000008001669C (0x00A51513) slli a0, a0, 10
x10 <- 0x5555555555555400
mem[X,0x00000000800166A0] -> 0x0513
mem[X,0x00000000800166A2] -> 0x1555
[2833] [M]: 0x00000000800166A0 (0x15550513) addi a0, a0, 341
x10 <- 0x5555555555555555
mem[X,0x00000000800166A4] -> 0x65B7
mem[X,0x00000000800166A6] -> 0x6666
[2834] [M]: 0x00000000800166A4 (0x666665B7) lui a1, 419430
x11 <- 0x0000000066666000
mem[X,0x00000000800166A8] -> 0x8593
mem[X,0x00000000800166AA] -> 0x6665
[2835] [M]: 0x00000000800166A8 (0x66658593) addi a1, a1, 1638
x11 <- 0x0000000066666666
mem[X,0x00000000800166AC] -> 0x9593
mem[X,0x00000000800166AE] -> 0x00B5
[2836] [M]: 0x00000000800166AC (0x00B59593) slli a1, a1, 11
x11 <- 0x0000033333333000
mem[X,0x00000000800166B0] -> 0x8593
mem[X,0x00000000800166B2] -> 0x3335
[2837] [M]: 0x00000000800166B0 (0x33358593) addi a1, a1, 819
x11 <- 0x0000033333333333
mem[X,0x00000000800166B4] -> 0x9593
mem[X,0x00000000800166B6] -> 0x00B5
[2838] [M]: 0x00000000800166B4 (0x00B59593) slli a1, a1, 11
x11 <- 0x0019999999999800
mem[X,0x00000000800166B8] -> 0x8593
mem[X,0x00000000800166BA] -> 0x1995
[2839] [M]: 0x00000000800166B8 (0x19958593) addi a1, a1, 409
x11 <- 0x0019999999999999
mem[X,0x00000000800166BC] -> 0x9593
mem[X,0x00000000800166BE] -> 0x00A5
[2840] [M]: 0x00000000800166BC (0x00A59593) slli a1, a1, 10
x11 <- 0x6666666666666400
mem[X,0x00000000800166C0] -> 0x8593
mem[X,0x00000000800166C2] -> 0x2665
[2841] [M]: 0x00000000800166C0 (0x26658593) addi a1, a1, 614
x11 <- 0x6666666666666666
mem[X,0x00000000800166C4] -> 0x0113
mem[X,0x00000000800166C6] -> 0x0000
[2842] [M]: 0x00000000800166C4 (0x00000113) addi sp, zero, 0
x2 <- 0x0000000000000000
mem[X,0x00000000800166C8] -> 0x006F
mem[X,0x00000000800166CA] -> 0x00C0
[2843] [M]: 0x00000000800166C8 (0x00C0006F) jal zero, 12
mem[X,0x00000000800166D4] -> 0x1663
mem[X,0x00000000800166D6] -> 0x00B5
[2844] [M]: 0x00000000800166D4 (0x00B51663) bne a0, a1, 12
mem[X,0x00000000800166E0] -> 0x0113
mem[X,0x00000000800166E2] -> 0x0031
[2845] [M]: 0x00000000800166E0 (0x00310113) addi sp, sp, 3
x2 <- 0x0000000000000003
mem[X,0x00000000800166E4] -> 0x006F
mem[X,0x00000000800166E6] -> 0x0040
[2846] [M]: 0x00000000800166E4 (0x0040006F) jal zero, 4
mem[X,0x00000000800166E8] -> 0xB423
mem[X,0x00000000800166EA] -> 0x6220
[2847] [M]: 0x00000000800166E8 (0x6220B423) sd sp, 1576(ra)
mem[0x0000000080045800] <- 0x0000000000000003
mem[X,0x00000000800166EC] -> 0x5537
mem[X,0x00000000800166EE] -> 0x5555
[2848] [M]: 0x00000000800166EC (0x55555537) lui a0, 349525
x10 <- 0x0000000055555000
mem[X,0x00000000800166F0] -> 0x0513
mem[X,0x00000000800166F2] -> 0x5555
[2849] [M]: 0x00000000800166F0 (0x55550513) addi a0, a0, 1365
x10 <- 0x0000000055555555
mem[X,0x00000000800166F4] -> 0x1513
mem[X,0x00000000800166F6] -> 0x00B5
[2850] [M]: 0x00000000800166F4 (0x00B51513) slli a0, a0, 11
x10 <- 0x000002AAAAAAA800
mem[X,0x00000000800166F8] -> 0x0513
mem[X,0x00000000800166FA] -> 0x2AA5
[2851] [M]: 0x00000000800166F8 (0x2AA50513) addi a0, a0, 682
x10 <- 0x000002AAAAAAAAAA
mem[X,0x00000000800166FC] -> 0x1513
mem[X,0x00000000800166FE] -> 0x00B5
[2852] [M]: 0x00000000800166FC (0x00B51513) slli a0, a0, 11
x10 <- 0x0015555555555000
mem[X,0x0000000080016700] -> 0x0513
mem[X,0x0000000080016702] -> 0x5555
[2853] [M]: 0x0000000080016700 (0x55550513) addi a0, a0, 1365
x10 <- 0x0015555555555555
mem[X,0x0000000080016704] -> 0x1513
mem[X,0x0000000080016706] -> 0x00A5
[2854] [M]: 0x0000000080016704 (0x00A51513) slli a0, a0, 10
x10 <- 0x5555555555555400
mem[X,0x0000000080016708] -> 0x0513
mem[X,0x000000008001670A] -> 0x1555
[2855] [M]: 0x0000000080016708 (0x15550513) addi a0, a0, 341
x10 <- 0x5555555555555555
mem[X,0x000000008001670C] -> 0x05B7
mem[X,0x000000008001670E] -> 0x0000
[2856] [M]: 0x000000008001670C (0x000005B7) lui a1, 0
x11 <- 0x0000000000000000
mem[X,0x0000000080016710] -> 0x8593
mem[X,0x0000000080016712] -> 0xFFF5
[2857] [M]: 0x0000000080016710 (0xFFF58593) addi a1, a1, 4095
x11 <- 0xFFFFFFFFFFFFFFFF
mem[X,0x0000000080016714] -> 0x9593
mem[X,0x0000000080016716] -> 0x00B5
[2858] [M]: 0x0000000080016714 (0x00B59593) slli a1, a1, 11
x11 <- 0xFFFFFFFFFFFFF800
mem[X,0x0000000080016718] -> 0x8593
mem[X,0x000000008001671A] -> 0x2575
[2859] [M]: 0x0000000080016718 (0x25758593) addi a1, a1, 599
x11 <- 0xFFFFFFFFFFFFFA57
mem[X,0x000000008001671C] -> 0x9593
mem[X,0x000000008001671E] -> 0x00B5
[2860] [M]: 0x000000008001671C (0x00B59593) slli a1, a1, 11
x11 <- 0xFFFFFFFFFFD2B800
mem[X,0x0000000080016720] -> 0x8593
mem[X,0x0000000080016722] -> 0x6C35
[2861] [M]: 0x0000000080016720 (0x6C358593) addi a1, a1, 1731
x11 <- 0xFFFFFFFFFFD2BEC3
mem[X,0x0000000080016724] -> 0x9593
mem[X,0x0000000080016726] -> 0x00A5
[2862] [M]: 0x0000000080016724 (0x00A59593) slli a1, a1, 10
x11 <- 0xFFFFFFFF4AFB0C00
mem[X,0x0000000080016728] -> 0x8593
mem[X,0x000000008001672A] -> 0x0CD5
[2863] [M]: 0x0000000080016728 (0x0CD58593) addi a1, a1, 205
x11 <- 0xFFFFFFFF4AFB0CCD
mem[X,0x000000008001672C] -> 0x0113
mem[X,0x000000008001672E] -> 0x0000
[2864] [M]: 0x000000008001672C (0x00000113) addi sp, zero, 0
x2 <- 0x0000000000000000
mem[X,0x0000000080016730] -> 0x006F
mem[X,0x0000000080016732] -> 0x00C0
[2865] [M]: 0x0000000080016730 (0x00C0006F) jal zero, 12
mem[X,0x000000008001673C] -> 0x1063
mem[X,0x000000008001673E] -> 0x04B5
[2866] [M]: 0x000000008001673C (0x04B51063) bne a0, a1, 64
mem[X,0x000000008001677C] -> 0x0113
mem[X,0x000000008001677E] -> 0x0031
[2867] [M]: 0x000000008001677C (0x00310113) addi sp, sp, 3
x2 <- 0x0000000000000003
mem[X,0x0000000080016780] -> 0x006F
mem[X,0x0000000080016782] -> 0x0040
[2868] [M]: 0x0000000080016780 (0x0040006F) jal zero, 4
mem[X,0x0000000080016784] -> 0xB823
mem[X,0x0000000080016786] -> 0x6220
[2869] [M]: 0x0000000080016784 (0x6220B823) sd sp, 1584(ra)
mem[0x0000000080045808] <- 0x0000000000000003
mem[X,0x0000000080016788] -> 0x5537
mem[X,0x000000008001678A] -> 0x5555
[2870] [M]: 0x0000000080016788 (0x55555537) lui a0, 349525
x10 <- 0x0000000055555000
mem[X,0x000000008001678C] -> 0x0513
mem[X,0x000000008001678E] -> 0x5555
[2871] [M]: 0x000000008001678C (0x55550513) addi a0, a0, 1365
x10 <- 0x0000000055555555
mem[X,0x0000000080016790] -> 0x1513
mem[X,0x0000000080016792] -> 0x00B5
[2872] [M]: 0x0000000080016790 (0x00B51513) slli a0, a0, 11
x10 <- 0x000002AAAAAAA800
mem[X,0x0000000080016794] -> 0x0513
mem[X,0x0000000080016796] -> 0x2AA5
[2873] [M]: 0x0000000080016794 (0x2AA50513) addi a0, a0, 682
x10 <- 0x000002AAAAAAAAAA
mem[X,0x0000000080016798] -> 0x1513
mem[X,0x000000008001679A] -> 0x00B5
[2874] [M]: 0x0000000080016798 (0x00B51513) slli a0, a0, 11
x10 <- 0x0015555555555000
mem[X,0x000000008001679C] -> 0x0513
mem[X,0x000000008001679E] -> 0x5555
[2875] [M]: 0x000000008001679C (0x55550513) addi a0, a0, 1365
x10 <- 0x0015555555555555
mem[X,0x00000000800167A0] -> 0x1513
mem[X,0x00000000800167A2] -> 0x00A5
[2876] [M]: 0x00000000800167A0 (0x00A51513) slli a0, a0, 10
x10 <- 0x5555555555555400
mem[X,0x00000000800167A4] -> 0x0513
mem[X,0x00000000800167A6] -> 0x1555
[2877] [M]: 0x00000000800167A4 (0x15550513) addi a0, a0, 341
x10 <- 0x5555555555555555
mem[X,0x00000000800167A8] -> 0x05B7
mem[X,0x00000000800167AA] -> 0x0000
[2878] [M]: 0x00000000800167A8 (0x000005B7) lui a1, 0
x11 <- 0x0000000000000000
mem[X,0x00000000800167AC] -> 0x8593
mem[X,0x00000000800167AE] -> 0x0005
[2879] [M]: 0x00000000800167AC (0x00058593) addi a1, a1, 0
x11 <- 0x0000000000000000
mem[X,0x00000000800167B0] -> 0x9593
mem[X,0x00000000800167B2] -> 0x00B5
[2880] [M]: 0x00000000800167B0 (0x00B59593) slli a1, a1, 11
x11 <- 0x0000000000000000
mem[X,0x00000000800167B4] -> 0x8593
mem[X,0x00000000800167B6] -> 0x5A85
[2881] [M]: 0x00000000800167B4 (0x5A858593) addi a1, a1, 1448
x11 <- 0x00000000000005A8
mem[X,0x00000000800167B8] -> 0x9593
mem[X,0x00000000800167BA] -> 0x00B5
[2882] [M]: 0x00000000800167B8 (0x00B59593) slli a1, a1, 11
x11 <- 0x00000000002D4000
mem[X,0x00000000800167BC] -> 0x8593
mem[X,0x00000000800167BE] -> 0x13C5
[2883] [M]: 0x00000000800167BC (0x13C58593) addi a1, a1, 316
x11 <- 0x00000000002D413C
mem[X,0x00000000800167C0] -> 0x9593
mem[X,0x00000000800167C2] -> 0x00A5
[2884] [M]: 0x00000000800167C0 (0x00A59593) slli a1, a1, 10
x11 <- 0x00000000B504F000
mem[X,0x00000000800167C4] -> 0x8593
mem[X,0x00000000800167C6] -> 0x3335
[2885] [M]: 0x00000000800167C4 (0x33358593) addi a1, a1, 819
x11 <- 0x00000000B504F333
mem[X,0x00000000800167C8] -> 0x0113
mem[X,0x00000000800167CA] -> 0x0000
[2886] [M]: 0x00000000800167C8 (0x00000113) addi sp, zero, 0
x2 <- 0x0000000000000000
mem[X,0x00000000800167CC] -> 0x006F
mem[X,0x00000000800167CE] -> 0x00C0
[2887] [M]: 0x00000000800167CC (0x00C0006F) jal zero, 12
mem[X,0x00000000800167D8] -> 0x1663
mem[X,0x00000000800167DA] -> 0x00B5
[2888] [M]: 0x00000000800167D8 (0x00B51663) bne a0, a1, 12
mem[X,0x00000000800167E4] -> 0x0113
mem[X,0x00000000800167E6] -> 0x0031
[2889] [M]: 0x00000000800167E4 (0x00310113) addi sp, sp, 3
x2 <- 0x0000000000000003
mem[X,0x00000000800167E8] -> 0x006F
mem[X,0x00000000800167EA] -> 0x0040
[2890] [M]: 0x00000000800167E8 (0x0040006F) jal zero, 4
mem[X,0x00000000800167EC] -> 0xBC23
mem[X,0x00000000800167EE] -> 0x6220
[2891] [M]: 0x00000000800167EC (0x6220BC23) sd sp, 1592(ra)
mem[0x0000000080045810] <- 0x0000000000000003
mem[X,0x00000000800167F0] -> 0x5537
mem[X,0x00000000800167F2] -> 0x5555
[2892] [M]: 0x00000000800167F0 (0x55555537) lui a0, 349525
x10 <- 0x0000000055555000
mem[X,0x00000000800167F4] -> 0x0513
mem[X,0x00000000800167F6] -> 0x5555
[2893] [M]: 0x00000000800167F4 (0x55550513) addi a0, a0, 1365
x10 <- 0x0000000055555555
mem[X,0x00000000800167F8] -> 0x1513
mem[X,0x00000000800167FA] -> 0x00B5
[2894] [M]: 0x00000000800167F8 (0x00B51513) slli a0, a0, 11
x10 <- 0x000002AAAAAAA800
mem[X,0x00000000800167FC] -> 0x0513
mem[X,0x00000000800167FE] -> 0x2AA5
[2895] [M]: 0x00000000800167FC (0x2AA50513) addi a0, a0, 682
x10 <- 0x000002AAAAAAAAAA
mem[X,0x0000000080016800] -> 0x1513
mem[X,0x0000000080016802] -> 0x00B5
[2896] [M]: 0x0000000080016800 (0x00B51513) slli a0, a0, 11
x10 <- 0x0015555555555000
mem[X,0x0000000080016804] -> 0x0513
mem[X,0x0000000080016806] -> 0x5555
[2897] [M]: 0x0000000080016804 (0x55550513) addi a0, a0, 1365
x10 <- 0x0015555555555555
mem[X,0x0000000080016808] -> 0x1513
mem[X,0x000000008001680A] -> 0x00A5
[2898] [M]: 0x0000000080016808 (0x00A51513) slli a0, a0, 10
x10 <- 0x5555555555555400
mem[X,0x000000008001680C] -> 0x0513
mem[X,0x000000008001680E] -> 0x1555
[2899] [M]: 0x000000008001680C (0x15550513) addi a0, a0, 341
x10 <- 0x5555555555555555
clint::tick mtime <- 0x000000000000001D
 clint timer pending at mtime 0x000000000000001D
htif::tick 0x0000000000000000
mem[X,0x0000000080016810] -> 0x0593
mem[X,0x0000000080016812] -> 0x0020
[2900] [M]: 0x0000000080016810 (0x00200593) addi a1, zero, 2
x11 <- 0x0000000000000002
mem[X,0x0000000080016814] -> 0x0113
mem[X,0x0000000080016816] -> 0x0000
[2901] [M]: 0x0000000080016814 (0x00000113) addi sp, zero, 0
x2 <- 0x0000000000000000
mem[X,0x0000000080016818] -> 0x006F
mem[X,0x000000008001681A] -> 0x00C0
[2902] [M]: 0x0000000080016818 (0x00C0006F) jal zero, 12
mem[X,0x0000000080016824] -> 0x1863
mem[X,0x0000000080016826] -> 0x00B5
[2903] [M]: 0x0000000080016824 (0x00B51863) bne a0, a1, 16
mem[X,0x0000000080016834] -> 0x0113
mem[X,0x0000000080016836] -> 0x0031
[2904] [M]: 0x0000000080016834 (0x00310113) addi sp, sp, 3
x2 <- 0x0000000000000003
mem[X,0x0000000080016838] -> 0x006F
mem[X,0x000000008001683A] -> 0x0040
[2905] [M]: 0x0000000080016838 (0x0040006F) jal zero, 4
mem[X,0x000000008001683C] -> 0xB023
mem[X,0x000000008001683E] -> 0x6420
[2906] [M]: 0x000000008001683C (0x6420B023) sd sp, 1600(ra)
mem[0x0000000080045818] <- 0x0000000000000003
mem[X,0x0000000080016840] -> 0x5537
mem[X,0x0000000080016842] -> 0x5555
[2907] [M]: 0x0000000080016840 (0x55555537) lui a0, 349525
x10 <- 0x0000000055555000
mem[X,0x0000000080016844] -> 0x0513
mem[X,0x0000000080016846] -> 0x5555
[2908] [M]: 0x0000000080016844 (0x55550513) addi a0, a0, 1365
x10 <- 0x0000000055555555
mem[X,0x0000000080016848] -> 0x1513
mem[X,0x000000008001684A] -> 0x00B5
[2909] [M]: 0x0000000080016848 (0x00B51513) slli a0, a0, 11
x10 <- 0x000002AAAAAAA800
mem[X,0x000000008001684C] -> 0x0513
mem[X,0x000000008001684E] -> 0x2AA5
[2910] [M]: 0x000000008001684C (0x2AA50513) addi a0, a0, 682
x10 <- 0x000002AAAAAAAAAA
mem[X,0x0000000080016850] -> 0x1513
mem[X,0x0000000080016852] -> 0x00B5
[2911] [M]: 0x0000000080016850 (0x00B51513) slli a0, a0, 11
x10 <- 0x0015555555555000
mem[X,0x0000000080016854] -> 0x0513
mem[X,0x0000000080016856] -> 0x5555
[2912] [M]: 0x0000000080016854 (0x55550513) addi a0, a0, 1365
x10 <- 0x0015555555555555
mem[X,0x0000000080016858] -> 0x1513
mem[X,0x000000008001685A] -> 0x00A5
[2913] [M]: 0x0000000080016858 (0x00A51513) slli a0, a0, 10
x10 <- 0x5555555555555400
mem[X,0x000000008001685C] -> 0x0513
mem[X,0x000000008001685E] -> 0x1555
[2914] [M]: 0x000000008001685C (0x15550513) addi a0, a0, 341
x10 <- 0x5555555555555555
mem[X,0x0000000080016860] -> 0x55B7
mem[X,0x0000000080016862] -> 0x5555
[2915] [M]: 0x0000000080016860 (0x555555B7) lui a1, 349525
x11 <- 0x0000000055555000
mem[X,0x0000000080016864] -> 0x8593
mem[X,0x0000000080016866] -> 0x5555
[2916] [M]: 0x0000000080016864 (0x55558593) addi a1, a1, 1365
x11 <- 0x0000000055555555
mem[X,0x0000000080016868] -> 0x9593
mem[X,0x000000008001686A] -> 0x00B5
[2917] [M]: 0x0000000080016868 (0x00B59593) slli a1, a1, 11
x11 <- 0x000002AAAAAAA800
mem[X,0x000000008001686C] -> 0x8593
mem[X,0x000000008001686E] -> 0x2AA5
[2918] [M]: 0x000000008001686C (0x2AA58593) addi a1, a1, 682
x11 <- 0x000002AAAAAAAAAA
mem[X,0x0000000080016870] -> 0x9593
mem[X,0x0000000080016872] -> 0x00B5
[2919] [M]: 0x0000000080016870 (0x00B59593) slli a1, a1, 11
x11 <- 0x0015555555555000
mem[X,0x0000000080016874] -> 0x8593
mem[X,0x0000000080016876] -> 0x5555
[2920] [M]: 0x0000000080016874 (0x55558593) addi a1, a1, 1365
x11 <- 0x0015555555555555
mem[X,0x0000000080016878] -> 0x9593
mem[X,0x000000008001687A] -> 0x00A5
[2921] [M]: 0x0000000080016878 (0x00A59593) slli a1, a1, 10
x11 <- 0x5555555555555400
mem[X,0x000000008001687C] -> 0x8593
mem[X,0x000000008001687E] -> 0x1545
[2922] [M]: 0x000000008001687C (0x15458593) addi a1, a1, 340
x11 <- 0x5555555555555554
mem[X,0x0000000080016880] -> 0x0113
mem[X,0x0000000080016882] -> 0x0000
[2923] [M]: 0x0000000080016880 (0x00000113) addi sp, zero, 0
x2 <- 0x0000000000000000
mem[X,0x0000000080016884] -> 0x006F
mem[X,0x0000000080016886] -> 0x00C0
[2924] [M]: 0x0000000080016884 (0x00C0006F) jal zero, 12
mem[X,0x0000000080016890] -> 0x1663
mem[X,0x0000000080016892] -> 0x00B5
[2925] [M]: 0x0000000080016890 (0x00B51663) bne a0, a1, 12
mem[X,0x000000008001689C] -> 0x0113
mem[X,0x000000008001689E] -> 0x0031
[2926] [M]: 0x000000008001689C (0x00310113) addi sp, sp, 3
x2 <- 0x0000000000000003
mem[X,0x00000000800168A0] -> 0x006F
mem[X,0x00000000800168A2] -> 0x0040
[2927] [M]: 0x00000000800168A0 (0x0040006F) jal zero, 4
mem[X,0x00000000800168A4] -> 0xB423
mem[X,0x00000000800168A6] -> 0x6420
[2928] [M]: 0x00000000800168A4 (0x6420B423) sd sp, 1608(ra)
mem[0x0000000080045820] <- 0x0000000000000003
mem[X,0x00000000800168A8] -> 0x5537
mem[X,0x00000000800168AA] -> 0x5555
[2929] [M]: 0x00000000800168A8 (0x55555537) lui a0, 349525
x10 <- 0x0000000055555000
mem[X,0x00000000800168AC] -> 0x0513
mem[X,0x00000000800168AE] -> 0x5555
[2930] [M]: 0x00000000800168AC (0x55550513) addi a0, a0, 1365
x10 <- 0x0000000055555555
mem[X,0x00000000800168B0] -> 0x1513
mem[X,0x00000000800168B2] -> 0x00B5
[2931] [M]: 0x00000000800168B0 (0x00B51513) slli a0, a0, 11
x10 <- 0x000002AAAAAAA800
mem[X,0x00000000800168B4] -> 0x0513
mem[X,0x00000000800168B6] -> 0x2AA5
[2932] [M]: 0x00000000800168B4 (0x2AA50513) addi a0, a0, 682
x10 <- 0x000002AAAAAAAAAA
mem[X,0x00000000800168B8] -> 0x1513
mem[X,0x00000000800168BA] -> 0x00B5
[2933] [M]: 0x00000000800168B8 (0x00B51513) slli a0, a0, 11
x10 <- 0x0015555555555000
mem[X,0x00000000800168BC] -> 0x0513
mem[X,0x00000000800168BE] -> 0x5555
[2934] [M]: 0x00000000800168BC (0x55550513) addi a0, a0, 1365
x10 <- 0x0015555555555555
mem[X,0x00000000800168C0] -> 0x1513
mem[X,0x00000000800168C2] -> 0x00A5
[2935] [M]: 0x00000000800168C0 (0x00A51513) slli a0, a0, 10
x10 <- 0x5555555555555400
mem[X,0x00000000800168C4] -> 0x0513
mem[X,0x00000000800168C6] -> 0x1555
[2936] [M]: 0x00000000800168C4 (0x15550513) addi a0, a0, 341
x10 <- 0x5555555555555555
mem[X,0x00000000800168C8] -> 0x0593
mem[X,0x00000000800168CA] -> 0x0000
[2937] [M]: 0x00000000800168C8 (0x00000593) addi a1, zero, 0
x11 <- 0x0000000000000000
mem[X,0x00000000800168CC] -> 0x0113
mem[X,0x00000000800168CE] -> 0x0000
[2938] [M]: 0x00000000800168CC (0x00000113) addi sp, zero, 0
x2 <- 0x0000000000000000
mem[X,0x00000000800168D0] -> 0x006F
mem[X,0x00000000800168D2] -> 0x00C0
[2939] [M]: 0x00000000800168D0 (0x00C0006F) jal zero, 12
mem[X,0x00000000800168DC] -> 0x1663
mem[X,0x00000000800168DE] -> 0x00B5
[2940] [M]: 0x00000000800168DC (0x00B51663) bne a0, a1, 12
mem[X,0x00000000800168E8] -> 0x0113
mem[X,0x00000000800168EA] -> 0x0031
[2941] [M]: 0x00000000800168E8 (0x00310113) addi sp, sp, 3
x2 <- 0x0000000000000003
mem[X,0x00000000800168EC] -> 0x006F
mem[X,0x00000000800168EE] -> 0x0040
[2942] [M]: 0x00000000800168EC (0x0040006F) jal zero, 4
mem[X,0x00000000800168F0] -> 0xB823
mem[X,0x00000000800168F2] -> 0x6420
[2943] [M]: 0x00000000800168F0 (0x6420B823) sd sp, 1616(ra)
mem[0x0000000080045828] <- 0x0000000000000003
mem[X,0x00000000800168F4] -> 0x5537
mem[X,0x00000000800168F6] -> 0x5555
[2944] [M]: 0x00000000800168F4 (0x55555537) lui a0, 349525
x10 <- 0x0000000055555000
mem[X,0x00000000800168F8] -> 0x0513
mem[X,0x00000000800168FA] -> 0x5555
[2945] [M]: 0x00000000800168F8 (0x55550513) addi a0, a0, 1365
x10 <- 0x0000000055555555
mem[X,0x00000000800168FC] -> 0x1513
mem[X,0x00000000800168FE] -> 0x00B5
[2946] [M]: 0x00000000800168FC (0x00B51513) slli a0, a0, 11
x10 <- 0x000002AAAAAAA800
mem[X,0x0000000080016900] -> 0x0513
mem[X,0x0000000080016902] -> 0x2AA5
[2947] [M]: 0x0000000080016900 (0x2AA50513) addi a0, a0, 682
x10 <- 0x000002AAAAAAAAAA
mem[X,0x0000000080016904] -> 0x1513
mem[X,0x0000000080016906] -> 0x00B5
[2948] [M]: 0x0000000080016904 (0x00B51513) slli a0, a0, 11
x10 <- 0x0015555555555000
mem[X,0x0000000080016908] -> 0x0513
mem[X,0x000000008001690A] -> 0x5555
[2949] [M]: 0x0000000080016908 (0x55550513) addi a0, a0, 1365
x10 <- 0x0015555555555555
mem[X,0x000000008001690C] -> 0x1513
mem[X,0x000000008001690E] -> 0x00A5
[2950] [M]: 0x000000008001690C (0x00A51513) slli a0, a0, 10
x10 <- 0x5555555555555400
mem[X,0x0000000080016910] -> 0x0513
mem[X,0x0000000080016912] -> 0x1555
[2951] [M]: 0x0000000080016910 (0x15550513) addi a0, a0, 341
x10 <- 0x5555555555555555
mem[X,0x0000000080016914] -> 0x0593
mem[X,0x0000000080016916] -> 0x0040
[2952] [M]: 0x0000000080016914 (0x00400593) addi a1, zero, 4
x11 <- 0x0000000000000004
mem[X,0x0000000080016918] -> 0x0113
mem[X,0x000000008001691A] -> 0x0000
[2953] [M]: 0x0000000080016918 (0x00000113) addi sp, zero, 0
x2 <- 0x0000000000000000
mem[X,0x000000008001691C] -> 0x006F
mem[X,0x000000008001691E] -> 0x00C0
[2954] [M]: 0x000000008001691C (0x00C0006F) jal zero, 12
mem[X,0x0000000080016928] -> 0x1663
mem[X,0x000000008001692A] -> 0x00B5
[2955] [M]: 0x0000000080016928 (0x00B51663) bne a0, a1, 12
mem[X,0x0000000080016934] -> 0x0113
mem[X,0x0000000080016936] -> 0x0031
[2956] [M]: 0x0000000080016934 (0x00310113) addi sp, sp, 3
x2 <- 0x0000000000000003
mem[X,0x0000000080016938] -> 0x006F
mem[X,0x000000008001693A] -> 0x0040
[2957] [M]: 0x0000000080016938 (0x0040006F) jal zero, 4
mem[X,0x000000008001693C] -> 0xBC23
mem[X,0x000000008001693E] -> 0x6420
[2958] [M]: 0x000000008001693C (0x6420BC23) sd sp, 1624(ra)
mem[0x0000000080045830] <- 0x0000000000000003
mem[X,0x0000000080016940] -> 0x5537
mem[X,0x0000000080016942] -> 0x5555
[2959] [M]: 0x0000000080016940 (0x55555537) lui a0, 349525
x10 <- 0x0000000055555000
mem[X,0x0000000080016944] -> 0x0513
mem[X,0x0000000080016946] -> 0x5555
[2960] [M]: 0x0000000080016944 (0x55550513) addi a0, a0, 1365
x10 <- 0x0000000055555555
mem[X,0x0000000080016948] -> 0x1513
mem[X,0x000000008001694A] -> 0x00B5
[2961] [M]: 0x0000000080016948 (0x00B51513) slli a0, a0, 11
x10 <- 0x000002AAAAAAA800
mem[X,0x000000008001694C] -> 0x0513
mem[X,0x000000008001694E] -> 0x2AA5
[2962] [M]: 0x000000008001694C (0x2AA50513) addi a0, a0, 682
x10 <- 0x000002AAAAAAAAAA
mem[X,0x0000000080016950] -> 0x1513
mem[X,0x0000000080016952] -> 0x00B5
[2963] [M]: 0x0000000080016950 (0x00B51513) slli a0, a0, 11
x10 <- 0x0015555555555000
mem[X,0x0000000080016954] -> 0x0513
mem[X,0x0000000080016956] -> 0x5555
[2964] [M]: 0x0000000080016954 (0x55550513) addi a0, a0, 1365
x10 <- 0x0015555555555555
mem[X,0x0000000080016958] -> 0x1513
mem[X,0x000000008001695A] -> 0x00A5
[2965] [M]: 0x0000000080016958 (0x00A51513) slli a0, a0, 10
x10 <- 0x5555555555555400
mem[X,0x000000008001695C] -> 0x0513
mem[X,0x000000008001695E] -> 0x1555
[2966] [M]: 0x000000008001695C (0x15550513) addi a0, a0, 341
x10 <- 0x5555555555555555
mem[X,0x0000000080016960] -> 0x35B7
mem[X,0x0000000080016962] -> 0x3333
[2967] [M]: 0x0000000080016960 (0x333335B7) lui a1, 209715
x11 <- 0x0000000033333000
mem[X,0x0000000080016964] -> 0x8593
mem[X,0x0000000080016966] -> 0x3335
[2968] [M]: 0x0000000080016964 (0x33358593) addi a1, a1, 819
x11 <- 0x0000000033333333
mem[X,0x0000000080016968] -> 0x9593
mem[X,0x000000008001696A] -> 0x00B5
[2969] [M]: 0x0000000080016968 (0x00B59593) slli a1, a1, 11
x11 <- 0x0000019999999800
mem[X,0x000000008001696C] -> 0x8593
mem[X,0x000000008001696E] -> 0x1995
[2970] [M]: 0x000000008001696C (0x19958593) addi a1, a1, 409
x11 <- 0x0000019999999999
mem[X,0x0000000080016970] -> 0x9593
mem[X,0x0000000080016972] -> 0x00B5
[2971] [M]: 0x0000000080016970 (0x00B59593) slli a1, a1, 11
x11 <- 0x000CCCCCCCCCC800
mem[X,0x0000000080016974] -> 0x8593
mem[X,0x0000000080016976] -> 0x4CC5
[2972] [M]: 0x0000000080016974 (0x4CC58593) addi a1, a1, 1228
x11 <- 0x000CCCCCCCCCCCCC
mem[X,0x0000000080016978] -> 0x9593
mem[X,0x000000008001697A] -> 0x00A5
[2973] [M]: 0x0000000080016978 (0x00A59593) slli a1, a1, 10
x11 <- 0x3333333333333000
mem[X,0x000000008001697C] -> 0x8593
mem[X,0x000000008001697E] -> 0x3325
[2974] [M]: 0x000000008001697C (0x33258593) addi a1, a1, 818
x11 <- 0x3333333333333332
mem[X,0x0000000080016980] -> 0x0113
mem[X,0x0000000080016982] -> 0x0000
[2975] [M]: 0x0000000080016980 (0x00000113) addi sp, zero, 0
x2 <- 0x0000000000000000
mem[X,0x0000000080016984] -> 0x006F
mem[X,0x0000000080016986] -> 0x00C0
[2976] [M]: 0x0000000080016984 (0x00C0006F) jal zero, 12
mem[X,0x0000000080016990] -> 0x1CE3
mem[X,0x0000000080016992] -> 0xFEB5
[2977] [M]: 0x0000000080016990 (0xFEB51CE3) bne a0, a1, 8184
mem[X,0x0000000080016988] -> 0x0113
mem[X,0x000000008001698A] -> 0x0011
[2978] [M]: 0x0000000080016988 (0x00110113) addi sp, sp, 1
x2 <- 0x0000000000000001
mem[X,0x000000008001698C] -> 0x006F
mem[X,0x000000008001698E] -> 0x0180
[2979] [M]: 0x000000008001698C (0x0180006F) jal zero, 24
mem[X,0x00000000800169A4] -> 0xB023
mem[X,0x00000000800169A6] -> 0x6620
[2980] [M]: 0x00000000800169A4 (0x6620B023) sd sp, 1632(ra)
mem[0x0000000080045838] <- 0x0000000000000001
mem[X,0x00000000800169A8] -> 0x5537
mem[X,0x00000000800169AA] -> 0x5555
[2981] [M]: 0x00000000800169A8 (0x55555537) lui a0, 349525
x10 <- 0x0000000055555000
mem[X,0x00000000800169AC] -> 0x0513
mem[X,0x00000000800169AE] -> 0x5555
[2982] [M]: 0x00000000800169AC (0x55550513) addi a0, a0, 1365
x10 <- 0x0000000055555555
mem[X,0x00000000800169B0] -> 0x1513
mem[X,0x00000000800169B2] -> 0x00B5
[2983] [M]: 0x00000000800169B0 (0x00B51513) slli a0, a0, 11
x10 <- 0x000002AAAAAAA800
mem[X,0x00000000800169B4] -> 0x0513
mem[X,0x00000000800169B6] -> 0x2AA5
[2984] [M]: 0x00000000800169B4 (0x2AA50513) addi a0, a0, 682
x10 <- 0x000002AAAAAAAAAA
mem[X,0x00000000800169B8] -> 0x1513
mem[X,0x00000000800169BA] -> 0x00B5
[2985] [M]: 0x00000000800169B8 (0x00B51513) slli a0, a0, 11
x10 <- 0x0015555555555000
mem[X,0x00000000800169BC] -> 0x0513
mem[X,0x00000000800169BE] -> 0x5555
[2986] [M]: 0x00000000800169BC (0x55550513) addi a0, a0, 1365
x10 <- 0x0015555555555555
mem[X,0x00000000800169C0] -> 0x1513
mem[X,0x00000000800169C2] -> 0x00A5
[2987] [M]: 0x00000000800169C0 (0x00A51513) slli a0, a0, 10
x10 <- 0x5555555555555400
mem[X,0x00000000800169C4] -> 0x0513
mem[X,0x00000000800169C6] -> 0x1555
[2988] [M]: 0x00000000800169C4 (0x15550513) addi a0, a0, 341
x10 <- 0x5555555555555555
mem[X,0x00000000800169C8] -> 0x65B7
mem[X,0x00000000800169CA] -> 0x6666
[2989] [M]: 0x00000000800169C8 (0x666665B7) lui a1, 419430
x11 <- 0x0000000066666000
mem[X,0x00000000800169CC] -> 0x8593
mem[X,0x00000000800169CE] -> 0x6665
[2990] [M]: 0x00000000800169CC (0x66658593) addi a1, a1, 1638
x11 <- 0x0000000066666666
mem[X,0x00000000800169D0] -> 0x9593
mem[X,0x00000000800169D2] -> 0x00B5
[2991] [M]: 0x00000000800169D0 (0x00B59593) slli a1, a1, 11
x11 <- 0x0000033333333000
mem[X,0x00000000800169D4] -> 0x8593
mem[X,0x00000000800169D6] -> 0x3335
[2992] [M]: 0x00000000800169D4 (0x33358593) addi a1, a1, 819
x11 <- 0x0000033333333333
mem[X,0x00000000800169D8] -> 0x9593
mem[X,0x00000000800169DA] -> 0x00B5
[2993] [M]: 0x00000000800169D8 (0x00B59593) slli a1, a1, 11
x11 <- 0x0019999999999800
mem[X,0x00000000800169DC] -> 0x8593
mem[X,0x00000000800169DE] -> 0x1995
[2994] [M]: 0x00000000800169DC (0x19958593) addi a1, a1, 409
x11 <- 0x0019999999999999
mem[X,0x00000000800169E0] -> 0x9593
mem[X,0x00000000800169E2] -> 0x00A5
[2995] [M]: 0x00000000800169E0 (0x00A59593) slli a1, a1, 10
x11 <- 0x6666666666666400
mem[X,0x00000000800169E4] -> 0x8593
mem[X,0x00000000800169E6] -> 0x2655
[2996] [M]: 0x00000000800169E4 (0x26558593) addi a1, a1, 613
x11 <- 0x6666666666666665
mem[X,0x00000000800169E8] -> 0x0113
mem[X,0x00000000800169EA] -> 0x0000
[2997] [M]: 0x00000000800169E8 (0x00000113) addi sp, zero, 0
x2 <- 0x0000000000000000
mem[X,0x00000000800169EC] -> 0x006F
mem[X,0x00000000800169EE] -> 0x00C0
[2998] [M]: 0x00000000800169EC (0x00C0006F) jal zero, 12
mem[X,0x00000000800169F8] -> 0x1CE3
mem[X,0x00000000800169FA] -> 0xFEB5
[2999] [M]: 0x00000000800169F8 (0xFEB51CE3) bne a0, a1, 8184
clint::tick mtime <- 0x000000000000001E
 clint timer pending at mtime 0x000000000000001E
htif::tick 0x0000000000000000
mem[X,0x00000000800169F0] -> 0x0113
mem[X,0x00000000800169F2] -> 0x0011
[3000] [M]: 0x00000000800169F0 (0x00110113) addi sp, sp, 1
x2 <- 0x0000000000000001
mem[X,0x00000000800169F4] -> 0x006F
mem[X,0x00000000800169F6] -> 0x0180
[3001] [M]: 0x00000000800169F4 (0x0180006F) jal zero, 24
mem[X,0x0000000080016A0C] -> 0xB423
mem[X,0x0000000080016A0E] -> 0x6620
[3002] [M]: 0x0000000080016A0C (0x6620B423) sd sp, 1640(ra)
mem[0x0000000080045840] <- 0x0000000000000001
mem[X,0x0000000080016A10] -> 0x5537
mem[X,0x0000000080016A12] -> 0x5555
[3003] [M]: 0x0000000080016A10 (0x55555537) lui a0, 349525
x10 <- 0x0000000055555000
mem[X,0x0000000080016A14] -> 0x0513
mem[X,0x0000000080016A16] -> 0x5555
[3004] [M]: 0x0000000080016A14 (0x55550513) addi a0, a0, 1365
x10 <- 0x0000000055555555
mem[X,0x0000000080016A18] -> 0x1513
mem[X,0x0000000080016A1A] -> 0x00B5
[3005] [M]: 0x0000000080016A18 (0x00B51513) slli a0, a0, 11
x10 <- 0x000002AAAAAAA800
mem[X,0x0000000080016A1C] -> 0x0513
mem[X,0x0000000080016A1E] -> 0x2AA5
[3006] [M]: 0x0000000080016A1C (0x2AA50513) addi a0, a0, 682
x10 <- 0x000002AAAAAAAAAA
mem[X,0x0000000080016A20] -> 0x1513
mem[X,0x0000000080016A22] -> 0x00B5
[3007] [M]: 0x0000000080016A20 (0x00B51513) slli a0, a0, 11
x10 <- 0x0015555555555000
mem[X,0x0000000080016A24] -> 0x0513
mem[X,0x0000000080016A26] -> 0x5555
[3008] [M]: 0x0000000080016A24 (0x55550513) addi a0, a0, 1365
x10 <- 0x0015555555555555
mem[X,0x0000000080016A28] -> 0x1513
mem[X,0x0000000080016A2A] -> 0x00A5
[3009] [M]: 0x0000000080016A28 (0x00A51513) slli a0, a0, 10
x10 <- 0x5555555555555400
mem[X,0x0000000080016A2C] -> 0x0513
mem[X,0x0000000080016A2E] -> 0x1555
[3010] [M]: 0x0000000080016A2C (0x15550513) addi a0, a0, 341
x10 <- 0x5555555555555555
mem[X,0x0000000080016A30] -> 0x05B7
mem[X,0x0000000080016A32] -> 0x0000
[3011] [M]: 0x0000000080016A30 (0x000005B7) lui a1, 0
x11 <- 0x0000000000000000
mem[X,0x0000000080016A34] -> 0x8593
mem[X,0x0000000080016A36] -> 0x0005
[3012] [M]: 0x0000000080016A34 (0x00058593) addi a1, a1, 0
x11 <- 0x0000000000000000
mem[X,0x0000000080016A38] -> 0x9593
mem[X,0x0000000080016A3A] -> 0x00B5
[3013] [M]: 0x0000000080016A38 (0x00B59593) slli a1, a1, 11
x11 <- 0x0000000000000000
mem[X,0x0000000080016A3C] -> 0x8593
mem[X,0x0000000080016A3E] -> 0x5A85
[3014] [M]: 0x0000000080016A3C (0x5A858593) addi a1, a1, 1448
x11 <- 0x00000000000005A8
mem[X,0x0000000080016A40] -> 0x9593
mem[X,0x0000000080016A42] -> 0x00B5
[3015] [M]: 0x0000000080016A40 (0x00B59593) slli a1, a1, 11
x11 <- 0x00000000002D4000
mem[X,0x0000000080016A44] -> 0x8593
mem[X,0x0000000080016A46] -> 0x13C5
[3016] [M]: 0x0000000080016A44 (0x13C58593) addi a1, a1, 316
x11 <- 0x00000000002D413C
mem[X,0x0000000080016A48] -> 0x9593
mem[X,0x0000000080016A4A] -> 0x00A5
[3017] [M]: 0x0000000080016A48 (0x00A59593) slli a1, a1, 10
x11 <- 0x00000000B504F000
mem[X,0x0000000080016A4C] -> 0x8593
mem[X,0x0000000080016A4E] -> 0x3325
[3018] [M]: 0x0000000080016A4C (0x33258593) addi a1, a1, 818
x11 <- 0x00000000B504F332
mem[X,0x0000000080016A50] -> 0x0113
mem[X,0x0000000080016A52] -> 0x0000
[3019] [M]: 0x0000000080016A50 (0x00000113) addi sp, zero, 0
x2 <- 0x0000000000000000
mem[X,0x0000000080016A54] -> 0x006F
mem[X,0x0000000080016A56] -> 0x00C0
[3020] [M]: 0x0000000080016A54 (0x00C0006F) jal zero, 12
mem[X,0x0000000080016A60] -> 0x1663
mem[X,0x0000000080016A62] -> 0x00B5
[3021] [M]: 0x0000000080016A60 (0x00B51663) bne a0, a1, 12
mem[X,0x0000000080016A6C] -> 0x0113
mem[X,0x0000000080016A6E] -> 0x0031
[3022] [M]: 0x0000000080016A6C (0x00310113) addi sp, sp, 3
x2 <- 0x0000000000000003
mem[X,0x0000000080016A70] -> 0x006F
mem[X,0x0000000080016A72] -> 0x0040
[3023] [M]: 0x0000000080016A70 (0x0040006F) jal zero, 4
mem[X,0x0000000080016A74] -> 0xB823
mem[X,0x0000000080016A76] -> 0x6620
[3024] [M]: 0x0000000080016A74 (0x6620B823) sd sp, 1648(ra)
mem[0x0000000080045848] <- 0x0000000000000003
mem[X,0x0000000080016A78] -> 0x5537
mem[X,0x0000000080016A7A] -> 0x5555
[3025] [M]: 0x0000000080016A78 (0x55555537) lui a0, 349525
x10 <- 0x0000000055555000
mem[X,0x0000000080016A7C] -> 0x0513
mem[X,0x0000000080016A7E] -> 0x5555
[3026] [M]: 0x0000000080016A7C (0x55550513) addi a0, a0, 1365
x10 <- 0x0000000055555555
mem[X,0x0000000080016A80] -> 0x1513
mem[X,0x0000000080016A82] -> 0x00B5
[3027] [M]: 0x0000000080016A80 (0x00B51513) slli a0, a0, 11
x10 <- 0x000002AAAAAAA800
mem[X,0x0000000080016A84] -> 0x0513
mem[X,0x0000000080016A86] -> 0x2AA5
[3028] [M]: 0x0000000080016A84 (0x2AA50513) addi a0, a0, 682
x10 <- 0x000002AAAAAAAAAA
mem[X,0x0000000080016A88] -> 0x1513
mem[X,0x0000000080016A8A] -> 0x00B5
[3029] [M]: 0x0000000080016A88 (0x00B51513) slli a0, a0, 11
x10 <- 0x0015555555555000
mem[X,0x0000000080016A8C] -> 0x0513
mem[X,0x0000000080016A8E] -> 0x5555
[3030] [M]: 0x0000000080016A8C (0x55550513) addi a0, a0, 1365
x10 <- 0x0015555555555555
mem[X,0x0000000080016A90] -> 0x1513
mem[X,0x0000000080016A92] -> 0x00A5
[3031] [M]: 0x0000000080016A90 (0x00A51513) slli a0, a0, 10
x10 <- 0x5555555555555400
mem[X,0x0000000080016A94] -> 0x0513
mem[X,0x0000000080016A96] -> 0x1555
[3032] [M]: 0x0000000080016A94 (0x15550513) addi a0, a0, 341
x10 <- 0x5555555555555555
mem[X,0x0000000080016A98] -> 0x55B7
mem[X,0x0000000080016A9A] -> 0x5555
[3033] [M]: 0x0000000080016A98 (0x555555B7) lui a1, 349525
x11 <- 0x0000000055555000
mem[X,0x0000000080016A9C] -> 0x8593
mem[X,0x0000000080016A9E] -> 0x5555
[3034] [M]: 0x0000000080016A9C (0x55558593) addi a1, a1, 1365
x11 <- 0x0000000055555555
mem[X,0x0000000080016AA0] -> 0x9593
mem[X,0x0000000080016AA2] -> 0x00B5
[3035] [M]: 0x0000000080016AA0 (0x00B59593) slli a1, a1, 11
x11 <- 0x000002AAAAAAA800
mem[X,0x0000000080016AA4] -> 0x8593
mem[X,0x0000000080016AA6] -> 0x2AA5
[3036] [M]: 0x0000000080016AA4 (0x2AA58593) addi a1, a1, 682
x11 <- 0x000002AAAAAAAAAA
mem[X,0x0000000080016AA8] -> 0x9593
mem[X,0x0000000080016AAA] -> 0x00B5
[3037] [M]: 0x0000000080016AA8 (0x00B59593) slli a1, a1, 11
x11 <- 0x0015555555555000
mem[X,0x0000000080016AAC] -> 0x8593
mem[X,0x0000000080016AAE] -> 0x5555
[3038] [M]: 0x0000000080016AAC (0x55558593) addi a1, a1, 1365
x11 <- 0x0015555555555555
mem[X,0x0000000080016AB0] -> 0x9593
mem[X,0x0000000080016AB2] -> 0x00A5
[3039] [M]: 0x0000000080016AB0 (0x00A59593) slli a1, a1, 10
x11 <- 0x5555555555555400
mem[X,0x0000000080016AB4] -> 0x8593
mem[X,0x0000000080016AB6] -> 0x1565
[3040] [M]: 0x0000000080016AB4 (0x15658593) addi a1, a1, 342
x11 <- 0x5555555555555556
mem[X,0x0000000080016AB8] -> 0x0113
mem[X,0x0000000080016ABA] -> 0x0000
[3041] [M]: 0x0000000080016AB8 (0x00000113) addi sp, zero, 0
x2 <- 0x0000000000000000
mem[X,0x0000000080016ABC] -> 0x006F
mem[X,0x0000000080016ABE] -> 0x2B10
[3042] [M]: 0x0000000080016ABC (0x2B10006F) jal zero, 2736
mem[X,0x000000008001756C] -> 0x1A63
mem[X,0x000000008001756E] -> 0xD4B5
[3043] [M]: 0x000000008001756C (0xD4B51A63) bne a0, a1, 5460
mem[X,0x0000000080016AC0] -> 0x0113
mem[X,0x0000000080016AC2] -> 0x0011
[3044] [M]: 0x0000000080016AC0 (0x00110113) addi sp, sp, 1
x2 <- 0x0000000000000001
mem[X,0x0000000080016AC4] -> 0x006F
mem[X,0x0000000080016AC6] -> 0x2BD0
[3045] [M]: 0x0000000080016AC4 (0x2BD0006F) jal zero, 2748
mem[X,0x0000000080017580] -> 0xBC23
mem[X,0x0000000080017582] -> 0x6620
[3046] [M]: 0x0000000080017580 (0x6620BC23) sd sp, 1656(ra)
mem[0x0000000080045850] <- 0x0000000000000001
mem[X,0x0000000080017584] -> 0x5537
mem[X,0x0000000080017586] -> 0x5555
[3047] [M]: 0x0000000080017584 (0x55555537) lui a0, 349525
x10 <- 0x0000000055555000
mem[X,0x0000000080017588] -> 0x0513
mem[X,0x000000008001758A] -> 0x5555
[3048] [M]: 0x0000000080017588 (0x55550513) addi a0, a0, 1365
x10 <- 0x0000000055555555
mem[X,0x000000008001758C] -> 0x1513
mem[X,0x000000008001758E] -> 0x00B5
[3049] [M]: 0x000000008001758C (0x00B51513) slli a0, a0, 11
x10 <- 0x000002AAAAAAA800
mem[X,0x0000000080017590] -> 0x0513
mem[X,0x0000000080017592] -> 0x2AA5
[3050] [M]: 0x0000000080017590 (0x2AA50513) addi a0, a0, 682
x10 <- 0x000002AAAAAAAAAA
mem[X,0x0000000080017594] -> 0x1513
mem[X,0x0000000080017596] -> 0x00B5
[3051] [M]: 0x0000000080017594 (0x00B51513) slli a0, a0, 11
x10 <- 0x0015555555555000
mem[X,0x0000000080017598] -> 0x0513
mem[X,0x000000008001759A] -> 0x5555
[3052] [M]: 0x0000000080017598 (0x55550513) addi a0, a0, 1365
x10 <- 0x0015555555555555
mem[X,0x000000008001759C] -> 0x1513
mem[X,0x000000008001759E] -> 0x00A5
[3053] [M]: 0x000000008001759C (0x00A51513) slli a0, a0, 10
x10 <- 0x5555555555555400
mem[X,0x00000000800175A0] -> 0x0513
mem[X,0x00000000800175A2] -> 0x1555
[3054] [M]: 0x00000000800175A0 (0x15550513) addi a0, a0, 341
x10 <- 0x5555555555555555
mem[X,0x00000000800175A4] -> 0xB5B7
mem[X,0x00000000800175A6] -> 0xAAAA
[3055] [M]: 0x00000000800175A4 (0xAAAAB5B7) lui a1, 699051
x11 <- 0xFFFFFFFFAAAAB000
mem[X,0x00000000800175A8] -> 0x8593
mem[X,0x00000000800175AA] -> 0xAAA5
[3056] [M]: 0x00000000800175A8 (0xAAA58593) addi a1, a1, 2730
x11 <- 0xFFFFFFFFAAAAAAAA
mem[X,0x00000000800175AC] -> 0x9593
mem[X,0x00000000800175AE] -> 0x00B5
[3057] [M]: 0x00000000800175AC (0x00B59593) slli a1, a1, 11
x11 <- 0xFFFFFD5555555000
mem[X,0x00000000800175B0] -> 0x8593
mem[X,0x00000000800175B2] -> 0x5555
[3058] [M]: 0x00000000800175B0 (0x55558593) addi a1, a1, 1365
x11 <- 0xFFFFFD5555555555
mem[X,0x00000000800175B4] -> 0x9593
mem[X,0x00000000800175B6] -> 0x00B5
[3059] [M]: 0x00000000800175B4 (0x00B59593) slli a1, a1, 11
x11 <- 0xFFEAAAAAAAAAA800
mem[X,0x00000000800175B8] -> 0x8593
mem[X,0x00000000800175BA] -> 0x2AA5
[3060] [M]: 0x00000000800175B8 (0x2AA58593) addi a1, a1, 682
x11 <- 0xFFEAAAAAAAAAAAAA
mem[X,0x00000000800175BC] -> 0x9593
mem[X,0x00000000800175BE] -> 0x00A5
[3061] [M]: 0x00000000800175BC (0x00A59593) slli a1, a1, 10
x11 <- 0xAAAAAAAAAAAAA800
mem[X,0x00000000800175C0] -> 0x8593
mem[X,0x00000000800175C2] -> 0x2AB5
[3062] [M]: 0x00000000800175C0 (0x2AB58593) addi a1, a1, 683
x11 <- 0xAAAAAAAAAAAAAAAB
mem[X,0x00000000800175C4] -> 0x0113
mem[X,0x00000000800175C6] -> 0x0000
[3063] [M]: 0x00000000800175C4 (0x00000113) addi sp, zero, 0
x2 <- 0x0000000000000000
mem[X,0x00000000800175C8] -> 0x006F
mem[X,0x00000000800175CA] -> 0x00C0
[3064] [M]: 0x00000000800175C8 (0x00C0006F) jal zero, 12
mem[X,0x00000000800175D4] -> 0x1CE3
mem[X,0x00000000800175D6] -> 0xFEB5
[3065] [M]: 0x00000000800175D4 (0xFEB51CE3) bne a0, a1, 8184
mem[X,0x00000000800175CC] -> 0x0113
mem[X,0x00000000800175CE] -> 0x0011
[3066] [M]: 0x00000000800175CC (0x00110113) addi sp, sp, 1
x2 <- 0x0000000000000001
mem[X,0x00000000800175D0] -> 0x006F
mem[X,0x00000000800175D2] -> 0x0180
[3067] [M]: 0x00000000800175D0 (0x0180006F) jal zero, 24
mem[X,0x00000000800175E8] -> 0xB023
mem[X,0x00000000800175EA] -> 0x6820
[3068] [M]: 0x00000000800175E8 (0x6820B023) sd sp, 1664(ra)
mem[0x0000000080045858] <- 0x0000000000000001
mem[X,0x00000000800175EC] -> 0x5537
mem[X,0x00000000800175EE] -> 0x5555
[3069] [M]: 0x00000000800175EC (0x55555537) lui a0, 349525
x10 <- 0x0000000055555000
mem[X,0x00000000800175F0] -> 0x0513
mem[X,0x00000000800175F2] -> 0x5555
[3070] [M]: 0x00000000800175F0 (0x55550513) addi a0, a0, 1365
x10 <- 0x0000000055555555
mem[X,0x00000000800175F4] -> 0x1513
mem[X,0x00000000800175F6] -> 0x00B5
[3071] [M]: 0x00000000800175F4 (0x00B51513) slli a0, a0, 11
x10 <- 0x000002AAAAAAA800
mem[X,0x00000000800175F8] -> 0x0513
mem[X,0x00000000800175FA] -> 0x2AA5
[3072] [M]: 0x00000000800175F8 (0x2AA50513) addi a0, a0, 682
x10 <- 0x000002AAAAAAAAAA
mem[X,0x00000000800175FC] -> 0x1513
mem[X,0x00000000800175FE] -> 0x00B5
[3073] [M]: 0x00000000800175FC (0x00B51513) slli a0, a0, 11
x10 <- 0x0015555555555000
mem[X,0x0000000080017600] -> 0x0513
mem[X,0x0000000080017602] -> 0x5555
[3074] [M]: 0x0000000080017600 (0x55550513) addi a0, a0, 1365
x10 <- 0x0015555555555555
mem[X,0x0000000080017604] -> 0x1513
mem[X,0x0000000080017606] -> 0x00A5
[3075] [M]: 0x0000000080017604 (0x00A51513) slli a0, a0, 10
x10 <- 0x5555555555555400
mem[X,0x0000000080017608] -> 0x0513
mem[X,0x000000008001760A] -> 0x1555
[3076] [M]: 0x0000000080017608 (0x15550513) addi a0, a0, 341
x10 <- 0x5555555555555555
mem[X,0x000000008001760C] -> 0x0593
mem[X,0x000000008001760E] -> 0x0060
[3077] [M]: 0x000000008001760C (0x00600593) addi a1, zero, 6
x11 <- 0x0000000000000006
mem[X,0x0000000080017610] -> 0x0113
mem[X,0x0000000080017612] -> 0x0000
[3078] [M]: 0x0000000080017610 (0x00000113) addi sp, zero, 0
x2 <- 0x0000000000000000
mem[X,0x0000000080017614] -> 0x006F
mem[X,0x0000000080017616] -> 0x00C0
[3079] [M]: 0x0000000080017614 (0x00C0006F) jal zero, 12
mem[X,0x0000000080017620] -> 0x1063
mem[X,0x0000000080017622] -> 0x08B5
[3080] [M]: 0x0000000080017620 (0x08B51063) bne a0, a1, 128
mem[X,0x00000000800176A0] -> 0x0113
mem[X,0x00000000800176A2] -> 0x0031
[3081] [M]: 0x00000000800176A0 (0x00310113) addi sp, sp, 3
x2 <- 0x0000000000000003
mem[X,0x00000000800176A4] -> 0x006F
mem[X,0x00000000800176A6] -> 0x0040
[3082] [M]: 0x00000000800176A4 (0x0040006F) jal zero, 4
mem[X,0x00000000800176A8] -> 0xB423
mem[X,0x00000000800176AA] -> 0x6820
[3083] [M]: 0x00000000800176A8 (0x6820B423) sd sp, 1672(ra)
mem[0x0000000080045860] <- 0x0000000000000003
mem[X,0x00000000800176AC] -> 0x5537
mem[X,0x00000000800176AE] -> 0x5555
[3084] [M]: 0x00000000800176AC (0x55555537) lui a0, 349525
x10 <- 0x0000000055555000
mem[X,0x00000000800176B0] -> 0x0513
mem[X,0x00000000800176B2] -> 0x5555
[3085] [M]: 0x00000000800176B0 (0x55550513) addi a0, a0, 1365
x10 <- 0x0000000055555555
mem[X,0x00000000800176B4] -> 0x1513
mem[X,0x00000000800176B6] -> 0x00B5
[3086] [M]: 0x00000000800176B4 (0x00B51513) slli a0, a0, 11
x10 <- 0x000002AAAAAAA800
mem[X,0x00000000800176B8] -> 0x0513
mem[X,0x00000000800176BA] -> 0x2AA5
[3087] [M]: 0x00000000800176B8 (0x2AA50513) addi a0, a0, 682
x10 <- 0x000002AAAAAAAAAA
mem[X,0x00000000800176BC] -> 0x1513
mem[X,0x00000000800176BE] -> 0x00B5
[3088] [M]: 0x00000000800176BC (0x00B51513) slli a0, a0, 11
x10 <- 0x0015555555555000
mem[X,0x00000000800176C0] -> 0x0513
mem[X,0x00000000800176C2] -> 0x5555
[3089] [M]: 0x00000000800176C0 (0x55550513) addi a0, a0, 1365
x10 <- 0x0015555555555555
mem[X,0x00000000800176C4] -> 0x1513
mem[X,0x00000000800176C6] -> 0x00A5
[3090] [M]: 0x00000000800176C4 (0x00A51513) slli a0, a0, 10
x10 <- 0x5555555555555400
mem[X,0x00000000800176C8] -> 0x0513
mem[X,0x00000000800176CA] -> 0x1555
[3091] [M]: 0x00000000800176C8 (0x15550513) addi a0, a0, 341
x10 <- 0x5555555555555555
mem[X,0x00000000800176CC] -> 0x35B7
mem[X,0x00000000800176CE] -> 0x3333
[3092] [M]: 0x00000000800176CC (0x333335B7) lui a1, 209715
x11 <- 0x0000000033333000
mem[X,0x00000000800176D0] -> 0x8593
mem[X,0x00000000800176D2] -> 0x3335
[3093] [M]: 0x00000000800176D0 (0x33358593) addi a1, a1, 819
x11 <- 0x0000000033333333
mem[X,0x00000000800176D4] -> 0x9593
mem[X,0x00000000800176D6] -> 0x00B5
[3094] [M]: 0x00000000800176D4 (0x00B59593) slli a1, a1, 11
x11 <- 0x0000019999999800
mem[X,0x00000000800176D8] -> 0x8593
mem[X,0x00000000800176DA] -> 0x1995
[3095] [M]: 0x00000000800176D8 (0x19958593) addi a1, a1, 409
x11 <- 0x0000019999999999
mem[X,0x00000000800176DC] -> 0x9593
mem[X,0x00000000800176DE] -> 0x00B5
[3096] [M]: 0x00000000800176DC (0x00B59593) slli a1, a1, 11
x11 <- 0x000CCCCCCCCCC800
mem[X,0x00000000800176E0] -> 0x8593
mem[X,0x00000000800176E2] -> 0x4CC5
[3097] [M]: 0x00000000800176E0 (0x4CC58593) addi a1, a1, 1228
x11 <- 0x000CCCCCCCCCCCCC
mem[X,0x00000000800176E4] -> 0x9593
mem[X,0x00000000800176E6] -> 0x00A5
[3098] [M]: 0x00000000800176E4 (0x00A59593) slli a1, a1, 10
x11 <- 0x3333333333333000
mem[X,0x00000000800176E8] -> 0x8593
mem[X,0x00000000800176EA] -> 0x3345
[3099] [M]: 0x00000000800176E8 (0x33458593) addi a1, a1, 820
x11 <- 0x3333333333333334
clint::tick mtime <- 0x000000000000001F
 clint timer pending at mtime 0x000000000000001F
htif::tick 0x0000000000000000
mem[X,0x00000000800176EC] -> 0x0113
mem[X,0x00000000800176EE] -> 0x0000
[3100] [M]: 0x00000000800176EC (0x00000113) addi sp, zero, 0
x2 <- 0x0000000000000000
mem[X,0x00000000800176F0] -> 0x006F
mem[X,0x00000000800176F2] -> 0x00C0
[3101] [M]: 0x00000000800176F0 (0x00C0006F) jal zero, 12
mem[X,0x00000000800176FC] -> 0x1CE3
mem[X,0x00000000800176FE] -> 0xFEB5
[3102] [M]: 0x00000000800176FC (0xFEB51CE3) bne a0, a1, 8184
mem[X,0x00000000800176F4] -> 0x0113
mem[X,0x00000000800176F6] -> 0x0011
[3103] [M]: 0x00000000800176F4 (0x00110113) addi sp, sp, 1
x2 <- 0x0000000000000001
mem[X,0x00000000800176F8] -> 0x006F
mem[X,0x00000000800176FA] -> 0x0180
[3104] [M]: 0x00000000800176F8 (0x0180006F) jal zero, 24
mem[X,0x0000000080017710] -> 0xB823
mem[X,0x0000000080017712] -> 0x6820
[3105] [M]: 0x0000000080017710 (0x6820B823) sd sp, 1680(ra)
mem[0x0000000080045868] <- 0x0000000000000001
mem[X,0x0000000080017714] -> 0x5537
mem[X,0x0000000080017716] -> 0x5555
[3106] [M]: 0x0000000080017714 (0x55555537) lui a0, 349525
x10 <- 0x0000000055555000
mem[X,0x0000000080017718] -> 0x0513
mem[X,0x000000008001771A] -> 0x5555
[3107] [M]: 0x0000000080017718 (0x55550513) addi a0, a0, 1365
x10 <- 0x0000000055555555
mem[X,0x000000008001771C] -> 0x1513
mem[X,0x000000008001771E] -> 0x00B5
[3108] [M]: 0x000000008001771C (0x00B51513) slli a0, a0, 11
x10 <- 0x000002AAAAAAA800
mem[X,0x0000000080017720] -> 0x0513
mem[X,0x0000000080017722] -> 0x2AA5
[3109] [M]: 0x0000000080017720 (0x2AA50513) addi a0, a0, 682
x10 <- 0x000002AAAAAAAAAA
mem[X,0x0000000080017724] -> 0x1513
mem[X,0x0000000080017726] -> 0x00B5
[3110] [M]: 0x0000000080017724 (0x00B51513) slli a0, a0, 11
x10 <- 0x0015555555555000
mem[X,0x0000000080017728] -> 0x0513
mem[X,0x000000008001772A] -> 0x5555
[3111] [M]: 0x0000000080017728 (0x55550513) addi a0, a0, 1365
x10 <- 0x0015555555555555
mem[X,0x000000008001772C] -> 0x1513
mem[X,0x000000008001772E] -> 0x00A5
[3112] [M]: 0x000000008001772C (0x00A51513) slli a0, a0, 10
x10 <- 0x5555555555555400
mem[X,0x0000000080017730] -> 0x0513
mem[X,0x0000000080017732] -> 0x1555
[3113] [M]: 0x0000000080017730 (0x15550513) addi a0, a0, 341
x10 <- 0x5555555555555555
mem[X,0x0000000080017734] -> 0x65B7
mem[X,0x0000000080017736] -> 0x6666
[3114] [M]: 0x0000000080017734 (0x666665B7) lui a1, 419430
x11 <- 0x0000000066666000
mem[X,0x0000000080017738] -> 0x8593
mem[X,0x000000008001773A] -> 0x6665
[3115] [M]: 0x0000000080017738 (0x66658593) addi a1, a1, 1638
x11 <- 0x0000000066666666
mem[X,0x000000008001773C] -> 0x9593
mem[X,0x000000008001773E] -> 0x00B5
[3116] [M]: 0x000000008001773C (0x00B59593) slli a1, a1, 11
x11 <- 0x0000033333333000
mem[X,0x0000000080017740] -> 0x8593
mem[X,0x0000000080017742] -> 0x3335
[3117] [M]: 0x0000000080017740 (0x33358593) addi a1, a1, 819
x11 <- 0x0000033333333333
mem[X,0x0000000080017744] -> 0x9593
mem[X,0x0000000080017746] -> 0x00B5
[3118] [M]: 0x0000000080017744 (0x00B59593) slli a1, a1, 11
x11 <- 0x0019999999999800
mem[X,0x0000000080017748] -> 0x8593
mem[X,0x000000008001774A] -> 0x1995
[3119] [M]: 0x0000000080017748 (0x19958593) addi a1, a1, 409
x11 <- 0x0019999999999999
mem[X,0x000000008001774C] -> 0x9593
mem[X,0x000000008001774E] -> 0x00A5
[3120] [M]: 0x000000008001774C (0x00A59593) slli a1, a1, 10
x11 <- 0x6666666666666400
mem[X,0x0000000080017750] -> 0x8593
mem[X,0x0000000080017752] -> 0x2675
[3121] [M]: 0x0000000080017750 (0x26758593) addi a1, a1, 615
x11 <- 0x6666666666666667
mem[X,0x0000000080017754] -> 0x0113
mem[X,0x0000000080017756] -> 0x0000
[3122] [M]: 0x0000000080017754 (0x00000113) addi sp, zero, 0
x2 <- 0x0000000000000000
mem[X,0x0000000080017758] -> 0x006F
mem[X,0x000000008001775A] -> 0x00C0
[3123] [M]: 0x0000000080017758 (0x00C0006F) jal zero, 12
mem[X,0x0000000080017764] -> 0x1063
mem[X,0x0000000080017766] -> 0x04B5
[3124] [M]: 0x0000000080017764 (0x04B51063) bne a0, a1, 64
mem[X,0x00000000800177A4] -> 0x0113
mem[X,0x00000000800177A6] -> 0x0031
[3125] [M]: 0x00000000800177A4 (0x00310113) addi sp, sp, 3
x2 <- 0x0000000000000003
mem[X,0x00000000800177A8] -> 0x006F
mem[X,0x00000000800177AA] -> 0x0040
[3126] [M]: 0x00000000800177A8 (0x0040006F) jal zero, 4
mem[X,0x00000000800177AC] -> 0xBC23
mem[X,0x00000000800177AE] -> 0x6820
[3127] [M]: 0x00000000800177AC (0x6820BC23) sd sp, 1688(ra)
mem[0x0000000080045870] <- 0x0000000000000003
mem[X,0x00000000800177B0] -> 0x5537
mem[X,0x00000000800177B2] -> 0x5555
[3128] [M]: 0x00000000800177B0 (0x55555537) lui a0, 349525
x10 <- 0x0000000055555000
mem[X,0x00000000800177B4] -> 0x0513
mem[X,0x00000000800177B6] -> 0x5555
[3129] [M]: 0x00000000800177B4 (0x55550513) addi a0, a0, 1365
x10 <- 0x0000000055555555
mem[X,0x00000000800177B8] -> 0x1513
mem[X,0x00000000800177BA] -> 0x00B5
[3130] [M]: 0x00000000800177B8 (0x00B51513) slli a0, a0, 11
x10 <- 0x000002AAAAAAA800
mem[X,0x00000000800177BC] -> 0x0513
mem[X,0x00000000800177BE] -> 0x2AA5
[3131] [M]: 0x00000000800177BC (0x2AA50513) addi a0, a0, 682
x10 <- 0x000002AAAAAAAAAA
mem[X,0x00000000800177C0] -> 0x1513
mem[X,0x00000000800177C2] -> 0x00B5
[3132] [M]: 0x00000000800177C0 (0x00B51513) slli a0, a0, 11
x10 <- 0x0015555555555000
mem[X,0x00000000800177C4] -> 0x0513
mem[X,0x00000000800177C6] -> 0x5555
[3133] [M]: 0x00000000800177C4 (0x55550513) addi a0, a0, 1365
x10 <- 0x0015555555555555
mem[X,0x00000000800177C8] -> 0x1513
mem[X,0x00000000800177CA] -> 0x00A5
[3134] [M]: 0x00000000800177C8 (0x00A51513) slli a0, a0, 10
x10 <- 0x5555555555555400
mem[X,0x00000000800177CC] -> 0x0513
mem[X,0x00000000800177CE] -> 0x1555
[3135] [M]: 0x00000000800177CC (0x15550513) addi a0, a0, 341
x10 <- 0x5555555555555555
mem[X,0x00000000800177D0] -> 0x05B7
mem[X,0x00000000800177D2] -> 0x0000
[3136] [M]: 0x00000000800177D0 (0x000005B7) lui a1, 0
x11 <- 0x0000000000000000
mem[X,0x00000000800177D4] -> 0x8593
mem[X,0x00000000800177D6] -> 0xFFF5
[3137] [M]: 0x00000000800177D4 (0xFFF58593) addi a1, a1, 4095
x11 <- 0xFFFFFFFFFFFFFFFF
mem[X,0x00000000800177D8] -> 0x9593
mem[X,0x00000000800177DA] -> 0x00B5
[3138] [M]: 0x00000000800177D8 (0x00B59593) slli a1, a1, 11
x11 <- 0xFFFFFFFFFFFFF800
mem[X,0x00000000800177DC] -> 0x8593
mem[X,0x00000000800177DE] -> 0x2575
[3139] [M]: 0x00000000800177DC (0x25758593) addi a1, a1, 599
x11 <- 0xFFFFFFFFFFFFFA57
mem[X,0x00000000800177E0] -> 0x9593
mem[X,0x00000000800177E2] -> 0x00B5
[3140] [M]: 0x00000000800177E0 (0x00B59593) slli a1, a1, 11
x11 <- 0xFFFFFFFFFFD2B800
mem[X,0x00000000800177E4] -> 0x8593
mem[X,0x00000000800177E6] -> 0x6C35
[3141] [M]: 0x00000000800177E4 (0x6C358593) addi a1, a1, 1731
x11 <- 0xFFFFFFFFFFD2BEC3
mem[X,0x00000000800177E8] -> 0x9593
mem[X,0x00000000800177EA] -> 0x00A5
[3142] [M]: 0x00000000800177E8 (0x00A59593) slli a1, a1, 10
x11 <- 0xFFFFFFFF4AFB0C00
mem[X,0x00000000800177EC] -> 0x8593
mem[X,0x00000000800177EE] -> 0x0CE5
[3143] [M]: 0x00000000800177EC (0x0CE58593) addi a1, a1, 206
x11 <- 0xFFFFFFFF4AFB0CCE
mem[X,0x00000000800177F0] -> 0x0113
mem[X,0x00000000800177F2] -> 0x0000
[3144] [M]: 0x00000000800177F0 (0x00000113) addi sp, zero, 0
x2 <- 0x0000000000000000
mem[X,0x00000000800177F4] -> 0x006F
mem[X,0x00000000800177F6] -> 0x0050
[3145] [M]: 0x00000000800177F4 (0x0050006F) jal zero, 2052
mem[X,0x0000000080017FF8] -> 0x10E3
mem[X,0x0000000080017FFA] -> 0x80B5
[3146] [M]: 0x0000000080017FF8 (0x80B510E3) bne a0, a1, 6144
mem[X,0x00000000800177F8] -> 0x0113
mem[X,0x00000000800177FA] -> 0x0011
[3147] [M]: 0x00000000800177F8 (0x00110113) addi sp, sp, 1
x2 <- 0x0000000000000001
mem[X,0x00000000800177FC] -> 0x006F
mem[X,0x00000000800177FE] -> 0x0110
[3148] [M]: 0x00000000800177FC (0x0110006F) jal zero, 2064
mem[X,0x000000008001800C] -> 0xB023
mem[X,0x000000008001800E] -> 0x6A20
[3149] [M]: 0x000000008001800C (0x6A20B023) sd sp, 1696(ra)
mem[0x0000000080045878] <- 0x0000000000000001
mem[X,0x0000000080018010] -> 0x5537
mem[X,0x0000000080018012] -> 0x5555
[3150] [M]: 0x0000000080018010 (0x55555537) lui a0, 349525
x10 <- 0x0000000055555000
mem[X,0x0000000080018014] -> 0x0513
mem[X,0x0000000080018016] -> 0x5555
[3151] [M]: 0x0000000080018014 (0x55550513) addi a0, a0, 1365
x10 <- 0x0000000055555555
mem[X,0x0000000080018018] -> 0x1513
mem[X,0x000000008001801A] -> 0x00B5
[3152] [M]: 0x0000000080018018 (0x00B51513) slli a0, a0, 11
x10 <- 0x000002AAAAAAA800
mem[X,0x000000008001801C] -> 0x0513
mem[X,0x000000008001801E] -> 0x2AA5
[3153] [M]: 0x000000008001801C (0x2AA50513) addi a0, a0, 682
x10 <- 0x000002AAAAAAAAAA
mem[X,0x0000000080018020] -> 0x1513
mem[X,0x0000000080018022] -> 0x00B5
[3154] [M]: 0x0000000080018020 (0x00B51513) slli a0, a0, 11
x10 <- 0x0015555555555000
mem[X,0x0000000080018024] -> 0x0513
mem[X,0x0000000080018026] -> 0x5555
[3155] [M]: 0x0000000080018024 (0x55550513) addi a0, a0, 1365
x10 <- 0x0015555555555555
mem[X,0x0000000080018028] -> 0x1513
mem[X,0x000000008001802A] -> 0x00A5
[3156] [M]: 0x0000000080018028 (0x00A51513) slli a0, a0, 10
x10 <- 0x5555555555555400
mem[X,0x000000008001802C] -> 0x0513
mem[X,0x000000008001802E] -> 0x1555
[3157] [M]: 0x000000008001802C (0x15550513) addi a0, a0, 341
x10 <- 0x5555555555555555
mem[X,0x0000000080018030] -> 0x05B7
mem[X,0x0000000080018032] -> 0x0000
[3158] [M]: 0x0000000080018030 (0x000005B7) lui a1, 0
x11 <- 0x0000000000000000
mem[X,0x0000000080018034] -> 0x8593
mem[X,0x0000000080018036] -> 0x0005
[3159] [M]: 0x0000000080018034 (0x00058593) addi a1, a1, 0
x11 <- 0x0000000000000000
mem[X,0x0000000080018038] -> 0x9593
mem[X,0x000000008001803A] -> 0x00B5
[3160] [M]: 0x0000000080018038 (0x00B59593) slli a1, a1, 11
x11 <- 0x0000000000000000
mem[X,0x000000008001803C] -> 0x8593
mem[X,0x000000008001803E] -> 0x5A85
[3161] [M]: 0x000000008001803C (0x5A858593) addi a1, a1, 1448
x11 <- 0x00000000000005A8
mem[X,0x0000000080018040] -> 0x9593
mem[X,0x0000000080018042] -> 0x00B5
[3162] [M]: 0x0000000080018040 (0x00B59593) slli a1, a1, 11
x11 <- 0x00000000002D4000
mem[X,0x0000000080018044] -> 0x8593
mem[X,0x0000000080018046] -> 0x13C5
[3163] [M]: 0x0000000080018044 (0x13C58593) addi a1, a1, 316
x11 <- 0x00000000002D413C
mem[X,0x0000000080018048] -> 0x9593
mem[X,0x000000008001804A] -> 0x00A5
[3164] [M]: 0x0000000080018048 (0x00A59593) slli a1, a1, 10
x11 <- 0x00000000B504F000
mem[X,0x000000008001804C] -> 0x8593
mem[X,0x000000008001804E] -> 0x3345
[3165] [M]: 0x000000008001804C (0x33458593) addi a1, a1, 820
x11 <- 0x00000000B504F334
mem[X,0x0000000080018050] -> 0x0113
mem[X,0x0000000080018052] -> 0x0000
[3166] [M]: 0x0000000080018050 (0x00000113) addi sp, zero, 0
x2 <- 0x0000000000000000
mem[X,0x0000000080018054] -> 0x006F
mem[X,0x0000000080018056] -> 0x0100
[3167] [M]: 0x0000000080018054 (0x0100006F) jal zero, 16
mem[X,0x0000000080018064] -> 0x1AE3
mem[X,0x0000000080018066] -> 0xFEB5
[3168] [M]: 0x0000000080018064 (0xFEB51AE3) bne a0, a1, 8180
mem[X,0x0000000080018058] -> 0x0113
mem[X,0x000000008001805A] -> 0x0011
[3169] [M]: 0x0000000080018058 (0x00110113) addi sp, sp, 1
x2 <- 0x0000000000000001
mem[X,0x000000008001805C] -> 0x006F
mem[X,0x000000008001805E] -> 0x01C0
[3170] [M]: 0x000000008001805C (0x01C0006F) jal zero, 28
mem[X,0x0000000080018078] -> 0xB423
mem[X,0x000000008001807A] -> 0x6A20
[3171] [M]: 0x0000000080018078 (0x6A20B423) sd sp, 1704(ra)
mem[0x0000000080045880] <- 0x0000000000000001
mem[X,0x000000008001807C] -> 0xB537
mem[X,0x000000008001807E] -> 0xAAAA
[3172] [M]: 0x000000008001807C (0xAAAAB537) lui a0, 699051
x10 <- 0xFFFFFFFFAAAAB000
mem[X,0x0000000080018080] -> 0x0513
mem[X,0x0000000080018082] -> 0xAAA5
[3173] [M]: 0x0000000080018080 (0xAAA50513) addi a0, a0, 2730
x10 <- 0xFFFFFFFFAAAAAAAA
mem[X,0x0000000080018084] -> 0x1513
mem[X,0x0000000080018086] -> 0x00B5
[3174] [M]: 0x0000000080018084 (0x00B51513) slli a0, a0, 11
x10 <- 0xFFFFFD5555555000
mem[X,0x0000000080018088] -> 0x0513
mem[X,0x000000008001808A] -> 0x5555
[3175] [M]: 0x0000000080018088 (0x55550513) addi a0, a0, 1365
x10 <- 0xFFFFFD5555555555
mem[X,0x000000008001808C] -> 0x1513
mem[X,0x000000008001808E] -> 0x00B5
[3176] [M]: 0x000000008001808C (0x00B51513) slli a0, a0, 11
x10 <- 0xFFEAAAAAAAAAA800
mem[X,0x0000000080018090] -> 0x0513
mem[X,0x0000000080018092] -> 0x2AA5
[3177] [M]: 0x0000000080018090 (0x2AA50513) addi a0, a0, 682
x10 <- 0xFFEAAAAAAAAAAAAA
mem[X,0x0000000080018094] -> 0x1513
mem[X,0x0000000080018096] -> 0x00A5
[3178] [M]: 0x0000000080018094 (0x00A51513) slli a0, a0, 10
x10 <- 0xAAAAAAAAAAAAA800
mem[X,0x0000000080018098] -> 0x0513
mem[X,0x000000008001809A] -> 0x2AA5
[3179] [M]: 0x0000000080018098 (0x2AA50513) addi a0, a0, 682
x10 <- 0xAAAAAAAAAAAAAAAA
mem[X,0x000000008001809C] -> 0x0593
mem[X,0x000000008001809E] -> 0x0030
[3180] [M]: 0x000000008001809C (0x00300593) addi a1, zero, 3
x11 <- 0x0000000000000003
mem[X,0x00000000800180A0] -> 0x0113
mem[X,0x00000000800180A2] -> 0x0000
[3181] [M]: 0x00000000800180A0 (0x00000113) addi sp, zero, 0
x2 <- 0x0000000000000000
mem[X,0x00000000800180A4] -> 0x006F
mem[X,0x00000000800180A6] -> 0x00C0
[3182] [M]: 0x00000000800180A4 (0x00C0006F) jal zero, 12
mem[X,0x00000000800180B0] -> 0x1863
mem[X,0x00000000800180B2] -> 0x00B5
[3183] [M]: 0x00000000800180B0 (0x00B51863) bne a0, a1, 16
mem[X,0x00000000800180C0] -> 0x0113
mem[X,0x00000000800180C2] -> 0x0031
[3184] [M]: 0x00000000800180C0 (0x00310113) addi sp, sp, 3
x2 <- 0x0000000000000003
mem[X,0x00000000800180C4] -> 0x006F
mem[X,0x00000000800180C6] -> 0x0040
[3185] [M]: 0x00000000800180C4 (0x0040006F) jal zero, 4
mem[X,0x00000000800180C8] -> 0xB823
mem[X,0x00000000800180CA] -> 0x6A20
[3186] [M]: 0x00000000800180C8 (0x6A20B823) sd sp, 1712(ra)
mem[0x0000000080045888] <- 0x0000000000000003
mem[X,0x00000000800180CC] -> 0xB537
mem[X,0x00000000800180CE] -> 0xAAAA
[3187] [M]: 0x00000000800180CC (0xAAAAB537) lui a0, 699051
x10 <- 0xFFFFFFFFAAAAB000
mem[X,0x00000000800180D0] -> 0x0513
mem[X,0x00000000800180D2] -> 0xAAA5
[3188] [M]: 0x00000000800180D0 (0xAAA50513) addi a0, a0, 2730
x10 <- 0xFFFFFFFFAAAAAAAA
mem[X,0x00000000800180D4] -> 0x1513
mem[X,0x00000000800180D6] -> 0x00B5
[3189] [M]: 0x00000000800180D4 (0x00B51513) slli a0, a0, 11
x10 <- 0xFFFFFD5555555000
mem[X,0x00000000800180D8] -> 0x0513
mem[X,0x00000000800180DA] -> 0x5555
[3190] [M]: 0x00000000800180D8 (0x55550513) addi a0, a0, 1365
x10 <- 0xFFFFFD5555555555
mem[X,0x00000000800180DC] -> 0x1513
mem[X,0x00000000800180DE] -> 0x00B5
[3191] [M]: 0x00000000800180DC (0x00B51513) slli a0, a0, 11
x10 <- 0xFFEAAAAAAAAAA800
mem[X,0x00000000800180E0] -> 0x0513
mem[X,0x00000000800180E2] -> 0x2AA5
[3192] [M]: 0x00000000800180E0 (0x2AA50513) addi a0, a0, 682
x10 <- 0xFFEAAAAAAAAAAAAA
mem[X,0x00000000800180E4] -> 0x1513
mem[X,0x00000000800180E6] -> 0x00A5
[3193] [M]: 0x00000000800180E4 (0x00A51513) slli a0, a0, 10
x10 <- 0xAAAAAAAAAAAAA800
mem[X,0x00000000800180E8] -> 0x0513
mem[X,0x00000000800180EA] -> 0x2AA5
[3194] [M]: 0x00000000800180E8 (0x2AA50513) addi a0, a0, 682
x10 <- 0xAAAAAAAAAAAAAAAA
mem[X,0x00000000800180EC] -> 0x55B7
mem[X,0x00000000800180EE] -> 0x5555
[3195] [M]: 0x00000000800180EC (0x555555B7) lui a1, 349525
x11 <- 0x0000000055555000
mem[X,0x00000000800180F0] -> 0x8593
mem[X,0x00000000800180F2] -> 0x5555
[3196] [M]: 0x00000000800180F0 (0x55558593) addi a1, a1, 1365
x11 <- 0x0000000055555555
mem[X,0x00000000800180F4] -> 0x9593
mem[X,0x00000000800180F6] -> 0x00B5
[3197] [M]: 0x00000000800180F4 (0x00B59593) slli a1, a1, 11
x11 <- 0x000002AAAAAAA800
mem[X,0x00000000800180F8] -> 0x8593
mem[X,0x00000000800180FA] -> 0x2AA5
[3198] [M]: 0x00000000800180F8 (0x2AA58593) addi a1, a1, 682
x11 <- 0x000002AAAAAAAAAA
mem[X,0x00000000800180FC] -> 0x9593
mem[X,0x00000000800180FE] -> 0x00B5
[3199] [M]: 0x00000000800180FC (0x00B59593) slli a1, a1, 11
x11 <- 0x0015555555555000
clint::tick mtime <- 0x0000000000000020
 clint timer pending at mtime 0x0000000000000020
htif::tick 0x0000000000000000
mem[X,0x0000000080018100] -> 0x8593
mem[X,0x0000000080018102] -> 0x5555
[3200] [M]: 0x0000000080018100 (0x55558593) addi a1, a1, 1365
x11 <- 0x0015555555555555
mem[X,0x0000000080018104] -> 0x9593
mem[X,0x0000000080018106] -> 0x00A5
[3201] [M]: 0x0000000080018104 (0x00A59593) slli a1, a1, 10
x11 <- 0x5555555555555400
mem[X,0x0000000080018108] -> 0x8593
mem[X,0x000000008001810A] -> 0x1555
[3202] [M]: 0x0000000080018108 (0x15558593) addi a1, a1, 341
x11 <- 0x5555555555555555
mem[X,0x000000008001810C] -> 0x0113
mem[X,0x000000008001810E] -> 0x0000
[3203] [M]: 0x000000008001810C (0x00000113) addi sp, zero, 0
x2 <- 0x0000000000000000
mem[X,0x0000000080018110] -> 0x006F
mem[X,0x0000000080018112] -> 0x00C0
[3204] [M]: 0x0000000080018110 (0x00C0006F) jal zero, 12
mem[X,0x000000008001811C] -> 0x1063
mem[X,0x000000008001811E] -> 0x10B5
[3205] [M]: 0x000000008001811C (0x10B51063) bne a0, a1, 256
mem[X,0x000000008001821C] -> 0x0113
mem[X,0x000000008001821E] -> 0x0031
[3206] [M]: 0x000000008001821C (0x00310113) addi sp, sp, 3
x2 <- 0x0000000000000003
mem[X,0x0000000080018220] -> 0x006F
mem[X,0x0000000080018222] -> 0x0040
[3207] [M]: 0x0000000080018220 (0x0040006F) jal zero, 4
mem[X,0x0000000080018224] -> 0xBC23
mem[X,0x0000000080018226] -> 0x6A20
[3208] [M]: 0x0000000080018224 (0x6A20BC23) sd sp, 1720(ra)
mem[0x0000000080045890] <- 0x0000000000000003
mem[X,0x0000000080018228] -> 0xB537
mem[X,0x000000008001822A] -> 0xAAAA
[3209] [M]: 0x0000000080018228 (0xAAAAB537) lui a0, 699051
x10 <- 0xFFFFFFFFAAAAB000
mem[X,0x000000008001822C] -> 0x0513
mem[X,0x000000008001822E] -> 0xAAA5
[3210] [M]: 0x000000008001822C (0xAAA50513) addi a0, a0, 2730
x10 <- 0xFFFFFFFFAAAAAAAA
mem[X,0x0000000080018230] -> 0x1513
mem[X,0x0000000080018232] -> 0x00B5
[3211] [M]: 0x0000000080018230 (0x00B51513) slli a0, a0, 11
x10 <- 0xFFFFFD5555555000
mem[X,0x0000000080018234] -> 0x0513
mem[X,0x0000000080018236] -> 0x5555
[3212] [M]: 0x0000000080018234 (0x55550513) addi a0, a0, 1365
x10 <- 0xFFFFFD5555555555
mem[X,0x0000000080018238] -> 0x1513
mem[X,0x000000008001823A] -> 0x00B5
[3213] [M]: 0x0000000080018238 (0x00B51513) slli a0, a0, 11
x10 <- 0xFFEAAAAAAAAAA800
mem[X,0x000000008001823C] -> 0x0513
mem[X,0x000000008001823E] -> 0x2AA5
[3214] [M]: 0x000000008001823C (0x2AA50513) addi a0, a0, 682
x10 <- 0xFFEAAAAAAAAAAAAA
mem[X,0x0000000080018240] -> 0x1513
mem[X,0x0000000080018242] -> 0x00A5
[3215] [M]: 0x0000000080018240 (0x00A51513) slli a0, a0, 10
x10 <- 0xAAAAAAAAAAAAA800
mem[X,0x0000000080018244] -> 0x0513
mem[X,0x0000000080018246] -> 0x2AA5
[3216] [M]: 0x0000000080018244 (0x2AA50513) addi a0, a0, 682
x10 <- 0xAAAAAAAAAAAAAAAA
mem[X,0x0000000080018248] -> 0xB5B7
mem[X,0x000000008001824A] -> 0xAAAA
[3217] [M]: 0x0000000080018248 (0xAAAAB5B7) lui a1, 699051
x11 <- 0xFFFFFFFFAAAAB000
mem[X,0x000000008001824C] -> 0x8593
mem[X,0x000000008001824E] -> 0xAAA5
[3218] [M]: 0x000000008001824C (0xAAA58593) addi a1, a1, 2730
x11 <- 0xFFFFFFFFAAAAAAAA
mem[X,0x0000000080018250] -> 0x9593
mem[X,0x0000000080018252] -> 0x00B5
[3219] [M]: 0x0000000080018250 (0x00B59593) slli a1, a1, 11
x11 <- 0xFFFFFD5555555000
mem[X,0x0000000080018254] -> 0x8593
mem[X,0x0000000080018256] -> 0x5555
[3220] [M]: 0x0000000080018254 (0x55558593) addi a1, a1, 1365
x11 <- 0xFFFFFD5555555555
mem[X,0x0000000080018258] -> 0x9593
mem[X,0x000000008001825A] -> 0x00B5
[3221] [M]: 0x0000000080018258 (0x00B59593) slli a1, a1, 11
x11 <- 0xFFEAAAAAAAAAA800
mem[X,0x000000008001825C] -> 0x8593
mem[X,0x000000008001825E] -> 0x2AA5
[3222] [M]: 0x000000008001825C (0x2AA58593) addi a1, a1, 682
x11 <- 0xFFEAAAAAAAAAAAAA
mem[X,0x0000000080018260] -> 0x9593
mem[X,0x0000000080018262] -> 0x00A5
[3223] [M]: 0x0000000080018260 (0x00A59593) slli a1, a1, 10
x11 <- 0xAAAAAAAAAAAAA800
mem[X,0x0000000080018264] -> 0x8593
mem[X,0x0000000080018266] -> 0x2AA5
[3224] [M]: 0x0000000080018264 (0x2AA58593) addi a1, a1, 682
x11 <- 0xAAAAAAAAAAAAAAAA
mem[X,0x0000000080018268] -> 0x0113
mem[X,0x000000008001826A] -> 0x0000
[3225] [M]: 0x0000000080018268 (0x00000113) addi sp, zero, 0
x2 <- 0x0000000000000000
mem[X,0x000000008001826C] -> 0x006F
mem[X,0x000000008001826E] -> 0x00C0
[3226] [M]: 0x000000008001826C (0x00C0006F) jal zero, 12
mem[X,0x0000000080018278] -> 0x1063
mem[X,0x000000008001827A] -> 0x04B5
[3227] [M]: 0x0000000080018278 (0x04B51063) bne a0, a1, 64
mem[X,0x000000008001827C] -> 0x0113
mem[X,0x000000008001827E] -> 0x0021
[3228] [M]: 0x000000008001827C (0x00210113) addi sp, sp, 2
x2 <- 0x0000000000000002
mem[X,0x0000000080018280] -> 0x006F
mem[X,0x0000000080018282] -> 0x0400
[3229] [M]: 0x0000000080018280 (0x0400006F) jal zero, 64
mem[X,0x00000000800182C0] -> 0xB023
mem[X,0x00000000800182C2] -> 0x6C20
[3230] [M]: 0x00000000800182C0 (0x6C20B023) sd sp, 1728(ra)
mem[0x0000000080045898] <- 0x0000000000000002
mem[X,0x00000000800182C4] -> 0xB537
mem[X,0x00000000800182C6] -> 0xAAAA
[3231] [M]: 0x00000000800182C4 (0xAAAAB537) lui a0, 699051
x10 <- 0xFFFFFFFFAAAAB000
mem[X,0x00000000800182C8] -> 0x0513
mem[X,0x00000000800182CA] -> 0xAAA5
[3232] [M]: 0x00000000800182C8 (0xAAA50513) addi a0, a0, 2730
x10 <- 0xFFFFFFFFAAAAAAAA
mem[X,0x00000000800182CC] -> 0x1513
mem[X,0x00000000800182CE] -> 0x00B5
[3233] [M]: 0x00000000800182CC (0x00B51513) slli a0, a0, 11
x10 <- 0xFFFFFD5555555000
mem[X,0x00000000800182D0] -> 0x0513
mem[X,0x00000000800182D2] -> 0x5555
[3234] [M]: 0x00000000800182D0 (0x55550513) addi a0, a0, 1365
x10 <- 0xFFFFFD5555555555
mem[X,0x00000000800182D4] -> 0x1513
mem[X,0x00000000800182D6] -> 0x00B5
[3235] [M]: 0x00000000800182D4 (0x00B51513) slli a0, a0, 11
x10 <- 0xFFEAAAAAAAAAA800
mem[X,0x00000000800182D8] -> 0x0513
mem[X,0x00000000800182DA] -> 0x2AA5
[3236] [M]: 0x00000000800182D8 (0x2AA50513) addi a0, a0, 682
x10 <- 0xFFEAAAAAAAAAAAAA
mem[X,0x00000000800182DC] -> 0x1513
mem[X,0x00000000800182DE] -> 0x00A5
[3237] [M]: 0x00000000800182DC (0x00A51513) slli a0, a0, 10
x10 <- 0xAAAAAAAAAAAAA800
mem[X,0x00000000800182E0] -> 0x0513
mem[X,0x00000000800182E2] -> 0x2AA5
[3238] [M]: 0x00000000800182E0 (0x2AA50513) addi a0, a0, 682
x10 <- 0xAAAAAAAAAAAAAAAA
mem[X,0x00000000800182E4] -> 0x0593
mem[X,0x00000000800182E6] -> 0x0050
[3239] [M]: 0x00000000800182E4 (0x00500593) addi a1, zero, 5
x11 <- 0x0000000000000005
mem[X,0x00000000800182E8] -> 0x0113
mem[X,0x00000000800182EA] -> 0x0000
[3240] [M]: 0x00000000800182E8 (0x00000113) addi sp, zero, 0
x2 <- 0x0000000000000000
mem[X,0x00000000800182EC] -> 0x006F
mem[X,0x00000000800182EE] -> 0x00C0
[3241] [M]: 0x00000000800182EC (0x00C0006F) jal zero, 12
mem[X,0x00000000800182F8] -> 0x1063
mem[X,0x00000000800182FA] -> 0x20B5
[3242] [M]: 0x00000000800182F8 (0x20B51063) bne a0, a1, 512
mem[X,0x00000000800184F8] -> 0x0113
mem[X,0x00000000800184FA] -> 0x0031
[3243] [M]: 0x00000000800184F8 (0x00310113) addi sp, sp, 3
x2 <- 0x0000000000000003
mem[X,0x00000000800184FC] -> 0x006F
mem[X,0x00000000800184FE] -> 0x0040
[3244] [M]: 0x00000000800184FC (0x0040006F) jal zero, 4
mem[X,0x0000000080018500] -> 0xB423
mem[X,0x0000000080018502] -> 0x6C20
[3245] [M]: 0x0000000080018500 (0x6C20B423) sd sp, 1736(ra)
mem[0x00000000800458A0] <- 0x0000000000000003
mem[X,0x0000000080018504] -> 0xB537
mem[X,0x0000000080018506] -> 0xAAAA
[3246] [M]: 0x0000000080018504 (0xAAAAB537) lui a0, 699051
x10 <- 0xFFFFFFFFAAAAB000
mem[X,0x0000000080018508] -> 0x0513
mem[X,0x000000008001850A] -> 0xAAA5
[3247] [M]: 0x0000000080018508 (0xAAA50513) addi a0, a0, 2730
x10 <- 0xFFFFFFFFAAAAAAAA
mem[X,0x000000008001850C] -> 0x1513
mem[X,0x000000008001850E] -> 0x00B5
[3248] [M]: 0x000000008001850C (0x00B51513) slli a0, a0, 11
x10 <- 0xFFFFFD5555555000
mem[X,0x0000000080018510] -> 0x0513
mem[X,0x0000000080018512] -> 0x5555
[3249] [M]: 0x0000000080018510 (0x55550513) addi a0, a0, 1365
x10 <- 0xFFFFFD5555555555
mem[X,0x0000000080018514] -> 0x1513
mem[X,0x0000000080018516] -> 0x00B5
[3250] [M]: 0x0000000080018514 (0x00B51513) slli a0, a0, 11
x10 <- 0xFFEAAAAAAAAAA800
mem[X,0x0000000080018518] -> 0x0513
mem[X,0x000000008001851A] -> 0x2AA5
[3251] [M]: 0x0000000080018518 (0x2AA50513) addi a0, a0, 682
x10 <- 0xFFEAAAAAAAAAAAAA
mem[X,0x000000008001851C] -> 0x1513
mem[X,0x000000008001851E] -> 0x00A5
[3252] [M]: 0x000000008001851C (0x00A51513) slli a0, a0, 10
x10 <- 0xAAAAAAAAAAAAA800
mem[X,0x0000000080018520] -> 0x0513
mem[X,0x0000000080018522] -> 0x2AA5
[3253] [M]: 0x0000000080018520 (0x2AA50513) addi a0, a0, 682
x10 <- 0xAAAAAAAAAAAAAAAA
mem[X,0x0000000080018524] -> 0x35B7
mem[X,0x0000000080018526] -> 0x3333
[3254] [M]: 0x0000000080018524 (0x333335B7) lui a1, 209715
x11 <- 0x0000000033333000
mem[X,0x0000000080018528] -> 0x8593
mem[X,0x000000008001852A] -> 0x3335
[3255] [M]: 0x0000000080018528 (0x33358593) addi a1, a1, 819
x11 <- 0x0000000033333333
mem[X,0x000000008001852C] -> 0x9593
mem[X,0x000000008001852E] -> 0x00B5
[3256] [M]: 0x000000008001852C (0x00B59593) slli a1, a1, 11
x11 <- 0x0000019999999800
mem[X,0x0000000080018530] -> 0x8593
mem[X,0x0000000080018532] -> 0x1995
[3257] [M]: 0x0000000080018530 (0x19958593) addi a1, a1, 409
x11 <- 0x0000019999999999
mem[X,0x0000000080018534] -> 0x9593
mem[X,0x0000000080018536] -> 0x00B5
[3258] [M]: 0x0000000080018534 (0x00B59593) slli a1, a1, 11
x11 <- 0x000CCCCCCCCCC800
mem[X,0x0000000080018538] -> 0x8593
mem[X,0x000000008001853A] -> 0x4CC5
[3259] [M]: 0x0000000080018538 (0x4CC58593) addi a1, a1, 1228
x11 <- 0x000CCCCCCCCCCCCC
mem[X,0x000000008001853C] -> 0x9593
mem[X,0x000000008001853E] -> 0x00A5
[3260] [M]: 0x000000008001853C (0x00A59593) slli a1, a1, 10
x11 <- 0x3333333333333000
mem[X,0x0000000080018540] -> 0x8593
mem[X,0x0000000080018542] -> 0x3335
[3261] [M]: 0x0000000080018540 (0x33358593) addi a1, a1, 819
x11 <- 0x3333333333333333
mem[X,0x0000000080018544] -> 0x0113
mem[X,0x0000000080018546] -> 0x0000
[3262] [M]: 0x0000000080018544 (0x00000113) addi sp, zero, 0
x2 <- 0x0000000000000000
mem[X,0x0000000080018548] -> 0x006F
mem[X,0x000000008001854A] -> 0x00C0
[3263] [M]: 0x0000000080018548 (0x00C0006F) jal zero, 12
mem[X,0x0000000080018554] -> 0x1663
mem[X,0x0000000080018556] -> 0x00B5
[3264] [M]: 0x0000000080018554 (0x00B51663) bne a0, a1, 12
mem[X,0x0000000080018560] -> 0x0113
mem[X,0x0000000080018562] -> 0x0031
[3265] [M]: 0x0000000080018560 (0x00310113) addi sp, sp, 3
x2 <- 0x0000000000000003
mem[X,0x0000000080018564] -> 0x006F
mem[X,0x0000000080018566] -> 0x0040
[3266] [M]: 0x0000000080018564 (0x0040006F) jal zero, 4
mem[X,0x0000000080018568] -> 0xB823
mem[X,0x000000008001856A] -> 0x6C20
[3267] [M]: 0x0000000080018568 (0x6C20B823) sd sp, 1744(ra)
mem[0x00000000800458A8] <- 0x0000000000000003
mem[X,0x000000008001856C] -> 0xB537
mem[X,0x000000008001856E] -> 0xAAAA
[3268] [M]: 0x000000008001856C (0xAAAAB537) lui a0, 699051
x10 <- 0xFFFFFFFFAAAAB000
mem[X,0x0000000080018570] -> 0x0513
mem[X,0x0000000080018572] -> 0xAAA5
[3269] [M]: 0x0000000080018570 (0xAAA50513) addi a0, a0, 2730
x10 <- 0xFFFFFFFFAAAAAAAA
mem[X,0x0000000080018574] -> 0x1513
mem[X,0x0000000080018576] -> 0x00B5
[3270] [M]: 0x0000000080018574 (0x00B51513) slli a0, a0, 11
x10 <- 0xFFFFFD5555555000
mem[X,0x0000000080018578] -> 0x0513
mem[X,0x000000008001857A] -> 0x5555
[3271] [M]: 0x0000000080018578 (0x55550513) addi a0, a0, 1365
x10 <- 0xFFFFFD5555555555
mem[X,0x000000008001857C] -> 0x1513
mem[X,0x000000008001857E] -> 0x00B5
[3272] [M]: 0x000000008001857C (0x00B51513) slli a0, a0, 11
x10 <- 0xFFEAAAAAAAAAA800
mem[X,0x0000000080018580] -> 0x0513
mem[X,0x0000000080018582] -> 0x2AA5
[3273] [M]: 0x0000000080018580 (0x2AA50513) addi a0, a0, 682
x10 <- 0xFFEAAAAAAAAAAAAA
mem[X,0x0000000080018584] -> 0x1513
mem[X,0x0000000080018586] -> 0x00A5
[3274] [M]: 0x0000000080018584 (0x00A51513) slli a0, a0, 10
x10 <- 0xAAAAAAAAAAAAA800
mem[X,0x0000000080018588] -> 0x0513
mem[X,0x000000008001858A] -> 0x2AA5
[3275] [M]: 0x0000000080018588 (0x2AA50513) addi a0, a0, 682
x10 <- 0xAAAAAAAAAAAAAAAA
mem[X,0x000000008001858C] -> 0x65B7
mem[X,0x000000008001858E] -> 0x6666
[3276] [M]: 0x000000008001858C (0x666665B7) lui a1, 419430
x11 <- 0x0000000066666000
mem[X,0x0000000080018590] -> 0x8593
mem[X,0x0000000080018592] -> 0x6665
[3277] [M]: 0x0000000080018590 (0x66658593) addi a1, a1, 1638
x11 <- 0x0000000066666666
mem[X,0x0000000080018594] -> 0x9593
mem[X,0x0000000080018596] -> 0x00B5
[3278] [M]: 0x0000000080018594 (0x00B59593) slli a1, a1, 11
x11 <- 0x0000033333333000
mem[X,0x0000000080018598] -> 0x8593
mem[X,0x000000008001859A] -> 0x3335
[3279] [M]: 0x0000000080018598 (0x33358593) addi a1, a1, 819
x11 <- 0x0000033333333333
mem[X,0x000000008001859C] -> 0x9593
mem[X,0x000000008001859E] -> 0x00B5
[3280] [M]: 0x000000008001859C (0x00B59593) slli a1, a1, 11
x11 <- 0x0019999999999800
mem[X,0x00000000800185A0] -> 0x8593
mem[X,0x00000000800185A2] -> 0x1995
[3281] [M]: 0x00000000800185A0 (0x19958593) addi a1, a1, 409
x11 <- 0x0019999999999999
mem[X,0x00000000800185A4] -> 0x9593
mem[X,0x00000000800185A6] -> 0x00A5
[3282] [M]: 0x00000000800185A4 (0x00A59593) slli a1, a1, 10
x11 <- 0x6666666666666400
mem[X,0x00000000800185A8] -> 0x8593
mem[X,0x00000000800185AA] -> 0x2665
[3283] [M]: 0x00000000800185A8 (0x26658593) addi a1, a1, 614
x11 <- 0x6666666666666666
mem[X,0x00000000800185AC] -> 0x0113
mem[X,0x00000000800185AE] -> 0x0000
[3284] [M]: 0x00000000800185AC (0x00000113) addi sp, zero, 0
x2 <- 0x0000000000000000
mem[X,0x00000000800185B0] -> 0x006F
mem[X,0x00000000800185B2] -> 0x00C0
[3285] [M]: 0x00000000800185B0 (0x00C0006F) jal zero, 12
mem[X,0x00000000800185BC] -> 0x1063
mem[X,0x00000000800185BE] -> 0x02B5
[3286] [M]: 0x00000000800185BC (0x02B51063) bne a0, a1, 32
mem[X,0x00000000800185DC] -> 0x0113
mem[X,0x00000000800185DE] -> 0x0031
[3287] [M]: 0x00000000800185DC (0x00310113) addi sp, sp, 3
x2 <- 0x0000000000000003
mem[X,0x00000000800185E0] -> 0x006F
mem[X,0x00000000800185E2] -> 0x0040
[3288] [M]: 0x00000000800185E0 (0x0040006F) jal zero, 4
mem[X,0x00000000800185E4] -> 0xBC23
mem[X,0x00000000800185E6] -> 0x6C20
[3289] [M]: 0x00000000800185E4 (0x6C20BC23) sd sp, 1752(ra)
mem[0x00000000800458B0] <- 0x0000000000000003
mem[X,0x00000000800185E8] -> 0xB537
mem[X,0x00000000800185EA] -> 0xAAAA
[3290] [M]: 0x00000000800185E8 (0xAAAAB537) lui a0, 699051
x10 <- 0xFFFFFFFFAAAAB000
mem[X,0x00000000800185EC] -> 0x0513
mem[X,0x00000000800185EE] -> 0xAAA5
[3291] [M]: 0x00000000800185EC (0xAAA50513) addi a0, a0, 2730
x10 <- 0xFFFFFFFFAAAAAAAA
mem[X,0x00000000800185F0] -> 0x1513
mem[X,0x00000000800185F2] -> 0x00B5
[3292] [M]: 0x00000000800185F0 (0x00B51513) slli a0, a0, 11
x10 <- 0xFFFFFD5555555000
mem[X,0x00000000800185F4] -> 0x0513
mem[X,0x00000000800185F6] -> 0x5555
[3293] [M]: 0x00000000800185F4 (0x55550513) addi a0, a0, 1365
x10 <- 0xFFFFFD5555555555
mem[X,0x00000000800185F8] -> 0x1513
mem[X,0x00000000800185FA] -> 0x00B5
[3294] [M]: 0x00000000800185F8 (0x00B51513) slli a0, a0, 11
x10 <- 0xFFEAAAAAAAAAA800
mem[X,0x00000000800185FC] -> 0x0513
mem[X,0x00000000800185FE] -> 0x2AA5
[3295] [M]: 0x00000000800185FC (0x2AA50513) addi a0, a0, 682
x10 <- 0xFFEAAAAAAAAAAAAA
mem[X,0x0000000080018600] -> 0x1513
mem[X,0x0000000080018602] -> 0x00A5
[3296] [M]: 0x0000000080018600 (0x00A51513) slli a0, a0, 10
x10 <- 0xAAAAAAAAAAAAA800
mem[X,0x0000000080018604] -> 0x0513
mem[X,0x0000000080018606] -> 0x2AA5
[3297] [M]: 0x0000000080018604 (0x2AA50513) addi a0, a0, 682
x10 <- 0xAAAAAAAAAAAAAAAA
mem[X,0x0000000080018608] -> 0x05B7
mem[X,0x000000008001860A] -> 0x0000
[3298] [M]: 0x0000000080018608 (0x000005B7) lui a1, 0
x11 <- 0x0000000000000000
mem[X,0x000000008001860C] -> 0x8593
mem[X,0x000000008001860E] -> 0xFFF5
[3299] [M]: 0x000000008001860C (0xFFF58593) addi a1, a1, 4095
x11 <- 0xFFFFFFFFFFFFFFFF
clint::tick mtime <- 0x0000000000000021
 clint timer pending at mtime 0x0000000000000021
htif::tick 0x0000000000000000
mem[X,0x0000000080018610] -> 0x9593
mem[X,0x0000000080018612] -> 0x00B5
[3300] [M]: 0x0000000080018610 (0x00B59593) slli a1, a1, 11
x11 <- 0xFFFFFFFFFFFFF800
mem[X,0x0000000080018614] -> 0x8593
mem[X,0x0000000080018616] -> 0x2575
[3301] [M]: 0x0000000080018614 (0x25758593) addi a1, a1, 599
x11 <- 0xFFFFFFFFFFFFFA57
mem[X,0x0000000080018618] -> 0x9593
mem[X,0x000000008001861A] -> 0x00B5
[3302] [M]: 0x0000000080018618 (0x00B59593) slli a1, a1, 11
x11 <- 0xFFFFFFFFFFD2B800
mem[X,0x000000008001861C] -> 0x8593
mem[X,0x000000008001861E] -> 0x6C35
[3303] [M]: 0x000000008001861C (0x6C358593) addi a1, a1, 1731
x11 <- 0xFFFFFFFFFFD2BEC3
mem[X,0x0000000080018620] -> 0x9593
mem[X,0x0000000080018622] -> 0x00A5
[3304] [M]: 0x0000000080018620 (0x00A59593) slli a1, a1, 10
x11 <- 0xFFFFFFFF4AFB0C00
mem[X,0x0000000080018624] -> 0x8593
mem[X,0x0000000080018626] -> 0x0CD5
[3305] [M]: 0x0000000080018624 (0x0CD58593) addi a1, a1, 205
x11 <- 0xFFFFFFFF4AFB0CCD
mem[X,0x0000000080018628] -> 0x0113
mem[X,0x000000008001862A] -> 0x0000
[3306] [M]: 0x0000000080018628 (0x00000113) addi sp, zero, 0
x2 <- 0x0000000000000000
mem[X,0x000000008001862C] -> 0x006F
mem[X,0x000000008001862E] -> 0x00C0
[3307] [M]: 0x000000008001862C (0x00C0006F) jal zero, 12
mem[X,0x0000000080018638] -> 0x1663
mem[X,0x000000008001863A] -> 0x00B5
[3308] [M]: 0x0000000080018638 (0x00B51663) bne a0, a1, 12
mem[X,0x0000000080018644] -> 0x0113
mem[X,0x0000000080018646] -> 0x0031
[3309] [M]: 0x0000000080018644 (0x00310113) addi sp, sp, 3
x2 <- 0x0000000000000003
mem[X,0x0000000080018648] -> 0x006F
mem[X,0x000000008001864A] -> 0x0040
[3310] [M]: 0x0000000080018648 (0x0040006F) jal zero, 4
mem[X,0x000000008001864C] -> 0xB023
mem[X,0x000000008001864E] -> 0x6E20
[3311] [M]: 0x000000008001864C (0x6E20B023) sd sp, 1760(ra)
mem[0x00000000800458B8] <- 0x0000000000000003
mem[X,0x0000000080018650] -> 0xB537
mem[X,0x0000000080018652] -> 0xAAAA
[3312] [M]: 0x0000000080018650 (0xAAAAB537) lui a0, 699051
x10 <- 0xFFFFFFFFAAAAB000
mem[X,0x0000000080018654] -> 0x0513
mem[X,0x0000000080018656] -> 0xAAA5
[3313] [M]: 0x0000000080018654 (0xAAA50513) addi a0, a0, 2730
x10 <- 0xFFFFFFFFAAAAAAAA
mem[X,0x0000000080018658] -> 0x1513
mem[X,0x000000008001865A] -> 0x00B5
[3314] [M]: 0x0000000080018658 (0x00B51513) slli a0, a0, 11
x10 <- 0xFFFFFD5555555000
mem[X,0x000000008001865C] -> 0x0513
mem[X,0x000000008001865E] -> 0x5555
[3315] [M]: 0x000000008001865C (0x55550513) addi a0, a0, 1365
x10 <- 0xFFFFFD5555555555
mem[X,0x0000000080018660] -> 0x1513
mem[X,0x0000000080018662] -> 0x00B5
[3316] [M]: 0x0000000080018660 (0x00B51513) slli a0, a0, 11
x10 <- 0xFFEAAAAAAAAAA800
mem[X,0x0000000080018664] -> 0x0513
mem[X,0x0000000080018666] -> 0x2AA5
[3317] [M]: 0x0000000080018664 (0x2AA50513) addi a0, a0, 682
x10 <- 0xFFEAAAAAAAAAAAAA
mem[X,0x0000000080018668] -> 0x1513
mem[X,0x000000008001866A] -> 0x00A5
[3318] [M]: 0x0000000080018668 (0x00A51513) slli a0, a0, 10
x10 <- 0xAAAAAAAAAAAAA800
mem[X,0x000000008001866C] -> 0x0513
mem[X,0x000000008001866E] -> 0x2AA5
[3319] [M]: 0x000000008001866C (0x2AA50513) addi a0, a0, 682
x10 <- 0xAAAAAAAAAAAAAAAA
mem[X,0x0000000080018670] -> 0x05B7
mem[X,0x0000000080018672] -> 0x0000
[3320] [M]: 0x0000000080018670 (0x000005B7) lui a1, 0
x11 <- 0x0000000000000000
mem[X,0x0000000080018674] -> 0x8593
mem[X,0x0000000080018676] -> 0x0005
[3321] [M]: 0x0000000080018674 (0x00058593) addi a1, a1, 0
x11 <- 0x0000000000000000
mem[X,0x0000000080018678] -> 0x9593
mem[X,0x000000008001867A] -> 0x00B5
[3322] [M]: 0x0000000080018678 (0x00B59593) slli a1, a1, 11
x11 <- 0x0000000000000000
mem[X,0x000000008001867C] -> 0x8593
mem[X,0x000000008001867E] -> 0x5A85
[3323] [M]: 0x000000008001867C (0x5A858593) addi a1, a1, 1448
x11 <- 0x00000000000005A8
mem[X,0x0000000080018680] -> 0x9593
mem[X,0x0000000080018682] -> 0x00B5
[3324] [M]: 0x0000000080018680 (0x00B59593) slli a1, a1, 11
x11 <- 0x00000000002D4000
mem[X,0x0000000080018684] -> 0x8593
mem[X,0x0000000080018686] -> 0x13C5
[3325] [M]: 0x0000000080018684 (0x13C58593) addi a1, a1, 316
x11 <- 0x00000000002D413C
mem[X,0x0000000080018688] -> 0x9593
mem[X,0x000000008001868A] -> 0x00A5
[3326] [M]: 0x0000000080018688 (0x00A59593) slli a1, a1, 10
x11 <- 0x00000000B504F000
mem[X,0x000000008001868C] -> 0x8593
mem[X,0x000000008001868E] -> 0x3335
[3327] [M]: 0x000000008001868C (0x33358593) addi a1, a1, 819
x11 <- 0x00000000B504F333
mem[X,0x0000000080018690] -> 0x0113
mem[X,0x0000000080018692] -> 0x0000
[3328] [M]: 0x0000000080018690 (0x00000113) addi sp, zero, 0
x2 <- 0x0000000000000000
mem[X,0x0000000080018694] -> 0x006F
mem[X,0x0000000080018696] -> 0x00C0
[3329] [M]: 0x0000000080018694 (0x00C0006F) jal zero, 12
mem[X,0x00000000800186A0] -> 0x1863
mem[X,0x00000000800186A2] -> 0x00B5
[3330] [M]: 0x00000000800186A0 (0x00B51863) bne a0, a1, 16
mem[X,0x00000000800186B0] -> 0x0113
mem[X,0x00000000800186B2] -> 0x0031
[3331] [M]: 0x00000000800186B0 (0x00310113) addi sp, sp, 3
x2 <- 0x0000000000000003
mem[X,0x00000000800186B4] -> 0x006F
mem[X,0x00000000800186B6] -> 0x0040
[3332] [M]: 0x00000000800186B4 (0x0040006F) jal zero, 4
mem[X,0x00000000800186B8] -> 0xB423
mem[X,0x00000000800186BA] -> 0x6E20
[3333] [M]: 0x00000000800186B8 (0x6E20B423) sd sp, 1768(ra)
mem[0x00000000800458C0] <- 0x0000000000000003
mem[X,0x00000000800186BC] -> 0xB537
mem[X,0x00000000800186BE] -> 0xAAAA
[3334] [M]: 0x00000000800186BC (0xAAAAB537) lui a0, 699051
x10 <- 0xFFFFFFFFAAAAB000
mem[X,0x00000000800186C0] -> 0x0513
mem[X,0x00000000800186C2] -> 0xAAA5
[3335] [M]: 0x00000000800186C0 (0xAAA50513) addi a0, a0, 2730
x10 <- 0xFFFFFFFFAAAAAAAA
mem[X,0x00000000800186C4] -> 0x1513
mem[X,0x00000000800186C6] -> 0x00B5
[3336] [M]: 0x00000000800186C4 (0x00B51513) slli a0, a0, 11
x10 <- 0xFFFFFD5555555000
mem[X,0x00000000800186C8] -> 0x0513
mem[X,0x00000000800186CA] -> 0x5555
[3337] [M]: 0x00000000800186C8 (0x55550513) addi a0, a0, 1365
x10 <- 0xFFFFFD5555555555
mem[X,0x00000000800186CC] -> 0x1513
mem[X,0x00000000800186CE] -> 0x00B5
[3338] [M]: 0x00000000800186CC (0x00B51513) slli a0, a0, 11
x10 <- 0xFFEAAAAAAAAAA800
mem[X,0x00000000800186D0] -> 0x0513
mem[X,0x00000000800186D2] -> 0x2AA5
[3339] [M]: 0x00000000800186D0 (0x2AA50513) addi a0, a0, 682
x10 <- 0xFFEAAAAAAAAAAAAA
mem[X,0x00000000800186D4] -> 0x1513
mem[X,0x00000000800186D6] -> 0x00A5
[3340] [M]: 0x00000000800186D4 (0x00A51513) slli a0, a0, 10
x10 <- 0xAAAAAAAAAAAAA800
mem[X,0x00000000800186D8] -> 0x0513
mem[X,0x00000000800186DA] -> 0x2AA5
[3341] [M]: 0x00000000800186D8 (0x2AA50513) addi a0, a0, 682
x10 <- 0xAAAAAAAAAAAAAAAA
mem[X,0x00000000800186DC] -> 0x0593
mem[X,0x00000000800186DE] -> 0x0020
[3342] [M]: 0x00000000800186DC (0x00200593) addi a1, zero, 2
x11 <- 0x0000000000000002
mem[X,0x00000000800186E0] -> 0x0113
mem[X,0x00000000800186E2] -> 0x0000
[3343] [M]: 0x00000000800186E0 (0x00000113) addi sp, zero, 0
x2 <- 0x0000000000000000
mem[X,0x00000000800186E4] -> 0x006F
mem[X,0x00000000800186E6] -> 0x00C0
[3344] [M]: 0x00000000800186E4 (0x00C0006F) jal zero, 12
mem[X,0x00000000800186F0] -> 0x1063
mem[X,0x00000000800186F2] -> 0x02B5
[3345] [M]: 0x00000000800186F0 (0x02B51063) bne a0, a1, 32
mem[X,0x0000000080018710] -> 0x0113
mem[X,0x0000000080018712] -> 0x0031
[3346] [M]: 0x0000000080018710 (0x00310113) addi sp, sp, 3
x2 <- 0x0000000000000003
mem[X,0x0000000080018714] -> 0x006F
mem[X,0x0000000080018716] -> 0x0040
[3347] [M]: 0x0000000080018714 (0x0040006F) jal zero, 4
mem[X,0x0000000080018718] -> 0xB823
mem[X,0x000000008001871A] -> 0x6E20
[3348] [M]: 0x0000000080018718 (0x6E20B823) sd sp, 1776(ra)
mem[0x00000000800458C8] <- 0x0000000000000003
mem[X,0x000000008001871C] -> 0xB537
mem[X,0x000000008001871E] -> 0xAAAA
[3349] [M]: 0x000000008001871C (0xAAAAB537) lui a0, 699051
x10 <- 0xFFFFFFFFAAAAB000
mem[X,0x0000000080018720] -> 0x0513
mem[X,0x0000000080018722] -> 0xAAA5
[3350] [M]: 0x0000000080018720 (0xAAA50513) addi a0, a0, 2730
x10 <- 0xFFFFFFFFAAAAAAAA
mem[X,0x0000000080018724] -> 0x1513
mem[X,0x0000000080018726] -> 0x00B5
[3351] [M]: 0x0000000080018724 (0x00B51513) slli a0, a0, 11
x10 <- 0xFFFFFD5555555000
mem[X,0x0000000080018728] -> 0x0513
mem[X,0x000000008001872A] -> 0x5555
[3352] [M]: 0x0000000080018728 (0x55550513) addi a0, a0, 1365
x10 <- 0xFFFFFD5555555555
mem[X,0x000000008001872C] -> 0x1513
mem[X,0x000000008001872E] -> 0x00B5
[3353] [M]: 0x000000008001872C (0x00B51513) slli a0, a0, 11
x10 <- 0xFFEAAAAAAAAAA800
mem[X,0x0000000080018730] -> 0x0513
mem[X,0x0000000080018732] -> 0x2AA5
[3354] [M]: 0x0000000080018730 (0x2AA50513) addi a0, a0, 682
x10 <- 0xFFEAAAAAAAAAAAAA
mem[X,0x0000000080018734] -> 0x1513
mem[X,0x0000000080018736] -> 0x00A5
[3355] [M]: 0x0000000080018734 (0x00A51513) slli a0, a0, 10
x10 <- 0xAAAAAAAAAAAAA800
mem[X,0x0000000080018738] -> 0x0513
mem[X,0x000000008001873A] -> 0x2AA5
[3356] [M]: 0x0000000080018738 (0x2AA50513) addi a0, a0, 682
x10 <- 0xAAAAAAAAAAAAAAAA
mem[X,0x000000008001873C] -> 0x55B7
mem[X,0x000000008001873E] -> 0x5555
[3357] [M]: 0x000000008001873C (0x555555B7) lui a1, 349525
x11 <- 0x0000000055555000
mem[X,0x0000000080018740] -> 0x8593
mem[X,0x0000000080018742] -> 0x5555
[3358] [M]: 0x0000000080018740 (0x55558593) addi a1, a1, 1365
x11 <- 0x0000000055555555
mem[X,0x0000000080018744] -> 0x9593
mem[X,0x0000000080018746] -> 0x00B5
[3359] [M]: 0x0000000080018744 (0x00B59593) slli a1, a1, 11
x11 <- 0x000002AAAAAAA800
mem[X,0x0000000080018748] -> 0x8593
mem[X,0x000000008001874A] -> 0x2AA5
[3360] [M]: 0x0000000080018748 (0x2AA58593) addi a1, a1, 682
x11 <- 0x000002AAAAAAAAAA
mem[X,0x000000008001874C] -> 0x9593
mem[X,0x000000008001874E] -> 0x00B5
[3361] [M]: 0x000000008001874C (0x00B59593) slli a1, a1, 11
x11 <- 0x0015555555555000
mem[X,0x0000000080018750] -> 0x8593
mem[X,0x0000000080018752] -> 0x5555
[3362] [M]: 0x0000000080018750 (0x55558593) addi a1, a1, 1365
x11 <- 0x0015555555555555
mem[X,0x0000000080018754] -> 0x9593
mem[X,0x0000000080018756] -> 0x00A5
[3363] [M]: 0x0000000080018754 (0x00A59593) slli a1, a1, 10
x11 <- 0x5555555555555400
mem[X,0x0000000080018758] -> 0x8593
mem[X,0x000000008001875A] -> 0x1545
[3364] [M]: 0x0000000080018758 (0x15458593) addi a1, a1, 340
x11 <- 0x5555555555555554
mem[X,0x000000008001875C] -> 0x0113
mem[X,0x000000008001875E] -> 0x0000
[3365] [M]: 0x000000008001875C (0x00000113) addi sp, zero, 0
x2 <- 0x0000000000000000
mem[X,0x0000000080018760] -> 0x006F
mem[X,0x0000000080018762] -> 0x0100
[3366] [M]: 0x0000000080018760 (0x0100006F) jal zero, 16
mem[X,0x0000000080018770] -> 0x1AE3
mem[X,0x0000000080018772] -> 0xFEB5
[3367] [M]: 0x0000000080018770 (0xFEB51AE3) bne a0, a1, 8180
mem[X,0x0000000080018764] -> 0x0113
mem[X,0x0000000080018766] -> 0x0011
[3368] [M]: 0x0000000080018764 (0x00110113) addi sp, sp, 1
x2 <- 0x0000000000000001
mem[X,0x0000000080018768] -> 0x006F
mem[X,0x000000008001876A] -> 0x01C0
[3369] [M]: 0x0000000080018768 (0x01C0006F) jal zero, 28
mem[X,0x0000000080018784] -> 0xBC23
mem[X,0x0000000080018786] -> 0x6E20
[3370] [M]: 0x0000000080018784 (0x6E20BC23) sd sp, 1784(ra)
mem[0x00000000800458D0] <- 0x0000000000000001
mem[X,0x0000000080018788] -> 0xB537
mem[X,0x000000008001878A] -> 0xAAAA
[3371] [M]: 0x0000000080018788 (0xAAAAB537) lui a0, 699051
x10 <- 0xFFFFFFFFAAAAB000
mem[X,0x000000008001878C] -> 0x0513
mem[X,0x000000008001878E] -> 0xAAA5
[3372] [M]: 0x000000008001878C (0xAAA50513) addi a0, a0, 2730
x10 <- 0xFFFFFFFFAAAAAAAA
mem[X,0x0000000080018790] -> 0x1513
mem[X,0x0000000080018792] -> 0x00B5
[3373] [M]: 0x0000000080018790 (0x00B51513) slli a0, a0, 11
x10 <- 0xFFFFFD5555555000
mem[X,0x0000000080018794] -> 0x0513
mem[X,0x0000000080018796] -> 0x5555
[3374] [M]: 0x0000000080018794 (0x55550513) addi a0, a0, 1365
x10 <- 0xFFFFFD5555555555
mem[X,0x0000000080018798] -> 0x1513
mem[X,0x000000008001879A] -> 0x00B5
[3375] [M]: 0x0000000080018798 (0x00B51513) slli a0, a0, 11
x10 <- 0xFFEAAAAAAAAAA800
mem[X,0x000000008001879C] -> 0x0513
mem[X,0x000000008001879E] -> 0x2AA5
[3376] [M]: 0x000000008001879C (0x2AA50513) addi a0, a0, 682
x10 <- 0xFFEAAAAAAAAAAAAA
mem[X,0x00000000800187A0] -> 0x1513
mem[X,0x00000000800187A2] -> 0x00A5
[3377] [M]: 0x00000000800187A0 (0x00A51513) slli a0, a0, 10
x10 <- 0xAAAAAAAAAAAAA800
mem[X,0x00000000800187A4] -> 0x0513
mem[X,0x00000000800187A6] -> 0x2AA5
[3378] [M]: 0x00000000800187A4 (0x2AA50513) addi a0, a0, 682
x10 <- 0xAAAAAAAAAAAAAAAA
mem[X,0x00000000800187A8] -> 0x0593
mem[X,0x00000000800187AA] -> 0x0000
[3379] [M]: 0x00000000800187A8 (0x00000593) addi a1, zero, 0
x11 <- 0x0000000000000000
mem[X,0x00000000800187AC] -> 0x0113
mem[X,0x00000000800187AE] -> 0x0000
[3380] [M]: 0x00000000800187AC (0x00000113) addi sp, zero, 0
x2 <- 0x0000000000000000
mem[X,0x00000000800187B0] -> 0x006F
mem[X,0x00000000800187B2] -> 0x2B10
[3381] [M]: 0x00000000800187B0 (0x2B10006F) jal zero, 2736
mem[X,0x0000000080019260] -> 0x1A63
mem[X,0x0000000080019262] -> 0xD4B5
[3382] [M]: 0x0000000080019260 (0xD4B51A63) bne a0, a1, 5460
mem[X,0x00000000800187B4] -> 0x0113
mem[X,0x00000000800187B6] -> 0x0011
[3383] [M]: 0x00000000800187B4 (0x00110113) addi sp, sp, 1
x2 <- 0x0000000000000001
mem[X,0x00000000800187B8] -> 0x006F
mem[X,0x00000000800187BA] -> 0x2BD0
[3384] [M]: 0x00000000800187B8 (0x2BD0006F) jal zero, 2748
mem[X,0x0000000080019274] -> 0xB023
mem[X,0x0000000080019276] -> 0x7020
[3385] [M]: 0x0000000080019274 (0x7020B023) sd sp, 1792(ra)
mem[0x00000000800458D8] <- 0x0000000000000001
mem[X,0x0000000080019278] -> 0xB537
mem[X,0x000000008001927A] -> 0xAAAA
[3386] [M]: 0x0000000080019278 (0xAAAAB537) lui a0, 699051
x10 <- 0xFFFFFFFFAAAAB000
mem[X,0x000000008001927C] -> 0x0513
mem[X,0x000000008001927E] -> 0xAAA5
[3387] [M]: 0x000000008001927C (0xAAA50513) addi a0, a0, 2730
x10 <- 0xFFFFFFFFAAAAAAAA
mem[X,0x0000000080019280] -> 0x1513
mem[X,0x0000000080019282] -> 0x00B5
[3388] [M]: 0x0000000080019280 (0x00B51513) slli a0, a0, 11
x10 <- 0xFFFFFD5555555000
mem[X,0x0000000080019284] -> 0x0513
mem[X,0x0000000080019286] -> 0x5555
[3389] [M]: 0x0000000080019284 (0x55550513) addi a0, a0, 1365
x10 <- 0xFFFFFD5555555555
mem[X,0x0000000080019288] -> 0x1513
mem[X,0x000000008001928A] -> 0x00B5
[3390] [M]: 0x0000000080019288 (0x00B51513) slli a0, a0, 11
x10 <- 0xFFEAAAAAAAAAA800
mem[X,0x000000008001928C] -> 0x0513
mem[X,0x000000008001928E] -> 0x2AA5
[3391] [M]: 0x000000008001928C (0x2AA50513) addi a0, a0, 682
x10 <- 0xFFEAAAAAAAAAAAAA
mem[X,0x0000000080019290] -> 0x1513
mem[X,0x0000000080019292] -> 0x00A5
[3392] [M]: 0x0000000080019290 (0x00A51513) slli a0, a0, 10
x10 <- 0xAAAAAAAAAAAAA800
mem[X,0x0000000080019294] -> 0x0513
mem[X,0x0000000080019296] -> 0x2AA5
[3393] [M]: 0x0000000080019294 (0x2AA50513) addi a0, a0, 682
x10 <- 0xAAAAAAAAAAAAAAAA
mem[X,0x0000000080019298] -> 0x0593
mem[X,0x000000008001929A] -> 0x0040
[3394] [M]: 0x0000000080019298 (0x00400593) addi a1, zero, 4
x11 <- 0x0000000000000004
mem[X,0x000000008001929C] -> 0x0113
mem[X,0x000000008001929E] -> 0x0000
[3395] [M]: 0x000000008001929C (0x00000113) addi sp, zero, 0
x2 <- 0x0000000000000000
mem[X,0x00000000800192A0] -> 0x006F
mem[X,0x00000000800192A2] -> 0x0100
[3396] [M]: 0x00000000800192A0 (0x0100006F) jal zero, 16
mem[X,0x00000000800192B0] -> 0x1AE3
mem[X,0x00000000800192B2] -> 0xFEB5
[3397] [M]: 0x00000000800192B0 (0xFEB51AE3) bne a0, a1, 8180
mem[X,0x00000000800192A4] -> 0x0113
mem[X,0x00000000800192A6] -> 0x0011
[3398] [M]: 0x00000000800192A4 (0x00110113) addi sp, sp, 1
x2 <- 0x0000000000000001
mem[X,0x00000000800192A8] -> 0x006F
mem[X,0x00000000800192AA] -> 0x01C0
[3399] [M]: 0x00000000800192A8 (0x01C0006F) jal zero, 28
clint::tick mtime <- 0x0000000000000022
 clint timer pending at mtime 0x0000000000000022
htif::tick 0x0000000000000000
mem[X,0x00000000800192C4] -> 0xB423
mem[X,0x00000000800192C6] -> 0x7020
[3400] [M]: 0x00000000800192C4 (0x7020B423) sd sp, 1800(ra)
mem[0x00000000800458E0] <- 0x0000000000000001
mem[X,0x00000000800192C8] -> 0xB537
mem[X,0x00000000800192CA] -> 0xAAAA
[3401] [M]: 0x00000000800192C8 (0xAAAAB537) lui a0, 699051
x10 <- 0xFFFFFFFFAAAAB000
mem[X,0x00000000800192CC] -> 0x0513
mem[X,0x00000000800192CE] -> 0xAAA5
[3402] [M]: 0x00000000800192CC (0xAAA50513) addi a0, a0, 2730
x10 <- 0xFFFFFFFFAAAAAAAA
mem[X,0x00000000800192D0] -> 0x1513
mem[X,0x00000000800192D2] -> 0x00B5
[3403] [M]: 0x00000000800192D0 (0x00B51513) slli a0, a0, 11
x10 <- 0xFFFFFD5555555000
mem[X,0x00000000800192D4] -> 0x0513
mem[X,0x00000000800192D6] -> 0x5555
[3404] [M]: 0x00000000800192D4 (0x55550513) addi a0, a0, 1365
x10 <- 0xFFFFFD5555555555
mem[X,0x00000000800192D8] -> 0x1513
mem[X,0x00000000800192DA] -> 0x00B5
[3405] [M]: 0x00000000800192D8 (0x00B51513) slli a0, a0, 11
x10 <- 0xFFEAAAAAAAAAA800
mem[X,0x00000000800192DC] -> 0x0513
mem[X,0x00000000800192DE] -> 0x2AA5
[3406] [M]: 0x00000000800192DC (0x2AA50513) addi a0, a0, 682
x10 <- 0xFFEAAAAAAAAAAAAA
mem[X,0x00000000800192E0] -> 0x1513
mem[X,0x00000000800192E2] -> 0x00A5
[3407] [M]: 0x00000000800192E0 (0x00A51513) slli a0, a0, 10
x10 <- 0xAAAAAAAAAAAAA800
mem[X,0x00000000800192E4] -> 0x0513
mem[X,0x00000000800192E6] -> 0x2AA5
[3408] [M]: 0x00000000800192E4 (0x2AA50513) addi a0, a0, 682
x10 <- 0xAAAAAAAAAAAAAAAA
mem[X,0x00000000800192E8] -> 0x35B7
mem[X,0x00000000800192EA] -> 0x3333
[3409] [M]: 0x00000000800192E8 (0x333335B7) lui a1, 209715
x11 <- 0x0000000033333000
mem[X,0x00000000800192EC] -> 0x8593
mem[X,0x00000000800192EE] -> 0x3335
[3410] [M]: 0x00000000800192EC (0x33358593) addi a1, a1, 819
x11 <- 0x0000000033333333
mem[X,0x00000000800192F0] -> 0x9593
mem[X,0x00000000800192F2] -> 0x00B5
[3411] [M]: 0x00000000800192F0 (0x00B59593) slli a1, a1, 11
x11 <- 0x0000019999999800
mem[X,0x00000000800192F4] -> 0x8593
mem[X,0x00000000800192F6] -> 0x1995
[3412] [M]: 0x00000000800192F4 (0x19958593) addi a1, a1, 409
x11 <- 0x0000019999999999
mem[X,0x00000000800192F8] -> 0x9593
mem[X,0x00000000800192FA] -> 0x00B5
[3413] [M]: 0x00000000800192F8 (0x00B59593) slli a1, a1, 11
x11 <- 0x000CCCCCCCCCC800
mem[X,0x00000000800192FC] -> 0x8593
mem[X,0x00000000800192FE] -> 0x4CC5
[3414] [M]: 0x00000000800192FC (0x4CC58593) addi a1, a1, 1228
x11 <- 0x000CCCCCCCCCCCCC
mem[X,0x0000000080019300] -> 0x9593
mem[X,0x0000000080019302] -> 0x00A5
[3415] [M]: 0x0000000080019300 (0x00A59593) slli a1, a1, 10
x11 <- 0x3333333333333000
mem[X,0x0000000080019304] -> 0x8593
mem[X,0x0000000080019306] -> 0x3325
[3416] [M]: 0x0000000080019304 (0x33258593) addi a1, a1, 818
x11 <- 0x3333333333333332
mem[X,0x0000000080019308] -> 0x0113
mem[X,0x000000008001930A] -> 0x0000
[3417] [M]: 0x0000000080019308 (0x00000113) addi sp, zero, 0
x2 <- 0x0000000000000000
mem[X,0x000000008001930C] -> 0x006F
mem[X,0x000000008001930E] -> 0x00C0
[3418] [M]: 0x000000008001930C (0x00C0006F) jal zero, 12
mem[X,0x0000000080019318] -> 0x1663
mem[X,0x000000008001931A] -> 0x00B5
[3419] [M]: 0x0000000080019318 (0x00B51663) bne a0, a1, 12
mem[X,0x0000000080019324] -> 0x0113
mem[X,0x0000000080019326] -> 0x0031
[3420] [M]: 0x0000000080019324 (0x00310113) addi sp, sp, 3
x2 <- 0x0000000000000003
mem[X,0x0000000080019328] -> 0x006F
mem[X,0x000000008001932A] -> 0x0040
[3421] [M]: 0x0000000080019328 (0x0040006F) jal zero, 4
mem[X,0x000000008001932C] -> 0xB823
mem[X,0x000000008001932E] -> 0x7020
[3422] [M]: 0x000000008001932C (0x7020B823) sd sp, 1808(ra)
mem[0x00000000800458E8] <- 0x0000000000000003
mem[X,0x0000000080019330] -> 0xB537
mem[X,0x0000000080019332] -> 0xAAAA
[3423] [M]: 0x0000000080019330 (0xAAAAB537) lui a0, 699051
x10 <- 0xFFFFFFFFAAAAB000
mem[X,0x0000000080019334] -> 0x0513
mem[X,0x0000000080019336] -> 0xAAA5
[3424] [M]: 0x0000000080019334 (0xAAA50513) addi a0, a0, 2730
x10 <- 0xFFFFFFFFAAAAAAAA
mem[X,0x0000000080019338] -> 0x1513
mem[X,0x000000008001933A] -> 0x00B5
[3425] [M]: 0x0000000080019338 (0x00B51513) slli a0, a0, 11
x10 <- 0xFFFFFD5555555000
mem[X,0x000000008001933C] -> 0x0513
mem[X,0x000000008001933E] -> 0x5555
[3426] [M]: 0x000000008001933C (0x55550513) addi a0, a0, 1365
x10 <- 0xFFFFFD5555555555
mem[X,0x0000000080019340] -> 0x1513
mem[X,0x0000000080019342] -> 0x00B5
[3427] [M]: 0x0000000080019340 (0x00B51513) slli a0, a0, 11
x10 <- 0xFFEAAAAAAAAAA800
mem[X,0x0000000080019344] -> 0x0513
mem[X,0x0000000080019346] -> 0x2AA5
[3428] [M]: 0x0000000080019344 (0x2AA50513) addi a0, a0, 682
x10 <- 0xFFEAAAAAAAAAAAAA
mem[X,0x0000000080019348] -> 0x1513
mem[X,0x000000008001934A] -> 0x00A5
[3429] [M]: 0x0000000080019348 (0x00A51513) slli a0, a0, 10
x10 <- 0xAAAAAAAAAAAAA800
mem[X,0x000000008001934C] -> 0x0513
mem[X,0x000000008001934E] -> 0x2AA5
[3430] [M]: 0x000000008001934C (0x2AA50513) addi a0, a0, 682
x10 <- 0xAAAAAAAAAAAAAAAA
mem[X,0x0000000080019350] -> 0x65B7
mem[X,0x0000000080019352] -> 0x6666
[3431] [M]: 0x0000000080019350 (0x666665B7) lui a1, 419430
x11 <- 0x0000000066666000
mem[X,0x0000000080019354] -> 0x8593
mem[X,0x0000000080019356] -> 0x6665
[3432] [M]: 0x0000000080019354 (0x66658593) addi a1, a1, 1638
x11 <- 0x0000000066666666
mem[X,0x0000000080019358] -> 0x9593
mem[X,0x000000008001935A] -> 0x00B5
[3433] [M]: 0x0000000080019358 (0x00B59593) slli a1, a1, 11
x11 <- 0x0000033333333000
mem[X,0x000000008001935C] -> 0x8593
mem[X,0x000000008001935E] -> 0x3335
[3434] [M]: 0x000000008001935C (0x33358593) addi a1, a1, 819
x11 <- 0x0000033333333333
mem[X,0x0000000080019360] -> 0x9593
mem[X,0x0000000080019362] -> 0x00B5
[3435] [M]: 0x0000000080019360 (0x00B59593) slli a1, a1, 11
x11 <- 0x0019999999999800
mem[X,0x0000000080019364] -> 0x8593
mem[X,0x0000000080019366] -> 0x1995
[3436] [M]: 0x0000000080019364 (0x19958593) addi a1, a1, 409
x11 <- 0x0019999999999999
mem[X,0x0000000080019368] -> 0x9593
mem[X,0x000000008001936A] -> 0x00A5
[3437] [M]: 0x0000000080019368 (0x00A59593) slli a1, a1, 10
x11 <- 0x6666666666666400
mem[X,0x000000008001936C] -> 0x8593
mem[X,0x000000008001936E] -> 0x2655
[3438] [M]: 0x000000008001936C (0x26558593) addi a1, a1, 613
x11 <- 0x6666666666666665
mem[X,0x0000000080019370] -> 0x0113
mem[X,0x0000000080019372] -> 0x0000
[3439] [M]: 0x0000000080019370 (0x00000113) addi sp, zero, 0
x2 <- 0x0000000000000000
mem[X,0x0000000080019374] -> 0x006F
mem[X,0x0000000080019376] -> 0x00C0
[3440] [M]: 0x0000000080019374 (0x00C0006F) jal zero, 12
mem[X,0x0000000080019380] -> 0x1CE3
mem[X,0x0000000080019382] -> 0xFEB5
[3441] [M]: 0x0000000080019380 (0xFEB51CE3) bne a0, a1, 8184
mem[X,0x0000000080019378] -> 0x0113
mem[X,0x000000008001937A] -> 0x0011
[3442] [M]: 0x0000000080019378 (0x00110113) addi sp, sp, 1
x2 <- 0x0000000000000001
mem[X,0x000000008001937C] -> 0x006F
mem[X,0x000000008001937E] -> 0x0180
[3443] [M]: 0x000000008001937C (0x0180006F) jal zero, 24
mem[X,0x0000000080019394] -> 0xBC23
mem[X,0x0000000080019396] -> 0x7020
[3444] [M]: 0x0000000080019394 (0x7020BC23) sd sp, 1816(ra)
mem[0x00000000800458F0] <- 0x0000000000000001
mem[X,0x0000000080019398] -> 0xB537
mem[X,0x000000008001939A] -> 0xAAAA
[3445] [M]: 0x0000000080019398 (0xAAAAB537) lui a0, 699051
x10 <- 0xFFFFFFFFAAAAB000
mem[X,0x000000008001939C] -> 0x0513
mem[X,0x000000008001939E] -> 0xAAA5
[3446] [M]: 0x000000008001939C (0xAAA50513) addi a0, a0, 2730
x10 <- 0xFFFFFFFFAAAAAAAA
mem[X,0x00000000800193A0] -> 0x1513
mem[X,0x00000000800193A2] -> 0x00B5
[3447] [M]: 0x00000000800193A0 (0x00B51513) slli a0, a0, 11
x10 <- 0xFFFFFD5555555000
mem[X,0x00000000800193A4] -> 0x0513
mem[X,0x00000000800193A6] -> 0x5555
[3448] [M]: 0x00000000800193A4 (0x55550513) addi a0, a0, 1365
x10 <- 0xFFFFFD5555555555
mem[X,0x00000000800193A8] -> 0x1513
mem[X,0x00000000800193AA] -> 0x00B5
[3449] [M]: 0x00000000800193A8 (0x00B51513) slli a0, a0, 11
x10 <- 0xFFEAAAAAAAAAA800
mem[X,0x00000000800193AC] -> 0x0513
mem[X,0x00000000800193AE] -> 0x2AA5
[3450] [M]: 0x00000000800193AC (0x2AA50513) addi a0, a0, 682
x10 <- 0xFFEAAAAAAAAAAAAA
mem[X,0x00000000800193B0] -> 0x1513
mem[X,0x00000000800193B2] -> 0x00A5
[3451] [M]: 0x00000000800193B0 (0x00A51513) slli a0, a0, 10
x10 <- 0xAAAAAAAAAAAAA800
mem[X,0x00000000800193B4] -> 0x0513
mem[X,0x00000000800193B6] -> 0x2AA5
[3452] [M]: 0x00000000800193B4 (0x2AA50513) addi a0, a0, 682
x10 <- 0xAAAAAAAAAAAAAAAA
mem[X,0x00000000800193B8] -> 0x05B7
mem[X,0x00000000800193BA] -> 0x0000
[3453] [M]: 0x00000000800193B8 (0x000005B7) lui a1, 0
x11 <- 0x0000000000000000
mem[X,0x00000000800193BC] -> 0x8593
mem[X,0x00000000800193BE] -> 0x0005
[3454] [M]: 0x00000000800193BC (0x00058593) addi a1, a1, 0
x11 <- 0x0000000000000000
mem[X,0x00000000800193C0] -> 0x9593
mem[X,0x00000000800193C2] -> 0x00B5
[3455] [M]: 0x00000000800193C0 (0x00B59593) slli a1, a1, 11
x11 <- 0x0000000000000000
mem[X,0x00000000800193C4] -> 0x8593
mem[X,0x00000000800193C6] -> 0x5A85
[3456] [M]: 0x00000000800193C4 (0x5A858593) addi a1, a1, 1448
x11 <- 0x00000000000005A8
mem[X,0x00000000800193C8] -> 0x9593
mem[X,0x00000000800193CA] -> 0x00B5
[3457] [M]: 0x00000000800193C8 (0x00B59593) slli a1, a1, 11
x11 <- 0x00000000002D4000
mem[X,0x00000000800193CC] -> 0x8593
mem[X,0x00000000800193CE] -> 0x13C5
[3458] [M]: 0x00000000800193CC (0x13C58593) addi a1, a1, 316
x11 <- 0x00000000002D413C
mem[X,0x00000000800193D0] -> 0x9593
mem[X,0x00000000800193D2] -> 0x00A5
[3459] [M]: 0x00000000800193D0 (0x00A59593) slli a1, a1, 10
x11 <- 0x00000000B504F000
mem[X,0x00000000800193D4] -> 0x8593
mem[X,0x00000000800193D6] -> 0x3325
[3460] [M]: 0x00000000800193D4 (0x33258593) addi a1, a1, 818
x11 <- 0x00000000B504F332
mem[X,0x00000000800193D8] -> 0x0113
mem[X,0x00000000800193DA] -> 0x0000
[3461] [M]: 0x00000000800193D8 (0x00000113) addi sp, zero, 0
x2 <- 0x0000000000000000
mem[X,0x00000000800193DC] -> 0x006F
mem[X,0x00000000800193DE] -> 0x00C0
[3462] [M]: 0x00000000800193DC (0x00C0006F) jal zero, 12
mem[X,0x00000000800193E8] -> 0x1063
mem[X,0x00000000800193EA] -> 0x02B5
[3463] [M]: 0x00000000800193E8 (0x02B51063) bne a0, a1, 32
mem[X,0x0000000080019408] -> 0x0113
mem[X,0x000000008001940A] -> 0x0031
[3464] [M]: 0x0000000080019408 (0x00310113) addi sp, sp, 3
x2 <- 0x0000000000000003
mem[X,0x000000008001940C] -> 0x006F
mem[X,0x000000008001940E] -> 0x0040
[3465] [M]: 0x000000008001940C (0x0040006F) jal zero, 4
mem[X,0x0000000080019410] -> 0xB023
mem[X,0x0000000080019412] -> 0x7220
[3466] [M]: 0x0000000080019410 (0x7220B023) sd sp, 1824(ra)
mem[0x00000000800458F8] <- 0x0000000000000003
mem[X,0x0000000080019414] -> 0xB537
mem[X,0x0000000080019416] -> 0xAAAA
[3467] [M]: 0x0000000080019414 (0xAAAAB537) lui a0, 699051
x10 <- 0xFFFFFFFFAAAAB000
mem[X,0x0000000080019418] -> 0x0513
mem[X,0x000000008001941A] -> 0xAAA5
[3468] [M]: 0x0000000080019418 (0xAAA50513) addi a0, a0, 2730
x10 <- 0xFFFFFFFFAAAAAAAA
mem[X,0x000000008001941C] -> 0x1513
mem[X,0x000000008001941E] -> 0x00B5
[3469] [M]: 0x000000008001941C (0x00B51513) slli a0, a0, 11
x10 <- 0xFFFFFD5555555000
mem[X,0x0000000080019420] -> 0x0513
mem[X,0x0000000080019422] -> 0x5555
[3470] [M]: 0x0000000080019420 (0x55550513) addi a0, a0, 1365
x10 <- 0xFFFFFD5555555555
mem[X,0x0000000080019424] -> 0x1513
mem[X,0x0000000080019426] -> 0x00B5
[3471] [M]: 0x0000000080019424 (0x00B51513) slli a0, a0, 11
x10 <- 0xFFEAAAAAAAAAA800
mem[X,0x0000000080019428] -> 0x0513
mem[X,0x000000008001942A] -> 0x2AA5
[3472] [M]: 0x0000000080019428 (0x2AA50513) addi a0, a0, 682
x10 <- 0xFFEAAAAAAAAAAAAA
mem[X,0x000000008001942C] -> 0x1513
mem[X,0x000000008001942E] -> 0x00A5
[3473] [M]: 0x000000008001942C (0x00A51513) slli a0, a0, 10
x10 <- 0xAAAAAAAAAAAAA800
mem[X,0x0000000080019430] -> 0x0513
mem[X,0x0000000080019432] -> 0x2AA5
[3474] [M]: 0x0000000080019430 (0x2AA50513) addi a0, a0, 682
x10 <- 0xAAAAAAAAAAAAAAAA
mem[X,0x0000000080019434] -> 0x55B7
mem[X,0x0000000080019436] -> 0x5555
[3475] [M]: 0x0000000080019434 (0x555555B7) lui a1, 349525
x11 <- 0x0000000055555000
mem[X,0x0000000080019438] -> 0x8593
mem[X,0x000000008001943A] -> 0x5555
[3476] [M]: 0x0000000080019438 (0x55558593) addi a1, a1, 1365
x11 <- 0x0000000055555555
mem[X,0x000000008001943C] -> 0x9593
mem[X,0x000000008001943E] -> 0x00B5
[3477] [M]: 0x000000008001943C (0x00B59593) slli a1, a1, 11
x11 <- 0x000002AAAAAAA800
mem[X,0x0000000080019440] -> 0x8593
mem[X,0x0000000080019442] -> 0x2AA5
[3478] [M]: 0x0000000080019440 (0x2AA58593) addi a1, a1, 682
x11 <- 0x000002AAAAAAAAAA
mem[X,0x0000000080019444] -> 0x9593
mem[X,0x0000000080019446] -> 0x00B5
[3479] [M]: 0x0000000080019444 (0x00B59593) slli a1, a1, 11
x11 <- 0x0015555555555000
mem[X,0x0000000080019448] -> 0x8593
mem[X,0x000000008001944A] -> 0x5555
[3480] [M]: 0x0000000080019448 (0x55558593) addi a1, a1, 1365
x11 <- 0x0015555555555555
mem[X,0x000000008001944C] -> 0x9593
mem[X,0x000000008001944E] -> 0x00A5
[3481] [M]: 0x000000008001944C (0x00A59593) slli a1, a1, 10
x11 <- 0x5555555555555400
mem[X,0x0000000080019450] -> 0x8593
mem[X,0x0000000080019452] -> 0x1565
[3482] [M]: 0x0000000080019450 (0x15658593) addi a1, a1, 342
x11 <- 0x5555555555555556
mem[X,0x0000000080019454] -> 0x0113
mem[X,0x0000000080019456] -> 0x0000
[3483] [M]: 0x0000000080019454 (0x00000113) addi sp, zero, 0
x2 <- 0x0000000000000000
mem[X,0x0000000080019458] -> 0x006F
mem[X,0x000000008001945A] -> 0x00C0
[3484] [M]: 0x0000000080019458 (0x00C0006F) jal zero, 12
mem[X,0x0000000080019464] -> 0x1063
mem[X,0x0000000080019466] -> 0x10B5
[3485] [M]: 0x0000000080019464 (0x10B51063) bne a0, a1, 256
mem[X,0x0000000080019564] -> 0x0113
mem[X,0x0000000080019566] -> 0x0031
[3486] [M]: 0x0000000080019564 (0x00310113) addi sp, sp, 3
x2 <- 0x0000000000000003
mem[X,0x0000000080019568] -> 0x006F
mem[X,0x000000008001956A] -> 0x0040
[3487] [M]: 0x0000000080019568 (0x0040006F) jal zero, 4
mem[X,0x000000008001956C] -> 0xB423
mem[X,0x000000008001956E] -> 0x7220
[3488] [M]: 0x000000008001956C (0x7220B423) sd sp, 1832(ra)
mem[0x0000000080045900] <- 0x0000000000000003
mem[X,0x0000000080019570] -> 0xB537
mem[X,0x0000000080019572] -> 0xAAAA
[3489] [M]: 0x0000000080019570 (0xAAAAB537) lui a0, 699051
x10 <- 0xFFFFFFFFAAAAB000
mem[X,0x0000000080019574] -> 0x0513
mem[X,0x0000000080019576] -> 0xAAA5
[3490] [M]: 0x0000000080019574 (0xAAA50513) addi a0, a0, 2730
x10 <- 0xFFFFFFFFAAAAAAAA
mem[X,0x0000000080019578] -> 0x1513
mem[X,0x000000008001957A] -> 0x00B5
[3491] [M]: 0x0000000080019578 (0x00B51513) slli a0, a0, 11
x10 <- 0xFFFFFD5555555000
mem[X,0x000000008001957C] -> 0x0513
mem[X,0x000000008001957E] -> 0x5555
[3492] [M]: 0x000000008001957C (0x55550513) addi a0, a0, 1365
x10 <- 0xFFFFFD5555555555
mem[X,0x0000000080019580] -> 0x1513
mem[X,0x0000000080019582] -> 0x00B5
[3493] [M]: 0x0000000080019580 (0x00B51513) slli a0, a0, 11
x10 <- 0xFFEAAAAAAAAAA800
mem[X,0x0000000080019584] -> 0x0513
mem[X,0x0000000080019586] -> 0x2AA5
[3494] [M]: 0x0000000080019584 (0x2AA50513) addi a0, a0, 682
x10 <- 0xFFEAAAAAAAAAAAAA
mem[X,0x0000000080019588] -> 0x1513
mem[X,0x000000008001958A] -> 0x00A5
[3495] [M]: 0x0000000080019588 (0x00A51513) slli a0, a0, 10
x10 <- 0xAAAAAAAAAAAAA800
mem[X,0x000000008001958C] -> 0x0513
mem[X,0x000000008001958E] -> 0x2AA5
[3496] [M]: 0x000000008001958C (0x2AA50513) addi a0, a0, 682
x10 <- 0xAAAAAAAAAAAAAAAA
mem[X,0x0000000080019590] -> 0xB5B7
mem[X,0x0000000080019592] -> 0xAAAA
[3497] [M]: 0x0000000080019590 (0xAAAAB5B7) lui a1, 699051
x11 <- 0xFFFFFFFFAAAAB000
mem[X,0x0000000080019594] -> 0x8593
mem[X,0x0000000080019596] -> 0xAAA5
[3498] [M]: 0x0000000080019594 (0xAAA58593) addi a1, a1, 2730
x11 <- 0xFFFFFFFFAAAAAAAA
mem[X,0x0000000080019598] -> 0x9593
mem[X,0x000000008001959A] -> 0x00B5
[3499] [M]: 0x0000000080019598 (0x00B59593) slli a1, a1, 11
x11 <- 0xFFFFFD5555555000
clint::tick mtime <- 0x0000000000000023
 clint timer pending at mtime 0x0000000000000023
htif::tick 0x0000000000000000
mem[X,0x000000008001959C] -> 0x8593
mem[X,0x000000008001959E] -> 0x5555
[3500] [M]: 0x000000008001959C (0x55558593) addi a1, a1, 1365
x11 <- 0xFFFFFD5555555555
mem[X,0x00000000800195A0] -> 0x9593
mem[X,0x00000000800195A2] -> 0x00B5
[3501] [M]: 0x00000000800195A0 (0x00B59593) slli a1, a1, 11
x11 <- 0xFFEAAAAAAAAAA800
mem[X,0x00000000800195A4] -> 0x8593
mem[X,0x00000000800195A6] -> 0x2AA5
[3502] [M]: 0x00000000800195A4 (0x2AA58593) addi a1, a1, 682
x11 <- 0xFFEAAAAAAAAAAAAA
mem[X,0x00000000800195A8] -> 0x9593
mem[X,0x00000000800195AA] -> 0x00A5
[3503] [M]: 0x00000000800195A8 (0x00A59593) slli a1, a1, 10
x11 <- 0xAAAAAAAAAAAAA800
mem[X,0x00000000800195AC] -> 0x8593
mem[X,0x00000000800195AE] -> 0x2AB5
[3504] [M]: 0x00000000800195AC (0x2AB58593) addi a1, a1, 683
x11 <- 0xAAAAAAAAAAAAAAAB
mem[X,0x00000000800195B0] -> 0x0113
mem[X,0x00000000800195B2] -> 0x0000
[3505] [M]: 0x00000000800195B0 (0x00000113) addi sp, zero, 0
x2 <- 0x0000000000000000
mem[X,0x00000000800195B4] -> 0x006F
mem[X,0x00000000800195B6] -> 0x00C0
[3506] [M]: 0x00000000800195B4 (0x00C0006F) jal zero, 12
mem[X,0x00000000800195C0] -> 0x1863
mem[X,0x00000000800195C2] -> 0x00B5
[3507] [M]: 0x00000000800195C0 (0x00B51863) bne a0, a1, 16
mem[X,0x00000000800195D0] -> 0x0113
mem[X,0x00000000800195D2] -> 0x0031
[3508] [M]: 0x00000000800195D0 (0x00310113) addi sp, sp, 3
x2 <- 0x0000000000000003
mem[X,0x00000000800195D4] -> 0x006F
mem[X,0x00000000800195D6] -> 0x0040
[3509] [M]: 0x00000000800195D4 (0x0040006F) jal zero, 4
mem[X,0x00000000800195D8] -> 0xB823
mem[X,0x00000000800195DA] -> 0x7220
[3510] [M]: 0x00000000800195D8 (0x7220B823) sd sp, 1840(ra)
mem[0x0000000080045908] <- 0x0000000000000003
mem[X,0x00000000800195DC] -> 0xB537
mem[X,0x00000000800195DE] -> 0xAAAA
[3511] [M]: 0x00000000800195DC (0xAAAAB537) lui a0, 699051
x10 <- 0xFFFFFFFFAAAAB000
mem[X,0x00000000800195E0] -> 0x0513
mem[X,0x00000000800195E2] -> 0xAAA5
[3512] [M]: 0x00000000800195E0 (0xAAA50513) addi a0, a0, 2730
x10 <- 0xFFFFFFFFAAAAAAAA
mem[X,0x00000000800195E4] -> 0x1513
mem[X,0x00000000800195E6] -> 0x00B5
[3513] [M]: 0x00000000800195E4 (0x00B51513) slli a0, a0, 11
x10 <- 0xFFFFFD5555555000
mem[X,0x00000000800195E8] -> 0x0513
mem[X,0x00000000800195EA] -> 0x5555
[3514] [M]: 0x00000000800195E8 (0x55550513) addi a0, a0, 1365
x10 <- 0xFFFFFD5555555555
mem[X,0x00000000800195EC] -> 0x1513
mem[X,0x00000000800195EE] -> 0x00B5
[3515] [M]: 0x00000000800195EC (0x00B51513) slli a0, a0, 11
x10 <- 0xFFEAAAAAAAAAA800
mem[X,0x00000000800195F0] -> 0x0513
mem[X,0x00000000800195F2] -> 0x2AA5
[3516] [M]: 0x00000000800195F0 (0x2AA50513) addi a0, a0, 682
x10 <- 0xFFEAAAAAAAAAAAAA
mem[X,0x00000000800195F4] -> 0x1513
mem[X,0x00000000800195F6] -> 0x00A5
[3517] [M]: 0x00000000800195F4 (0x00A51513) slli a0, a0, 10
x10 <- 0xAAAAAAAAAAAAA800
mem[X,0x00000000800195F8] -> 0x0513
mem[X,0x00000000800195FA] -> 0x2AA5
[3518] [M]: 0x00000000800195F8 (0x2AA50513) addi a0, a0, 682
x10 <- 0xAAAAAAAAAAAAAAAA
mem[X,0x00000000800195FC] -> 0x0593
mem[X,0x00000000800195FE] -> 0x0060
[3519] [M]: 0x00000000800195FC (0x00600593) addi a1, zero, 6
x11 <- 0x0000000000000006
mem[X,0x0000000080019600] -> 0x0113
mem[X,0x0000000080019602] -> 0x0000
[3520] [M]: 0x0000000080019600 (0x00000113) addi sp, zero, 0
x2 <- 0x0000000000000000
mem[X,0x0000000080019604] -> 0x006F
mem[X,0x0000000080019606] -> 0x00C0
[3521] [M]: 0x0000000080019604 (0x00C0006F) jal zero, 12
mem[X,0x0000000080019610] -> 0x1663
mem[X,0x0000000080019612] -> 0x00B5
[3522] [M]: 0x0000000080019610 (0x00B51663) bne a0, a1, 12
mem[X,0x000000008001961C] -> 0x0113
mem[X,0x000000008001961E] -> 0x0031
[3523] [M]: 0x000000008001961C (0x00310113) addi sp, sp, 3
x2 <- 0x0000000000000003
mem[X,0x0000000080019620] -> 0x006F
mem[X,0x0000000080019622] -> 0x0040
[3524] [M]: 0x0000000080019620 (0x0040006F) jal zero, 4
mem[X,0x0000000080019624] -> 0xBC23
mem[X,0x0000000080019626] -> 0x7220
[3525] [M]: 0x0000000080019624 (0x7220BC23) sd sp, 1848(ra)
mem[0x0000000080045910] <- 0x0000000000000003
mem[X,0x0000000080019628] -> 0xB537
mem[X,0x000000008001962A] -> 0xAAAA
[3526] [M]: 0x0000000080019628 (0xAAAAB537) lui a0, 699051
x10 <- 0xFFFFFFFFAAAAB000
mem[X,0x000000008001962C] -> 0x0513
mem[X,0x000000008001962E] -> 0xAAA5
[3527] [M]: 0x000000008001962C (0xAAA50513) addi a0, a0, 2730
x10 <- 0xFFFFFFFFAAAAAAAA
mem[X,0x0000000080019630] -> 0x1513
mem[X,0x0000000080019632] -> 0x00B5
[3528] [M]: 0x0000000080019630 (0x00B51513) slli a0, a0, 11
x10 <- 0xFFFFFD5555555000
mem[X,0x0000000080019634] -> 0x0513
mem[X,0x0000000080019636] -> 0x5555
[3529] [M]: 0x0000000080019634 (0x55550513) addi a0, a0, 1365
x10 <- 0xFFFFFD5555555555
mem[X,0x0000000080019638] -> 0x1513
mem[X,0x000000008001963A] -> 0x00B5
[3530] [M]: 0x0000000080019638 (0x00B51513) slli a0, a0, 11
x10 <- 0xFFEAAAAAAAAAA800
mem[X,0x000000008001963C] -> 0x0513
mem[X,0x000000008001963E] -> 0x2AA5
[3531] [M]: 0x000000008001963C (0x2AA50513) addi a0, a0, 682
x10 <- 0xFFEAAAAAAAAAAAAA
mem[X,0x0000000080019640] -> 0x1513
mem[X,0x0000000080019642] -> 0x00A5
[3532] [M]: 0x0000000080019640 (0x00A51513) slli a0, a0, 10
x10 <- 0xAAAAAAAAAAAAA800
mem[X,0x0000000080019644] -> 0x0513
mem[X,0x0000000080019646] -> 0x2AA5
[3533] [M]: 0x0000000080019644 (0x2AA50513) addi a0, a0, 682
x10 <- 0xAAAAAAAAAAAAAAAA
mem[X,0x0000000080019648] -> 0x35B7
mem[X,0x000000008001964A] -> 0x3333
[3534] [M]: 0x0000000080019648 (0x333335B7) lui a1, 209715
x11 <- 0x0000000033333000
mem[X,0x000000008001964C] -> 0x8593
mem[X,0x000000008001964E] -> 0x3335
[3535] [M]: 0x000000008001964C (0x33358593) addi a1, a1, 819
x11 <- 0x0000000033333333
mem[X,0x0000000080019650] -> 0x9593
mem[X,0x0000000080019652] -> 0x00B5
[3536] [M]: 0x0000000080019650 (0x00B59593) slli a1, a1, 11
x11 <- 0x0000019999999800
mem[X,0x0000000080019654] -> 0x8593
mem[X,0x0000000080019656] -> 0x1995
[3537] [M]: 0x0000000080019654 (0x19958593) addi a1, a1, 409
x11 <- 0x0000019999999999
mem[X,0x0000000080019658] -> 0x9593
mem[X,0x000000008001965A] -> 0x00B5
[3538] [M]: 0x0000000080019658 (0x00B59593) slli a1, a1, 11
x11 <- 0x000CCCCCCCCCC800
mem[X,0x000000008001965C] -> 0x8593
mem[X,0x000000008001965E] -> 0x4CC5
[3539] [M]: 0x000000008001965C (0x4CC58593) addi a1, a1, 1228
x11 <- 0x000CCCCCCCCCCCCC
mem[X,0x0000000080019660] -> 0x9593
mem[X,0x0000000080019662] -> 0x00A5
[3540] [M]: 0x0000000080019660 (0x00A59593) slli a1, a1, 10
x11 <- 0x3333333333333000
mem[X,0x0000000080019664] -> 0x8593
mem[X,0x0000000080019666] -> 0x3345
[3541] [M]: 0x0000000080019664 (0x33458593) addi a1, a1, 820
x11 <- 0x3333333333333334
mem[X,0x0000000080019668] -> 0x0113
mem[X,0x000000008001966A] -> 0x0000
[3542] [M]: 0x0000000080019668 (0x00000113) addi sp, zero, 0
x2 <- 0x0000000000000000
mem[X,0x000000008001966C] -> 0x006F
mem[X,0x000000008001966E] -> 0x0050
[3543] [M]: 0x000000008001966C (0x0050006F) jal zero, 2052
mem[X,0x0000000080019E70] -> 0x10E3
mem[X,0x0000000080019E72] -> 0x80B5
[3544] [M]: 0x0000000080019E70 (0x80B510E3) bne a0, a1, 6144
mem[X,0x0000000080019670] -> 0x0113
mem[X,0x0000000080019672] -> 0x0011
[3545] [M]: 0x0000000080019670 (0x00110113) addi sp, sp, 1
x2 <- 0x0000000000000001
mem[X,0x0000000080019674] -> 0x006F
mem[X,0x0000000080019676] -> 0x0110
[3546] [M]: 0x0000000080019674 (0x0110006F) jal zero, 2064
mem[X,0x0000000080019E84] -> 0xB023
mem[X,0x0000000080019E86] -> 0x7420
[3547] [M]: 0x0000000080019E84 (0x7420B023) sd sp, 1856(ra)
mem[0x0000000080045918] <- 0x0000000000000001
mem[X,0x0000000080019E88] -> 0xB537
mem[X,0x0000000080019E8A] -> 0xAAAA
[3548] [M]: 0x0000000080019E88 (0xAAAAB537) lui a0, 699051
x10 <- 0xFFFFFFFFAAAAB000
mem[X,0x0000000080019E8C] -> 0x0513
mem[X,0x0000000080019E8E] -> 0xAAA5
[3549] [M]: 0x0000000080019E8C (0xAAA50513) addi a0, a0, 2730
x10 <- 0xFFFFFFFFAAAAAAAA
mem[X,0x0000000080019E90] -> 0x1513
mem[X,0x0000000080019E92] -> 0x00B5
[3550] [M]: 0x0000000080019E90 (0x00B51513) slli a0, a0, 11
x10 <- 0xFFFFFD5555555000
mem[X,0x0000000080019E94] -> 0x0513
mem[X,0x0000000080019E96] -> 0x5555
[3551] [M]: 0x0000000080019E94 (0x55550513) addi a0, a0, 1365
x10 <- 0xFFFFFD5555555555
mem[X,0x0000000080019E98] -> 0x1513
mem[X,0x0000000080019E9A] -> 0x00B5
[3552] [M]: 0x0000000080019E98 (0x00B51513) slli a0, a0, 11
x10 <- 0xFFEAAAAAAAAAA800
mem[X,0x0000000080019E9C] -> 0x0513
mem[X,0x0000000080019E9E] -> 0x2AA5
[3553] [M]: 0x0000000080019E9C (0x2AA50513) addi a0, a0, 682
x10 <- 0xFFEAAAAAAAAAAAAA
mem[X,0x0000000080019EA0] -> 0x1513
mem[X,0x0000000080019EA2] -> 0x00A5
[3554] [M]: 0x0000000080019EA0 (0x00A51513) slli a0, a0, 10
x10 <- 0xAAAAAAAAAAAAA800
mem[X,0x0000000080019EA4] -> 0x0513
mem[X,0x0000000080019EA6] -> 0x2AA5
[3555] [M]: 0x0000000080019EA4 (0x2AA50513) addi a0, a0, 682
x10 <- 0xAAAAAAAAAAAAAAAA
mem[X,0x0000000080019EA8] -> 0x65B7
mem[X,0x0000000080019EAA] -> 0x6666
[3556] [M]: 0x0000000080019EA8 (0x666665B7) lui a1, 419430
x11 <- 0x0000000066666000
mem[X,0x0000000080019EAC] -> 0x8593
mem[X,0x0000000080019EAE] -> 0x6665
[3557] [M]: 0x0000000080019EAC (0x66658593) addi a1, a1, 1638
x11 <- 0x0000000066666666
mem[X,0x0000000080019EB0] -> 0x9593
mem[X,0x0000000080019EB2] -> 0x00B5
[3558] [M]: 0x0000000080019EB0 (0x00B59593) slli a1, a1, 11
x11 <- 0x0000033333333000
mem[X,0x0000000080019EB4] -> 0x8593
mem[X,0x0000000080019EB6] -> 0x3335
[3559] [M]: 0x0000000080019EB4 (0x33358593) addi a1, a1, 819
x11 <- 0x0000033333333333
mem[X,0x0000000080019EB8] -> 0x9593
mem[X,0x0000000080019EBA] -> 0x00B5
[3560] [M]: 0x0000000080019EB8 (0x00B59593) slli a1, a1, 11
x11 <- 0x0019999999999800
mem[X,0x0000000080019EBC] -> 0x8593
mem[X,0x0000000080019EBE] -> 0x1995
[3561] [M]: 0x0000000080019EBC (0x19958593) addi a1, a1, 409
x11 <- 0x0019999999999999
mem[X,0x0000000080019EC0] -> 0x9593
mem[X,0x0000000080019EC2] -> 0x00A5
[3562] [M]: 0x0000000080019EC0 (0x00A59593) slli a1, a1, 10
x11 <- 0x6666666666666400
mem[X,0x0000000080019EC4] -> 0x8593
mem[X,0x0000000080019EC6] -> 0x2675
[3563] [M]: 0x0000000080019EC4 (0x26758593) addi a1, a1, 615
x11 <- 0x6666666666666667
mem[X,0x0000000080019EC8] -> 0x0113
mem[X,0x0000000080019ECA] -> 0x0000
[3564] [M]: 0x0000000080019EC8 (0x00000113) addi sp, zero, 0
x2 <- 0x0000000000000000
mem[X,0x0000000080019ECC] -> 0x006F
mem[X,0x0000000080019ECE] -> 0x00C0
[3565] [M]: 0x0000000080019ECC (0x00C0006F) jal zero, 12
mem[X,0x0000000080019ED8] -> 0x1663
mem[X,0x0000000080019EDA] -> 0x00B5
[3566] [M]: 0x0000000080019ED8 (0x00B51663) bne a0, a1, 12
mem[X,0x0000000080019EE4] -> 0x0113
mem[X,0x0000000080019EE6] -> 0x0031
[3567] [M]: 0x0000000080019EE4 (0x00310113) addi sp, sp, 3
x2 <- 0x0000000000000003
mem[X,0x0000000080019EE8] -> 0x006F
mem[X,0x0000000080019EEA] -> 0x0040
[3568] [M]: 0x0000000080019EE8 (0x0040006F) jal zero, 4
mem[X,0x0000000080019EEC] -> 0xB423
mem[X,0x0000000080019EEE] -> 0x7420
[3569] [M]: 0x0000000080019EEC (0x7420B423) sd sp, 1864(ra)
mem[0x0000000080045920] <- 0x0000000000000003
mem[X,0x0000000080019EF0] -> 0xB537
mem[X,0x0000000080019EF2] -> 0xAAAA
[3570] [M]: 0x0000000080019EF0 (0xAAAAB537) lui a0, 699051
x10 <- 0xFFFFFFFFAAAAB000
mem[X,0x0000000080019EF4] -> 0x0513
mem[X,0x0000000080019EF6] -> 0xAAA5
[3571] [M]: 0x0000000080019EF4 (0xAAA50513) addi a0, a0, 2730
x10 <- 0xFFFFFFFFAAAAAAAA
mem[X,0x0000000080019EF8] -> 0x1513
mem[X,0x0000000080019EFA] -> 0x00B5
[3572] [M]: 0x0000000080019EF8 (0x00B51513) slli a0, a0, 11
x10 <- 0xFFFFFD5555555000
mem[X,0x0000000080019EFC] -> 0x0513
mem[X,0x0000000080019EFE] -> 0x5555
[3573] [M]: 0x0000000080019EFC (0x55550513) addi a0, a0, 1365
x10 <- 0xFFFFFD5555555555
mem[X,0x0000000080019F00] -> 0x1513
mem[X,0x0000000080019F02] -> 0x00B5
[3574] [M]: 0x0000000080019F00 (0x00B51513) slli a0, a0, 11
x10 <- 0xFFEAAAAAAAAAA800
mem[X,0x0000000080019F04] -> 0x0513
mem[X,0x0000000080019F06] -> 0x2AA5
[3575] [M]: 0x0000000080019F04 (0x2AA50513) addi a0, a0, 682
x10 <- 0xFFEAAAAAAAAAAAAA
mem[X,0x0000000080019F08] -> 0x1513
mem[X,0x0000000080019F0A] -> 0x00A5
[3576] [M]: 0x0000000080019F08 (0x00A51513) slli a0, a0, 10
x10 <- 0xAAAAAAAAAAAAA800
mem[X,0x0000000080019F0C] -> 0x0513
mem[X,0x0000000080019F0E] -> 0x2AA5
[3577] [M]: 0x0000000080019F0C (0x2AA50513) addi a0, a0, 682
x10 <- 0xAAAAAAAAAAAAAAAA
mem[X,0x0000000080019F10] -> 0x05B7
mem[X,0x0000000080019F12] -> 0x0000
[3578] [M]: 0x0000000080019F10 (0x000005B7) lui a1, 0
x11 <- 0x0000000000000000
mem[X,0x0000000080019F14] -> 0x8593
mem[X,0x0000000080019F16] -> 0xFFF5
[3579] [M]: 0x0000000080019F14 (0xFFF58593) addi a1, a1, 4095
x11 <- 0xFFFFFFFFFFFFFFFF
mem[X,0x0000000080019F18] -> 0x9593
mem[X,0x0000000080019F1A] -> 0x00B5
[3580] [M]: 0x0000000080019F18 (0x00B59593) slli a1, a1, 11
x11 <- 0xFFFFFFFFFFFFF800
mem[X,0x0000000080019F1C] -> 0x8593
mem[X,0x0000000080019F1E] -> 0x2575
[3581] [M]: 0x0000000080019F1C (0x25758593) addi a1, a1, 599
x11 <- 0xFFFFFFFFFFFFFA57
mem[X,0x0000000080019F20] -> 0x9593
mem[X,0x0000000080019F22] -> 0x00B5
[3582] [M]: 0x0000000080019F20 (0x00B59593) slli a1, a1, 11
x11 <- 0xFFFFFFFFFFD2B800
mem[X,0x0000000080019F24] -> 0x8593
mem[X,0x0000000080019F26] -> 0x6C35
[3583] [M]: 0x0000000080019F24 (0x6C358593) addi a1, a1, 1731
x11 <- 0xFFFFFFFFFFD2BEC3
mem[X,0x0000000080019F28] -> 0x9593
mem[X,0x0000000080019F2A] -> 0x00A5
[3584] [M]: 0x0000000080019F28 (0x00A59593) slli a1, a1, 10
x11 <- 0xFFFFFFFF4AFB0C00
mem[X,0x0000000080019F2C] -> 0x8593
mem[X,0x0000000080019F2E] -> 0x0CE5
[3585] [M]: 0x0000000080019F2C (0x0CE58593) addi a1, a1, 206
x11 <- 0xFFFFFFFF4AFB0CCE
mem[X,0x0000000080019F30] -> 0x0113
mem[X,0x0000000080019F32] -> 0x0000
[3586] [M]: 0x0000000080019F30 (0x00000113) addi sp, zero, 0
x2 <- 0x0000000000000000
mem[X,0x0000000080019F34] -> 0x006F
mem[X,0x0000000080019F36] -> 0x00C0
[3587] [M]: 0x0000000080019F34 (0x00C0006F) jal zero, 12
mem[X,0x0000000080019F40] -> 0x1663
mem[X,0x0000000080019F42] -> 0x00B5
[3588] [M]: 0x0000000080019F40 (0x00B51663) bne a0, a1, 12
mem[X,0x0000000080019F4C] -> 0x0113
mem[X,0x0000000080019F4E] -> 0x0031
[3589] [M]: 0x0000000080019F4C (0x00310113) addi sp, sp, 3
x2 <- 0x0000000000000003
mem[X,0x0000000080019F50] -> 0x006F
mem[X,0x0000000080019F52] -> 0x0040
[3590] [M]: 0x0000000080019F50 (0x0040006F) jal zero, 4
mem[X,0x0000000080019F54] -> 0xB823
mem[X,0x0000000080019F56] -> 0x7420
[3591] [M]: 0x0000000080019F54 (0x7420B823) sd sp, 1872(ra)
mem[0x0000000080045928] <- 0x0000000000000003
mem[X,0x0000000080019F58] -> 0xB537
mem[X,0x0000000080019F5A] -> 0xAAAA
[3592] [M]: 0x0000000080019F58 (0xAAAAB537) lui a0, 699051
x10 <- 0xFFFFFFFFAAAAB000
mem[X,0x0000000080019F5C] -> 0x0513
mem[X,0x0000000080019F5E] -> 0xAAA5
[3593] [M]: 0x0000000080019F5C (0xAAA50513) addi a0, a0, 2730
x10 <- 0xFFFFFFFFAAAAAAAA
mem[X,0x0000000080019F60] -> 0x1513
mem[X,0x0000000080019F62] -> 0x00B5
[3594] [M]: 0x0000000080019F60 (0x00B51513) slli a0, a0, 11
x10 <- 0xFFFFFD5555555000
mem[X,0x0000000080019F64] -> 0x0513
mem[X,0x0000000080019F66] -> 0x5555
[3595] [M]: 0x0000000080019F64 (0x55550513) addi a0, a0, 1365
x10 <- 0xFFFFFD5555555555
mem[X,0x0000000080019F68] -> 0x1513
mem[X,0x0000000080019F6A] -> 0x00B5
[3596] [M]: 0x0000000080019F68 (0x00B51513) slli a0, a0, 11
x10 <- 0xFFEAAAAAAAAAA800
mem[X,0x0000000080019F6C] -> 0x0513
mem[X,0x0000000080019F6E] -> 0x2AA5
[3597] [M]: 0x0000000080019F6C (0x2AA50513) addi a0, a0, 682
x10 <- 0xFFEAAAAAAAAAAAAA
mem[X,0x0000000080019F70] -> 0x1513
mem[X,0x0000000080019F72] -> 0x00A5
[3598] [M]: 0x0000000080019F70 (0x00A51513) slli a0, a0, 10
x10 <- 0xAAAAAAAAAAAAA800
mem[X,0x0000000080019F74] -> 0x0513
mem[X,0x0000000080019F76] -> 0x2AA5
[3599] [M]: 0x0000000080019F74 (0x2AA50513) addi a0, a0, 682
x10 <- 0xAAAAAAAAAAAAAAAA
clint::tick mtime <- 0x0000000000000024
 clint timer pending at mtime 0x0000000000000024
htif::tick 0x0000000000000000
mem[X,0x0000000080019F78] -> 0x05B7
mem[X,0x0000000080019F7A] -> 0x0000
[3600] [M]: 0x0000000080019F78 (0x000005B7) lui a1, 0
x11 <- 0x0000000000000000
mem[X,0x0000000080019F7C] -> 0x8593
mem[X,0x0000000080019F7E] -> 0x0005
[3601] [M]: 0x0000000080019F7C (0x00058593) addi a1, a1, 0
x11 <- 0x0000000000000000
mem[X,0x0000000080019F80] -> 0x9593
mem[X,0x0000000080019F82] -> 0x00B5
[3602] [M]: 0x0000000080019F80 (0x00B59593) slli a1, a1, 11
x11 <- 0x0000000000000000
mem[X,0x0000000080019F84] -> 0x8593
mem[X,0x0000000080019F86] -> 0x5A85
[3603] [M]: 0x0000000080019F84 (0x5A858593) addi a1, a1, 1448
x11 <- 0x00000000000005A8
mem[X,0x0000000080019F88] -> 0x9593
mem[X,0x0000000080019F8A] -> 0x00B5
[3604] [M]: 0x0000000080019F88 (0x00B59593) slli a1, a1, 11
x11 <- 0x00000000002D4000
mem[X,0x0000000080019F8C] -> 0x8593
mem[X,0x0000000080019F8E] -> 0x13C5
[3605] [M]: 0x0000000080019F8C (0x13C58593) addi a1, a1, 316
x11 <- 0x00000000002D413C
mem[X,0x0000000080019F90] -> 0x9593
mem[X,0x0000000080019F92] -> 0x00A5
[3606] [M]: 0x0000000080019F90 (0x00A59593) slli a1, a1, 10
x11 <- 0x00000000B504F000
mem[X,0x0000000080019F94] -> 0x8593
mem[X,0x0000000080019F96] -> 0x3345
[3607] [M]: 0x0000000080019F94 (0x33458593) addi a1, a1, 820
x11 <- 0x00000000B504F334
mem[X,0x0000000080019F98] -> 0x0113
mem[X,0x0000000080019F9A] -> 0x0000
[3608] [M]: 0x0000000080019F98 (0x00000113) addi sp, zero, 0
x2 <- 0x0000000000000000
mem[X,0x0000000080019F9C] -> 0x006F
mem[X,0x0000000080019F9E] -> 0x00C0
[3609] [M]: 0x0000000080019F9C (0x00C0006F) jal zero, 12
mem[X,0x0000000080019FA8] -> 0x1663
mem[X,0x0000000080019FAA] -> 0x00B5
[3610] [M]: 0x0000000080019FA8 (0x00B51663) bne a0, a1, 12
mem[X,0x0000000080019FB4] -> 0x0113
mem[X,0x0000000080019FB6] -> 0x0031
[3611] [M]: 0x0000000080019FB4 (0x00310113) addi sp, sp, 3
x2 <- 0x0000000000000003
mem[X,0x0000000080019FB8] -> 0x006F
mem[X,0x0000000080019FBA] -> 0x0040
[3612] [M]: 0x0000000080019FB8 (0x0040006F) jal zero, 4
mem[X,0x0000000080019FBC] -> 0xBC23
mem[X,0x0000000080019FBE] -> 0x7420
[3613] [M]: 0x0000000080019FBC (0x7420BC23) sd sp, 1880(ra)
mem[0x0000000080045930] <- 0x0000000000000003
mem[X,0x0000000080019FC0] -> 0x0513
mem[X,0x0000000080019FC2] -> 0x0050
[3614] [M]: 0x0000000080019FC0 (0x00500513) addi a0, zero, 5
x10 <- 0x0000000000000005
mem[X,0x0000000080019FC4] -> 0x0593
mem[X,0x0000000080019FC6] -> 0x0030
[3615] [M]: 0x0000000080019FC4 (0x00300593) addi a1, zero, 3
x11 <- 0x0000000000000003
mem[X,0x0000000080019FC8] -> 0x0113
mem[X,0x0000000080019FCA] -> 0x0000
[3616] [M]: 0x0000000080019FC8 (0x00000113) addi sp, zero, 0
x2 <- 0x0000000000000000
mem[X,0x0000000080019FCC] -> 0x006F
mem[X,0x0000000080019FCE] -> 0x0140
[3617] [M]: 0x0000000080019FCC (0x0140006F) jal zero, 20
mem[X,0x0000000080019FE0] -> 0x18E3
mem[X,0x0000000080019FE2] -> 0xFEB5
[3618] [M]: 0x0000000080019FE0 (0xFEB518E3) bne a0, a1, 8176
mem[X,0x0000000080019FD0] -> 0x0113
mem[X,0x0000000080019FD2] -> 0x0011
[3619] [M]: 0x0000000080019FD0 (0x00110113) addi sp, sp, 1
x2 <- 0x0000000000000001
mem[X,0x0000000080019FD4] -> 0x006F
mem[X,0x0000000080019FD6] -> 0x0200
[3620] [M]: 0x0000000080019FD4 (0x0200006F) jal zero, 32
mem[X,0x0000000080019FF4] -> 0xB023
mem[X,0x0000000080019FF6] -> 0x7620
[3621] [M]: 0x0000000080019FF4 (0x7620B023) sd sp, 1888(ra)
mem[0x0000000080045938] <- 0x0000000000000001
mem[X,0x0000000080019FF8] -> 0x0513
mem[X,0x0000000080019FFA] -> 0x0050
[3622] [M]: 0x0000000080019FF8 (0x00500513) addi a0, zero, 5
x10 <- 0x0000000000000005
mem[X,0x0000000080019FFC] -> 0x55B7
mem[X,0x0000000080019FFE] -> 0x5555
[3623] [M]: 0x0000000080019FFC (0x555555B7) lui a1, 349525
x11 <- 0x0000000055555000
mem[X,0x000000008001A000] -> 0x8593
mem[X,0x000000008001A002] -> 0x5555
[3624] [M]: 0x000000008001A000 (0x55558593) addi a1, a1, 1365
x11 <- 0x0000000055555555
mem[X,0x000000008001A004] -> 0x9593
mem[X,0x000000008001A006] -> 0x00B5
[3625] [M]: 0x000000008001A004 (0x00B59593) slli a1, a1, 11
x11 <- 0x000002AAAAAAA800
mem[X,0x000000008001A008] -> 0x8593
mem[X,0x000000008001A00A] -> 0x2AA5
[3626] [M]: 0x000000008001A008 (0x2AA58593) addi a1, a1, 682
x11 <- 0x000002AAAAAAAAAA
mem[X,0x000000008001A00C] -> 0x9593
mem[X,0x000000008001A00E] -> 0x00B5
[3627] [M]: 0x000000008001A00C (0x00B59593) slli a1, a1, 11
x11 <- 0x0015555555555000
mem[X,0x000000008001A010] -> 0x8593
mem[X,0x000000008001A012] -> 0x5555
[3628] [M]: 0x000000008001A010 (0x55558593) addi a1, a1, 1365
x11 <- 0x0015555555555555
mem[X,0x000000008001A014] -> 0x9593
mem[X,0x000000008001A016] -> 0x00A5
[3629] [M]: 0x000000008001A014 (0x00A59593) slli a1, a1, 10
x11 <- 0x5555555555555400
mem[X,0x000000008001A018] -> 0x8593
mem[X,0x000000008001A01A] -> 0x1555
[3630] [M]: 0x000000008001A018 (0x15558593) addi a1, a1, 341
x11 <- 0x5555555555555555
mem[X,0x000000008001A01C] -> 0x0113
mem[X,0x000000008001A01E] -> 0x0000
[3631] [M]: 0x000000008001A01C (0x00000113) addi sp, zero, 0
x2 <- 0x0000000000000000
mem[X,0x000000008001A020] -> 0x006F
mem[X,0x000000008001A022] -> 0x00C0
[3632] [M]: 0x000000008001A020 (0x00C0006F) jal zero, 12
mem[X,0x000000008001A02C] -> 0x1063
mem[X,0x000000008001A02E] -> 0x08B5
[3633] [M]: 0x000000008001A02C (0x08B51063) bne a0, a1, 128
mem[X,0x000000008001A0AC] -> 0x0113
mem[X,0x000000008001A0AE] -> 0x0031
[3634] [M]: 0x000000008001A0AC (0x00310113) addi sp, sp, 3
x2 <- 0x0000000000000003
mem[X,0x000000008001A0B0] -> 0x006F
mem[X,0x000000008001A0B2] -> 0x0040
[3635] [M]: 0x000000008001A0B0 (0x0040006F) jal zero, 4
mem[X,0x000000008001A0B4] -> 0xB423
mem[X,0x000000008001A0B6] -> 0x7620
[3636] [M]: 0x000000008001A0B4 (0x7620B423) sd sp, 1896(ra)
mem[0x0000000080045940] <- 0x0000000000000003
mem[X,0x000000008001A0B8] -> 0x0513
mem[X,0x000000008001A0BA] -> 0x0050
[3637] [M]: 0x000000008001A0B8 (0x00500513) addi a0, zero, 5
x10 <- 0x0000000000000005
mem[X,0x000000008001A0BC] -> 0xB5B7
mem[X,0x000000008001A0BE] -> 0xAAAA
[3638] [M]: 0x000000008001A0BC (0xAAAAB5B7) lui a1, 699051
x11 <- 0xFFFFFFFFAAAAB000
mem[X,0x000000008001A0C0] -> 0x8593
mem[X,0x000000008001A0C2] -> 0xAAA5
[3639] [M]: 0x000000008001A0C0 (0xAAA58593) addi a1, a1, 2730
x11 <- 0xFFFFFFFFAAAAAAAA
mem[X,0x000000008001A0C4] -> 0x9593
mem[X,0x000000008001A0C6] -> 0x00B5
[3640] [M]: 0x000000008001A0C4 (0x00B59593) slli a1, a1, 11
x11 <- 0xFFFFFD5555555000
mem[X,0x000000008001A0C8] -> 0x8593
mem[X,0x000000008001A0CA] -> 0x5555
[3641] [M]: 0x000000008001A0C8 (0x55558593) addi a1, a1, 1365
x11 <- 0xFFFFFD5555555555
mem[X,0x000000008001A0CC] -> 0x9593
mem[X,0x000000008001A0CE] -> 0x00B5
[3642] [M]: 0x000000008001A0CC (0x00B59593) slli a1, a1, 11
x11 <- 0xFFEAAAAAAAAAA800
mem[X,0x000000008001A0D0] -> 0x8593
mem[X,0x000000008001A0D2] -> 0x2AA5
[3643] [M]: 0x000000008001A0D0 (0x2AA58593) addi a1, a1, 682
x11 <- 0xFFEAAAAAAAAAAAAA
mem[X,0x000000008001A0D4] -> 0x9593
mem[X,0x000000008001A0D6] -> 0x00A5
[3644] [M]: 0x000000008001A0D4 (0x00A59593) slli a1, a1, 10
x11 <- 0xAAAAAAAAAAAAA800
mem[X,0x000000008001A0D8] -> 0x8593
mem[X,0x000000008001A0DA] -> 0x2AA5
[3645] [M]: 0x000000008001A0D8 (0x2AA58593) addi a1, a1, 682
x11 <- 0xAAAAAAAAAAAAAAAA
mem[X,0x000000008001A0DC] -> 0x0113
mem[X,0x000000008001A0DE] -> 0x0000
[3646] [M]: 0x000000008001A0DC (0x00000113) addi sp, zero, 0
x2 <- 0x0000000000000000
mem[X,0x000000008001A0E0] -> 0x006F
mem[X,0x000000008001A0E2] -> 0x00C0
[3647] [M]: 0x000000008001A0E0 (0x00C0006F) jal zero, 12
mem[X,0x000000008001A0EC] -> 0x1063
mem[X,0x000000008001A0EE] -> 0x02B5
[3648] [M]: 0x000000008001A0EC (0x02B51063) bne a0, a1, 32
mem[X,0x000000008001A10C] -> 0x0113
mem[X,0x000000008001A10E] -> 0x0031
[3649] [M]: 0x000000008001A10C (0x00310113) addi sp, sp, 3
x2 <- 0x0000000000000003
mem[X,0x000000008001A110] -> 0x006F
mem[X,0x000000008001A112] -> 0x0040
[3650] [M]: 0x000000008001A110 (0x0040006F) jal zero, 4
mem[X,0x000000008001A114] -> 0xB823
mem[X,0x000000008001A116] -> 0x7620
[3651] [M]: 0x000000008001A114 (0x7620B823) sd sp, 1904(ra)
mem[0x0000000080045948] <- 0x0000000000000003
mem[X,0x000000008001A118] -> 0x0513
mem[X,0x000000008001A11A] -> 0x0050
[3652] [M]: 0x000000008001A118 (0x00500513) addi a0, zero, 5
x10 <- 0x0000000000000005
mem[X,0x000000008001A11C] -> 0x0593
mem[X,0x000000008001A11E] -> 0x0050
[3653] [M]: 0x000000008001A11C (0x00500593) addi a1, zero, 5
x11 <- 0x0000000000000005
mem[X,0x000000008001A120] -> 0x0113
mem[X,0x000000008001A122] -> 0x0000
[3654] [M]: 0x000000008001A120 (0x00000113) addi sp, zero, 0
x2 <- 0x0000000000000000
mem[X,0x000000008001A124] -> 0x006F
mem[X,0x000000008001A126] -> 0x0050
[3655] [M]: 0x000000008001A124 (0x0050006F) jal zero, 2052
mem[X,0x000000008001A928] -> 0x10E3
mem[X,0x000000008001A92A] -> 0x80B5
[3656] [M]: 0x000000008001A928 (0x80B510E3) bne a0, a1, 6144
mem[X,0x000000008001A92C] -> 0x0113
mem[X,0x000000008001A92E] -> 0x0021
[3657] [M]: 0x000000008001A92C (0x00210113) addi sp, sp, 2
x2 <- 0x0000000000000002
mem[X,0x000000008001A930] -> 0x006F
mem[X,0x000000008001A932] -> 0x00C0
[3658] [M]: 0x000000008001A930 (0x00C0006F) jal zero, 12
mem[X,0x000000008001A93C] -> 0xBC23
mem[X,0x000000008001A93E] -> 0x7620
[3659] [M]: 0x000000008001A93C (0x7620BC23) sd sp, 1912(ra)
mem[0x0000000080045950] <- 0x0000000000000002
mem[X,0x000000008001A940] -> 0x0513
mem[X,0x000000008001A942] -> 0x0050
[3660] [M]: 0x000000008001A940 (0x00500513) addi a0, zero, 5
x10 <- 0x0000000000000005
mem[X,0x000000008001A944] -> 0x35B7
mem[X,0x000000008001A946] -> 0x3333
[3661] [M]: 0x000000008001A944 (0x333335B7) lui a1, 209715
x11 <- 0x0000000033333000
mem[X,0x000000008001A948] -> 0x8593
mem[X,0x000000008001A94A] -> 0x3335
[3662] [M]: 0x000000008001A948 (0x33358593) addi a1, a1, 819
x11 <- 0x0000000033333333
mem[X,0x000000008001A94C] -> 0x9593
mem[X,0x000000008001A94E] -> 0x00B5
[3663] [M]: 0x000000008001A94C (0x00B59593) slli a1, a1, 11
x11 <- 0x0000019999999800
mem[X,0x000000008001A950] -> 0x8593
mem[X,0x000000008001A952] -> 0x1995
[3664] [M]: 0x000000008001A950 (0x19958593) addi a1, a1, 409
x11 <- 0x0000019999999999
mem[X,0x000000008001A954] -> 0x9593
mem[X,0x000000008001A956] -> 0x00B5
[3665] [M]: 0x000000008001A954 (0x00B59593) slli a1, a1, 11
x11 <- 0x000CCCCCCCCCC800
mem[X,0x000000008001A958] -> 0x8593
mem[X,0x000000008001A95A] -> 0x4CC5
[3666] [M]: 0x000000008001A958 (0x4CC58593) addi a1, a1, 1228
x11 <- 0x000CCCCCCCCCCCCC
mem[X,0x000000008001A95C] -> 0x9593
mem[X,0x000000008001A95E] -> 0x00A5
[3667] [M]: 0x000000008001A95C (0x00A59593) slli a1, a1, 10
x11 <- 0x3333333333333000
mem[X,0x000000008001A960] -> 0x8593
mem[X,0x000000008001A962] -> 0x3335
[3668] [M]: 0x000000008001A960 (0x33358593) addi a1, a1, 819
x11 <- 0x3333333333333333
mem[X,0x000000008001A964] -> 0x0113
mem[X,0x000000008001A966] -> 0x0000
[3669] [M]: 0x000000008001A964 (0x00000113) addi sp, zero, 0
x2 <- 0x0000000000000000
mem[X,0x000000008001A968] -> 0x006F
mem[X,0x000000008001A96A] -> 0x00C0
[3670] [M]: 0x000000008001A968 (0x00C0006F) jal zero, 12
mem[X,0x000000008001A974] -> 0x1063
mem[X,0x000000008001A976] -> 0x02B5
[3671] [M]: 0x000000008001A974 (0x02B51063) bne a0, a1, 32
mem[X,0x000000008001A994] -> 0x0113
mem[X,0x000000008001A996] -> 0x0031
[3672] [M]: 0x000000008001A994 (0x00310113) addi sp, sp, 3
x2 <- 0x0000000000000003
mem[X,0x000000008001A998] -> 0x006F
mem[X,0x000000008001A99A] -> 0x0040
[3673] [M]: 0x000000008001A998 (0x0040006F) jal zero, 4
mem[X,0x000000008001A99C] -> 0xB023
mem[X,0x000000008001A99E] -> 0x7820
[3674] [M]: 0x000000008001A99C (0x7820B023) sd sp, 1920(ra)
mem[0x0000000080045958] <- 0x0000000000000003
mem[X,0x000000008001A9A0] -> 0x0513
mem[X,0x000000008001A9A2] -> 0x0050
[3675] [M]: 0x000000008001A9A0 (0x00500513) addi a0, zero, 5
x10 <- 0x0000000000000005
mem[X,0x000000008001A9A4] -> 0x65B7
mem[X,0x000000008001A9A6] -> 0x6666
[3676] [M]: 0x000000008001A9A4 (0x666665B7) lui a1, 419430
x11 <- 0x0000000066666000
mem[X,0x000000008001A9A8] -> 0x8593
mem[X,0x000000008001A9AA] -> 0x6665
[3677] [M]: 0x000000008001A9A8 (0x66658593) addi a1, a1, 1638
x11 <- 0x0000000066666666
mem[X,0x000000008001A9AC] -> 0x9593
mem[X,0x000000008001A9AE] -> 0x00B5
[3678] [M]: 0x000000008001A9AC (0x00B59593) slli a1, a1, 11
x11 <- 0x0000033333333000
mem[X,0x000000008001A9B0] -> 0x8593
mem[X,0x000000008001A9B2] -> 0x3335
[3679] [M]: 0x000000008001A9B0 (0x33358593) addi a1, a1, 819
x11 <- 0x0000033333333333
mem[X,0x000000008001A9B4] -> 0x9593
mem[X,0x000000008001A9B6] -> 0x00B5
[3680] [M]: 0x000000008001A9B4 (0x00B59593) slli a1, a1, 11
x11 <- 0x0019999999999800
mem[X,0x000000008001A9B8] -> 0x8593
mem[X,0x000000008001A9BA] -> 0x1995
[3681] [M]: 0x000000008001A9B8 (0x19958593) addi a1, a1, 409
x11 <- 0x0019999999999999
mem[X,0x000000008001A9BC] -> 0x9593
mem[X,0x000000008001A9BE] -> 0x00A5
[3682] [M]: 0x000000008001A9BC (0x00A59593) slli a1, a1, 10
x11 <- 0x6666666666666400
mem[X,0x000000008001A9C0] -> 0x8593
mem[X,0x000000008001A9C2] -> 0x2665
[3683] [M]: 0x000000008001A9C0 (0x26658593) addi a1, a1, 614
x11 <- 0x6666666666666666
mem[X,0x000000008001A9C4] -> 0x0113
mem[X,0x000000008001A9C6] -> 0x0000
[3684] [M]: 0x000000008001A9C4 (0x00000113) addi sp, zero, 0
x2 <- 0x0000000000000000
mem[X,0x000000008001A9C8] -> 0x006F
mem[X,0x000000008001A9CA] -> 0x00C0
[3685] [M]: 0x000000008001A9C8 (0x00C0006F) jal zero, 12
mem[X,0x000000008001A9D4] -> 0x1CE3
mem[X,0x000000008001A9D6] -> 0xFEB5
[3686] [M]: 0x000000008001A9D4 (0xFEB51CE3) bne a0, a1, 8184
mem[X,0x000000008001A9CC] -> 0x0113
mem[X,0x000000008001A9CE] -> 0x0011
[3687] [M]: 0x000000008001A9CC (0x00110113) addi sp, sp, 1
x2 <- 0x0000000000000001
mem[X,0x000000008001A9D0] -> 0x006F
mem[X,0x000000008001A9D2] -> 0x0180
[3688] [M]: 0x000000008001A9D0 (0x0180006F) jal zero, 24
mem[X,0x000000008001A9E8] -> 0xB423
mem[X,0x000000008001A9EA] -> 0x7820
[3689] [M]: 0x000000008001A9E8 (0x7820B423) sd sp, 1928(ra)
mem[0x0000000080045960] <- 0x0000000000000001
mem[X,0x000000008001A9EC] -> 0x0513
mem[X,0x000000008001A9EE] -> 0x0050
[3690] [M]: 0x000000008001A9EC (0x00500513) addi a0, zero, 5
x10 <- 0x0000000000000005
mem[X,0x000000008001A9F0] -> 0x05B7
mem[X,0x000000008001A9F2] -> 0x0000
[3691] [M]: 0x000000008001A9F0 (0x000005B7) lui a1, 0
x11 <- 0x0000000000000000
mem[X,0x000000008001A9F4] -> 0x8593
mem[X,0x000000008001A9F6] -> 0xFFF5
[3692] [M]: 0x000000008001A9F4 (0xFFF58593) addi a1, a1, 4095
x11 <- 0xFFFFFFFFFFFFFFFF
mem[X,0x000000008001A9F8] -> 0x9593
mem[X,0x000000008001A9FA] -> 0x00B5
[3693] [M]: 0x000000008001A9F8 (0x00B59593) slli a1, a1, 11
x11 <- 0xFFFFFFFFFFFFF800
mem[X,0x000000008001A9FC] -> 0x8593
mem[X,0x000000008001A9FE] -> 0x2575
[3694] [M]: 0x000000008001A9FC (0x25758593) addi a1, a1, 599
x11 <- 0xFFFFFFFFFFFFFA57
mem[X,0x000000008001AA00] -> 0x9593
mem[X,0x000000008001AA02] -> 0x00B5
[3695] [M]: 0x000000008001AA00 (0x00B59593) slli a1, a1, 11
x11 <- 0xFFFFFFFFFFD2B800
mem[X,0x000000008001AA04] -> 0x8593
mem[X,0x000000008001AA06] -> 0x6C35
[3696] [M]: 0x000000008001AA04 (0x6C358593) addi a1, a1, 1731
x11 <- 0xFFFFFFFFFFD2BEC3
mem[X,0x000000008001AA08] -> 0x9593
mem[X,0x000000008001AA0A] -> 0x00A5
[3697] [M]: 0x000000008001AA08 (0x00A59593) slli a1, a1, 10
x11 <- 0xFFFFFFFF4AFB0C00
mem[X,0x000000008001AA0C] -> 0x8593
mem[X,0x000000008001AA0E] -> 0x0CD5
[3698] [M]: 0x000000008001AA0C (0x0CD58593) addi a1, a1, 205
x11 <- 0xFFFFFFFF4AFB0CCD
mem[X,0x000000008001AA10] -> 0x0113
mem[X,0x000000008001AA12] -> 0x0000
[3699] [M]: 0x000000008001AA10 (0x00000113) addi sp, zero, 0
x2 <- 0x0000000000000000
clint::tick mtime <- 0x0000000000000025
 clint timer pending at mtime 0x0000000000000025
htif::tick 0x0000000000000000
mem[X,0x000000008001AA14] -> 0x006F
mem[X,0x000000008001AA16] -> 0x00C0
[3700] [M]: 0x000000008001AA14 (0x00C0006F) jal zero, 12
mem[X,0x000000008001AA20] -> 0x1663
mem[X,0x000000008001AA22] -> 0x00B5
[3701] [M]: 0x000000008001AA20 (0x00B51663) bne a0, a1, 12
mem[X,0x000000008001AA2C] -> 0x0113
mem[X,0x000000008001AA2E] -> 0x0031
[3702] [M]: 0x000000008001AA2C (0x00310113) addi sp, sp, 3
x2 <- 0x0000000000000003
mem[X,0x000000008001AA30] -> 0x006F
mem[X,0x000000008001AA32] -> 0x0040
[3703] [M]: 0x000000008001AA30 (0x0040006F) jal zero, 4
mem[X,0x000000008001AA34] -> 0xB823
mem[X,0x000000008001AA36] -> 0x7820
[3704] [M]: 0x000000008001AA34 (0x7820B823) sd sp, 1936(ra)
mem[0x0000000080045968] <- 0x0000000000000003
mem[X,0x000000008001AA38] -> 0x0513
mem[X,0x000000008001AA3A] -> 0x0050
[3705] [M]: 0x000000008001AA38 (0x00500513) addi a0, zero, 5
x10 <- 0x0000000000000005
mem[X,0x000000008001AA3C] -> 0x05B7
mem[X,0x000000008001AA3E] -> 0x0000
[3706] [M]: 0x000000008001AA3C (0x000005B7) lui a1, 0
x11 <- 0x0000000000000000
mem[X,0x000000008001AA40] -> 0x8593
mem[X,0x000000008001AA42] -> 0x0005
[3707] [M]: 0x000000008001AA40 (0x00058593) addi a1, a1, 0
x11 <- 0x0000000000000000
mem[X,0x000000008001AA44] -> 0x9593
mem[X,0x000000008001AA46] -> 0x00B5
[3708] [M]: 0x000000008001AA44 (0x00B59593) slli a1, a1, 11
x11 <- 0x0000000000000000
mem[X,0x000000008001AA48] -> 0x8593
mem[X,0x000000008001AA4A] -> 0x5A85
[3709] [M]: 0x000000008001AA48 (0x5A858593) addi a1, a1, 1448
x11 <- 0x00000000000005A8
mem[X,0x000000008001AA4C] -> 0x9593
mem[X,0x000000008001AA4E] -> 0x00B5
[3710] [M]: 0x000000008001AA4C (0x00B59593) slli a1, a1, 11
x11 <- 0x00000000002D4000
mem[X,0x000000008001AA50] -> 0x8593
mem[X,0x000000008001AA52] -> 0x13C5
[3711] [M]: 0x000000008001AA50 (0x13C58593) addi a1, a1, 316
x11 <- 0x00000000002D413C
mem[X,0x000000008001AA54] -> 0x9593
mem[X,0x000000008001AA56] -> 0x00A5
[3712] [M]: 0x000000008001AA54 (0x00A59593) slli a1, a1, 10
x11 <- 0x00000000B504F000
mem[X,0x000000008001AA58] -> 0x8593
mem[X,0x000000008001AA5A] -> 0x3335
[3713] [M]: 0x000000008001AA58 (0x33358593) addi a1, a1, 819
x11 <- 0x00000000B504F333
mem[X,0x000000008001AA5C] -> 0x0113
mem[X,0x000000008001AA5E] -> 0x0000
[3714] [M]: 0x000000008001AA5C (0x00000113) addi sp, zero, 0
x2 <- 0x0000000000000000
mem[X,0x000000008001AA60] -> 0x006F
mem[X,0x000000008001AA62] -> 0x0050
[3715] [M]: 0x000000008001AA60 (0x0050006F) jal zero, 2052
mem[X,0x000000008001B264] -> 0x10E3
mem[X,0x000000008001B266] -> 0x80B5
[3716] [M]: 0x000000008001B264 (0x80B510E3) bne a0, a1, 6144
mem[X,0x000000008001AA64] -> 0x0113
mem[X,0x000000008001AA66] -> 0x0011
[3717] [M]: 0x000000008001AA64 (0x00110113) addi sp, sp, 1
x2 <- 0x0000000000000001
mem[X,0x000000008001AA68] -> 0x006F
mem[X,0x000000008001AA6A] -> 0x0110
[3718] [M]: 0x000000008001AA68 (0x0110006F) jal zero, 2064
mem[X,0x000000008001B278] -> 0xBC23
mem[X,0x000000008001B27A] -> 0x7820
[3719] [M]: 0x000000008001B278 (0x7820BC23) sd sp, 1944(ra)
mem[0x0000000080045970] <- 0x0000000000000001
mem[X,0x000000008001B27C] -> 0x0513
mem[X,0x000000008001B27E] -> 0x0050
[3720] [M]: 0x000000008001B27C (0x00500513) addi a0, zero, 5
x10 <- 0x0000000000000005
mem[X,0x000000008001B280] -> 0x0593
mem[X,0x000000008001B282] -> 0x0020
[3721] [M]: 0x000000008001B280 (0x00200593) addi a1, zero, 2
x11 <- 0x0000000000000002
mem[X,0x000000008001B284] -> 0x0113
mem[X,0x000000008001B286] -> 0x0000
[3722] [M]: 0x000000008001B284 (0x00000113) addi sp, zero, 0
x2 <- 0x0000000000000000
mem[X,0x000000008001B288] -> 0x006F
mem[X,0x000000008001B28A] -> 0x00C0
[3723] [M]: 0x000000008001B288 (0x00C0006F) jal zero, 12
mem[X,0x000000008001B294] -> 0x1063
mem[X,0x000000008001B296] -> 0x40B5
[3724] [M]: 0x000000008001B294 (0x40B51063) bne a0, a1, 1024
mem[X,0x000000008001B694] -> 0x0113
mem[X,0x000000008001B696] -> 0x0031
[3725] [M]: 0x000000008001B694 (0x00310113) addi sp, sp, 3
x2 <- 0x0000000000000003
mem[X,0x000000008001B698] -> 0x006F
mem[X,0x000000008001B69A] -> 0x0040
[3726] [M]: 0x000000008001B698 (0x0040006F) jal zero, 4
mem[X,0x000000008001B69C] -> 0xB023
mem[X,0x000000008001B69E] -> 0x7A20
[3727] [M]: 0x000000008001B69C (0x7A20B023) sd sp, 1952(ra)
mem[0x0000000080045978] <- 0x0000000000000003
mem[X,0x000000008001B6A0] -> 0x0513
mem[X,0x000000008001B6A2] -> 0x0050
[3728] [M]: 0x000000008001B6A0 (0x00500513) addi a0, zero, 5
x10 <- 0x0000000000000005
mem[X,0x000000008001B6A4] -> 0x55B7
mem[X,0x000000008001B6A6] -> 0x5555
[3729] [M]: 0x000000008001B6A4 (0x555555B7) lui a1, 349525
x11 <- 0x0000000055555000
mem[X,0x000000008001B6A8] -> 0x8593
mem[X,0x000000008001B6AA] -> 0x5555
[3730] [M]: 0x000000008001B6A8 (0x55558593) addi a1, a1, 1365
x11 <- 0x0000000055555555
mem[X,0x000000008001B6AC] -> 0x9593
mem[X,0x000000008001B6AE] -> 0x00B5
[3731] [M]: 0x000000008001B6AC (0x00B59593) slli a1, a1, 11
x11 <- 0x000002AAAAAAA800
mem[X,0x000000008001B6B0] -> 0x8593
mem[X,0x000000008001B6B2] -> 0x2AA5
[3732] [M]: 0x000000008001B6B0 (0x2AA58593) addi a1, a1, 682
x11 <- 0x000002AAAAAAAAAA
mem[X,0x000000008001B6B4] -> 0x9593
mem[X,0x000000008001B6B6] -> 0x00B5
[3733] [M]: 0x000000008001B6B4 (0x00B59593) slli a1, a1, 11
x11 <- 0x0015555555555000
mem[X,0x000000008001B6B8] -> 0x8593
mem[X,0x000000008001B6BA] -> 0x5555
[3734] [M]: 0x000000008001B6B8 (0x55558593) addi a1, a1, 1365
x11 <- 0x0015555555555555
mem[X,0x000000008001B6BC] -> 0x9593
mem[X,0x000000008001B6BE] -> 0x00A5
[3735] [M]: 0x000000008001B6BC (0x00A59593) slli a1, a1, 10
x11 <- 0x5555555555555400
mem[X,0x000000008001B6C0] -> 0x8593
mem[X,0x000000008001B6C2] -> 0x1545
[3736] [M]: 0x000000008001B6C0 (0x15458593) addi a1, a1, 340
x11 <- 0x5555555555555554
mem[X,0x000000008001B6C4] -> 0x0113
mem[X,0x000000008001B6C6] -> 0x0000
[3737] [M]: 0x000000008001B6C4 (0x00000113) addi sp, zero, 0
x2 <- 0x0000000000000000
mem[X,0x000000008001B6C8] -> 0x006F
mem[X,0x000000008001B6CA] -> 0x00C0
[3738] [M]: 0x000000008001B6C8 (0x00C0006F) jal zero, 12
mem[X,0x000000008001B6D4] -> 0x1CE3
mem[X,0x000000008001B6D6] -> 0xFEB5
[3739] [M]: 0x000000008001B6D4 (0xFEB51CE3) bne a0, a1, 8184
mem[X,0x000000008001B6CC] -> 0x0113
mem[X,0x000000008001B6CE] -> 0x0011
[3740] [M]: 0x000000008001B6CC (0x00110113) addi sp, sp, 1
x2 <- 0x0000000000000001
mem[X,0x000000008001B6D0] -> 0x006F
mem[X,0x000000008001B6D2] -> 0x0180
[3741] [M]: 0x000000008001B6D0 (0x0180006F) jal zero, 24
mem[X,0x000000008001B6E8] -> 0xB423
mem[X,0x000000008001B6EA] -> 0x7A20
[3742] [M]: 0x000000008001B6E8 (0x7A20B423) sd sp, 1960(ra)
mem[0x0000000080045980] <- 0x0000000000000001
mem[X,0x000000008001B6EC] -> 0x0513
mem[X,0x000000008001B6EE] -> 0x0050
[3743] [M]: 0x000000008001B6EC (0x00500513) addi a0, zero, 5
x10 <- 0x0000000000000005
mem[X,0x000000008001B6F0] -> 0x0593
mem[X,0x000000008001B6F2] -> 0x0000
[3744] [M]: 0x000000008001B6F0 (0x00000593) addi a1, zero, 0
x11 <- 0x0000000000000000
mem[X,0x000000008001B6F4] -> 0x0113
mem[X,0x000000008001B6F6] -> 0x0000
[3745] [M]: 0x000000008001B6F4 (0x00000113) addi sp, zero, 0
x2 <- 0x0000000000000000
mem[X,0x000000008001B6F8] -> 0x006F
mem[X,0x000000008001B6FA] -> 0x0140
[3746] [M]: 0x000000008001B6F8 (0x0140006F) jal zero, 20
mem[X,0x000000008001B70C] -> 0x18E3
mem[X,0x000000008001B70E] -> 0xFEB5
[3747] [M]: 0x000000008001B70C (0xFEB518E3) bne a0, a1, 8176
mem[X,0x000000008001B6FC] -> 0x0113
mem[X,0x000000008001B6FE] -> 0x0011
[3748] [M]: 0x000000008001B6FC (0x00110113) addi sp, sp, 1
x2 <- 0x0000000000000001
mem[X,0x000000008001B700] -> 0x006F
mem[X,0x000000008001B702] -> 0x0200
[3749] [M]: 0x000000008001B700 (0x0200006F) jal zero, 32
mem[X,0x000000008001B720] -> 0xB823
mem[X,0x000000008001B722] -> 0x7A20
[3750] [M]: 0x000000008001B720 (0x7A20B823) sd sp, 1968(ra)
mem[0x0000000080045988] <- 0x0000000000000001
mem[X,0x000000008001B724] -> 0x0513
mem[X,0x000000008001B726] -> 0x0050
[3751] [M]: 0x000000008001B724 (0x00500513) addi a0, zero, 5
x10 <- 0x0000000000000005
mem[X,0x000000008001B728] -> 0x0593
mem[X,0x000000008001B72A] -> 0x0040
[3752] [M]: 0x000000008001B728 (0x00400593) addi a1, zero, 4
x11 <- 0x0000000000000004
mem[X,0x000000008001B72C] -> 0x0113
mem[X,0x000000008001B72E] -> 0x0000
[3753] [M]: 0x000000008001B72C (0x00000113) addi sp, zero, 0
x2 <- 0x0000000000000000
mem[X,0x000000008001B730] -> 0x006F
mem[X,0x000000008001B732] -> 0x00C0
[3754] [M]: 0x000000008001B730 (0x00C0006F) jal zero, 12
mem[X,0x000000008001B73C] -> 0x1063
mem[X,0x000000008001B73E] -> 0x20B5
[3755] [M]: 0x000000008001B73C (0x20B51063) bne a0, a1, 512
mem[X,0x000000008001B93C] -> 0x0113
mem[X,0x000000008001B93E] -> 0x0031
[3756] [M]: 0x000000008001B93C (0x00310113) addi sp, sp, 3
x2 <- 0x0000000000000003
mem[X,0x000000008001B940] -> 0x006F
mem[X,0x000000008001B942] -> 0x0040
[3757] [M]: 0x000000008001B940 (0x0040006F) jal zero, 4
mem[X,0x000000008001B944] -> 0xBC23
mem[X,0x000000008001B946] -> 0x7A20
[3758] [M]: 0x000000008001B944 (0x7A20BC23) sd sp, 1976(ra)
mem[0x0000000080045990] <- 0x0000000000000003
mem[X,0x000000008001B948] -> 0x0513
mem[X,0x000000008001B94A] -> 0x0050
[3759] [M]: 0x000000008001B948 (0x00500513) addi a0, zero, 5
x10 <- 0x0000000000000005
mem[X,0x000000008001B94C] -> 0x35B7
mem[X,0x000000008001B94E] -> 0x3333
[3760] [M]: 0x000000008001B94C (0x333335B7) lui a1, 209715
x11 <- 0x0000000033333000
mem[X,0x000000008001B950] -> 0x8593
mem[X,0x000000008001B952] -> 0x3335
[3761] [M]: 0x000000008001B950 (0x33358593) addi a1, a1, 819
x11 <- 0x0000000033333333
mem[X,0x000000008001B954] -> 0x9593
mem[X,0x000000008001B956] -> 0x00B5
[3762] [M]: 0x000000008001B954 (0x00B59593) slli a1, a1, 11
x11 <- 0x0000019999999800
mem[X,0x000000008001B958] -> 0x8593
mem[X,0x000000008001B95A] -> 0x1995
[3763] [M]: 0x000000008001B958 (0x19958593) addi a1, a1, 409
x11 <- 0x0000019999999999
mem[X,0x000000008001B95C] -> 0x9593
mem[X,0x000000008001B95E] -> 0x00B5
[3764] [M]: 0x000000008001B95C (0x00B59593) slli a1, a1, 11
x11 <- 0x000CCCCCCCCCC800
mem[X,0x000000008001B960] -> 0x8593
mem[X,0x000000008001B962] -> 0x4CC5
[3765] [M]: 0x000000008001B960 (0x4CC58593) addi a1, a1, 1228
x11 <- 0x000CCCCCCCCCCCCC
mem[X,0x000000008001B964] -> 0x9593
mem[X,0x000000008001B966] -> 0x00A5
[3766] [M]: 0x000000008001B964 (0x00A59593) slli a1, a1, 10
x11 <- 0x3333333333333000
mem[X,0x000000008001B968] -> 0x8593
mem[X,0x000000008001B96A] -> 0x3325
[3767] [M]: 0x000000008001B968 (0x33258593) addi a1, a1, 818
x11 <- 0x3333333333333332
mem[X,0x000000008001B96C] -> 0x0113
mem[X,0x000000008001B96E] -> 0x0000
[3768] [M]: 0x000000008001B96C (0x00000113) addi sp, zero, 0
x2 <- 0x0000000000000000
mem[X,0x000000008001B970] -> 0x006F
mem[X,0x000000008001B972] -> 0x00C0
[3769] [M]: 0x000000008001B970 (0x00C0006F) jal zero, 12
mem[X,0x000000008001B97C] -> 0x1663
mem[X,0x000000008001B97E] -> 0x00B5
[3770] [M]: 0x000000008001B97C (0x00B51663) bne a0, a1, 12
mem[X,0x000000008001B988] -> 0x0113
mem[X,0x000000008001B98A] -> 0x0031
[3771] [M]: 0x000000008001B988 (0x00310113) addi sp, sp, 3
x2 <- 0x0000000000000003
mem[X,0x000000008001B98C] -> 0x006F
mem[X,0x000000008001B98E] -> 0x0040
[3772] [M]: 0x000000008001B98C (0x0040006F) jal zero, 4
mem[X,0x000000008001B990] -> 0xB023
mem[X,0x000000008001B992] -> 0x7C20
[3773] [M]: 0x000000008001B990 (0x7C20B023) sd sp, 1984(ra)
mem[0x0000000080045998] <- 0x0000000000000003
mem[X,0x000000008001B994] -> 0x0513
mem[X,0x000000008001B996] -> 0x0050
[3774] [M]: 0x000000008001B994 (0x00500513) addi a0, zero, 5
x10 <- 0x0000000000000005
mem[X,0x000000008001B998] -> 0x65B7
mem[X,0x000000008001B99A] -> 0x6666
[3775] [M]: 0x000000008001B998 (0x666665B7) lui a1, 419430
x11 <- 0x0000000066666000
mem[X,0x000000008001B99C] -> 0x8593
mem[X,0x000000008001B99E] -> 0x6665
[3776] [M]: 0x000000008001B99C (0x66658593) addi a1, a1, 1638
x11 <- 0x0000000066666666
mem[X,0x000000008001B9A0] -> 0x9593
mem[X,0x000000008001B9A2] -> 0x00B5
[3777] [M]: 0x000000008001B9A0 (0x00B59593) slli a1, a1, 11
x11 <- 0x0000033333333000
mem[X,0x000000008001B9A4] -> 0x8593
mem[X,0x000000008001B9A6] -> 0x3335
[3778] [M]: 0x000000008001B9A4 (0x33358593) addi a1, a1, 819
x11 <- 0x0000033333333333
mem[X,0x000000008001B9A8] -> 0x9593
mem[X,0x000000008001B9AA] -> 0x00B5
[3779] [M]: 0x000000008001B9A8 (0x00B59593) slli a1, a1, 11
x11 <- 0x0019999999999800
mem[X,0x000000008001B9AC] -> 0x8593
mem[X,0x000000008001B9AE] -> 0x1995
[3780] [M]: 0x000000008001B9AC (0x19958593) addi a1, a1, 409
x11 <- 0x0019999999999999
mem[X,0x000000008001B9B0] -> 0x9593
mem[X,0x000000008001B9B2] -> 0x00A5
[3781] [M]: 0x000000008001B9B0 (0x00A59593) slli a1, a1, 10
x11 <- 0x6666666666666400
mem[X,0x000000008001B9B4] -> 0x8593
mem[X,0x000000008001B9B6] -> 0x2655
[3782] [M]: 0x000000008001B9B4 (0x26558593) addi a1, a1, 613
x11 <- 0x6666666666666665
mem[X,0x000000008001B9B8] -> 0x0113
mem[X,0x000000008001B9BA] -> 0x0000
[3783] [M]: 0x000000008001B9B8 (0x00000113) addi sp, zero, 0
x2 <- 0x0000000000000000
mem[X,0x000000008001B9BC] -> 0x006F
mem[X,0x000000008001B9BE] -> 0x0100
[3784] [M]: 0x000000008001B9BC (0x0100006F) jal zero, 16
mem[X,0x000000008001B9CC] -> 0x1AE3
mem[X,0x000000008001B9CE] -> 0xFEB5
[3785] [M]: 0x000000008001B9CC (0xFEB51AE3) bne a0, a1, 8180
mem[X,0x000000008001B9C0] -> 0x0113
mem[X,0x000000008001B9C2] -> 0x0011
[3786] [M]: 0x000000008001B9C0 (0x00110113) addi sp, sp, 1
x2 <- 0x0000000000000001
mem[X,0x000000008001B9C4] -> 0x006F
mem[X,0x000000008001B9C6] -> 0x01C0
[3787] [M]: 0x000000008001B9C4 (0x01C0006F) jal zero, 28
mem[X,0x000000008001B9E0] -> 0xB423
mem[X,0x000000008001B9E2] -> 0x7C20
[3788] [M]: 0x000000008001B9E0 (0x7C20B423) sd sp, 1992(ra)
mem[0x00000000800459A0] <- 0x0000000000000001
mem[X,0x000000008001B9E4] -> 0x0513
mem[X,0x000000008001B9E6] -> 0x0050
[3789] [M]: 0x000000008001B9E4 (0x00500513) addi a0, zero, 5
x10 <- 0x0000000000000005
mem[X,0x000000008001B9E8] -> 0x05B7
mem[X,0x000000008001B9EA] -> 0x0000
[3790] [M]: 0x000000008001B9E8 (0x000005B7) lui a1, 0
x11 <- 0x0000000000000000
mem[X,0x000000008001B9EC] -> 0x8593
mem[X,0x000000008001B9EE] -> 0x0005
[3791] [M]: 0x000000008001B9EC (0x00058593) addi a1, a1, 0
x11 <- 0x0000000000000000
mem[X,0x000000008001B9F0] -> 0x9593
mem[X,0x000000008001B9F2] -> 0x00B5
[3792] [M]: 0x000000008001B9F0 (0x00B59593) slli a1, a1, 11
x11 <- 0x0000000000000000
mem[X,0x000000008001B9F4] -> 0x8593
mem[X,0x000000008001B9F6] -> 0x5A85
[3793] [M]: 0x000000008001B9F4 (0x5A858593) addi a1, a1, 1448
x11 <- 0x00000000000005A8
mem[X,0x000000008001B9F8] -> 0x9593
mem[X,0x000000008001B9FA] -> 0x00B5
[3794] [M]: 0x000000008001B9F8 (0x00B59593) slli a1, a1, 11
x11 <- 0x00000000002D4000
mem[X,0x000000008001B9FC] -> 0x8593
mem[X,0x000000008001B9FE] -> 0x13C5
[3795] [M]: 0x000000008001B9FC (0x13C58593) addi a1, a1, 316
x11 <- 0x00000000002D413C
mem[X,0x000000008001BA00] -> 0x9593
mem[X,0x000000008001BA02] -> 0x00A5
[3796] [M]: 0x000000008001BA00 (0x00A59593) slli a1, a1, 10
x11 <- 0x00000000B504F000
mem[X,0x000000008001BA04] -> 0x8593
mem[X,0x000000008001BA06] -> 0x3325
[3797] [M]: 0x000000008001BA04 (0x33258593) addi a1, a1, 818
x11 <- 0x00000000B504F332
mem[X,0x000000008001BA08] -> 0x0113
mem[X,0x000000008001BA0A] -> 0x0000
[3798] [M]: 0x000000008001BA08 (0x00000113) addi sp, zero, 0
x2 <- 0x0000000000000000
mem[X,0x000000008001BA0C] -> 0x006F
mem[X,0x000000008001BA0E] -> 0x00C0
[3799] [M]: 0x000000008001BA0C (0x00C0006F) jal zero, 12
clint::tick mtime <- 0x0000000000000026
 clint timer pending at mtime 0x0000000000000026
htif::tick 0x0000000000000000
mem[X,0x000000008001BA18] -> 0x1063
mem[X,0x000000008001BA1A] -> 0x08B5
[3800] [M]: 0x000000008001BA18 (0x08B51063) bne a0, a1, 128
mem[X,0x000000008001BA98] -> 0x0113
mem[X,0x000000008001BA9A] -> 0x0031
[3801] [M]: 0x000000008001BA98 (0x00310113) addi sp, sp, 3
x2 <- 0x0000000000000003
mem[X,0x000000008001BA9C] -> 0x006F
mem[X,0x000000008001BA9E] -> 0x0040
[3802] [M]: 0x000000008001BA9C (0x0040006F) jal zero, 4
mem[X,0x000000008001BAA0] -> 0xB823
mem[X,0x000000008001BAA2] -> 0x7C20
[3803] [M]: 0x000000008001BAA0 (0x7C20B823) sd sp, 2000(ra)
mem[0x00000000800459A8] <- 0x0000000000000003
mem[X,0x000000008001BAA4] -> 0x0513
mem[X,0x000000008001BAA6] -> 0x0050
[3804] [M]: 0x000000008001BAA4 (0x00500513) addi a0, zero, 5
x10 <- 0x0000000000000005
mem[X,0x000000008001BAA8] -> 0x55B7
mem[X,0x000000008001BAAA] -> 0x5555
[3805] [M]: 0x000000008001BAA8 (0x555555B7) lui a1, 349525
x11 <- 0x0000000055555000
mem[X,0x000000008001BAAC] -> 0x8593
mem[X,0x000000008001BAAE] -> 0x5555
[3806] [M]: 0x000000008001BAAC (0x55558593) addi a1, a1, 1365
x11 <- 0x0000000055555555
mem[X,0x000000008001BAB0] -> 0x9593
mem[X,0x000000008001BAB2] -> 0x00B5
[3807] [M]: 0x000000008001BAB0 (0x00B59593) slli a1, a1, 11
x11 <- 0x000002AAAAAAA800
mem[X,0x000000008001BAB4] -> 0x8593
mem[X,0x000000008001BAB6] -> 0x2AA5
[3808] [M]: 0x000000008001BAB4 (0x2AA58593) addi a1, a1, 682
x11 <- 0x000002AAAAAAAAAA
mem[X,0x000000008001BAB8] -> 0x9593
mem[X,0x000000008001BABA] -> 0x00B5
[3809] [M]: 0x000000008001BAB8 (0x00B59593) slli a1, a1, 11
x11 <- 0x0015555555555000
mem[X,0x000000008001BABC] -> 0x8593
mem[X,0x000000008001BABE] -> 0x5555
[3810] [M]: 0x000000008001BABC (0x55558593) addi a1, a1, 1365
x11 <- 0x0015555555555555
mem[X,0x000000008001BAC0] -> 0x9593
mem[X,0x000000008001BAC2] -> 0x00A5
[3811] [M]: 0x000000008001BAC0 (0x00A59593) slli a1, a1, 10
x11 <- 0x5555555555555400
mem[X,0x000000008001BAC4] -> 0x8593
mem[X,0x000000008001BAC6] -> 0x1565
[3812] [M]: 0x000000008001BAC4 (0x15658593) addi a1, a1, 342
x11 <- 0x5555555555555556
mem[X,0x000000008001BAC8] -> 0x0113
mem[X,0x000000008001BACA] -> 0x0000
[3813] [M]: 0x000000008001BAC8 (0x00000113) addi sp, zero, 0
x2 <- 0x0000000000000000
mem[X,0x000000008001BACC] -> 0x006F
mem[X,0x000000008001BACE] -> 0x00C0
[3814] [M]: 0x000000008001BACC (0x00C0006F) jal zero, 12
mem[X,0x000000008001BAD8] -> 0x1CE3
mem[X,0x000000008001BADA] -> 0xFEB5
[3815] [M]: 0x000000008001BAD8 (0xFEB51CE3) bne a0, a1, 8184
mem[X,0x000000008001BAD0] -> 0x0113
mem[X,0x000000008001BAD2] -> 0x0011
[3816] [M]: 0x000000008001BAD0 (0x00110113) addi sp, sp, 1
x2 <- 0x0000000000000001
mem[X,0x000000008001BAD4] -> 0x006F
mem[X,0x000000008001BAD6] -> 0x0180
[3817] [M]: 0x000000008001BAD4 (0x0180006F) jal zero, 24
mem[X,0x000000008001BAEC] -> 0xBC23
mem[X,0x000000008001BAEE] -> 0x7C20
[3818] [M]: 0x000000008001BAEC (0x7C20BC23) sd sp, 2008(ra)
mem[0x00000000800459B0] <- 0x0000000000000001
mem[X,0x000000008001BAF0] -> 0x0513
mem[X,0x000000008001BAF2] -> 0x0050
[3819] [M]: 0x000000008001BAF0 (0x00500513) addi a0, zero, 5
x10 <- 0x0000000000000005
mem[X,0x000000008001BAF4] -> 0xB5B7
mem[X,0x000000008001BAF6] -> 0xAAAA
[3820] [M]: 0x000000008001BAF4 (0xAAAAB5B7) lui a1, 699051
x11 <- 0xFFFFFFFFAAAAB000
mem[X,0x000000008001BAF8] -> 0x8593
mem[X,0x000000008001BAFA] -> 0xAAA5
[3821] [M]: 0x000000008001BAF8 (0xAAA58593) addi a1, a1, 2730
x11 <- 0xFFFFFFFFAAAAAAAA
mem[X,0x000000008001BAFC] -> 0x9593
mem[X,0x000000008001BAFE] -> 0x00B5
[3822] [M]: 0x000000008001BAFC (0x00B59593) slli a1, a1, 11
x11 <- 0xFFFFFD5555555000
mem[X,0x000000008001BB00] -> 0x8593
mem[X,0x000000008001BB02] -> 0x5555
[3823] [M]: 0x000000008001BB00 (0x55558593) addi a1, a1, 1365
x11 <- 0xFFFFFD5555555555
mem[X,0x000000008001BB04] -> 0x9593
mem[X,0x000000008001BB06] -> 0x00B5
[3824] [M]: 0x000000008001BB04 (0x00B59593) slli a1, a1, 11
x11 <- 0xFFEAAAAAAAAAA800
mem[X,0x000000008001BB08] -> 0x8593
mem[X,0x000000008001BB0A] -> 0x2AA5
[3825] [M]: 0x000000008001BB08 (0x2AA58593) addi a1, a1, 682
x11 <- 0xFFEAAAAAAAAAAAAA
mem[X,0x000000008001BB0C] -> 0x9593
mem[X,0x000000008001BB0E] -> 0x00A5
[3826] [M]: 0x000000008001BB0C (0x00A59593) slli a1, a1, 10
x11 <- 0xAAAAAAAAAAAAA800
mem[X,0x000000008001BB10] -> 0x8593
mem[X,0x000000008001BB12] -> 0x2AB5
[3827] [M]: 0x000000008001BB10 (0x2AB58593) addi a1, a1, 683
x11 <- 0xAAAAAAAAAAAAAAAB
mem[X,0x000000008001BB14] -> 0x0113
mem[X,0x000000008001BB16] -> 0x0000
[3828] [M]: 0x000000008001BB14 (0x00000113) addi sp, zero, 0
x2 <- 0x0000000000000000
mem[X,0x000000008001BB18] -> 0x006F
mem[X,0x000000008001BB1A] -> 0x00C0
[3829] [M]: 0x000000008001BB18 (0x00C0006F) jal zero, 12
mem[X,0x000000008001BB24] -> 0x1663
mem[X,0x000000008001BB26] -> 0x00B5
[3830] [M]: 0x000000008001BB24 (0x00B51663) bne a0, a1, 12
mem[X,0x000000008001BB30] -> 0x0113
mem[X,0x000000008001BB32] -> 0x0031
[3831] [M]: 0x000000008001BB30 (0x00310113) addi sp, sp, 3
x2 <- 0x0000000000000003
mem[X,0x000000008001BB34] -> 0x006F
mem[X,0x000000008001BB36] -> 0x0040
[3832] [M]: 0x000000008001BB34 (0x0040006F) jal zero, 4
mem[X,0x000000008001BB38] -> 0xB023
mem[X,0x000000008001BB3A] -> 0x7E20
[3833] [M]: 0x000000008001BB38 (0x7E20B023) sd sp, 2016(ra)
mem[0x00000000800459B8] <- 0x0000000000000003
mem[X,0x000000008001BB3C] -> 0x0513
mem[X,0x000000008001BB3E] -> 0x0050
[3834] [M]: 0x000000008001BB3C (0x00500513) addi a0, zero, 5
x10 <- 0x0000000000000005
mem[X,0x000000008001BB40] -> 0x0593
mem[X,0x000000008001BB42] -> 0x0060
[3835] [M]: 0x000000008001BB40 (0x00600593) addi a1, zero, 6
x11 <- 0x0000000000000006
mem[X,0x000000008001BB44] -> 0x0113
mem[X,0x000000008001BB46] -> 0x0000
[3836] [M]: 0x000000008001BB44 (0x00000113) addi sp, zero, 0
x2 <- 0x0000000000000000
mem[X,0x000000008001BB48] -> 0x006F
mem[X,0x000000008001BB4A] -> 0x0140
[3837] [M]: 0x000000008001BB48 (0x0140006F) jal zero, 20
mem[X,0x000000008001BB5C] -> 0x18E3
mem[X,0x000000008001BB5E] -> 0xFEB5
[3838] [M]: 0x000000008001BB5C (0xFEB518E3) bne a0, a1, 8176
mem[X,0x000000008001BB4C] -> 0x0113
mem[X,0x000000008001BB4E] -> 0x0011
[3839] [M]: 0x000000008001BB4C (0x00110113) addi sp, sp, 1
x2 <- 0x0000000000000001
mem[X,0x000000008001BB50] -> 0x006F
mem[X,0x000000008001BB52] -> 0x0200
[3840] [M]: 0x000000008001BB50 (0x0200006F) jal zero, 32
mem[X,0x000000008001BB70] -> 0xB423
mem[X,0x000000008001BB72] -> 0x7E20
[3841] [M]: 0x000000008001BB70 (0x7E20B423) sd sp, 2024(ra)
mem[0x00000000800459C0] <- 0x0000000000000001
mem[X,0x000000008001BB74] -> 0x0513
mem[X,0x000000008001BB76] -> 0x0050
[3842] [M]: 0x000000008001BB74 (0x00500513) addi a0, zero, 5
x10 <- 0x0000000000000005
mem[X,0x000000008001BB78] -> 0x35B7
mem[X,0x000000008001BB7A] -> 0x3333
[3843] [M]: 0x000000008001BB78 (0x333335B7) lui a1, 209715
x11 <- 0x0000000033333000
mem[X,0x000000008001BB7C] -> 0x8593
mem[X,0x000000008001BB7E] -> 0x3335
[3844] [M]: 0x000000008001BB7C (0x33358593) addi a1, a1, 819
x11 <- 0x0000000033333333
mem[X,0x000000008001BB80] -> 0x9593
mem[X,0x000000008001BB82] -> 0x00B5
[3845] [M]: 0x000000008001BB80 (0x00B59593) slli a1, a1, 11
x11 <- 0x0000019999999800
mem[X,0x000000008001BB84] -> 0x8593
mem[X,0x000000008001BB86] -> 0x1995
[3846] [M]: 0x000000008001BB84 (0x19958593) addi a1, a1, 409
x11 <- 0x0000019999999999
mem[X,0x000000008001BB88] -> 0x9593
mem[X,0x000000008001BB8A] -> 0x00B5
[3847] [M]: 0x000000008001BB88 (0x00B59593) slli a1, a1, 11
x11 <- 0x000CCCCCCCCCC800
mem[X,0x000000008001BB8C] -> 0x8593
mem[X,0x000000008001BB8E] -> 0x4CC5
[3848] [M]: 0x000000008001BB8C (0x4CC58593) addi a1, a1, 1228
x11 <- 0x000CCCCCCCCCCCCC
mem[X,0x000000008001BB90] -> 0x9593
mem[X,0x000000008001BB92] -> 0x00A5
[3849] [M]: 0x000000008001BB90 (0x00A59593) slli a1, a1, 10
x11 <- 0x3333333333333000
mem[X,0x000000008001BB94] -> 0x8593
mem[X,0x000000008001BB96] -> 0x3345
[3850] [M]: 0x000000008001BB94 (0x33458593) addi a1, a1, 820
x11 <- 0x3333333333333334
mem[X,0x000000008001BB98] -> 0x0113
mem[X,0x000000008001BB9A] -> 0x0000
[3851] [M]: 0x000000008001BB98 (0x00000113) addi sp, zero, 0
x2 <- 0x0000000000000000
mem[X,0x000000008001BB9C] -> 0x006F
mem[X,0x000000008001BB9E] -> 0x00C0
[3852] [M]: 0x000000008001BB9C (0x00C0006F) jal zero, 12
mem[X,0x000000008001BBA8] -> 0x1063
mem[X,0x000000008001BBAA] -> 0x02B5
[3853] [M]: 0x000000008001BBA8 (0x02B51063) bne a0, a1, 32
mem[X,0x000000008001BBC8] -> 0x0113
mem[X,0x000000008001BBCA] -> 0x0031
[3854] [M]: 0x000000008001BBC8 (0x00310113) addi sp, sp, 3
x2 <- 0x0000000000000003
mem[X,0x000000008001BBCC] -> 0x006F
mem[X,0x000000008001BBCE] -> 0x0040
[3855] [M]: 0x000000008001BBCC (0x0040006F) jal zero, 4
mem[X,0x000000008001BBD0] -> 0xB823
mem[X,0x000000008001BBD2] -> 0x7E20
[3856] [M]: 0x000000008001BBD0 (0x7E20B823) sd sp, 2032(ra)
mem[0x00000000800459C8] <- 0x0000000000000003
mem[X,0x000000008001BBD4] -> 0x0513
mem[X,0x000000008001BBD6] -> 0x0050
[3857] [M]: 0x000000008001BBD4 (0x00500513) addi a0, zero, 5
x10 <- 0x0000000000000005
mem[X,0x000000008001BBD8] -> 0x65B7
mem[X,0x000000008001BBDA] -> 0x6666
[3858] [M]: 0x000000008001BBD8 (0x666665B7) lui a1, 419430
x11 <- 0x0000000066666000
mem[X,0x000000008001BBDC] -> 0x8593
mem[X,0x000000008001BBDE] -> 0x6665
[3859] [M]: 0x000000008001BBDC (0x66658593) addi a1, a1, 1638
x11 <- 0x0000000066666666
mem[X,0x000000008001BBE0] -> 0x9593
mem[X,0x000000008001BBE2] -> 0x00B5
[3860] [M]: 0x000000008001BBE0 (0x00B59593) slli a1, a1, 11
x11 <- 0x0000033333333000
mem[X,0x000000008001BBE4] -> 0x8593
mem[X,0x000000008001BBE6] -> 0x3335
[3861] [M]: 0x000000008001BBE4 (0x33358593) addi a1, a1, 819
x11 <- 0x0000033333333333
mem[X,0x000000008001BBE8] -> 0x9593
mem[X,0x000000008001BBEA] -> 0x00B5
[3862] [M]: 0x000000008001BBE8 (0x00B59593) slli a1, a1, 11
x11 <- 0x0019999999999800
mem[X,0x000000008001BBEC] -> 0x8593
mem[X,0x000000008001BBEE] -> 0x1995
[3863] [M]: 0x000000008001BBEC (0x19958593) addi a1, a1, 409
x11 <- 0x0019999999999999
mem[X,0x000000008001BBF0] -> 0x9593
mem[X,0x000000008001BBF2] -> 0x00A5
[3864] [M]: 0x000000008001BBF0 (0x00A59593) slli a1, a1, 10
x11 <- 0x6666666666666400
mem[X,0x000000008001BBF4] -> 0x8593
mem[X,0x000000008001BBF6] -> 0x2675
[3865] [M]: 0x000000008001BBF4 (0x26758593) addi a1, a1, 615
x11 <- 0x6666666666666667
mem[X,0x000000008001BBF8] -> 0x0113
mem[X,0x000000008001BBFA] -> 0x0000
[3866] [M]: 0x000000008001BBF8 (0x00000113) addi sp, zero, 0
x2 <- 0x0000000000000000
mem[X,0x000000008001BBFC] -> 0x006F
mem[X,0x000000008001BBFE] -> 0x0100
[3867] [M]: 0x000000008001BBFC (0x0100006F) jal zero, 16
mem[X,0x000000008001BC0C] -> 0x1AE3
mem[X,0x000000008001BC0E] -> 0xFEB5
[3868] [M]: 0x000000008001BC0C (0xFEB51AE3) bne a0, a1, 8180
mem[X,0x000000008001BC00] -> 0x0113
mem[X,0x000000008001BC02] -> 0x0011
[3869] [M]: 0x000000008001BC00 (0x00110113) addi sp, sp, 1
x2 <- 0x0000000000000001
mem[X,0x000000008001BC04] -> 0x006F
mem[X,0x000000008001BC06] -> 0x01C0
[3870] [M]: 0x000000008001BC04 (0x01C0006F) jal zero, 28
mem[X,0x000000008001BC20] -> 0xBC23
mem[X,0x000000008001BC22] -> 0x7E20
[3871] [M]: 0x000000008001BC20 (0x7E20BC23) sd sp, 2040(ra)
mem[0x00000000800459D0] <- 0x0000000000000001
mem[X,0x000000008001BC24] -> 0x0013
mem[X,0x000000008001BC26] -> 0x0000
[3872] [M]: 0x000000008001BC24 (0x00000013) addi zero, zero, 0
mem[X,0x000000008001BC28] -> 0x0013
mem[X,0x000000008001BC2A] -> 0x0000
[3873] [M]: 0x000000008001BC28 (0x00000013) addi zero, zero, 0
mem[X,0x000000008001BC2C] -> 0x0013
mem[X,0x000000008001BC2E] -> 0x0000
[3874] [M]: 0x000000008001BC2C (0x00000013) addi zero, zero, 0
mem[X,0x000000008001BC30] -> 0x0013
mem[X,0x000000008001BC32] -> 0x0000
[3875] [M]: 0x000000008001BC30 (0x00000013) addi zero, zero, 0
mem[X,0x000000008001BC34] -> 0x0013
mem[X,0x000000008001BC36] -> 0x0000
[3876] [M]: 0x000000008001BC34 (0x00000013) addi zero, zero, 0
mem[X,0x000000008001BC38] -> 0x0013
mem[X,0x000000008001BC3A] -> 0x0000
[3877] [M]: 0x000000008001BC38 (0x00000013) addi zero, zero, 0
mem[X,0x000000008001BC3C] -> 0x0013
mem[X,0x000000008001BC3E] -> 0x0000
[3878] [M]: 0x000000008001BC3C (0x00000013) addi zero, zero, 0
mem[X,0x000000008001BC40] -> 0xA097
mem[X,0x000000008001BC42] -> 0x0002
[3879] [M]: 0x000000008001BC40 (0x0002A097) auipc ra, 42
x1 <- 0x0000000080045C40
mem[X,0x000000008001BC44] -> 0x8093
mem[X,0x000000008001BC46] -> 0xD980
[3880] [M]: 0x000000008001BC44 (0xD9808093) addi ra, ra, 3480
x1 <- 0x00000000800459D8
mem[X,0x000000008001BC48] -> 0x0013
mem[X,0x000000008001BC4A] -> 0x0000
[3881] [M]: 0x000000008001BC48 (0x00000013) addi zero, zero, 0
mem[X,0x000000008001BC4C] -> 0x0013
mem[X,0x000000008001BC4E] -> 0x0000
[3882] [M]: 0x000000008001BC4C (0x00000013) addi zero, zero, 0
mem[X,0x000000008001BC50] -> 0x0013
mem[X,0x000000008001BC52] -> 0x0000
[3883] [M]: 0x000000008001BC50 (0x00000013) addi zero, zero, 0
mem[X,0x000000008001BC54] -> 0x0013
mem[X,0x000000008001BC56] -> 0x0000
[3884] [M]: 0x000000008001BC54 (0x00000013) addi zero, zero, 0
mem[X,0x000000008001BC58] -> 0x0013
mem[X,0x000000008001BC5A] -> 0x0000
[3885] [M]: 0x000000008001BC58 (0x00000013) addi zero, zero, 0
mem[X,0x000000008001BC5C] -> 0x0013
mem[X,0x000000008001BC5E] -> 0x0000
[3886] [M]: 0x000000008001BC5C (0x00000013) addi zero, zero, 0
mem[X,0x000000008001BC60] -> 0x0513
mem[X,0x000000008001BC62] -> 0x0050
[3887] [M]: 0x000000008001BC60 (0x00500513) addi a0, zero, 5
x10 <- 0x0000000000000005
mem[X,0x000000008001BC64] -> 0x05B7
mem[X,0x000000008001BC66] -> 0x0000
[3888] [M]: 0x000000008001BC64 (0x000005B7) lui a1, 0
x11 <- 0x0000000000000000
mem[X,0x000000008001BC68] -> 0x8593
mem[X,0x000000008001BC6A] -> 0xFFF5
[3889] [M]: 0x000000008001BC68 (0xFFF58593) addi a1, a1, 4095
x11 <- 0xFFFFFFFFFFFFFFFF
mem[X,0x000000008001BC6C] -> 0x9593
mem[X,0x000000008001BC6E] -> 0x00B5
[3890] [M]: 0x000000008001BC6C (0x00B59593) slli a1, a1, 11
x11 <- 0xFFFFFFFFFFFFF800
mem[X,0x000000008001BC70] -> 0x8593
mem[X,0x000000008001BC72] -> 0x2575
[3891] [M]: 0x000000008001BC70 (0x25758593) addi a1, a1, 599
x11 <- 0xFFFFFFFFFFFFFA57
mem[X,0x000000008001BC74] -> 0x9593
mem[X,0x000000008001BC76] -> 0x00B5
[3892] [M]: 0x000000008001BC74 (0x00B59593) slli a1, a1, 11
x11 <- 0xFFFFFFFFFFD2B800
mem[X,0x000000008001BC78] -> 0x8593
mem[X,0x000000008001BC7A] -> 0x6C35
[3893] [M]: 0x000000008001BC78 (0x6C358593) addi a1, a1, 1731
x11 <- 0xFFFFFFFFFFD2BEC3
mem[X,0x000000008001BC7C] -> 0x9593
mem[X,0x000000008001BC7E] -> 0x00A5
[3894] [M]: 0x000000008001BC7C (0x00A59593) slli a1, a1, 10
x11 <- 0xFFFFFFFF4AFB0C00
mem[X,0x000000008001BC80] -> 0x8593
mem[X,0x000000008001BC82] -> 0x0CE5
[3895] [M]: 0x000000008001BC80 (0x0CE58593) addi a1, a1, 206
x11 <- 0xFFFFFFFF4AFB0CCE
mem[X,0x000000008001BC84] -> 0x0113
mem[X,0x000000008001BC86] -> 0x0000
[3896] [M]: 0x000000008001BC84 (0x00000113) addi sp, zero, 0
x2 <- 0x0000000000000000
mem[X,0x000000008001BC88] -> 0x006F
mem[X,0x000000008001BC8A] -> 0x00C0
[3897] [M]: 0x000000008001BC88 (0x00C0006F) jal zero, 12
mem[X,0x000000008001BC94] -> 0x1663
mem[X,0x000000008001BC96] -> 0x00B5
[3898] [M]: 0x000000008001BC94 (0x00B51663) bne a0, a1, 12
mem[X,0x000000008001BCA0] -> 0x0113
mem[X,0x000000008001BCA2] -> 0x0031
[3899] [M]: 0x000000008001BCA0 (0x00310113) addi sp, sp, 3
x2 <- 0x0000000000000003
clint::tick mtime <- 0x0000000000000027
 clint timer pending at mtime 0x0000000000000027
htif::tick 0x0000000000000000
mem[X,0x000000008001BCA4] -> 0x006F
mem[X,0x000000008001BCA6] -> 0x0040
[3900] [M]: 0x000000008001BCA4 (0x0040006F) jal zero, 4
mem[X,0x000000008001BCA8] -> 0xB023
mem[X,0x000000008001BCAA] -> 0x0020
[3901] [M]: 0x000000008001BCA8 (0x0020B023) sd sp, 0(ra)
mem[0x00000000800459D8] <- 0x0000000000000003
mem[X,0x000000008001BCAC] -> 0x0513
mem[X,0x000000008001BCAE] -> 0x0050
[3902] [M]: 0x000000008001BCAC (0x00500513) addi a0, zero, 5
x10 <- 0x0000000000000005
mem[X,0x000000008001BCB0] -> 0x05B7
mem[X,0x000000008001BCB2] -> 0x0000
[3903] [M]: 0x000000008001BCB0 (0x000005B7) lui a1, 0
x11 <- 0x0000000000000000
mem[X,0x000000008001BCB4] -> 0x8593
mem[X,0x000000008001BCB6] -> 0x0005
[3904] [M]: 0x000000008001BCB4 (0x00058593) addi a1, a1, 0
x11 <- 0x0000000000000000
mem[X,0x000000008001BCB8] -> 0x9593
mem[X,0x000000008001BCBA] -> 0x00B5
[3905] [M]: 0x000000008001BCB8 (0x00B59593) slli a1, a1, 11
x11 <- 0x0000000000000000
mem[X,0x000000008001BCBC] -> 0x8593
mem[X,0x000000008001BCBE] -> 0x5A85
[3906] [M]: 0x000000008001BCBC (0x5A858593) addi a1, a1, 1448
x11 <- 0x00000000000005A8
mem[X,0x000000008001BCC0] -> 0x9593
mem[X,0x000000008001BCC2] -> 0x00B5
[3907] [M]: 0x000000008001BCC0 (0x00B59593) slli a1, a1, 11
x11 <- 0x00000000002D4000
mem[X,0x000000008001BCC4] -> 0x8593
mem[X,0x000000008001BCC6] -> 0x13C5
[3908] [M]: 0x000000008001BCC4 (0x13C58593) addi a1, a1, 316
x11 <- 0x00000000002D413C
mem[X,0x000000008001BCC8] -> 0x9593
mem[X,0x000000008001BCCA] -> 0x00A5
[3909] [M]: 0x000000008001BCC8 (0x00A59593) slli a1, a1, 10
x11 <- 0x00000000B504F000
mem[X,0x000000008001BCCC] -> 0x8593
mem[X,0x000000008001BCCE] -> 0x3345
[3910] [M]: 0x000000008001BCCC (0x33458593) addi a1, a1, 820
x11 <- 0x00000000B504F334
mem[X,0x000000008001BCD0] -> 0x0113
mem[X,0x000000008001BCD2] -> 0x0000
[3911] [M]: 0x000000008001BCD0 (0x00000113) addi sp, zero, 0
x2 <- 0x0000000000000000
mem[X,0x000000008001BCD4] -> 0x006F
mem[X,0x000000008001BCD6] -> 0x00C0
[3912] [M]: 0x000000008001BCD4 (0x00C0006F) jal zero, 12
mem[X,0x000000008001BCE0] -> 0x1CE3
mem[X,0x000000008001BCE2] -> 0xFEB5
[3913] [M]: 0x000000008001BCE0 (0xFEB51CE3) bne a0, a1, 8184
mem[X,0x000000008001BCD8] -> 0x0113
mem[X,0x000000008001BCDA] -> 0x0011
[3914] [M]: 0x000000008001BCD8 (0x00110113) addi sp, sp, 1
x2 <- 0x0000000000000001
mem[X,0x000000008001BCDC] -> 0x006F
mem[X,0x000000008001BCDE] -> 0x0180
[3915] [M]: 0x000000008001BCDC (0x0180006F) jal zero, 24
mem[X,0x000000008001BCF4] -> 0xB423
mem[X,0x000000008001BCF6] -> 0x0020
[3916] [M]: 0x000000008001BCF4 (0x0020B423) sd sp, 8(ra)
mem[0x00000000800459E0] <- 0x0000000000000001
mem[X,0x000000008001BCF8] -> 0x3537
mem[X,0x000000008001BCFA] -> 0x3333
[3917] [M]: 0x000000008001BCF8 (0x33333537) lui a0, 209715
x10 <- 0x0000000033333000
mem[X,0x000000008001BCFC] -> 0x0513
mem[X,0x000000008001BCFE] -> 0x3335
[3918] [M]: 0x000000008001BCFC (0x33350513) addi a0, a0, 819
x10 <- 0x0000000033333333
mem[X,0x000000008001BD00] -> 0x1513
mem[X,0x000000008001BD02] -> 0x00B5
[3919] [M]: 0x000000008001BD00 (0x00B51513) slli a0, a0, 11
x10 <- 0x0000019999999800
mem[X,0x000000008001BD04] -> 0x0513
mem[X,0x000000008001BD06] -> 0x1995
[3920] [M]: 0x000000008001BD04 (0x19950513) addi a0, a0, 409
x10 <- 0x0000019999999999
mem[X,0x000000008001BD08] -> 0x1513
mem[X,0x000000008001BD0A] -> 0x00B5
[3921] [M]: 0x000000008001BD08 (0x00B51513) slli a0, a0, 11
x10 <- 0x000CCCCCCCCCC800
mem[X,0x000000008001BD0C] -> 0x0513
mem[X,0x000000008001BD0E] -> 0x4CC5
[3922] [M]: 0x000000008001BD0C (0x4CC50513) addi a0, a0, 1228
x10 <- 0x000CCCCCCCCCCCCC
mem[X,0x000000008001BD10] -> 0x1513
mem[X,0x000000008001BD12] -> 0x00A5
[3923] [M]: 0x000000008001BD10 (0x00A51513) slli a0, a0, 10
x10 <- 0x3333333333333000
mem[X,0x000000008001BD14] -> 0x0513
mem[X,0x000000008001BD16] -> 0x3335
[3924] [M]: 0x000000008001BD14 (0x33350513) addi a0, a0, 819
x10 <- 0x3333333333333333
mem[X,0x000000008001BD18] -> 0x0593
mem[X,0x000000008001BD1A] -> 0x0030
[3925] [M]: 0x000000008001BD18 (0x00300593) addi a1, zero, 3
x11 <- 0x0000000000000003
mem[X,0x000000008001BD1C] -> 0x0113
mem[X,0x000000008001BD1E] -> 0x0000
[3926] [M]: 0x000000008001BD1C (0x00000113) addi sp, zero, 0
x2 <- 0x0000000000000000
mem[X,0x000000008001BD20] -> 0x006F
mem[X,0x000000008001BD22] -> 0x00C0
[3927] [M]: 0x000000008001BD20 (0x00C0006F) jal zero, 12
mem[X,0x000000008001BD2C] -> 0x1CE3
mem[X,0x000000008001BD2E] -> 0xFEB5
[3928] [M]: 0x000000008001BD2C (0xFEB51CE3) bne a0, a1, 8184
mem[X,0x000000008001BD24] -> 0x0113
mem[X,0x000000008001BD26] -> 0x0011
[3929] [M]: 0x000000008001BD24 (0x00110113) addi sp, sp, 1
x2 <- 0x0000000000000001
mem[X,0x000000008001BD28] -> 0x006F
mem[X,0x000000008001BD2A] -> 0x0180
[3930] [M]: 0x000000008001BD28 (0x0180006F) jal zero, 24
mem[X,0x000000008001BD40] -> 0xB823
mem[X,0x000000008001BD42] -> 0x0020
[3931] [M]: 0x000000008001BD40 (0x0020B823) sd sp, 16(ra)
mem[0x00000000800459E8] <- 0x0000000000000001
mem[X,0x000000008001BD44] -> 0x3537
mem[X,0x000000008001BD46] -> 0x3333
[3932] [M]: 0x000000008001BD44 (0x33333537) lui a0, 209715
x10 <- 0x0000000033333000
mem[X,0x000000008001BD48] -> 0x0513
mem[X,0x000000008001BD4A] -> 0x3335
[3933] [M]: 0x000000008001BD48 (0x33350513) addi a0, a0, 819
x10 <- 0x0000000033333333
mem[X,0x000000008001BD4C] -> 0x1513
mem[X,0x000000008001BD4E] -> 0x00B5
[3934] [M]: 0x000000008001BD4C (0x00B51513) slli a0, a0, 11
x10 <- 0x0000019999999800
mem[X,0x000000008001BD50] -> 0x0513
mem[X,0x000000008001BD52] -> 0x1995
[3935] [M]: 0x000000008001BD50 (0x19950513) addi a0, a0, 409
x10 <- 0x0000019999999999
mem[X,0x000000008001BD54] -> 0x1513
mem[X,0x000000008001BD56] -> 0x00B5
[3936] [M]: 0x000000008001BD54 (0x00B51513) slli a0, a0, 11
x10 <- 0x000CCCCCCCCCC800
mem[X,0x000000008001BD58] -> 0x0513
mem[X,0x000000008001BD5A] -> 0x4CC5
[3937] [M]: 0x000000008001BD58 (0x4CC50513) addi a0, a0, 1228
x10 <- 0x000CCCCCCCCCCCCC
mem[X,0x000000008001BD5C] -> 0x1513
mem[X,0x000000008001BD5E] -> 0x00A5
[3938] [M]: 0x000000008001BD5C (0x00A51513) slli a0, a0, 10
x10 <- 0x3333333333333000
mem[X,0x000000008001BD60] -> 0x0513
mem[X,0x000000008001BD62] -> 0x3335
[3939] [M]: 0x000000008001BD60 (0x33350513) addi a0, a0, 819
x10 <- 0x3333333333333333
mem[X,0x000000008001BD64] -> 0x55B7
mem[X,0x000000008001BD66] -> 0x5555
[3940] [M]: 0x000000008001BD64 (0x555555B7) lui a1, 349525
x11 <- 0x0000000055555000
mem[X,0x000000008001BD68] -> 0x8593
mem[X,0x000000008001BD6A] -> 0x5555
[3941] [M]: 0x000000008001BD68 (0x55558593) addi a1, a1, 1365
x11 <- 0x0000000055555555
mem[X,0x000000008001BD6C] -> 0x9593
mem[X,0x000000008001BD6E] -> 0x00B5
[3942] [M]: 0x000000008001BD6C (0x00B59593) slli a1, a1, 11
x11 <- 0x000002AAAAAAA800
mem[X,0x000000008001BD70] -> 0x8593
mem[X,0x000000008001BD72] -> 0x2AA5
[3943] [M]: 0x000000008001BD70 (0x2AA58593) addi a1, a1, 682
x11 <- 0x000002AAAAAAAAAA
mem[X,0x000000008001BD74] -> 0x9593
mem[X,0x000000008001BD76] -> 0x00B5
[3944] [M]: 0x000000008001BD74 (0x00B59593) slli a1, a1, 11
x11 <- 0x0015555555555000
mem[X,0x000000008001BD78] -> 0x8593
mem[X,0x000000008001BD7A] -> 0x5555
[3945] [M]: 0x000000008001BD78 (0x55558593) addi a1, a1, 1365
x11 <- 0x0015555555555555
mem[X,0x000000008001BD7C] -> 0x9593
mem[X,0x000000008001BD7E] -> 0x00A5
[3946] [M]: 0x000000008001BD7C (0x00A59593) slli a1, a1, 10
x11 <- 0x5555555555555400
mem[X,0x000000008001BD80] -> 0x8593
mem[X,0x000000008001BD82] -> 0x1555
[3947] [M]: 0x000000008001BD80 (0x15558593) addi a1, a1, 341
x11 <- 0x5555555555555555
mem[X,0x000000008001BD84] -> 0x0113
mem[X,0x000000008001BD86] -> 0x0000
[3948] [M]: 0x000000008001BD84 (0x00000113) addi sp, zero, 0
x2 <- 0x0000000000000000
mem[X,0x000000008001BD88] -> 0x006F
mem[X,0x000000008001BD8A] -> 0x0180
[3949] [M]: 0x000000008001BD88 (0x0180006F) jal zero, 24
mem[X,0x000000008001BDA0] -> 0x16E3
mem[X,0x000000008001BDA2] -> 0xFEB5
[3950] [M]: 0x000000008001BDA0 (0xFEB516E3) bne a0, a1, 8172
mem[X,0x000000008001BD8C] -> 0x0113
mem[X,0x000000008001BD8E] -> 0x0011
[3951] [M]: 0x000000008001BD8C (0x00110113) addi sp, sp, 1
x2 <- 0x0000000000000001
mem[X,0x000000008001BD90] -> 0x006F
mem[X,0x000000008001BD92] -> 0x0240
[3952] [M]: 0x000000008001BD90 (0x0240006F) jal zero, 36
mem[X,0x000000008001BDB4] -> 0xBC23
mem[X,0x000000008001BDB6] -> 0x0020
[3953] [M]: 0x000000008001BDB4 (0x0020BC23) sd sp, 24(ra)
mem[0x00000000800459F0] <- 0x0000000000000001
mem[X,0x000000008001BDB8] -> 0x3537
mem[X,0x000000008001BDBA] -> 0x3333
[3954] [M]: 0x000000008001BDB8 (0x33333537) lui a0, 209715
x10 <- 0x0000000033333000
mem[X,0x000000008001BDBC] -> 0x0513
mem[X,0x000000008001BDBE] -> 0x3335
[3955] [M]: 0x000000008001BDBC (0x33350513) addi a0, a0, 819
x10 <- 0x0000000033333333
mem[X,0x000000008001BDC0] -> 0x1513
mem[X,0x000000008001BDC2] -> 0x00B5
[3956] [M]: 0x000000008001BDC0 (0x00B51513) slli a0, a0, 11
x10 <- 0x0000019999999800
mem[X,0x000000008001BDC4] -> 0x0513
mem[X,0x000000008001BDC6] -> 0x1995
[3957] [M]: 0x000000008001BDC4 (0x19950513) addi a0, a0, 409
x10 <- 0x0000019999999999
mem[X,0x000000008001BDC8] -> 0x1513
mem[X,0x000000008001BDCA] -> 0x00B5
[3958] [M]: 0x000000008001BDC8 (0x00B51513) slli a0, a0, 11
x10 <- 0x000CCCCCCCCCC800
mem[X,0x000000008001BDCC] -> 0x0513
mem[X,0x000000008001BDCE] -> 0x4CC5
[3959] [M]: 0x000000008001BDCC (0x4CC50513) addi a0, a0, 1228
x10 <- 0x000CCCCCCCCCCCCC
mem[X,0x000000008001BDD0] -> 0x1513
mem[X,0x000000008001BDD2] -> 0x00A5
[3960] [M]: 0x000000008001BDD0 (0x00A51513) slli a0, a0, 10
x10 <- 0x3333333333333000
mem[X,0x000000008001BDD4] -> 0x0513
mem[X,0x000000008001BDD6] -> 0x3335
[3961] [M]: 0x000000008001BDD4 (0x33350513) addi a0, a0, 819
x10 <- 0x3333333333333333
mem[X,0x000000008001BDD8] -> 0xB5B7
mem[X,0x000000008001BDDA] -> 0xAAAA
[3962] [M]: 0x000000008001BDD8 (0xAAAAB5B7) lui a1, 699051
x11 <- 0xFFFFFFFFAAAAB000
mem[X,0x000000008001BDDC] -> 0x8593
mem[X,0x000000008001BDDE] -> 0xAAA5
[3963] [M]: 0x000000008001BDDC (0xAAA58593) addi a1, a1, 2730
x11 <- 0xFFFFFFFFAAAAAAAA
mem[X,0x000000008001BDE0] -> 0x9593
mem[X,0x000000008001BDE2] -> 0x00B5
[3964] [M]: 0x000000008001BDE0 (0x00B59593) slli a1, a1, 11
x11 <- 0xFFFFFD5555555000
mem[X,0x000000008001BDE4] -> 0x8593
mem[X,0x000000008001BDE6] -> 0x5555
[3965] [M]: 0x000000008001BDE4 (0x55558593) addi a1, a1, 1365
x11 <- 0xFFFFFD5555555555
mem[X,0x000000008001BDE8] -> 0x9593
mem[X,0x000000008001BDEA] -> 0x00B5
[3966] [M]: 0x000000008001BDE8 (0x00B59593) slli a1, a1, 11
x11 <- 0xFFEAAAAAAAAAA800
mem[X,0x000000008001BDEC] -> 0x8593
mem[X,0x000000008001BDEE] -> 0x2AA5
[3967] [M]: 0x000000008001BDEC (0x2AA58593) addi a1, a1, 682
x11 <- 0xFFEAAAAAAAAAAAAA
mem[X,0x000000008001BDF0] -> 0x9593
mem[X,0x000000008001BDF2] -> 0x00A5
[3968] [M]: 0x000000008001BDF0 (0x00A59593) slli a1, a1, 10
x11 <- 0xAAAAAAAAAAAAA800
mem[X,0x000000008001BDF4] -> 0x8593
mem[X,0x000000008001BDF6] -> 0x2AA5
[3969] [M]: 0x000000008001BDF4 (0x2AA58593) addi a1, a1, 682
x11 <- 0xAAAAAAAAAAAAAAAA
mem[X,0x000000008001BDF8] -> 0x0113
mem[X,0x000000008001BDFA] -> 0x0000
[3970] [M]: 0x000000008001BDF8 (0x00000113) addi sp, zero, 0
x2 <- 0x0000000000000000
mem[X,0x000000008001BDFC] -> 0x006F
mem[X,0x000000008001BDFE] -> 0x00C0
[3971] [M]: 0x000000008001BDFC (0x00C0006F) jal zero, 12
mem[X,0x000000008001BE08] -> 0x1663
mem[X,0x000000008001BE0A] -> 0x00B5
[3972] [M]: 0x000000008001BE08 (0x00B51663) bne a0, a1, 12
mem[X,0x000000008001BE14] -> 0x0113
mem[X,0x000000008001BE16] -> 0x0031
[3973] [M]: 0x000000008001BE14 (0x00310113) addi sp, sp, 3
x2 <- 0x0000000000000003
mem[X,0x000000008001BE18] -> 0x006F
mem[X,0x000000008001BE1A] -> 0x0040
[3974] [M]: 0x000000008001BE18 (0x0040006F) jal zero, 4
mem[X,0x000000008001BE1C] -> 0xB023
mem[X,0x000000008001BE1E] -> 0x0220
[3975] [M]: 0x000000008001BE1C (0x0220B023) sd sp, 32(ra)
mem[0x00000000800459F8] <- 0x0000000000000003
mem[X,0x000000008001BE20] -> 0x3537
mem[X,0x000000008001BE22] -> 0x3333
[3976] [M]: 0x000000008001BE20 (0x33333537) lui a0, 209715
x10 <- 0x0000000033333000
mem[X,0x000000008001BE24] -> 0x0513
mem[X,0x000000008001BE26] -> 0x3335
[3977] [M]: 0x000000008001BE24 (0x33350513) addi a0, a0, 819
x10 <- 0x0000000033333333
mem[X,0x000000008001BE28] -> 0x1513
mem[X,0x000000008001BE2A] -> 0x00B5
[3978] [M]: 0x000000008001BE28 (0x00B51513) slli a0, a0, 11
x10 <- 0x0000019999999800
mem[X,0x000000008001BE2C] -> 0x0513
mem[X,0x000000008001BE2E] -> 0x1995
[3979] [M]: 0x000000008001BE2C (0x19950513) addi a0, a0, 409
x10 <- 0x0000019999999999
mem[X,0x000000008001BE30] -> 0x1513
mem[X,0x000000008001BE32] -> 0x00B5
[3980] [M]: 0x000000008001BE30 (0x00B51513) slli a0, a0, 11
x10 <- 0x000CCCCCCCCCC800
mem[X,0x000000008001BE34] -> 0x0513
mem[X,0x000000008001BE36] -> 0x4CC5
[3981] [M]: 0x000000008001BE34 (0x4CC50513) addi a0, a0, 1228
x10 <- 0x000CCCCCCCCCCCCC
mem[X,0x000000008001BE38] -> 0x1513
mem[X,0x000000008001BE3A] -> 0x00A5
[3982] [M]: 0x000000008001BE38 (0x00A51513) slli a0, a0, 10
x10 <- 0x3333333333333000
mem[X,0x000000008001BE3C] -> 0x0513
mem[X,0x000000008001BE3E] -> 0x3335
[3983] [M]: 0x000000008001BE3C (0x33350513) addi a0, a0, 819
x10 <- 0x3333333333333333
mem[X,0x000000008001BE40] -> 0x0593
mem[X,0x000000008001BE42] -> 0x0050
[3984] [M]: 0x000000008001BE40 (0x00500593) addi a1, zero, 5
x11 <- 0x0000000000000005
mem[X,0x000000008001BE44] -> 0x0113
mem[X,0x000000008001BE46] -> 0x0000
[3985] [M]: 0x000000008001BE44 (0x00000113) addi sp, zero, 0
x2 <- 0x0000000000000000
mem[X,0x000000008001BE48] -> 0x006F
mem[X,0x000000008001BE4A] -> 0x00C0
[3986] [M]: 0x000000008001BE48 (0x00C0006F) jal zero, 12
mem[X,0x000000008001BE54] -> 0x1063
mem[X,0x000000008001BE56] -> 0x10B5
[3987] [M]: 0x000000008001BE54 (0x10B51063) bne a0, a1, 256
mem[X,0x000000008001BF54] -> 0x0113
mem[X,0x000000008001BF56] -> 0x0031
[3988] [M]: 0x000000008001BF54 (0x00310113) addi sp, sp, 3
x2 <- 0x0000000000000003
mem[X,0x000000008001BF58] -> 0x006F
mem[X,0x000000008001BF5A] -> 0x0040
[3989] [M]: 0x000000008001BF58 (0x0040006F) jal zero, 4
mem[X,0x000000008001BF5C] -> 0xB423
mem[X,0x000000008001BF5E] -> 0x0220
[3990] [M]: 0x000000008001BF5C (0x0220B423) sd sp, 40(ra)
mem[0x0000000080045A00] <- 0x0000000000000003
mem[X,0x000000008001BF60] -> 0x3537
mem[X,0x000000008001BF62] -> 0x3333
[3991] [M]: 0x000000008001BF60 (0x33333537) lui a0, 209715
x10 <- 0x0000000033333000
mem[X,0x000000008001BF64] -> 0x0513
mem[X,0x000000008001BF66] -> 0x3335
[3992] [M]: 0x000000008001BF64 (0x33350513) addi a0, a0, 819
x10 <- 0x0000000033333333
mem[X,0x000000008001BF68] -> 0x1513
mem[X,0x000000008001BF6A] -> 0x00B5
[3993] [M]: 0x000000008001BF68 (0x00B51513) slli a0, a0, 11
x10 <- 0x0000019999999800
mem[X,0x000000008001BF6C] -> 0x0513
mem[X,0x000000008001BF6E] -> 0x1995
[3994] [M]: 0x000000008001BF6C (0x19950513) addi a0, a0, 409
x10 <- 0x0000019999999999
mem[X,0x000000008001BF70] -> 0x1513
mem[X,0x000000008001BF72] -> 0x00B5
[3995] [M]: 0x000000008001BF70 (0x00B51513) slli a0, a0, 11
x10 <- 0x000CCCCCCCCCC800
mem[X,0x000000008001BF74] -> 0x0513
mem[X,0x000000008001BF76] -> 0x4CC5
[3996] [M]: 0x000000008001BF74 (0x4CC50513) addi a0, a0, 1228
x10 <- 0x000CCCCCCCCCCCCC
mem[X,0x000000008001BF78] -> 0x1513
mem[X,0x000000008001BF7A] -> 0x00A5
[3997] [M]: 0x000000008001BF78 (0x00A51513) slli a0, a0, 10
x10 <- 0x3333333333333000
mem[X,0x000000008001BF7C] -> 0x0513
mem[X,0x000000008001BF7E] -> 0x3335
[3998] [M]: 0x000000008001BF7C (0x33350513) addi a0, a0, 819
x10 <- 0x3333333333333333
mem[X,0x000000008001BF80] -> 0x35B7
mem[X,0x000000008001BF82] -> 0x3333
[3999] [M]: 0x000000008001BF80 (0x333335B7) lui a1, 209715
x11 <- 0x0000000033333000
clint::tick mtime <- 0x0000000000000028
 clint timer pending at mtime 0x0000000000000028
htif::tick 0x0000000000000000
mem[X,0x000000008001BF84] -> 0x8593
mem[X,0x000000008001BF86] -> 0x3335
[4000] [M]: 0x000000008001BF84 (0x33358593) addi a1, a1, 819
x11 <- 0x0000000033333333
mem[X,0x000000008001BF88] -> 0x9593
mem[X,0x000000008001BF8A] -> 0x00B5
[4001] [M]: 0x000000008001BF88 (0x00B59593) slli a1, a1, 11
x11 <- 0x0000019999999800
mem[X,0x000000008001BF8C] -> 0x8593
mem[X,0x000000008001BF8E] -> 0x1995
[4002] [M]: 0x000000008001BF8C (0x19958593) addi a1, a1, 409
x11 <- 0x0000019999999999
mem[X,0x000000008001BF90] -> 0x9593
mem[X,0x000000008001BF92] -> 0x00B5
[4003] [M]: 0x000000008001BF90 (0x00B59593) slli a1, a1, 11
x11 <- 0x000CCCCCCCCCC800
mem[X,0x000000008001BF94] -> 0x8593
mem[X,0x000000008001BF96] -> 0x4CC5
[4004] [M]: 0x000000008001BF94 (0x4CC58593) addi a1, a1, 1228
x11 <- 0x000CCCCCCCCCCCCC
mem[X,0x000000008001BF98] -> 0x9593
mem[X,0x000000008001BF9A] -> 0x00A5
[4005] [M]: 0x000000008001BF98 (0x00A59593) slli a1, a1, 10
x11 <- 0x3333333333333000
mem[X,0x000000008001BF9C] -> 0x8593
mem[X,0x000000008001BF9E] -> 0x3335
[4006] [M]: 0x000000008001BF9C (0x33358593) addi a1, a1, 819
x11 <- 0x3333333333333333
mem[X,0x000000008001BFA0] -> 0x0113
mem[X,0x000000008001BFA2] -> 0x0000
[4007] [M]: 0x000000008001BFA0 (0x00000113) addi sp, zero, 0
x2 <- 0x0000000000000000
mem[X,0x000000008001BFA4] -> 0x006F
mem[X,0x000000008001BFA6] -> 0x00C0
[4008] [M]: 0x000000008001BFA4 (0x00C0006F) jal zero, 12
mem[X,0x000000008001BFB0] -> 0x1063
mem[X,0x000000008001BFB2] -> 0x40B5
[4009] [M]: 0x000000008001BFB0 (0x40B51063) bne a0, a1, 1024
mem[X,0x000000008001BFB4] -> 0x0113
mem[X,0x000000008001BFB6] -> 0x0021
[4010] [M]: 0x000000008001BFB4 (0x00210113) addi sp, sp, 2
x2 <- 0x0000000000000002
mem[X,0x000000008001BFB8] -> 0x006F
mem[X,0x000000008001BFBA] -> 0x4000
[4011] [M]: 0x000000008001BFB8 (0x4000006F) jal zero, 1024
mem[X,0x000000008001C3B8] -> 0xB823
mem[X,0x000000008001C3BA] -> 0x0220
[4012] [M]: 0x000000008001C3B8 (0x0220B823) sd sp, 48(ra)
mem[0x0000000080045A08] <- 0x0000000000000002
mem[X,0x000000008001C3BC] -> 0x3537
mem[X,0x000000008001C3BE] -> 0x3333
[4013] [M]: 0x000000008001C3BC (0x33333537) lui a0, 209715
x10 <- 0x0000000033333000
mem[X,0x000000008001C3C0] -> 0x0513
mem[X,0x000000008001C3C2] -> 0x3335
[4014] [M]: 0x000000008001C3C0 (0x33350513) addi a0, a0, 819
x10 <- 0x0000000033333333
mem[X,0x000000008001C3C4] -> 0x1513
mem[X,0x000000008001C3C6] -> 0x00B5
[4015] [M]: 0x000000008001C3C4 (0x00B51513) slli a0, a0, 11
x10 <- 0x0000019999999800
mem[X,0x000000008001C3C8] -> 0x0513
mem[X,0x000000008001C3CA] -> 0x1995
[4016] [M]: 0x000000008001C3C8 (0x19950513) addi a0, a0, 409
x10 <- 0x0000019999999999
mem[X,0x000000008001C3CC] -> 0x1513
mem[X,0x000000008001C3CE] -> 0x00B5
[4017] [M]: 0x000000008001C3CC (0x00B51513) slli a0, a0, 11
x10 <- 0x000CCCCCCCCCC800
mem[X,0x000000008001C3D0] -> 0x0513
mem[X,0x000000008001C3D2] -> 0x4CC5
[4018] [M]: 0x000000008001C3D0 (0x4CC50513) addi a0, a0, 1228
x10 <- 0x000CCCCCCCCCCCCC
mem[X,0x000000008001C3D4] -> 0x1513
mem[X,0x000000008001C3D6] -> 0x00A5
[4019] [M]: 0x000000008001C3D4 (0x00A51513) slli a0, a0, 10
x10 <- 0x3333333333333000
mem[X,0x000000008001C3D8] -> 0x0513
mem[X,0x000000008001C3DA] -> 0x3335
[4020] [M]: 0x000000008001C3D8 (0x33350513) addi a0, a0, 819
x10 <- 0x3333333333333333
mem[X,0x000000008001C3DC] -> 0x65B7
mem[X,0x000000008001C3DE] -> 0x6666
[4021] [M]: 0x000000008001C3DC (0x666665B7) lui a1, 419430
x11 <- 0x0000000066666000
mem[X,0x000000008001C3E0] -> 0x8593
mem[X,0x000000008001C3E2] -> 0x6665
[4022] [M]: 0x000000008001C3E0 (0x66658593) addi a1, a1, 1638
x11 <- 0x0000000066666666
mem[X,0x000000008001C3E4] -> 0x9593
mem[X,0x000000008001C3E6] -> 0x00B5
[4023] [M]: 0x000000008001C3E4 (0x00B59593) slli a1, a1, 11
x11 <- 0x0000033333333000
mem[X,0x000000008001C3E8] -> 0x8593
mem[X,0x000000008001C3EA] -> 0x3335
[4024] [M]: 0x000000008001C3E8 (0x33358593) addi a1, a1, 819
x11 <- 0x0000033333333333
mem[X,0x000000008001C3EC] -> 0x9593
mem[X,0x000000008001C3EE] -> 0x00B5
[4025] [M]: 0x000000008001C3EC (0x00B59593) slli a1, a1, 11
x11 <- 0x0019999999999800
mem[X,0x000000008001C3F0] -> 0x8593
mem[X,0x000000008001C3F2] -> 0x1995
[4026] [M]: 0x000000008001C3F0 (0x19958593) addi a1, a1, 409
x11 <- 0x0019999999999999
mem[X,0x000000008001C3F4] -> 0x9593
mem[X,0x000000008001C3F6] -> 0x00A5
[4027] [M]: 0x000000008001C3F4 (0x00A59593) slli a1, a1, 10
x11 <- 0x6666666666666400
mem[X,0x000000008001C3F8] -> 0x8593
mem[X,0x000000008001C3FA] -> 0x2665
[4028] [M]: 0x000000008001C3F8 (0x26658593) addi a1, a1, 614
x11 <- 0x6666666666666666
mem[X,0x000000008001C3FC] -> 0x0113
mem[X,0x000000008001C3FE] -> 0x0000
[4029] [M]: 0x000000008001C3FC (0x00000113) addi sp, zero, 0
x2 <- 0x0000000000000000
mem[X,0x000000008001C400] -> 0x006F
mem[X,0x000000008001C402] -> 0x00C0
[4030] [M]: 0x000000008001C400 (0x00C0006F) jal zero, 12
mem[X,0x000000008001C40C] -> 0x1663
mem[X,0x000000008001C40E] -> 0x00B5
[4031] [M]: 0x000000008001C40C (0x00B51663) bne a0, a1, 12
mem[X,0x000000008001C418] -> 0x0113
mem[X,0x000000008001C41A] -> 0x0031
[4032] [M]: 0x000000008001C418 (0x00310113) addi sp, sp, 3
x2 <- 0x0000000000000003
mem[X,0x000000008001C41C] -> 0x006F
mem[X,0x000000008001C41E] -> 0x0040
[4033] [M]: 0x000000008001C41C (0x0040006F) jal zero, 4
mem[X,0x000000008001C420] -> 0xBC23
mem[X,0x000000008001C422] -> 0x0220
[4034] [M]: 0x000000008001C420 (0x0220BC23) sd sp, 56(ra)
mem[0x0000000080045A10] <- 0x0000000000000003
mem[X,0x000000008001C424] -> 0x3537
mem[X,0x000000008001C426] -> 0x3333
[4035] [M]: 0x000000008001C424 (0x33333537) lui a0, 209715
x10 <- 0x0000000033333000
mem[X,0x000000008001C428] -> 0x0513
mem[X,0x000000008001C42A] -> 0x3335
[4036] [M]: 0x000000008001C428 (0x33350513) addi a0, a0, 819
x10 <- 0x0000000033333333
mem[X,0x000000008001C42C] -> 0x1513
mem[X,0x000000008001C42E] -> 0x00B5
[4037] [M]: 0x000000008001C42C (0x00B51513) slli a0, a0, 11
x10 <- 0x0000019999999800
mem[X,0x000000008001C430] -> 0x0513
mem[X,0x000000008001C432] -> 0x1995
[4038] [M]: 0x000000008001C430 (0x19950513) addi a0, a0, 409
x10 <- 0x0000019999999999
mem[X,0x000000008001C434] -> 0x1513
mem[X,0x000000008001C436] -> 0x00B5
[4039] [M]: 0x000000008001C434 (0x00B51513) slli a0, a0, 11
x10 <- 0x000CCCCCCCCCC800
mem[X,0x000000008001C438] -> 0x0513
mem[X,0x000000008001C43A] -> 0x4CC5
[4040] [M]: 0x000000008001C438 (0x4CC50513) addi a0, a0, 1228
x10 <- 0x000CCCCCCCCCCCCC
mem[X,0x000000008001C43C] -> 0x1513
mem[X,0x000000008001C43E] -> 0x00A5
[4041] [M]: 0x000000008001C43C (0x00A51513) slli a0, a0, 10
x10 <- 0x3333333333333000
mem[X,0x000000008001C440] -> 0x0513
mem[X,0x000000008001C442] -> 0x3335
[4042] [M]: 0x000000008001C440 (0x33350513) addi a0, a0, 819
x10 <- 0x3333333333333333
mem[X,0x000000008001C444] -> 0x05B7
mem[X,0x000000008001C446] -> 0x0000
[4043] [M]: 0x000000008001C444 (0x000005B7) lui a1, 0
x11 <- 0x0000000000000000
mem[X,0x000000008001C448] -> 0x8593
mem[X,0x000000008001C44A] -> 0xFFF5
[4044] [M]: 0x000000008001C448 (0xFFF58593) addi a1, a1, 4095
x11 <- 0xFFFFFFFFFFFFFFFF
mem[X,0x000000008001C44C] -> 0x9593
mem[X,0x000000008001C44E] -> 0x00B5
[4045] [M]: 0x000000008001C44C (0x00B59593) slli a1, a1, 11
x11 <- 0xFFFFFFFFFFFFF800
mem[X,0x000000008001C450] -> 0x8593
mem[X,0x000000008001C452] -> 0x2575
[4046] [M]: 0x000000008001C450 (0x25758593) addi a1, a1, 599
x11 <- 0xFFFFFFFFFFFFFA57
mem[X,0x000000008001C454] -> 0x9593
mem[X,0x000000008001C456] -> 0x00B5
[4047] [M]: 0x000000008001C454 (0x00B59593) slli a1, a1, 11
x11 <- 0xFFFFFFFFFFD2B800
mem[X,0x000000008001C458] -> 0x8593
mem[X,0x000000008001C45A] -> 0x6C35
[4048] [M]: 0x000000008001C458 (0x6C358593) addi a1, a1, 1731
x11 <- 0xFFFFFFFFFFD2BEC3
mem[X,0x000000008001C45C] -> 0x9593
mem[X,0x000000008001C45E] -> 0x00A5
[4049] [M]: 0x000000008001C45C (0x00A59593) slli a1, a1, 10
x11 <- 0xFFFFFFFF4AFB0C00
mem[X,0x000000008001C460] -> 0x8593
mem[X,0x000000008001C462] -> 0x0CD5
[4050] [M]: 0x000000008001C460 (0x0CD58593) addi a1, a1, 205
x11 <- 0xFFFFFFFF4AFB0CCD
mem[X,0x000000008001C464] -> 0x0113
mem[X,0x000000008001C466] -> 0x0000
[4051] [M]: 0x000000008001C464 (0x00000113) addi sp, zero, 0
x2 <- 0x0000000000000000
mem[X,0x000000008001C468] -> 0x006F
mem[X,0x000000008001C46A] -> 0x00C0
[4052] [M]: 0x000000008001C468 (0x00C0006F) jal zero, 12
mem[X,0x000000008001C474] -> 0x1063
mem[X,0x000000008001C476] -> 0x40B5
[4053] [M]: 0x000000008001C474 (0x40B51063) bne a0, a1, 1024
mem[X,0x000000008001C874] -> 0x0113
mem[X,0x000000008001C876] -> 0x0031
[4054] [M]: 0x000000008001C874 (0x00310113) addi sp, sp, 3
x2 <- 0x0000000000000003
mem[X,0x000000008001C878] -> 0x006F
mem[X,0x000000008001C87A] -> 0x0040
[4055] [M]: 0x000000008001C878 (0x0040006F) jal zero, 4
mem[X,0x000000008001C87C] -> 0xB023
mem[X,0x000000008001C87E] -> 0x0420
[4056] [M]: 0x000000008001C87C (0x0420B023) sd sp, 64(ra)
mem[0x0000000080045A18] <- 0x0000000000000003
mem[X,0x000000008001C880] -> 0x3537
mem[X,0x000000008001C882] -> 0x3333
[4057] [M]: 0x000000008001C880 (0x33333537) lui a0, 209715
x10 <- 0x0000000033333000
mem[X,0x000000008001C884] -> 0x0513
mem[X,0x000000008001C886] -> 0x3335
[4058] [M]: 0x000000008001C884 (0x33350513) addi a0, a0, 819
x10 <- 0x0000000033333333
mem[X,0x000000008001C888] -> 0x1513
mem[X,0x000000008001C88A] -> 0x00B5
[4059] [M]: 0x000000008001C888 (0x00B51513) slli a0, a0, 11
x10 <- 0x0000019999999800
mem[X,0x000000008001C88C] -> 0x0513
mem[X,0x000000008001C88E] -> 0x1995
[4060] [M]: 0x000000008001C88C (0x19950513) addi a0, a0, 409
x10 <- 0x0000019999999999
mem[X,0x000000008001C890] -> 0x1513
mem[X,0x000000008001C892] -> 0x00B5
[4061] [M]: 0x000000008001C890 (0x00B51513) slli a0, a0, 11
x10 <- 0x000CCCCCCCCCC800
mem[X,0x000000008001C894] -> 0x0513
mem[X,0x000000008001C896] -> 0x4CC5
[4062] [M]: 0x000000008001C894 (0x4CC50513) addi a0, a0, 1228
x10 <- 0x000CCCCCCCCCCCCC
mem[X,0x000000008001C898] -> 0x1513
mem[X,0x000000008001C89A] -> 0x00A5
[4063] [M]: 0x000000008001C898 (0x00A51513) slli a0, a0, 10
x10 <- 0x3333333333333000
mem[X,0x000000008001C89C] -> 0x0513
mem[X,0x000000008001C89E] -> 0x3335
[4064] [M]: 0x000000008001C89C (0x33350513) addi a0, a0, 819
x10 <- 0x3333333333333333
mem[X,0x000000008001C8A0] -> 0x05B7
mem[X,0x000000008001C8A2] -> 0x0000
[4065] [M]: 0x000000008001C8A0 (0x000005B7) lui a1, 0
x11 <- 0x0000000000000000
mem[X,0x000000008001C8A4] -> 0x8593
mem[X,0x000000008001C8A6] -> 0x0005
[4066] [M]: 0x000000008001C8A4 (0x00058593) addi a1, a1, 0
x11 <- 0x0000000000000000
mem[X,0x000000008001C8A8] -> 0x9593
mem[X,0x000000008001C8AA] -> 0x00B5
[4067] [M]: 0x000000008001C8A8 (0x00B59593) slli a1, a1, 11
x11 <- 0x0000000000000000
mem[X,0x000000008001C8AC] -> 0x8593
mem[X,0x000000008001C8AE] -> 0x5A85
[4068] [M]: 0x000000008001C8AC (0x5A858593) addi a1, a1, 1448
x11 <- 0x00000000000005A8
mem[X,0x000000008001C8B0] -> 0x9593
mem[X,0x000000008001C8B2] -> 0x00B5
[4069] [M]: 0x000000008001C8B0 (0x00B59593) slli a1, a1, 11
x11 <- 0x00000000002D4000
mem[X,0x000000008001C8B4] -> 0x8593
mem[X,0x000000008001C8B6] -> 0x13C5
[4070] [M]: 0x000000008001C8B4 (0x13C58593) addi a1, a1, 316
x11 <- 0x00000000002D413C
mem[X,0x000000008001C8B8] -> 0x9593
mem[X,0x000000008001C8BA] -> 0x00A5
[4071] [M]: 0x000000008001C8B8 (0x00A59593) slli a1, a1, 10
x11 <- 0x00000000B504F000
mem[X,0x000000008001C8BC] -> 0x8593
mem[X,0x000000008001C8BE] -> 0x3335
[4072] [M]: 0x000000008001C8BC (0x33358593) addi a1, a1, 819
x11 <- 0x00000000B504F333
mem[X,0x000000008001C8C0] -> 0x0113
mem[X,0x000000008001C8C2] -> 0x0000
[4073] [M]: 0x000000008001C8C0 (0x00000113) addi sp, zero, 0
x2 <- 0x0000000000000000
mem[X,0x000000008001C8C4] -> 0x006F
mem[X,0x000000008001C8C6] -> 0x0050
[4074] [M]: 0x000000008001C8C4 (0x0050006F) jal zero, 2052
mem[X,0x000000008001D0C8] -> 0x10E3
mem[X,0x000000008001D0CA] -> 0x80B5
[4075] [M]: 0x000000008001D0C8 (0x80B510E3) bne a0, a1, 6144
mem[X,0x000000008001C8C8] -> 0x0113
mem[X,0x000000008001C8CA] -> 0x0011
[4076] [M]: 0x000000008001C8C8 (0x00110113) addi sp, sp, 1
x2 <- 0x0000000000000001
mem[X,0x000000008001C8CC] -> 0x006F
mem[X,0x000000008001C8CE] -> 0x0110
[4077] [M]: 0x000000008001C8CC (0x0110006F) jal zero, 2064
mem[X,0x000000008001D0DC] -> 0xB423
mem[X,0x000000008001D0DE] -> 0x0420
[4078] [M]: 0x000000008001D0DC (0x0420B423) sd sp, 72(ra)
mem[0x0000000080045A20] <- 0x0000000000000001
mem[X,0x000000008001D0E0] -> 0x3537
mem[X,0x000000008001D0E2] -> 0x3333
[4079] [M]: 0x000000008001D0E0 (0x33333537) lui a0, 209715
x10 <- 0x0000000033333000
mem[X,0x000000008001D0E4] -> 0x0513
mem[X,0x000000008001D0E6] -> 0x3335
[4080] [M]: 0x000000008001D0E4 (0x33350513) addi a0, a0, 819
x10 <- 0x0000000033333333
mem[X,0x000000008001D0E8] -> 0x1513
mem[X,0x000000008001D0EA] -> 0x00B5
[4081] [M]: 0x000000008001D0E8 (0x00B51513) slli a0, a0, 11
x10 <- 0x0000019999999800
mem[X,0x000000008001D0EC] -> 0x0513
mem[X,0x000000008001D0EE] -> 0x1995
[4082] [M]: 0x000000008001D0EC (0x19950513) addi a0, a0, 409
x10 <- 0x0000019999999999
mem[X,0x000000008001D0F0] -> 0x1513
mem[X,0x000000008001D0F2] -> 0x00B5
[4083] [M]: 0x000000008001D0F0 (0x00B51513) slli a0, a0, 11
x10 <- 0x000CCCCCCCCCC800
mem[X,0x000000008001D0F4] -> 0x0513
mem[X,0x000000008001D0F6] -> 0x4CC5
[4084] [M]: 0x000000008001D0F4 (0x4CC50513) addi a0, a0, 1228
x10 <- 0x000CCCCCCCCCCCCC
mem[X,0x000000008001D0F8] -> 0x1513
mem[X,0x000000008001D0FA] -> 0x00A5
[4085] [M]: 0x000000008001D0F8 (0x00A51513) slli a0, a0, 10
x10 <- 0x3333333333333000
mem[X,0x000000008001D0FC] -> 0x0513
mem[X,0x000000008001D0FE] -> 0x3335
[4086] [M]: 0x000000008001D0FC (0x33350513) addi a0, a0, 819
x10 <- 0x3333333333333333
mem[X,0x000000008001D100] -> 0x0593
mem[X,0x000000008001D102] -> 0x0020
[4087] [M]: 0x000000008001D100 (0x00200593) addi a1, zero, 2
x11 <- 0x0000000000000002
mem[X,0x000000008001D104] -> 0x0113
mem[X,0x000000008001D106] -> 0x0000
[4088] [M]: 0x000000008001D104 (0x00000113) addi sp, zero, 0
x2 <- 0x0000000000000000
mem[X,0x000000008001D108] -> 0x006F
mem[X,0x000000008001D10A] -> 0x00C0
[4089] [M]: 0x000000008001D108 (0x00C0006F) jal zero, 12
mem[X,0x000000008001D114] -> 0x1663
mem[X,0x000000008001D116] -> 0x00B5
[4090] [M]: 0x000000008001D114 (0x00B51663) bne a0, a1, 12
mem[X,0x000000008001D120] -> 0x0113
mem[X,0x000000008001D122] -> 0x0031
[4091] [M]: 0x000000008001D120 (0x00310113) addi sp, sp, 3
x2 <- 0x0000000000000003
mem[X,0x000000008001D124] -> 0x006F
mem[X,0x000000008001D126] -> 0x0040
[4092] [M]: 0x000000008001D124 (0x0040006F) jal zero, 4
mem[X,0x000000008001D128] -> 0xB823
mem[X,0x000000008001D12A] -> 0x0420
[4093] [M]: 0x000000008001D128 (0x0420B823) sd sp, 80(ra)
mem[0x0000000080045A28] <- 0x0000000000000003
mem[X,0x000000008001D12C] -> 0x3537
mem[X,0x000000008001D12E] -> 0x3333
[4094] [M]: 0x000000008001D12C (0x33333537) lui a0, 209715
x10 <- 0x0000000033333000
mem[X,0x000000008001D130] -> 0x0513
mem[X,0x000000008001D132] -> 0x3335
[4095] [M]: 0x000000008001D130 (0x33350513) addi a0, a0, 819
x10 <- 0x0000000033333333
mem[X,0x000000008001D134] -> 0x1513
mem[X,0x000000008001D136] -> 0x00B5
[4096] [M]: 0x000000008001D134 (0x00B51513) slli a0, a0, 11
x10 <- 0x0000019999999800
mem[X,0x000000008001D138] -> 0x0513
mem[X,0x000000008001D13A] -> 0x1995
[4097] [M]: 0x000000008001D138 (0x19950513) addi a0, a0, 409
x10 <- 0x0000019999999999
mem[X,0x000000008001D13C] -> 0x1513
mem[X,0x000000008001D13E] -> 0x00B5
[4098] [M]: 0x000000008001D13C (0x00B51513) slli a0, a0, 11
x10 <- 0x000CCCCCCCCCC800
mem[X,0x000000008001D140] -> 0x0513
mem[X,0x000000008001D142] -> 0x4CC5
[4099] [M]: 0x000000008001D140 (0x4CC50513) addi a0, a0, 1228
x10 <- 0x000CCCCCCCCCCCCC
clint::tick mtime <- 0x0000000000000029
 clint timer pending at mtime 0x0000000000000029
htif::tick 0x0000000000000000
mem[X,0x000000008001D144] -> 0x1513
mem[X,0x000000008001D146] -> 0x00A5
[4100] [M]: 0x000000008001D144 (0x00A51513) slli a0, a0, 10
x10 <- 0x3333333333333000
mem[X,0x000000008001D148] -> 0x0513
mem[X,0x000000008001D14A] -> 0x3335
[4101] [M]: 0x000000008001D148 (0x33350513) addi a0, a0, 819
x10 <- 0x3333333333333333
mem[X,0x000000008001D14C] -> 0x55B7
mem[X,0x000000008001D14E] -> 0x5555
[4102] [M]: 0x000000008001D14C (0x555555B7) lui a1, 349525
x11 <- 0x0000000055555000
mem[X,0x000000008001D150] -> 0x8593
mem[X,0x000000008001D152] -> 0x5555
[4103] [M]: 0x000000008001D150 (0x55558593) addi a1, a1, 1365
x11 <- 0x0000000055555555
mem[X,0x000000008001D154] -> 0x9593
mem[X,0x000000008001D156] -> 0x00B5
[4104] [M]: 0x000000008001D154 (0x00B59593) slli a1, a1, 11
x11 <- 0x000002AAAAAAA800
mem[X,0x000000008001D158] -> 0x8593
mem[X,0x000000008001D15A] -> 0x2AA5
[4105] [M]: 0x000000008001D158 (0x2AA58593) addi a1, a1, 682
x11 <- 0x000002AAAAAAAAAA
mem[X,0x000000008001D15C] -> 0x9593
mem[X,0x000000008001D15E] -> 0x00B5
[4106] [M]: 0x000000008001D15C (0x00B59593) slli a1, a1, 11
x11 <- 0x0015555555555000
mem[X,0x000000008001D160] -> 0x8593
mem[X,0x000000008001D162] -> 0x5555
[4107] [M]: 0x000000008001D160 (0x55558593) addi a1, a1, 1365
x11 <- 0x0015555555555555
mem[X,0x000000008001D164] -> 0x9593
mem[X,0x000000008001D166] -> 0x00A5
[4108] [M]: 0x000000008001D164 (0x00A59593) slli a1, a1, 10
x11 <- 0x5555555555555400
mem[X,0x000000008001D168] -> 0x8593
mem[X,0x000000008001D16A] -> 0x1545
[4109] [M]: 0x000000008001D168 (0x15458593) addi a1, a1, 340
x11 <- 0x5555555555555554
mem[X,0x000000008001D16C] -> 0x0113
mem[X,0x000000008001D16E] -> 0x0000
[4110] [M]: 0x000000008001D16C (0x00000113) addi sp, zero, 0
x2 <- 0x0000000000000000
mem[X,0x000000008001D170] -> 0x006F
mem[X,0x000000008001D172] -> 0x00C0
[4111] [M]: 0x000000008001D170 (0x00C0006F) jal zero, 12
mem[X,0x000000008001D17C] -> 0x1CE3
mem[X,0x000000008001D17E] -> 0xFEB5
[4112] [M]: 0x000000008001D17C (0xFEB51CE3) bne a0, a1, 8184
mem[X,0x000000008001D174] -> 0x0113
mem[X,0x000000008001D176] -> 0x0011
[4113] [M]: 0x000000008001D174 (0x00110113) addi sp, sp, 1
x2 <- 0x0000000000000001
mem[X,0x000000008001D178] -> 0x006F
mem[X,0x000000008001D17A] -> 0x0180
[4114] [M]: 0x000000008001D178 (0x0180006F) jal zero, 24
mem[X,0x000000008001D190] -> 0xBC23
mem[X,0x000000008001D192] -> 0x0420
[4115] [M]: 0x000000008001D190 (0x0420BC23) sd sp, 88(ra)
mem[0x0000000080045A30] <- 0x0000000000000001
mem[X,0x000000008001D194] -> 0x3537
mem[X,0x000000008001D196] -> 0x3333
[4116] [M]: 0x000000008001D194 (0x33333537) lui a0, 209715
x10 <- 0x0000000033333000
mem[X,0x000000008001D198] -> 0x0513
mem[X,0x000000008001D19A] -> 0x3335
[4117] [M]: 0x000000008001D198 (0x33350513) addi a0, a0, 819
x10 <- 0x0000000033333333
mem[X,0x000000008001D19C] -> 0x1513
mem[X,0x000000008001D19E] -> 0x00B5
[4118] [M]: 0x000000008001D19C (0x00B51513) slli a0, a0, 11
x10 <- 0x0000019999999800
mem[X,0x000000008001D1A0] -> 0x0513
mem[X,0x000000008001D1A2] -> 0x1995
[4119] [M]: 0x000000008001D1A0 (0x19950513) addi a0, a0, 409
x10 <- 0x0000019999999999
mem[X,0x000000008001D1A4] -> 0x1513
mem[X,0x000000008001D1A6] -> 0x00B5
[4120] [M]: 0x000000008001D1A4 (0x00B51513) slli a0, a0, 11
x10 <- 0x000CCCCCCCCCC800
mem[X,0x000000008001D1A8] -> 0x0513
mem[X,0x000000008001D1AA] -> 0x4CC5
[4121] [M]: 0x000000008001D1A8 (0x4CC50513) addi a0, a0, 1228
x10 <- 0x000CCCCCCCCCCCCC
mem[X,0x000000008001D1AC] -> 0x1513
mem[X,0x000000008001D1AE] -> 0x00A5
[4122] [M]: 0x000000008001D1AC (0x00A51513) slli a0, a0, 10
x10 <- 0x3333333333333000
mem[X,0x000000008001D1B0] -> 0x0513
mem[X,0x000000008001D1B2] -> 0x3335
[4123] [M]: 0x000000008001D1B0 (0x33350513) addi a0, a0, 819
x10 <- 0x3333333333333333
mem[X,0x000000008001D1B4] -> 0x0593
mem[X,0x000000008001D1B6] -> 0x0000
[4124] [M]: 0x000000008001D1B4 (0x00000593) addi a1, zero, 0
x11 <- 0x0000000000000000
mem[X,0x000000008001D1B8] -> 0x0113
mem[X,0x000000008001D1BA] -> 0x0000
[4125] [M]: 0x000000008001D1B8 (0x00000113) addi sp, zero, 0
x2 <- 0x0000000000000000
mem[X,0x000000008001D1BC] -> 0x006F
mem[X,0x000000008001D1BE] -> 0x2B10
[4126] [M]: 0x000000008001D1BC (0x2B10006F) jal zero, 2736
mem[X,0x000000008001DC6C] -> 0x1A63
mem[X,0x000000008001DC6E] -> 0xD4B5
[4127] [M]: 0x000000008001DC6C (0xD4B51A63) bne a0, a1, 5460
mem[X,0x000000008001D1C0] -> 0x0113
mem[X,0x000000008001D1C2] -> 0x0011
[4128] [M]: 0x000000008001D1C0 (0x00110113) addi sp, sp, 1
x2 <- 0x0000000000000001
mem[X,0x000000008001D1C4] -> 0x006F
mem[X,0x000000008001D1C6] -> 0x2BD0
[4129] [M]: 0x000000008001D1C4 (0x2BD0006F) jal zero, 2748
mem[X,0x000000008001DC80] -> 0xB023
mem[X,0x000000008001DC82] -> 0x0620
[4130] [M]: 0x000000008001DC80 (0x0620B023) sd sp, 96(ra)
mem[0x0000000080045A38] <- 0x0000000000000001
mem[X,0x000000008001DC84] -> 0x3537
mem[X,0x000000008001DC86] -> 0x3333
[4131] [M]: 0x000000008001DC84 (0x33333537) lui a0, 209715
x10 <- 0x0000000033333000
mem[X,0x000000008001DC88] -> 0x0513
mem[X,0x000000008001DC8A] -> 0x3335
[4132] [M]: 0x000000008001DC88 (0x33350513) addi a0, a0, 819
x10 <- 0x0000000033333333
mem[X,0x000000008001DC8C] -> 0x1513
mem[X,0x000000008001DC8E] -> 0x00B5
[4133] [M]: 0x000000008001DC8C (0x00B51513) slli a0, a0, 11
x10 <- 0x0000019999999800
mem[X,0x000000008001DC90] -> 0x0513
mem[X,0x000000008001DC92] -> 0x1995
[4134] [M]: 0x000000008001DC90 (0x19950513) addi a0, a0, 409
x10 <- 0x0000019999999999
mem[X,0x000000008001DC94] -> 0x1513
mem[X,0x000000008001DC96] -> 0x00B5
[4135] [M]: 0x000000008001DC94 (0x00B51513) slli a0, a0, 11
x10 <- 0x000CCCCCCCCCC800
mem[X,0x000000008001DC98] -> 0x0513
mem[X,0x000000008001DC9A] -> 0x4CC5
[4136] [M]: 0x000000008001DC98 (0x4CC50513) addi a0, a0, 1228
x10 <- 0x000CCCCCCCCCCCCC
mem[X,0x000000008001DC9C] -> 0x1513
mem[X,0x000000008001DC9E] -> 0x00A5
[4137] [M]: 0x000000008001DC9C (0x00A51513) slli a0, a0, 10
x10 <- 0x3333333333333000
mem[X,0x000000008001DCA0] -> 0x0513
mem[X,0x000000008001DCA2] -> 0x3335
[4138] [M]: 0x000000008001DCA0 (0x33350513) addi a0, a0, 819
x10 <- 0x3333333333333333
mem[X,0x000000008001DCA4] -> 0x0593
mem[X,0x000000008001DCA6] -> 0x0040
[4139] [M]: 0x000000008001DCA4 (0x00400593) addi a1, zero, 4
x11 <- 0x0000000000000004
mem[X,0x000000008001DCA8] -> 0x0113
mem[X,0x000000008001DCAA] -> 0x0000
[4140] [M]: 0x000000008001DCA8 (0x00000113) addi sp, zero, 0
x2 <- 0x0000000000000000
mem[X,0x000000008001DCAC] -> 0x006F
mem[X,0x000000008001DCAE] -> 0x00C0
[4141] [M]: 0x000000008001DCAC (0x00C0006F) jal zero, 12
mem[X,0x000000008001DCB8] -> 0x1863
mem[X,0x000000008001DCBA] -> 0x00B5
[4142] [M]: 0x000000008001DCB8 (0x00B51863) bne a0, a1, 16
mem[X,0x000000008001DCC8] -> 0x0113
mem[X,0x000000008001DCCA] -> 0x0031
[4143] [M]: 0x000000008001DCC8 (0x00310113) addi sp, sp, 3
x2 <- 0x0000000000000003
mem[X,0x000000008001DCCC] -> 0x006F
mem[X,0x000000008001DCCE] -> 0x0040
[4144] [M]: 0x000000008001DCCC (0x0040006F) jal zero, 4
mem[X,0x000000008001DCD0] -> 0xB423
mem[X,0x000000008001DCD2] -> 0x0620
[4145] [M]: 0x000000008001DCD0 (0x0620B423) sd sp, 104(ra)
mem[0x0000000080045A40] <- 0x0000000000000003
mem[X,0x000000008001DCD4] -> 0x3537
mem[X,0x000000008001DCD6] -> 0x3333
[4146] [M]: 0x000000008001DCD4 (0x33333537) lui a0, 209715
x10 <- 0x0000000033333000
mem[X,0x000000008001DCD8] -> 0x0513
mem[X,0x000000008001DCDA] -> 0x3335
[4147] [M]: 0x000000008001DCD8 (0x33350513) addi a0, a0, 819
x10 <- 0x0000000033333333
mem[X,0x000000008001DCDC] -> 0x1513
mem[X,0x000000008001DCDE] -> 0x00B5
[4148] [M]: 0x000000008001DCDC (0x00B51513) slli a0, a0, 11
x10 <- 0x0000019999999800
mem[X,0x000000008001DCE0] -> 0x0513
mem[X,0x000000008001DCE2] -> 0x1995
[4149] [M]: 0x000000008001DCE0 (0x19950513) addi a0, a0, 409
x10 <- 0x0000019999999999
mem[X,0x000000008001DCE4] -> 0x1513
mem[X,0x000000008001DCE6] -> 0x00B5
[4150] [M]: 0x000000008001DCE4 (0x00B51513) slli a0, a0, 11
x10 <- 0x000CCCCCCCCCC800
mem[X,0x000000008001DCE8] -> 0x0513
mem[X,0x000000008001DCEA] -> 0x4CC5
[4151] [M]: 0x000000008001DCE8 (0x4CC50513) addi a0, a0, 1228
x10 <- 0x000CCCCCCCCCCCCC
mem[X,0x000000008001DCEC] -> 0x1513
mem[X,0x000000008001DCEE] -> 0x00A5
[4152] [M]: 0x000000008001DCEC (0x00A51513) slli a0, a0, 10
x10 <- 0x3333333333333000
mem[X,0x000000008001DCF0] -> 0x0513
mem[X,0x000000008001DCF2] -> 0x3335
[4153] [M]: 0x000000008001DCF0 (0x33350513) addi a0, a0, 819
x10 <- 0x3333333333333333
mem[X,0x000000008001DCF4] -> 0x35B7
mem[X,0x000000008001DCF6] -> 0x3333
[4154] [M]: 0x000000008001DCF4 (0x333335B7) lui a1, 209715
x11 <- 0x0000000033333000
mem[X,0x000000008001DCF8] -> 0x8593
mem[X,0x000000008001DCFA] -> 0x3335
[4155] [M]: 0x000000008001DCF8 (0x33358593) addi a1, a1, 819
x11 <- 0x0000000033333333
mem[X,0x000000008001DCFC] -> 0x9593
mem[X,0x000000008001DCFE] -> 0x00B5
[4156] [M]: 0x000000008001DCFC (0x00B59593) slli a1, a1, 11
x11 <- 0x0000019999999800
mem[X,0x000000008001DD00] -> 0x8593
mem[X,0x000000008001DD02] -> 0x1995
[4157] [M]: 0x000000008001DD00 (0x19958593) addi a1, a1, 409
x11 <- 0x0000019999999999
mem[X,0x000000008001DD04] -> 0x9593
mem[X,0x000000008001DD06] -> 0x00B5
[4158] [M]: 0x000000008001DD04 (0x00B59593) slli a1, a1, 11
x11 <- 0x000CCCCCCCCCC800
mem[X,0x000000008001DD08] -> 0x8593
mem[X,0x000000008001DD0A] -> 0x4CC5
[4159] [M]: 0x000000008001DD08 (0x4CC58593) addi a1, a1, 1228
x11 <- 0x000CCCCCCCCCCCCC
mem[X,0x000000008001DD0C] -> 0x9593
mem[X,0x000000008001DD0E] -> 0x00A5
[4160] [M]: 0x000000008001DD0C (0x00A59593) slli a1, a1, 10
x11 <- 0x3333333333333000
mem[X,0x000000008001DD10] -> 0x8593
mem[X,0x000000008001DD12] -> 0x3325
[4161] [M]: 0x000000008001DD10 (0x33258593) addi a1, a1, 818
x11 <- 0x3333333333333332
mem[X,0x000000008001DD14] -> 0x0113
mem[X,0x000000008001DD16] -> 0x0000
[4162] [M]: 0x000000008001DD14 (0x00000113) addi sp, zero, 0
x2 <- 0x0000000000000000
mem[X,0x000000008001DD18] -> 0x006F
mem[X,0x000000008001DD1A] -> 0x00C0
[4163] [M]: 0x000000008001DD18 (0x00C0006F) jal zero, 12
mem[X,0x000000008001DD24] -> 0x1863
mem[X,0x000000008001DD26] -> 0x00B5
[4164] [M]: 0x000000008001DD24 (0x00B51863) bne a0, a1, 16
mem[X,0x000000008001DD34] -> 0x0113
mem[X,0x000000008001DD36] -> 0x0031
[4165] [M]: 0x000000008001DD34 (0x00310113) addi sp, sp, 3
x2 <- 0x0000000000000003
mem[X,0x000000008001DD38] -> 0x006F
mem[X,0x000000008001DD3A] -> 0x0040
[4166] [M]: 0x000000008001DD38 (0x0040006F) jal zero, 4
mem[X,0x000000008001DD3C] -> 0xB823
mem[X,0x000000008001DD3E] -> 0x0620
[4167] [M]: 0x000000008001DD3C (0x0620B823) sd sp, 112(ra)
mem[0x0000000080045A48] <- 0x0000000000000003
mem[X,0x000000008001DD40] -> 0x3537
mem[X,0x000000008001DD42] -> 0x3333
[4168] [M]: 0x000000008001DD40 (0x33333537) lui a0, 209715
x10 <- 0x0000000033333000
mem[X,0x000000008001DD44] -> 0x0513
mem[X,0x000000008001DD46] -> 0x3335
[4169] [M]: 0x000000008001DD44 (0x33350513) addi a0, a0, 819
x10 <- 0x0000000033333333
mem[X,0x000000008001DD48] -> 0x1513
mem[X,0x000000008001DD4A] -> 0x00B5
[4170] [M]: 0x000000008001DD48 (0x00B51513) slli a0, a0, 11
x10 <- 0x0000019999999800
mem[X,0x000000008001DD4C] -> 0x0513
mem[X,0x000000008001DD4E] -> 0x1995
[4171] [M]: 0x000000008001DD4C (0x19950513) addi a0, a0, 409
x10 <- 0x0000019999999999
mem[X,0x000000008001DD50] -> 0x1513
mem[X,0x000000008001DD52] -> 0x00B5
[4172] [M]: 0x000000008001DD50 (0x00B51513) slli a0, a0, 11
x10 <- 0x000CCCCCCCCCC800
mem[X,0x000000008001DD54] -> 0x0513
mem[X,0x000000008001DD56] -> 0x4CC5
[4173] [M]: 0x000000008001DD54 (0x4CC50513) addi a0, a0, 1228
x10 <- 0x000CCCCCCCCCCCCC
mem[X,0x000000008001DD58] -> 0x1513
mem[X,0x000000008001DD5A] -> 0x00A5
[4174] [M]: 0x000000008001DD58 (0x00A51513) slli a0, a0, 10
x10 <- 0x3333333333333000
mem[X,0x000000008001DD5C] -> 0x0513
mem[X,0x000000008001DD5E] -> 0x3335
[4175] [M]: 0x000000008001DD5C (0x33350513) addi a0, a0, 819
x10 <- 0x3333333333333333
mem[X,0x000000008001DD60] -> 0x65B7
mem[X,0x000000008001DD62] -> 0x6666
[4176] [M]: 0x000000008001DD60 (0x666665B7) lui a1, 419430
x11 <- 0x0000000066666000
mem[X,0x000000008001DD64] -> 0x8593
mem[X,0x000000008001DD66] -> 0x6665
[4177] [M]: 0x000000008001DD64 (0x66658593) addi a1, a1, 1638
x11 <- 0x0000000066666666
mem[X,0x000000008001DD68] -> 0x9593
mem[X,0x000000008001DD6A] -> 0x00B5
[4178] [M]: 0x000000008001DD68 (0x00B59593) slli a1, a1, 11
x11 <- 0x0000033333333000
mem[X,0x000000008001DD6C] -> 0x8593
mem[X,0x000000008001DD6E] -> 0x3335
[4179] [M]: 0x000000008001DD6C (0x33358593) addi a1, a1, 819
x11 <- 0x0000033333333333
mem[X,0x000000008001DD70] -> 0x9593
mem[X,0x000000008001DD72] -> 0x00B5
[4180] [M]: 0x000000008001DD70 (0x00B59593) slli a1, a1, 11
x11 <- 0x0019999999999800
mem[X,0x000000008001DD74] -> 0x8593
mem[X,0x000000008001DD76] -> 0x1995
[4181] [M]: 0x000000008001DD74 (0x19958593) addi a1, a1, 409
x11 <- 0x0019999999999999
mem[X,0x000000008001DD78] -> 0x9593
mem[X,0x000000008001DD7A] -> 0x00A5
[4182] [M]: 0x000000008001DD78 (0x00A59593) slli a1, a1, 10
x11 <- 0x6666666666666400
mem[X,0x000000008001DD7C] -> 0x8593
mem[X,0x000000008001DD7E] -> 0x2655
[4183] [M]: 0x000000008001DD7C (0x26558593) addi a1, a1, 613
x11 <- 0x6666666666666665
mem[X,0x000000008001DD80] -> 0x0113
mem[X,0x000000008001DD82] -> 0x0000
[4184] [M]: 0x000000008001DD80 (0x00000113) addi sp, zero, 0
x2 <- 0x0000000000000000
mem[X,0x000000008001DD84] -> 0x006F
mem[X,0x000000008001DD86] -> 0x00C0
[4185] [M]: 0x000000008001DD84 (0x00C0006F) jal zero, 12
mem[X,0x000000008001DD90] -> 0x1063
mem[X,0x000000008001DD92] -> 0x04B5
[4186] [M]: 0x000000008001DD90 (0x04B51063) bne a0, a1, 64
mem[X,0x000000008001DDD0] -> 0x0113
mem[X,0x000000008001DDD2] -> 0x0031
[4187] [M]: 0x000000008001DDD0 (0x00310113) addi sp, sp, 3
x2 <- 0x0000000000000003
mem[X,0x000000008001DDD4] -> 0x006F
mem[X,0x000000008001DDD6] -> 0x0040
[4188] [M]: 0x000000008001DDD4 (0x0040006F) jal zero, 4
mem[X,0x000000008001DDD8] -> 0xBC23
mem[X,0x000000008001DDDA] -> 0x0620
[4189] [M]: 0x000000008001DDD8 (0x0620BC23) sd sp, 120(ra)
mem[0x0000000080045A50] <- 0x0000000000000003
mem[X,0x000000008001DDDC] -> 0x3537
mem[X,0x000000008001DDDE] -> 0x3333
[4190] [M]: 0x000000008001DDDC (0x33333537) lui a0, 209715
x10 <- 0x0000000033333000
mem[X,0x000000008001DDE0] -> 0x0513
mem[X,0x000000008001DDE2] -> 0x3335
[4191] [M]: 0x000000008001DDE0 (0x33350513) addi a0, a0, 819
x10 <- 0x0000000033333333
mem[X,0x000000008001DDE4] -> 0x1513
mem[X,0x000000008001DDE6] -> 0x00B5
[4192] [M]: 0x000000008001DDE4 (0x00B51513) slli a0, a0, 11
x10 <- 0x0000019999999800
mem[X,0x000000008001DDE8] -> 0x0513
mem[X,0x000000008001DDEA] -> 0x1995
[4193] [M]: 0x000000008001DDE8 (0x19950513) addi a0, a0, 409
x10 <- 0x0000019999999999
mem[X,0x000000008001DDEC] -> 0x1513
mem[X,0x000000008001DDEE] -> 0x00B5
[4194] [M]: 0x000000008001DDEC (0x00B51513) slli a0, a0, 11
x10 <- 0x000CCCCCCCCCC800
mem[X,0x000000008001DDF0] -> 0x0513
mem[X,0x000000008001DDF2] -> 0x4CC5
[4195] [M]: 0x000000008001DDF0 (0x4CC50513) addi a0, a0, 1228
x10 <- 0x000CCCCCCCCCCCCC
mem[X,0x000000008001DDF4] -> 0x1513
mem[X,0x000000008001DDF6] -> 0x00A5
[4196] [M]: 0x000000008001DDF4 (0x00A51513) slli a0, a0, 10
x10 <- 0x3333333333333000
mem[X,0x000000008001DDF8] -> 0x0513
mem[X,0x000000008001DDFA] -> 0x3335
[4197] [M]: 0x000000008001DDF8 (0x33350513) addi a0, a0, 819
x10 <- 0x3333333333333333
mem[X,0x000000008001DDFC] -> 0x05B7
mem[X,0x000000008001DDFE] -> 0x0000
[4198] [M]: 0x000000008001DDFC (0x000005B7) lui a1, 0
x11 <- 0x0000000000000000
mem[X,0x000000008001DE00] -> 0x8593
mem[X,0x000000008001DE02] -> 0x0005
[4199] [M]: 0x000000008001DE00 (0x00058593) addi a1, a1, 0
x11 <- 0x0000000000000000
clint::tick mtime <- 0x000000000000002A
 clint timer pending at mtime 0x000000000000002A
htif::tick 0x0000000000000000
mem[X,0x000000008001DE04] -> 0x9593
mem[X,0x000000008001DE06] -> 0x00B5
[4200] [M]: 0x000000008001DE04 (0x00B59593) slli a1, a1, 11
x11 <- 0x0000000000000000
mem[X,0x000000008001DE08] -> 0x8593
mem[X,0x000000008001DE0A] -> 0x5A85
[4201] [M]: 0x000000008001DE08 (0x5A858593) addi a1, a1, 1448
x11 <- 0x00000000000005A8
mem[X,0x000000008001DE0C] -> 0x9593
mem[X,0x000000008001DE0E] -> 0x00B5
[4202] [M]: 0x000000008001DE0C (0x00B59593) slli a1, a1, 11
x11 <- 0x00000000002D4000
mem[X,0x000000008001DE10] -> 0x8593
mem[X,0x000000008001DE12] -> 0x13C5
[4203] [M]: 0x000000008001DE10 (0x13C58593) addi a1, a1, 316
x11 <- 0x00000000002D413C
mem[X,0x000000008001DE14] -> 0x9593
mem[X,0x000000008001DE16] -> 0x00A5
[4204] [M]: 0x000000008001DE14 (0x00A59593) slli a1, a1, 10
x11 <- 0x00000000B504F000
mem[X,0x000000008001DE18] -> 0x8593
mem[X,0x000000008001DE1A] -> 0x3325
[4205] [M]: 0x000000008001DE18 (0x33258593) addi a1, a1, 818
x11 <- 0x00000000B504F332
mem[X,0x000000008001DE1C] -> 0x0113
mem[X,0x000000008001DE1E] -> 0x0000
[4206] [M]: 0x000000008001DE1C (0x00000113) addi sp, zero, 0
x2 <- 0x0000000000000000
mem[X,0x000000008001DE20] -> 0x006F
mem[X,0x000000008001DE22] -> 0x0050
[4207] [M]: 0x000000008001DE20 (0x0050006F) jal zero, 2052
mem[X,0x000000008001E624] -> 0x10E3
mem[X,0x000000008001E626] -> 0x80B5
[4208] [M]: 0x000000008001E624 (0x80B510E3) bne a0, a1, 6144
mem[X,0x000000008001DE24] -> 0x0113
mem[X,0x000000008001DE26] -> 0x0011
[4209] [M]: 0x000000008001DE24 (0x00110113) addi sp, sp, 1
x2 <- 0x0000000000000001
mem[X,0x000000008001DE28] -> 0x006F
mem[X,0x000000008001DE2A] -> 0x0110
[4210] [M]: 0x000000008001DE28 (0x0110006F) jal zero, 2064
mem[X,0x000000008001E638] -> 0xB023
mem[X,0x000000008001E63A] -> 0x0820
[4211] [M]: 0x000000008001E638 (0x0820B023) sd sp, 128(ra)
mem[0x0000000080045A58] <- 0x0000000000000001
mem[X,0x000000008001E63C] -> 0x3537
mem[X,0x000000008001E63E] -> 0x3333
[4212] [M]: 0x000000008001E63C (0x33333537) lui a0, 209715
x10 <- 0x0000000033333000
mem[X,0x000000008001E640] -> 0x0513
mem[X,0x000000008001E642] -> 0x3335
[4213] [M]: 0x000000008001E640 (0x33350513) addi a0, a0, 819
x10 <- 0x0000000033333333
mem[X,0x000000008001E644] -> 0x1513
mem[X,0x000000008001E646] -> 0x00B5
[4214] [M]: 0x000000008001E644 (0x00B51513) slli a0, a0, 11
x10 <- 0x0000019999999800
mem[X,0x000000008001E648] -> 0x0513
mem[X,0x000000008001E64A] -> 0x1995
[4215] [M]: 0x000000008001E648 (0x19950513) addi a0, a0, 409
x10 <- 0x0000019999999999
mem[X,0x000000008001E64C] -> 0x1513
mem[X,0x000000008001E64E] -> 0x00B5
[4216] [M]: 0x000000008001E64C (0x00B51513) slli a0, a0, 11
x10 <- 0x000CCCCCCCCCC800
mem[X,0x000000008001E650] -> 0x0513
mem[X,0x000000008001E652] -> 0x4CC5
[4217] [M]: 0x000000008001E650 (0x4CC50513) addi a0, a0, 1228
x10 <- 0x000CCCCCCCCCCCCC
mem[X,0x000000008001E654] -> 0x1513
mem[X,0x000000008001E656] -> 0x00A5
[4218] [M]: 0x000000008001E654 (0x00A51513) slli a0, a0, 10
x10 <- 0x3333333333333000
mem[X,0x000000008001E658] -> 0x0513
mem[X,0x000000008001E65A] -> 0x3335
[4219] [M]: 0x000000008001E658 (0x33350513) addi a0, a0, 819
x10 <- 0x3333333333333333
mem[X,0x000000008001E65C] -> 0x55B7
mem[X,0x000000008001E65E] -> 0x5555
[4220] [M]: 0x000000008001E65C (0x555555B7) lui a1, 349525
x11 <- 0x0000000055555000
mem[X,0x000000008001E660] -> 0x8593
mem[X,0x000000008001E662] -> 0x5555
[4221] [M]: 0x000000008001E660 (0x55558593) addi a1, a1, 1365
x11 <- 0x0000000055555555
mem[X,0x000000008001E664] -> 0x9593
mem[X,0x000000008001E666] -> 0x00B5
[4222] [M]: 0x000000008001E664 (0x00B59593) slli a1, a1, 11
x11 <- 0x000002AAAAAAA800
mem[X,0x000000008001E668] -> 0x8593
mem[X,0x000000008001E66A] -> 0x2AA5
[4223] [M]: 0x000000008001E668 (0x2AA58593) addi a1, a1, 682
x11 <- 0x000002AAAAAAAAAA
mem[X,0x000000008001E66C] -> 0x9593
mem[X,0x000000008001E66E] -> 0x00B5
[4224] [M]: 0x000000008001E66C (0x00B59593) slli a1, a1, 11
x11 <- 0x0015555555555000
mem[X,0x000000008001E670] -> 0x8593
mem[X,0x000000008001E672] -> 0x5555
[4225] [M]: 0x000000008001E670 (0x55558593) addi a1, a1, 1365
x11 <- 0x0015555555555555
mem[X,0x000000008001E674] -> 0x9593
mem[X,0x000000008001E676] -> 0x00A5
[4226] [M]: 0x000000008001E674 (0x00A59593) slli a1, a1, 10
x11 <- 0x5555555555555400
mem[X,0x000000008001E678] -> 0x8593
mem[X,0x000000008001E67A] -> 0x1565
[4227] [M]: 0x000000008001E678 (0x15658593) addi a1, a1, 342
x11 <- 0x5555555555555556
mem[X,0x000000008001E67C] -> 0x0113
mem[X,0x000000008001E67E] -> 0x0000
[4228] [M]: 0x000000008001E67C (0x00000113) addi sp, zero, 0
x2 <- 0x0000000000000000
mem[X,0x000000008001E680] -> 0x006F
mem[X,0x000000008001E682] -> 0x2B10
[4229] [M]: 0x000000008001E680 (0x2B10006F) jal zero, 2736
mem[X,0x000000008001F130] -> 0x1A63
mem[X,0x000000008001F132] -> 0xD4B5
[4230] [M]: 0x000000008001F130 (0xD4B51A63) bne a0, a1, 5460
mem[X,0x000000008001E684] -> 0x0113
mem[X,0x000000008001E686] -> 0x0011
[4231] [M]: 0x000000008001E684 (0x00110113) addi sp, sp, 1
x2 <- 0x0000000000000001
mem[X,0x000000008001E688] -> 0x006F
mem[X,0x000000008001E68A] -> 0x2BD0
[4232] [M]: 0x000000008001E688 (0x2BD0006F) jal zero, 2748
mem[X,0x000000008001F144] -> 0xB423
mem[X,0x000000008001F146] -> 0x0820
[4233] [M]: 0x000000008001F144 (0x0820B423) sd sp, 136(ra)
mem[0x0000000080045A60] <- 0x0000000000000001
mem[X,0x000000008001F148] -> 0x3537
mem[X,0x000000008001F14A] -> 0x3333
[4234] [M]: 0x000000008001F148 (0x33333537) lui a0, 209715
x10 <- 0x0000000033333000
mem[X,0x000000008001F14C] -> 0x0513
mem[X,0x000000008001F14E] -> 0x3335
[4235] [M]: 0x000000008001F14C (0x33350513) addi a0, a0, 819
x10 <- 0x0000000033333333
mem[X,0x000000008001F150] -> 0x1513
mem[X,0x000000008001F152] -> 0x00B5
[4236] [M]: 0x000000008001F150 (0x00B51513) slli a0, a0, 11
x10 <- 0x0000019999999800
mem[X,0x000000008001F154] -> 0x0513
mem[X,0x000000008001F156] -> 0x1995
[4237] [M]: 0x000000008001F154 (0x19950513) addi a0, a0, 409
x10 <- 0x0000019999999999
mem[X,0x000000008001F158] -> 0x1513
mem[X,0x000000008001F15A] -> 0x00B5
[4238] [M]: 0x000000008001F158 (0x00B51513) slli a0, a0, 11
x10 <- 0x000CCCCCCCCCC800
mem[X,0x000000008001F15C] -> 0x0513
mem[X,0x000000008001F15E] -> 0x4CC5
[4239] [M]: 0x000000008001F15C (0x4CC50513) addi a0, a0, 1228
x10 <- 0x000CCCCCCCCCCCCC
mem[X,0x000000008001F160] -> 0x1513
mem[X,0x000000008001F162] -> 0x00A5
[4240] [M]: 0x000000008001F160 (0x00A51513) slli a0, a0, 10
x10 <- 0x3333333333333000
mem[X,0x000000008001F164] -> 0x0513
mem[X,0x000000008001F166] -> 0x3335
[4241] [M]: 0x000000008001F164 (0x33350513) addi a0, a0, 819
x10 <- 0x3333333333333333
mem[X,0x000000008001F168] -> 0xB5B7
mem[X,0x000000008001F16A] -> 0xAAAA
[4242] [M]: 0x000000008001F168 (0xAAAAB5B7) lui a1, 699051
x11 <- 0xFFFFFFFFAAAAB000
mem[X,0x000000008001F16C] -> 0x8593
mem[X,0x000000008001F16E] -> 0xAAA5
[4243] [M]: 0x000000008001F16C (0xAAA58593) addi a1, a1, 2730
x11 <- 0xFFFFFFFFAAAAAAAA
mem[X,0x000000008001F170] -> 0x9593
mem[X,0x000000008001F172] -> 0x00B5
[4244] [M]: 0x000000008001F170 (0x00B59593) slli a1, a1, 11
x11 <- 0xFFFFFD5555555000
mem[X,0x000000008001F174] -> 0x8593
mem[X,0x000000008001F176] -> 0x5555
[4245] [M]: 0x000000008001F174 (0x55558593) addi a1, a1, 1365
x11 <- 0xFFFFFD5555555555
mem[X,0x000000008001F178] -> 0x9593
mem[X,0x000000008001F17A] -> 0x00B5
[4246] [M]: 0x000000008001F178 (0x00B59593) slli a1, a1, 11
x11 <- 0xFFEAAAAAAAAAA800
mem[X,0x000000008001F17C] -> 0x8593
mem[X,0x000000008001F17E] -> 0x2AA5
[4247] [M]: 0x000000008001F17C (0x2AA58593) addi a1, a1, 682
x11 <- 0xFFEAAAAAAAAAAAAA
mem[X,0x000000008001F180] -> 0x9593
mem[X,0x000000008001F182] -> 0x00A5
[4248] [M]: 0x000000008001F180 (0x00A59593) slli a1, a1, 10
x11 <- 0xAAAAAAAAAAAAA800
mem[X,0x000000008001F184] -> 0x8593
mem[X,0x000000008001F186] -> 0x2AB5
[4249] [M]: 0x000000008001F184 (0x2AB58593) addi a1, a1, 683
x11 <- 0xAAAAAAAAAAAAAAAB
mem[X,0x000000008001F188] -> 0x0113
mem[X,0x000000008001F18A] -> 0x0000
[4250] [M]: 0x000000008001F188 (0x00000113) addi sp, zero, 0
x2 <- 0x0000000000000000
mem[X,0x000000008001F18C] -> 0x006F
mem[X,0x000000008001F18E] -> 0x00C0
[4251] [M]: 0x000000008001F18C (0x00C0006F) jal zero, 12
mem[X,0x000000008001F198] -> 0x1CE3
mem[X,0x000000008001F19A] -> 0xFEB5
[4252] [M]: 0x000000008001F198 (0xFEB51CE3) bne a0, a1, 8184
mem[X,0x000000008001F190] -> 0x0113
mem[X,0x000000008001F192] -> 0x0011
[4253] [M]: 0x000000008001F190 (0x00110113) addi sp, sp, 1
x2 <- 0x0000000000000001
mem[X,0x000000008001F194] -> 0x006F
mem[X,0x000000008001F196] -> 0x0180
[4254] [M]: 0x000000008001F194 (0x0180006F) jal zero, 24
mem[X,0x000000008001F1AC] -> 0xB823
mem[X,0x000000008001F1AE] -> 0x0820
[4255] [M]: 0x000000008001F1AC (0x0820B823) sd sp, 144(ra)
mem[0x0000000080045A68] <- 0x0000000000000001
mem[X,0x000000008001F1B0] -> 0x3537
mem[X,0x000000008001F1B2] -> 0x3333
[4256] [M]: 0x000000008001F1B0 (0x33333537) lui a0, 209715
x10 <- 0x0000000033333000
mem[X,0x000000008001F1B4] -> 0x0513
mem[X,0x000000008001F1B6] -> 0x3335
[4257] [M]: 0x000000008001F1B4 (0x33350513) addi a0, a0, 819
x10 <- 0x0000000033333333
mem[X,0x000000008001F1B8] -> 0x1513
mem[X,0x000000008001F1BA] -> 0x00B5
[4258] [M]: 0x000000008001F1B8 (0x00B51513) slli a0, a0, 11
x10 <- 0x0000019999999800
mem[X,0x000000008001F1BC] -> 0x0513
mem[X,0x000000008001F1BE] -> 0x1995
[4259] [M]: 0x000000008001F1BC (0x19950513) addi a0, a0, 409
x10 <- 0x0000019999999999
mem[X,0x000000008001F1C0] -> 0x1513
mem[X,0x000000008001F1C2] -> 0x00B5
[4260] [M]: 0x000000008001F1C0 (0x00B51513) slli a0, a0, 11
x10 <- 0x000CCCCCCCCCC800
mem[X,0x000000008001F1C4] -> 0x0513
mem[X,0x000000008001F1C6] -> 0x4CC5
[4261] [M]: 0x000000008001F1C4 (0x4CC50513) addi a0, a0, 1228
x10 <- 0x000CCCCCCCCCCCCC
mem[X,0x000000008001F1C8] -> 0x1513
mem[X,0x000000008001F1CA] -> 0x00A5
[4262] [M]: 0x000000008001F1C8 (0x00A51513) slli a0, a0, 10
x10 <- 0x3333333333333000
mem[X,0x000000008001F1CC] -> 0x0513
mem[X,0x000000008001F1CE] -> 0x3335
[4263] [M]: 0x000000008001F1CC (0x33350513) addi a0, a0, 819
x10 <- 0x3333333333333333
mem[X,0x000000008001F1D0] -> 0x0593
mem[X,0x000000008001F1D2] -> 0x0060
[4264] [M]: 0x000000008001F1D0 (0x00600593) addi a1, zero, 6
x11 <- 0x0000000000000006
mem[X,0x000000008001F1D4] -> 0x0113
mem[X,0x000000008001F1D6] -> 0x0000
[4265] [M]: 0x000000008001F1D4 (0x00000113) addi sp, zero, 0
x2 <- 0x0000000000000000
mem[X,0x000000008001F1D8] -> 0x006F
mem[X,0x000000008001F1DA] -> 0x00C0
[4266] [M]: 0x000000008001F1D8 (0x00C0006F) jal zero, 12
mem[X,0x000000008001F1E4] -> 0x1063
mem[X,0x000000008001F1E6] -> 0x40B5
[4267] [M]: 0x000000008001F1E4 (0x40B51063) bne a0, a1, 1024
mem[X,0x000000008001F5E4] -> 0x0113
mem[X,0x000000008001F5E6] -> 0x0031
[4268] [M]: 0x000000008001F5E4 (0x00310113) addi sp, sp, 3
x2 <- 0x0000000000000003
mem[X,0x000000008001F5E8] -> 0x006F
mem[X,0x000000008001F5EA] -> 0x0040
[4269] [M]: 0x000000008001F5E8 (0x0040006F) jal zero, 4
mem[X,0x000000008001F5EC] -> 0xBC23
mem[X,0x000000008001F5EE] -> 0x0820
[4270] [M]: 0x000000008001F5EC (0x0820BC23) sd sp, 152(ra)
mem[0x0000000080045A70] <- 0x0000000000000003
mem[X,0x000000008001F5F0] -> 0x3537
mem[X,0x000000008001F5F2] -> 0x3333
[4271] [M]: 0x000000008001F5F0 (0x33333537) lui a0, 209715
x10 <- 0x0000000033333000
mem[X,0x000000008001F5F4] -> 0x0513
mem[X,0x000000008001F5F6] -> 0x3335
[4272] [M]: 0x000000008001F5F4 (0x33350513) addi a0, a0, 819
x10 <- 0x0000000033333333
mem[X,0x000000008001F5F8] -> 0x1513
mem[X,0x000000008001F5FA] -> 0x00B5
[4273] [M]: 0x000000008001F5F8 (0x00B51513) slli a0, a0, 11
x10 <- 0x0000019999999800
mem[X,0x000000008001F5FC] -> 0x0513
mem[X,0x000000008001F5FE] -> 0x1995
[4274] [M]: 0x000000008001F5FC (0x19950513) addi a0, a0, 409
x10 <- 0x0000019999999999
mem[X,0x000000008001F600] -> 0x1513
mem[X,0x000000008001F602] -> 0x00B5
[4275] [M]: 0x000000008001F600 (0x00B51513) slli a0, a0, 11
x10 <- 0x000CCCCCCCCCC800
mem[X,0x000000008001F604] -> 0x0513
mem[X,0x000000008001F606] -> 0x4CC5
[4276] [M]: 0x000000008001F604 (0x4CC50513) addi a0, a0, 1228
x10 <- 0x000CCCCCCCCCCCCC
mem[X,0x000000008001F608] -> 0x1513
mem[X,0x000000008001F60A] -> 0x00A5
[4277] [M]: 0x000000008001F608 (0x00A51513) slli a0, a0, 10
x10 <- 0x3333333333333000
mem[X,0x000000008001F60C] -> 0x0513
mem[X,0x000000008001F60E] -> 0x3335
[4278] [M]: 0x000000008001F60C (0x33350513) addi a0, a0, 819
x10 <- 0x3333333333333333
mem[X,0x000000008001F610] -> 0x35B7
mem[X,0x000000008001F612] -> 0x3333
[4279] [M]: 0x000000008001F610 (0x333335B7) lui a1, 209715
x11 <- 0x0000000033333000
mem[X,0x000000008001F614] -> 0x8593
mem[X,0x000000008001F616] -> 0x3335
[4280] [M]: 0x000000008001F614 (0x33358593) addi a1, a1, 819
x11 <- 0x0000000033333333
mem[X,0x000000008001F618] -> 0x9593
mem[X,0x000000008001F61A] -> 0x00B5
[4281] [M]: 0x000000008001F618 (0x00B59593) slli a1, a1, 11
x11 <- 0x0000019999999800
mem[X,0x000000008001F61C] -> 0x8593
mem[X,0x000000008001F61E] -> 0x1995
[4282] [M]: 0x000000008001F61C (0x19958593) addi a1, a1, 409
x11 <- 0x0000019999999999
mem[X,0x000000008001F620] -> 0x9593
mem[X,0x000000008001F622] -> 0x00B5
[4283] [M]: 0x000000008001F620 (0x00B59593) slli a1, a1, 11
x11 <- 0x000CCCCCCCCCC800
mem[X,0x000000008001F624] -> 0x8593
mem[X,0x000000008001F626] -> 0x4CC5
[4284] [M]: 0x000000008001F624 (0x4CC58593) addi a1, a1, 1228
x11 <- 0x000CCCCCCCCCCCCC
mem[X,0x000000008001F628] -> 0x9593
mem[X,0x000000008001F62A] -> 0x00A5
[4285] [M]: 0x000000008001F628 (0x00A59593) slli a1, a1, 10
x11 <- 0x3333333333333000
mem[X,0x000000008001F62C] -> 0x8593
mem[X,0x000000008001F62E] -> 0x3345
[4286] [M]: 0x000000008001F62C (0x33458593) addi a1, a1, 820
x11 <- 0x3333333333333334
mem[X,0x000000008001F630] -> 0x0113
mem[X,0x000000008001F632] -> 0x0000
[4287] [M]: 0x000000008001F630 (0x00000113) addi sp, zero, 0
x2 <- 0x0000000000000000
mem[X,0x000000008001F634] -> 0x006F
mem[X,0x000000008001F636] -> 0x0180
[4288] [M]: 0x000000008001F634 (0x0180006F) jal zero, 24
mem[X,0x000000008001F64C] -> 0x16E3
mem[X,0x000000008001F64E] -> 0xFEB5
[4289] [M]: 0x000000008001F64C (0xFEB516E3) bne a0, a1, 8172
mem[X,0x000000008001F638] -> 0x0113
mem[X,0x000000008001F63A] -> 0x0011
[4290] [M]: 0x000000008001F638 (0x00110113) addi sp, sp, 1
x2 <- 0x0000000000000001
mem[X,0x000000008001F63C] -> 0x006F
mem[X,0x000000008001F63E] -> 0x0240
[4291] [M]: 0x000000008001F63C (0x0240006F) jal zero, 36
mem[X,0x000000008001F660] -> 0xB023
mem[X,0x000000008001F662] -> 0x0A20
[4292] [M]: 0x000000008001F660 (0x0A20B023) sd sp, 160(ra)
mem[0x0000000080045A78] <- 0x0000000000000001
mem[X,0x000000008001F664] -> 0x3537
mem[X,0x000000008001F666] -> 0x3333
[4293] [M]: 0x000000008001F664 (0x33333537) lui a0, 209715
x10 <- 0x0000000033333000
mem[X,0x000000008001F668] -> 0x0513
mem[X,0x000000008001F66A] -> 0x3335
[4294] [M]: 0x000000008001F668 (0x33350513) addi a0, a0, 819
x10 <- 0x0000000033333333
mem[X,0x000000008001F66C] -> 0x1513
mem[X,0x000000008001F66E] -> 0x00B5
[4295] [M]: 0x000000008001F66C (0x00B51513) slli a0, a0, 11
x10 <- 0x0000019999999800
mem[X,0x000000008001F670] -> 0x0513
mem[X,0x000000008001F672] -> 0x1995
[4296] [M]: 0x000000008001F670 (0x19950513) addi a0, a0, 409
x10 <- 0x0000019999999999
mem[X,0x000000008001F674] -> 0x1513
mem[X,0x000000008001F676] -> 0x00B5
[4297] [M]: 0x000000008001F674 (0x00B51513) slli a0, a0, 11
x10 <- 0x000CCCCCCCCCC800
mem[X,0x000000008001F678] -> 0x0513
mem[X,0x000000008001F67A] -> 0x4CC5
[4298] [M]: 0x000000008001F678 (0x4CC50513) addi a0, a0, 1228
x10 <- 0x000CCCCCCCCCCCCC
mem[X,0x000000008001F67C] -> 0x1513
mem[X,0x000000008001F67E] -> 0x00A5
[4299] [M]: 0x000000008001F67C (0x00A51513) slli a0, a0, 10
x10 <- 0x3333333333333000
clint::tick mtime <- 0x000000000000002B
 clint timer pending at mtime 0x000000000000002B
htif::tick 0x0000000000000000
mem[X,0x000000008001F680] -> 0x0513
mem[X,0x000000008001F682] -> 0x3335
[4300] [M]: 0x000000008001F680 (0x33350513) addi a0, a0, 819
x10 <- 0x3333333333333333
mem[X,0x000000008001F684] -> 0x65B7
mem[X,0x000000008001F686] -> 0x6666
[4301] [M]: 0x000000008001F684 (0x666665B7) lui a1, 419430
x11 <- 0x0000000066666000
mem[X,0x000000008001F688] -> 0x8593
mem[X,0x000000008001F68A] -> 0x6665
[4302] [M]: 0x000000008001F688 (0x66658593) addi a1, a1, 1638
x11 <- 0x0000000066666666
mem[X,0x000000008001F68C] -> 0x9593
mem[X,0x000000008001F68E] -> 0x00B5
[4303] [M]: 0x000000008001F68C (0x00B59593) slli a1, a1, 11
x11 <- 0x0000033333333000
mem[X,0x000000008001F690] -> 0x8593
mem[X,0x000000008001F692] -> 0x3335
[4304] [M]: 0x000000008001F690 (0x33358593) addi a1, a1, 819
x11 <- 0x0000033333333333
mem[X,0x000000008001F694] -> 0x9593
mem[X,0x000000008001F696] -> 0x00B5
[4305] [M]: 0x000000008001F694 (0x00B59593) slli a1, a1, 11
x11 <- 0x0019999999999800
mem[X,0x000000008001F698] -> 0x8593
mem[X,0x000000008001F69A] -> 0x1995
[4306] [M]: 0x000000008001F698 (0x19958593) addi a1, a1, 409
x11 <- 0x0019999999999999
mem[X,0x000000008001F69C] -> 0x9593
mem[X,0x000000008001F69E] -> 0x00A5
[4307] [M]: 0x000000008001F69C (0x00A59593) slli a1, a1, 10
x11 <- 0x6666666666666400
mem[X,0x000000008001F6A0] -> 0x8593
mem[X,0x000000008001F6A2] -> 0x2675
[4308] [M]: 0x000000008001F6A0 (0x26758593) addi a1, a1, 615
x11 <- 0x6666666666666667
mem[X,0x000000008001F6A4] -> 0x0113
mem[X,0x000000008001F6A6] -> 0x0000
[4309] [M]: 0x000000008001F6A4 (0x00000113) addi sp, zero, 0
x2 <- 0x0000000000000000
mem[X,0x000000008001F6A8] -> 0x006F
mem[X,0x000000008001F6AA] -> 0x00C0
[4310] [M]: 0x000000008001F6A8 (0x00C0006F) jal zero, 12
mem[X,0x000000008001F6B4] -> 0x1863
mem[X,0x000000008001F6B6] -> 0x00B5
[4311] [M]: 0x000000008001F6B4 (0x00B51863) bne a0, a1, 16
mem[X,0x000000008001F6C4] -> 0x0113
mem[X,0x000000008001F6C6] -> 0x0031
[4312] [M]: 0x000000008001F6C4 (0x00310113) addi sp, sp, 3
x2 <- 0x0000000000000003
mem[X,0x000000008001F6C8] -> 0x006F
mem[X,0x000000008001F6CA] -> 0x0040
[4313] [M]: 0x000000008001F6C8 (0x0040006F) jal zero, 4
mem[X,0x000000008001F6CC] -> 0xB423
mem[X,0x000000008001F6CE] -> 0x0A20
[4314] [M]: 0x000000008001F6CC (0x0A20B423) sd sp, 168(ra)
mem[0x0000000080045A80] <- 0x0000000000000003
mem[X,0x000000008001F6D0] -> 0x3537
mem[X,0x000000008001F6D2] -> 0x3333
[4315] [M]: 0x000000008001F6D0 (0x33333537) lui a0, 209715
x10 <- 0x0000000033333000
mem[X,0x000000008001F6D4] -> 0x0513
mem[X,0x000000008001F6D6] -> 0x3335
[4316] [M]: 0x000000008001F6D4 (0x33350513) addi a0, a0, 819
x10 <- 0x0000000033333333
mem[X,0x000000008001F6D8] -> 0x1513
mem[X,0x000000008001F6DA] -> 0x00B5
[4317] [M]: 0x000000008001F6D8 (0x00B51513) slli a0, a0, 11
x10 <- 0x0000019999999800
mem[X,0x000000008001F6DC] -> 0x0513
mem[X,0x000000008001F6DE] -> 0x1995
[4318] [M]: 0x000000008001F6DC (0x19950513) addi a0, a0, 409
x10 <- 0x0000019999999999
mem[X,0x000000008001F6E0] -> 0x1513
mem[X,0x000000008001F6E2] -> 0x00B5
[4319] [M]: 0x000000008001F6E0 (0x00B51513) slli a0, a0, 11
x10 <- 0x000CCCCCCCCCC800
mem[X,0x000000008001F6E4] -> 0x0513
mem[X,0x000000008001F6E6] -> 0x4CC5
[4320] [M]: 0x000000008001F6E4 (0x4CC50513) addi a0, a0, 1228
x10 <- 0x000CCCCCCCCCCCCC
mem[X,0x000000008001F6E8] -> 0x1513
mem[X,0x000000008001F6EA] -> 0x00A5
[4321] [M]: 0x000000008001F6E8 (0x00A51513) slli a0, a0, 10
x10 <- 0x3333333333333000
mem[X,0x000000008001F6EC] -> 0x0513
mem[X,0x000000008001F6EE] -> 0x3335
[4322] [M]: 0x000000008001F6EC (0x33350513) addi a0, a0, 819
x10 <- 0x3333333333333333
mem[X,0x000000008001F6F0] -> 0x05B7
mem[X,0x000000008001F6F2] -> 0x0000
[4323] [M]: 0x000000008001F6F0 (0x000005B7) lui a1, 0
x11 <- 0x0000000000000000
mem[X,0x000000008001F6F4] -> 0x8593
mem[X,0x000000008001F6F6] -> 0xFFF5
[4324] [M]: 0x000000008001F6F4 (0xFFF58593) addi a1, a1, 4095
x11 <- 0xFFFFFFFFFFFFFFFF
mem[X,0x000000008001F6F8] -> 0x9593
mem[X,0x000000008001F6FA] -> 0x00B5
[4325] [M]: 0x000000008001F6F8 (0x00B59593) slli a1, a1, 11
x11 <- 0xFFFFFFFFFFFFF800
mem[X,0x000000008001F6FC] -> 0x8593
mem[X,0x000000008001F6FE] -> 0x2575
[4326] [M]: 0x000000008001F6FC (0x25758593) addi a1, a1, 599
x11 <- 0xFFFFFFFFFFFFFA57
mem[X,0x000000008001F700] -> 0x9593
mem[X,0x000000008001F702] -> 0x00B5
[4327] [M]: 0x000000008001F700 (0x00B59593) slli a1, a1, 11
x11 <- 0xFFFFFFFFFFD2B800
mem[X,0x000000008001F704] -> 0x8593
mem[X,0x000000008001F706] -> 0x6C35
[4328] [M]: 0x000000008001F704 (0x6C358593) addi a1, a1, 1731
x11 <- 0xFFFFFFFFFFD2BEC3
mem[X,0x000000008001F708] -> 0x9593
mem[X,0x000000008001F70A] -> 0x00A5
[4329] [M]: 0x000000008001F708 (0x00A59593) slli a1, a1, 10
x11 <- 0xFFFFFFFF4AFB0C00
mem[X,0x000000008001F70C] -> 0x8593
mem[X,0x000000008001F70E] -> 0x0CE5
[4330] [M]: 0x000000008001F70C (0x0CE58593) addi a1, a1, 206
x11 <- 0xFFFFFFFF4AFB0CCE
mem[X,0x000000008001F710] -> 0x0113
mem[X,0x000000008001F712] -> 0x0000
[4331] [M]: 0x000000008001F710 (0x00000113) addi sp, zero, 0
x2 <- 0x0000000000000000
mem[X,0x000000008001F714] -> 0x006F
mem[X,0x000000008001F716] -> 0x00C0
[4332] [M]: 0x000000008001F714 (0x00C0006F) jal zero, 12
mem[X,0x000000008001F720] -> 0x1863
mem[X,0x000000008001F722] -> 0x00B5
[4333] [M]: 0x000000008001F720 (0x00B51863) bne a0, a1, 16
mem[X,0x000000008001F730] -> 0x0113
mem[X,0x000000008001F732] -> 0x0031
[4334] [M]: 0x000000008001F730 (0x00310113) addi sp, sp, 3
x2 <- 0x0000000000000003
mem[X,0x000000008001F734] -> 0x006F
mem[X,0x000000008001F736] -> 0x0040
[4335] [M]: 0x000000008001F734 (0x0040006F) jal zero, 4
mem[X,0x000000008001F738] -> 0xB823
mem[X,0x000000008001F73A] -> 0x0A20
[4336] [M]: 0x000000008001F738 (0x0A20B823) sd sp, 176(ra)
mem[0x0000000080045A88] <- 0x0000000000000003
mem[X,0x000000008001F73C] -> 0x3537
mem[X,0x000000008001F73E] -> 0x3333
[4337] [M]: 0x000000008001F73C (0x33333537) lui a0, 209715
x10 <- 0x0000000033333000
mem[X,0x000000008001F740] -> 0x0513
mem[X,0x000000008001F742] -> 0x3335
[4338] [M]: 0x000000008001F740 (0x33350513) addi a0, a0, 819
x10 <- 0x0000000033333333
mem[X,0x000000008001F744] -> 0x1513
mem[X,0x000000008001F746] -> 0x00B5
[4339] [M]: 0x000000008001F744 (0x00B51513) slli a0, a0, 11
x10 <- 0x0000019999999800
mem[X,0x000000008001F748] -> 0x0513
mem[X,0x000000008001F74A] -> 0x1995
[4340] [M]: 0x000000008001F748 (0x19950513) addi a0, a0, 409
x10 <- 0x0000019999999999
mem[X,0x000000008001F74C] -> 0x1513
mem[X,0x000000008001F74E] -> 0x00B5
[4341] [M]: 0x000000008001F74C (0x00B51513) slli a0, a0, 11
x10 <- 0x000CCCCCCCCCC800
mem[X,0x000000008001F750] -> 0x0513
mem[X,0x000000008001F752] -> 0x4CC5
[4342] [M]: 0x000000008001F750 (0x4CC50513) addi a0, a0, 1228
x10 <- 0x000CCCCCCCCCCCCC
mem[X,0x000000008001F754] -> 0x1513
mem[X,0x000000008001F756] -> 0x00A5
[4343] [M]: 0x000000008001F754 (0x00A51513) slli a0, a0, 10
x10 <- 0x3333333333333000
mem[X,0x000000008001F758] -> 0x0513
mem[X,0x000000008001F75A] -> 0x3335
[4344] [M]: 0x000000008001F758 (0x33350513) addi a0, a0, 819
x10 <- 0x3333333333333333
mem[X,0x000000008001F75C] -> 0x05B7
mem[X,0x000000008001F75E] -> 0x0000
[4345] [M]: 0x000000008001F75C (0x000005B7) lui a1, 0
x11 <- 0x0000000000000000
mem[X,0x000000008001F760] -> 0x8593
mem[X,0x000000008001F762] -> 0x0005
[4346] [M]: 0x000000008001F760 (0x00058593) addi a1, a1, 0
x11 <- 0x0000000000000000
mem[X,0x000000008001F764] -> 0x9593
mem[X,0x000000008001F766] -> 0x00B5
[4347] [M]: 0x000000008001F764 (0x00B59593) slli a1, a1, 11
x11 <- 0x0000000000000000
mem[X,0x000000008001F768] -> 0x8593
mem[X,0x000000008001F76A] -> 0x5A85
[4348] [M]: 0x000000008001F768 (0x5A858593) addi a1, a1, 1448
x11 <- 0x00000000000005A8
mem[X,0x000000008001F76C] -> 0x9593
mem[X,0x000000008001F76E] -> 0x00B5
[4349] [M]: 0x000000008001F76C (0x00B59593) slli a1, a1, 11
x11 <- 0x00000000002D4000
mem[X,0x000000008001F770] -> 0x8593
mem[X,0x000000008001F772] -> 0x13C5
[4350] [M]: 0x000000008001F770 (0x13C58593) addi a1, a1, 316
x11 <- 0x00000000002D413C
mem[X,0x000000008001F774] -> 0x9593
mem[X,0x000000008001F776] -> 0x00A5
[4351] [M]: 0x000000008001F774 (0x00A59593) slli a1, a1, 10
x11 <- 0x00000000B504F000
mem[X,0x000000008001F778] -> 0x8593
mem[X,0x000000008001F77A] -> 0x3345
[4352] [M]: 0x000000008001F778 (0x33458593) addi a1, a1, 820
x11 <- 0x00000000B504F334
mem[X,0x000000008001F77C] -> 0x0113
mem[X,0x000000008001F77E] -> 0x0000
[4353] [M]: 0x000000008001F77C (0x00000113) addi sp, zero, 0
x2 <- 0x0000000000000000
mem[X,0x000000008001F780] -> 0x006F
mem[X,0x000000008001F782] -> 0x00C0
[4354] [M]: 0x000000008001F780 (0x00C0006F) jal zero, 12
mem[X,0x000000008001F78C] -> 0x1663
mem[X,0x000000008001F78E] -> 0x00B5
[4355] [M]: 0x000000008001F78C (0x00B51663) bne a0, a1, 12
mem[X,0x000000008001F798] -> 0x0113
mem[X,0x000000008001F79A] -> 0x0031
[4356] [M]: 0x000000008001F798 (0x00310113) addi sp, sp, 3
x2 <- 0x0000000000000003
mem[X,0x000000008001F79C] -> 0x006F
mem[X,0x000000008001F79E] -> 0x0040
[4357] [M]: 0x000000008001F79C (0x0040006F) jal zero, 4
mem[X,0x000000008001F7A0] -> 0xBC23
mem[X,0x000000008001F7A2] -> 0x0A20
[4358] [M]: 0x000000008001F7A0 (0x0A20BC23) sd sp, 184(ra)
mem[0x0000000080045A90] <- 0x0000000000000003
mem[X,0x000000008001F7A4] -> 0x6537
mem[X,0x000000008001F7A6] -> 0x6666
[4359] [M]: 0x000000008001F7A4 (0x66666537) lui a0, 419430
x10 <- 0x0000000066666000
mem[X,0x000000008001F7A8] -> 0x0513
mem[X,0x000000008001F7AA] -> 0x6665
[4360] [M]: 0x000000008001F7A8 (0x66650513) addi a0, a0, 1638
x10 <- 0x0000000066666666
mem[X,0x000000008001F7AC] -> 0x1513
mem[X,0x000000008001F7AE] -> 0x00B5
[4361] [M]: 0x000000008001F7AC (0x00B51513) slli a0, a0, 11
x10 <- 0x0000033333333000
mem[X,0x000000008001F7B0] -> 0x0513
mem[X,0x000000008001F7B2] -> 0x3335
[4362] [M]: 0x000000008001F7B0 (0x33350513) addi a0, a0, 819
x10 <- 0x0000033333333333
mem[X,0x000000008001F7B4] -> 0x1513
mem[X,0x000000008001F7B6] -> 0x00B5
[4363] [M]: 0x000000008001F7B4 (0x00B51513) slli a0, a0, 11
x10 <- 0x0019999999999800
mem[X,0x000000008001F7B8] -> 0x0513
mem[X,0x000000008001F7BA] -> 0x1995
[4364] [M]: 0x000000008001F7B8 (0x19950513) addi a0, a0, 409
x10 <- 0x0019999999999999
mem[X,0x000000008001F7BC] -> 0x1513
mem[X,0x000000008001F7BE] -> 0x00A5
[4365] [M]: 0x000000008001F7BC (0x00A51513) slli a0, a0, 10
x10 <- 0x6666666666666400
mem[X,0x000000008001F7C0] -> 0x0513
mem[X,0x000000008001F7C2] -> 0x2665
[4366] [M]: 0x000000008001F7C0 (0x26650513) addi a0, a0, 614
x10 <- 0x6666666666666666
mem[X,0x000000008001F7C4] -> 0x0593
mem[X,0x000000008001F7C6] -> 0x0030
[4367] [M]: 0x000000008001F7C4 (0x00300593) addi a1, zero, 3
x11 <- 0x0000000000000003
mem[X,0x000000008001F7C8] -> 0x0113
mem[X,0x000000008001F7CA] -> 0x0000
[4368] [M]: 0x000000008001F7C8 (0x00000113) addi sp, zero, 0
x2 <- 0x0000000000000000
mem[X,0x000000008001F7CC] -> 0x006F
mem[X,0x000000008001F7CE] -> 0x0180
[4369] [M]: 0x000000008001F7CC (0x0180006F) jal zero, 24
mem[X,0x000000008001F7E4] -> 0x16E3
mem[X,0x000000008001F7E6] -> 0xFEB5
[4370] [M]: 0x000000008001F7E4 (0xFEB516E3) bne a0, a1, 8172
mem[X,0x000000008001F7D0] -> 0x0113
mem[X,0x000000008001F7D2] -> 0x0011
[4371] [M]: 0x000000008001F7D0 (0x00110113) addi sp, sp, 1
x2 <- 0x0000000000000001
mem[X,0x000000008001F7D4] -> 0x006F
mem[X,0x000000008001F7D6] -> 0x0240
[4372] [M]: 0x000000008001F7D4 (0x0240006F) jal zero, 36
mem[X,0x000000008001F7F8] -> 0xB023
mem[X,0x000000008001F7FA] -> 0x0C20
[4373] [M]: 0x000000008001F7F8 (0x0C20B023) sd sp, 192(ra)
mem[0x0000000080045A98] <- 0x0000000000000001
mem[X,0x000000008001F7FC] -> 0x6537
mem[X,0x000000008001F7FE] -> 0x6666
[4374] [M]: 0x000000008001F7FC (0x66666537) lui a0, 419430
x10 <- 0x0000000066666000
mem[X,0x000000008001F800] -> 0x0513
mem[X,0x000000008001F802] -> 0x6665
[4375] [M]: 0x000000008001F800 (0x66650513) addi a0, a0, 1638
x10 <- 0x0000000066666666
mem[X,0x000000008001F804] -> 0x1513
mem[X,0x000000008001F806] -> 0x00B5
[4376] [M]: 0x000000008001F804 (0x00B51513) slli a0, a0, 11
x10 <- 0x0000033333333000
mem[X,0x000000008001F808] -> 0x0513
mem[X,0x000000008001F80A] -> 0x3335
[4377] [M]: 0x000000008001F808 (0x33350513) addi a0, a0, 819
x10 <- 0x0000033333333333
mem[X,0x000000008001F80C] -> 0x1513
mem[X,0x000000008001F80E] -> 0x00B5
[4378] [M]: 0x000000008001F80C (0x00B51513) slli a0, a0, 11
x10 <- 0x0019999999999800
mem[X,0x000000008001F810] -> 0x0513
mem[X,0x000000008001F812] -> 0x1995
[4379] [M]: 0x000000008001F810 (0x19950513) addi a0, a0, 409
x10 <- 0x0019999999999999
mem[X,0x000000008001F814] -> 0x1513
mem[X,0x000000008001F816] -> 0x00A5
[4380] [M]: 0x000000008001F814 (0x00A51513) slli a0, a0, 10
x10 <- 0x6666666666666400
mem[X,0x000000008001F818] -> 0x0513
mem[X,0x000000008001F81A] -> 0x2665
[4381] [M]: 0x000000008001F818 (0x26650513) addi a0, a0, 614
x10 <- 0x6666666666666666
mem[X,0x000000008001F81C] -> 0x55B7
mem[X,0x000000008001F81E] -> 0x5555
[4382] [M]: 0x000000008001F81C (0x555555B7) lui a1, 349525
x11 <- 0x0000000055555000
mem[X,0x000000008001F820] -> 0x8593
mem[X,0x000000008001F822] -> 0x5555
[4383] [M]: 0x000000008001F820 (0x55558593) addi a1, a1, 1365
x11 <- 0x0000000055555555
mem[X,0x000000008001F824] -> 0x9593
mem[X,0x000000008001F826] -> 0x00B5
[4384] [M]: 0x000000008001F824 (0x00B59593) slli a1, a1, 11
x11 <- 0x000002AAAAAAA800
mem[X,0x000000008001F828] -> 0x8593
mem[X,0x000000008001F82A] -> 0x2AA5
[4385] [M]: 0x000000008001F828 (0x2AA58593) addi a1, a1, 682
x11 <- 0x000002AAAAAAAAAA
mem[X,0x000000008001F82C] -> 0x9593
mem[X,0x000000008001F82E] -> 0x00B5
[4386] [M]: 0x000000008001F82C (0x00B59593) slli a1, a1, 11
x11 <- 0x0015555555555000
mem[X,0x000000008001F830] -> 0x8593
mem[X,0x000000008001F832] -> 0x5555
[4387] [M]: 0x000000008001F830 (0x55558593) addi a1, a1, 1365
x11 <- 0x0015555555555555
mem[X,0x000000008001F834] -> 0x9593
mem[X,0x000000008001F836] -> 0x00A5
[4388] [M]: 0x000000008001F834 (0x00A59593) slli a1, a1, 10
x11 <- 0x5555555555555400
mem[X,0x000000008001F838] -> 0x8593
mem[X,0x000000008001F83A] -> 0x1555
[4389] [M]: 0x000000008001F838 (0x15558593) addi a1, a1, 341
x11 <- 0x5555555555555555
mem[X,0x000000008001F83C] -> 0x0113
mem[X,0x000000008001F83E] -> 0x0000
[4390] [M]: 0x000000008001F83C (0x00000113) addi sp, zero, 0
x2 <- 0x0000000000000000
mem[X,0x000000008001F840] -> 0x006F
mem[X,0x000000008001F842] -> 0x00C0
[4391] [M]: 0x000000008001F840 (0x00C0006F) jal zero, 12
mem[X,0x000000008001F84C] -> 0x1663
mem[X,0x000000008001F84E] -> 0x00B5
[4392] [M]: 0x000000008001F84C (0x00B51663) bne a0, a1, 12
mem[X,0x000000008001F858] -> 0x0113
mem[X,0x000000008001F85A] -> 0x0031
[4393] [M]: 0x000000008001F858 (0x00310113) addi sp, sp, 3
x2 <- 0x0000000000000003
mem[X,0x000000008001F85C] -> 0x006F
mem[X,0x000000008001F85E] -> 0x0040
[4394] [M]: 0x000000008001F85C (0x0040006F) jal zero, 4
mem[X,0x000000008001F860] -> 0xB423
mem[X,0x000000008001F862] -> 0x0C20
[4395] [M]: 0x000000008001F860 (0x0C20B423) sd sp, 200(ra)
mem[0x0000000080045AA0] <- 0x0000000000000003
mem[X,0x000000008001F864] -> 0x6537
mem[X,0x000000008001F866] -> 0x6666
[4396] [M]: 0x000000008001F864 (0x66666537) lui a0, 419430
x10 <- 0x0000000066666000
mem[X,0x000000008001F868] -> 0x0513
mem[X,0x000000008001F86A] -> 0x6665
[4397] [M]: 0x000000008001F868 (0x66650513) addi a0, a0, 1638
x10 <- 0x0000000066666666
mem[X,0x000000008001F86C] -> 0x1513
mem[X,0x000000008001F86E] -> 0x00B5
[4398] [M]: 0x000000008001F86C (0x00B51513) slli a0, a0, 11
x10 <- 0x0000033333333000
mem[X,0x000000008001F870] -> 0x0513
mem[X,0x000000008001F872] -> 0x3335
[4399] [M]: 0x000000008001F870 (0x33350513) addi a0, a0, 819
x10 <- 0x0000033333333333
clint::tick mtime <- 0x000000000000002C
 clint timer pending at mtime 0x000000000000002C
htif::tick 0x0000000000000000
mem[X,0x000000008001F874] -> 0x1513
mem[X,0x000000008001F876] -> 0x00B5
[4400] [M]: 0x000000008001F874 (0x00B51513) slli a0, a0, 11
x10 <- 0x0019999999999800
mem[X,0x000000008001F878] -> 0x0513
mem[X,0x000000008001F87A] -> 0x1995
[4401] [M]: 0x000000008001F878 (0x19950513) addi a0, a0, 409
x10 <- 0x0019999999999999
mem[X,0x000000008001F87C] -> 0x1513
mem[X,0x000000008001F87E] -> 0x00A5
[4402] [M]: 0x000000008001F87C (0x00A51513) slli a0, a0, 10
x10 <- 0x6666666666666400
mem[X,0x000000008001F880] -> 0x0513
mem[X,0x000000008001F882] -> 0x2665
[4403] [M]: 0x000000008001F880 (0x26650513) addi a0, a0, 614
x10 <- 0x6666666666666666
mem[X,0x000000008001F884] -> 0xB5B7
mem[X,0x000000008001F886] -> 0xAAAA
[4404] [M]: 0x000000008001F884 (0xAAAAB5B7) lui a1, 699051
x11 <- 0xFFFFFFFFAAAAB000
mem[X,0x000000008001F888] -> 0x8593
mem[X,0x000000008001F88A] -> 0xAAA5
[4405] [M]: 0x000000008001F888 (0xAAA58593) addi a1, a1, 2730
x11 <- 0xFFFFFFFFAAAAAAAA
mem[X,0x000000008001F88C] -> 0x9593
mem[X,0x000000008001F88E] -> 0x00B5
[4406] [M]: 0x000000008001F88C (0x00B59593) slli a1, a1, 11
x11 <- 0xFFFFFD5555555000
mem[X,0x000000008001F890] -> 0x8593
mem[X,0x000000008001F892] -> 0x5555
[4407] [M]: 0x000000008001F890 (0x55558593) addi a1, a1, 1365
x11 <- 0xFFFFFD5555555555
mem[X,0x000000008001F894] -> 0x9593
mem[X,0x000000008001F896] -> 0x00B5
[4408] [M]: 0x000000008001F894 (0x00B59593) slli a1, a1, 11
x11 <- 0xFFEAAAAAAAAAA800
mem[X,0x000000008001F898] -> 0x8593
mem[X,0x000000008001F89A] -> 0x2AA5
[4409] [M]: 0x000000008001F898 (0x2AA58593) addi a1, a1, 682
x11 <- 0xFFEAAAAAAAAAAAAA
mem[X,0x000000008001F89C] -> 0x9593
mem[X,0x000000008001F89E] -> 0x00A5
[4410] [M]: 0x000000008001F89C (0x00A59593) slli a1, a1, 10
x11 <- 0xAAAAAAAAAAAAA800
mem[X,0x000000008001F8A0] -> 0x8593
mem[X,0x000000008001F8A2] -> 0x2AA5
[4411] [M]: 0x000000008001F8A0 (0x2AA58593) addi a1, a1, 682
x11 <- 0xAAAAAAAAAAAAAAAA
mem[X,0x000000008001F8A4] -> 0x0113
mem[X,0x000000008001F8A6] -> 0x0000
[4412] [M]: 0x000000008001F8A4 (0x00000113) addi sp, zero, 0
x2 <- 0x0000000000000000
mem[X,0x000000008001F8A8] -> 0x006F
mem[X,0x000000008001F8AA] -> 0x00C0
[4413] [M]: 0x000000008001F8A8 (0x00C0006F) jal zero, 12
mem[X,0x000000008001F8B4] -> 0x1063
mem[X,0x000000008001F8B6] -> 0x08B5
[4414] [M]: 0x000000008001F8B4 (0x08B51063) bne a0, a1, 128
mem[X,0x000000008001F934] -> 0x0113
mem[X,0x000000008001F936] -> 0x0031
[4415] [M]: 0x000000008001F934 (0x00310113) addi sp, sp, 3
x2 <- 0x0000000000000003
mem[X,0x000000008001F938] -> 0x006F
mem[X,0x000000008001F93A] -> 0x0040
[4416] [M]: 0x000000008001F938 (0x0040006F) jal zero, 4
mem[X,0x000000008001F93C] -> 0xB823
mem[X,0x000000008001F93E] -> 0x0C20
[4417] [M]: 0x000000008001F93C (0x0C20B823) sd sp, 208(ra)
mem[0x0000000080045AA8] <- 0x0000000000000003
mem[X,0x000000008001F940] -> 0x6537
mem[X,0x000000008001F942] -> 0x6666
[4418] [M]: 0x000000008001F940 (0x66666537) lui a0, 419430
x10 <- 0x0000000066666000
mem[X,0x000000008001F944] -> 0x0513
mem[X,0x000000008001F946] -> 0x6665
[4419] [M]: 0x000000008001F944 (0x66650513) addi a0, a0, 1638
x10 <- 0x0000000066666666
mem[X,0x000000008001F948] -> 0x1513
mem[X,0x000000008001F94A] -> 0x00B5
[4420] [M]: 0x000000008001F948 (0x00B51513) slli a0, a0, 11
x10 <- 0x0000033333333000
mem[X,0x000000008001F94C] -> 0x0513
mem[X,0x000000008001F94E] -> 0x3335
[4421] [M]: 0x000000008001F94C (0x33350513) addi a0, a0, 819
x10 <- 0x0000033333333333
mem[X,0x000000008001F950] -> 0x1513
mem[X,0x000000008001F952] -> 0x00B5
[4422] [M]: 0x000000008001F950 (0x00B51513) slli a0, a0, 11
x10 <- 0x0019999999999800
mem[X,0x000000008001F954] -> 0x0513
mem[X,0x000000008001F956] -> 0x1995
[4423] [M]: 0x000000008001F954 (0x19950513) addi a0, a0, 409
x10 <- 0x0019999999999999
mem[X,0x000000008001F958] -> 0x1513
mem[X,0x000000008001F95A] -> 0x00A5
[4424] [M]: 0x000000008001F958 (0x00A51513) slli a0, a0, 10
x10 <- 0x6666666666666400
mem[X,0x000000008001F95C] -> 0x0513
mem[X,0x000000008001F95E] -> 0x2665
[4425] [M]: 0x000000008001F95C (0x26650513) addi a0, a0, 614
x10 <- 0x6666666666666666
mem[X,0x000000008001F960] -> 0x0593
mem[X,0x000000008001F962] -> 0x0050
[4426] [M]: 0x000000008001F960 (0x00500593) addi a1, zero, 5
x11 <- 0x0000000000000005
mem[X,0x000000008001F964] -> 0x0113
mem[X,0x000000008001F966] -> 0x0000
[4427] [M]: 0x000000008001F964 (0x00000113) addi sp, zero, 0
x2 <- 0x0000000000000000
mem[X,0x000000008001F968] -> 0x006F
mem[X,0x000000008001F96A] -> 0x00C0
[4428] [M]: 0x000000008001F968 (0x00C0006F) jal zero, 12
mem[X,0x000000008001F974] -> 0x1063
mem[X,0x000000008001F976] -> 0x08B5
[4429] [M]: 0x000000008001F974 (0x08B51063) bne a0, a1, 128
mem[X,0x000000008001F9F4] -> 0x0113
mem[X,0x000000008001F9F6] -> 0x0031
[4430] [M]: 0x000000008001F9F4 (0x00310113) addi sp, sp, 3
x2 <- 0x0000000000000003
mem[X,0x000000008001F9F8] -> 0x006F
mem[X,0x000000008001F9FA] -> 0x0040
[4431] [M]: 0x000000008001F9F8 (0x0040006F) jal zero, 4
mem[X,0x000000008001F9FC] -> 0xBC23
mem[X,0x000000008001F9FE] -> 0x0C20
[4432] [M]: 0x000000008001F9FC (0x0C20BC23) sd sp, 216(ra)
mem[0x0000000080045AB0] <- 0x0000000000000003
mem[X,0x000000008001FA00] -> 0x6537
mem[X,0x000000008001FA02] -> 0x6666
[4433] [M]: 0x000000008001FA00 (0x66666537) lui a0, 419430
x10 <- 0x0000000066666000
mem[X,0x000000008001FA04] -> 0x0513
mem[X,0x000000008001FA06] -> 0x6665
[4434] [M]: 0x000000008001FA04 (0x66650513) addi a0, a0, 1638
x10 <- 0x0000000066666666
mem[X,0x000000008001FA08] -> 0x1513
mem[X,0x000000008001FA0A] -> 0x00B5
[4435] [M]: 0x000000008001FA08 (0x00B51513) slli a0, a0, 11
x10 <- 0x0000033333333000
mem[X,0x000000008001FA0C] -> 0x0513
mem[X,0x000000008001FA0E] -> 0x3335
[4436] [M]: 0x000000008001FA0C (0x33350513) addi a0, a0, 819
x10 <- 0x0000033333333333
mem[X,0x000000008001FA10] -> 0x1513
mem[X,0x000000008001FA12] -> 0x00B5
[4437] [M]: 0x000000008001FA10 (0x00B51513) slli a0, a0, 11
x10 <- 0x0019999999999800
mem[X,0x000000008001FA14] -> 0x0513
mem[X,0x000000008001FA16] -> 0x1995
[4438] [M]: 0x000000008001FA14 (0x19950513) addi a0, a0, 409
x10 <- 0x0019999999999999
mem[X,0x000000008001FA18] -> 0x1513
mem[X,0x000000008001FA1A] -> 0x00A5
[4439] [M]: 0x000000008001FA18 (0x00A51513) slli a0, a0, 10
x10 <- 0x6666666666666400
mem[X,0x000000008001FA1C] -> 0x0513
mem[X,0x000000008001FA1E] -> 0x2665
[4440] [M]: 0x000000008001FA1C (0x26650513) addi a0, a0, 614
x10 <- 0x6666666666666666
mem[X,0x000000008001FA20] -> 0x35B7
mem[X,0x000000008001FA22] -> 0x3333
[4441] [M]: 0x000000008001FA20 (0x333335B7) lui a1, 209715
x11 <- 0x0000000033333000
mem[X,0x000000008001FA24] -> 0x8593
mem[X,0x000000008001FA26] -> 0x3335
[4442] [M]: 0x000000008001FA24 (0x33358593) addi a1, a1, 819
x11 <- 0x0000000033333333
mem[X,0x000000008001FA28] -> 0x9593
mem[X,0x000000008001FA2A] -> 0x00B5
[4443] [M]: 0x000000008001FA28 (0x00B59593) slli a1, a1, 11
x11 <- 0x0000019999999800
mem[X,0x000000008001FA2C] -> 0x8593
mem[X,0x000000008001FA2E] -> 0x1995
[4444] [M]: 0x000000008001FA2C (0x19958593) addi a1, a1, 409
x11 <- 0x0000019999999999
mem[X,0x000000008001FA30] -> 0x9593
mem[X,0x000000008001FA32] -> 0x00B5
[4445] [M]: 0x000000008001FA30 (0x00B59593) slli a1, a1, 11
x11 <- 0x000CCCCCCCCCC800
mem[X,0x000000008001FA34] -> 0x8593
mem[X,0x000000008001FA36] -> 0x4CC5
[4446] [M]: 0x000000008001FA34 (0x4CC58593) addi a1, a1, 1228
x11 <- 0x000CCCCCCCCCCCCC
mem[X,0x000000008001FA38] -> 0x9593
mem[X,0x000000008001FA3A] -> 0x00A5
[4447] [M]: 0x000000008001FA38 (0x00A59593) slli a1, a1, 10
x11 <- 0x3333333333333000
mem[X,0x000000008001FA3C] -> 0x8593
mem[X,0x000000008001FA3E] -> 0x3335
[4448] [M]: 0x000000008001FA3C (0x33358593) addi a1, a1, 819
x11 <- 0x3333333333333333
mem[X,0x000000008001FA40] -> 0x0113
mem[X,0x000000008001FA42] -> 0x0000
[4449] [M]: 0x000000008001FA40 (0x00000113) addi sp, zero, 0
x2 <- 0x0000000000000000
mem[X,0x000000008001FA44] -> 0x006F
mem[X,0x000000008001FA46] -> 0x0180
[4450] [M]: 0x000000008001FA44 (0x0180006F) jal zero, 24
mem[X,0x000000008001FA5C] -> 0x16E3
mem[X,0x000000008001FA5E] -> 0xFEB5
[4451] [M]: 0x000000008001FA5C (0xFEB516E3) bne a0, a1, 8172
mem[X,0x000000008001FA48] -> 0x0113
mem[X,0x000000008001FA4A] -> 0x0011
[4452] [M]: 0x000000008001FA48 (0x00110113) addi sp, sp, 1
x2 <- 0x0000000000000001
mem[X,0x000000008001FA4C] -> 0x006F
mem[X,0x000000008001FA4E] -> 0x0240
[4453] [M]: 0x000000008001FA4C (0x0240006F) jal zero, 36
mem[X,0x000000008001FA70] -> 0xB023
mem[X,0x000000008001FA72] -> 0x0E20
[4454] [M]: 0x000000008001FA70 (0x0E20B023) sd sp, 224(ra)
mem[0x0000000080045AB8] <- 0x0000000000000001
mem[X,0x000000008001FA74] -> 0x6537
mem[X,0x000000008001FA76] -> 0x6666
[4455] [M]: 0x000000008001FA74 (0x66666537) lui a0, 419430
x10 <- 0x0000000066666000
mem[X,0x000000008001FA78] -> 0x0513
mem[X,0x000000008001FA7A] -> 0x6665
[4456] [M]: 0x000000008001FA78 (0x66650513) addi a0, a0, 1638
x10 <- 0x0000000066666666
mem[X,0x000000008001FA7C] -> 0x1513
mem[X,0x000000008001FA7E] -> 0x00B5
[4457] [M]: 0x000000008001FA7C (0x00B51513) slli a0, a0, 11
x10 <- 0x0000033333333000
mem[X,0x000000008001FA80] -> 0x0513
mem[X,0x000000008001FA82] -> 0x3335
[4458] [M]: 0x000000008001FA80 (0x33350513) addi a0, a0, 819
x10 <- 0x0000033333333333
mem[X,0x000000008001FA84] -> 0x1513
mem[X,0x000000008001FA86] -> 0x00B5
[4459] [M]: 0x000000008001FA84 (0x00B51513) slli a0, a0, 11
x10 <- 0x0019999999999800
mem[X,0x000000008001FA88] -> 0x0513
mem[X,0x000000008001FA8A] -> 0x1995
[4460] [M]: 0x000000008001FA88 (0x19950513) addi a0, a0, 409
x10 <- 0x0019999999999999
mem[X,0x000000008001FA8C] -> 0x1513
mem[X,0x000000008001FA8E] -> 0x00A5
[4461] [M]: 0x000000008001FA8C (0x00A51513) slli a0, a0, 10
x10 <- 0x6666666666666400
mem[X,0x000000008001FA90] -> 0x0513
mem[X,0x000000008001FA92] -> 0x2665
[4462] [M]: 0x000000008001FA90 (0x26650513) addi a0, a0, 614
x10 <- 0x6666666666666666
mem[X,0x000000008001FA94] -> 0x65B7
mem[X,0x000000008001FA96] -> 0x6666
[4463] [M]: 0x000000008001FA94 (0x666665B7) lui a1, 419430
x11 <- 0x0000000066666000
mem[X,0x000000008001FA98] -> 0x8593
mem[X,0x000000008001FA9A] -> 0x6665
[4464] [M]: 0x000000008001FA98 (0x66658593) addi a1, a1, 1638
x11 <- 0x0000000066666666
mem[X,0x000000008001FA9C] -> 0x9593
mem[X,0x000000008001FA9E] -> 0x00B5
[4465] [M]: 0x000000008001FA9C (0x00B59593) slli a1, a1, 11
x11 <- 0x0000033333333000
mem[X,0x000000008001FAA0] -> 0x8593
mem[X,0x000000008001FAA2] -> 0x3335
[4466] [M]: 0x000000008001FAA0 (0x33358593) addi a1, a1, 819
x11 <- 0x0000033333333333
mem[X,0x000000008001FAA4] -> 0x9593
mem[X,0x000000008001FAA6] -> 0x00B5
[4467] [M]: 0x000000008001FAA4 (0x00B59593) slli a1, a1, 11
x11 <- 0x0019999999999800
mem[X,0x000000008001FAA8] -> 0x8593
mem[X,0x000000008001FAAA] -> 0x1995
[4468] [M]: 0x000000008001FAA8 (0x19958593) addi a1, a1, 409
x11 <- 0x0019999999999999
mem[X,0x000000008001FAAC] -> 0x9593
mem[X,0x000000008001FAAE] -> 0x00A5
[4469] [M]: 0x000000008001FAAC (0x00A59593) slli a1, a1, 10
x11 <- 0x6666666666666400
mem[X,0x000000008001FAB0] -> 0x8593
mem[X,0x000000008001FAB2] -> 0x2665
[4470] [M]: 0x000000008001FAB0 (0x26658593) addi a1, a1, 614
x11 <- 0x6666666666666666
mem[X,0x000000008001FAB4] -> 0x0113
mem[X,0x000000008001FAB6] -> 0x0000
[4471] [M]: 0x000000008001FAB4 (0x00000113) addi sp, zero, 0
x2 <- 0x0000000000000000
mem[X,0x000000008001FAB8] -> 0x006F
mem[X,0x000000008001FABA] -> 0x00C0
[4472] [M]: 0x000000008001FAB8 (0x00C0006F) jal zero, 12
mem[X,0x000000008001FAC4] -> 0x1CE3
mem[X,0x000000008001FAC6] -> 0xFEB5
[4473] [M]: 0x000000008001FAC4 (0xFEB51CE3) bne a0, a1, 8184
mem[X,0x000000008001FAC8] -> 0x0113
mem[X,0x000000008001FACA] -> 0x0021
[4474] [M]: 0x000000008001FAC8 (0x00210113) addi sp, sp, 2
x2 <- 0x0000000000000002
mem[X,0x000000008001FACC] -> 0x006F
mem[X,0x000000008001FACE] -> 0x00C0
[4475] [M]: 0x000000008001FACC (0x00C0006F) jal zero, 12
mem[X,0x000000008001FAD8] -> 0xB423
mem[X,0x000000008001FADA] -> 0x0E20
[4476] [M]: 0x000000008001FAD8 (0x0E20B423) sd sp, 232(ra)
mem[0x0000000080045AC0] <- 0x0000000000000002
mem[X,0x000000008001FADC] -> 0x6537
mem[X,0x000000008001FADE] -> 0x6666
[4477] [M]: 0x000000008001FADC (0x66666537) lui a0, 419430
x10 <- 0x0000000066666000
mem[X,0x000000008001FAE0] -> 0x0513
mem[X,0x000000008001FAE2] -> 0x6665
[4478] [M]: 0x000000008001FAE0 (0x66650513) addi a0, a0, 1638
x10 <- 0x0000000066666666
mem[X,0x000000008001FAE4] -> 0x1513
mem[X,0x000000008001FAE6] -> 0x00B5
[4479] [M]: 0x000000008001FAE4 (0x00B51513) slli a0, a0, 11
x10 <- 0x0000033333333000
mem[X,0x000000008001FAE8] -> 0x0513
mem[X,0x000000008001FAEA] -> 0x3335
[4480] [M]: 0x000000008001FAE8 (0x33350513) addi a0, a0, 819
x10 <- 0x0000033333333333
mem[X,0x000000008001FAEC] -> 0x1513
mem[X,0x000000008001FAEE] -> 0x00B5
[4481] [M]: 0x000000008001FAEC (0x00B51513) slli a0, a0, 11
x10 <- 0x0019999999999800
mem[X,0x000000008001FAF0] -> 0x0513
mem[X,0x000000008001FAF2] -> 0x1995
[4482] [M]: 0x000000008001FAF0 (0x19950513) addi a0, a0, 409
x10 <- 0x0019999999999999
mem[X,0x000000008001FAF4] -> 0x1513
mem[X,0x000000008001FAF6] -> 0x00A5
[4483] [M]: 0x000000008001FAF4 (0x00A51513) slli a0, a0, 10
x10 <- 0x6666666666666400
mem[X,0x000000008001FAF8] -> 0x0513
mem[X,0x000000008001FAFA] -> 0x2665
[4484] [M]: 0x000000008001FAF8 (0x26650513) addi a0, a0, 614
x10 <- 0x6666666666666666
mem[X,0x000000008001FAFC] -> 0x05B7
mem[X,0x000000008001FAFE] -> 0x0000
[4485] [M]: 0x000000008001FAFC (0x000005B7) lui a1, 0
x11 <- 0x0000000000000000
mem[X,0x000000008001FB00] -> 0x8593
mem[X,0x000000008001FB02] -> 0xFFF5
[4486] [M]: 0x000000008001FB00 (0xFFF58593) addi a1, a1, 4095
x11 <- 0xFFFFFFFFFFFFFFFF
mem[X,0x000000008001FB04] -> 0x9593
mem[X,0x000000008001FB06] -> 0x00B5
[4487] [M]: 0x000000008001FB04 (0x00B59593) slli a1, a1, 11
x11 <- 0xFFFFFFFFFFFFF800
mem[X,0x000000008001FB08] -> 0x8593
mem[X,0x000000008001FB0A] -> 0x2575
[4488] [M]: 0x000000008001FB08 (0x25758593) addi a1, a1, 599
x11 <- 0xFFFFFFFFFFFFFA57
mem[X,0x000000008001FB0C] -> 0x9593
mem[X,0x000000008001FB0E] -> 0x00B5
[4489] [M]: 0x000000008001FB0C (0x00B59593) slli a1, a1, 11
x11 <- 0xFFFFFFFFFFD2B800
mem[X,0x000000008001FB10] -> 0x8593
mem[X,0x000000008001FB12] -> 0x6C35
[4490] [M]: 0x000000008001FB10 (0x6C358593) addi a1, a1, 1731
x11 <- 0xFFFFFFFFFFD2BEC3
mem[X,0x000000008001FB14] -> 0x9593
mem[X,0x000000008001FB16] -> 0x00A5
[4491] [M]: 0x000000008001FB14 (0x00A59593) slli a1, a1, 10
x11 <- 0xFFFFFFFF4AFB0C00
mem[X,0x000000008001FB18] -> 0x8593
mem[X,0x000000008001FB1A] -> 0x0CD5
[4492] [M]: 0x000000008001FB18 (0x0CD58593) addi a1, a1, 205
x11 <- 0xFFFFFFFF4AFB0CCD
mem[X,0x000000008001FB1C] -> 0x0113
mem[X,0x000000008001FB1E] -> 0x0000
[4493] [M]: 0x000000008001FB1C (0x00000113) addi sp, zero, 0
x2 <- 0x0000000000000000
mem[X,0x000000008001FB20] -> 0x006F
mem[X,0x000000008001FB22] -> 0x0050
[4494] [M]: 0x000000008001FB20 (0x0050006F) jal zero, 2052
mem[X,0x0000000080020324] -> 0x10E3
mem[X,0x0000000080020326] -> 0x80B5
[4495] [M]: 0x0000000080020324 (0x80B510E3) bne a0, a1, 6144
mem[X,0x000000008001FB24] -> 0x0113
mem[X,0x000000008001FB26] -> 0x0011
[4496] [M]: 0x000000008001FB24 (0x00110113) addi sp, sp, 1
x2 <- 0x0000000000000001
mem[X,0x000000008001FB28] -> 0x006F
mem[X,0x000000008001FB2A] -> 0x0110
[4497] [M]: 0x000000008001FB28 (0x0110006F) jal zero, 2064
mem[X,0x0000000080020338] -> 0xB823
mem[X,0x000000008002033A] -> 0x0E20
[4498] [M]: 0x0000000080020338 (0x0E20B823) sd sp, 240(ra)
mem[0x0000000080045AC8] <- 0x0000000000000001
mem[X,0x000000008002033C] -> 0x6537
mem[X,0x000000008002033E] -> 0x6666
[4499] [M]: 0x000000008002033C (0x66666537) lui a0, 419430
x10 <- 0x0000000066666000
clint::tick mtime <- 0x000000000000002D
 clint timer pending at mtime 0x000000000000002D
htif::tick 0x0000000000000000
mem[X,0x0000000080020340] -> 0x0513
mem[X,0x0000000080020342] -> 0x6665
[4500] [M]: 0x0000000080020340 (0x66650513) addi a0, a0, 1638
x10 <- 0x0000000066666666
mem[X,0x0000000080020344] -> 0x1513
mem[X,0x0000000080020346] -> 0x00B5
[4501] [M]: 0x0000000080020344 (0x00B51513) slli a0, a0, 11
x10 <- 0x0000033333333000
mem[X,0x0000000080020348] -> 0x0513
mem[X,0x000000008002034A] -> 0x3335
[4502] [M]: 0x0000000080020348 (0x33350513) addi a0, a0, 819
x10 <- 0x0000033333333333
mem[X,0x000000008002034C] -> 0x1513
mem[X,0x000000008002034E] -> 0x00B5
[4503] [M]: 0x000000008002034C (0x00B51513) slli a0, a0, 11
x10 <- 0x0019999999999800
mem[X,0x0000000080020350] -> 0x0513
mem[X,0x0000000080020352] -> 0x1995
[4504] [M]: 0x0000000080020350 (0x19950513) addi a0, a0, 409
x10 <- 0x0019999999999999
mem[X,0x0000000080020354] -> 0x1513
mem[X,0x0000000080020356] -> 0x00A5
[4505] [M]: 0x0000000080020354 (0x00A51513) slli a0, a0, 10
x10 <- 0x6666666666666400
mem[X,0x0000000080020358] -> 0x0513
mem[X,0x000000008002035A] -> 0x2665
[4506] [M]: 0x0000000080020358 (0x26650513) addi a0, a0, 614
x10 <- 0x6666666666666666
mem[X,0x000000008002035C] -> 0x05B7
mem[X,0x000000008002035E] -> 0x0000
[4507] [M]: 0x000000008002035C (0x000005B7) lui a1, 0
x11 <- 0x0000000000000000
mem[X,0x0000000080020360] -> 0x8593
mem[X,0x0000000080020362] -> 0x0005
[4508] [M]: 0x0000000080020360 (0x00058593) addi a1, a1, 0
x11 <- 0x0000000000000000
mem[X,0x0000000080020364] -> 0x9593
mem[X,0x0000000080020366] -> 0x00B5
[4509] [M]: 0x0000000080020364 (0x00B59593) slli a1, a1, 11
x11 <- 0x0000000000000000
mem[X,0x0000000080020368] -> 0x8593
mem[X,0x000000008002036A] -> 0x5A85
[4510] [M]: 0x0000000080020368 (0x5A858593) addi a1, a1, 1448
x11 <- 0x00000000000005A8
mem[X,0x000000008002036C] -> 0x9593
mem[X,0x000000008002036E] -> 0x00B5
[4511] [M]: 0x000000008002036C (0x00B59593) slli a1, a1, 11
x11 <- 0x00000000002D4000
mem[X,0x0000000080020370] -> 0x8593
mem[X,0x0000000080020372] -> 0x13C5
[4512] [M]: 0x0000000080020370 (0x13C58593) addi a1, a1, 316
x11 <- 0x00000000002D413C
mem[X,0x0000000080020374] -> 0x9593
mem[X,0x0000000080020376] -> 0x00A5
[4513] [M]: 0x0000000080020374 (0x00A59593) slli a1, a1, 10
x11 <- 0x00000000B504F000
mem[X,0x0000000080020378] -> 0x8593
mem[X,0x000000008002037A] -> 0x3335
[4514] [M]: 0x0000000080020378 (0x33358593) addi a1, a1, 819
x11 <- 0x00000000B504F333
mem[X,0x000000008002037C] -> 0x0113
mem[X,0x000000008002037E] -> 0x0000
[4515] [M]: 0x000000008002037C (0x00000113) addi sp, zero, 0
x2 <- 0x0000000000000000
mem[X,0x0000000080020380] -> 0x006F
mem[X,0x0000000080020382] -> 0x0140
[4516] [M]: 0x0000000080020380 (0x0140006F) jal zero, 20
mem[X,0x0000000080020394] -> 0x18E3
mem[X,0x0000000080020396] -> 0xFEB5
[4517] [M]: 0x0000000080020394 (0xFEB518E3) bne a0, a1, 8176
mem[X,0x0000000080020384] -> 0x0113
mem[X,0x0000000080020386] -> 0x0011
[4518] [M]: 0x0000000080020384 (0x00110113) addi sp, sp, 1
x2 <- 0x0000000000000001
mem[X,0x0000000080020388] -> 0x006F
mem[X,0x000000008002038A] -> 0x0200
[4519] [M]: 0x0000000080020388 (0x0200006F) jal zero, 32
mem[X,0x00000000800203A8] -> 0xBC23
mem[X,0x00000000800203AA] -> 0x0E20
[4520] [M]: 0x00000000800203A8 (0x0E20BC23) sd sp, 248(ra)
mem[0x0000000080045AD0] <- 0x0000000000000001
mem[X,0x00000000800203AC] -> 0x6537
mem[X,0x00000000800203AE] -> 0x6666
[4521] [M]: 0x00000000800203AC (0x66666537) lui a0, 419430
x10 <- 0x0000000066666000
mem[X,0x00000000800203B0] -> 0x0513
mem[X,0x00000000800203B2] -> 0x6665
[4522] [M]: 0x00000000800203B0 (0x66650513) addi a0, a0, 1638
x10 <- 0x0000000066666666
mem[X,0x00000000800203B4] -> 0x1513
mem[X,0x00000000800203B6] -> 0x00B5
[4523] [M]: 0x00000000800203B4 (0x00B51513) slli a0, a0, 11
x10 <- 0x0000033333333000
mem[X,0x00000000800203B8] -> 0x0513
mem[X,0x00000000800203BA] -> 0x3335
[4524] [M]: 0x00000000800203B8 (0x33350513) addi a0, a0, 819
x10 <- 0x0000033333333333
mem[X,0x00000000800203BC] -> 0x1513
mem[X,0x00000000800203BE] -> 0x00B5
[4525] [M]: 0x00000000800203BC (0x00B51513) slli a0, a0, 11
x10 <- 0x0019999999999800
mem[X,0x00000000800203C0] -> 0x0513
mem[X,0x00000000800203C2] -> 0x1995
[4526] [M]: 0x00000000800203C0 (0x19950513) addi a0, a0, 409
x10 <- 0x0019999999999999
mem[X,0x00000000800203C4] -> 0x1513
mem[X,0x00000000800203C6] -> 0x00A5
[4527] [M]: 0x00000000800203C4 (0x00A51513) slli a0, a0, 10
x10 <- 0x6666666666666400
mem[X,0x00000000800203C8] -> 0x0513
mem[X,0x00000000800203CA] -> 0x2665
[4528] [M]: 0x00000000800203C8 (0x26650513) addi a0, a0, 614
x10 <- 0x6666666666666666
mem[X,0x00000000800203CC] -> 0x0593
mem[X,0x00000000800203CE] -> 0x0020
[4529] [M]: 0x00000000800203CC (0x00200593) addi a1, zero, 2
x11 <- 0x0000000000000002
mem[X,0x00000000800203D0] -> 0x0113
mem[X,0x00000000800203D2] -> 0x0000
[4530] [M]: 0x00000000800203D0 (0x00000113) addi sp, zero, 0
x2 <- 0x0000000000000000
mem[X,0x00000000800203D4] -> 0x006F
mem[X,0x00000000800203D6] -> 0x00C0
[4531] [M]: 0x00000000800203D4 (0x00C0006F) jal zero, 12
mem[X,0x00000000800203E0] -> 0x1CE3
mem[X,0x00000000800203E2] -> 0xFEB5
[4532] [M]: 0x00000000800203E0 (0xFEB51CE3) bne a0, a1, 8184
mem[X,0x00000000800203D8] -> 0x0113
mem[X,0x00000000800203DA] -> 0x0011
[4533] [M]: 0x00000000800203D8 (0x00110113) addi sp, sp, 1
x2 <- 0x0000000000000001
mem[X,0x00000000800203DC] -> 0x006F
mem[X,0x00000000800203DE] -> 0x0180
[4534] [M]: 0x00000000800203DC (0x0180006F) jal zero, 24
mem[X,0x00000000800203F4] -> 0xB023
mem[X,0x00000000800203F6] -> 0x1020
[4535] [M]: 0x00000000800203F4 (0x1020B023) sd sp, 256(ra)
mem[0x0000000080045AD8] <- 0x0000000000000001
mem[X,0x00000000800203F8] -> 0x6537
mem[X,0x00000000800203FA] -> 0x6666
[4536] [M]: 0x00000000800203F8 (0x66666537) lui a0, 419430
x10 <- 0x0000000066666000
mem[X,0x00000000800203FC] -> 0x0513
mem[X,0x00000000800203FE] -> 0x6665
[4537] [M]: 0x00000000800203FC (0x66650513) addi a0, a0, 1638
x10 <- 0x0000000066666666
mem[X,0x0000000080020400] -> 0x1513
mem[X,0x0000000080020402] -> 0x00B5
[4538] [M]: 0x0000000080020400 (0x00B51513) slli a0, a0, 11
x10 <- 0x0000033333333000
mem[X,0x0000000080020404] -> 0x0513
mem[X,0x0000000080020406] -> 0x3335
[4539] [M]: 0x0000000080020404 (0x33350513) addi a0, a0, 819
x10 <- 0x0000033333333333
mem[X,0x0000000080020408] -> 0x1513
mem[X,0x000000008002040A] -> 0x00B5
[4540] [M]: 0x0000000080020408 (0x00B51513) slli a0, a0, 11
x10 <- 0x0019999999999800
mem[X,0x000000008002040C] -> 0x0513
mem[X,0x000000008002040E] -> 0x1995
[4541] [M]: 0x000000008002040C (0x19950513) addi a0, a0, 409
x10 <- 0x0019999999999999
mem[X,0x0000000080020410] -> 0x1513
mem[X,0x0000000080020412] -> 0x00A5
[4542] [M]: 0x0000000080020410 (0x00A51513) slli a0, a0, 10
x10 <- 0x6666666666666400
mem[X,0x0000000080020414] -> 0x0513
mem[X,0x0000000080020416] -> 0x2665
[4543] [M]: 0x0000000080020414 (0x26650513) addi a0, a0, 614
x10 <- 0x6666666666666666
mem[X,0x0000000080020418] -> 0x55B7
mem[X,0x000000008002041A] -> 0x5555
[4544] [M]: 0x0000000080020418 (0x555555B7) lui a1, 349525
x11 <- 0x0000000055555000
mem[X,0x000000008002041C] -> 0x8593
mem[X,0x000000008002041E] -> 0x5555
[4545] [M]: 0x000000008002041C (0x55558593) addi a1, a1, 1365
x11 <- 0x0000000055555555
mem[X,0x0000000080020420] -> 0x9593
mem[X,0x0000000080020422] -> 0x00B5
[4546] [M]: 0x0000000080020420 (0x00B59593) slli a1, a1, 11
x11 <- 0x000002AAAAAAA800
mem[X,0x0000000080020424] -> 0x8593
mem[X,0x0000000080020426] -> 0x2AA5
[4547] [M]: 0x0000000080020424 (0x2AA58593) addi a1, a1, 682
x11 <- 0x000002AAAAAAAAAA
mem[X,0x0000000080020428] -> 0x9593
mem[X,0x000000008002042A] -> 0x00B5
[4548] [M]: 0x0000000080020428 (0x00B59593) slli a1, a1, 11
x11 <- 0x0015555555555000
mem[X,0x000000008002042C] -> 0x8593
mem[X,0x000000008002042E] -> 0x5555
[4549] [M]: 0x000000008002042C (0x55558593) addi a1, a1, 1365
x11 <- 0x0015555555555555
mem[X,0x0000000080020430] -> 0x9593
mem[X,0x0000000080020432] -> 0x00A5
[4550] [M]: 0x0000000080020430 (0x00A59593) slli a1, a1, 10
x11 <- 0x5555555555555400
mem[X,0x0000000080020434] -> 0x8593
mem[X,0x0000000080020436] -> 0x1545
[4551] [M]: 0x0000000080020434 (0x15458593) addi a1, a1, 340
x11 <- 0x5555555555555554
mem[X,0x0000000080020438] -> 0x0113
mem[X,0x000000008002043A] -> 0x0000
[4552] [M]: 0x0000000080020438 (0x00000113) addi sp, zero, 0
x2 <- 0x0000000000000000
mem[X,0x000000008002043C] -> 0x006F
mem[X,0x000000008002043E] -> 0x00C0
[4553] [M]: 0x000000008002043C (0x00C0006F) jal zero, 12
mem[X,0x0000000080020448] -> 0x1863
mem[X,0x000000008002044A] -> 0x00B5
[4554] [M]: 0x0000000080020448 (0x00B51863) bne a0, a1, 16
mem[X,0x0000000080020458] -> 0x0113
mem[X,0x000000008002045A] -> 0x0031
[4555] [M]: 0x0000000080020458 (0x00310113) addi sp, sp, 3
x2 <- 0x0000000000000003
mem[X,0x000000008002045C] -> 0x006F
mem[X,0x000000008002045E] -> 0x0040
[4556] [M]: 0x000000008002045C (0x0040006F) jal zero, 4
mem[X,0x0000000080020460] -> 0xB423
mem[X,0x0000000080020462] -> 0x1020
[4557] [M]: 0x0000000080020460 (0x1020B423) sd sp, 264(ra)
mem[0x0000000080045AE0] <- 0x0000000000000003
mem[X,0x0000000080020464] -> 0x6537
mem[X,0x0000000080020466] -> 0x6666
[4558] [M]: 0x0000000080020464 (0x66666537) lui a0, 419430
x10 <- 0x0000000066666000
mem[X,0x0000000080020468] -> 0x0513
mem[X,0x000000008002046A] -> 0x6665
[4559] [M]: 0x0000000080020468 (0x66650513) addi a0, a0, 1638
x10 <- 0x0000000066666666
mem[X,0x000000008002046C] -> 0x1513
mem[X,0x000000008002046E] -> 0x00B5
[4560] [M]: 0x000000008002046C (0x00B51513) slli a0, a0, 11
x10 <- 0x0000033333333000
mem[X,0x0000000080020470] -> 0x0513
mem[X,0x0000000080020472] -> 0x3335
[4561] [M]: 0x0000000080020470 (0x33350513) addi a0, a0, 819
x10 <- 0x0000033333333333
mem[X,0x0000000080020474] -> 0x1513
mem[X,0x0000000080020476] -> 0x00B5
[4562] [M]: 0x0000000080020474 (0x00B51513) slli a0, a0, 11
x10 <- 0x0019999999999800
mem[X,0x0000000080020478] -> 0x0513
mem[X,0x000000008002047A] -> 0x1995
[4563] [M]: 0x0000000080020478 (0x19950513) addi a0, a0, 409
x10 <- 0x0019999999999999
mem[X,0x000000008002047C] -> 0x1513
mem[X,0x000000008002047E] -> 0x00A5
[4564] [M]: 0x000000008002047C (0x00A51513) slli a0, a0, 10
x10 <- 0x6666666666666400
mem[X,0x0000000080020480] -> 0x0513
mem[X,0x0000000080020482] -> 0x2665
[4565] [M]: 0x0000000080020480 (0x26650513) addi a0, a0, 614
x10 <- 0x6666666666666666
mem[X,0x0000000080020484] -> 0x0593
mem[X,0x0000000080020486] -> 0x0000
[4566] [M]: 0x0000000080020484 (0x00000593) addi a1, zero, 0
x11 <- 0x0000000000000000
mem[X,0x0000000080020488] -> 0x0113
mem[X,0x000000008002048A] -> 0x0000
[4567] [M]: 0x0000000080020488 (0x00000113) addi sp, zero, 0
x2 <- 0x0000000000000000
mem[X,0x000000008002048C] -> 0x006F
mem[X,0x000000008002048E] -> 0x0180
[4568] [M]: 0x000000008002048C (0x0180006F) jal zero, 24
mem[X,0x00000000800204A4] -> 0x16E3
mem[X,0x00000000800204A6] -> 0xFEB5
[4569] [M]: 0x00000000800204A4 (0xFEB516E3) bne a0, a1, 8172
mem[X,0x0000000080020490] -> 0x0113
mem[X,0x0000000080020492] -> 0x0011
[4570] [M]: 0x0000000080020490 (0x00110113) addi sp, sp, 1
x2 <- 0x0000000000000001
mem[X,0x0000000080020494] -> 0x006F
mem[X,0x0000000080020496] -> 0x0240
[4571] [M]: 0x0000000080020494 (0x0240006F) jal zero, 36
mem[X,0x00000000800204B8] -> 0xB823
mem[X,0x00000000800204BA] -> 0x1020
[4572] [M]: 0x00000000800204B8 (0x1020B823) sd sp, 272(ra)
mem[0x0000000080045AE8] <- 0x0000000000000001
mem[X,0x00000000800204BC] -> 0x6537
mem[X,0x00000000800204BE] -> 0x6666
[4573] [M]: 0x00000000800204BC (0x66666537) lui a0, 419430
x10 <- 0x0000000066666000
mem[X,0x00000000800204C0] -> 0x0513
mem[X,0x00000000800204C2] -> 0x6665
[4574] [M]: 0x00000000800204C0 (0x66650513) addi a0, a0, 1638
x10 <- 0x0000000066666666
mem[X,0x00000000800204C4] -> 0x1513
mem[X,0x00000000800204C6] -> 0x00B5
[4575] [M]: 0x00000000800204C4 (0x00B51513) slli a0, a0, 11
x10 <- 0x0000033333333000
mem[X,0x00000000800204C8] -> 0x0513
mem[X,0x00000000800204CA] -> 0x3335
[4576] [M]: 0x00000000800204C8 (0x33350513) addi a0, a0, 819
x10 <- 0x0000033333333333
mem[X,0x00000000800204CC] -> 0x1513
mem[X,0x00000000800204CE] -> 0x00B5
[4577] [M]: 0x00000000800204CC (0x00B51513) slli a0, a0, 11
x10 <- 0x0019999999999800
mem[X,0x00000000800204D0] -> 0x0513
mem[X,0x00000000800204D2] -> 0x1995
[4578] [M]: 0x00000000800204D0 (0x19950513) addi a0, a0, 409
x10 <- 0x0019999999999999
mem[X,0x00000000800204D4] -> 0x1513
mem[X,0x00000000800204D6] -> 0x00A5
[4579] [M]: 0x00000000800204D4 (0x00A51513) slli a0, a0, 10
x10 <- 0x6666666666666400
mem[X,0x00000000800204D8] -> 0x0513
mem[X,0x00000000800204DA] -> 0x2665
[4580] [M]: 0x00000000800204D8 (0x26650513) addi a0, a0, 614
x10 <- 0x6666666666666666
mem[X,0x00000000800204DC] -> 0x0593
mem[X,0x00000000800204DE] -> 0x0040
[4581] [M]: 0x00000000800204DC (0x00400593) addi a1, zero, 4
x11 <- 0x0000000000000004
mem[X,0x00000000800204E0] -> 0x0113
mem[X,0x00000000800204E2] -> 0x0000
[4582] [M]: 0x00000000800204E0 (0x00000113) addi sp, zero, 0
x2 <- 0x0000000000000000
mem[X,0x00000000800204E4] -> 0x006F
mem[X,0x00000000800204E6] -> 0x00C0
[4583] [M]: 0x00000000800204E4 (0x00C0006F) jal zero, 12
mem[X,0x00000000800204F0] -> 0x1863
mem[X,0x00000000800204F2] -> 0x00B5
[4584] [M]: 0x00000000800204F0 (0x00B51863) bne a0, a1, 16
mem[X,0x0000000080020500] -> 0x0113
mem[X,0x0000000080020502] -> 0x0031
[4585] [M]: 0x0000000080020500 (0x00310113) addi sp, sp, 3
x2 <- 0x0000000000000003
mem[X,0x0000000080020504] -> 0x006F
mem[X,0x0000000080020506] -> 0x0040
[4586] [M]: 0x0000000080020504 (0x0040006F) jal zero, 4
mem[X,0x0000000080020508] -> 0xBC23
mem[X,0x000000008002050A] -> 0x1020
[4587] [M]: 0x0000000080020508 (0x1020BC23) sd sp, 280(ra)
mem[0x0000000080045AF0] <- 0x0000000000000003
mem[X,0x000000008002050C] -> 0x6537
mem[X,0x000000008002050E] -> 0x6666
[4588] [M]: 0x000000008002050C (0x66666537) lui a0, 419430
x10 <- 0x0000000066666000
mem[X,0x0000000080020510] -> 0x0513
mem[X,0x0000000080020512] -> 0x6665
[4589] [M]: 0x0000000080020510 (0x66650513) addi a0, a0, 1638
x10 <- 0x0000000066666666
mem[X,0x0000000080020514] -> 0x1513
mem[X,0x0000000080020516] -> 0x00B5
[4590] [M]: 0x0000000080020514 (0x00B51513) slli a0, a0, 11
x10 <- 0x0000033333333000
mem[X,0x0000000080020518] -> 0x0513
mem[X,0x000000008002051A] -> 0x3335
[4591] [M]: 0x0000000080020518 (0x33350513) addi a0, a0, 819
x10 <- 0x0000033333333333
mem[X,0x000000008002051C] -> 0x1513
mem[X,0x000000008002051E] -> 0x00B5
[4592] [M]: 0x000000008002051C (0x00B51513) slli a0, a0, 11
x10 <- 0x0019999999999800
mem[X,0x0000000080020520] -> 0x0513
mem[X,0x0000000080020522] -> 0x1995
[4593] [M]: 0x0000000080020520 (0x19950513) addi a0, a0, 409
x10 <- 0x0019999999999999
mem[X,0x0000000080020524] -> 0x1513
mem[X,0x0000000080020526] -> 0x00A5
[4594] [M]: 0x0000000080020524 (0x00A51513) slli a0, a0, 10
x10 <- 0x6666666666666400
mem[X,0x0000000080020528] -> 0x0513
mem[X,0x000000008002052A] -> 0x2665
[4595] [M]: 0x0000000080020528 (0x26650513) addi a0, a0, 614
x10 <- 0x6666666666666666
mem[X,0x000000008002052C] -> 0x35B7
mem[X,0x000000008002052E] -> 0x3333
[4596] [M]: 0x000000008002052C (0x333335B7) lui a1, 209715
x11 <- 0x0000000033333000
mem[X,0x0000000080020530] -> 0x8593
mem[X,0x0000000080020532] -> 0x3335
[4597] [M]: 0x0000000080020530 (0x33358593) addi a1, a1, 819
x11 <- 0x0000000033333333
mem[X,0x0000000080020534] -> 0x9593
mem[X,0x0000000080020536] -> 0x00B5
[4598] [M]: 0x0000000080020534 (0x00B59593) slli a1, a1, 11
x11 <- 0x0000019999999800
mem[X,0x0000000080020538] -> 0x8593
mem[X,0x000000008002053A] -> 0x1995
[4599] [M]: 0x0000000080020538 (0x19958593) addi a1, a1, 409
x11 <- 0x0000019999999999
clint::tick mtime <- 0x000000000000002E
 clint timer pending at mtime 0x000000000000002E
htif::tick 0x0000000000000000
mem[X,0x000000008002053C] -> 0x9593
mem[X,0x000000008002053E] -> 0x00B5
[4600] [M]: 0x000000008002053C (0x00B59593) slli a1, a1, 11
x11 <- 0x000CCCCCCCCCC800
mem[X,0x0000000080020540] -> 0x8593
mem[X,0x0000000080020542] -> 0x4CC5
[4601] [M]: 0x0000000080020540 (0x4CC58593) addi a1, a1, 1228
x11 <- 0x000CCCCCCCCCCCCC
mem[X,0x0000000080020544] -> 0x9593
mem[X,0x0000000080020546] -> 0x00A5
[4602] [M]: 0x0000000080020544 (0x00A59593) slli a1, a1, 10
x11 <- 0x3333333333333000
mem[X,0x0000000080020548] -> 0x8593
mem[X,0x000000008002054A] -> 0x3325
[4603] [M]: 0x0000000080020548 (0x33258593) addi a1, a1, 818
x11 <- 0x3333333333333332
mem[X,0x000000008002054C] -> 0x0113
mem[X,0x000000008002054E] -> 0x0000
[4604] [M]: 0x000000008002054C (0x00000113) addi sp, zero, 0
x2 <- 0x0000000000000000
mem[X,0x0000000080020550] -> 0x006F
mem[X,0x0000000080020552] -> 0x0050
[4605] [M]: 0x0000000080020550 (0x0050006F) jal zero, 2052
mem[X,0x0000000080020D54] -> 0x10E3
mem[X,0x0000000080020D56] -> 0x80B5
[4606] [M]: 0x0000000080020D54 (0x80B510E3) bne a0, a1, 6144
mem[X,0x0000000080020554] -> 0x0113
mem[X,0x0000000080020556] -> 0x0011
[4607] [M]: 0x0000000080020554 (0x00110113) addi sp, sp, 1
x2 <- 0x0000000000000001
mem[X,0x0000000080020558] -> 0x006F
mem[X,0x000000008002055A] -> 0x0110
[4608] [M]: 0x0000000080020558 (0x0110006F) jal zero, 2064
mem[X,0x0000000080020D68] -> 0xB023
mem[X,0x0000000080020D6A] -> 0x1220
[4609] [M]: 0x0000000080020D68 (0x1220B023) sd sp, 288(ra)
mem[0x0000000080045AF8] <- 0x0000000000000001
mem[X,0x0000000080020D6C] -> 0x6537
mem[X,0x0000000080020D6E] -> 0x6666
[4610] [M]: 0x0000000080020D6C (0x66666537) lui a0, 419430
x10 <- 0x0000000066666000
mem[X,0x0000000080020D70] -> 0x0513
mem[X,0x0000000080020D72] -> 0x6665
[4611] [M]: 0x0000000080020D70 (0x66650513) addi a0, a0, 1638
x10 <- 0x0000000066666666
mem[X,0x0000000080020D74] -> 0x1513
mem[X,0x0000000080020D76] -> 0x00B5
[4612] [M]: 0x0000000080020D74 (0x00B51513) slli a0, a0, 11
x10 <- 0x0000033333333000
mem[X,0x0000000080020D78] -> 0x0513
mem[X,0x0000000080020D7A] -> 0x3335
[4613] [M]: 0x0000000080020D78 (0x33350513) addi a0, a0, 819
x10 <- 0x0000033333333333
mem[X,0x0000000080020D7C] -> 0x1513
mem[X,0x0000000080020D7E] -> 0x00B5
[4614] [M]: 0x0000000080020D7C (0x00B51513) slli a0, a0, 11
x10 <- 0x0019999999999800
mem[X,0x0000000080020D80] -> 0x0513
mem[X,0x0000000080020D82] -> 0x1995
[4615] [M]: 0x0000000080020D80 (0x19950513) addi a0, a0, 409
x10 <- 0x0019999999999999
mem[X,0x0000000080020D84] -> 0x1513
mem[X,0x0000000080020D86] -> 0x00A5
[4616] [M]: 0x0000000080020D84 (0x00A51513) slli a0, a0, 10
x10 <- 0x6666666666666400
mem[X,0x0000000080020D88] -> 0x0513
mem[X,0x0000000080020D8A] -> 0x2665
[4617] [M]: 0x0000000080020D88 (0x26650513) addi a0, a0, 614
x10 <- 0x6666666666666666
mem[X,0x0000000080020D8C] -> 0x65B7
mem[X,0x0000000080020D8E] -> 0x6666
[4618] [M]: 0x0000000080020D8C (0x666665B7) lui a1, 419430
x11 <- 0x0000000066666000
mem[X,0x0000000080020D90] -> 0x8593
mem[X,0x0000000080020D92] -> 0x6665
[4619] [M]: 0x0000000080020D90 (0x66658593) addi a1, a1, 1638
x11 <- 0x0000000066666666
mem[X,0x0000000080020D94] -> 0x9593
mem[X,0x0000000080020D96] -> 0x00B5
[4620] [M]: 0x0000000080020D94 (0x00B59593) slli a1, a1, 11
x11 <- 0x0000033333333000
mem[X,0x0000000080020D98] -> 0x8593
mem[X,0x0000000080020D9A] -> 0x3335
[4621] [M]: 0x0000000080020D98 (0x33358593) addi a1, a1, 819
x11 <- 0x0000033333333333
mem[X,0x0000000080020D9C] -> 0x9593
mem[X,0x0000000080020D9E] -> 0x00B5
[4622] [M]: 0x0000000080020D9C (0x00B59593) slli a1, a1, 11
x11 <- 0x0019999999999800
mem[X,0x0000000080020DA0] -> 0x8593
mem[X,0x0000000080020DA2] -> 0x1995
[4623] [M]: 0x0000000080020DA0 (0x19958593) addi a1, a1, 409
x11 <- 0x0019999999999999
mem[X,0x0000000080020DA4] -> 0x9593
mem[X,0x0000000080020DA6] -> 0x00A5
[4624] [M]: 0x0000000080020DA4 (0x00A59593) slli a1, a1, 10
x11 <- 0x6666666666666400
mem[X,0x0000000080020DA8] -> 0x8593
mem[X,0x0000000080020DAA] -> 0x2655
[4625] [M]: 0x0000000080020DA8 (0x26558593) addi a1, a1, 613
x11 <- 0x6666666666666665
mem[X,0x0000000080020DAC] -> 0x0113
mem[X,0x0000000080020DAE] -> 0x0000
[4626] [M]: 0x0000000080020DAC (0x00000113) addi sp, zero, 0
x2 <- 0x0000000000000000
mem[X,0x0000000080020DB0] -> 0x006F
mem[X,0x0000000080020DB2] -> 0x00C0
[4627] [M]: 0x0000000080020DB0 (0x00C0006F) jal zero, 12
mem[X,0x0000000080020DBC] -> 0x1063
mem[X,0x0000000080020DBE] -> 0x02B5
[4628] [M]: 0x0000000080020DBC (0x02B51063) bne a0, a1, 32
mem[X,0x0000000080020DDC] -> 0x0113
mem[X,0x0000000080020DDE] -> 0x0031
[4629] [M]: 0x0000000080020DDC (0x00310113) addi sp, sp, 3
x2 <- 0x0000000000000003
mem[X,0x0000000080020DE0] -> 0x006F
mem[X,0x0000000080020DE2] -> 0x0040
[4630] [M]: 0x0000000080020DE0 (0x0040006F) jal zero, 4
mem[X,0x0000000080020DE4] -> 0xB423
mem[X,0x0000000080020DE6] -> 0x1220
[4631] [M]: 0x0000000080020DE4 (0x1220B423) sd sp, 296(ra)
mem[0x0000000080045B00] <- 0x0000000000000003
mem[X,0x0000000080020DE8] -> 0x6537
mem[X,0x0000000080020DEA] -> 0x6666
[4632] [M]: 0x0000000080020DE8 (0x66666537) lui a0, 419430
x10 <- 0x0000000066666000
mem[X,0x0000000080020DEC] -> 0x0513
mem[X,0x0000000080020DEE] -> 0x6665
[4633] [M]: 0x0000000080020DEC (0x66650513) addi a0, a0, 1638
x10 <- 0x0000000066666666
mem[X,0x0000000080020DF0] -> 0x1513
mem[X,0x0000000080020DF2] -> 0x00B5
[4634] [M]: 0x0000000080020DF0 (0x00B51513) slli a0, a0, 11
x10 <- 0x0000033333333000
mem[X,0x0000000080020DF4] -> 0x0513
mem[X,0x0000000080020DF6] -> 0x3335
[4635] [M]: 0x0000000080020DF4 (0x33350513) addi a0, a0, 819
x10 <- 0x0000033333333333
mem[X,0x0000000080020DF8] -> 0x1513
mem[X,0x0000000080020DFA] -> 0x00B5
[4636] [M]: 0x0000000080020DF8 (0x00B51513) slli a0, a0, 11
x10 <- 0x0019999999999800
mem[X,0x0000000080020DFC] -> 0x0513
mem[X,0x0000000080020DFE] -> 0x1995
[4637] [M]: 0x0000000080020DFC (0x19950513) addi a0, a0, 409
x10 <- 0x0019999999999999
mem[X,0x0000000080020E00] -> 0x1513
mem[X,0x0000000080020E02] -> 0x00A5
[4638] [M]: 0x0000000080020E00 (0x00A51513) slli a0, a0, 10
x10 <- 0x6666666666666400
mem[X,0x0000000080020E04] -> 0x0513
mem[X,0x0000000080020E06] -> 0x2665
[4639] [M]: 0x0000000080020E04 (0x26650513) addi a0, a0, 614
x10 <- 0x6666666666666666
mem[X,0x0000000080020E08] -> 0x05B7
mem[X,0x0000000080020E0A] -> 0x0000
[4640] [M]: 0x0000000080020E08 (0x000005B7) lui a1, 0
x11 <- 0x0000000000000000
mem[X,0x0000000080020E0C] -> 0x8593
mem[X,0x0000000080020E0E] -> 0x0005
[4641] [M]: 0x0000000080020E0C (0x00058593) addi a1, a1, 0
x11 <- 0x0000000000000000
mem[X,0x0000000080020E10] -> 0x9593
mem[X,0x0000000080020E12] -> 0x00B5
[4642] [M]: 0x0000000080020E10 (0x00B59593) slli a1, a1, 11
x11 <- 0x0000000000000000
mem[X,0x0000000080020E14] -> 0x8593
mem[X,0x0000000080020E16] -> 0x5A85
[4643] [M]: 0x0000000080020E14 (0x5A858593) addi a1, a1, 1448
x11 <- 0x00000000000005A8
mem[X,0x0000000080020E18] -> 0x9593
mem[X,0x0000000080020E1A] -> 0x00B5
[4644] [M]: 0x0000000080020E18 (0x00B59593) slli a1, a1, 11
x11 <- 0x00000000002D4000
mem[X,0x0000000080020E1C] -> 0x8593
mem[X,0x0000000080020E1E] -> 0x13C5
[4645] [M]: 0x0000000080020E1C (0x13C58593) addi a1, a1, 316
x11 <- 0x00000000002D413C
mem[X,0x0000000080020E20] -> 0x9593
mem[X,0x0000000080020E22] -> 0x00A5
[4646] [M]: 0x0000000080020E20 (0x00A59593) slli a1, a1, 10
x11 <- 0x00000000B504F000
mem[X,0x0000000080020E24] -> 0x8593
mem[X,0x0000000080020E26] -> 0x3325
[4647] [M]: 0x0000000080020E24 (0x33258593) addi a1, a1, 818
x11 <- 0x00000000B504F332
mem[X,0x0000000080020E28] -> 0x0113
mem[X,0x0000000080020E2A] -> 0x0000
[4648] [M]: 0x0000000080020E28 (0x00000113) addi sp, zero, 0
x2 <- 0x0000000000000000
mem[X,0x0000000080020E2C] -> 0x006F
mem[X,0x0000000080020E2E] -> 0x0100
[4649] [M]: 0x0000000080020E2C (0x0100006F) jal zero, 16
mem[X,0x0000000080020E3C] -> 0x1AE3
mem[X,0x0000000080020E3E] -> 0xFEB5
[4650] [M]: 0x0000000080020E3C (0xFEB51AE3) bne a0, a1, 8180
mem[X,0x0000000080020E30] -> 0x0113
mem[X,0x0000000080020E32] -> 0x0011
[4651] [M]: 0x0000000080020E30 (0x00110113) addi sp, sp, 1
x2 <- 0x0000000000000001
mem[X,0x0000000080020E34] -> 0x006F
mem[X,0x0000000080020E36] -> 0x01C0
[4652] [M]: 0x0000000080020E34 (0x01C0006F) jal zero, 28
mem[X,0x0000000080020E50] -> 0xB823
mem[X,0x0000000080020E52] -> 0x1220
[4653] [M]: 0x0000000080020E50 (0x1220B823) sd sp, 304(ra)
mem[0x0000000080045B08] <- 0x0000000000000001
mem[X,0x0000000080020E54] -> 0x6537
mem[X,0x0000000080020E56] -> 0x6666
[4654] [M]: 0x0000000080020E54 (0x66666537) lui a0, 419430
x10 <- 0x0000000066666000
mem[X,0x0000000080020E58] -> 0x0513
mem[X,0x0000000080020E5A] -> 0x6665
[4655] [M]: 0x0000000080020E58 (0x66650513) addi a0, a0, 1638
x10 <- 0x0000000066666666
mem[X,0x0000000080020E5C] -> 0x1513
mem[X,0x0000000080020E5E] -> 0x00B5
[4656] [M]: 0x0000000080020E5C (0x00B51513) slli a0, a0, 11
x10 <- 0x0000033333333000
mem[X,0x0000000080020E60] -> 0x0513
mem[X,0x0000000080020E62] -> 0x3335
[4657] [M]: 0x0000000080020E60 (0x33350513) addi a0, a0, 819
x10 <- 0x0000033333333333
mem[X,0x0000000080020E64] -> 0x1513
mem[X,0x0000000080020E66] -> 0x00B5
[4658] [M]: 0x0000000080020E64 (0x00B51513) slli a0, a0, 11
x10 <- 0x0019999999999800
mem[X,0x0000000080020E68] -> 0x0513
mem[X,0x0000000080020E6A] -> 0x1995
[4659] [M]: 0x0000000080020E68 (0x19950513) addi a0, a0, 409
x10 <- 0x0019999999999999
mem[X,0x0000000080020E6C] -> 0x1513
mem[X,0x0000000080020E6E] -> 0x00A5
[4660] [M]: 0x0000000080020E6C (0x00A51513) slli a0, a0, 10
x10 <- 0x6666666666666400
mem[X,0x0000000080020E70] -> 0x0513
mem[X,0x0000000080020E72] -> 0x2665
[4661] [M]: 0x0000000080020E70 (0x26650513) addi a0, a0, 614
x10 <- 0x6666666666666666
mem[X,0x0000000080020E74] -> 0x55B7
mem[X,0x0000000080020E76] -> 0x5555
[4662] [M]: 0x0000000080020E74 (0x555555B7) lui a1, 349525
x11 <- 0x0000000055555000
mem[X,0x0000000080020E78] -> 0x8593
mem[X,0x0000000080020E7A] -> 0x5555
[4663] [M]: 0x0000000080020E78 (0x55558593) addi a1, a1, 1365
x11 <- 0x0000000055555555
mem[X,0x0000000080020E7C] -> 0x9593
mem[X,0x0000000080020E7E] -> 0x00B5
[4664] [M]: 0x0000000080020E7C (0x00B59593) slli a1, a1, 11
x11 <- 0x000002AAAAAAA800
mem[X,0x0000000080020E80] -> 0x8593
mem[X,0x0000000080020E82] -> 0x2AA5
[4665] [M]: 0x0000000080020E80 (0x2AA58593) addi a1, a1, 682
x11 <- 0x000002AAAAAAAAAA
mem[X,0x0000000080020E84] -> 0x9593
mem[X,0x0000000080020E86] -> 0x00B5
[4666] [M]: 0x0000000080020E84 (0x00B59593) slli a1, a1, 11
x11 <- 0x0015555555555000
mem[X,0x0000000080020E88] -> 0x8593
mem[X,0x0000000080020E8A] -> 0x5555
[4667] [M]: 0x0000000080020E88 (0x55558593) addi a1, a1, 1365
x11 <- 0x0015555555555555
mem[X,0x0000000080020E8C] -> 0x9593
mem[X,0x0000000080020E8E] -> 0x00A5
[4668] [M]: 0x0000000080020E8C (0x00A59593) slli a1, a1, 10
x11 <- 0x5555555555555400
mem[X,0x0000000080020E90] -> 0x8593
mem[X,0x0000000080020E92] -> 0x1565
[4669] [M]: 0x0000000080020E90 (0x15658593) addi a1, a1, 342
x11 <- 0x5555555555555556
mem[X,0x0000000080020E94] -> 0x0113
mem[X,0x0000000080020E96] -> 0x0000
[4670] [M]: 0x0000000080020E94 (0x00000113) addi sp, zero, 0
x2 <- 0x0000000000000000
mem[X,0x0000000080020E98] -> 0x006F
mem[X,0x0000000080020E9A] -> 0x00C0
[4671] [M]: 0x0000000080020E98 (0x00C0006F) jal zero, 12
mem[X,0x0000000080020EA4] -> 0x1063
mem[X,0x0000000080020EA6] -> 0x10B5
[4672] [M]: 0x0000000080020EA4 (0x10B51063) bne a0, a1, 256
mem[X,0x0000000080020FA4] -> 0x0113
mem[X,0x0000000080020FA6] -> 0x0031
[4673] [M]: 0x0000000080020FA4 (0x00310113) addi sp, sp, 3
x2 <- 0x0000000000000003
mem[X,0x0000000080020FA8] -> 0x006F
mem[X,0x0000000080020FAA] -> 0x0040
[4674] [M]: 0x0000000080020FA8 (0x0040006F) jal zero, 4
mem[X,0x0000000080020FAC] -> 0xBC23
mem[X,0x0000000080020FAE] -> 0x1220
[4675] [M]: 0x0000000080020FAC (0x1220BC23) sd sp, 312(ra)
mem[0x0000000080045B10] <- 0x0000000000000003
mem[X,0x0000000080020FB0] -> 0x6537
mem[X,0x0000000080020FB2] -> 0x6666
[4676] [M]: 0x0000000080020FB0 (0x66666537) lui a0, 419430
x10 <- 0x0000000066666000
mem[X,0x0000000080020FB4] -> 0x0513
mem[X,0x0000000080020FB6] -> 0x6665
[4677] [M]: 0x0000000080020FB4 (0x66650513) addi a0, a0, 1638
x10 <- 0x0000000066666666
mem[X,0x0000000080020FB8] -> 0x1513
mem[X,0x0000000080020FBA] -> 0x00B5
[4678] [M]: 0x0000000080020FB8 (0x00B51513) slli a0, a0, 11
x10 <- 0x0000033333333000
mem[X,0x0000000080020FBC] -> 0x0513
mem[X,0x0000000080020FBE] -> 0x3335
[4679] [M]: 0x0000000080020FBC (0x33350513) addi a0, a0, 819
x10 <- 0x0000033333333333
mem[X,0x0000000080020FC0] -> 0x1513
mem[X,0x0000000080020FC2] -> 0x00B5
[4680] [M]: 0x0000000080020FC0 (0x00B51513) slli a0, a0, 11
x10 <- 0x0019999999999800
mem[X,0x0000000080020FC4] -> 0x0513
mem[X,0x0000000080020FC6] -> 0x1995
[4681] [M]: 0x0000000080020FC4 (0x19950513) addi a0, a0, 409
x10 <- 0x0019999999999999
mem[X,0x0000000080020FC8] -> 0x1513
mem[X,0x0000000080020FCA] -> 0x00A5
[4682] [M]: 0x0000000080020FC8 (0x00A51513) slli a0, a0, 10
x10 <- 0x6666666666666400
mem[X,0x0000000080020FCC] -> 0x0513
mem[X,0x0000000080020FCE] -> 0x2665
[4683] [M]: 0x0000000080020FCC (0x26650513) addi a0, a0, 614
x10 <- 0x6666666666666666
mem[X,0x0000000080020FD0] -> 0xB5B7
mem[X,0x0000000080020FD2] -> 0xAAAA
[4684] [M]: 0x0000000080020FD0 (0xAAAAB5B7) lui a1, 699051
x11 <- 0xFFFFFFFFAAAAB000
mem[X,0x0000000080020FD4] -> 0x8593
mem[X,0x0000000080020FD6] -> 0xAAA5
[4685] [M]: 0x0000000080020FD4 (0xAAA58593) addi a1, a1, 2730
x11 <- 0xFFFFFFFFAAAAAAAA
mem[X,0x0000000080020FD8] -> 0x9593
mem[X,0x0000000080020FDA] -> 0x00B5
[4686] [M]: 0x0000000080020FD8 (0x00B59593) slli a1, a1, 11
x11 <- 0xFFFFFD5555555000
mem[X,0x0000000080020FDC] -> 0x8593
mem[X,0x0000000080020FDE] -> 0x5555
[4687] [M]: 0x0000000080020FDC (0x55558593) addi a1, a1, 1365
x11 <- 0xFFFFFD5555555555
mem[X,0x0000000080020FE0] -> 0x9593
mem[X,0x0000000080020FE2] -> 0x00B5
[4688] [M]: 0x0000000080020FE0 (0x00B59593) slli a1, a1, 11
x11 <- 0xFFEAAAAAAAAAA800
mem[X,0x0000000080020FE4] -> 0x8593
mem[X,0x0000000080020FE6] -> 0x2AA5
[4689] [M]: 0x0000000080020FE4 (0x2AA58593) addi a1, a1, 682
x11 <- 0xFFEAAAAAAAAAAAAA
mem[X,0x0000000080020FE8] -> 0x9593
mem[X,0x0000000080020FEA] -> 0x00A5
[4690] [M]: 0x0000000080020FE8 (0x00A59593) slli a1, a1, 10
x11 <- 0xAAAAAAAAAAAAA800
mem[X,0x0000000080020FEC] -> 0x8593
mem[X,0x0000000080020FEE] -> 0x2AB5
[4691] [M]: 0x0000000080020FEC (0x2AB58593) addi a1, a1, 683
x11 <- 0xAAAAAAAAAAAAAAAB
mem[X,0x0000000080020FF0] -> 0x0113
mem[X,0x0000000080020FF2] -> 0x0000
[4692] [M]: 0x0000000080020FF0 (0x00000113) addi sp, zero, 0
x2 <- 0x0000000000000000
mem[X,0x0000000080020FF4] -> 0x006F
mem[X,0x0000000080020FF6] -> 0x00C0
[4693] [M]: 0x0000000080020FF4 (0x00C0006F) jal zero, 12
mem[X,0x0000000080021000] -> 0x1CE3
mem[X,0x0000000080021002] -> 0xFEB5
[4694] [M]: 0x0000000080021000 (0xFEB51CE3) bne a0, a1, 8184
mem[X,0x0000000080020FF8] -> 0x0113
mem[X,0x0000000080020FFA] -> 0x0011
[4695] [M]: 0x0000000080020FF8 (0x00110113) addi sp, sp, 1
x2 <- 0x0000000000000001
mem[X,0x0000000080020FFC] -> 0x006F
mem[X,0x0000000080020FFE] -> 0x0180
[4696] [M]: 0x0000000080020FFC (0x0180006F) jal zero, 24
mem[X,0x0000000080021014] -> 0xB023
mem[X,0x0000000080021016] -> 0x1420
[4697] [M]: 0x0000000080021014 (0x1420B023) sd sp, 320(ra)
mem[0x0000000080045B18] <- 0x0000000000000001
mem[X,0x0000000080021018] -> 0x6537
mem[X,0x000000008002101A] -> 0x6666
[4698] [M]: 0x0000000080021018 (0x66666537) lui a0, 419430
x10 <- 0x0000000066666000
mem[X,0x000000008002101C] -> 0x0513
mem[X,0x000000008002101E] -> 0x6665
[4699] [M]: 0x000000008002101C (0x66650513) addi a0, a0, 1638
x10 <- 0x0000000066666666
clint::tick mtime <- 0x000000000000002F
 clint timer pending at mtime 0x000000000000002F
htif::tick 0x0000000000000000
mem[X,0x0000000080021020] -> 0x1513
mem[X,0x0000000080021022] -> 0x00B5
[4700] [M]: 0x0000000080021020 (0x00B51513) slli a0, a0, 11
x10 <- 0x0000033333333000
mem[X,0x0000000080021024] -> 0x0513
mem[X,0x0000000080021026] -> 0x3335
[4701] [M]: 0x0000000080021024 (0x33350513) addi a0, a0, 819
x10 <- 0x0000033333333333
mem[X,0x0000000080021028] -> 0x1513
mem[X,0x000000008002102A] -> 0x00B5
[4702] [M]: 0x0000000080021028 (0x00B51513) slli a0, a0, 11
x10 <- 0x0019999999999800
mem[X,0x000000008002102C] -> 0x0513
mem[X,0x000000008002102E] -> 0x1995
[4703] [M]: 0x000000008002102C (0x19950513) addi a0, a0, 409
x10 <- 0x0019999999999999
mem[X,0x0000000080021030] -> 0x1513
mem[X,0x0000000080021032] -> 0x00A5
[4704] [M]: 0x0000000080021030 (0x00A51513) slli a0, a0, 10
x10 <- 0x6666666666666400
mem[X,0x0000000080021034] -> 0x0513
mem[X,0x0000000080021036] -> 0x2665
[4705] [M]: 0x0000000080021034 (0x26650513) addi a0, a0, 614
x10 <- 0x6666666666666666
mem[X,0x0000000080021038] -> 0x0593
mem[X,0x000000008002103A] -> 0x0060
[4706] [M]: 0x0000000080021038 (0x00600593) addi a1, zero, 6
x11 <- 0x0000000000000006
mem[X,0x000000008002103C] -> 0x0113
mem[X,0x000000008002103E] -> 0x0000
[4707] [M]: 0x000000008002103C (0x00000113) addi sp, zero, 0
x2 <- 0x0000000000000000
mem[X,0x0000000080021040] -> 0x006F
mem[X,0x0000000080021042] -> 0x00C0
[4708] [M]: 0x0000000080021040 (0x00C0006F) jal zero, 12
mem[X,0x000000008002104C] -> 0x1663
mem[X,0x000000008002104E] -> 0x00B5
[4709] [M]: 0x000000008002104C (0x00B51663) bne a0, a1, 12
mem[X,0x0000000080021058] -> 0x0113
mem[X,0x000000008002105A] -> 0x0031
[4710] [M]: 0x0000000080021058 (0x00310113) addi sp, sp, 3
x2 <- 0x0000000000000003
mem[X,0x000000008002105C] -> 0x006F
mem[X,0x000000008002105E] -> 0x0040
[4711] [M]: 0x000000008002105C (0x0040006F) jal zero, 4
mem[X,0x0000000080021060] -> 0xB423
mem[X,0x0000000080021062] -> 0x1420
[4712] [M]: 0x0000000080021060 (0x1420B423) sd sp, 328(ra)
mem[0x0000000080045B20] <- 0x0000000000000003
mem[X,0x0000000080021064] -> 0x6537
mem[X,0x0000000080021066] -> 0x6666
[4713] [M]: 0x0000000080021064 (0x66666537) lui a0, 419430
x10 <- 0x0000000066666000
mem[X,0x0000000080021068] -> 0x0513
mem[X,0x000000008002106A] -> 0x6665
[4714] [M]: 0x0000000080021068 (0x66650513) addi a0, a0, 1638
x10 <- 0x0000000066666666
mem[X,0x000000008002106C] -> 0x1513
mem[X,0x000000008002106E] -> 0x00B5
[4715] [M]: 0x000000008002106C (0x00B51513) slli a0, a0, 11
x10 <- 0x0000033333333000
mem[X,0x0000000080021070] -> 0x0513
mem[X,0x0000000080021072] -> 0x3335
[4716] [M]: 0x0000000080021070 (0x33350513) addi a0, a0, 819
x10 <- 0x0000033333333333
mem[X,0x0000000080021074] -> 0x1513
mem[X,0x0000000080021076] -> 0x00B5
[4717] [M]: 0x0000000080021074 (0x00B51513) slli a0, a0, 11
x10 <- 0x0019999999999800
mem[X,0x0000000080021078] -> 0x0513
mem[X,0x000000008002107A] -> 0x1995
[4718] [M]: 0x0000000080021078 (0x19950513) addi a0, a0, 409
x10 <- 0x0019999999999999
mem[X,0x000000008002107C] -> 0x1513
mem[X,0x000000008002107E] -> 0x00A5
[4719] [M]: 0x000000008002107C (0x00A51513) slli a0, a0, 10
x10 <- 0x6666666666666400
mem[X,0x0000000080021080] -> 0x0513
mem[X,0x0000000080021082] -> 0x2665
[4720] [M]: 0x0000000080021080 (0x26650513) addi a0, a0, 614
x10 <- 0x6666666666666666
mem[X,0x0000000080021084] -> 0x35B7
mem[X,0x0000000080021086] -> 0x3333
[4721] [M]: 0x0000000080021084 (0x333335B7) lui a1, 209715
x11 <- 0x0000000033333000
mem[X,0x0000000080021088] -> 0x8593
mem[X,0x000000008002108A] -> 0x3335
[4722] [M]: 0x0000000080021088 (0x33358593) addi a1, a1, 819
x11 <- 0x0000000033333333
mem[X,0x000000008002108C] -> 0x9593
mem[X,0x000000008002108E] -> 0x00B5
[4723] [M]: 0x000000008002108C (0x00B59593) slli a1, a1, 11
x11 <- 0x0000019999999800
mem[X,0x0000000080021090] -> 0x8593
mem[X,0x0000000080021092] -> 0x1995
[4724] [M]: 0x0000000080021090 (0x19958593) addi a1, a1, 409
x11 <- 0x0000019999999999
mem[X,0x0000000080021094] -> 0x9593
mem[X,0x0000000080021096] -> 0x00B5
[4725] [M]: 0x0000000080021094 (0x00B59593) slli a1, a1, 11
x11 <- 0x000CCCCCCCCCC800
mem[X,0x0000000080021098] -> 0x8593
mem[X,0x000000008002109A] -> 0x4CC5
[4726] [M]: 0x0000000080021098 (0x4CC58593) addi a1, a1, 1228
x11 <- 0x000CCCCCCCCCCCCC
mem[X,0x000000008002109C] -> 0x9593
mem[X,0x000000008002109E] -> 0x00A5
[4727] [M]: 0x000000008002109C (0x00A59593) slli a1, a1, 10
x11 <- 0x3333333333333000
mem[X,0x00000000800210A0] -> 0x8593
mem[X,0x00000000800210A2] -> 0x3345
[4728] [M]: 0x00000000800210A0 (0x33458593) addi a1, a1, 820
x11 <- 0x3333333333333334
mem[X,0x00000000800210A4] -> 0x0113
mem[X,0x00000000800210A6] -> 0x0000
[4729] [M]: 0x00000000800210A4 (0x00000113) addi sp, zero, 0
x2 <- 0x0000000000000000
mem[X,0x00000000800210A8] -> 0x006F
mem[X,0x00000000800210AA] -> 0x00C0
[4730] [M]: 0x00000000800210A8 (0x00C0006F) jal zero, 12
mem[X,0x00000000800210B4] -> 0x1663
mem[X,0x00000000800210B6] -> 0x00B5
[4731] [M]: 0x00000000800210B4 (0x00B51663) bne a0, a1, 12
mem[X,0x00000000800210C0] -> 0x0113
mem[X,0x00000000800210C2] -> 0x0031
[4732] [M]: 0x00000000800210C0 (0x00310113) addi sp, sp, 3
x2 <- 0x0000000000000003
mem[X,0x00000000800210C4] -> 0x006F
mem[X,0x00000000800210C6] -> 0x0040
[4733] [M]: 0x00000000800210C4 (0x0040006F) jal zero, 4
mem[X,0x00000000800210C8] -> 0xB823
mem[X,0x00000000800210CA] -> 0x1420
[4734] [M]: 0x00000000800210C8 (0x1420B823) sd sp, 336(ra)
mem[0x0000000080045B28] <- 0x0000000000000003
mem[X,0x00000000800210CC] -> 0x6537
mem[X,0x00000000800210CE] -> 0x6666
[4735] [M]: 0x00000000800210CC (0x66666537) lui a0, 419430
x10 <- 0x0000000066666000
mem[X,0x00000000800210D0] -> 0x0513
mem[X,0x00000000800210D2] -> 0x6665
[4736] [M]: 0x00000000800210D0 (0x66650513) addi a0, a0, 1638
x10 <- 0x0000000066666666
mem[X,0x00000000800210D4] -> 0x1513
mem[X,0x00000000800210D6] -> 0x00B5
[4737] [M]: 0x00000000800210D4 (0x00B51513) slli a0, a0, 11
x10 <- 0x0000033333333000
mem[X,0x00000000800210D8] -> 0x0513
mem[X,0x00000000800210DA] -> 0x3335
[4738] [M]: 0x00000000800210D8 (0x33350513) addi a0, a0, 819
x10 <- 0x0000033333333333
mem[X,0x00000000800210DC] -> 0x1513
mem[X,0x00000000800210DE] -> 0x00B5
[4739] [M]: 0x00000000800210DC (0x00B51513) slli a0, a0, 11
x10 <- 0x0019999999999800
mem[X,0x00000000800210E0] -> 0x0513
mem[X,0x00000000800210E2] -> 0x1995
[4740] [M]: 0x00000000800210E0 (0x19950513) addi a0, a0, 409
x10 <- 0x0019999999999999
mem[X,0x00000000800210E4] -> 0x1513
mem[X,0x00000000800210E6] -> 0x00A5
[4741] [M]: 0x00000000800210E4 (0x00A51513) slli a0, a0, 10
x10 <- 0x6666666666666400
mem[X,0x00000000800210E8] -> 0x0513
mem[X,0x00000000800210EA] -> 0x2665
[4742] [M]: 0x00000000800210E8 (0x26650513) addi a0, a0, 614
x10 <- 0x6666666666666666
mem[X,0x00000000800210EC] -> 0x65B7
mem[X,0x00000000800210EE] -> 0x6666
[4743] [M]: 0x00000000800210EC (0x666665B7) lui a1, 419430
x11 <- 0x0000000066666000
mem[X,0x00000000800210F0] -> 0x8593
mem[X,0x00000000800210F2] -> 0x6665
[4744] [M]: 0x00000000800210F0 (0x66658593) addi a1, a1, 1638
x11 <- 0x0000000066666666
mem[X,0x00000000800210F4] -> 0x9593
mem[X,0x00000000800210F6] -> 0x00B5
[4745] [M]: 0x00000000800210F4 (0x00B59593) slli a1, a1, 11
x11 <- 0x0000033333333000
mem[X,0x00000000800210F8] -> 0x8593
mem[X,0x00000000800210FA] -> 0x3335
[4746] [M]: 0x00000000800210F8 (0x33358593) addi a1, a1, 819
x11 <- 0x0000033333333333
mem[X,0x00000000800210FC] -> 0x9593
mem[X,0x00000000800210FE] -> 0x00B5
[4747] [M]: 0x00000000800210FC (0x00B59593) slli a1, a1, 11
x11 <- 0x0019999999999800
mem[X,0x0000000080021100] -> 0x8593
mem[X,0x0000000080021102] -> 0x1995
[4748] [M]: 0x0000000080021100 (0x19958593) addi a1, a1, 409
x11 <- 0x0019999999999999
mem[X,0x0000000080021104] -> 0x9593
mem[X,0x0000000080021106] -> 0x00A5
[4749] [M]: 0x0000000080021104 (0x00A59593) slli a1, a1, 10
x11 <- 0x6666666666666400
mem[X,0x0000000080021108] -> 0x8593
mem[X,0x000000008002110A] -> 0x2675
[4750] [M]: 0x0000000080021108 (0x26758593) addi a1, a1, 615
x11 <- 0x6666666666666667
mem[X,0x000000008002110C] -> 0x0113
mem[X,0x000000008002110E] -> 0x0000
[4751] [M]: 0x000000008002110C (0x00000113) addi sp, zero, 0
x2 <- 0x0000000000000000
mem[X,0x0000000080021110] -> 0x006F
mem[X,0x0000000080021112] -> 0x0100
[4752] [M]: 0x0000000080021110 (0x0100006F) jal zero, 16
mem[X,0x0000000080021120] -> 0x1AE3
mem[X,0x0000000080021122] -> 0xFEB5
[4753] [M]: 0x0000000080021120 (0xFEB51AE3) bne a0, a1, 8180
mem[X,0x0000000080021114] -> 0x0113
mem[X,0x0000000080021116] -> 0x0011
[4754] [M]: 0x0000000080021114 (0x00110113) addi sp, sp, 1
x2 <- 0x0000000000000001
mem[X,0x0000000080021118] -> 0x006F
mem[X,0x000000008002111A] -> 0x01C0
[4755] [M]: 0x0000000080021118 (0x01C0006F) jal zero, 28
mem[X,0x0000000080021134] -> 0xBC23
mem[X,0x0000000080021136] -> 0x1420
[4756] [M]: 0x0000000080021134 (0x1420BC23) sd sp, 344(ra)
mem[0x0000000080045B30] <- 0x0000000000000001
mem[X,0x0000000080021138] -> 0x6537
mem[X,0x000000008002113A] -> 0x6666
[4757] [M]: 0x0000000080021138 (0x66666537) lui a0, 419430
x10 <- 0x0000000066666000
mem[X,0x000000008002113C] -> 0x0513
mem[X,0x000000008002113E] -> 0x6665
[4758] [M]: 0x000000008002113C (0x66650513) addi a0, a0, 1638
x10 <- 0x0000000066666666
mem[X,0x0000000080021140] -> 0x1513
mem[X,0x0000000080021142] -> 0x00B5
[4759] [M]: 0x0000000080021140 (0x00B51513) slli a0, a0, 11
x10 <- 0x0000033333333000
mem[X,0x0000000080021144] -> 0x0513
mem[X,0x0000000080021146] -> 0x3335
[4760] [M]: 0x0000000080021144 (0x33350513) addi a0, a0, 819
x10 <- 0x0000033333333333
mem[X,0x0000000080021148] -> 0x1513
mem[X,0x000000008002114A] -> 0x00B5
[4761] [M]: 0x0000000080021148 (0x00B51513) slli a0, a0, 11
x10 <- 0x0019999999999800
mem[X,0x000000008002114C] -> 0x0513
mem[X,0x000000008002114E] -> 0x1995
[4762] [M]: 0x000000008002114C (0x19950513) addi a0, a0, 409
x10 <- 0x0019999999999999
mem[X,0x0000000080021150] -> 0x1513
mem[X,0x0000000080021152] -> 0x00A5
[4763] [M]: 0x0000000080021150 (0x00A51513) slli a0, a0, 10
x10 <- 0x6666666666666400
mem[X,0x0000000080021154] -> 0x0513
mem[X,0x0000000080021156] -> 0x2665
[4764] [M]: 0x0000000080021154 (0x26650513) addi a0, a0, 614
x10 <- 0x6666666666666666
mem[X,0x0000000080021158] -> 0x05B7
mem[X,0x000000008002115A] -> 0x0000
[4765] [M]: 0x0000000080021158 (0x000005B7) lui a1, 0
x11 <- 0x0000000000000000
mem[X,0x000000008002115C] -> 0x8593
mem[X,0x000000008002115E] -> 0xFFF5
[4766] [M]: 0x000000008002115C (0xFFF58593) addi a1, a1, 4095
x11 <- 0xFFFFFFFFFFFFFFFF
mem[X,0x0000000080021160] -> 0x9593
mem[X,0x0000000080021162] -> 0x00B5
[4767] [M]: 0x0000000080021160 (0x00B59593) slli a1, a1, 11
x11 <- 0xFFFFFFFFFFFFF800
mem[X,0x0000000080021164] -> 0x8593
mem[X,0x0000000080021166] -> 0x2575
[4768] [M]: 0x0000000080021164 (0x25758593) addi a1, a1, 599
x11 <- 0xFFFFFFFFFFFFFA57
mem[X,0x0000000080021168] -> 0x9593
mem[X,0x000000008002116A] -> 0x00B5
[4769] [M]: 0x0000000080021168 (0x00B59593) slli a1, a1, 11
x11 <- 0xFFFFFFFFFFD2B800
mem[X,0x000000008002116C] -> 0x8593
mem[X,0x000000008002116E] -> 0x6C35
[4770] [M]: 0x000000008002116C (0x6C358593) addi a1, a1, 1731
x11 <- 0xFFFFFFFFFFD2BEC3
mem[X,0x0000000080021170] -> 0x9593
mem[X,0x0000000080021172] -> 0x00A5
[4771] [M]: 0x0000000080021170 (0x00A59593) slli a1, a1, 10
x11 <- 0xFFFFFFFF4AFB0C00
mem[X,0x0000000080021174] -> 0x8593
mem[X,0x0000000080021176] -> 0x0CE5
[4772] [M]: 0x0000000080021174 (0x0CE58593) addi a1, a1, 206
x11 <- 0xFFFFFFFF4AFB0CCE
mem[X,0x0000000080021178] -> 0x0113
mem[X,0x000000008002117A] -> 0x0000
[4773] [M]: 0x0000000080021178 (0x00000113) addi sp, zero, 0
x2 <- 0x0000000000000000
mem[X,0x000000008002117C] -> 0x006F
mem[X,0x000000008002117E] -> 0x0140
[4774] [M]: 0x000000008002117C (0x0140006F) jal zero, 20
mem[X,0x0000000080021190] -> 0x18E3
mem[X,0x0000000080021192] -> 0xFEB5
[4775] [M]: 0x0000000080021190 (0xFEB518E3) bne a0, a1, 8176
mem[X,0x0000000080021180] -> 0x0113
mem[X,0x0000000080021182] -> 0x0011
[4776] [M]: 0x0000000080021180 (0x00110113) addi sp, sp, 1
x2 <- 0x0000000000000001
mem[X,0x0000000080021184] -> 0x006F
mem[X,0x0000000080021186] -> 0x0200
[4777] [M]: 0x0000000080021184 (0x0200006F) jal zero, 32
mem[X,0x00000000800211A4] -> 0xB023
mem[X,0x00000000800211A6] -> 0x1620
[4778] [M]: 0x00000000800211A4 (0x1620B023) sd sp, 352(ra)
mem[0x0000000080045B38] <- 0x0000000000000001
mem[X,0x00000000800211A8] -> 0x6537
mem[X,0x00000000800211AA] -> 0x6666
[4779] [M]: 0x00000000800211A8 (0x66666537) lui a0, 419430
x10 <- 0x0000000066666000
mem[X,0x00000000800211AC] -> 0x0513
mem[X,0x00000000800211AE] -> 0x6665
[4780] [M]: 0x00000000800211AC (0x66650513) addi a0, a0, 1638
x10 <- 0x0000000066666666
mem[X,0x00000000800211B0] -> 0x1513
mem[X,0x00000000800211B2] -> 0x00B5
[4781] [M]: 0x00000000800211B0 (0x00B51513) slli a0, a0, 11
x10 <- 0x0000033333333000
mem[X,0x00000000800211B4] -> 0x0513
mem[X,0x00000000800211B6] -> 0x3335
[4782] [M]: 0x00000000800211B4 (0x33350513) addi a0, a0, 819
x10 <- 0x0000033333333333
mem[X,0x00000000800211B8] -> 0x1513
mem[X,0x00000000800211BA] -> 0x00B5
[4783] [M]: 0x00000000800211B8 (0x00B51513) slli a0, a0, 11
x10 <- 0x0019999999999800
mem[X,0x00000000800211BC] -> 0x0513
mem[X,0x00000000800211BE] -> 0x1995
[4784] [M]: 0x00000000800211BC (0x19950513) addi a0, a0, 409
x10 <- 0x0019999999999999
mem[X,0x00000000800211C0] -> 0x1513
mem[X,0x00000000800211C2] -> 0x00A5
[4785] [M]: 0x00000000800211C0 (0x00A51513) slli a0, a0, 10
x10 <- 0x6666666666666400
mem[X,0x00000000800211C4] -> 0x0513
mem[X,0x00000000800211C6] -> 0x2665
[4786] [M]: 0x00000000800211C4 (0x26650513) addi a0, a0, 614
x10 <- 0x6666666666666666
mem[X,0x00000000800211C8] -> 0x05B7
mem[X,0x00000000800211CA] -> 0x0000
[4787] [M]: 0x00000000800211C8 (0x000005B7) lui a1, 0
x11 <- 0x0000000000000000
mem[X,0x00000000800211CC] -> 0x8593
mem[X,0x00000000800211CE] -> 0x0005
[4788] [M]: 0x00000000800211CC (0x00058593) addi a1, a1, 0
x11 <- 0x0000000000000000
mem[X,0x00000000800211D0] -> 0x9593
mem[X,0x00000000800211D2] -> 0x00B5
[4789] [M]: 0x00000000800211D0 (0x00B59593) slli a1, a1, 11
x11 <- 0x0000000000000000
mem[X,0x00000000800211D4] -> 0x8593
mem[X,0x00000000800211D6] -> 0x5A85
[4790] [M]: 0x00000000800211D4 (0x5A858593) addi a1, a1, 1448
x11 <- 0x00000000000005A8
mem[X,0x00000000800211D8] -> 0x9593
mem[X,0x00000000800211DA] -> 0x00B5
[4791] [M]: 0x00000000800211D8 (0x00B59593) slli a1, a1, 11
x11 <- 0x00000000002D4000
mem[X,0x00000000800211DC] -> 0x8593
mem[X,0x00000000800211DE] -> 0x13C5
[4792] [M]: 0x00000000800211DC (0x13C58593) addi a1, a1, 316
x11 <- 0x00000000002D413C
mem[X,0x00000000800211E0] -> 0x9593
mem[X,0x00000000800211E2] -> 0x00A5
[4793] [M]: 0x00000000800211E0 (0x00A59593) slli a1, a1, 10
x11 <- 0x00000000B504F000
mem[X,0x00000000800211E4] -> 0x8593
mem[X,0x00000000800211E6] -> 0x3345
[4794] [M]: 0x00000000800211E4 (0x33458593) addi a1, a1, 820
x11 <- 0x00000000B504F334
mem[X,0x00000000800211E8] -> 0x0113
mem[X,0x00000000800211EA] -> 0x0000
[4795] [M]: 0x00000000800211E8 (0x00000113) addi sp, zero, 0
x2 <- 0x0000000000000000
mem[X,0x00000000800211EC] -> 0x006F
mem[X,0x00000000800211EE] -> 0x00C0
[4796] [M]: 0x00000000800211EC (0x00C0006F) jal zero, 12
mem[X,0x00000000800211F8] -> 0x1663
mem[X,0x00000000800211FA] -> 0x00B5
[4797] [M]: 0x00000000800211F8 (0x00B51663) bne a0, a1, 12
mem[X,0x0000000080021204] -> 0x0113
mem[X,0x0000000080021206] -> 0x0031
[4798] [M]: 0x0000000080021204 (0x00310113) addi sp, sp, 3
x2 <- 0x0000000000000003
mem[X,0x0000000080021208] -> 0x006F
mem[X,0x000000008002120A] -> 0x0040
[4799] [M]: 0x0000000080021208 (0x0040006F) jal zero, 4
clint::tick mtime <- 0x0000000000000030
 clint timer pending at mtime 0x0000000000000030
htif::tick 0x0000000000000000
mem[X,0x000000008002120C] -> 0xB423
mem[X,0x000000008002120E] -> 0x1620
[4800] [M]: 0x000000008002120C (0x1620B423) sd sp, 360(ra)
mem[0x0000000080045B40] <- 0x0000000000000003
mem[X,0x0000000080021210] -> 0x0537
mem[X,0x0000000080021212] -> 0x0000
[4801] [M]: 0x0000000080021210 (0x00000537) lui a0, 0
x10 <- 0x0000000000000000
mem[X,0x0000000080021214] -> 0x0513
mem[X,0x0000000080021216] -> 0xFFF5
[4802] [M]: 0x0000000080021214 (0xFFF50513) addi a0, a0, 4095
x10 <- 0xFFFFFFFFFFFFFFFF
mem[X,0x0000000080021218] -> 0x1513
mem[X,0x000000008002121A] -> 0x00B5
[4803] [M]: 0x0000000080021218 (0x00B51513) slli a0, a0, 11
x10 <- 0xFFFFFFFFFFFFF800
mem[X,0x000000008002121C] -> 0x0513
mem[X,0x000000008002121E] -> 0x2575
[4804] [M]: 0x000000008002121C (0x25750513) addi a0, a0, 599
x10 <- 0xFFFFFFFFFFFFFA57
mem[X,0x0000000080021220] -> 0x1513
mem[X,0x0000000080021222] -> 0x00B5
[4805] [M]: 0x0000000080021220 (0x00B51513) slli a0, a0, 11
x10 <- 0xFFFFFFFFFFD2B800
mem[X,0x0000000080021224] -> 0x0513
mem[X,0x0000000080021226] -> 0x6C35
[4806] [M]: 0x0000000080021224 (0x6C350513) addi a0, a0, 1731
x10 <- 0xFFFFFFFFFFD2BEC3
mem[X,0x0000000080021228] -> 0x1513
mem[X,0x000000008002122A] -> 0x00A5
[4807] [M]: 0x0000000080021228 (0x00A51513) slli a0, a0, 10
x10 <- 0xFFFFFFFF4AFB0C00
mem[X,0x000000008002122C] -> 0x0513
mem[X,0x000000008002122E] -> 0x0CD5
[4808] [M]: 0x000000008002122C (0x0CD50513) addi a0, a0, 205
x10 <- 0xFFFFFFFF4AFB0CCD
mem[X,0x0000000080021230] -> 0x0593
mem[X,0x0000000080021232] -> 0x0030
[4809] [M]: 0x0000000080021230 (0x00300593) addi a1, zero, 3
x11 <- 0x0000000000000003
mem[X,0x0000000080021234] -> 0x0113
mem[X,0x0000000080021236] -> 0x0000
[4810] [M]: 0x0000000080021234 (0x00000113) addi sp, zero, 0
x2 <- 0x0000000000000000
mem[X,0x0000000080021238] -> 0x006F
mem[X,0x000000008002123A] -> 0x00C0
[4811] [M]: 0x0000000080021238 (0x00C0006F) jal zero, 12
mem[X,0x0000000080021244] -> 0x1063
mem[X,0x0000000080021246] -> 0x40B5
[4812] [M]: 0x0000000080021244 (0x40B51063) bne a0, a1, 1024
mem[X,0x0000000080021644] -> 0x0113
mem[X,0x0000000080021646] -> 0x0031
[4813] [M]: 0x0000000080021644 (0x00310113) addi sp, sp, 3
x2 <- 0x0000000000000003
mem[X,0x0000000080021648] -> 0x006F
mem[X,0x000000008002164A] -> 0x0040
[4814] [M]: 0x0000000080021648 (0x0040006F) jal zero, 4
mem[X,0x000000008002164C] -> 0xB823
mem[X,0x000000008002164E] -> 0x1620
[4815] [M]: 0x000000008002164C (0x1620B823) sd sp, 368(ra)
mem[0x0000000080045B48] <- 0x0000000000000003
mem[X,0x0000000080021650] -> 0x0537
mem[X,0x0000000080021652] -> 0x0000
[4816] [M]: 0x0000000080021650 (0x00000537) lui a0, 0
x10 <- 0x0000000000000000
mem[X,0x0000000080021654] -> 0x0513
mem[X,0x0000000080021656] -> 0xFFF5
[4817] [M]: 0x0000000080021654 (0xFFF50513) addi a0, a0, 4095
x10 <- 0xFFFFFFFFFFFFFFFF
mem[X,0x0000000080021658] -> 0x1513
mem[X,0x000000008002165A] -> 0x00B5
[4818] [M]: 0x0000000080021658 (0x00B51513) slli a0, a0, 11
x10 <- 0xFFFFFFFFFFFFF800
mem[X,0x000000008002165C] -> 0x0513
mem[X,0x000000008002165E] -> 0x2575
[4819] [M]: 0x000000008002165C (0x25750513) addi a0, a0, 599
x10 <- 0xFFFFFFFFFFFFFA57
mem[X,0x0000000080021660] -> 0x1513
mem[X,0x0000000080021662] -> 0x00B5
[4820] [M]: 0x0000000080021660 (0x00B51513) slli a0, a0, 11
x10 <- 0xFFFFFFFFFFD2B800
mem[X,0x0000000080021664] -> 0x0513
mem[X,0x0000000080021666] -> 0x6C35
[4821] [M]: 0x0000000080021664 (0x6C350513) addi a0, a0, 1731
x10 <- 0xFFFFFFFFFFD2BEC3
mem[X,0x0000000080021668] -> 0x1513
mem[X,0x000000008002166A] -> 0x00A5
[4822] [M]: 0x0000000080021668 (0x00A51513) slli a0, a0, 10
x10 <- 0xFFFFFFFF4AFB0C00
mem[X,0x000000008002166C] -> 0x0513
mem[X,0x000000008002166E] -> 0x0CD5
[4823] [M]: 0x000000008002166C (0x0CD50513) addi a0, a0, 205
x10 <- 0xFFFFFFFF4AFB0CCD
mem[X,0x0000000080021670] -> 0x55B7
mem[X,0x0000000080021672] -> 0x5555
[4824] [M]: 0x0000000080021670 (0x555555B7) lui a1, 349525
x11 <- 0x0000000055555000
mem[X,0x0000000080021674] -> 0x8593
mem[X,0x0000000080021676] -> 0x5555
[4825] [M]: 0x0000000080021674 (0x55558593) addi a1, a1, 1365
x11 <- 0x0000000055555555
mem[X,0x0000000080021678] -> 0x9593
mem[X,0x000000008002167A] -> 0x00B5
[4826] [M]: 0x0000000080021678 (0x00B59593) slli a1, a1, 11
x11 <- 0x000002AAAAAAA800
mem[X,0x000000008002167C] -> 0x8593
mem[X,0x000000008002167E] -> 0x2AA5
[4827] [M]: 0x000000008002167C (0x2AA58593) addi a1, a1, 682
x11 <- 0x000002AAAAAAAAAA
mem[X,0x0000000080021680] -> 0x9593
mem[X,0x0000000080021682] -> 0x00B5
[4828] [M]: 0x0000000080021680 (0x00B59593) slli a1, a1, 11
x11 <- 0x0015555555555000
mem[X,0x0000000080021684] -> 0x8593
mem[X,0x0000000080021686] -> 0x5555
[4829] [M]: 0x0000000080021684 (0x55558593) addi a1, a1, 1365
x11 <- 0x0015555555555555
mem[X,0x0000000080021688] -> 0x9593
mem[X,0x000000008002168A] -> 0x00A5
[4830] [M]: 0x0000000080021688 (0x00A59593) slli a1, a1, 10
x11 <- 0x5555555555555400
mem[X,0x000000008002168C] -> 0x8593
mem[X,0x000000008002168E] -> 0x1555
[4831] [M]: 0x000000008002168C (0x15558593) addi a1, a1, 341
x11 <- 0x5555555555555555
mem[X,0x0000000080021690] -> 0x0113
mem[X,0x0000000080021692] -> 0x0000
[4832] [M]: 0x0000000080021690 (0x00000113) addi sp, zero, 0
x2 <- 0x0000000000000000
mem[X,0x0000000080021694] -> 0x006F
mem[X,0x0000000080021696] -> 0x2B10
[4833] [M]: 0x0000000080021694 (0x2B10006F) jal zero, 2736
mem[X,0x0000000080022144] -> 0x1A63
mem[X,0x0000000080022146] -> 0xD4B5
[4834] [M]: 0x0000000080022144 (0xD4B51A63) bne a0, a1, 5460
mem[X,0x0000000080021698] -> 0x0113
mem[X,0x000000008002169A] -> 0x0011
[4835] [M]: 0x0000000080021698 (0x00110113) addi sp, sp, 1
x2 <- 0x0000000000000001
mem[X,0x000000008002169C] -> 0x006F
mem[X,0x000000008002169E] -> 0x2BD0
[4836] [M]: 0x000000008002169C (0x2BD0006F) jal zero, 2748
mem[X,0x0000000080022158] -> 0xBC23
mem[X,0x000000008002215A] -> 0x1620
[4837] [M]: 0x0000000080022158 (0x1620BC23) sd sp, 376(ra)
mem[0x0000000080045B50] <- 0x0000000000000001
mem[X,0x000000008002215C] -> 0x0537
mem[X,0x000000008002215E] -> 0x0000
[4838] [M]: 0x000000008002215C (0x00000537) lui a0, 0
x10 <- 0x0000000000000000
mem[X,0x0000000080022160] -> 0x0513
mem[X,0x0000000080022162] -> 0xFFF5
[4839] [M]: 0x0000000080022160 (0xFFF50513) addi a0, a0, 4095
x10 <- 0xFFFFFFFFFFFFFFFF
mem[X,0x0000000080022164] -> 0x1513
mem[X,0x0000000080022166] -> 0x00B5
[4840] [M]: 0x0000000080022164 (0x00B51513) slli a0, a0, 11
x10 <- 0xFFFFFFFFFFFFF800
mem[X,0x0000000080022168] -> 0x0513
mem[X,0x000000008002216A] -> 0x2575
[4841] [M]: 0x0000000080022168 (0x25750513) addi a0, a0, 599
x10 <- 0xFFFFFFFFFFFFFA57
mem[X,0x000000008002216C] -> 0x1513
mem[X,0x000000008002216E] -> 0x00B5
[4842] [M]: 0x000000008002216C (0x00B51513) slli a0, a0, 11
x10 <- 0xFFFFFFFFFFD2B800
mem[X,0x0000000080022170] -> 0x0513
mem[X,0x0000000080022172] -> 0x6C35
[4843] [M]: 0x0000000080022170 (0x6C350513) addi a0, a0, 1731
x10 <- 0xFFFFFFFFFFD2BEC3
mem[X,0x0000000080022174] -> 0x1513
mem[X,0x0000000080022176] -> 0x00A5
[4844] [M]: 0x0000000080022174 (0x00A51513) slli a0, a0, 10
x10 <- 0xFFFFFFFF4AFB0C00
mem[X,0x0000000080022178] -> 0x0513
mem[X,0x000000008002217A] -> 0x0CD5
[4845] [M]: 0x0000000080022178 (0x0CD50513) addi a0, a0, 205
x10 <- 0xFFFFFFFF4AFB0CCD
mem[X,0x000000008002217C] -> 0xB5B7
mem[X,0x000000008002217E] -> 0xAAAA
[4846] [M]: 0x000000008002217C (0xAAAAB5B7) lui a1, 699051
x11 <- 0xFFFFFFFFAAAAB000
mem[X,0x0000000080022180] -> 0x8593
mem[X,0x0000000080022182] -> 0xAAA5
[4847] [M]: 0x0000000080022180 (0xAAA58593) addi a1, a1, 2730
x11 <- 0xFFFFFFFFAAAAAAAA
mem[X,0x0000000080022184] -> 0x9593
mem[X,0x0000000080022186] -> 0x00B5
[4848] [M]: 0x0000000080022184 (0x00B59593) slli a1, a1, 11
x11 <- 0xFFFFFD5555555000
mem[X,0x0000000080022188] -> 0x8593
mem[X,0x000000008002218A] -> 0x5555
[4849] [M]: 0x0000000080022188 (0x55558593) addi a1, a1, 1365
x11 <- 0xFFFFFD5555555555
mem[X,0x000000008002218C] -> 0x9593
mem[X,0x000000008002218E] -> 0x00B5
[4850] [M]: 0x000000008002218C (0x00B59593) slli a1, a1, 11
x11 <- 0xFFEAAAAAAAAAA800
mem[X,0x0000000080022190] -> 0x8593
mem[X,0x0000000080022192] -> 0x2AA5
[4851] [M]: 0x0000000080022190 (0x2AA58593) addi a1, a1, 682
x11 <- 0xFFEAAAAAAAAAAAAA
mem[X,0x0000000080022194] -> 0x9593
mem[X,0x0000000080022196] -> 0x00A5
[4852] [M]: 0x0000000080022194 (0x00A59593) slli a1, a1, 10
x11 <- 0xAAAAAAAAAAAAA800
mem[X,0x0000000080022198] -> 0x8593
mem[X,0x000000008002219A] -> 0x2AA5
[4853] [M]: 0x0000000080022198 (0x2AA58593) addi a1, a1, 682
x11 <- 0xAAAAAAAAAAAAAAAA
mem[X,0x000000008002219C] -> 0x0113
mem[X,0x000000008002219E] -> 0x0000
[4854] [M]: 0x000000008002219C (0x00000113) addi sp, zero, 0
x2 <- 0x0000000000000000
mem[X,0x00000000800221A0] -> 0x006F
mem[X,0x00000000800221A2] -> 0x00C0
[4855] [M]: 0x00000000800221A0 (0x00C0006F) jal zero, 12
mem[X,0x00000000800221AC] -> 0x1063
mem[X,0x00000000800221AE] -> 0x02B5
[4856] [M]: 0x00000000800221AC (0x02B51063) bne a0, a1, 32
mem[X,0x00000000800221CC] -> 0x0113
mem[X,0x00000000800221CE] -> 0x0031
[4857] [M]: 0x00000000800221CC (0x00310113) addi sp, sp, 3
x2 <- 0x0000000000000003
mem[X,0x00000000800221D0] -> 0x006F
mem[X,0x00000000800221D2] -> 0x0040
[4858] [M]: 0x00000000800221D0 (0x0040006F) jal zero, 4
mem[X,0x00000000800221D4] -> 0xB023
mem[X,0x00000000800221D6] -> 0x1820
[4859] [M]: 0x00000000800221D4 (0x1820B023) sd sp, 384(ra)
mem[0x0000000080045B58] <- 0x0000000000000003
mem[X,0x00000000800221D8] -> 0x0537
mem[X,0x00000000800221DA] -> 0x0000
[4860] [M]: 0x00000000800221D8 (0x00000537) lui a0, 0
x10 <- 0x0000000000000000
mem[X,0x00000000800221DC] -> 0x0513
mem[X,0x00000000800221DE] -> 0xFFF5
[4861] [M]: 0x00000000800221DC (0xFFF50513) addi a0, a0, 4095
x10 <- 0xFFFFFFFFFFFFFFFF
mem[X,0x00000000800221E0] -> 0x1513
mem[X,0x00000000800221E2] -> 0x00B5
[4862] [M]: 0x00000000800221E0 (0x00B51513) slli a0, a0, 11
x10 <- 0xFFFFFFFFFFFFF800
mem[X,0x00000000800221E4] -> 0x0513
mem[X,0x00000000800221E6] -> 0x2575
[4863] [M]: 0x00000000800221E4 (0x25750513) addi a0, a0, 599
x10 <- 0xFFFFFFFFFFFFFA57
mem[X,0x00000000800221E8] -> 0x1513
mem[X,0x00000000800221EA] -> 0x00B5
[4864] [M]: 0x00000000800221E8 (0x00B51513) slli a0, a0, 11
x10 <- 0xFFFFFFFFFFD2B800
mem[X,0x00000000800221EC] -> 0x0513
mem[X,0x00000000800221EE] -> 0x6C35
[4865] [M]: 0x00000000800221EC (0x6C350513) addi a0, a0, 1731
x10 <- 0xFFFFFFFFFFD2BEC3
mem[X,0x00000000800221F0] -> 0x1513
mem[X,0x00000000800221F2] -> 0x00A5
[4866] [M]: 0x00000000800221F0 (0x00A51513) slli a0, a0, 10
x10 <- 0xFFFFFFFF4AFB0C00
mem[X,0x00000000800221F4] -> 0x0513
mem[X,0x00000000800221F6] -> 0x0CD5
[4867] [M]: 0x00000000800221F4 (0x0CD50513) addi a0, a0, 205
x10 <- 0xFFFFFFFF4AFB0CCD
mem[X,0x00000000800221F8] -> 0x0593
mem[X,0x00000000800221FA] -> 0x0050
[4868] [M]: 0x00000000800221F8 (0x00500593) addi a1, zero, 5
x11 <- 0x0000000000000005
mem[X,0x00000000800221FC] -> 0x0113
mem[X,0x00000000800221FE] -> 0x0000
[4869] [M]: 0x00000000800221FC (0x00000113) addi sp, zero, 0
x2 <- 0x0000000000000000
mem[X,0x0000000080022200] -> 0x006F
mem[X,0x0000000080022202] -> 0x00C0
[4870] [M]: 0x0000000080022200 (0x00C0006F) jal zero, 12
mem[X,0x000000008002220C] -> 0x1663
mem[X,0x000000008002220E] -> 0x00B5
[4871] [M]: 0x000000008002220C (0x00B51663) bne a0, a1, 12
mem[X,0x0000000080022218] -> 0x0113
mem[X,0x000000008002221A] -> 0x0031
[4872] [M]: 0x0000000080022218 (0x00310113) addi sp, sp, 3
x2 <- 0x0000000000000003
mem[X,0x000000008002221C] -> 0x006F
mem[X,0x000000008002221E] -> 0x0040
[4873] [M]: 0x000000008002221C (0x0040006F) jal zero, 4
mem[X,0x0000000080022220] -> 0xB423
mem[X,0x0000000080022222] -> 0x1820
[4874] [M]: 0x0000000080022220 (0x1820B423) sd sp, 392(ra)
mem[0x0000000080045B60] <- 0x0000000000000003
mem[X,0x0000000080022224] -> 0x0537
mem[X,0x0000000080022226] -> 0x0000
[4875] [M]: 0x0000000080022224 (0x00000537) lui a0, 0
x10 <- 0x0000000000000000
mem[X,0x0000000080022228] -> 0x0513
mem[X,0x000000008002222A] -> 0xFFF5
[4876] [M]: 0x0000000080022228 (0xFFF50513) addi a0, a0, 4095
x10 <- 0xFFFFFFFFFFFFFFFF
mem[X,0x000000008002222C] -> 0x1513
mem[X,0x000000008002222E] -> 0x00B5
[4877] [M]: 0x000000008002222C (0x00B51513) slli a0, a0, 11
x10 <- 0xFFFFFFFFFFFFF800
mem[X,0x0000000080022230] -> 0x0513
mem[X,0x0000000080022232] -> 0x2575
[4878] [M]: 0x0000000080022230 (0x25750513) addi a0, a0, 599
x10 <- 0xFFFFFFFFFFFFFA57
mem[X,0x0000000080022234] -> 0x1513
mem[X,0x0000000080022236] -> 0x00B5
[4879] [M]: 0x0000000080022234 (0x00B51513) slli a0, a0, 11
x10 <- 0xFFFFFFFFFFD2B800
mem[X,0x0000000080022238] -> 0x0513
mem[X,0x000000008002223A] -> 0x6C35
[4880] [M]: 0x0000000080022238 (0x6C350513) addi a0, a0, 1731
x10 <- 0xFFFFFFFFFFD2BEC3
mem[X,0x000000008002223C] -> 0x1513
mem[X,0x000000008002223E] -> 0x00A5
[4881] [M]: 0x000000008002223C (0x00A51513) slli a0, a0, 10
x10 <- 0xFFFFFFFF4AFB0C00
mem[X,0x0000000080022240] -> 0x0513
mem[X,0x0000000080022242] -> 0x0CD5
[4882] [M]: 0x0000000080022240 (0x0CD50513) addi a0, a0, 205
x10 <- 0xFFFFFFFF4AFB0CCD
mem[X,0x0000000080022244] -> 0x35B7
mem[X,0x0000000080022246] -> 0x3333
[4883] [M]: 0x0000000080022244 (0x333335B7) lui a1, 209715
x11 <- 0x0000000033333000
mem[X,0x0000000080022248] -> 0x8593
mem[X,0x000000008002224A] -> 0x3335
[4884] [M]: 0x0000000080022248 (0x33358593) addi a1, a1, 819
x11 <- 0x0000000033333333
mem[X,0x000000008002224C] -> 0x9593
mem[X,0x000000008002224E] -> 0x00B5
[4885] [M]: 0x000000008002224C (0x00B59593) slli a1, a1, 11
x11 <- 0x0000019999999800
mem[X,0x0000000080022250] -> 0x8593
mem[X,0x0000000080022252] -> 0x1995
[4886] [M]: 0x0000000080022250 (0x19958593) addi a1, a1, 409
x11 <- 0x0000019999999999
mem[X,0x0000000080022254] -> 0x9593
mem[X,0x0000000080022256] -> 0x00B5
[4887] [M]: 0x0000000080022254 (0x00B59593) slli a1, a1, 11
x11 <- 0x000CCCCCCCCCC800
mem[X,0x0000000080022258] -> 0x8593
mem[X,0x000000008002225A] -> 0x4CC5
[4888] [M]: 0x0000000080022258 (0x4CC58593) addi a1, a1, 1228
x11 <- 0x000CCCCCCCCCCCCC
mem[X,0x000000008002225C] -> 0x9593
mem[X,0x000000008002225E] -> 0x00A5
[4889] [M]: 0x000000008002225C (0x00A59593) slli a1, a1, 10
x11 <- 0x3333333333333000
mem[X,0x0000000080022260] -> 0x8593
mem[X,0x0000000080022262] -> 0x3335
[4890] [M]: 0x0000000080022260 (0x33358593) addi a1, a1, 819
x11 <- 0x3333333333333333
mem[X,0x0000000080022264] -> 0x0113
mem[X,0x0000000080022266] -> 0x0000
[4891] [M]: 0x0000000080022264 (0x00000113) addi sp, zero, 0
x2 <- 0x0000000000000000
mem[X,0x0000000080022268] -> 0x006F
mem[X,0x000000008002226A] -> 0x00C0
[4892] [M]: 0x0000000080022268 (0x00C0006F) jal zero, 12
mem[X,0x0000000080022274] -> 0x1863
mem[X,0x0000000080022276] -> 0x00B5
[4893] [M]: 0x0000000080022274 (0x00B51863) bne a0, a1, 16
mem[X,0x0000000080022284] -> 0x0113
mem[X,0x0000000080022286] -> 0x0031
[4894] [M]: 0x0000000080022284 (0x00310113) addi sp, sp, 3
x2 <- 0x0000000000000003
mem[X,0x0000000080022288] -> 0x006F
mem[X,0x000000008002228A] -> 0x0040
[4895] [M]: 0x0000000080022288 (0x0040006F) jal zero, 4
mem[X,0x000000008002228C] -> 0xB823
mem[X,0x000000008002228E] -> 0x1820
[4896] [M]: 0x000000008002228C (0x1820B823) sd sp, 400(ra)
mem[0x0000000080045B68] <- 0x0000000000000003
mem[X,0x0000000080022290] -> 0x0537
mem[X,0x0000000080022292] -> 0x0000
[4897] [M]: 0x0000000080022290 (0x00000537) lui a0, 0
x10 <- 0x0000000000000000
mem[X,0x0000000080022294] -> 0x0513
mem[X,0x0000000080022296] -> 0xFFF5
[4898] [M]: 0x0000000080022294 (0xFFF50513) addi a0, a0, 4095
x10 <- 0xFFFFFFFFFFFFFFFF
mem[X,0x0000000080022298] -> 0x1513
mem[X,0x000000008002229A] -> 0x00B5
[4899] [M]: 0x0000000080022298 (0x00B51513) slli a0, a0, 11
x10 <- 0xFFFFFFFFFFFFF800
clint::tick mtime <- 0x0000000000000031
 clint timer pending at mtime 0x0000000000000031
htif::tick 0x0000000000000000
mem[X,0x000000008002229C] -> 0x0513
mem[X,0x000000008002229E] -> 0x2575
[4900] [M]: 0x000000008002229C (0x25750513) addi a0, a0, 599
x10 <- 0xFFFFFFFFFFFFFA57
mem[X,0x00000000800222A0] -> 0x1513
mem[X,0x00000000800222A2] -> 0x00B5
[4901] [M]: 0x00000000800222A0 (0x00B51513) slli a0, a0, 11
x10 <- 0xFFFFFFFFFFD2B800
mem[X,0x00000000800222A4] -> 0x0513
mem[X,0x00000000800222A6] -> 0x6C35
[4902] [M]: 0x00000000800222A4 (0x6C350513) addi a0, a0, 1731
x10 <- 0xFFFFFFFFFFD2BEC3
mem[X,0x00000000800222A8] -> 0x1513
mem[X,0x00000000800222AA] -> 0x00A5
[4903] [M]: 0x00000000800222A8 (0x00A51513) slli a0, a0, 10
x10 <- 0xFFFFFFFF4AFB0C00
mem[X,0x00000000800222AC] -> 0x0513
mem[X,0x00000000800222AE] -> 0x0CD5
[4904] [M]: 0x00000000800222AC (0x0CD50513) addi a0, a0, 205
x10 <- 0xFFFFFFFF4AFB0CCD
mem[X,0x00000000800222B0] -> 0x65B7
mem[X,0x00000000800222B2] -> 0x6666
[4905] [M]: 0x00000000800222B0 (0x666665B7) lui a1, 419430
x11 <- 0x0000000066666000
mem[X,0x00000000800222B4] -> 0x8593
mem[X,0x00000000800222B6] -> 0x6665
[4906] [M]: 0x00000000800222B4 (0x66658593) addi a1, a1, 1638
x11 <- 0x0000000066666666
mem[X,0x00000000800222B8] -> 0x9593
mem[X,0x00000000800222BA] -> 0x00B5
[4907] [M]: 0x00000000800222B8 (0x00B59593) slli a1, a1, 11
x11 <- 0x0000033333333000
mem[X,0x00000000800222BC] -> 0x8593
mem[X,0x00000000800222BE] -> 0x3335
[4908] [M]: 0x00000000800222BC (0x33358593) addi a1, a1, 819
x11 <- 0x0000033333333333
mem[X,0x00000000800222C0] -> 0x9593
mem[X,0x00000000800222C2] -> 0x00B5
[4909] [M]: 0x00000000800222C0 (0x00B59593) slli a1, a1, 11
x11 <- 0x0019999999999800
mem[X,0x00000000800222C4] -> 0x8593
mem[X,0x00000000800222C6] -> 0x1995
[4910] [M]: 0x00000000800222C4 (0x19958593) addi a1, a1, 409
x11 <- 0x0019999999999999
mem[X,0x00000000800222C8] -> 0x9593
mem[X,0x00000000800222CA] -> 0x00A5
[4911] [M]: 0x00000000800222C8 (0x00A59593) slli a1, a1, 10
x11 <- 0x6666666666666400
mem[X,0x00000000800222CC] -> 0x8593
mem[X,0x00000000800222CE] -> 0x2665
[4912] [M]: 0x00000000800222CC (0x26658593) addi a1, a1, 614
x11 <- 0x6666666666666666
mem[X,0x00000000800222D0] -> 0x0113
mem[X,0x00000000800222D2] -> 0x0000
[4913] [M]: 0x00000000800222D0 (0x00000113) addi sp, zero, 0
x2 <- 0x0000000000000000
mem[X,0x00000000800222D4] -> 0x006F
mem[X,0x00000000800222D6] -> 0x00C0
[4914] [M]: 0x00000000800222D4 (0x00C0006F) jal zero, 12
mem[X,0x00000000800222E0] -> 0x1063
mem[X,0x00000000800222E2] -> 0x40B5
[4915] [M]: 0x00000000800222E0 (0x40B51063) bne a0, a1, 1024
mem[X,0x00000000800226E0] -> 0x0113
mem[X,0x00000000800226E2] -> 0x0031
[4916] [M]: 0x00000000800226E0 (0x00310113) addi sp, sp, 3
x2 <- 0x0000000000000003
mem[X,0x00000000800226E4] -> 0x006F
mem[X,0x00000000800226E6] -> 0x0040
[4917] [M]: 0x00000000800226E4 (0x0040006F) jal zero, 4
mem[X,0x00000000800226E8] -> 0xBC23
mem[X,0x00000000800226EA] -> 0x1820
[4918] [M]: 0x00000000800226E8 (0x1820BC23) sd sp, 408(ra)
mem[0x0000000080045B70] <- 0x0000000000000003
mem[X,0x00000000800226EC] -> 0x0537
mem[X,0x00000000800226EE] -> 0x0000
[4919] [M]: 0x00000000800226EC (0x00000537) lui a0, 0
x10 <- 0x0000000000000000
mem[X,0x00000000800226F0] -> 0x0513
mem[X,0x00000000800226F2] -> 0xFFF5
[4920] [M]: 0x00000000800226F0 (0xFFF50513) addi a0, a0, 4095
x10 <- 0xFFFFFFFFFFFFFFFF
mem[X,0x00000000800226F4] -> 0x1513
mem[X,0x00000000800226F6] -> 0x00B5
[4921] [M]: 0x00000000800226F4 (0x00B51513) slli a0, a0, 11
x10 <- 0xFFFFFFFFFFFFF800
mem[X,0x00000000800226F8] -> 0x0513
mem[X,0x00000000800226FA] -> 0x2575
[4922] [M]: 0x00000000800226F8 (0x25750513) addi a0, a0, 599
x10 <- 0xFFFFFFFFFFFFFA57
mem[X,0x00000000800226FC] -> 0x1513
mem[X,0x00000000800226FE] -> 0x00B5
[4923] [M]: 0x00000000800226FC (0x00B51513) slli a0, a0, 11
x10 <- 0xFFFFFFFFFFD2B800
mem[X,0x0000000080022700] -> 0x0513
mem[X,0x0000000080022702] -> 0x6C35
[4924] [M]: 0x0000000080022700 (0x6C350513) addi a0, a0, 1731
x10 <- 0xFFFFFFFFFFD2BEC3
mem[X,0x0000000080022704] -> 0x1513
mem[X,0x0000000080022706] -> 0x00A5
[4925] [M]: 0x0000000080022704 (0x00A51513) slli a0, a0, 10
x10 <- 0xFFFFFFFF4AFB0C00
mem[X,0x0000000080022708] -> 0x0513
mem[X,0x000000008002270A] -> 0x0CD5
[4926] [M]: 0x0000000080022708 (0x0CD50513) addi a0, a0, 205
x10 <- 0xFFFFFFFF4AFB0CCD
mem[X,0x000000008002270C] -> 0x05B7
mem[X,0x000000008002270E] -> 0x0000
[4927] [M]: 0x000000008002270C (0x000005B7) lui a1, 0
x11 <- 0x0000000000000000
mem[X,0x0000000080022710] -> 0x8593
mem[X,0x0000000080022712] -> 0xFFF5
[4928] [M]: 0x0000000080022710 (0xFFF58593) addi a1, a1, 4095
x11 <- 0xFFFFFFFFFFFFFFFF
mem[X,0x0000000080022714] -> 0x9593
mem[X,0x0000000080022716] -> 0x00B5
[4929] [M]: 0x0000000080022714 (0x00B59593) slli a1, a1, 11
x11 <- 0xFFFFFFFFFFFFF800
mem[X,0x0000000080022718] -> 0x8593
mem[X,0x000000008002271A] -> 0x2575
[4930] [M]: 0x0000000080022718 (0x25758593) addi a1, a1, 599
x11 <- 0xFFFFFFFFFFFFFA57
mem[X,0x000000008002271C] -> 0x9593
mem[X,0x000000008002271E] -> 0x00B5
[4931] [M]: 0x000000008002271C (0x00B59593) slli a1, a1, 11
x11 <- 0xFFFFFFFFFFD2B800
mem[X,0x0000000080022720] -> 0x8593
mem[X,0x0000000080022722] -> 0x6C35
[4932] [M]: 0x0000000080022720 (0x6C358593) addi a1, a1, 1731
x11 <- 0xFFFFFFFFFFD2BEC3
mem[X,0x0000000080022724] -> 0x9593
mem[X,0x0000000080022726] -> 0x00A5
[4933] [M]: 0x0000000080022724 (0x00A59593) slli a1, a1, 10
x11 <- 0xFFFFFFFF4AFB0C00
mem[X,0x0000000080022728] -> 0x8593
mem[X,0x000000008002272A] -> 0x0CD5
[4934] [M]: 0x0000000080022728 (0x0CD58593) addi a1, a1, 205
x11 <- 0xFFFFFFFF4AFB0CCD
mem[X,0x000000008002272C] -> 0x0113
mem[X,0x000000008002272E] -> 0x0000
[4935] [M]: 0x000000008002272C (0x00000113) addi sp, zero, 0
x2 <- 0x0000000000000000
mem[X,0x0000000080022730] -> 0x006F
mem[X,0x0000000080022732] -> 0x00C0
[4936] [M]: 0x0000000080022730 (0x00C0006F) jal zero, 12
mem[X,0x000000008002273C] -> 0x1663
mem[X,0x000000008002273E] -> 0x00B5
[4937] [M]: 0x000000008002273C (0x00B51663) bne a0, a1, 12
mem[X,0x0000000080022740] -> 0x0113
mem[X,0x0000000080022742] -> 0x0021
[4938] [M]: 0x0000000080022740 (0x00210113) addi sp, sp, 2
x2 <- 0x0000000000000002
mem[X,0x0000000080022744] -> 0x006F
mem[X,0x0000000080022746] -> 0x00C0
[4939] [M]: 0x0000000080022744 (0x00C0006F) jal zero, 12
mem[X,0x0000000080022750] -> 0xB023
mem[X,0x0000000080022752] -> 0x1A20
[4940] [M]: 0x0000000080022750 (0x1A20B023) sd sp, 416(ra)
mem[0x0000000080045B78] <- 0x0000000000000002
mem[X,0x0000000080022754] -> 0x0537
mem[X,0x0000000080022756] -> 0x0000
[4941] [M]: 0x0000000080022754 (0x00000537) lui a0, 0
x10 <- 0x0000000000000000
mem[X,0x0000000080022758] -> 0x0513
mem[X,0x000000008002275A] -> 0xFFF5
[4942] [M]: 0x0000000080022758 (0xFFF50513) addi a0, a0, 4095
x10 <- 0xFFFFFFFFFFFFFFFF
mem[X,0x000000008002275C] -> 0x1513
mem[X,0x000000008002275E] -> 0x00B5
[4943] [M]: 0x000000008002275C (0x00B51513) slli a0, a0, 11
x10 <- 0xFFFFFFFFFFFFF800
mem[X,0x0000000080022760] -> 0x0513
mem[X,0x0000000080022762] -> 0x2575
[4944] [M]: 0x0000000080022760 (0x25750513) addi a0, a0, 599
x10 <- 0xFFFFFFFFFFFFFA57
mem[X,0x0000000080022764] -> 0x1513
mem[X,0x0000000080022766] -> 0x00B5
[4945] [M]: 0x0000000080022764 (0x00B51513) slli a0, a0, 11
x10 <- 0xFFFFFFFFFFD2B800
mem[X,0x0000000080022768] -> 0x0513
mem[X,0x000000008002276A] -> 0x6C35
[4946] [M]: 0x0000000080022768 (0x6C350513) addi a0, a0, 1731
x10 <- 0xFFFFFFFFFFD2BEC3
mem[X,0x000000008002276C] -> 0x1513
mem[X,0x000000008002276E] -> 0x00A5
[4947] [M]: 0x000000008002276C (0x00A51513) slli a0, a0, 10
x10 <- 0xFFFFFFFF4AFB0C00
mem[X,0x0000000080022770] -> 0x0513
mem[X,0x0000000080022772] -> 0x0CD5
[4948] [M]: 0x0000000080022770 (0x0CD50513) addi a0, a0, 205
x10 <- 0xFFFFFFFF4AFB0CCD
mem[X,0x0000000080022774] -> 0x05B7
mem[X,0x0000000080022776] -> 0x0000
[4949] [M]: 0x0000000080022774 (0x000005B7) lui a1, 0
x11 <- 0x0000000000000000
mem[X,0x0000000080022778] -> 0x8593
mem[X,0x000000008002277A] -> 0x0005
[4950] [M]: 0x0000000080022778 (0x00058593) addi a1, a1, 0
x11 <- 0x0000000000000000
mem[X,0x000000008002277C] -> 0x9593
mem[X,0x000000008002277E] -> 0x00B5
[4951] [M]: 0x000000008002277C (0x00B59593) slli a1, a1, 11
x11 <- 0x0000000000000000
mem[X,0x0000000080022780] -> 0x8593
mem[X,0x0000000080022782] -> 0x5A85
[4952] [M]: 0x0000000080022780 (0x5A858593) addi a1, a1, 1448
x11 <- 0x00000000000005A8
mem[X,0x0000000080022784] -> 0x9593
mem[X,0x0000000080022786] -> 0x00B5
[4953] [M]: 0x0000000080022784 (0x00B59593) slli a1, a1, 11
x11 <- 0x00000000002D4000
mem[X,0x0000000080022788] -> 0x8593
mem[X,0x000000008002278A] -> 0x13C5
[4954] [M]: 0x0000000080022788 (0x13C58593) addi a1, a1, 316
x11 <- 0x00000000002D413C
mem[X,0x000000008002278C] -> 0x9593
mem[X,0x000000008002278E] -> 0x00A5
[4955] [M]: 0x000000008002278C (0x00A59593) slli a1, a1, 10
x11 <- 0x00000000B504F000
mem[X,0x0000000080022790] -> 0x8593
mem[X,0x0000000080022792] -> 0x3335
[4956] [M]: 0x0000000080022790 (0x33358593) addi a1, a1, 819
x11 <- 0x00000000B504F333
mem[X,0x0000000080022794] -> 0x0113
mem[X,0x0000000080022796] -> 0x0000
[4957] [M]: 0x0000000080022794 (0x00000113) addi sp, zero, 0
x2 <- 0x0000000000000000
mem[X,0x0000000080022798] -> 0x006F
mem[X,0x000000008002279A] -> 0x00C0
[4958] [M]: 0x0000000080022798 (0x00C0006F) jal zero, 12
mem[X,0x00000000800227A4] -> 0x1063
mem[X,0x00000000800227A6] -> 0x08B5
[4959] [M]: 0x00000000800227A4 (0x08B51063) bne a0, a1, 128
mem[X,0x0000000080022824] -> 0x0113
mem[X,0x0000000080022826] -> 0x0031
[4960] [M]: 0x0000000080022824 (0x00310113) addi sp, sp, 3
x2 <- 0x0000000000000003
mem[X,0x0000000080022828] -> 0x006F
mem[X,0x000000008002282A] -> 0x0040
[4961] [M]: 0x0000000080022828 (0x0040006F) jal zero, 4
mem[X,0x000000008002282C] -> 0xB423
mem[X,0x000000008002282E] -> 0x1A20
[4962] [M]: 0x000000008002282C (0x1A20B423) sd sp, 424(ra)
mem[0x0000000080045B80] <- 0x0000000000000003
mem[X,0x0000000080022830] -> 0x0537
mem[X,0x0000000080022832] -> 0x0000
[4963] [M]: 0x0000000080022830 (0x00000537) lui a0, 0
x10 <- 0x0000000000000000
mem[X,0x0000000080022834] -> 0x0513
mem[X,0x0000000080022836] -> 0xFFF5
[4964] [M]: 0x0000000080022834 (0xFFF50513) addi a0, a0, 4095
x10 <- 0xFFFFFFFFFFFFFFFF
mem[X,0x0000000080022838] -> 0x1513
mem[X,0x000000008002283A] -> 0x00B5
[4965] [M]: 0x0000000080022838 (0x00B51513) slli a0, a0, 11
x10 <- 0xFFFFFFFFFFFFF800
mem[X,0x000000008002283C] -> 0x0513
mem[X,0x000000008002283E] -> 0x2575
[4966] [M]: 0x000000008002283C (0x25750513) addi a0, a0, 599
x10 <- 0xFFFFFFFFFFFFFA57
mem[X,0x0000000080022840] -> 0x1513
mem[X,0x0000000080022842] -> 0x00B5
[4967] [M]: 0x0000000080022840 (0x00B51513) slli a0, a0, 11
x10 <- 0xFFFFFFFFFFD2B800
mem[X,0x0000000080022844] -> 0x0513
mem[X,0x0000000080022846] -> 0x6C35
[4968] [M]: 0x0000000080022844 (0x6C350513) addi a0, a0, 1731
x10 <- 0xFFFFFFFFFFD2BEC3
mem[X,0x0000000080022848] -> 0x1513
mem[X,0x000000008002284A] -> 0x00A5
[4969] [M]: 0x0000000080022848 (0x00A51513) slli a0, a0, 10
x10 <- 0xFFFFFFFF4AFB0C00
mem[X,0x000000008002284C] -> 0x0513
mem[X,0x000000008002284E] -> 0x0CD5
[4970] [M]: 0x000000008002284C (0x0CD50513) addi a0, a0, 205
x10 <- 0xFFFFFFFF4AFB0CCD
mem[X,0x0000000080022850] -> 0x0593
mem[X,0x0000000080022852] -> 0x0020
[4971] [M]: 0x0000000080022850 (0x00200593) addi a1, zero, 2
x11 <- 0x0000000000000002
mem[X,0x0000000080022854] -> 0x0113
mem[X,0x0000000080022856] -> 0x0000
[4972] [M]: 0x0000000080022854 (0x00000113) addi sp, zero, 0
x2 <- 0x0000000000000000
mem[X,0x0000000080022858] -> 0x006F
mem[X,0x000000008002285A] -> 0x00C0
[4973] [M]: 0x0000000080022858 (0x00C0006F) jal zero, 12
mem[X,0x0000000080022864] -> 0x1663
mem[X,0x0000000080022866] -> 0x00B5
[4974] [M]: 0x0000000080022864 (0x00B51663) bne a0, a1, 12
mem[X,0x0000000080022870] -> 0x0113
mem[X,0x0000000080022872] -> 0x0031
[4975] [M]: 0x0000000080022870 (0x00310113) addi sp, sp, 3
x2 <- 0x0000000000000003
mem[X,0x0000000080022874] -> 0x006F
mem[X,0x0000000080022876] -> 0x0040
[4976] [M]: 0x0000000080022874 (0x0040006F) jal zero, 4
mem[X,0x0000000080022878] -> 0xB823
mem[X,0x000000008002287A] -> 0x1A20
[4977] [M]: 0x0000000080022878 (0x1A20B823) sd sp, 432(ra)
mem[0x0000000080045B88] <- 0x0000000000000003
mem[X,0x000000008002287C] -> 0x0537
mem[X,0x000000008002287E] -> 0x0000
[4978] [M]: 0x000000008002287C (0x00000537) lui a0, 0
x10 <- 0x0000000000000000
mem[X,0x0000000080022880] -> 0x0513
mem[X,0x0000000080022882] -> 0xFFF5
[4979] [M]: 0x0000000080022880 (0xFFF50513) addi a0, a0, 4095
x10 <- 0xFFFFFFFFFFFFFFFF
mem[X,0x0000000080022884] -> 0x1513
mem[X,0x0000000080022886] -> 0x00B5
[4980] [M]: 0x0000000080022884 (0x00B51513) slli a0, a0, 11
x10 <- 0xFFFFFFFFFFFFF800
mem[X,0x0000000080022888] -> 0x0513
mem[X,0x000000008002288A] -> 0x2575
[4981] [M]: 0x0000000080022888 (0x25750513) addi a0, a0, 599
x10 <- 0xFFFFFFFFFFFFFA57
mem[X,0x000000008002288C] -> 0x1513
mem[X,0x000000008002288E] -> 0x00B5
[4982] [M]: 0x000000008002288C (0x00B51513) slli a0, a0, 11
x10 <- 0xFFFFFFFFFFD2B800
mem[X,0x0000000080022890] -> 0x0513
mem[X,0x0000000080022892] -> 0x6C35
[4983] [M]: 0x0000000080022890 (0x6C350513) addi a0, a0, 1731
x10 <- 0xFFFFFFFFFFD2BEC3
mem[X,0x0000000080022894] -> 0x1513
mem[X,0x0000000080022896] -> 0x00A5
[4984] [M]: 0x0000000080022894 (0x00A51513) slli a0, a0, 10
x10 <- 0xFFFFFFFF4AFB0C00
mem[X,0x0000000080022898] -> 0x0513
mem[X,0x000000008002289A] -> 0x0CD5
[4985] [M]: 0x0000000080022898 (0x0CD50513) addi a0, a0, 205
x10 <- 0xFFFFFFFF4AFB0CCD
mem[X,0x000000008002289C] -> 0x55B7
mem[X,0x000000008002289E] -> 0x5555
[4986] [M]: 0x000000008002289C (0x555555B7) lui a1, 349525
x11 <- 0x0000000055555000
mem[X,0x00000000800228A0] -> 0x8593
mem[X,0x00000000800228A2] -> 0x5555
[4987] [M]: 0x00000000800228A0 (0x55558593) addi a1, a1, 1365
x11 <- 0x0000000055555555
mem[X,0x00000000800228A4] -> 0x9593
mem[X,0x00000000800228A6] -> 0x00B5
[4988] [M]: 0x00000000800228A4 (0x00B59593) slli a1, a1, 11
x11 <- 0x000002AAAAAAA800
mem[X,0x00000000800228A8] -> 0x8593
mem[X,0x00000000800228AA] -> 0x2AA5
[4989] [M]: 0x00000000800228A8 (0x2AA58593) addi a1, a1, 682
x11 <- 0x000002AAAAAAAAAA
mem[X,0x00000000800228AC] -> 0x9593
mem[X,0x00000000800228AE] -> 0x00B5
[4990] [M]: 0x00000000800228AC (0x00B59593) slli a1, a1, 11
x11 <- 0x0015555555555000
mem[X,0x00000000800228B0] -> 0x8593
mem[X,0x00000000800228B2] -> 0x5555
[4991] [M]: 0x00000000800228B0 (0x55558593) addi a1, a1, 1365
x11 <- 0x0015555555555555
mem[X,0x00000000800228B4] -> 0x9593
mem[X,0x00000000800228B6] -> 0x00A5
[4992] [M]: 0x00000000800228B4 (0x00A59593) slli a1, a1, 10
x11 <- 0x5555555555555400
mem[X,0x00000000800228B8] -> 0x8593
mem[X,0x00000000800228BA] -> 0x1545
[4993] [M]: 0x00000000800228B8 (0x15458593) addi a1, a1, 340
x11 <- 0x5555555555555554
mem[X,0x00000000800228BC] -> 0x0113
mem[X,0x00000000800228BE] -> 0x0000
[4994] [M]: 0x00000000800228BC (0x00000113) addi sp, zero, 0
x2 <- 0x0000000000000000
mem[X,0x00000000800228C0] -> 0x006F
mem[X,0x00000000800228C2] -> 0x00C0
[4995] [M]: 0x00000000800228C0 (0x00C0006F) jal zero, 12
mem[X,0x00000000800228CC] -> 0x1663
mem[X,0x00000000800228CE] -> 0x00B5
[4996] [M]: 0x00000000800228CC (0x00B51663) bne a0, a1, 12
mem[X,0x00000000800228D8] -> 0x0113
mem[X,0x00000000800228DA] -> 0x0031
[4997] [M]: 0x00000000800228D8 (0x00310113) addi sp, sp, 3
x2 <- 0x0000000000000003
mem[X,0x00000000800228DC] -> 0x006F
mem[X,0x00000000800228DE] -> 0x0040
[4998] [M]: 0x00000000800228DC (0x0040006F) jal zero, 4
mem[X,0x00000000800228E0] -> 0xBC23
mem[X,0x00000000800228E2] -> 0x1A20
[4999] [M]: 0x00000000800228E0 (0x1A20BC23) sd sp, 440(ra)
mem[0x0000000080045B90] <- 0x0000000000000003
clint::tick mtime <- 0x0000000000000032
 clint timer pending at mtime 0x0000000000000032
htif::tick 0x0000000000000000
mem[X,0x00000000800228E4] -> 0x0537
mem[X,0x00000000800228E6] -> 0x0000
[5000] [M]: 0x00000000800228E4 (0x00000537) lui a0, 0
x10 <- 0x0000000000000000
mem[X,0x00000000800228E8] -> 0x0513
mem[X,0x00000000800228EA] -> 0xFFF5
[5001] [M]: 0x00000000800228E8 (0xFFF50513) addi a0, a0, 4095
x10 <- 0xFFFFFFFFFFFFFFFF
mem[X,0x00000000800228EC] -> 0x1513
mem[X,0x00000000800228EE] -> 0x00B5
[5002] [M]: 0x00000000800228EC (0x00B51513) slli a0, a0, 11
x10 <- 0xFFFFFFFFFFFFF800
mem[X,0x00000000800228F0] -> 0x0513
mem[X,0x00000000800228F2] -> 0x2575
[5003] [M]: 0x00000000800228F0 (0x25750513) addi a0, a0, 599
x10 <- 0xFFFFFFFFFFFFFA57
mem[X,0x00000000800228F4] -> 0x1513
mem[X,0x00000000800228F6] -> 0x00B5
[5004] [M]: 0x00000000800228F4 (0x00B51513) slli a0, a0, 11
x10 <- 0xFFFFFFFFFFD2B800
mem[X,0x00000000800228F8] -> 0x0513
mem[X,0x00000000800228FA] -> 0x6C35
[5005] [M]: 0x00000000800228F8 (0x6C350513) addi a0, a0, 1731
x10 <- 0xFFFFFFFFFFD2BEC3
mem[X,0x00000000800228FC] -> 0x1513
mem[X,0x00000000800228FE] -> 0x00A5
[5006] [M]: 0x00000000800228FC (0x00A51513) slli a0, a0, 10
x10 <- 0xFFFFFFFF4AFB0C00
mem[X,0x0000000080022900] -> 0x0513
mem[X,0x0000000080022902] -> 0x0CD5
[5007] [M]: 0x0000000080022900 (0x0CD50513) addi a0, a0, 205
x10 <- 0xFFFFFFFF4AFB0CCD
mem[X,0x0000000080022904] -> 0x0593
mem[X,0x0000000080022906] -> 0x0000
[5008] [M]: 0x0000000080022904 (0x00000593) addi a1, zero, 0
x11 <- 0x0000000000000000
mem[X,0x0000000080022908] -> 0x0113
mem[X,0x000000008002290A] -> 0x0000
[5009] [M]: 0x0000000080022908 (0x00000113) addi sp, zero, 0
x2 <- 0x0000000000000000
mem[X,0x000000008002290C] -> 0x006F
mem[X,0x000000008002290E] -> 0x0050
[5010] [M]: 0x000000008002290C (0x0050006F) jal zero, 2052
mem[X,0x0000000080023110] -> 0x10E3
mem[X,0x0000000080023112] -> 0x80B5
[5011] [M]: 0x0000000080023110 (0x80B510E3) bne a0, a1, 6144
mem[X,0x0000000080022910] -> 0x0113
mem[X,0x0000000080022912] -> 0x0011
[5012] [M]: 0x0000000080022910 (0x00110113) addi sp, sp, 1
x2 <- 0x0000000000000001
mem[X,0x0000000080022914] -> 0x006F
mem[X,0x0000000080022916] -> 0x0110
[5013] [M]: 0x0000000080022914 (0x0110006F) jal zero, 2064
mem[X,0x0000000080023124] -> 0xB023
mem[X,0x0000000080023126] -> 0x1C20
[5014] [M]: 0x0000000080023124 (0x1C20B023) sd sp, 448(ra)
mem[0x0000000080045B98] <- 0x0000000000000001
mem[X,0x0000000080023128] -> 0x0537
mem[X,0x000000008002312A] -> 0x0000
[5015] [M]: 0x0000000080023128 (0x00000537) lui a0, 0
x10 <- 0x0000000000000000
mem[X,0x000000008002312C] -> 0x0513
mem[X,0x000000008002312E] -> 0xFFF5
[5016] [M]: 0x000000008002312C (0xFFF50513) addi a0, a0, 4095
x10 <- 0xFFFFFFFFFFFFFFFF
mem[X,0x0000000080023130] -> 0x1513
mem[X,0x0000000080023132] -> 0x00B5
[5017] [M]: 0x0000000080023130 (0x00B51513) slli a0, a0, 11
x10 <- 0xFFFFFFFFFFFFF800
mem[X,0x0000000080023134] -> 0x0513
mem[X,0x0000000080023136] -> 0x2575
[5018] [M]: 0x0000000080023134 (0x25750513) addi a0, a0, 599
x10 <- 0xFFFFFFFFFFFFFA57
mem[X,0x0000000080023138] -> 0x1513
mem[X,0x000000008002313A] -> 0x00B5
[5019] [M]: 0x0000000080023138 (0x00B51513) slli a0, a0, 11
x10 <- 0xFFFFFFFFFFD2B800
mem[X,0x000000008002313C] -> 0x0513
mem[X,0x000000008002313E] -> 0x6C35
[5020] [M]: 0x000000008002313C (0x6C350513) addi a0, a0, 1731
x10 <- 0xFFFFFFFFFFD2BEC3
mem[X,0x0000000080023140] -> 0x1513
mem[X,0x0000000080023142] -> 0x00A5
[5021] [M]: 0x0000000080023140 (0x00A51513) slli a0, a0, 10
x10 <- 0xFFFFFFFF4AFB0C00
mem[X,0x0000000080023144] -> 0x0513
mem[X,0x0000000080023146] -> 0x0CD5
[5022] [M]: 0x0000000080023144 (0x0CD50513) addi a0, a0, 205
x10 <- 0xFFFFFFFF4AFB0CCD
mem[X,0x0000000080023148] -> 0x0593
mem[X,0x000000008002314A] -> 0x0040
[5023] [M]: 0x0000000080023148 (0x00400593) addi a1, zero, 4
x11 <- 0x0000000000000004
mem[X,0x000000008002314C] -> 0x0113
mem[X,0x000000008002314E] -> 0x0000
[5024] [M]: 0x000000008002314C (0x00000113) addi sp, zero, 0
x2 <- 0x0000000000000000
mem[X,0x0000000080023150] -> 0x006F
mem[X,0x0000000080023152] -> 0x2B10
[5025] [M]: 0x0000000080023150 (0x2B10006F) jal zero, 2736
mem[X,0x0000000080023C00] -> 0x1A63
mem[X,0x0000000080023C02] -> 0xD4B5
[5026] [M]: 0x0000000080023C00 (0xD4B51A63) bne a0, a1, 5460
mem[X,0x0000000080023154] -> 0x0113
mem[X,0x0000000080023156] -> 0x0011
[5027] [M]: 0x0000000080023154 (0x00110113) addi sp, sp, 1
x2 <- 0x0000000000000001
mem[X,0x0000000080023158] -> 0x006F
mem[X,0x000000008002315A] -> 0x2BD0
[5028] [M]: 0x0000000080023158 (0x2BD0006F) jal zero, 2748
mem[X,0x0000000080023C14] -> 0xB423
mem[X,0x0000000080023C16] -> 0x1C20
[5029] [M]: 0x0000000080023C14 (0x1C20B423) sd sp, 456(ra)
mem[0x0000000080045BA0] <- 0x0000000000000001
mem[X,0x0000000080023C18] -> 0x0537
mem[X,0x0000000080023C1A] -> 0x0000
[5030] [M]: 0x0000000080023C18 (0x00000537) lui a0, 0
x10 <- 0x0000000000000000
mem[X,0x0000000080023C1C] -> 0x0513
mem[X,0x0000000080023C1E] -> 0xFFF5
[5031] [M]: 0x0000000080023C1C (0xFFF50513) addi a0, a0, 4095
x10 <- 0xFFFFFFFFFFFFFFFF
mem[X,0x0000000080023C20] -> 0x1513
mem[X,0x0000000080023C22] -> 0x00B5
[5032] [M]: 0x0000000080023C20 (0x00B51513) slli a0, a0, 11
x10 <- 0xFFFFFFFFFFFFF800
mem[X,0x0000000080023C24] -> 0x0513
mem[X,0x0000000080023C26] -> 0x2575
[5033] [M]: 0x0000000080023C24 (0x25750513) addi a0, a0, 599
x10 <- 0xFFFFFFFFFFFFFA57
mem[X,0x0000000080023C28] -> 0x1513
mem[X,0x0000000080023C2A] -> 0x00B5
[5034] [M]: 0x0000000080023C28 (0x00B51513) slli a0, a0, 11
x10 <- 0xFFFFFFFFFFD2B800
mem[X,0x0000000080023C2C] -> 0x0513
mem[X,0x0000000080023C2E] -> 0x6C35
[5035] [M]: 0x0000000080023C2C (0x6C350513) addi a0, a0, 1731
x10 <- 0xFFFFFFFFFFD2BEC3
mem[X,0x0000000080023C30] -> 0x1513
mem[X,0x0000000080023C32] -> 0x00A5
[5036] [M]: 0x0000000080023C30 (0x00A51513) slli a0, a0, 10
x10 <- 0xFFFFFFFF4AFB0C00
mem[X,0x0000000080023C34] -> 0x0513
mem[X,0x0000000080023C36] -> 0x0CD5
[5037] [M]: 0x0000000080023C34 (0x0CD50513) addi a0, a0, 205
x10 <- 0xFFFFFFFF4AFB0CCD
mem[X,0x0000000080023C38] -> 0x35B7
mem[X,0x0000000080023C3A] -> 0x3333
[5038] [M]: 0x0000000080023C38 (0x333335B7) lui a1, 209715
x11 <- 0x0000000033333000
mem[X,0x0000000080023C3C] -> 0x8593
mem[X,0x0000000080023C3E] -> 0x3335
[5039] [M]: 0x0000000080023C3C (0x33358593) addi a1, a1, 819
x11 <- 0x0000000033333333
mem[X,0x0000000080023C40] -> 0x9593
mem[X,0x0000000080023C42] -> 0x00B5
[5040] [M]: 0x0000000080023C40 (0x00B59593) slli a1, a1, 11
x11 <- 0x0000019999999800
mem[X,0x0000000080023C44] -> 0x8593
mem[X,0x0000000080023C46] -> 0x1995
[5041] [M]: 0x0000000080023C44 (0x19958593) addi a1, a1, 409
x11 <- 0x0000019999999999
mem[X,0x0000000080023C48] -> 0x9593
mem[X,0x0000000080023C4A] -> 0x00B5
[5042] [M]: 0x0000000080023C48 (0x00B59593) slli a1, a1, 11
x11 <- 0x000CCCCCCCCCC800
mem[X,0x0000000080023C4C] -> 0x8593
mem[X,0x0000000080023C4E] -> 0x4CC5
[5043] [M]: 0x0000000080023C4C (0x4CC58593) addi a1, a1, 1228
x11 <- 0x000CCCCCCCCCCCCC
mem[X,0x0000000080023C50] -> 0x9593
mem[X,0x0000000080023C52] -> 0x00A5
[5044] [M]: 0x0000000080023C50 (0x00A59593) slli a1, a1, 10
x11 <- 0x3333333333333000
mem[X,0x0000000080023C54] -> 0x8593
mem[X,0x0000000080023C56] -> 0x3325
[5045] [M]: 0x0000000080023C54 (0x33258593) addi a1, a1, 818
x11 <- 0x3333333333333332
mem[X,0x0000000080023C58] -> 0x0113
mem[X,0x0000000080023C5A] -> 0x0000
[5046] [M]: 0x0000000080023C58 (0x00000113) addi sp, zero, 0
x2 <- 0x0000000000000000
mem[X,0x0000000080023C5C] -> 0x006F
mem[X,0x0000000080023C5E] -> 0x00C0
[5047] [M]: 0x0000000080023C5C (0x00C0006F) jal zero, 12
mem[X,0x0000000080023C68] -> 0x1663
mem[X,0x0000000080023C6A] -> 0x00B5
[5048] [M]: 0x0000000080023C68 (0x00B51663) bne a0, a1, 12
mem[X,0x0000000080023C74] -> 0x0113
mem[X,0x0000000080023C76] -> 0x0031
[5049] [M]: 0x0000000080023C74 (0x00310113) addi sp, sp, 3
x2 <- 0x0000000000000003
mem[X,0x0000000080023C78] -> 0x006F
mem[X,0x0000000080023C7A] -> 0x0040
[5050] [M]: 0x0000000080023C78 (0x0040006F) jal zero, 4
mem[X,0x0000000080023C7C] -> 0xB823
mem[X,0x0000000080023C7E] -> 0x1C20
[5051] [M]: 0x0000000080023C7C (0x1C20B823) sd sp, 464(ra)
mem[0x0000000080045BA8] <- 0x0000000000000003
mem[X,0x0000000080023C80] -> 0x0537
mem[X,0x0000000080023C82] -> 0x0000
[5052] [M]: 0x0000000080023C80 (0x00000537) lui a0, 0
x10 <- 0x0000000000000000
mem[X,0x0000000080023C84] -> 0x0513
mem[X,0x0000000080023C86] -> 0xFFF5
[5053] [M]: 0x0000000080023C84 (0xFFF50513) addi a0, a0, 4095
x10 <- 0xFFFFFFFFFFFFFFFF
mem[X,0x0000000080023C88] -> 0x1513
mem[X,0x0000000080023C8A] -> 0x00B5
[5054] [M]: 0x0000000080023C88 (0x00B51513) slli a0, a0, 11
x10 <- 0xFFFFFFFFFFFFF800
mem[X,0x0000000080023C8C] -> 0x0513
mem[X,0x0000000080023C8E] -> 0x2575
[5055] [M]: 0x0000000080023C8C (0x25750513) addi a0, a0, 599
x10 <- 0xFFFFFFFFFFFFFA57
mem[X,0x0000000080023C90] -> 0x1513
mem[X,0x0000000080023C92] -> 0x00B5
[5056] [M]: 0x0000000080023C90 (0x00B51513) slli a0, a0, 11
x10 <- 0xFFFFFFFFFFD2B800
mem[X,0x0000000080023C94] -> 0x0513
mem[X,0x0000000080023C96] -> 0x6C35
[5057] [M]: 0x0000000080023C94 (0x6C350513) addi a0, a0, 1731
x10 <- 0xFFFFFFFFFFD2BEC3
mem[X,0x0000000080023C98] -> 0x1513
mem[X,0x0000000080023C9A] -> 0x00A5
[5058] [M]: 0x0000000080023C98 (0x00A51513) slli a0, a0, 10
x10 <- 0xFFFFFFFF4AFB0C00
mem[X,0x0000000080023C9C] -> 0x0513
mem[X,0x0000000080023C9E] -> 0x0CD5
[5059] [M]: 0x0000000080023C9C (0x0CD50513) addi a0, a0, 205
x10 <- 0xFFFFFFFF4AFB0CCD
mem[X,0x0000000080023CA0] -> 0x65B7
mem[X,0x0000000080023CA2] -> 0x6666
[5060] [M]: 0x0000000080023CA0 (0x666665B7) lui a1, 419430
x11 <- 0x0000000066666000
mem[X,0x0000000080023CA4] -> 0x8593
mem[X,0x0000000080023CA6] -> 0x6665
[5061] [M]: 0x0000000080023CA4 (0x66658593) addi a1, a1, 1638
x11 <- 0x0000000066666666
mem[X,0x0000000080023CA8] -> 0x9593
mem[X,0x0000000080023CAA] -> 0x00B5
[5062] [M]: 0x0000000080023CA8 (0x00B59593) slli a1, a1, 11
x11 <- 0x0000033333333000
mem[X,0x0000000080023CAC] -> 0x8593
mem[X,0x0000000080023CAE] -> 0x3335
[5063] [M]: 0x0000000080023CAC (0x33358593) addi a1, a1, 819
x11 <- 0x0000033333333333
mem[X,0x0000000080023CB0] -> 0x9593
mem[X,0x0000000080023CB2] -> 0x00B5
[5064] [M]: 0x0000000080023CB0 (0x00B59593) slli a1, a1, 11
x11 <- 0x0019999999999800
mem[X,0x0000000080023CB4] -> 0x8593
mem[X,0x0000000080023CB6] -> 0x1995
[5065] [M]: 0x0000000080023CB4 (0x19958593) addi a1, a1, 409
x11 <- 0x0019999999999999
mem[X,0x0000000080023CB8] -> 0x9593
mem[X,0x0000000080023CBA] -> 0x00A5
[5066] [M]: 0x0000000080023CB8 (0x00A59593) slli a1, a1, 10
x11 <- 0x6666666666666400
mem[X,0x0000000080023CBC] -> 0x8593
mem[X,0x0000000080023CBE] -> 0x2655
[5067] [M]: 0x0000000080023CBC (0x26558593) addi a1, a1, 613
x11 <- 0x6666666666666665
mem[X,0x0000000080023CC0] -> 0x0113
mem[X,0x0000000080023CC2] -> 0x0000
[5068] [M]: 0x0000000080023CC0 (0x00000113) addi sp, zero, 0
x2 <- 0x0000000000000000
mem[X,0x0000000080023CC4] -> 0x006F
mem[X,0x0000000080023CC6] -> 0x0100
[5069] [M]: 0x0000000080023CC4 (0x0100006F) jal zero, 16
mem[X,0x0000000080023CD4] -> 0x1AE3
mem[X,0x0000000080023CD6] -> 0xFEB5
[5070] [M]: 0x0000000080023CD4 (0xFEB51AE3) bne a0, a1, 8180
mem[X,0x0000000080023CC8] -> 0x0113
mem[X,0x0000000080023CCA] -> 0x0011
[5071] [M]: 0x0000000080023CC8 (0x00110113) addi sp, sp, 1
x2 <- 0x0000000000000001
mem[X,0x0000000080023CCC] -> 0x006F
mem[X,0x0000000080023CCE] -> 0x01C0
[5072] [M]: 0x0000000080023CCC (0x01C0006F) jal zero, 28
mem[X,0x0000000080023CE8] -> 0xBC23
mem[X,0x0000000080023CEA] -> 0x1C20
[5073] [M]: 0x0000000080023CE8 (0x1C20BC23) sd sp, 472(ra)
mem[0x0000000080045BB0] <- 0x0000000000000001
mem[X,0x0000000080023CEC] -> 0x0537
mem[X,0x0000000080023CEE] -> 0x0000
[5074] [M]: 0x0000000080023CEC (0x00000537) lui a0, 0
x10 <- 0x0000000000000000
mem[X,0x0000000080023CF0] -> 0x0513
mem[X,0x0000000080023CF2] -> 0xFFF5
[5075] [M]: 0x0000000080023CF0 (0xFFF50513) addi a0, a0, 4095
x10 <- 0xFFFFFFFFFFFFFFFF
mem[X,0x0000000080023CF4] -> 0x1513
mem[X,0x0000000080023CF6] -> 0x00B5
[5076] [M]: 0x0000000080023CF4 (0x00B51513) slli a0, a0, 11
x10 <- 0xFFFFFFFFFFFFF800
mem[X,0x0000000080023CF8] -> 0x0513
mem[X,0x0000000080023CFA] -> 0x2575
[5077] [M]: 0x0000000080023CF8 (0x25750513) addi a0, a0, 599
x10 <- 0xFFFFFFFFFFFFFA57
mem[X,0x0000000080023CFC] -> 0x1513
mem[X,0x0000000080023CFE] -> 0x00B5
[5078] [M]: 0x0000000080023CFC (0x00B51513) slli a0, a0, 11
x10 <- 0xFFFFFFFFFFD2B800
mem[X,0x0000000080023D00] -> 0x0513
mem[X,0x0000000080023D02] -> 0x6C35
[5079] [M]: 0x0000000080023D00 (0x6C350513) addi a0, a0, 1731
x10 <- 0xFFFFFFFFFFD2BEC3
mem[X,0x0000000080023D04] -> 0x1513
mem[X,0x0000000080023D06] -> 0x00A5
[5080] [M]: 0x0000000080023D04 (0x00A51513) slli a0, a0, 10
x10 <- 0xFFFFFFFF4AFB0C00
mem[X,0x0000000080023D08] -> 0x0513
mem[X,0x0000000080023D0A] -> 0x0CD5
[5081] [M]: 0x0000000080023D08 (0x0CD50513) addi a0, a0, 205
x10 <- 0xFFFFFFFF4AFB0CCD
mem[X,0x0000000080023D0C] -> 0x05B7
mem[X,0x0000000080023D0E] -> 0x0000
[5082] [M]: 0x0000000080023D0C (0x000005B7) lui a1, 0
x11 <- 0x0000000000000000
mem[X,0x0000000080023D10] -> 0x8593
mem[X,0x0000000080023D12] -> 0x0005
[5083] [M]: 0x0000000080023D10 (0x00058593) addi a1, a1, 0
x11 <- 0x0000000000000000
mem[X,0x0000000080023D14] -> 0x9593
mem[X,0x0000000080023D16] -> 0x00B5
[5084] [M]: 0x0000000080023D14 (0x00B59593) slli a1, a1, 11
x11 <- 0x0000000000000000
mem[X,0x0000000080023D18] -> 0x8593
mem[X,0x0000000080023D1A] -> 0x5A85
[5085] [M]: 0x0000000080023D18 (0x5A858593) addi a1, a1, 1448
x11 <- 0x00000000000005A8
mem[X,0x0000000080023D1C] -> 0x9593
mem[X,0x0000000080023D1E] -> 0x00B5
[5086] [M]: 0x0000000080023D1C (0x00B59593) slli a1, a1, 11
x11 <- 0x00000000002D4000
mem[X,0x0000000080023D20] -> 0x8593
mem[X,0x0000000080023D22] -> 0x13C5
[5087] [M]: 0x0000000080023D20 (0x13C58593) addi a1, a1, 316
x11 <- 0x00000000002D413C
mem[X,0x0000000080023D24] -> 0x9593
mem[X,0x0000000080023D26] -> 0x00A5
[5088] [M]: 0x0000000080023D24 (0x00A59593) slli a1, a1, 10
x11 <- 0x00000000B504F000
mem[X,0x0000000080023D28] -> 0x8593
mem[X,0x0000000080023D2A] -> 0x3325
[5089] [M]: 0x0000000080023D28 (0x33258593) addi a1, a1, 818
x11 <- 0x00000000B504F332
mem[X,0x0000000080023D2C] -> 0x0113
mem[X,0x0000000080023D2E] -> 0x0000
[5090] [M]: 0x0000000080023D2C (0x00000113) addi sp, zero, 0
x2 <- 0x0000000000000000
mem[X,0x0000000080023D30] -> 0x006F
mem[X,0x0000000080023D32] -> 0x00C0
[5091] [M]: 0x0000000080023D30 (0x00C0006F) jal zero, 12
mem[X,0x0000000080023D3C] -> 0x1063
mem[X,0x0000000080023D3E] -> 0x04B5
[5092] [M]: 0x0000000080023D3C (0x04B51063) bne a0, a1, 64
mem[X,0x0000000080023D7C] -> 0x0113
mem[X,0x0000000080023D7E] -> 0x0031
[5093] [M]: 0x0000000080023D7C (0x00310113) addi sp, sp, 3
x2 <- 0x0000000000000003
mem[X,0x0000000080023D80] -> 0x006F
mem[X,0x0000000080023D82] -> 0x0040
[5094] [M]: 0x0000000080023D80 (0x0040006F) jal zero, 4
mem[X,0x0000000080023D84] -> 0xB023
mem[X,0x0000000080023D86] -> 0x1E20
[5095] [M]: 0x0000000080023D84 (0x1E20B023) sd sp, 480(ra)
mem[0x0000000080045BB8] <- 0x0000000000000003
mem[X,0x0000000080023D88] -> 0x0537
mem[X,0x0000000080023D8A] -> 0x0000
[5096] [M]: 0x0000000080023D88 (0x00000537) lui a0, 0
x10 <- 0x0000000000000000
mem[X,0x0000000080023D8C] -> 0x0513
mem[X,0x0000000080023D8E] -> 0xFFF5
[5097] [M]: 0x0000000080023D8C (0xFFF50513) addi a0, a0, 4095
x10 <- 0xFFFFFFFFFFFFFFFF
mem[X,0x0000000080023D90] -> 0x1513
mem[X,0x0000000080023D92] -> 0x00B5
[5098] [M]: 0x0000000080023D90 (0x00B51513) slli a0, a0, 11
x10 <- 0xFFFFFFFFFFFFF800
mem[X,0x0000000080023D94] -> 0x0513
mem[X,0x0000000080023D96] -> 0x2575
[5099] [M]: 0x0000000080023D94 (0x25750513) addi a0, a0, 599
x10 <- 0xFFFFFFFFFFFFFA57
clint::tick mtime <- 0x0000000000000033
 clint timer pending at mtime 0x0000000000000033
htif::tick 0x0000000000000000
mem[X,0x0000000080023D98] -> 0x1513
mem[X,0x0000000080023D9A] -> 0x00B5
[5100] [M]: 0x0000000080023D98 (0x00B51513) slli a0, a0, 11
x10 <- 0xFFFFFFFFFFD2B800
mem[X,0x0000000080023D9C] -> 0x0513
mem[X,0x0000000080023D9E] -> 0x6C35
[5101] [M]: 0x0000000080023D9C (0x6C350513) addi a0, a0, 1731
x10 <- 0xFFFFFFFFFFD2BEC3
mem[X,0x0000000080023DA0] -> 0x1513
mem[X,0x0000000080023DA2] -> 0x00A5
[5102] [M]: 0x0000000080023DA0 (0x00A51513) slli a0, a0, 10
x10 <- 0xFFFFFFFF4AFB0C00
mem[X,0x0000000080023DA4] -> 0x0513
mem[X,0x0000000080023DA6] -> 0x0CD5
[5103] [M]: 0x0000000080023DA4 (0x0CD50513) addi a0, a0, 205
x10 <- 0xFFFFFFFF4AFB0CCD
mem[X,0x0000000080023DA8] -> 0x55B7
mem[X,0x0000000080023DAA] -> 0x5555
[5104] [M]: 0x0000000080023DA8 (0x555555B7) lui a1, 349525
x11 <- 0x0000000055555000
mem[X,0x0000000080023DAC] -> 0x8593
mem[X,0x0000000080023DAE] -> 0x5555
[5105] [M]: 0x0000000080023DAC (0x55558593) addi a1, a1, 1365
x11 <- 0x0000000055555555
mem[X,0x0000000080023DB0] -> 0x9593
mem[X,0x0000000080023DB2] -> 0x00B5
[5106] [M]: 0x0000000080023DB0 (0x00B59593) slli a1, a1, 11
x11 <- 0x000002AAAAAAA800
mem[X,0x0000000080023DB4] -> 0x8593
mem[X,0x0000000080023DB6] -> 0x2AA5
[5107] [M]: 0x0000000080023DB4 (0x2AA58593) addi a1, a1, 682
x11 <- 0x000002AAAAAAAAAA
mem[X,0x0000000080023DB8] -> 0x9593
mem[X,0x0000000080023DBA] -> 0x00B5
[5108] [M]: 0x0000000080023DB8 (0x00B59593) slli a1, a1, 11
x11 <- 0x0015555555555000
mem[X,0x0000000080023DBC] -> 0x8593
mem[X,0x0000000080023DBE] -> 0x5555
[5109] [M]: 0x0000000080023DBC (0x55558593) addi a1, a1, 1365
x11 <- 0x0015555555555555
mem[X,0x0000000080023DC0] -> 0x9593
mem[X,0x0000000080023DC2] -> 0x00A5
[5110] [M]: 0x0000000080023DC0 (0x00A59593) slli a1, a1, 10
x11 <- 0x5555555555555400
mem[X,0x0000000080023DC4] -> 0x8593
mem[X,0x0000000080023DC6] -> 0x1565
[5111] [M]: 0x0000000080023DC4 (0x15658593) addi a1, a1, 342
x11 <- 0x5555555555555556
mem[X,0x0000000080023DC8] -> 0x0113
mem[X,0x0000000080023DCA] -> 0x0000
[5112] [M]: 0x0000000080023DC8 (0x00000113) addi sp, zero, 0
x2 <- 0x0000000000000000
mem[X,0x0000000080023DCC] -> 0x006F
mem[X,0x0000000080023DCE] -> 0x0050
[5113] [M]: 0x0000000080023DCC (0x0050006F) jal zero, 2052
mem[X,0x00000000800245D0] -> 0x10E3
mem[X,0x00000000800245D2] -> 0x80B5
[5114] [M]: 0x00000000800245D0 (0x80B510E3) bne a0, a1, 6144
mem[X,0x0000000080023DD0] -> 0x0113
mem[X,0x0000000080023DD2] -> 0x0011
[5115] [M]: 0x0000000080023DD0 (0x00110113) addi sp, sp, 1
x2 <- 0x0000000000000001
mem[X,0x0000000080023DD4] -> 0x006F
mem[X,0x0000000080023DD6] -> 0x0110
[5116] [M]: 0x0000000080023DD4 (0x0110006F) jal zero, 2064
mem[X,0x00000000800245E4] -> 0xB423
mem[X,0x00000000800245E6] -> 0x1E20
[5117] [M]: 0x00000000800245E4 (0x1E20B423) sd sp, 488(ra)
mem[0x0000000080045BC0] <- 0x0000000000000001
mem[X,0x00000000800245E8] -> 0x0537
mem[X,0x00000000800245EA] -> 0x0000
[5118] [M]: 0x00000000800245E8 (0x00000537) lui a0, 0
x10 <- 0x0000000000000000
mem[X,0x00000000800245EC] -> 0x0513
mem[X,0x00000000800245EE] -> 0xFFF5
[5119] [M]: 0x00000000800245EC (0xFFF50513) addi a0, a0, 4095
x10 <- 0xFFFFFFFFFFFFFFFF
mem[X,0x00000000800245F0] -> 0x1513
mem[X,0x00000000800245F2] -> 0x00B5
[5120] [M]: 0x00000000800245F0 (0x00B51513) slli a0, a0, 11
x10 <- 0xFFFFFFFFFFFFF800
mem[X,0x00000000800245F4] -> 0x0513
mem[X,0x00000000800245F6] -> 0x2575
[5121] [M]: 0x00000000800245F4 (0x25750513) addi a0, a0, 599
x10 <- 0xFFFFFFFFFFFFFA57
mem[X,0x00000000800245F8] -> 0x1513
mem[X,0x00000000800245FA] -> 0x00B5
[5122] [M]: 0x00000000800245F8 (0x00B51513) slli a0, a0, 11
x10 <- 0xFFFFFFFFFFD2B800
mem[X,0x00000000800245FC] -> 0x0513
mem[X,0x00000000800245FE] -> 0x6C35
[5123] [M]: 0x00000000800245FC (0x6C350513) addi a0, a0, 1731
x10 <- 0xFFFFFFFFFFD2BEC3
mem[X,0x0000000080024600] -> 0x1513
mem[X,0x0000000080024602] -> 0x00A5
[5124] [M]: 0x0000000080024600 (0x00A51513) slli a0, a0, 10
x10 <- 0xFFFFFFFF4AFB0C00
mem[X,0x0000000080024604] -> 0x0513
mem[X,0x0000000080024606] -> 0x0CD5
[5125] [M]: 0x0000000080024604 (0x0CD50513) addi a0, a0, 205
x10 <- 0xFFFFFFFF4AFB0CCD
mem[X,0x0000000080024608] -> 0xB5B7
mem[X,0x000000008002460A] -> 0xAAAA
[5126] [M]: 0x0000000080024608 (0xAAAAB5B7) lui a1, 699051
x11 <- 0xFFFFFFFFAAAAB000
mem[X,0x000000008002460C] -> 0x8593
mem[X,0x000000008002460E] -> 0xAAA5
[5127] [M]: 0x000000008002460C (0xAAA58593) addi a1, a1, 2730
x11 <- 0xFFFFFFFFAAAAAAAA
mem[X,0x0000000080024610] -> 0x9593
mem[X,0x0000000080024612] -> 0x00B5
[5128] [M]: 0x0000000080024610 (0x00B59593) slli a1, a1, 11
x11 <- 0xFFFFFD5555555000
mem[X,0x0000000080024614] -> 0x8593
mem[X,0x0000000080024616] -> 0x5555
[5129] [M]: 0x0000000080024614 (0x55558593) addi a1, a1, 1365
x11 <- 0xFFFFFD5555555555
mem[X,0x0000000080024618] -> 0x9593
mem[X,0x000000008002461A] -> 0x00B5
[5130] [M]: 0x0000000080024618 (0x00B59593) slli a1, a1, 11
x11 <- 0xFFEAAAAAAAAAA800
mem[X,0x000000008002461C] -> 0x8593
mem[X,0x000000008002461E] -> 0x2AA5
[5131] [M]: 0x000000008002461C (0x2AA58593) addi a1, a1, 682
x11 <- 0xFFEAAAAAAAAAAAAA
mem[X,0x0000000080024620] -> 0x9593
mem[X,0x0000000080024622] -> 0x00A5
[5132] [M]: 0x0000000080024620 (0x00A59593) slli a1, a1, 10
x11 <- 0xAAAAAAAAAAAAA800
mem[X,0x0000000080024624] -> 0x8593
mem[X,0x0000000080024626] -> 0x2AB5
[5133] [M]: 0x0000000080024624 (0x2AB58593) addi a1, a1, 683
x11 <- 0xAAAAAAAAAAAAAAAB
mem[X,0x0000000080024628] -> 0x0113
mem[X,0x000000008002462A] -> 0x0000
[5134] [M]: 0x0000000080024628 (0x00000113) addi sp, zero, 0
x2 <- 0x0000000000000000
mem[X,0x000000008002462C] -> 0x006F
mem[X,0x000000008002462E] -> 0x00C0
[5135] [M]: 0x000000008002462C (0x00C0006F) jal zero, 12
mem[X,0x0000000080024638] -> 0x1863
mem[X,0x000000008002463A] -> 0x00B5
[5136] [M]: 0x0000000080024638 (0x00B51863) bne a0, a1, 16
mem[X,0x0000000080024648] -> 0x0113
mem[X,0x000000008002464A] -> 0x0031
[5137] [M]: 0x0000000080024648 (0x00310113) addi sp, sp, 3
x2 <- 0x0000000000000003
mem[X,0x000000008002464C] -> 0x006F
mem[X,0x000000008002464E] -> 0x0040
[5138] [M]: 0x000000008002464C (0x0040006F) jal zero, 4
mem[X,0x0000000080024650] -> 0xB823
mem[X,0x0000000080024652] -> 0x1E20
[5139] [M]: 0x0000000080024650 (0x1E20B823) sd sp, 496(ra)
mem[0x0000000080045BC8] <- 0x0000000000000003
mem[X,0x0000000080024654] -> 0x0537
mem[X,0x0000000080024656] -> 0x0000
[5140] [M]: 0x0000000080024654 (0x00000537) lui a0, 0
x10 <- 0x0000000000000000
mem[X,0x0000000080024658] -> 0x0513
mem[X,0x000000008002465A] -> 0xFFF5
[5141] [M]: 0x0000000080024658 (0xFFF50513) addi a0, a0, 4095
x10 <- 0xFFFFFFFFFFFFFFFF
mem[X,0x000000008002465C] -> 0x1513
mem[X,0x000000008002465E] -> 0x00B5
[5142] [M]: 0x000000008002465C (0x00B51513) slli a0, a0, 11
x10 <- 0xFFFFFFFFFFFFF800
mem[X,0x0000000080024660] -> 0x0513
mem[X,0x0000000080024662] -> 0x2575
[5143] [M]: 0x0000000080024660 (0x25750513) addi a0, a0, 599
x10 <- 0xFFFFFFFFFFFFFA57
mem[X,0x0000000080024664] -> 0x1513
mem[X,0x0000000080024666] -> 0x00B5
[5144] [M]: 0x0000000080024664 (0x00B51513) slli a0, a0, 11
x10 <- 0xFFFFFFFFFFD2B800
mem[X,0x0000000080024668] -> 0x0513
mem[X,0x000000008002466A] -> 0x6C35
[5145] [M]: 0x0000000080024668 (0x6C350513) addi a0, a0, 1731
x10 <- 0xFFFFFFFFFFD2BEC3
mem[X,0x000000008002466C] -> 0x1513
mem[X,0x000000008002466E] -> 0x00A5
[5146] [M]: 0x000000008002466C (0x00A51513) slli a0, a0, 10
x10 <- 0xFFFFFFFF4AFB0C00
mem[X,0x0000000080024670] -> 0x0513
mem[X,0x0000000080024672] -> 0x0CD5
[5147] [M]: 0x0000000080024670 (0x0CD50513) addi a0, a0, 205
x10 <- 0xFFFFFFFF4AFB0CCD
mem[X,0x0000000080024674] -> 0x0593
mem[X,0x0000000080024676] -> 0x0060
[5148] [M]: 0x0000000080024674 (0x00600593) addi a1, zero, 6
x11 <- 0x0000000000000006
mem[X,0x0000000080024678] -> 0x0113
mem[X,0x000000008002467A] -> 0x0000
[5149] [M]: 0x0000000080024678 (0x00000113) addi sp, zero, 0
x2 <- 0x0000000000000000
mem[X,0x000000008002467C] -> 0x006F
mem[X,0x000000008002467E] -> 0x0140
[5150] [M]: 0x000000008002467C (0x0140006F) jal zero, 20
mem[X,0x0000000080024690] -> 0x18E3
mem[X,0x0000000080024692] -> 0xFEB5
[5151] [M]: 0x0000000080024690 (0xFEB518E3) bne a0, a1, 8176
mem[X,0x0000000080024680] -> 0x0113
mem[X,0x0000000080024682] -> 0x0011
[5152] [M]: 0x0000000080024680 (0x00110113) addi sp, sp, 1
x2 <- 0x0000000000000001
mem[X,0x0000000080024684] -> 0x006F
mem[X,0x0000000080024686] -> 0x0200
[5153] [M]: 0x0000000080024684 (0x0200006F) jal zero, 32
mem[X,0x00000000800246A4] -> 0xBC23
mem[X,0x00000000800246A6] -> 0x1E20
[5154] [M]: 0x00000000800246A4 (0x1E20BC23) sd sp, 504(ra)
mem[0x0000000080045BD0] <- 0x0000000000000001
mem[X,0x00000000800246A8] -> 0x0537
mem[X,0x00000000800246AA] -> 0x0000
[5155] [M]: 0x00000000800246A8 (0x00000537) lui a0, 0
x10 <- 0x0000000000000000
mem[X,0x00000000800246AC] -> 0x0513
mem[X,0x00000000800246AE] -> 0xFFF5
[5156] [M]: 0x00000000800246AC (0xFFF50513) addi a0, a0, 4095
x10 <- 0xFFFFFFFFFFFFFFFF
mem[X,0x00000000800246B0] -> 0x1513
mem[X,0x00000000800246B2] -> 0x00B5
[5157] [M]: 0x00000000800246B0 (0x00B51513) slli a0, a0, 11
x10 <- 0xFFFFFFFFFFFFF800
mem[X,0x00000000800246B4] -> 0x0513
mem[X,0x00000000800246B6] -> 0x2575
[5158] [M]: 0x00000000800246B4 (0x25750513) addi a0, a0, 599
x10 <- 0xFFFFFFFFFFFFFA57
mem[X,0x00000000800246B8] -> 0x1513
mem[X,0x00000000800246BA] -> 0x00B5
[5159] [M]: 0x00000000800246B8 (0x00B51513) slli a0, a0, 11
x10 <- 0xFFFFFFFFFFD2B800
mem[X,0x00000000800246BC] -> 0x0513
mem[X,0x00000000800246BE] -> 0x6C35
[5160] [M]: 0x00000000800246BC (0x6C350513) addi a0, a0, 1731
x10 <- 0xFFFFFFFFFFD2BEC3
mem[X,0x00000000800246C0] -> 0x1513
mem[X,0x00000000800246C2] -> 0x00A5
[5161] [M]: 0x00000000800246C0 (0x00A51513) slli a0, a0, 10
x10 <- 0xFFFFFFFF4AFB0C00
mem[X,0x00000000800246C4] -> 0x0513
mem[X,0x00000000800246C6] -> 0x0CD5
[5162] [M]: 0x00000000800246C4 (0x0CD50513) addi a0, a0, 205
x10 <- 0xFFFFFFFF4AFB0CCD
mem[X,0x00000000800246C8] -> 0x35B7
mem[X,0x00000000800246CA] -> 0x3333
[5163] [M]: 0x00000000800246C8 (0x333335B7) lui a1, 209715
x11 <- 0x0000000033333000
mem[X,0x00000000800246CC] -> 0x8593
mem[X,0x00000000800246CE] -> 0x3335
[5164] [M]: 0x00000000800246CC (0x33358593) addi a1, a1, 819
x11 <- 0x0000000033333333
mem[X,0x00000000800246D0] -> 0x9593
mem[X,0x00000000800246D2] -> 0x00B5
[5165] [M]: 0x00000000800246D0 (0x00B59593) slli a1, a1, 11
x11 <- 0x0000019999999800
mem[X,0x00000000800246D4] -> 0x8593
mem[X,0x00000000800246D6] -> 0x1995
[5166] [M]: 0x00000000800246D4 (0x19958593) addi a1, a1, 409
x11 <- 0x0000019999999999
mem[X,0x00000000800246D8] -> 0x9593
mem[X,0x00000000800246DA] -> 0x00B5
[5167] [M]: 0x00000000800246D8 (0x00B59593) slli a1, a1, 11
x11 <- 0x000CCCCCCCCCC800
mem[X,0x00000000800246DC] -> 0x8593
mem[X,0x00000000800246DE] -> 0x4CC5
[5168] [M]: 0x00000000800246DC (0x4CC58593) addi a1, a1, 1228
x11 <- 0x000CCCCCCCCCCCCC
mem[X,0x00000000800246E0] -> 0x9593
mem[X,0x00000000800246E2] -> 0x00A5
[5169] [M]: 0x00000000800246E0 (0x00A59593) slli a1, a1, 10
x11 <- 0x3333333333333000
mem[X,0x00000000800246E4] -> 0x8593
mem[X,0x00000000800246E6] -> 0x3345
[5170] [M]: 0x00000000800246E4 (0x33458593) addi a1, a1, 820
x11 <- 0x3333333333333334
mem[X,0x00000000800246E8] -> 0x0113
mem[X,0x00000000800246EA] -> 0x0000
[5171] [M]: 0x00000000800246E8 (0x00000113) addi sp, zero, 0
x2 <- 0x0000000000000000
mem[X,0x00000000800246EC] -> 0x006F
mem[X,0x00000000800246EE] -> 0x00C0
[5172] [M]: 0x00000000800246EC (0x00C0006F) jal zero, 12
mem[X,0x00000000800246F8] -> 0x1CE3
mem[X,0x00000000800246FA] -> 0xFEB5
[5173] [M]: 0x00000000800246F8 (0xFEB51CE3) bne a0, a1, 8184
mem[X,0x00000000800246F0] -> 0x0113
mem[X,0x00000000800246F2] -> 0x0011
[5174] [M]: 0x00000000800246F0 (0x00110113) addi sp, sp, 1
x2 <- 0x0000000000000001
mem[X,0x00000000800246F4] -> 0x006F
mem[X,0x00000000800246F6] -> 0x0180
[5175] [M]: 0x00000000800246F4 (0x0180006F) jal zero, 24
mem[X,0x000000008002470C] -> 0xB023
mem[X,0x000000008002470E] -> 0x2020
[5176] [M]: 0x000000008002470C (0x2020B023) sd sp, 512(ra)
mem[0x0000000080045BD8] <- 0x0000000000000001
mem[X,0x0000000080024710] -> 0x0537
mem[X,0x0000000080024712] -> 0x0000
[5177] [M]: 0x0000000080024710 (0x00000537) lui a0, 0
x10 <- 0x0000000000000000
mem[X,0x0000000080024714] -> 0x0513
mem[X,0x0000000080024716] -> 0xFFF5
[5178] [M]: 0x0000000080024714 (0xFFF50513) addi a0, a0, 4095
x10 <- 0xFFFFFFFFFFFFFFFF
mem[X,0x0000000080024718] -> 0x1513
mem[X,0x000000008002471A] -> 0x00B5
[5179] [M]: 0x0000000080024718 (0x00B51513) slli a0, a0, 11
x10 <- 0xFFFFFFFFFFFFF800
mem[X,0x000000008002471C] -> 0x0513
mem[X,0x000000008002471E] -> 0x2575
[5180] [M]: 0x000000008002471C (0x25750513) addi a0, a0, 599
x10 <- 0xFFFFFFFFFFFFFA57
mem[X,0x0000000080024720] -> 0x1513
mem[X,0x0000000080024722] -> 0x00B5
[5181] [M]: 0x0000000080024720 (0x00B51513) slli a0, a0, 11
x10 <- 0xFFFFFFFFFFD2B800
mem[X,0x0000000080024724] -> 0x0513
mem[X,0x0000000080024726] -> 0x6C35
[5182] [M]: 0x0000000080024724 (0x6C350513) addi a0, a0, 1731
x10 <- 0xFFFFFFFFFFD2BEC3
mem[X,0x0000000080024728] -> 0x1513
mem[X,0x000000008002472A] -> 0x00A5
[5183] [M]: 0x0000000080024728 (0x00A51513) slli a0, a0, 10
x10 <- 0xFFFFFFFF4AFB0C00
mem[X,0x000000008002472C] -> 0x0513
mem[X,0x000000008002472E] -> 0x0CD5
[5184] [M]: 0x000000008002472C (0x0CD50513) addi a0, a0, 205
x10 <- 0xFFFFFFFF4AFB0CCD
mem[X,0x0000000080024730] -> 0x65B7
mem[X,0x0000000080024732] -> 0x6666
[5185] [M]: 0x0000000080024730 (0x666665B7) lui a1, 419430
x11 <- 0x0000000066666000
mem[X,0x0000000080024734] -> 0x8593
mem[X,0x0000000080024736] -> 0x6665
[5186] [M]: 0x0000000080024734 (0x66658593) addi a1, a1, 1638
x11 <- 0x0000000066666666
mem[X,0x0000000080024738] -> 0x9593
mem[X,0x000000008002473A] -> 0x00B5
[5187] [M]: 0x0000000080024738 (0x00B59593) slli a1, a1, 11
x11 <- 0x0000033333333000
mem[X,0x000000008002473C] -> 0x8593
mem[X,0x000000008002473E] -> 0x3335
[5188] [M]: 0x000000008002473C (0x33358593) addi a1, a1, 819
x11 <- 0x0000033333333333
mem[X,0x0000000080024740] -> 0x9593
mem[X,0x0000000080024742] -> 0x00B5
[5189] [M]: 0x0000000080024740 (0x00B59593) slli a1, a1, 11
x11 <- 0x0019999999999800
mem[X,0x0000000080024744] -> 0x8593
mem[X,0x0000000080024746] -> 0x1995
[5190] [M]: 0x0000000080024744 (0x19958593) addi a1, a1, 409
x11 <- 0x0019999999999999
mem[X,0x0000000080024748] -> 0x9593
mem[X,0x000000008002474A] -> 0x00A5
[5191] [M]: 0x0000000080024748 (0x00A59593) slli a1, a1, 10
x11 <- 0x6666666666666400
mem[X,0x000000008002474C] -> 0x8593
mem[X,0x000000008002474E] -> 0x2675
[5192] [M]: 0x000000008002474C (0x26758593) addi a1, a1, 615
x11 <- 0x6666666666666667
mem[X,0x0000000080024750] -> 0x0113
mem[X,0x0000000080024752] -> 0x0000
[5193] [M]: 0x0000000080024750 (0x00000113) addi sp, zero, 0
x2 <- 0x0000000000000000
mem[X,0x0000000080024754] -> 0x006F
mem[X,0x0000000080024756] -> 0x00C0
[5194] [M]: 0x0000000080024754 (0x00C0006F) jal zero, 12
mem[X,0x0000000080024760] -> 0x1663
mem[X,0x0000000080024762] -> 0x00B5
[5195] [M]: 0x0000000080024760 (0x00B51663) bne a0, a1, 12
mem[X,0x000000008002476C] -> 0x0113
mem[X,0x000000008002476E] -> 0x0031
[5196] [M]: 0x000000008002476C (0x00310113) addi sp, sp, 3
x2 <- 0x0000000000000003
mem[X,0x0000000080024770] -> 0x006F
mem[X,0x0000000080024772] -> 0x0040
[5197] [M]: 0x0000000080024770 (0x0040006F) jal zero, 4
mem[X,0x0000000080024774] -> 0xB423
mem[X,0x0000000080024776] -> 0x2020
[5198] [M]: 0x0000000080024774 (0x2020B423) sd sp, 520(ra)
mem[0x0000000080045BE0] <- 0x0000000000000003
mem[X,0x0000000080024778] -> 0x0537
mem[X,0x000000008002477A] -> 0x0000
[5199] [M]: 0x0000000080024778 (0x00000537) lui a0, 0
x10 <- 0x0000000000000000
clint::tick mtime <- 0x0000000000000034
 clint timer pending at mtime 0x0000000000000034
htif::tick 0x0000000000000000
mem[X,0x000000008002477C] -> 0x0513
mem[X,0x000000008002477E] -> 0xFFF5
[5200] [M]: 0x000000008002477C (0xFFF50513) addi a0, a0, 4095
x10 <- 0xFFFFFFFFFFFFFFFF
mem[X,0x0000000080024780] -> 0x1513
mem[X,0x0000000080024782] -> 0x00B5
[5201] [M]: 0x0000000080024780 (0x00B51513) slli a0, a0, 11
x10 <- 0xFFFFFFFFFFFFF800
mem[X,0x0000000080024784] -> 0x0513
mem[X,0x0000000080024786] -> 0x2575
[5202] [M]: 0x0000000080024784 (0x25750513) addi a0, a0, 599
x10 <- 0xFFFFFFFFFFFFFA57
mem[X,0x0000000080024788] -> 0x1513
mem[X,0x000000008002478A] -> 0x00B5
[5203] [M]: 0x0000000080024788 (0x00B51513) slli a0, a0, 11
x10 <- 0xFFFFFFFFFFD2B800
mem[X,0x000000008002478C] -> 0x0513
mem[X,0x000000008002478E] -> 0x6C35
[5204] [M]: 0x000000008002478C (0x6C350513) addi a0, a0, 1731
x10 <- 0xFFFFFFFFFFD2BEC3
mem[X,0x0000000080024790] -> 0x1513
mem[X,0x0000000080024792] -> 0x00A5
[5205] [M]: 0x0000000080024790 (0x00A51513) slli a0, a0, 10
x10 <- 0xFFFFFFFF4AFB0C00
mem[X,0x0000000080024794] -> 0x0513
mem[X,0x0000000080024796] -> 0x0CD5
[5206] [M]: 0x0000000080024794 (0x0CD50513) addi a0, a0, 205
x10 <- 0xFFFFFFFF4AFB0CCD
mem[X,0x0000000080024798] -> 0x05B7
mem[X,0x000000008002479A] -> 0x0000
[5207] [M]: 0x0000000080024798 (0x000005B7) lui a1, 0
x11 <- 0x0000000000000000
mem[X,0x000000008002479C] -> 0x8593
mem[X,0x000000008002479E] -> 0xFFF5
[5208] [M]: 0x000000008002479C (0xFFF58593) addi a1, a1, 4095
x11 <- 0xFFFFFFFFFFFFFFFF
mem[X,0x00000000800247A0] -> 0x9593
mem[X,0x00000000800247A2] -> 0x00B5
[5209] [M]: 0x00000000800247A0 (0x00B59593) slli a1, a1, 11
x11 <- 0xFFFFFFFFFFFFF800
mem[X,0x00000000800247A4] -> 0x8593
mem[X,0x00000000800247A6] -> 0x2575
[5210] [M]: 0x00000000800247A4 (0x25758593) addi a1, a1, 599
x11 <- 0xFFFFFFFFFFFFFA57
mem[X,0x00000000800247A8] -> 0x9593
mem[X,0x00000000800247AA] -> 0x00B5
[5211] [M]: 0x00000000800247A8 (0x00B59593) slli a1, a1, 11
x11 <- 0xFFFFFFFFFFD2B800
mem[X,0x00000000800247AC] -> 0x8593
mem[X,0x00000000800247AE] -> 0x6C35
[5212] [M]: 0x00000000800247AC (0x6C358593) addi a1, a1, 1731
x11 <- 0xFFFFFFFFFFD2BEC3
mem[X,0x00000000800247B0] -> 0x9593
mem[X,0x00000000800247B2] -> 0x00A5
[5213] [M]: 0x00000000800247B0 (0x00A59593) slli a1, a1, 10
x11 <- 0xFFFFFFFF4AFB0C00
mem[X,0x00000000800247B4] -> 0x8593
mem[X,0x00000000800247B6] -> 0x0CE5
[5214] [M]: 0x00000000800247B4 (0x0CE58593) addi a1, a1, 206
x11 <- 0xFFFFFFFF4AFB0CCE
mem[X,0x00000000800247B8] -> 0x0113
mem[X,0x00000000800247BA] -> 0x0000
[5215] [M]: 0x00000000800247B8 (0x00000113) addi sp, zero, 0
x2 <- 0x0000000000000000
mem[X,0x00000000800247BC] -> 0x006F
mem[X,0x00000000800247BE] -> 0x00C0
[5216] [M]: 0x00000000800247BC (0x00C0006F) jal zero, 12
mem[X,0x00000000800247C8] -> 0x1CE3
mem[X,0x00000000800247CA] -> 0xFEB5
[5217] [M]: 0x00000000800247C8 (0xFEB51CE3) bne a0, a1, 8184
mem[X,0x00000000800247C0] -> 0x0113
mem[X,0x00000000800247C2] -> 0x0011
[5218] [M]: 0x00000000800247C0 (0x00110113) addi sp, sp, 1
x2 <- 0x0000000000000001
mem[X,0x00000000800247C4] -> 0x006F
mem[X,0x00000000800247C6] -> 0x0180
[5219] [M]: 0x00000000800247C4 (0x0180006F) jal zero, 24
mem[X,0x00000000800247DC] -> 0xB823
mem[X,0x00000000800247DE] -> 0x2020
[5220] [M]: 0x00000000800247DC (0x2020B823) sd sp, 528(ra)
mem[0x0000000080045BE8] <- 0x0000000000000001
mem[X,0x00000000800247E0] -> 0x0537
mem[X,0x00000000800247E2] -> 0x0000
[5221] [M]: 0x00000000800247E0 (0x00000537) lui a0, 0
x10 <- 0x0000000000000000
mem[X,0x00000000800247E4] -> 0x0513
mem[X,0x00000000800247E6] -> 0xFFF5
[5222] [M]: 0x00000000800247E4 (0xFFF50513) addi a0, a0, 4095
x10 <- 0xFFFFFFFFFFFFFFFF
mem[X,0x00000000800247E8] -> 0x1513
mem[X,0x00000000800247EA] -> 0x00B5
[5223] [M]: 0x00000000800247E8 (0x00B51513) slli a0, a0, 11
x10 <- 0xFFFFFFFFFFFFF800
mem[X,0x00000000800247EC] -> 0x0513
mem[X,0x00000000800247EE] -> 0x2575
[5224] [M]: 0x00000000800247EC (0x25750513) addi a0, a0, 599
x10 <- 0xFFFFFFFFFFFFFA57
mem[X,0x00000000800247F0] -> 0x1513
mem[X,0x00000000800247F2] -> 0x00B5
[5225] [M]: 0x00000000800247F0 (0x00B51513) slli a0, a0, 11
x10 <- 0xFFFFFFFFFFD2B800
mem[X,0x00000000800247F4] -> 0x0513
mem[X,0x00000000800247F6] -> 0x6C35
[5226] [M]: 0x00000000800247F4 (0x6C350513) addi a0, a0, 1731
x10 <- 0xFFFFFFFFFFD2BEC3
mem[X,0x00000000800247F8] -> 0x1513
mem[X,0x00000000800247FA] -> 0x00A5
[5227] [M]: 0x00000000800247F8 (0x00A51513) slli a0, a0, 10
x10 <- 0xFFFFFFFF4AFB0C00
mem[X,0x00000000800247FC] -> 0x0513
mem[X,0x00000000800247FE] -> 0x0CD5
[5228] [M]: 0x00000000800247FC (0x0CD50513) addi a0, a0, 205
x10 <- 0xFFFFFFFF4AFB0CCD
mem[X,0x0000000080024800] -> 0x05B7
mem[X,0x0000000080024802] -> 0x0000
[5229] [M]: 0x0000000080024800 (0x000005B7) lui a1, 0
x11 <- 0x0000000000000000
mem[X,0x0000000080024804] -> 0x8593
mem[X,0x0000000080024806] -> 0x0005
[5230] [M]: 0x0000000080024804 (0x00058593) addi a1, a1, 0
x11 <- 0x0000000000000000
mem[X,0x0000000080024808] -> 0x9593
mem[X,0x000000008002480A] -> 0x00B5
[5231] [M]: 0x0000000080024808 (0x00B59593) slli a1, a1, 11
x11 <- 0x0000000000000000
mem[X,0x000000008002480C] -> 0x8593
mem[X,0x000000008002480E] -> 0x5A85
[5232] [M]: 0x000000008002480C (0x5A858593) addi a1, a1, 1448
x11 <- 0x00000000000005A8
mem[X,0x0000000080024810] -> 0x9593
mem[X,0x0000000080024812] -> 0x00B5
[5233] [M]: 0x0000000080024810 (0x00B59593) slli a1, a1, 11
x11 <- 0x00000000002D4000
mem[X,0x0000000080024814] -> 0x8593
mem[X,0x0000000080024816] -> 0x13C5
[5234] [M]: 0x0000000080024814 (0x13C58593) addi a1, a1, 316
x11 <- 0x00000000002D413C
mem[X,0x0000000080024818] -> 0x9593
mem[X,0x000000008002481A] -> 0x00A5
[5235] [M]: 0x0000000080024818 (0x00A59593) slli a1, a1, 10
x11 <- 0x00000000B504F000
mem[X,0x000000008002481C] -> 0x8593
mem[X,0x000000008002481E] -> 0x3345
[5236] [M]: 0x000000008002481C (0x33458593) addi a1, a1, 820
x11 <- 0x00000000B504F334
mem[X,0x0000000080024820] -> 0x0113
mem[X,0x0000000080024822] -> 0x0000
[5237] [M]: 0x0000000080024820 (0x00000113) addi sp, zero, 0
x2 <- 0x0000000000000000
mem[X,0x0000000080024824] -> 0x006F
mem[X,0x0000000080024826] -> 0x0100
[5238] [M]: 0x0000000080024824 (0x0100006F) jal zero, 16
mem[X,0x0000000080024834] -> 0x1AE3
mem[X,0x0000000080024836] -> 0xFEB5
[5239] [M]: 0x0000000080024834 (0xFEB51AE3) bne a0, a1, 8180
mem[X,0x0000000080024828] -> 0x0113
mem[X,0x000000008002482A] -> 0x0011
[5240] [M]: 0x0000000080024828 (0x00110113) addi sp, sp, 1
x2 <- 0x0000000000000001
mem[X,0x000000008002482C] -> 0x006F
mem[X,0x000000008002482E] -> 0x01C0
[5241] [M]: 0x000000008002482C (0x01C0006F) jal zero, 28
mem[X,0x0000000080024848] -> 0xBC23
mem[X,0x000000008002484A] -> 0x2020
[5242] [M]: 0x0000000080024848 (0x2020BC23) sd sp, 536(ra)
mem[0x0000000080045BF0] <- 0x0000000000000001
mem[X,0x000000008002484C] -> 0x0537
mem[X,0x000000008002484E] -> 0x0000
[5243] [M]: 0x000000008002484C (0x00000537) lui a0, 0
x10 <- 0x0000000000000000
mem[X,0x0000000080024850] -> 0x0513
mem[X,0x0000000080024852] -> 0x0005
[5244] [M]: 0x0000000080024850 (0x00050513) addi a0, a0, 0
x10 <- 0x0000000000000000
mem[X,0x0000000080024854] -> 0x1513
mem[X,0x0000000080024856] -> 0x00B5
[5245] [M]: 0x0000000080024854 (0x00B51513) slli a0, a0, 11
x10 <- 0x0000000000000000
mem[X,0x0000000080024858] -> 0x0513
mem[X,0x000000008002485A] -> 0x5A85
[5246] [M]: 0x0000000080024858 (0x5A850513) addi a0, a0, 1448
x10 <- 0x00000000000005A8
mem[X,0x000000008002485C] -> 0x1513
mem[X,0x000000008002485E] -> 0x00B5
[5247] [M]: 0x000000008002485C (0x00B51513) slli a0, a0, 11
x10 <- 0x00000000002D4000
mem[X,0x0000000080024860] -> 0x0513
mem[X,0x0000000080024862] -> 0x13C5
[5248] [M]: 0x0000000080024860 (0x13C50513) addi a0, a0, 316
x10 <- 0x00000000002D413C
mem[X,0x0000000080024864] -> 0x1513
mem[X,0x0000000080024866] -> 0x00A5
[5249] [M]: 0x0000000080024864 (0x00A51513) slli a0, a0, 10
x10 <- 0x00000000B504F000
mem[X,0x0000000080024868] -> 0x0513
mem[X,0x000000008002486A] -> 0x3335
[5250] [M]: 0x0000000080024868 (0x33350513) addi a0, a0, 819
x10 <- 0x00000000B504F333
mem[X,0x000000008002486C] -> 0x0593
mem[X,0x000000008002486E] -> 0x0030
[5251] [M]: 0x000000008002486C (0x00300593) addi a1, zero, 3
x11 <- 0x0000000000000003
mem[X,0x0000000080024870] -> 0x0113
mem[X,0x0000000080024872] -> 0x0000
[5252] [M]: 0x0000000080024870 (0x00000113) addi sp, zero, 0
x2 <- 0x0000000000000000
mem[X,0x0000000080024874] -> 0x006F
mem[X,0x0000000080024876] -> 0x00C0
[5253] [M]: 0x0000000080024874 (0x00C0006F) jal zero, 12
mem[X,0x0000000080024880] -> 0x1063
mem[X,0x0000000080024882] -> 0x04B5
[5254] [M]: 0x0000000080024880 (0x04B51063) bne a0, a1, 64
mem[X,0x00000000800248C0] -> 0x0113
mem[X,0x00000000800248C2] -> 0x0031
[5255] [M]: 0x00000000800248C0 (0x00310113) addi sp, sp, 3
x2 <- 0x0000000000000003
mem[X,0x00000000800248C4] -> 0x006F
mem[X,0x00000000800248C6] -> 0x0040
[5256] [M]: 0x00000000800248C4 (0x0040006F) jal zero, 4
mem[X,0x00000000800248C8] -> 0xB023
mem[X,0x00000000800248CA] -> 0x2220
[5257] [M]: 0x00000000800248C8 (0x2220B023) sd sp, 544(ra)
mem[0x0000000080045BF8] <- 0x0000000000000003
mem[X,0x00000000800248CC] -> 0x0537
mem[X,0x00000000800248CE] -> 0x0000
[5258] [M]: 0x00000000800248CC (0x00000537) lui a0, 0
x10 <- 0x0000000000000000
mem[X,0x00000000800248D0] -> 0x0513
mem[X,0x00000000800248D2] -> 0x0005
[5259] [M]: 0x00000000800248D0 (0x00050513) addi a0, a0, 0
x10 <- 0x0000000000000000
mem[X,0x00000000800248D4] -> 0x1513
mem[X,0x00000000800248D6] -> 0x00B5
[5260] [M]: 0x00000000800248D4 (0x00B51513) slli a0, a0, 11
x10 <- 0x0000000000000000
mem[X,0x00000000800248D8] -> 0x0513
mem[X,0x00000000800248DA] -> 0x5A85
[5261] [M]: 0x00000000800248D8 (0x5A850513) addi a0, a0, 1448
x10 <- 0x00000000000005A8
mem[X,0x00000000800248DC] -> 0x1513
mem[X,0x00000000800248DE] -> 0x00B5
[5262] [M]: 0x00000000800248DC (0x00B51513) slli a0, a0, 11
x10 <- 0x00000000002D4000
mem[X,0x00000000800248E0] -> 0x0513
mem[X,0x00000000800248E2] -> 0x13C5
[5263] [M]: 0x00000000800248E0 (0x13C50513) addi a0, a0, 316
x10 <- 0x00000000002D413C
mem[X,0x00000000800248E4] -> 0x1513
mem[X,0x00000000800248E6] -> 0x00A5
[5264] [M]: 0x00000000800248E4 (0x00A51513) slli a0, a0, 10
x10 <- 0x00000000B504F000
mem[X,0x00000000800248E8] -> 0x0513
mem[X,0x00000000800248EA] -> 0x3335
[5265] [M]: 0x00000000800248E8 (0x33350513) addi a0, a0, 819
x10 <- 0x00000000B504F333
mem[X,0x00000000800248EC] -> 0x55B7
mem[X,0x00000000800248EE] -> 0x5555
[5266] [M]: 0x00000000800248EC (0x555555B7) lui a1, 349525
x11 <- 0x0000000055555000
mem[X,0x00000000800248F0] -> 0x8593
mem[X,0x00000000800248F2] -> 0x5555
[5267] [M]: 0x00000000800248F0 (0x55558593) addi a1, a1, 1365
x11 <- 0x0000000055555555
mem[X,0x00000000800248F4] -> 0x9593
mem[X,0x00000000800248F6] -> 0x00B5
[5268] [M]: 0x00000000800248F4 (0x00B59593) slli a1, a1, 11
x11 <- 0x000002AAAAAAA800
mem[X,0x00000000800248F8] -> 0x8593
mem[X,0x00000000800248FA] -> 0x2AA5
[5269] [M]: 0x00000000800248F8 (0x2AA58593) addi a1, a1, 682
x11 <- 0x000002AAAAAAAAAA
mem[X,0x00000000800248FC] -> 0x9593
mem[X,0x00000000800248FE] -> 0x00B5
[5270] [M]: 0x00000000800248FC (0x00B59593) slli a1, a1, 11
x11 <- 0x0015555555555000
mem[X,0x0000000080024900] -> 0x8593
mem[X,0x0000000080024902] -> 0x5555
[5271] [M]: 0x0000000080024900 (0x55558593) addi a1, a1, 1365
x11 <- 0x0015555555555555
mem[X,0x0000000080024904] -> 0x9593
mem[X,0x0000000080024906] -> 0x00A5
[5272] [M]: 0x0000000080024904 (0x00A59593) slli a1, a1, 10
x11 <- 0x5555555555555400
mem[X,0x0000000080024908] -> 0x8593
mem[X,0x000000008002490A] -> 0x1555
[5273] [M]: 0x0000000080024908 (0x15558593) addi a1, a1, 341
x11 <- 0x5555555555555555
mem[X,0x000000008002490C] -> 0x0113
mem[X,0x000000008002490E] -> 0x0000
[5274] [M]: 0x000000008002490C (0x00000113) addi sp, zero, 0
x2 <- 0x0000000000000000
mem[X,0x0000000080024910] -> 0x006F
mem[X,0x0000000080024912] -> 0x00C0
[5275] [M]: 0x0000000080024910 (0x00C0006F) jal zero, 12
mem[X,0x000000008002491C] -> 0x1CE3
mem[X,0x000000008002491E] -> 0xFEB5
[5276] [M]: 0x000000008002491C (0xFEB51CE3) bne a0, a1, 8184
mem[X,0x0000000080024914] -> 0x0113
mem[X,0x0000000080024916] -> 0x0011
[5277] [M]: 0x0000000080024914 (0x00110113) addi sp, sp, 1
x2 <- 0x0000000000000001
mem[X,0x0000000080024918] -> 0x006F
mem[X,0x000000008002491A] -> 0x0180
[5278] [M]: 0x0000000080024918 (0x0180006F) jal zero, 24
mem[X,0x0000000080024930] -> 0xB423
mem[X,0x0000000080024932] -> 0x2220
[5279] [M]: 0x0000000080024930 (0x2220B423) sd sp, 552(ra)
mem[0x0000000080045C00] <- 0x0000000000000001
mem[X,0x0000000080024934] -> 0x0537
mem[X,0x0000000080024936] -> 0x0000
[5280] [M]: 0x0000000080024934 (0x00000537) lui a0, 0
x10 <- 0x0000000000000000
mem[X,0x0000000080024938] -> 0x0513
mem[X,0x000000008002493A] -> 0x0005
[5281] [M]: 0x0000000080024938 (0x00050513) addi a0, a0, 0
x10 <- 0x0000000000000000
mem[X,0x000000008002493C] -> 0x1513
mem[X,0x000000008002493E] -> 0x00B5
[5282] [M]: 0x000000008002493C (0x00B51513) slli a0, a0, 11
x10 <- 0x0000000000000000
mem[X,0x0000000080024940] -> 0x0513
mem[X,0x0000000080024942] -> 0x5A85
[5283] [M]: 0x0000000080024940 (0x5A850513) addi a0, a0, 1448
x10 <- 0x00000000000005A8
mem[X,0x0000000080024944] -> 0x1513
mem[X,0x0000000080024946] -> 0x00B5
[5284] [M]: 0x0000000080024944 (0x00B51513) slli a0, a0, 11
x10 <- 0x00000000002D4000
mem[X,0x0000000080024948] -> 0x0513
mem[X,0x000000008002494A] -> 0x13C5
[5285] [M]: 0x0000000080024948 (0x13C50513) addi a0, a0, 316
x10 <- 0x00000000002D413C
mem[X,0x000000008002494C] -> 0x1513
mem[X,0x000000008002494E] -> 0x00A5
[5286] [M]: 0x000000008002494C (0x00A51513) slli a0, a0, 10
x10 <- 0x00000000B504F000
mem[X,0x0000000080024950] -> 0x0513
mem[X,0x0000000080024952] -> 0x3335
[5287] [M]: 0x0000000080024950 (0x33350513) addi a0, a0, 819
x10 <- 0x00000000B504F333
mem[X,0x0000000080024954] -> 0xB5B7
mem[X,0x0000000080024956] -> 0xAAAA
[5288] [M]: 0x0000000080024954 (0xAAAAB5B7) lui a1, 699051
x11 <- 0xFFFFFFFFAAAAB000
mem[X,0x0000000080024958] -> 0x8593
mem[X,0x000000008002495A] -> 0xAAA5
[5289] [M]: 0x0000000080024958 (0xAAA58593) addi a1, a1, 2730
x11 <- 0xFFFFFFFFAAAAAAAA
mem[X,0x000000008002495C] -> 0x9593
mem[X,0x000000008002495E] -> 0x00B5
[5290] [M]: 0x000000008002495C (0x00B59593) slli a1, a1, 11
x11 <- 0xFFFFFD5555555000
mem[X,0x0000000080024960] -> 0x8593
mem[X,0x0000000080024962] -> 0x5555
[5291] [M]: 0x0000000080024960 (0x55558593) addi a1, a1, 1365
x11 <- 0xFFFFFD5555555555
mem[X,0x0000000080024964] -> 0x9593
mem[X,0x0000000080024966] -> 0x00B5
[5292] [M]: 0x0000000080024964 (0x00B59593) slli a1, a1, 11
x11 <- 0xFFEAAAAAAAAAA800
mem[X,0x0000000080024968] -> 0x8593
mem[X,0x000000008002496A] -> 0x2AA5
[5293] [M]: 0x0000000080024968 (0x2AA58593) addi a1, a1, 682
x11 <- 0xFFEAAAAAAAAAAAAA
mem[X,0x000000008002496C] -> 0x9593
mem[X,0x000000008002496E] -> 0x00A5
[5294] [M]: 0x000000008002496C (0x00A59593) slli a1, a1, 10
x11 <- 0xAAAAAAAAAAAAA800
mem[X,0x0000000080024970] -> 0x8593
mem[X,0x0000000080024972] -> 0x2AA5
[5295] [M]: 0x0000000080024970 (0x2AA58593) addi a1, a1, 682
x11 <- 0xAAAAAAAAAAAAAAAA
mem[X,0x0000000080024974] -> 0x0113
mem[X,0x0000000080024976] -> 0x0000
[5296] [M]: 0x0000000080024974 (0x00000113) addi sp, zero, 0
x2 <- 0x0000000000000000
mem[X,0x0000000080024978] -> 0x006F
mem[X,0x000000008002497A] -> 0x0180
[5297] [M]: 0x0000000080024978 (0x0180006F) jal zero, 24
mem[X,0x0000000080024990] -> 0x16E3
mem[X,0x0000000080024992] -> 0xFEB5
[5298] [M]: 0x0000000080024990 (0xFEB516E3) bne a0, a1, 8172
mem[X,0x000000008002497C] -> 0x0113
mem[X,0x000000008002497E] -> 0x0011
[5299] [M]: 0x000000008002497C (0x00110113) addi sp, sp, 1
x2 <- 0x0000000000000001
clint::tick mtime <- 0x0000000000000035
 clint timer pending at mtime 0x0000000000000035
htif::tick 0x0000000000000000
mem[X,0x0000000080024980] -> 0x006F
mem[X,0x0000000080024982] -> 0x0240
[5300] [M]: 0x0000000080024980 (0x0240006F) jal zero, 36
mem[X,0x00000000800249A4] -> 0xB823
mem[X,0x00000000800249A6] -> 0x2220
[5301] [M]: 0x00000000800249A4 (0x2220B823) sd sp, 560(ra)
mem[0x0000000080045C08] <- 0x0000000000000001
mem[X,0x00000000800249A8] -> 0x0537
mem[X,0x00000000800249AA] -> 0x0000
[5302] [M]: 0x00000000800249A8 (0x00000537) lui a0, 0
x10 <- 0x0000000000000000
mem[X,0x00000000800249AC] -> 0x0513
mem[X,0x00000000800249AE] -> 0x0005
[5303] [M]: 0x00000000800249AC (0x00050513) addi a0, a0, 0
x10 <- 0x0000000000000000
mem[X,0x00000000800249B0] -> 0x1513
mem[X,0x00000000800249B2] -> 0x00B5
[5304] [M]: 0x00000000800249B0 (0x00B51513) slli a0, a0, 11
x10 <- 0x0000000000000000
mem[X,0x00000000800249B4] -> 0x0513
mem[X,0x00000000800249B6] -> 0x5A85
[5305] [M]: 0x00000000800249B4 (0x5A850513) addi a0, a0, 1448
x10 <- 0x00000000000005A8
mem[X,0x00000000800249B8] -> 0x1513
mem[X,0x00000000800249BA] -> 0x00B5
[5306] [M]: 0x00000000800249B8 (0x00B51513) slli a0, a0, 11
x10 <- 0x00000000002D4000
mem[X,0x00000000800249BC] -> 0x0513
mem[X,0x00000000800249BE] -> 0x13C5
[5307] [M]: 0x00000000800249BC (0x13C50513) addi a0, a0, 316
x10 <- 0x00000000002D413C
mem[X,0x00000000800249C0] -> 0x1513
mem[X,0x00000000800249C2] -> 0x00A5
[5308] [M]: 0x00000000800249C0 (0x00A51513) slli a0, a0, 10
x10 <- 0x00000000B504F000
mem[X,0x00000000800249C4] -> 0x0513
mem[X,0x00000000800249C6] -> 0x3335
[5309] [M]: 0x00000000800249C4 (0x33350513) addi a0, a0, 819
x10 <- 0x00000000B504F333
mem[X,0x00000000800249C8] -> 0x0593
mem[X,0x00000000800249CA] -> 0x0050
[5310] [M]: 0x00000000800249C8 (0x00500593) addi a1, zero, 5
x11 <- 0x0000000000000005
mem[X,0x00000000800249CC] -> 0x0113
mem[X,0x00000000800249CE] -> 0x0000
[5311] [M]: 0x00000000800249CC (0x00000113) addi sp, zero, 0
x2 <- 0x0000000000000000
mem[X,0x00000000800249D0] -> 0x006F
mem[X,0x00000000800249D2] -> 0x00C0
[5312] [M]: 0x00000000800249D0 (0x00C0006F) jal zero, 12
mem[X,0x00000000800249DC] -> 0x1063
mem[X,0x00000000800249DE] -> 0x04B5
[5313] [M]: 0x00000000800249DC (0x04B51063) bne a0, a1, 64
mem[X,0x0000000080024A1C] -> 0x0113
mem[X,0x0000000080024A1E] -> 0x0031
[5314] [M]: 0x0000000080024A1C (0x00310113) addi sp, sp, 3
x2 <- 0x0000000000000003
mem[X,0x0000000080024A20] -> 0x006F
mem[X,0x0000000080024A22] -> 0x0040
[5315] [M]: 0x0000000080024A20 (0x0040006F) jal zero, 4
mem[X,0x0000000080024A24] -> 0xBC23
mem[X,0x0000000080024A26] -> 0x2220
[5316] [M]: 0x0000000080024A24 (0x2220BC23) sd sp, 568(ra)
mem[0x0000000080045C10] <- 0x0000000000000003
mem[X,0x0000000080024A28] -> 0x0537
mem[X,0x0000000080024A2A] -> 0x0000
[5317] [M]: 0x0000000080024A28 (0x00000537) lui a0, 0
x10 <- 0x0000000000000000
mem[X,0x0000000080024A2C] -> 0x0513
mem[X,0x0000000080024A2E] -> 0x0005
[5318] [M]: 0x0000000080024A2C (0x00050513) addi a0, a0, 0
x10 <- 0x0000000000000000
mem[X,0x0000000080024A30] -> 0x1513
mem[X,0x0000000080024A32] -> 0x00B5
[5319] [M]: 0x0000000080024A30 (0x00B51513) slli a0, a0, 11
x10 <- 0x0000000000000000
mem[X,0x0000000080024A34] -> 0x0513
mem[X,0x0000000080024A36] -> 0x5A85
[5320] [M]: 0x0000000080024A34 (0x5A850513) addi a0, a0, 1448
x10 <- 0x00000000000005A8
mem[X,0x0000000080024A38] -> 0x1513
mem[X,0x0000000080024A3A] -> 0x00B5
[5321] [M]: 0x0000000080024A38 (0x00B51513) slli a0, a0, 11
x10 <- 0x00000000002D4000
mem[X,0x0000000080024A3C] -> 0x0513
mem[X,0x0000000080024A3E] -> 0x13C5
[5322] [M]: 0x0000000080024A3C (0x13C50513) addi a0, a0, 316
x10 <- 0x00000000002D413C
mem[X,0x0000000080024A40] -> 0x1513
mem[X,0x0000000080024A42] -> 0x00A5
[5323] [M]: 0x0000000080024A40 (0x00A51513) slli a0, a0, 10
x10 <- 0x00000000B504F000
mem[X,0x0000000080024A44] -> 0x0513
mem[X,0x0000000080024A46] -> 0x3335
[5324] [M]: 0x0000000080024A44 (0x33350513) addi a0, a0, 819
x10 <- 0x00000000B504F333
mem[X,0x0000000080024A48] -> 0x35B7
mem[X,0x0000000080024A4A] -> 0x3333
[5325] [M]: 0x0000000080024A48 (0x333335B7) lui a1, 209715
x11 <- 0x0000000033333000
mem[X,0x0000000080024A4C] -> 0x8593
mem[X,0x0000000080024A4E] -> 0x3335
[5326] [M]: 0x0000000080024A4C (0x33358593) addi a1, a1, 819
x11 <- 0x0000000033333333
mem[X,0x0000000080024A50] -> 0x9593
mem[X,0x0000000080024A52] -> 0x00B5
[5327] [M]: 0x0000000080024A50 (0x00B59593) slli a1, a1, 11
x11 <- 0x0000019999999800
mem[X,0x0000000080024A54] -> 0x8593
mem[X,0x0000000080024A56] -> 0x1995
[5328] [M]: 0x0000000080024A54 (0x19958593) addi a1, a1, 409
x11 <- 0x0000019999999999
mem[X,0x0000000080024A58] -> 0x9593
mem[X,0x0000000080024A5A] -> 0x00B5
[5329] [M]: 0x0000000080024A58 (0x00B59593) slli a1, a1, 11
x11 <- 0x000CCCCCCCCCC800
mem[X,0x0000000080024A5C] -> 0x8593
mem[X,0x0000000080024A5E] -> 0x4CC5
[5330] [M]: 0x0000000080024A5C (0x4CC58593) addi a1, a1, 1228
x11 <- 0x000CCCCCCCCCCCCC
mem[X,0x0000000080024A60] -> 0x9593
mem[X,0x0000000080024A62] -> 0x00A5
[5331] [M]: 0x0000000080024A60 (0x00A59593) slli a1, a1, 10
x11 <- 0x3333333333333000
mem[X,0x0000000080024A64] -> 0x8593
mem[X,0x0000000080024A66] -> 0x3335
[5332] [M]: 0x0000000080024A64 (0x33358593) addi a1, a1, 819
x11 <- 0x3333333333333333
mem[X,0x0000000080024A68] -> 0x0113
mem[X,0x0000000080024A6A] -> 0x0000
[5333] [M]: 0x0000000080024A68 (0x00000113) addi sp, zero, 0
x2 <- 0x0000000000000000
mem[X,0x0000000080024A6C] -> 0x006F
mem[X,0x0000000080024A6E] -> 0x00C0
[5334] [M]: 0x0000000080024A6C (0x00C0006F) jal zero, 12
mem[X,0x0000000080024A78] -> 0x1063
mem[X,0x0000000080024A7A] -> 0x10B5
[5335] [M]: 0x0000000080024A78 (0x10B51063) bne a0, a1, 256
mem[X,0x0000000080024B78] -> 0x0113
mem[X,0x0000000080024B7A] -> 0x0031
[5336] [M]: 0x0000000080024B78 (0x00310113) addi sp, sp, 3
x2 <- 0x0000000000000003
mem[X,0x0000000080024B7C] -> 0x006F
mem[X,0x0000000080024B7E] -> 0x0040
[5337] [M]: 0x0000000080024B7C (0x0040006F) jal zero, 4
mem[X,0x0000000080024B80] -> 0xB023
mem[X,0x0000000080024B82] -> 0x2420
[5338] [M]: 0x0000000080024B80 (0x2420B023) sd sp, 576(ra)
mem[0x0000000080045C18] <- 0x0000000000000003
mem[X,0x0000000080024B84] -> 0x0537
mem[X,0x0000000080024B86] -> 0x0000
[5339] [M]: 0x0000000080024B84 (0x00000537) lui a0, 0
x10 <- 0x0000000000000000
mem[X,0x0000000080024B88] -> 0x0513
mem[X,0x0000000080024B8A] -> 0x0005
[5340] [M]: 0x0000000080024B88 (0x00050513) addi a0, a0, 0
x10 <- 0x0000000000000000
mem[X,0x0000000080024B8C] -> 0x1513
mem[X,0x0000000080024B8E] -> 0x00B5
[5341] [M]: 0x0000000080024B8C (0x00B51513) slli a0, a0, 11
x10 <- 0x0000000000000000
mem[X,0x0000000080024B90] -> 0x0513
mem[X,0x0000000080024B92] -> 0x5A85
[5342] [M]: 0x0000000080024B90 (0x5A850513) addi a0, a0, 1448
x10 <- 0x00000000000005A8
mem[X,0x0000000080024B94] -> 0x1513
mem[X,0x0000000080024B96] -> 0x00B5
[5343] [M]: 0x0000000080024B94 (0x00B51513) slli a0, a0, 11
x10 <- 0x00000000002D4000
mem[X,0x0000000080024B98] -> 0x0513
mem[X,0x0000000080024B9A] -> 0x13C5
[5344] [M]: 0x0000000080024B98 (0x13C50513) addi a0, a0, 316
x10 <- 0x00000000002D413C
mem[X,0x0000000080024B9C] -> 0x1513
mem[X,0x0000000080024B9E] -> 0x00A5
[5345] [M]: 0x0000000080024B9C (0x00A51513) slli a0, a0, 10
x10 <- 0x00000000B504F000
mem[X,0x0000000080024BA0] -> 0x0513
mem[X,0x0000000080024BA2] -> 0x3335
[5346] [M]: 0x0000000080024BA0 (0x33350513) addi a0, a0, 819
x10 <- 0x00000000B504F333
mem[X,0x0000000080024BA4] -> 0x65B7
mem[X,0x0000000080024BA6] -> 0x6666
[5347] [M]: 0x0000000080024BA4 (0x666665B7) lui a1, 419430
x11 <- 0x0000000066666000
mem[X,0x0000000080024BA8] -> 0x8593
mem[X,0x0000000080024BAA] -> 0x6665
[5348] [M]: 0x0000000080024BA8 (0x66658593) addi a1, a1, 1638
x11 <- 0x0000000066666666
mem[X,0x0000000080024BAC] -> 0x9593
mem[X,0x0000000080024BAE] -> 0x00B5
[5349] [M]: 0x0000000080024BAC (0x00B59593) slli a1, a1, 11
x11 <- 0x0000033333333000
mem[X,0x0000000080024BB0] -> 0x8593
mem[X,0x0000000080024BB2] -> 0x3335
[5350] [M]: 0x0000000080024BB0 (0x33358593) addi a1, a1, 819
x11 <- 0x0000033333333333
mem[X,0x0000000080024BB4] -> 0x9593
mem[X,0x0000000080024BB6] -> 0x00B5
[5351] [M]: 0x0000000080024BB4 (0x00B59593) slli a1, a1, 11
x11 <- 0x0019999999999800
mem[X,0x0000000080024BB8] -> 0x8593
mem[X,0x0000000080024BBA] -> 0x1995
[5352] [M]: 0x0000000080024BB8 (0x19958593) addi a1, a1, 409
x11 <- 0x0019999999999999
mem[X,0x0000000080024BBC] -> 0x9593
mem[X,0x0000000080024BBE] -> 0x00A5
[5353] [M]: 0x0000000080024BBC (0x00A59593) slli a1, a1, 10
x11 <- 0x6666666666666400
mem[X,0x0000000080024BC0] -> 0x8593
mem[X,0x0000000080024BC2] -> 0x2665
[5354] [M]: 0x0000000080024BC0 (0x26658593) addi a1, a1, 614
x11 <- 0x6666666666666666
mem[X,0x0000000080024BC4] -> 0x0113
mem[X,0x0000000080024BC6] -> 0x0000
[5355] [M]: 0x0000000080024BC4 (0x00000113) addi sp, zero, 0
x2 <- 0x0000000000000000
mem[X,0x0000000080024BC8] -> 0x006F
mem[X,0x0000000080024BCA] -> 0x00C0
[5356] [M]: 0x0000000080024BC8 (0x00C0006F) jal zero, 12
mem[X,0x0000000080024BD4] -> 0x1663
mem[X,0x0000000080024BD6] -> 0x00B5
[5357] [M]: 0x0000000080024BD4 (0x00B51663) bne a0, a1, 12
mem[X,0x0000000080024BE0] -> 0x0113
mem[X,0x0000000080024BE2] -> 0x0031
[5358] [M]: 0x0000000080024BE0 (0x00310113) addi sp, sp, 3
x2 <- 0x0000000000000003
mem[X,0x0000000080024BE4] -> 0x006F
mem[X,0x0000000080024BE6] -> 0x0040
[5359] [M]: 0x0000000080024BE4 (0x0040006F) jal zero, 4
mem[X,0x0000000080024BE8] -> 0xB423
mem[X,0x0000000080024BEA] -> 0x2420
[5360] [M]: 0x0000000080024BE8 (0x2420B423) sd sp, 584(ra)
mem[0x0000000080045C20] <- 0x0000000000000003
mem[X,0x0000000080024BEC] -> 0x0537
mem[X,0x0000000080024BEE] -> 0x0000
[5361] [M]: 0x0000000080024BEC (0x00000537) lui a0, 0
x10 <- 0x0000000000000000
mem[X,0x0000000080024BF0] -> 0x0513
mem[X,0x0000000080024BF2] -> 0x0005
[5362] [M]: 0x0000000080024BF0 (0x00050513) addi a0, a0, 0
x10 <- 0x0000000000000000
mem[X,0x0000000080024BF4] -> 0x1513
mem[X,0x0000000080024BF6] -> 0x00B5
[5363] [M]: 0x0000000080024BF4 (0x00B51513) slli a0, a0, 11
x10 <- 0x0000000000000000
mem[X,0x0000000080024BF8] -> 0x0513
mem[X,0x0000000080024BFA] -> 0x5A85
[5364] [M]: 0x0000000080024BF8 (0x5A850513) addi a0, a0, 1448
x10 <- 0x00000000000005A8
mem[X,0x0000000080024BFC] -> 0x1513
mem[X,0x0000000080024BFE] -> 0x00B5
[5365] [M]: 0x0000000080024BFC (0x00B51513) slli a0, a0, 11
x10 <- 0x00000000002D4000
mem[X,0x0000000080024C00] -> 0x0513
mem[X,0x0000000080024C02] -> 0x13C5
[5366] [M]: 0x0000000080024C00 (0x13C50513) addi a0, a0, 316
x10 <- 0x00000000002D413C
mem[X,0x0000000080024C04] -> 0x1513
mem[X,0x0000000080024C06] -> 0x00A5
[5367] [M]: 0x0000000080024C04 (0x00A51513) slli a0, a0, 10
x10 <- 0x00000000B504F000
mem[X,0x0000000080024C08] -> 0x0513
mem[X,0x0000000080024C0A] -> 0x3335
[5368] [M]: 0x0000000080024C08 (0x33350513) addi a0, a0, 819
x10 <- 0x00000000B504F333
mem[X,0x0000000080024C0C] -> 0x05B7
mem[X,0x0000000080024C0E] -> 0x0000
[5369] [M]: 0x0000000080024C0C (0x000005B7) lui a1, 0
x11 <- 0x0000000000000000
mem[X,0x0000000080024C10] -> 0x8593
mem[X,0x0000000080024C12] -> 0xFFF5
[5370] [M]: 0x0000000080024C10 (0xFFF58593) addi a1, a1, 4095
x11 <- 0xFFFFFFFFFFFFFFFF
mem[X,0x0000000080024C14] -> 0x9593
mem[X,0x0000000080024C16] -> 0x00B5
[5371] [M]: 0x0000000080024C14 (0x00B59593) slli a1, a1, 11
x11 <- 0xFFFFFFFFFFFFF800
mem[X,0x0000000080024C18] -> 0x8593
mem[X,0x0000000080024C1A] -> 0x2575
[5372] [M]: 0x0000000080024C18 (0x25758593) addi a1, a1, 599
x11 <- 0xFFFFFFFFFFFFFA57
mem[X,0x0000000080024C1C] -> 0x9593
mem[X,0x0000000080024C1E] -> 0x00B5
[5373] [M]: 0x0000000080024C1C (0x00B59593) slli a1, a1, 11
x11 <- 0xFFFFFFFFFFD2B800
mem[X,0x0000000080024C20] -> 0x8593
mem[X,0x0000000080024C22] -> 0x6C35
[5374] [M]: 0x0000000080024C20 (0x6C358593) addi a1, a1, 1731
x11 <- 0xFFFFFFFFFFD2BEC3
mem[X,0x0000000080024C24] -> 0x9593
mem[X,0x0000000080024C26] -> 0x00A5
[5375] [M]: 0x0000000080024C24 (0x00A59593) slli a1, a1, 10
x11 <- 0xFFFFFFFF4AFB0C00
mem[X,0x0000000080024C28] -> 0x8593
mem[X,0x0000000080024C2A] -> 0x0CD5
[5376] [M]: 0x0000000080024C28 (0x0CD58593) addi a1, a1, 205
x11 <- 0xFFFFFFFF4AFB0CCD
mem[X,0x0000000080024C2C] -> 0x0113
mem[X,0x0000000080024C2E] -> 0x0000
[5377] [M]: 0x0000000080024C2C (0x00000113) addi sp, zero, 0
x2 <- 0x0000000000000000
mem[X,0x0000000080024C30] -> 0x006F
mem[X,0x0000000080024C32] -> 0x00C0
[5378] [M]: 0x0000000080024C30 (0x00C0006F) jal zero, 12
mem[X,0x0000000080024C3C] -> 0x1063
mem[X,0x0000000080024C3E] -> 0x04B5
[5379] [M]: 0x0000000080024C3C (0x04B51063) bne a0, a1, 64
mem[X,0x0000000080024C7C] -> 0x0113
mem[X,0x0000000080024C7E] -> 0x0031
[5380] [M]: 0x0000000080024C7C (0x00310113) addi sp, sp, 3
x2 <- 0x0000000000000003
mem[X,0x0000000080024C80] -> 0x006F
mem[X,0x0000000080024C82] -> 0x0040
[5381] [M]: 0x0000000080024C80 (0x0040006F) jal zero, 4
mem[X,0x0000000080024C84] -> 0xB823
mem[X,0x0000000080024C86] -> 0x2420
[5382] [M]: 0x0000000080024C84 (0x2420B823) sd sp, 592(ra)
mem[0x0000000080045C28] <- 0x0000000000000003
mem[X,0x0000000080024C88] -> 0x0537
mem[X,0x0000000080024C8A] -> 0x0000
[5383] [M]: 0x0000000080024C88 (0x00000537) lui a0, 0
x10 <- 0x0000000000000000
mem[X,0x0000000080024C8C] -> 0x0513
mem[X,0x0000000080024C8E] -> 0x0005
[5384] [M]: 0x0000000080024C8C (0x00050513) addi a0, a0, 0
x10 <- 0x0000000000000000
mem[X,0x0000000080024C90] -> 0x1513
mem[X,0x0000000080024C92] -> 0x00B5
[5385] [M]: 0x0000000080024C90 (0x00B51513) slli a0, a0, 11
x10 <- 0x0000000000000000
mem[X,0x0000000080024C94] -> 0x0513
mem[X,0x0000000080024C96] -> 0x5A85
[5386] [M]: 0x0000000080024C94 (0x5A850513) addi a0, a0, 1448
x10 <- 0x00000000000005A8
mem[X,0x0000000080024C98] -> 0x1513
mem[X,0x0000000080024C9A] -> 0x00B5
[5387] [M]: 0x0000000080024C98 (0x00B51513) slli a0, a0, 11
x10 <- 0x00000000002D4000
mem[X,0x0000000080024C9C] -> 0x0513
mem[X,0x0000000080024C9E] -> 0x13C5
[5388] [M]: 0x0000000080024C9C (0x13C50513) addi a0, a0, 316
x10 <- 0x00000000002D413C
mem[X,0x0000000080024CA0] -> 0x1513
mem[X,0x0000000080024CA2] -> 0x00A5
[5389] [M]: 0x0000000080024CA0 (0x00A51513) slli a0, a0, 10
x10 <- 0x00000000B504F000
mem[X,0x0000000080024CA4] -> 0x0513
mem[X,0x0000000080024CA6] -> 0x3335
[5390] [M]: 0x0000000080024CA4 (0x33350513) addi a0, a0, 819
x10 <- 0x00000000B504F333
mem[X,0x0000000080024CA8] -> 0x05B7
mem[X,0x0000000080024CAA] -> 0x0000
[5391] [M]: 0x0000000080024CA8 (0x000005B7) lui a1, 0
x11 <- 0x0000000000000000
mem[X,0x0000000080024CAC] -> 0x8593
mem[X,0x0000000080024CAE] -> 0x0005
[5392] [M]: 0x0000000080024CAC (0x00058593) addi a1, a1, 0
x11 <- 0x0000000000000000
mem[X,0x0000000080024CB0] -> 0x9593
mem[X,0x0000000080024CB2] -> 0x00B5
[5393] [M]: 0x0000000080024CB0 (0x00B59593) slli a1, a1, 11
x11 <- 0x0000000000000000
mem[X,0x0000000080024CB4] -> 0x8593
mem[X,0x0000000080024CB6] -> 0x5A85
[5394] [M]: 0x0000000080024CB4 (0x5A858593) addi a1, a1, 1448
x11 <- 0x00000000000005A8
mem[X,0x0000000080024CB8] -> 0x9593
mem[X,0x0000000080024CBA] -> 0x00B5
[5395] [M]: 0x0000000080024CB8 (0x00B59593) slli a1, a1, 11
x11 <- 0x00000000002D4000
mem[X,0x0000000080024CBC] -> 0x8593
mem[X,0x0000000080024CBE] -> 0x13C5
[5396] [M]: 0x0000000080024CBC (0x13C58593) addi a1, a1, 316
x11 <- 0x00000000002D413C
mem[X,0x0000000080024CC0] -> 0x9593
mem[X,0x0000000080024CC2] -> 0x00A5
[5397] [M]: 0x0000000080024CC0 (0x00A59593) slli a1, a1, 10
x11 <- 0x00000000B504F000
mem[X,0x0000000080024CC4] -> 0x8593
mem[X,0x0000000080024CC6] -> 0x3335
[5398] [M]: 0x0000000080024CC4 (0x33358593) addi a1, a1, 819
x11 <- 0x00000000B504F333
mem[X,0x0000000080024CC8] -> 0x0113
mem[X,0x0000000080024CCA] -> 0x0000
[5399] [M]: 0x0000000080024CC8 (0x00000113) addi sp, zero, 0
x2 <- 0x0000000000000000
clint::tick mtime <- 0x0000000000000036
 clint timer pending at mtime 0x0000000000000036
htif::tick 0x0000000000000000
mem[X,0x0000000080024CCC] -> 0x006F
mem[X,0x0000000080024CCE] -> 0x00C0
[5400] [M]: 0x0000000080024CCC (0x00C0006F) jal zero, 12
mem[X,0x0000000080024CD8] -> 0x1663
mem[X,0x0000000080024CDA] -> 0x00B5
[5401] [M]: 0x0000000080024CD8 (0x00B51663) bne a0, a1, 12
mem[X,0x0000000080024CDC] -> 0x0113
mem[X,0x0000000080024CDE] -> 0x0021
[5402] [M]: 0x0000000080024CDC (0x00210113) addi sp, sp, 2
x2 <- 0x0000000000000002
mem[X,0x0000000080024CE0] -> 0x006F
mem[X,0x0000000080024CE2] -> 0x00C0
[5403] [M]: 0x0000000080024CE0 (0x00C0006F) jal zero, 12
mem[X,0x0000000080024CEC] -> 0xBC23
mem[X,0x0000000080024CEE] -> 0x2420
[5404] [M]: 0x0000000080024CEC (0x2420BC23) sd sp, 600(ra)
mem[0x0000000080045C30] <- 0x0000000000000002
mem[X,0x0000000080024CF0] -> 0x0537
mem[X,0x0000000080024CF2] -> 0x0000
[5405] [M]: 0x0000000080024CF0 (0x00000537) lui a0, 0
x10 <- 0x0000000000000000
mem[X,0x0000000080024CF4] -> 0x0513
mem[X,0x0000000080024CF6] -> 0x0005
[5406] [M]: 0x0000000080024CF4 (0x00050513) addi a0, a0, 0
x10 <- 0x0000000000000000
mem[X,0x0000000080024CF8] -> 0x1513
mem[X,0x0000000080024CFA] -> 0x00B5
[5407] [M]: 0x0000000080024CF8 (0x00B51513) slli a0, a0, 11
x10 <- 0x0000000000000000
mem[X,0x0000000080024CFC] -> 0x0513
mem[X,0x0000000080024CFE] -> 0x5A85
[5408] [M]: 0x0000000080024CFC (0x5A850513) addi a0, a0, 1448
x10 <- 0x00000000000005A8
mem[X,0x0000000080024D00] -> 0x1513
mem[X,0x0000000080024D02] -> 0x00B5
[5409] [M]: 0x0000000080024D00 (0x00B51513) slli a0, a0, 11
x10 <- 0x00000000002D4000
mem[X,0x0000000080024D04] -> 0x0513
mem[X,0x0000000080024D06] -> 0x13C5
[5410] [M]: 0x0000000080024D04 (0x13C50513) addi a0, a0, 316
x10 <- 0x00000000002D413C
mem[X,0x0000000080024D08] -> 0x1513
mem[X,0x0000000080024D0A] -> 0x00A5
[5411] [M]: 0x0000000080024D08 (0x00A51513) slli a0, a0, 10
x10 <- 0x00000000B504F000
mem[X,0x0000000080024D0C] -> 0x0513
mem[X,0x0000000080024D0E] -> 0x3335
[5412] [M]: 0x0000000080024D0C (0x33350513) addi a0, a0, 819
x10 <- 0x00000000B504F333
mem[X,0x0000000080024D10] -> 0x0593
mem[X,0x0000000080024D12] -> 0x0020
[5413] [M]: 0x0000000080024D10 (0x00200593) addi a1, zero, 2
x11 <- 0x0000000000000002
mem[X,0x0000000080024D14] -> 0x0113
mem[X,0x0000000080024D16] -> 0x0000
[5414] [M]: 0x0000000080024D14 (0x00000113) addi sp, zero, 0
x2 <- 0x0000000000000000
mem[X,0x0000000080024D18] -> 0x006F
mem[X,0x0000000080024D1A] -> 0x2B10
[5415] [M]: 0x0000000080024D18 (0x2B10006F) jal zero, 2736
mem[X,0x00000000800257C8] -> 0x1A63
mem[X,0x00000000800257CA] -> 0xD4B5
[5416] [M]: 0x00000000800257C8 (0xD4B51A63) bne a0, a1, 5460
mem[X,0x0000000080024D1C] -> 0x0113
mem[X,0x0000000080024D1E] -> 0x0011
[5417] [M]: 0x0000000080024D1C (0x00110113) addi sp, sp, 1
x2 <- 0x0000000000000001
mem[X,0x0000000080024D20] -> 0x006F
mem[X,0x0000000080024D22] -> 0x2BD0
[5418] [M]: 0x0000000080024D20 (0x2BD0006F) jal zero, 2748
mem[X,0x00000000800257DC] -> 0xB023
mem[X,0x00000000800257DE] -> 0x2620
[5419] [M]: 0x00000000800257DC (0x2620B023) sd sp, 608(ra)
mem[0x0000000080045C38] <- 0x0000000000000001
mem[X,0x00000000800257E0] -> 0x0537
mem[X,0x00000000800257E2] -> 0x0000
[5420] [M]: 0x00000000800257E0 (0x00000537) lui a0, 0
x10 <- 0x0000000000000000
mem[X,0x00000000800257E4] -> 0x0513
mem[X,0x00000000800257E6] -> 0x0005
[5421] [M]: 0x00000000800257E4 (0x00050513) addi a0, a0, 0
x10 <- 0x0000000000000000
mem[X,0x00000000800257E8] -> 0x1513
mem[X,0x00000000800257EA] -> 0x00B5
[5422] [M]: 0x00000000800257E8 (0x00B51513) slli a0, a0, 11
x10 <- 0x0000000000000000
mem[X,0x00000000800257EC] -> 0x0513
mem[X,0x00000000800257EE] -> 0x5A85
[5423] [M]: 0x00000000800257EC (0x5A850513) addi a0, a0, 1448
x10 <- 0x00000000000005A8
mem[X,0x00000000800257F0] -> 0x1513
mem[X,0x00000000800257F2] -> 0x00B5
[5424] [M]: 0x00000000800257F0 (0x00B51513) slli a0, a0, 11
x10 <- 0x00000000002D4000
mem[X,0x00000000800257F4] -> 0x0513
mem[X,0x00000000800257F6] -> 0x13C5
[5425] [M]: 0x00000000800257F4 (0x13C50513) addi a0, a0, 316
x10 <- 0x00000000002D413C
mem[X,0x00000000800257F8] -> 0x1513
mem[X,0x00000000800257FA] -> 0x00A5
[5426] [M]: 0x00000000800257F8 (0x00A51513) slli a0, a0, 10
x10 <- 0x00000000B504F000
mem[X,0x00000000800257FC] -> 0x0513
mem[X,0x00000000800257FE] -> 0x3335
[5427] [M]: 0x00000000800257FC (0x33350513) addi a0, a0, 819
x10 <- 0x00000000B504F333
mem[X,0x0000000080025800] -> 0x55B7
mem[X,0x0000000080025802] -> 0x5555
[5428] [M]: 0x0000000080025800 (0x555555B7) lui a1, 349525
x11 <- 0x0000000055555000
mem[X,0x0000000080025804] -> 0x8593
mem[X,0x0000000080025806] -> 0x5555
[5429] [M]: 0x0000000080025804 (0x55558593) addi a1, a1, 1365
x11 <- 0x0000000055555555
mem[X,0x0000000080025808] -> 0x9593
mem[X,0x000000008002580A] -> 0x00B5
[5430] [M]: 0x0000000080025808 (0x00B59593) slli a1, a1, 11
x11 <- 0x000002AAAAAAA800
mem[X,0x000000008002580C] -> 0x8593
mem[X,0x000000008002580E] -> 0x2AA5
[5431] [M]: 0x000000008002580C (0x2AA58593) addi a1, a1, 682
x11 <- 0x000002AAAAAAAAAA
mem[X,0x0000000080025810] -> 0x9593
mem[X,0x0000000080025812] -> 0x00B5
[5432] [M]: 0x0000000080025810 (0x00B59593) slli a1, a1, 11
x11 <- 0x0015555555555000
mem[X,0x0000000080025814] -> 0x8593
mem[X,0x0000000080025816] -> 0x5555
[5433] [M]: 0x0000000080025814 (0x55558593) addi a1, a1, 1365
x11 <- 0x0015555555555555
mem[X,0x0000000080025818] -> 0x9593
mem[X,0x000000008002581A] -> 0x00A5
[5434] [M]: 0x0000000080025818 (0x00A59593) slli a1, a1, 10
x11 <- 0x5555555555555400
mem[X,0x000000008002581C] -> 0x8593
mem[X,0x000000008002581E] -> 0x1545
[5435] [M]: 0x000000008002581C (0x15458593) addi a1, a1, 340
x11 <- 0x5555555555555554
mem[X,0x0000000080025820] -> 0x0113
mem[X,0x0000000080025822] -> 0x0000
[5436] [M]: 0x0000000080025820 (0x00000113) addi sp, zero, 0
x2 <- 0x0000000000000000
mem[X,0x0000000080025824] -> 0x006F
mem[X,0x0000000080025826] -> 0x00C0
[5437] [M]: 0x0000000080025824 (0x00C0006F) jal zero, 12
mem[X,0x0000000080025830] -> 0x1CE3
mem[X,0x0000000080025832] -> 0xFEB5
[5438] [M]: 0x0000000080025830 (0xFEB51CE3) bne a0, a1, 8184
mem[X,0x0000000080025828] -> 0x0113
mem[X,0x000000008002582A] -> 0x0011
[5439] [M]: 0x0000000080025828 (0x00110113) addi sp, sp, 1
x2 <- 0x0000000000000001
mem[X,0x000000008002582C] -> 0x006F
mem[X,0x000000008002582E] -> 0x0180
[5440] [M]: 0x000000008002582C (0x0180006F) jal zero, 24
mem[X,0x0000000080025844] -> 0xB423
mem[X,0x0000000080025846] -> 0x2620
[5441] [M]: 0x0000000080025844 (0x2620B423) sd sp, 616(ra)
mem[0x0000000080045C40] <- 0x0000000000000001
mem[X,0x0000000080025848] -> 0x0537
mem[X,0x000000008002584A] -> 0x0000
[5442] [M]: 0x0000000080025848 (0x00000537) lui a0, 0
x10 <- 0x0000000000000000
mem[X,0x000000008002584C] -> 0x0513
mem[X,0x000000008002584E] -> 0x0005
[5443] [M]: 0x000000008002584C (0x00050513) addi a0, a0, 0
x10 <- 0x0000000000000000
mem[X,0x0000000080025850] -> 0x1513
mem[X,0x0000000080025852] -> 0x00B5
[5444] [M]: 0x0000000080025850 (0x00B51513) slli a0, a0, 11
x10 <- 0x0000000000000000
mem[X,0x0000000080025854] -> 0x0513
mem[X,0x0000000080025856] -> 0x5A85
[5445] [M]: 0x0000000080025854 (0x5A850513) addi a0, a0, 1448
x10 <- 0x00000000000005A8
mem[X,0x0000000080025858] -> 0x1513
mem[X,0x000000008002585A] -> 0x00B5
[5446] [M]: 0x0000000080025858 (0x00B51513) slli a0, a0, 11
x10 <- 0x00000000002D4000
mem[X,0x000000008002585C] -> 0x0513
mem[X,0x000000008002585E] -> 0x13C5
[5447] [M]: 0x000000008002585C (0x13C50513) addi a0, a0, 316
x10 <- 0x00000000002D413C
mem[X,0x0000000080025860] -> 0x1513
mem[X,0x0000000080025862] -> 0x00A5
[5448] [M]: 0x0000000080025860 (0x00A51513) slli a0, a0, 10
x10 <- 0x00000000B504F000
mem[X,0x0000000080025864] -> 0x0513
mem[X,0x0000000080025866] -> 0x3335
[5449] [M]: 0x0000000080025864 (0x33350513) addi a0, a0, 819
x10 <- 0x00000000B504F333
mem[X,0x0000000080025868] -> 0x0593
mem[X,0x000000008002586A] -> 0x0000
[5450] [M]: 0x0000000080025868 (0x00000593) addi a1, zero, 0
x11 <- 0x0000000000000000
mem[X,0x000000008002586C] -> 0x0113
mem[X,0x000000008002586E] -> 0x0000
[5451] [M]: 0x000000008002586C (0x00000113) addi sp, zero, 0
x2 <- 0x0000000000000000
mem[X,0x0000000080025870] -> 0x006F
mem[X,0x0000000080025872] -> 0x00C0
[5452] [M]: 0x0000000080025870 (0x00C0006F) jal zero, 12
mem[X,0x000000008002587C] -> 0x1063
mem[X,0x000000008002587E] -> 0x04B5
[5453] [M]: 0x000000008002587C (0x04B51063) bne a0, a1, 64
mem[X,0x00000000800258BC] -> 0x0113
mem[X,0x00000000800258BE] -> 0x0031
[5454] [M]: 0x00000000800258BC (0x00310113) addi sp, sp, 3
x2 <- 0x0000000000000003
mem[X,0x00000000800258C0] -> 0x006F
mem[X,0x00000000800258C2] -> 0x0040
[5455] [M]: 0x00000000800258C0 (0x0040006F) jal zero, 4
mem[X,0x00000000800258C4] -> 0xB823
mem[X,0x00000000800258C6] -> 0x2620
[5456] [M]: 0x00000000800258C4 (0x2620B823) sd sp, 624(ra)
mem[0x0000000080045C48] <- 0x0000000000000003
mem[X,0x00000000800258C8] -> 0x0537
mem[X,0x00000000800258CA] -> 0x0000
[5457] [M]: 0x00000000800258C8 (0x00000537) lui a0, 0
x10 <- 0x0000000000000000
mem[X,0x00000000800258CC] -> 0x0513
mem[X,0x00000000800258CE] -> 0x0005
[5458] [M]: 0x00000000800258CC (0x00050513) addi a0, a0, 0
x10 <- 0x0000000000000000
mem[X,0x00000000800258D0] -> 0x1513
mem[X,0x00000000800258D2] -> 0x00B5
[5459] [M]: 0x00000000800258D0 (0x00B51513) slli a0, a0, 11
x10 <- 0x0000000000000000
mem[X,0x00000000800258D4] -> 0x0513
mem[X,0x00000000800258D6] -> 0x5A85
[5460] [M]: 0x00000000800258D4 (0x5A850513) addi a0, a0, 1448
x10 <- 0x00000000000005A8
mem[X,0x00000000800258D8] -> 0x1513
mem[X,0x00000000800258DA] -> 0x00B5
[5461] [M]: 0x00000000800258D8 (0x00B51513) slli a0, a0, 11
x10 <- 0x00000000002D4000
mem[X,0x00000000800258DC] -> 0x0513
mem[X,0x00000000800258DE] -> 0x13C5
[5462] [M]: 0x00000000800258DC (0x13C50513) addi a0, a0, 316
x10 <- 0x00000000002D413C
mem[X,0x00000000800258E0] -> 0x1513
mem[X,0x00000000800258E2] -> 0x00A5
[5463] [M]: 0x00000000800258E0 (0x00A51513) slli a0, a0, 10
x10 <- 0x00000000B504F000
mem[X,0x00000000800258E4] -> 0x0513
mem[X,0x00000000800258E6] -> 0x3335
[5464] [M]: 0x00000000800258E4 (0x33350513) addi a0, a0, 819
x10 <- 0x00000000B504F333
mem[X,0x00000000800258E8] -> 0x0593
mem[X,0x00000000800258EA] -> 0x0040
[5465] [M]: 0x00000000800258E8 (0x00400593) addi a1, zero, 4
x11 <- 0x0000000000000004
mem[X,0x00000000800258EC] -> 0x0113
mem[X,0x00000000800258EE] -> 0x0000
[5466] [M]: 0x00000000800258EC (0x00000113) addi sp, zero, 0
x2 <- 0x0000000000000000
mem[X,0x00000000800258F0] -> 0x006F
mem[X,0x00000000800258F2] -> 0x00C0
[5467] [M]: 0x00000000800258F0 (0x00C0006F) jal zero, 12
mem[X,0x00000000800258FC] -> 0x1663
mem[X,0x00000000800258FE] -> 0x00B5
[5468] [M]: 0x00000000800258FC (0x00B51663) bne a0, a1, 12
mem[X,0x0000000080025908] -> 0x0113
mem[X,0x000000008002590A] -> 0x0031
[5469] [M]: 0x0000000080025908 (0x00310113) addi sp, sp, 3
x2 <- 0x0000000000000003
mem[X,0x000000008002590C] -> 0x006F
mem[X,0x000000008002590E] -> 0x0040
[5470] [M]: 0x000000008002590C (0x0040006F) jal zero, 4
mem[X,0x0000000080025910] -> 0xBC23
mem[X,0x0000000080025912] -> 0x2620
[5471] [M]: 0x0000000080025910 (0x2620BC23) sd sp, 632(ra)
mem[0x0000000080045C50] <- 0x0000000000000003
mem[X,0x0000000080025914] -> 0x0537
mem[X,0x0000000080025916] -> 0x0000
[5472] [M]: 0x0000000080025914 (0x00000537) lui a0, 0
x10 <- 0x0000000000000000
mem[X,0x0000000080025918] -> 0x0513
mem[X,0x000000008002591A] -> 0x0005
[5473] [M]: 0x0000000080025918 (0x00050513) addi a0, a0, 0
x10 <- 0x0000000000000000
mem[X,0x000000008002591C] -> 0x1513
mem[X,0x000000008002591E] -> 0x00B5
[5474] [M]: 0x000000008002591C (0x00B51513) slli a0, a0, 11
x10 <- 0x0000000000000000
mem[X,0x0000000080025920] -> 0x0513
mem[X,0x0000000080025922] -> 0x5A85
[5475] [M]: 0x0000000080025920 (0x5A850513) addi a0, a0, 1448
x10 <- 0x00000000000005A8
mem[X,0x0000000080025924] -> 0x1513
mem[X,0x0000000080025926] -> 0x00B5
[5476] [M]: 0x0000000080025924 (0x00B51513) slli a0, a0, 11
x10 <- 0x00000000002D4000
mem[X,0x0000000080025928] -> 0x0513
mem[X,0x000000008002592A] -> 0x13C5
[5477] [M]: 0x0000000080025928 (0x13C50513) addi a0, a0, 316
x10 <- 0x00000000002D413C
mem[X,0x000000008002592C] -> 0x1513
mem[X,0x000000008002592E] -> 0x00A5
[5478] [M]: 0x000000008002592C (0x00A51513) slli a0, a0, 10
x10 <- 0x00000000B504F000
mem[X,0x0000000080025930] -> 0x0513
mem[X,0x0000000080025932] -> 0x3335
[5479] [M]: 0x0000000080025930 (0x33350513) addi a0, a0, 819
x10 <- 0x00000000B504F333
mem[X,0x0000000080025934] -> 0x35B7
mem[X,0x0000000080025936] -> 0x3333
[5480] [M]: 0x0000000080025934 (0x333335B7) lui a1, 209715
x11 <- 0x0000000033333000
mem[X,0x0000000080025938] -> 0x8593
mem[X,0x000000008002593A] -> 0x3335
[5481] [M]: 0x0000000080025938 (0x33358593) addi a1, a1, 819
x11 <- 0x0000000033333333
mem[X,0x000000008002593C] -> 0x9593
mem[X,0x000000008002593E] -> 0x00B5
[5482] [M]: 0x000000008002593C (0x00B59593) slli a1, a1, 11
x11 <- 0x0000019999999800
mem[X,0x0000000080025940] -> 0x8593
mem[X,0x0000000080025942] -> 0x1995
[5483] [M]: 0x0000000080025940 (0x19958593) addi a1, a1, 409
x11 <- 0x0000019999999999
mem[X,0x0000000080025944] -> 0x9593
mem[X,0x0000000080025946] -> 0x00B5
[5484] [M]: 0x0000000080025944 (0x00B59593) slli a1, a1, 11
x11 <- 0x000CCCCCCCCCC800
mem[X,0x0000000080025948] -> 0x8593
mem[X,0x000000008002594A] -> 0x4CC5
[5485] [M]: 0x0000000080025948 (0x4CC58593) addi a1, a1, 1228
x11 <- 0x000CCCCCCCCCCCCC
mem[X,0x000000008002594C] -> 0x9593
mem[X,0x000000008002594E] -> 0x00A5
[5486] [M]: 0x000000008002594C (0x00A59593) slli a1, a1, 10
x11 <- 0x3333333333333000
mem[X,0x0000000080025950] -> 0x8593
mem[X,0x0000000080025952] -> 0x3325
[5487] [M]: 0x0000000080025950 (0x33258593) addi a1, a1, 818
x11 <- 0x3333333333333332
mem[X,0x0000000080025954] -> 0x0113
mem[X,0x0000000080025956] -> 0x0000
[5488] [M]: 0x0000000080025954 (0x00000113) addi sp, zero, 0
x2 <- 0x0000000000000000
mem[X,0x0000000080025958] -> 0x006F
mem[X,0x000000008002595A] -> 0x00C0
[5489] [M]: 0x0000000080025958 (0x00C0006F) jal zero, 12
mem[X,0x0000000080025964] -> 0x1663
mem[X,0x0000000080025966] -> 0x00B5
[5490] [M]: 0x0000000080025964 (0x00B51663) bne a0, a1, 12
mem[X,0x0000000080025970] -> 0x0113
mem[X,0x0000000080025972] -> 0x0031
[5491] [M]: 0x0000000080025970 (0x00310113) addi sp, sp, 3
x2 <- 0x0000000000000003
mem[X,0x0000000080025974] -> 0x006F
mem[X,0x0000000080025976] -> 0x0040
[5492] [M]: 0x0000000080025974 (0x0040006F) jal zero, 4
mem[X,0x0000000080025978] -> 0xB023
mem[X,0x000000008002597A] -> 0x2820
[5493] [M]: 0x0000000080025978 (0x2820B023) sd sp, 640(ra)
mem[0x0000000080045C58] <- 0x0000000000000003
mem[X,0x000000008002597C] -> 0x0537
mem[X,0x000000008002597E] -> 0x0000
[5494] [M]: 0x000000008002597C (0x00000537) lui a0, 0
x10 <- 0x0000000000000000
mem[X,0x0000000080025980] -> 0x0513
mem[X,0x0000000080025982] -> 0x0005
[5495] [M]: 0x0000000080025980 (0x00050513) addi a0, a0, 0
x10 <- 0x0000000000000000
mem[X,0x0000000080025984] -> 0x1513
mem[X,0x0000000080025986] -> 0x00B5
[5496] [M]: 0x0000000080025984 (0x00B51513) slli a0, a0, 11
x10 <- 0x0000000000000000
mem[X,0x0000000080025988] -> 0x0513
mem[X,0x000000008002598A] -> 0x5A85
[5497] [M]: 0x0000000080025988 (0x5A850513) addi a0, a0, 1448
x10 <- 0x00000000000005A8
mem[X,0x000000008002598C] -> 0x1513
mem[X,0x000000008002598E] -> 0x00B5
[5498] [M]: 0x000000008002598C (0x00B51513) slli a0, a0, 11
x10 <- 0x00000000002D4000
mem[X,0x0000000080025990] -> 0x0513
mem[X,0x0000000080025992] -> 0x13C5
[5499] [M]: 0x0000000080025990 (0x13C50513) addi a0, a0, 316
x10 <- 0x00000000002D413C
clint::tick mtime <- 0x0000000000000037
 clint timer pending at mtime 0x0000000000000037
htif::tick 0x0000000000000000
mem[X,0x0000000080025994] -> 0x1513
mem[X,0x0000000080025996] -> 0x00A5
[5500] [M]: 0x0000000080025994 (0x00A51513) slli a0, a0, 10
x10 <- 0x00000000B504F000
mem[X,0x0000000080025998] -> 0x0513
mem[X,0x000000008002599A] -> 0x3335
[5501] [M]: 0x0000000080025998 (0x33350513) addi a0, a0, 819
x10 <- 0x00000000B504F333
mem[X,0x000000008002599C] -> 0x65B7
mem[X,0x000000008002599E] -> 0x6666
[5502] [M]: 0x000000008002599C (0x666665B7) lui a1, 419430
x11 <- 0x0000000066666000
mem[X,0x00000000800259A0] -> 0x8593
mem[X,0x00000000800259A2] -> 0x6665
[5503] [M]: 0x00000000800259A0 (0x66658593) addi a1, a1, 1638
x11 <- 0x0000000066666666
mem[X,0x00000000800259A4] -> 0x9593
mem[X,0x00000000800259A6] -> 0x00B5
[5504] [M]: 0x00000000800259A4 (0x00B59593) slli a1, a1, 11
x11 <- 0x0000033333333000
mem[X,0x00000000800259A8] -> 0x8593
mem[X,0x00000000800259AA] -> 0x3335
[5505] [M]: 0x00000000800259A8 (0x33358593) addi a1, a1, 819
x11 <- 0x0000033333333333
mem[X,0x00000000800259AC] -> 0x9593
mem[X,0x00000000800259AE] -> 0x00B5
[5506] [M]: 0x00000000800259AC (0x00B59593) slli a1, a1, 11
x11 <- 0x0019999999999800
mem[X,0x00000000800259B0] -> 0x8593
mem[X,0x00000000800259B2] -> 0x1995
[5507] [M]: 0x00000000800259B0 (0x19958593) addi a1, a1, 409
x11 <- 0x0019999999999999
mem[X,0x00000000800259B4] -> 0x9593
mem[X,0x00000000800259B6] -> 0x00A5
[5508] [M]: 0x00000000800259B4 (0x00A59593) slli a1, a1, 10
x11 <- 0x6666666666666400
mem[X,0x00000000800259B8] -> 0x8593
mem[X,0x00000000800259BA] -> 0x2655
[5509] [M]: 0x00000000800259B8 (0x26558593) addi a1, a1, 613
x11 <- 0x6666666666666665
mem[X,0x00000000800259BC] -> 0x0113
mem[X,0x00000000800259BE] -> 0x0000
[5510] [M]: 0x00000000800259BC (0x00000113) addi sp, zero, 0
x2 <- 0x0000000000000000
mem[X,0x00000000800259C0] -> 0x006F
mem[X,0x00000000800259C2] -> 0x00C0
[5511] [M]: 0x00000000800259C0 (0x00C0006F) jal zero, 12
mem[X,0x00000000800259CC] -> 0x1CE3
mem[X,0x00000000800259CE] -> 0xFEB5
[5512] [M]: 0x00000000800259CC (0xFEB51CE3) bne a0, a1, 8184
mem[X,0x00000000800259C4] -> 0x0113
mem[X,0x00000000800259C6] -> 0x0011
[5513] [M]: 0x00000000800259C4 (0x00110113) addi sp, sp, 1
x2 <- 0x0000000000000001
mem[X,0x00000000800259C8] -> 0x006F
mem[X,0x00000000800259CA] -> 0x0180
[5514] [M]: 0x00000000800259C8 (0x0180006F) jal zero, 24
mem[X,0x00000000800259E0] -> 0xB423
mem[X,0x00000000800259E2] -> 0x2820
[5515] [M]: 0x00000000800259E0 (0x2820B423) sd sp, 648(ra)
mem[0x0000000080045C60] <- 0x0000000000000001
mem[X,0x00000000800259E4] -> 0x0537
mem[X,0x00000000800259E6] -> 0x0000
[5516] [M]: 0x00000000800259E4 (0x00000537) lui a0, 0
x10 <- 0x0000000000000000
mem[X,0x00000000800259E8] -> 0x0513
mem[X,0x00000000800259EA] -> 0x0005
[5517] [M]: 0x00000000800259E8 (0x00050513) addi a0, a0, 0
x10 <- 0x0000000000000000
mem[X,0x00000000800259EC] -> 0x1513
mem[X,0x00000000800259EE] -> 0x00B5
[5518] [M]: 0x00000000800259EC (0x00B51513) slli a0, a0, 11
x10 <- 0x0000000000000000
mem[X,0x00000000800259F0] -> 0x0513
mem[X,0x00000000800259F2] -> 0x5A85
[5519] [M]: 0x00000000800259F0 (0x5A850513) addi a0, a0, 1448
x10 <- 0x00000000000005A8
mem[X,0x00000000800259F4] -> 0x1513
mem[X,0x00000000800259F6] -> 0x00B5
[5520] [M]: 0x00000000800259F4 (0x00B51513) slli a0, a0, 11
x10 <- 0x00000000002D4000
mem[X,0x00000000800259F8] -> 0x0513
mem[X,0x00000000800259FA] -> 0x13C5
[5521] [M]: 0x00000000800259F8 (0x13C50513) addi a0, a0, 316
x10 <- 0x00000000002D413C
mem[X,0x00000000800259FC] -> 0x1513
mem[X,0x00000000800259FE] -> 0x00A5
[5522] [M]: 0x00000000800259FC (0x00A51513) slli a0, a0, 10
x10 <- 0x00000000B504F000
mem[X,0x0000000080025A00] -> 0x0513
mem[X,0x0000000080025A02] -> 0x3335
[5523] [M]: 0x0000000080025A00 (0x33350513) addi a0, a0, 819
x10 <- 0x00000000B504F333
mem[X,0x0000000080025A04] -> 0x05B7
mem[X,0x0000000080025A06] -> 0x0000
[5524] [M]: 0x0000000080025A04 (0x000005B7) lui a1, 0
x11 <- 0x0000000000000000
mem[X,0x0000000080025A08] -> 0x8593
mem[X,0x0000000080025A0A] -> 0x0005
[5525] [M]: 0x0000000080025A08 (0x00058593) addi a1, a1, 0
x11 <- 0x0000000000000000
mem[X,0x0000000080025A0C] -> 0x9593
mem[X,0x0000000080025A0E] -> 0x00B5
[5526] [M]: 0x0000000080025A0C (0x00B59593) slli a1, a1, 11
x11 <- 0x0000000000000000
mem[X,0x0000000080025A10] -> 0x8593
mem[X,0x0000000080025A12] -> 0x5A85
[5527] [M]: 0x0000000080025A10 (0x5A858593) addi a1, a1, 1448
x11 <- 0x00000000000005A8
mem[X,0x0000000080025A14] -> 0x9593
mem[X,0x0000000080025A16] -> 0x00B5
[5528] [M]: 0x0000000080025A14 (0x00B59593) slli a1, a1, 11
x11 <- 0x00000000002D4000
mem[X,0x0000000080025A18] -> 0x8593
mem[X,0x0000000080025A1A] -> 0x13C5
[5529] [M]: 0x0000000080025A18 (0x13C58593) addi a1, a1, 316
x11 <- 0x00000000002D413C
mem[X,0x0000000080025A1C] -> 0x9593
mem[X,0x0000000080025A1E] -> 0x00A5
[5530] [M]: 0x0000000080025A1C (0x00A59593) slli a1, a1, 10
x11 <- 0x00000000B504F000
mem[X,0x0000000080025A20] -> 0x8593
mem[X,0x0000000080025A22] -> 0x3325
[5531] [M]: 0x0000000080025A20 (0x33258593) addi a1, a1, 818
x11 <- 0x00000000B504F332
mem[X,0x0000000080025A24] -> 0x0113
mem[X,0x0000000080025A26] -> 0x0000
[5532] [M]: 0x0000000080025A24 (0x00000113) addi sp, zero, 0
x2 <- 0x0000000000000000
mem[X,0x0000000080025A28] -> 0x006F
mem[X,0x0000000080025A2A] -> 0x2B10
[5533] [M]: 0x0000000080025A28 (0x2B10006F) jal zero, 2736
mem[X,0x00000000800264D8] -> 0x1A63
mem[X,0x00000000800264DA] -> 0xD4B5
[5534] [M]: 0x00000000800264D8 (0xD4B51A63) bne a0, a1, 5460
mem[X,0x0000000080025A2C] -> 0x0113
mem[X,0x0000000080025A2E] -> 0x0011
[5535] [M]: 0x0000000080025A2C (0x00110113) addi sp, sp, 1
x2 <- 0x0000000000000001
mem[X,0x0000000080025A30] -> 0x006F
mem[X,0x0000000080025A32] -> 0x2BD0
[5536] [M]: 0x0000000080025A30 (0x2BD0006F) jal zero, 2748
mem[X,0x00000000800264EC] -> 0xB823
mem[X,0x00000000800264EE] -> 0x2820
[5537] [M]: 0x00000000800264EC (0x2820B823) sd sp, 656(ra)
mem[0x0000000080045C68] <- 0x0000000000000001
mem[X,0x00000000800264F0] -> 0x0537
mem[X,0x00000000800264F2] -> 0x0000
[5538] [M]: 0x00000000800264F0 (0x00000537) lui a0, 0
x10 <- 0x0000000000000000
mem[X,0x00000000800264F4] -> 0x0513
mem[X,0x00000000800264F6] -> 0x0005
[5539] [M]: 0x00000000800264F4 (0x00050513) addi a0, a0, 0
x10 <- 0x0000000000000000
mem[X,0x00000000800264F8] -> 0x1513
mem[X,0x00000000800264FA] -> 0x00B5
[5540] [M]: 0x00000000800264F8 (0x00B51513) slli a0, a0, 11
x10 <- 0x0000000000000000
mem[X,0x00000000800264FC] -> 0x0513
mem[X,0x00000000800264FE] -> 0x5A85
[5541] [M]: 0x00000000800264FC (0x5A850513) addi a0, a0, 1448
x10 <- 0x00000000000005A8
mem[X,0x0000000080026500] -> 0x1513
mem[X,0x0000000080026502] -> 0x00B5
[5542] [M]: 0x0000000080026500 (0x00B51513) slli a0, a0, 11
x10 <- 0x00000000002D4000
mem[X,0x0000000080026504] -> 0x0513
mem[X,0x0000000080026506] -> 0x13C5
[5543] [M]: 0x0000000080026504 (0x13C50513) addi a0, a0, 316
x10 <- 0x00000000002D413C
mem[X,0x0000000080026508] -> 0x1513
mem[X,0x000000008002650A] -> 0x00A5
[5544] [M]: 0x0000000080026508 (0x00A51513) slli a0, a0, 10
x10 <- 0x00000000B504F000
mem[X,0x000000008002650C] -> 0x0513
mem[X,0x000000008002650E] -> 0x3335
[5545] [M]: 0x000000008002650C (0x33350513) addi a0, a0, 819
x10 <- 0x00000000B504F333
mem[X,0x0000000080026510] -> 0x55B7
mem[X,0x0000000080026512] -> 0x5555
[5546] [M]: 0x0000000080026510 (0x555555B7) lui a1, 349525
x11 <- 0x0000000055555000
mem[X,0x0000000080026514] -> 0x8593
mem[X,0x0000000080026516] -> 0x5555
[5547] [M]: 0x0000000080026514 (0x55558593) addi a1, a1, 1365
x11 <- 0x0000000055555555
mem[X,0x0000000080026518] -> 0x9593
mem[X,0x000000008002651A] -> 0x00B5
[5548] [M]: 0x0000000080026518 (0x00B59593) slli a1, a1, 11
x11 <- 0x000002AAAAAAA800
mem[X,0x000000008002651C] -> 0x8593
mem[X,0x000000008002651E] -> 0x2AA5
[5549] [M]: 0x000000008002651C (0x2AA58593) addi a1, a1, 682
x11 <- 0x000002AAAAAAAAAA
mem[X,0x0000000080026520] -> 0x9593
mem[X,0x0000000080026522] -> 0x00B5
[5550] [M]: 0x0000000080026520 (0x00B59593) slli a1, a1, 11
x11 <- 0x0015555555555000
mem[X,0x0000000080026524] -> 0x8593
mem[X,0x0000000080026526] -> 0x5555
[5551] [M]: 0x0000000080026524 (0x55558593) addi a1, a1, 1365
x11 <- 0x0015555555555555
mem[X,0x0000000080026528] -> 0x9593
mem[X,0x000000008002652A] -> 0x00A5
[5552] [M]: 0x0000000080026528 (0x00A59593) slli a1, a1, 10
x11 <- 0x5555555555555400
mem[X,0x000000008002652C] -> 0x8593
mem[X,0x000000008002652E] -> 0x1565
[5553] [M]: 0x000000008002652C (0x15658593) addi a1, a1, 342
x11 <- 0x5555555555555556
mem[X,0x0000000080026530] -> 0x0113
mem[X,0x0000000080026532] -> 0x0000
[5554] [M]: 0x0000000080026530 (0x00000113) addi sp, zero, 0
x2 <- 0x0000000000000000
mem[X,0x0000000080026534] -> 0x006F
mem[X,0x0000000080026536] -> 0x2B10
[5555] [M]: 0x0000000080026534 (0x2B10006F) jal zero, 2736
mem[X,0x0000000080026FE4] -> 0x1A63
mem[X,0x0000000080026FE6] -> 0xD4B5
[5556] [M]: 0x0000000080026FE4 (0xD4B51A63) bne a0, a1, 5460
mem[X,0x0000000080026538] -> 0x0113
mem[X,0x000000008002653A] -> 0x0011
[5557] [M]: 0x0000000080026538 (0x00110113) addi sp, sp, 1
x2 <- 0x0000000000000001
mem[X,0x000000008002653C] -> 0x006F
mem[X,0x000000008002653E] -> 0x2BD0
[5558] [M]: 0x000000008002653C (0x2BD0006F) jal zero, 2748
mem[X,0x0000000080026FF8] -> 0xBC23
mem[X,0x0000000080026FFA] -> 0x2820
[5559] [M]: 0x0000000080026FF8 (0x2820BC23) sd sp, 664(ra)
mem[0x0000000080045C70] <- 0x0000000000000001
mem[X,0x0000000080026FFC] -> 0x0537
mem[X,0x0000000080026FFE] -> 0x0000
[5560] [M]: 0x0000000080026FFC (0x00000537) lui a0, 0
x10 <- 0x0000000000000000
mem[X,0x0000000080027000] -> 0x0513
mem[X,0x0000000080027002] -> 0x0005
[5561] [M]: 0x0000000080027000 (0x00050513) addi a0, a0, 0
x10 <- 0x0000000000000000
mem[X,0x0000000080027004] -> 0x1513
mem[X,0x0000000080027006] -> 0x00B5
[5562] [M]: 0x0000000080027004 (0x00B51513) slli a0, a0, 11
x10 <- 0x0000000000000000
mem[X,0x0000000080027008] -> 0x0513
mem[X,0x000000008002700A] -> 0x5A85
[5563] [M]: 0x0000000080027008 (0x5A850513) addi a0, a0, 1448
x10 <- 0x00000000000005A8
mem[X,0x000000008002700C] -> 0x1513
mem[X,0x000000008002700E] -> 0x00B5
[5564] [M]: 0x000000008002700C (0x00B51513) slli a0, a0, 11
x10 <- 0x00000000002D4000
mem[X,0x0000000080027010] -> 0x0513
mem[X,0x0000000080027012] -> 0x13C5
[5565] [M]: 0x0000000080027010 (0x13C50513) addi a0, a0, 316
x10 <- 0x00000000002D413C
mem[X,0x0000000080027014] -> 0x1513
mem[X,0x0000000080027016] -> 0x00A5
[5566] [M]: 0x0000000080027014 (0x00A51513) slli a0, a0, 10
x10 <- 0x00000000B504F000
mem[X,0x0000000080027018] -> 0x0513
mem[X,0x000000008002701A] -> 0x3335
[5567] [M]: 0x0000000080027018 (0x33350513) addi a0, a0, 819
x10 <- 0x00000000B504F333
mem[X,0x000000008002701C] -> 0xB5B7
mem[X,0x000000008002701E] -> 0xAAAA
[5568] [M]: 0x000000008002701C (0xAAAAB5B7) lui a1, 699051
x11 <- 0xFFFFFFFFAAAAB000
mem[X,0x0000000080027020] -> 0x8593
mem[X,0x0000000080027022] -> 0xAAA5
[5569] [M]: 0x0000000080027020 (0xAAA58593) addi a1, a1, 2730
x11 <- 0xFFFFFFFFAAAAAAAA
mem[X,0x0000000080027024] -> 0x9593
mem[X,0x0000000080027026] -> 0x00B5
[5570] [M]: 0x0000000080027024 (0x00B59593) slli a1, a1, 11
x11 <- 0xFFFFFD5555555000
mem[X,0x0000000080027028] -> 0x8593
mem[X,0x000000008002702A] -> 0x5555
[5571] [M]: 0x0000000080027028 (0x55558593) addi a1, a1, 1365
x11 <- 0xFFFFFD5555555555
mem[X,0x000000008002702C] -> 0x9593
mem[X,0x000000008002702E] -> 0x00B5
[5572] [M]: 0x000000008002702C (0x00B59593) slli a1, a1, 11
x11 <- 0xFFEAAAAAAAAAA800
mem[X,0x0000000080027030] -> 0x8593
mem[X,0x0000000080027032] -> 0x2AA5
[5573] [M]: 0x0000000080027030 (0x2AA58593) addi a1, a1, 682
x11 <- 0xFFEAAAAAAAAAAAAA
mem[X,0x0000000080027034] -> 0x9593
mem[X,0x0000000080027036] -> 0x00A5
[5574] [M]: 0x0000000080027034 (0x00A59593) slli a1, a1, 10
x11 <- 0xAAAAAAAAAAAAA800
mem[X,0x0000000080027038] -> 0x8593
mem[X,0x000000008002703A] -> 0x2AB5
[5575] [M]: 0x0000000080027038 (0x2AB58593) addi a1, a1, 683
x11 <- 0xAAAAAAAAAAAAAAAB
mem[X,0x000000008002703C] -> 0x0113
mem[X,0x000000008002703E] -> 0x0000
[5576] [M]: 0x000000008002703C (0x00000113) addi sp, zero, 0
x2 <- 0x0000000000000000
mem[X,0x0000000080027040] -> 0x006F
mem[X,0x0000000080027042] -> 0x00C0
[5577] [M]: 0x0000000080027040 (0x00C0006F) jal zero, 12
mem[X,0x000000008002704C] -> 0x1663
mem[X,0x000000008002704E] -> 0x00B5
[5578] [M]: 0x000000008002704C (0x00B51663) bne a0, a1, 12
mem[X,0x0000000080027058] -> 0x0113
mem[X,0x000000008002705A] -> 0x0031
[5579] [M]: 0x0000000080027058 (0x00310113) addi sp, sp, 3
x2 <- 0x0000000000000003
mem[X,0x000000008002705C] -> 0x006F
mem[X,0x000000008002705E] -> 0x0040
[5580] [M]: 0x000000008002705C (0x0040006F) jal zero, 4
mem[X,0x0000000080027060] -> 0xB023
mem[X,0x0000000080027062] -> 0x2A20
[5581] [M]: 0x0000000080027060 (0x2A20B023) sd sp, 672(ra)
mem[0x0000000080045C78] <- 0x0000000000000003
mem[X,0x0000000080027064] -> 0x0537
mem[X,0x0000000080027066] -> 0x0000
[5582] [M]: 0x0000000080027064 (0x00000537) lui a0, 0
x10 <- 0x0000000000000000
mem[X,0x0000000080027068] -> 0x0513
mem[X,0x000000008002706A] -> 0x0005
[5583] [M]: 0x0000000080027068 (0x00050513) addi a0, a0, 0
x10 <- 0x0000000000000000
mem[X,0x000000008002706C] -> 0x1513
mem[X,0x000000008002706E] -> 0x00B5
[5584] [M]: 0x000000008002706C (0x00B51513) slli a0, a0, 11
x10 <- 0x0000000000000000
mem[X,0x0000000080027070] -> 0x0513
mem[X,0x0000000080027072] -> 0x5A85
[5585] [M]: 0x0000000080027070 (0x5A850513) addi a0, a0, 1448
x10 <- 0x00000000000005A8
mem[X,0x0000000080027074] -> 0x1513
mem[X,0x0000000080027076] -> 0x00B5
[5586] [M]: 0x0000000080027074 (0x00B51513) slli a0, a0, 11
x10 <- 0x00000000002D4000
mem[X,0x0000000080027078] -> 0x0513
mem[X,0x000000008002707A] -> 0x13C5
[5587] [M]: 0x0000000080027078 (0x13C50513) addi a0, a0, 316
x10 <- 0x00000000002D413C
mem[X,0x000000008002707C] -> 0x1513
mem[X,0x000000008002707E] -> 0x00A5
[5588] [M]: 0x000000008002707C (0x00A51513) slli a0, a0, 10
x10 <- 0x00000000B504F000
mem[X,0x0000000080027080] -> 0x0513
mem[X,0x0000000080027082] -> 0x3335
[5589] [M]: 0x0000000080027080 (0x33350513) addi a0, a0, 819
x10 <- 0x00000000B504F333
mem[X,0x0000000080027084] -> 0x0593
mem[X,0x0000000080027086] -> 0x0060
[5590] [M]: 0x0000000080027084 (0x00600593) addi a1, zero, 6
x11 <- 0x0000000000000006
mem[X,0x0000000080027088] -> 0x0113
mem[X,0x000000008002708A] -> 0x0000
[5591] [M]: 0x0000000080027088 (0x00000113) addi sp, zero, 0
x2 <- 0x0000000000000000
mem[X,0x000000008002708C] -> 0x006F
mem[X,0x000000008002708E] -> 0x00C0
[5592] [M]: 0x000000008002708C (0x00C0006F) jal zero, 12
mem[X,0x0000000080027098] -> 0x1663
mem[X,0x000000008002709A] -> 0x00B5
[5593] [M]: 0x0000000080027098 (0x00B51663) bne a0, a1, 12
mem[X,0x00000000800270A4] -> 0x0113
mem[X,0x00000000800270A6] -> 0x0031
[5594] [M]: 0x00000000800270A4 (0x00310113) addi sp, sp, 3
x2 <- 0x0000000000000003
mem[X,0x00000000800270A8] -> 0x006F
mem[X,0x00000000800270AA] -> 0x0040
[5595] [M]: 0x00000000800270A8 (0x0040006F) jal zero, 4
mem[X,0x00000000800270AC] -> 0xB423
mem[X,0x00000000800270AE] -> 0x2A20
[5596] [M]: 0x00000000800270AC (0x2A20B423) sd sp, 680(ra)
mem[0x0000000080045C80] <- 0x0000000000000003
mem[X,0x00000000800270B0] -> 0x0537
mem[X,0x00000000800270B2] -> 0x0000
[5597] [M]: 0x00000000800270B0 (0x00000537) lui a0, 0
x10 <- 0x0000000000000000
mem[X,0x00000000800270B4] -> 0x0513
mem[X,0x00000000800270B6] -> 0x0005
[5598] [M]: 0x00000000800270B4 (0x00050513) addi a0, a0, 0
x10 <- 0x0000000000000000
mem[X,0x00000000800270B8] -> 0x1513
mem[X,0x00000000800270BA] -> 0x00B5
[5599] [M]: 0x00000000800270B8 (0x00B51513) slli a0, a0, 11
x10 <- 0x0000000000000000
clint::tick mtime <- 0x0000000000000038
 clint timer pending at mtime 0x0000000000000038
htif::tick 0x0000000000000000
mem[X,0x00000000800270BC] -> 0x0513
mem[X,0x00000000800270BE] -> 0x5A85
[5600] [M]: 0x00000000800270BC (0x5A850513) addi a0, a0, 1448
x10 <- 0x00000000000005A8
mem[X,0x00000000800270C0] -> 0x1513
mem[X,0x00000000800270C2] -> 0x00B5
[5601] [M]: 0x00000000800270C0 (0x00B51513) slli a0, a0, 11
x10 <- 0x00000000002D4000
mem[X,0x00000000800270C4] -> 0x0513
mem[X,0x00000000800270C6] -> 0x13C5
[5602] [M]: 0x00000000800270C4 (0x13C50513) addi a0, a0, 316
x10 <- 0x00000000002D413C
mem[X,0x00000000800270C8] -> 0x1513
mem[X,0x00000000800270CA] -> 0x00A5
[5603] [M]: 0x00000000800270C8 (0x00A51513) slli a0, a0, 10
x10 <- 0x00000000B504F000
mem[X,0x00000000800270CC] -> 0x0513
mem[X,0x00000000800270CE] -> 0x3335
[5604] [M]: 0x00000000800270CC (0x33350513) addi a0, a0, 819
x10 <- 0x00000000B504F333
mem[X,0x00000000800270D0] -> 0x35B7
mem[X,0x00000000800270D2] -> 0x3333
[5605] [M]: 0x00000000800270D0 (0x333335B7) lui a1, 209715
x11 <- 0x0000000033333000
mem[X,0x00000000800270D4] -> 0x8593
mem[X,0x00000000800270D6] -> 0x3335
[5606] [M]: 0x00000000800270D4 (0x33358593) addi a1, a1, 819
x11 <- 0x0000000033333333
mem[X,0x00000000800270D8] -> 0x9593
mem[X,0x00000000800270DA] -> 0x00B5
[5607] [M]: 0x00000000800270D8 (0x00B59593) slli a1, a1, 11
x11 <- 0x0000019999999800
mem[X,0x00000000800270DC] -> 0x8593
mem[X,0x00000000800270DE] -> 0x1995
[5608] [M]: 0x00000000800270DC (0x19958593) addi a1, a1, 409
x11 <- 0x0000019999999999
mem[X,0x00000000800270E0] -> 0x9593
mem[X,0x00000000800270E2] -> 0x00B5
[5609] [M]: 0x00000000800270E0 (0x00B59593) slli a1, a1, 11
x11 <- 0x000CCCCCCCCCC800
mem[X,0x00000000800270E4] -> 0x8593
mem[X,0x00000000800270E6] -> 0x4CC5
[5610] [M]: 0x00000000800270E4 (0x4CC58593) addi a1, a1, 1228
x11 <- 0x000CCCCCCCCCCCCC
mem[X,0x00000000800270E8] -> 0x9593
mem[X,0x00000000800270EA] -> 0x00A5
[5611] [M]: 0x00000000800270E8 (0x00A59593) slli a1, a1, 10
x11 <- 0x3333333333333000
mem[X,0x00000000800270EC] -> 0x8593
mem[X,0x00000000800270EE] -> 0x3345
[5612] [M]: 0x00000000800270EC (0x33458593) addi a1, a1, 820
x11 <- 0x3333333333333334
mem[X,0x00000000800270F0] -> 0x0113
mem[X,0x00000000800270F2] -> 0x0000
[5613] [M]: 0x00000000800270F0 (0x00000113) addi sp, zero, 0
x2 <- 0x0000000000000000
mem[X,0x00000000800270F4] -> 0x006F
mem[X,0x00000000800270F6] -> 0x00C0
[5614] [M]: 0x00000000800270F4 (0x00C0006F) jal zero, 12
mem[X,0x0000000080027100] -> 0x1063
mem[X,0x0000000080027102] -> 0x08B5
[5615] [M]: 0x0000000080027100 (0x08B51063) bne a0, a1, 128
mem[X,0x0000000080027180] -> 0x0113
mem[X,0x0000000080027182] -> 0x0031
[5616] [M]: 0x0000000080027180 (0x00310113) addi sp, sp, 3
x2 <- 0x0000000000000003
mem[X,0x0000000080027184] -> 0x006F
mem[X,0x0000000080027186] -> 0x0040
[5617] [M]: 0x0000000080027184 (0x0040006F) jal zero, 4
mem[X,0x0000000080027188] -> 0xB823
mem[X,0x000000008002718A] -> 0x2A20
[5618] [M]: 0x0000000080027188 (0x2A20B823) sd sp, 688(ra)
mem[0x0000000080045C88] <- 0x0000000000000003
mem[X,0x000000008002718C] -> 0x0537
mem[X,0x000000008002718E] -> 0x0000
[5619] [M]: 0x000000008002718C (0x00000537) lui a0, 0
x10 <- 0x0000000000000000
mem[X,0x0000000080027190] -> 0x0513
mem[X,0x0000000080027192] -> 0x0005
[5620] [M]: 0x0000000080027190 (0x00050513) addi a0, a0, 0
x10 <- 0x0000000000000000
mem[X,0x0000000080027194] -> 0x1513
mem[X,0x0000000080027196] -> 0x00B5
[5621] [M]: 0x0000000080027194 (0x00B51513) slli a0, a0, 11
x10 <- 0x0000000000000000
mem[X,0x0000000080027198] -> 0x0513
mem[X,0x000000008002719A] -> 0x5A85
[5622] [M]: 0x0000000080027198 (0x5A850513) addi a0, a0, 1448
x10 <- 0x00000000000005A8
mem[X,0x000000008002719C] -> 0x1513
mem[X,0x000000008002719E] -> 0x00B5
[5623] [M]: 0x000000008002719C (0x00B51513) slli a0, a0, 11
x10 <- 0x00000000002D4000
mem[X,0x00000000800271A0] -> 0x0513
mem[X,0x00000000800271A2] -> 0x13C5
[5624] [M]: 0x00000000800271A0 (0x13C50513) addi a0, a0, 316
x10 <- 0x00000000002D413C
mem[X,0x00000000800271A4] -> 0x1513
mem[X,0x00000000800271A6] -> 0x00A5
[5625] [M]: 0x00000000800271A4 (0x00A51513) slli a0, a0, 10
x10 <- 0x00000000B504F000
mem[X,0x00000000800271A8] -> 0x0513
mem[X,0x00000000800271AA] -> 0x3335
[5626] [M]: 0x00000000800271A8 (0x33350513) addi a0, a0, 819
x10 <- 0x00000000B504F333
mem[X,0x00000000800271AC] -> 0x65B7
mem[X,0x00000000800271AE] -> 0x6666
[5627] [M]: 0x00000000800271AC (0x666665B7) lui a1, 419430
x11 <- 0x0000000066666000
mem[X,0x00000000800271B0] -> 0x8593
mem[X,0x00000000800271B2] -> 0x6665
[5628] [M]: 0x00000000800271B0 (0x66658593) addi a1, a1, 1638
x11 <- 0x0000000066666666
mem[X,0x00000000800271B4] -> 0x9593
mem[X,0x00000000800271B6] -> 0x00B5
[5629] [M]: 0x00000000800271B4 (0x00B59593) slli a1, a1, 11
x11 <- 0x0000033333333000
mem[X,0x00000000800271B8] -> 0x8593
mem[X,0x00000000800271BA] -> 0x3335
[5630] [M]: 0x00000000800271B8 (0x33358593) addi a1, a1, 819
x11 <- 0x0000033333333333
mem[X,0x00000000800271BC] -> 0x9593
mem[X,0x00000000800271BE] -> 0x00B5
[5631] [M]: 0x00000000800271BC (0x00B59593) slli a1, a1, 11
x11 <- 0x0019999999999800
mem[X,0x00000000800271C0] -> 0x8593
mem[X,0x00000000800271C2] -> 0x1995
[5632] [M]: 0x00000000800271C0 (0x19958593) addi a1, a1, 409
x11 <- 0x0019999999999999
mem[X,0x00000000800271C4] -> 0x9593
mem[X,0x00000000800271C6] -> 0x00A5
[5633] [M]: 0x00000000800271C4 (0x00A59593) slli a1, a1, 10
x11 <- 0x6666666666666400
mem[X,0x00000000800271C8] -> 0x8593
mem[X,0x00000000800271CA] -> 0x2675
[5634] [M]: 0x00000000800271C8 (0x26758593) addi a1, a1, 615
x11 <- 0x6666666666666667
mem[X,0x00000000800271CC] -> 0x0113
mem[X,0x00000000800271CE] -> 0x0000
[5635] [M]: 0x00000000800271CC (0x00000113) addi sp, zero, 0
x2 <- 0x0000000000000000
mem[X,0x00000000800271D0] -> 0x006F
mem[X,0x00000000800271D2] -> 0x00C0
[5636] [M]: 0x00000000800271D0 (0x00C0006F) jal zero, 12
mem[X,0x00000000800271DC] -> 0x1063
mem[X,0x00000000800271DE] -> 0x08B5
[5637] [M]: 0x00000000800271DC (0x08B51063) bne a0, a1, 128
mem[X,0x000000008002725C] -> 0x0113
mem[X,0x000000008002725E] -> 0x0031
[5638] [M]: 0x000000008002725C (0x00310113) addi sp, sp, 3
x2 <- 0x0000000000000003
mem[X,0x0000000080027260] -> 0x006F
mem[X,0x0000000080027262] -> 0x0040
[5639] [M]: 0x0000000080027260 (0x0040006F) jal zero, 4
mem[X,0x0000000080027264] -> 0xBC23
mem[X,0x0000000080027266] -> 0x2A20
[5640] [M]: 0x0000000080027264 (0x2A20BC23) sd sp, 696(ra)
mem[0x0000000080045C90] <- 0x0000000000000003
mem[X,0x0000000080027268] -> 0x0537
mem[X,0x000000008002726A] -> 0x0000
[5641] [M]: 0x0000000080027268 (0x00000537) lui a0, 0
x10 <- 0x0000000000000000
mem[X,0x000000008002726C] -> 0x0513
mem[X,0x000000008002726E] -> 0x0005
[5642] [M]: 0x000000008002726C (0x00050513) addi a0, a0, 0
x10 <- 0x0000000000000000
mem[X,0x0000000080027270] -> 0x1513
mem[X,0x0000000080027272] -> 0x00B5
[5643] [M]: 0x0000000080027270 (0x00B51513) slli a0, a0, 11
x10 <- 0x0000000000000000
mem[X,0x0000000080027274] -> 0x0513
mem[X,0x0000000080027276] -> 0x5A85
[5644] [M]: 0x0000000080027274 (0x5A850513) addi a0, a0, 1448
x10 <- 0x00000000000005A8
mem[X,0x0000000080027278] -> 0x1513
mem[X,0x000000008002727A] -> 0x00B5
[5645] [M]: 0x0000000080027278 (0x00B51513) slli a0, a0, 11
x10 <- 0x00000000002D4000
mem[X,0x000000008002727C] -> 0x0513
mem[X,0x000000008002727E] -> 0x13C5
[5646] [M]: 0x000000008002727C (0x13C50513) addi a0, a0, 316
x10 <- 0x00000000002D413C
mem[X,0x0000000080027280] -> 0x1513
mem[X,0x0000000080027282] -> 0x00A5
[5647] [M]: 0x0000000080027280 (0x00A51513) slli a0, a0, 10
x10 <- 0x00000000B504F000
mem[X,0x0000000080027284] -> 0x0513
mem[X,0x0000000080027286] -> 0x3335
[5648] [M]: 0x0000000080027284 (0x33350513) addi a0, a0, 819
x10 <- 0x00000000B504F333
mem[X,0x0000000080027288] -> 0x05B7
mem[X,0x000000008002728A] -> 0x0000
[5649] [M]: 0x0000000080027288 (0x000005B7) lui a1, 0
x11 <- 0x0000000000000000
mem[X,0x000000008002728C] -> 0x8593
mem[X,0x000000008002728E] -> 0xFFF5
[5650] [M]: 0x000000008002728C (0xFFF58593) addi a1, a1, 4095
x11 <- 0xFFFFFFFFFFFFFFFF
mem[X,0x0000000080027290] -> 0x9593
mem[X,0x0000000080027292] -> 0x00B5
[5651] [M]: 0x0000000080027290 (0x00B59593) slli a1, a1, 11
x11 <- 0xFFFFFFFFFFFFF800
mem[X,0x0000000080027294] -> 0x8593
mem[X,0x0000000080027296] -> 0x2575
[5652] [M]: 0x0000000080027294 (0x25758593) addi a1, a1, 599
x11 <- 0xFFFFFFFFFFFFFA57
mem[X,0x0000000080027298] -> 0x9593
mem[X,0x000000008002729A] -> 0x00B5
[5653] [M]: 0x0000000080027298 (0x00B59593) slli a1, a1, 11
x11 <- 0xFFFFFFFFFFD2B800
mem[X,0x000000008002729C] -> 0x8593
mem[X,0x000000008002729E] -> 0x6C35
[5654] [M]: 0x000000008002729C (0x6C358593) addi a1, a1, 1731
x11 <- 0xFFFFFFFFFFD2BEC3
mem[X,0x00000000800272A0] -> 0x9593
mem[X,0x00000000800272A2] -> 0x00A5
[5655] [M]: 0x00000000800272A0 (0x00A59593) slli a1, a1, 10
x11 <- 0xFFFFFFFF4AFB0C00
mem[X,0x00000000800272A4] -> 0x8593
mem[X,0x00000000800272A6] -> 0x0CE5
[5656] [M]: 0x00000000800272A4 (0x0CE58593) addi a1, a1, 206
x11 <- 0xFFFFFFFF4AFB0CCE
mem[X,0x00000000800272A8] -> 0x0113
mem[X,0x00000000800272AA] -> 0x0000
[5657] [M]: 0x00000000800272A8 (0x00000113) addi sp, zero, 0
x2 <- 0x0000000000000000
mem[X,0x00000000800272AC] -> 0x006F
mem[X,0x00000000800272AE] -> 0x0050
[5658] [M]: 0x00000000800272AC (0x0050006F) jal zero, 2052
mem[X,0x0000000080027AB0] -> 0x10E3
mem[X,0x0000000080027AB2] -> 0x80B5
[5659] [M]: 0x0000000080027AB0 (0x80B510E3) bne a0, a1, 6144
mem[X,0x00000000800272B0] -> 0x0113
mem[X,0x00000000800272B2] -> 0x0011
[5660] [M]: 0x00000000800272B0 (0x00110113) addi sp, sp, 1
x2 <- 0x0000000000000001
mem[X,0x00000000800272B4] -> 0x006F
mem[X,0x00000000800272B6] -> 0x0110
[5661] [M]: 0x00000000800272B4 (0x0110006F) jal zero, 2064
mem[X,0x0000000080027AC4] -> 0xB023
mem[X,0x0000000080027AC6] -> 0x2C20
[5662] [M]: 0x0000000080027AC4 (0x2C20B023) sd sp, 704(ra)
mem[0x0000000080045C98] <- 0x0000000000000001
mem[X,0x0000000080027AC8] -> 0x0537
mem[X,0x0000000080027ACA] -> 0x0000
[5663] [M]: 0x0000000080027AC8 (0x00000537) lui a0, 0
x10 <- 0x0000000000000000
mem[X,0x0000000080027ACC] -> 0x0513
mem[X,0x0000000080027ACE] -> 0x0005
[5664] [M]: 0x0000000080027ACC (0x00050513) addi a0, a0, 0
x10 <- 0x0000000000000000
mem[X,0x0000000080027AD0] -> 0x1513
mem[X,0x0000000080027AD2] -> 0x00B5
[5665] [M]: 0x0000000080027AD0 (0x00B51513) slli a0, a0, 11
x10 <- 0x0000000000000000
mem[X,0x0000000080027AD4] -> 0x0513
mem[X,0x0000000080027AD6] -> 0x5A85
[5666] [M]: 0x0000000080027AD4 (0x5A850513) addi a0, a0, 1448
x10 <- 0x00000000000005A8
mem[X,0x0000000080027AD8] -> 0x1513
mem[X,0x0000000080027ADA] -> 0x00B5
[5667] [M]: 0x0000000080027AD8 (0x00B51513) slli a0, a0, 11
x10 <- 0x00000000002D4000
mem[X,0x0000000080027ADC] -> 0x0513
mem[X,0x0000000080027ADE] -> 0x13C5
[5668] [M]: 0x0000000080027ADC (0x13C50513) addi a0, a0, 316
x10 <- 0x00000000002D413C
mem[X,0x0000000080027AE0] -> 0x1513
mem[X,0x0000000080027AE2] -> 0x00A5
[5669] [M]: 0x0000000080027AE0 (0x00A51513) slli a0, a0, 10
x10 <- 0x00000000B504F000
mem[X,0x0000000080027AE4] -> 0x0513
mem[X,0x0000000080027AE6] -> 0x3335
[5670] [M]: 0x0000000080027AE4 (0x33350513) addi a0, a0, 819
x10 <- 0x00000000B504F333
mem[X,0x0000000080027AE8] -> 0x05B7
mem[X,0x0000000080027AEA] -> 0x0000
[5671] [M]: 0x0000000080027AE8 (0x000005B7) lui a1, 0
x11 <- 0x0000000000000000
mem[X,0x0000000080027AEC] -> 0x8593
mem[X,0x0000000080027AEE] -> 0x0005
[5672] [M]: 0x0000000080027AEC (0x00058593) addi a1, a1, 0
x11 <- 0x0000000000000000
mem[X,0x0000000080027AF0] -> 0x9593
mem[X,0x0000000080027AF2] -> 0x00B5
[5673] [M]: 0x0000000080027AF0 (0x00B59593) slli a1, a1, 11
x11 <- 0x0000000000000000
mem[X,0x0000000080027AF4] -> 0x8593
mem[X,0x0000000080027AF6] -> 0x5A85
[5674] [M]: 0x0000000080027AF4 (0x5A858593) addi a1, a1, 1448
x11 <- 0x00000000000005A8
mem[X,0x0000000080027AF8] -> 0x9593
mem[X,0x0000000080027AFA] -> 0x00B5
[5675] [M]: 0x0000000080027AF8 (0x00B59593) slli a1, a1, 11
x11 <- 0x00000000002D4000
mem[X,0x0000000080027AFC] -> 0x8593
mem[X,0x0000000080027AFE] -> 0x13C5
[5676] [M]: 0x0000000080027AFC (0x13C58593) addi a1, a1, 316
x11 <- 0x00000000002D413C
mem[X,0x0000000080027B00] -> 0x9593
mem[X,0x0000000080027B02] -> 0x00A5
[5677] [M]: 0x0000000080027B00 (0x00A59593) slli a1, a1, 10
x11 <- 0x00000000B504F000
mem[X,0x0000000080027B04] -> 0x8593
mem[X,0x0000000080027B06] -> 0x3345
[5678] [M]: 0x0000000080027B04 (0x33458593) addi a1, a1, 820
x11 <- 0x00000000B504F334
mem[X,0x0000000080027B08] -> 0x0113
mem[X,0x0000000080027B0A] -> 0x0000
[5679] [M]: 0x0000000080027B08 (0x00000113) addi sp, zero, 0
x2 <- 0x0000000000000000
mem[X,0x0000000080027B0C] -> 0x006F
mem[X,0x0000000080027B0E] -> 0x00C0
[5680] [M]: 0x0000000080027B0C (0x00C0006F) jal zero, 12
mem[X,0x0000000080027B18] -> 0x1063
mem[X,0x0000000080027B1A] -> 0x10B5
[5681] [M]: 0x0000000080027B18 (0x10B51063) bne a0, a1, 256
mem[X,0x0000000080027C18] -> 0x0113
mem[X,0x0000000080027C1A] -> 0x0031
[5682] [M]: 0x0000000080027C18 (0x00310113) addi sp, sp, 3
x2 <- 0x0000000000000003
mem[X,0x0000000080027C1C] -> 0x006F
mem[X,0x0000000080027C1E] -> 0x0040
[5683] [M]: 0x0000000080027C1C (0x0040006F) jal zero, 4
mem[X,0x0000000080027C20] -> 0xB423
mem[X,0x0000000080027C22] -> 0x2C20
[5684] [M]: 0x0000000080027C20 (0x2C20B423) sd sp, 712(ra)
mem[0x0000000080045CA0] <- 0x0000000000000003
mem[X,0x0000000080027C24] -> 0x0513
mem[X,0x0000000080027C26] -> 0x0020
[5685] [M]: 0x0000000080027C24 (0x00200513) addi a0, zero, 2
x10 <- 0x0000000000000002
mem[X,0x0000000080027C28] -> 0x0593
mem[X,0x0000000080027C2A] -> 0x0030
[5686] [M]: 0x0000000080027C28 (0x00300593) addi a1, zero, 3
x11 <- 0x0000000000000003
mem[X,0x0000000080027C2C] -> 0x0113
mem[X,0x0000000080027C2E] -> 0x0000
[5687] [M]: 0x0000000080027C2C (0x00000113) addi sp, zero, 0
x2 <- 0x0000000000000000
mem[X,0x0000000080027C30] -> 0x006F
mem[X,0x0000000080027C32] -> 0x00C0
[5688] [M]: 0x0000000080027C30 (0x00C0006F) jal zero, 12
mem[X,0x0000000080027C3C] -> 0x1663
mem[X,0x0000000080027C3E] -> 0x00B5
[5689] [M]: 0x0000000080027C3C (0x00B51663) bne a0, a1, 12
mem[X,0x0000000080027C48] -> 0x0113
mem[X,0x0000000080027C4A] -> 0x0031
[5690] [M]: 0x0000000080027C48 (0x00310113) addi sp, sp, 3
x2 <- 0x0000000000000003
mem[X,0x0000000080027C4C] -> 0x006F
mem[X,0x0000000080027C4E] -> 0x0040
[5691] [M]: 0x0000000080027C4C (0x0040006F) jal zero, 4
mem[X,0x0000000080027C50] -> 0xB823
mem[X,0x0000000080027C52] -> 0x2C20
[5692] [M]: 0x0000000080027C50 (0x2C20B823) sd sp, 720(ra)
mem[0x0000000080045CA8] <- 0x0000000000000003
mem[X,0x0000000080027C54] -> 0x0513
mem[X,0x0000000080027C56] -> 0x0020
[5693] [M]: 0x0000000080027C54 (0x00200513) addi a0, zero, 2
x10 <- 0x0000000000000002
mem[X,0x0000000080027C58] -> 0x55B7
mem[X,0x0000000080027C5A] -> 0x5555
[5694] [M]: 0x0000000080027C58 (0x555555B7) lui a1, 349525
x11 <- 0x0000000055555000
mem[X,0x0000000080027C5C] -> 0x8593
mem[X,0x0000000080027C5E] -> 0x5555
[5695] [M]: 0x0000000080027C5C (0x55558593) addi a1, a1, 1365
x11 <- 0x0000000055555555
mem[X,0x0000000080027C60] -> 0x9593
mem[X,0x0000000080027C62] -> 0x00B5
[5696] [M]: 0x0000000080027C60 (0x00B59593) slli a1, a1, 11
x11 <- 0x000002AAAAAAA800
mem[X,0x0000000080027C64] -> 0x8593
mem[X,0x0000000080027C66] -> 0x2AA5
[5697] [M]: 0x0000000080027C64 (0x2AA58593) addi a1, a1, 682
x11 <- 0x000002AAAAAAAAAA
mem[X,0x0000000080027C68] -> 0x9593
mem[X,0x0000000080027C6A] -> 0x00B5
[5698] [M]: 0x0000000080027C68 (0x00B59593) slli a1, a1, 11
x11 <- 0x0015555555555000
mem[X,0x0000000080027C6C] -> 0x8593
mem[X,0x0000000080027C6E] -> 0x5555
[5699] [M]: 0x0000000080027C6C (0x55558593) addi a1, a1, 1365
x11 <- 0x0015555555555555
clint::tick mtime <- 0x0000000000000039
 clint timer pending at mtime 0x0000000000000039
htif::tick 0x0000000000000000
mem[X,0x0000000080027C70] -> 0x9593
mem[X,0x0000000080027C72] -> 0x00A5
[5700] [M]: 0x0000000080027C70 (0x00A59593) slli a1, a1, 10
x11 <- 0x5555555555555400
mem[X,0x0000000080027C74] -> 0x8593
mem[X,0x0000000080027C76] -> 0x1555
[5701] [M]: 0x0000000080027C74 (0x15558593) addi a1, a1, 341
x11 <- 0x5555555555555555
mem[X,0x0000000080027C78] -> 0x0113
mem[X,0x0000000080027C7A] -> 0x0000
[5702] [M]: 0x0000000080027C78 (0x00000113) addi sp, zero, 0
x2 <- 0x0000000000000000
mem[X,0x0000000080027C7C] -> 0x006F
mem[X,0x0000000080027C7E] -> 0x00C0
[5703] [M]: 0x0000000080027C7C (0x00C0006F) jal zero, 12
mem[X,0x0000000080027C88] -> 0x1663
mem[X,0x0000000080027C8A] -> 0x00B5
[5704] [M]: 0x0000000080027C88 (0x00B51663) bne a0, a1, 12
mem[X,0x0000000080027C94] -> 0x0113
mem[X,0x0000000080027C96] -> 0x0031
[5705] [M]: 0x0000000080027C94 (0x00310113) addi sp, sp, 3
x2 <- 0x0000000000000003
mem[X,0x0000000080027C98] -> 0x006F
mem[X,0x0000000080027C9A] -> 0x0040
[5706] [M]: 0x0000000080027C98 (0x0040006F) jal zero, 4
mem[X,0x0000000080027C9C] -> 0xBC23
mem[X,0x0000000080027C9E] -> 0x2C20
[5707] [M]: 0x0000000080027C9C (0x2C20BC23) sd sp, 728(ra)
mem[0x0000000080045CB0] <- 0x0000000000000003
mem[X,0x0000000080027CA0] -> 0x0513
mem[X,0x0000000080027CA2] -> 0x0020
[5708] [M]: 0x0000000080027CA0 (0x00200513) addi a0, zero, 2
x10 <- 0x0000000000000002
mem[X,0x0000000080027CA4] -> 0xB5B7
mem[X,0x0000000080027CA6] -> 0xAAAA
[5709] [M]: 0x0000000080027CA4 (0xAAAAB5B7) lui a1, 699051
x11 <- 0xFFFFFFFFAAAAB000
mem[X,0x0000000080027CA8] -> 0x8593
mem[X,0x0000000080027CAA] -> 0xAAA5
[5710] [M]: 0x0000000080027CA8 (0xAAA58593) addi a1, a1, 2730
x11 <- 0xFFFFFFFFAAAAAAAA
mem[X,0x0000000080027CAC] -> 0x9593
mem[X,0x0000000080027CAE] -> 0x00B5
[5711] [M]: 0x0000000080027CAC (0x00B59593) slli a1, a1, 11
x11 <- 0xFFFFFD5555555000
mem[X,0x0000000080027CB0] -> 0x8593
mem[X,0x0000000080027CB2] -> 0x5555
[5712] [M]: 0x0000000080027CB0 (0x55558593) addi a1, a1, 1365
x11 <- 0xFFFFFD5555555555
mem[X,0x0000000080027CB4] -> 0x9593
mem[X,0x0000000080027CB6] -> 0x00B5
[5713] [M]: 0x0000000080027CB4 (0x00B59593) slli a1, a1, 11
x11 <- 0xFFEAAAAAAAAAA800
mem[X,0x0000000080027CB8] -> 0x8593
mem[X,0x0000000080027CBA] -> 0x2AA5
[5714] [M]: 0x0000000080027CB8 (0x2AA58593) addi a1, a1, 682
x11 <- 0xFFEAAAAAAAAAAAAA
mem[X,0x0000000080027CBC] -> 0x9593
mem[X,0x0000000080027CBE] -> 0x00A5
[5715] [M]: 0x0000000080027CBC (0x00A59593) slli a1, a1, 10
x11 <- 0xAAAAAAAAAAAAA800
mem[X,0x0000000080027CC0] -> 0x8593
mem[X,0x0000000080027CC2] -> 0x2AA5
[5716] [M]: 0x0000000080027CC0 (0x2AA58593) addi a1, a1, 682
x11 <- 0xAAAAAAAAAAAAAAAA
mem[X,0x0000000080027CC4] -> 0x0113
mem[X,0x0000000080027CC6] -> 0x0000
[5717] [M]: 0x0000000080027CC4 (0x00000113) addi sp, zero, 0
x2 <- 0x0000000000000000
mem[X,0x0000000080027CC8] -> 0x006F
mem[X,0x0000000080027CCA] -> 0x0100
[5718] [M]: 0x0000000080027CC8 (0x0100006F) jal zero, 16
mem[X,0x0000000080027CD8] -> 0x1AE3
mem[X,0x0000000080027CDA] -> 0xFEB5
[5719] [M]: 0x0000000080027CD8 (0xFEB51AE3) bne a0, a1, 8180
mem[X,0x0000000080027CCC] -> 0x0113
mem[X,0x0000000080027CCE] -> 0x0011
[5720] [M]: 0x0000000080027CCC (0x00110113) addi sp, sp, 1
x2 <- 0x0000000000000001
mem[X,0x0000000080027CD0] -> 0x006F
mem[X,0x0000000080027CD2] -> 0x01C0
[5721] [M]: 0x0000000080027CD0 (0x01C0006F) jal zero, 28
mem[X,0x0000000080027CEC] -> 0xB023
mem[X,0x0000000080027CEE] -> 0x2E20
[5722] [M]: 0x0000000080027CEC (0x2E20B023) sd sp, 736(ra)
mem[0x0000000080045CB8] <- 0x0000000000000001
mem[X,0x0000000080027CF0] -> 0x0513
mem[X,0x0000000080027CF2] -> 0x0020
[5723] [M]: 0x0000000080027CF0 (0x00200513) addi a0, zero, 2
x10 <- 0x0000000000000002
mem[X,0x0000000080027CF4] -> 0x0593
mem[X,0x0000000080027CF6] -> 0x0050
[5724] [M]: 0x0000000080027CF4 (0x00500593) addi a1, zero, 5
x11 <- 0x0000000000000005
mem[X,0x0000000080027CF8] -> 0x0113
mem[X,0x0000000080027CFA] -> 0x0000
[5725] [M]: 0x0000000080027CF8 (0x00000113) addi sp, zero, 0
x2 <- 0x0000000000000000
mem[X,0x0000000080027CFC] -> 0x006F
mem[X,0x0000000080027CFE] -> 0x00C0
[5726] [M]: 0x0000000080027CFC (0x00C0006F) jal zero, 12
mem[X,0x0000000080027D08] -> 0x1663
mem[X,0x0000000080027D0A] -> 0x00B5
[5727] [M]: 0x0000000080027D08 (0x00B51663) bne a0, a1, 12
mem[X,0x0000000080027D14] -> 0x0113
mem[X,0x0000000080027D16] -> 0x0031
[5728] [M]: 0x0000000080027D14 (0x00310113) addi sp, sp, 3
x2 <- 0x0000000000000003
mem[X,0x0000000080027D18] -> 0x006F
mem[X,0x0000000080027D1A] -> 0x0040
[5729] [M]: 0x0000000080027D18 (0x0040006F) jal zero, 4
mem[X,0x0000000080027D1C] -> 0xB423
mem[X,0x0000000080027D1E] -> 0x2E20
[5730] [M]: 0x0000000080027D1C (0x2E20B423) sd sp, 744(ra)
mem[0x0000000080045CC0] <- 0x0000000000000003
mem[X,0x0000000080027D20] -> 0x0513
mem[X,0x0000000080027D22] -> 0x0020
[5731] [M]: 0x0000000080027D20 (0x00200513) addi a0, zero, 2
x10 <- 0x0000000000000002
mem[X,0x0000000080027D24] -> 0x35B7
mem[X,0x0000000080027D26] -> 0x3333
[5732] [M]: 0x0000000080027D24 (0x333335B7) lui a1, 209715
x11 <- 0x0000000033333000
mem[X,0x0000000080027D28] -> 0x8593
mem[X,0x0000000080027D2A] -> 0x3335
[5733] [M]: 0x0000000080027D28 (0x33358593) addi a1, a1, 819
x11 <- 0x0000000033333333
mem[X,0x0000000080027D2C] -> 0x9593
mem[X,0x0000000080027D2E] -> 0x00B5
[5734] [M]: 0x0000000080027D2C (0x00B59593) slli a1, a1, 11
x11 <- 0x0000019999999800
mem[X,0x0000000080027D30] -> 0x8593
mem[X,0x0000000080027D32] -> 0x1995
[5735] [M]: 0x0000000080027D30 (0x19958593) addi a1, a1, 409
x11 <- 0x0000019999999999
mem[X,0x0000000080027D34] -> 0x9593
mem[X,0x0000000080027D36] -> 0x00B5
[5736] [M]: 0x0000000080027D34 (0x00B59593) slli a1, a1, 11
x11 <- 0x000CCCCCCCCCC800
mem[X,0x0000000080027D38] -> 0x8593
mem[X,0x0000000080027D3A] -> 0x4CC5
[5737] [M]: 0x0000000080027D38 (0x4CC58593) addi a1, a1, 1228
x11 <- 0x000CCCCCCCCCCCCC
mem[X,0x0000000080027D3C] -> 0x9593
mem[X,0x0000000080027D3E] -> 0x00A5
[5738] [M]: 0x0000000080027D3C (0x00A59593) slli a1, a1, 10
x11 <- 0x3333333333333000
mem[X,0x0000000080027D40] -> 0x8593
mem[X,0x0000000080027D42] -> 0x3335
[5739] [M]: 0x0000000080027D40 (0x33358593) addi a1, a1, 819
x11 <- 0x3333333333333333
mem[X,0x0000000080027D44] -> 0x0113
mem[X,0x0000000080027D46] -> 0x0000
[5740] [M]: 0x0000000080027D44 (0x00000113) addi sp, zero, 0
x2 <- 0x0000000000000000
mem[X,0x0000000080027D48] -> 0x006F
mem[X,0x0000000080027D4A] -> 0x00C0
[5741] [M]: 0x0000000080027D48 (0x00C0006F) jal zero, 12
mem[X,0x0000000080027D54] -> 0x1663
mem[X,0x0000000080027D56] -> 0x00B5
[5742] [M]: 0x0000000080027D54 (0x00B51663) bne a0, a1, 12
mem[X,0x0000000080027D60] -> 0x0113
mem[X,0x0000000080027D62] -> 0x0031
[5743] [M]: 0x0000000080027D60 (0x00310113) addi sp, sp, 3
x2 <- 0x0000000000000003
mem[X,0x0000000080027D64] -> 0x006F
mem[X,0x0000000080027D66] -> 0x0040
[5744] [M]: 0x0000000080027D64 (0x0040006F) jal zero, 4
mem[X,0x0000000080027D68] -> 0xB823
mem[X,0x0000000080027D6A] -> 0x2E20
[5745] [M]: 0x0000000080027D68 (0x2E20B823) sd sp, 752(ra)
mem[0x0000000080045CC8] <- 0x0000000000000003
mem[X,0x0000000080027D6C] -> 0x0513
mem[X,0x0000000080027D6E] -> 0x0020
[5746] [M]: 0x0000000080027D6C (0x00200513) addi a0, zero, 2
x10 <- 0x0000000000000002
mem[X,0x0000000080027D70] -> 0x65B7
mem[X,0x0000000080027D72] -> 0x6666
[5747] [M]: 0x0000000080027D70 (0x666665B7) lui a1, 419430
x11 <- 0x0000000066666000
mem[X,0x0000000080027D74] -> 0x8593
mem[X,0x0000000080027D76] -> 0x6665
[5748] [M]: 0x0000000080027D74 (0x66658593) addi a1, a1, 1638
x11 <- 0x0000000066666666
mem[X,0x0000000080027D78] -> 0x9593
mem[X,0x0000000080027D7A] -> 0x00B5
[5749] [M]: 0x0000000080027D78 (0x00B59593) slli a1, a1, 11
x11 <- 0x0000033333333000
mem[X,0x0000000080027D7C] -> 0x8593
mem[X,0x0000000080027D7E] -> 0x3335
[5750] [M]: 0x0000000080027D7C (0x33358593) addi a1, a1, 819
x11 <- 0x0000033333333333
mem[X,0x0000000080027D80] -> 0x9593
mem[X,0x0000000080027D82] -> 0x00B5
[5751] [M]: 0x0000000080027D80 (0x00B59593) slli a1, a1, 11
x11 <- 0x0019999999999800
mem[X,0x0000000080027D84] -> 0x8593
mem[X,0x0000000080027D86] -> 0x1995
[5752] [M]: 0x0000000080027D84 (0x19958593) addi a1, a1, 409
x11 <- 0x0019999999999999
mem[X,0x0000000080027D88] -> 0x9593
mem[X,0x0000000080027D8A] -> 0x00A5
[5753] [M]: 0x0000000080027D88 (0x00A59593) slli a1, a1, 10
x11 <- 0x6666666666666400
mem[X,0x0000000080027D8C] -> 0x8593
mem[X,0x0000000080027D8E] -> 0x2665
[5754] [M]: 0x0000000080027D8C (0x26658593) addi a1, a1, 614
x11 <- 0x6666666666666666
mem[X,0x0000000080027D90] -> 0x0113
mem[X,0x0000000080027D92] -> 0x0000
[5755] [M]: 0x0000000080027D90 (0x00000113) addi sp, zero, 0
x2 <- 0x0000000000000000
mem[X,0x0000000080027D94] -> 0x006F
mem[X,0x0000000080027D96] -> 0x0140
[5756] [M]: 0x0000000080027D94 (0x0140006F) jal zero, 20
mem[X,0x0000000080027DA8] -> 0x18E3
mem[X,0x0000000080027DAA] -> 0xFEB5
[5757] [M]: 0x0000000080027DA8 (0xFEB518E3) bne a0, a1, 8176
mem[X,0x0000000080027D98] -> 0x0113
mem[X,0x0000000080027D9A] -> 0x0011
[5758] [M]: 0x0000000080027D98 (0x00110113) addi sp, sp, 1
x2 <- 0x0000000000000001
mem[X,0x0000000080027D9C] -> 0x006F
mem[X,0x0000000080027D9E] -> 0x0200
[5759] [M]: 0x0000000080027D9C (0x0200006F) jal zero, 32
mem[X,0x0000000080027DBC] -> 0xBC23
mem[X,0x0000000080027DBE] -> 0x2E20
[5760] [M]: 0x0000000080027DBC (0x2E20BC23) sd sp, 760(ra)
mem[0x0000000080045CD0] <- 0x0000000000000001
mem[X,0x0000000080027DC0] -> 0x0513
mem[X,0x0000000080027DC2] -> 0x0020
[5761] [M]: 0x0000000080027DC0 (0x00200513) addi a0, zero, 2
x10 <- 0x0000000000000002
mem[X,0x0000000080027DC4] -> 0x05B7
mem[X,0x0000000080027DC6] -> 0x0000
[5762] [M]: 0x0000000080027DC4 (0x000005B7) lui a1, 0
x11 <- 0x0000000000000000
mem[X,0x0000000080027DC8] -> 0x8593
mem[X,0x0000000080027DCA] -> 0xFFF5
[5763] [M]: 0x0000000080027DC8 (0xFFF58593) addi a1, a1, 4095
x11 <- 0xFFFFFFFFFFFFFFFF
mem[X,0x0000000080027DCC] -> 0x9593
mem[X,0x0000000080027DCE] -> 0x00B5
[5764] [M]: 0x0000000080027DCC (0x00B59593) slli a1, a1, 11
x11 <- 0xFFFFFFFFFFFFF800
mem[X,0x0000000080027DD0] -> 0x8593
mem[X,0x0000000080027DD2] -> 0x2575
[5765] [M]: 0x0000000080027DD0 (0x25758593) addi a1, a1, 599
x11 <- 0xFFFFFFFFFFFFFA57
mem[X,0x0000000080027DD4] -> 0x9593
mem[X,0x0000000080027DD6] -> 0x00B5
[5766] [M]: 0x0000000080027DD4 (0x00B59593) slli a1, a1, 11
x11 <- 0xFFFFFFFFFFD2B800
mem[X,0x0000000080027DD8] -> 0x8593
mem[X,0x0000000080027DDA] -> 0x6C35
[5767] [M]: 0x0000000080027DD8 (0x6C358593) addi a1, a1, 1731
x11 <- 0xFFFFFFFFFFD2BEC3
mem[X,0x0000000080027DDC] -> 0x9593
mem[X,0x0000000080027DDE] -> 0x00A5
[5768] [M]: 0x0000000080027DDC (0x00A59593) slli a1, a1, 10
x11 <- 0xFFFFFFFF4AFB0C00
mem[X,0x0000000080027DE0] -> 0x8593
mem[X,0x0000000080027DE2] -> 0x0CD5
[5769] [M]: 0x0000000080027DE0 (0x0CD58593) addi a1, a1, 205
x11 <- 0xFFFFFFFF4AFB0CCD
mem[X,0x0000000080027DE4] -> 0x0113
mem[X,0x0000000080027DE6] -> 0x0000
[5770] [M]: 0x0000000080027DE4 (0x00000113) addi sp, zero, 0
x2 <- 0x0000000000000000
mem[X,0x0000000080027DE8] -> 0x006F
mem[X,0x0000000080027DEA] -> 0x00C0
[5771] [M]: 0x0000000080027DE8 (0x00C0006F) jal zero, 12
mem[X,0x0000000080027DF4] -> 0x1063
mem[X,0x0000000080027DF6] -> 0x02B5
[5772] [M]: 0x0000000080027DF4 (0x02B51063) bne a0, a1, 32
mem[X,0x0000000080027E14] -> 0x0113
mem[X,0x0000000080027E16] -> 0x0031
[5773] [M]: 0x0000000080027E14 (0x00310113) addi sp, sp, 3
x2 <- 0x0000000000000003
mem[X,0x0000000080027E18] -> 0x006F
mem[X,0x0000000080027E1A] -> 0x0040
[5774] [M]: 0x0000000080027E18 (0x0040006F) jal zero, 4
mem[X,0x0000000080027E1C] -> 0xB023
mem[X,0x0000000080027E1E] -> 0x3020
[5775] [M]: 0x0000000080027E1C (0x3020B023) sd sp, 768(ra)
mem[0x0000000080045CD8] <- 0x0000000000000003
mem[X,0x0000000080027E20] -> 0x0513
mem[X,0x0000000080027E22] -> 0x0020
[5776] [M]: 0x0000000080027E20 (0x00200513) addi a0, zero, 2
x10 <- 0x0000000000000002
mem[X,0x0000000080027E24] -> 0x05B7
mem[X,0x0000000080027E26] -> 0x0000
[5777] [M]: 0x0000000080027E24 (0x000005B7) lui a1, 0
x11 <- 0x0000000000000000
mem[X,0x0000000080027E28] -> 0x8593
mem[X,0x0000000080027E2A] -> 0x0005
[5778] [M]: 0x0000000080027E28 (0x00058593) addi a1, a1, 0
x11 <- 0x0000000000000000
mem[X,0x0000000080027E2C] -> 0x9593
mem[X,0x0000000080027E2E] -> 0x00B5
[5779] [M]: 0x0000000080027E2C (0x00B59593) slli a1, a1, 11
x11 <- 0x0000000000000000
mem[X,0x0000000080027E30] -> 0x8593
mem[X,0x0000000080027E32] -> 0x5A85
[5780] [M]: 0x0000000080027E30 (0x5A858593) addi a1, a1, 1448
x11 <- 0x00000000000005A8
mem[X,0x0000000080027E34] -> 0x9593
mem[X,0x0000000080027E36] -> 0x00B5
[5781] [M]: 0x0000000080027E34 (0x00B59593) slli a1, a1, 11
x11 <- 0x00000000002D4000
mem[X,0x0000000080027E38] -> 0x8593
mem[X,0x0000000080027E3A] -> 0x13C5
[5782] [M]: 0x0000000080027E38 (0x13C58593) addi a1, a1, 316
x11 <- 0x00000000002D413C
mem[X,0x0000000080027E3C] -> 0x9593
mem[X,0x0000000080027E3E] -> 0x00A5
[5783] [M]: 0x0000000080027E3C (0x00A59593) slli a1, a1, 10
x11 <- 0x00000000B504F000
mem[X,0x0000000080027E40] -> 0x8593
mem[X,0x0000000080027E42] -> 0x3335
[5784] [M]: 0x0000000080027E40 (0x33358593) addi a1, a1, 819
x11 <- 0x00000000B504F333
mem[X,0x0000000080027E44] -> 0x0113
mem[X,0x0000000080027E46] -> 0x0000
[5785] [M]: 0x0000000080027E44 (0x00000113) addi sp, zero, 0
x2 <- 0x0000000000000000
mem[X,0x0000000080027E48] -> 0x006F
mem[X,0x0000000080027E4A] -> 0x2B10
[5786] [M]: 0x0000000080027E48 (0x2B10006F) jal zero, 2736
mem[X,0x00000000800288F8] -> 0x1A63
mem[X,0x00000000800288FA] -> 0xD4B5
[5787] [M]: 0x00000000800288F8 (0xD4B51A63) bne a0, a1, 5460
mem[X,0x0000000080027E4C] -> 0x0113
mem[X,0x0000000080027E4E] -> 0x0011
[5788] [M]: 0x0000000080027E4C (0x00110113) addi sp, sp, 1
x2 <- 0x0000000000000001
mem[X,0x0000000080027E50] -> 0x006F
mem[X,0x0000000080027E52] -> 0x2BD0
[5789] [M]: 0x0000000080027E50 (0x2BD0006F) jal zero, 2748
mem[X,0x000000008002890C] -> 0xB423
mem[X,0x000000008002890E] -> 0x3020
[5790] [M]: 0x000000008002890C (0x3020B423) sd sp, 776(ra)
mem[0x0000000080045CE0] <- 0x0000000000000001
mem[X,0x0000000080028910] -> 0x0513
mem[X,0x0000000080028912] -> 0x0020
[5791] [M]: 0x0000000080028910 (0x00200513) addi a0, zero, 2
x10 <- 0x0000000000000002
mem[X,0x0000000080028914] -> 0x0593
mem[X,0x0000000080028916] -> 0x0020
[5792] [M]: 0x0000000080028914 (0x00200593) addi a1, zero, 2
x11 <- 0x0000000000000002
mem[X,0x0000000080028918] -> 0x0113
mem[X,0x000000008002891A] -> 0x0000
[5793] [M]: 0x0000000080028918 (0x00000113) addi sp, zero, 0
x2 <- 0x0000000000000000
mem[X,0x000000008002891C] -> 0x006F
mem[X,0x000000008002891E] -> 0x00C0
[5794] [M]: 0x000000008002891C (0x00C0006F) jal zero, 12
mem[X,0x0000000080028928] -> 0x1CE3
mem[X,0x000000008002892A] -> 0xFEB5
[5795] [M]: 0x0000000080028928 (0xFEB51CE3) bne a0, a1, 8184
mem[X,0x000000008002892C] -> 0x0113
mem[X,0x000000008002892E] -> 0x0021
[5796] [M]: 0x000000008002892C (0x00210113) addi sp, sp, 2
x2 <- 0x0000000000000002
mem[X,0x0000000080028930] -> 0x006F
mem[X,0x0000000080028932] -> 0x00C0
[5797] [M]: 0x0000000080028930 (0x00C0006F) jal zero, 12
mem[X,0x000000008002893C] -> 0xB823
mem[X,0x000000008002893E] -> 0x3020
[5798] [M]: 0x000000008002893C (0x3020B823) sd sp, 784(ra)
mem[0x0000000080045CE8] <- 0x0000000000000002
mem[X,0x0000000080028940] -> 0x0513
mem[X,0x0000000080028942] -> 0x0020
[5799] [M]: 0x0000000080028940 (0x00200513) addi a0, zero, 2
x10 <- 0x0000000000000002
clint::tick mtime <- 0x000000000000003A
 clint timer pending at mtime 0x000000000000003A
htif::tick 0x0000000000000000
mem[X,0x0000000080028944] -> 0x55B7
mem[X,0x0000000080028946] -> 0x5555
[5800] [M]: 0x0000000080028944 (0x555555B7) lui a1, 349525
x11 <- 0x0000000055555000
mem[X,0x0000000080028948] -> 0x8593
mem[X,0x000000008002894A] -> 0x5555
[5801] [M]: 0x0000000080028948 (0x55558593) addi a1, a1, 1365
x11 <- 0x0000000055555555
mem[X,0x000000008002894C] -> 0x9593
mem[X,0x000000008002894E] -> 0x00B5
[5802] [M]: 0x000000008002894C (0x00B59593) slli a1, a1, 11
x11 <- 0x000002AAAAAAA800
mem[X,0x0000000080028950] -> 0x8593
mem[X,0x0000000080028952] -> 0x2AA5
[5803] [M]: 0x0000000080028950 (0x2AA58593) addi a1, a1, 682
x11 <- 0x000002AAAAAAAAAA
mem[X,0x0000000080028954] -> 0x9593
mem[X,0x0000000080028956] -> 0x00B5
[5804] [M]: 0x0000000080028954 (0x00B59593) slli a1, a1, 11
x11 <- 0x0015555555555000
mem[X,0x0000000080028958] -> 0x8593
mem[X,0x000000008002895A] -> 0x5555
[5805] [M]: 0x0000000080028958 (0x55558593) addi a1, a1, 1365
x11 <- 0x0015555555555555
mem[X,0x000000008002895C] -> 0x9593
mem[X,0x000000008002895E] -> 0x00A5
[5806] [M]: 0x000000008002895C (0x00A59593) slli a1, a1, 10
x11 <- 0x5555555555555400
mem[X,0x0000000080028960] -> 0x8593
mem[X,0x0000000080028962] -> 0x1545
[5807] [M]: 0x0000000080028960 (0x15458593) addi a1, a1, 340
x11 <- 0x5555555555555554
mem[X,0x0000000080028964] -> 0x0113
mem[X,0x0000000080028966] -> 0x0000
[5808] [M]: 0x0000000080028964 (0x00000113) addi sp, zero, 0
x2 <- 0x0000000000000000
mem[X,0x0000000080028968] -> 0x006F
mem[X,0x000000008002896A] -> 0x00C0
[5809] [M]: 0x0000000080028968 (0x00C0006F) jal zero, 12
mem[X,0x0000000080028974] -> 0x1063
mem[X,0x0000000080028976] -> 0x02B5
[5810] [M]: 0x0000000080028974 (0x02B51063) bne a0, a1, 32
mem[X,0x0000000080028994] -> 0x0113
mem[X,0x0000000080028996] -> 0x0031
[5811] [M]: 0x0000000080028994 (0x00310113) addi sp, sp, 3
x2 <- 0x0000000000000003
mem[X,0x0000000080028998] -> 0x006F
mem[X,0x000000008002899A] -> 0x0040
[5812] [M]: 0x0000000080028998 (0x0040006F) jal zero, 4
mem[X,0x000000008002899C] -> 0xBC23
mem[X,0x000000008002899E] -> 0x3020
[5813] [M]: 0x000000008002899C (0x3020BC23) sd sp, 792(ra)
mem[0x0000000080045CF0] <- 0x0000000000000003
mem[X,0x00000000800289A0] -> 0x0513
mem[X,0x00000000800289A2] -> 0x0020
[5814] [M]: 0x00000000800289A0 (0x00200513) addi a0, zero, 2
x10 <- 0x0000000000000002
mem[X,0x00000000800289A4] -> 0x0593
mem[X,0x00000000800289A6] -> 0x0000
[5815] [M]: 0x00000000800289A4 (0x00000593) addi a1, zero, 0
x11 <- 0x0000000000000000
mem[X,0x00000000800289A8] -> 0x0113
mem[X,0x00000000800289AA] -> 0x0000
[5816] [M]: 0x00000000800289A8 (0x00000113) addi sp, zero, 0
x2 <- 0x0000000000000000
mem[X,0x00000000800289AC] -> 0x006F
mem[X,0x00000000800289AE] -> 0x00C0
[5817] [M]: 0x00000000800289AC (0x00C0006F) jal zero, 12
mem[X,0x00000000800289B8] -> 0x1063
mem[X,0x00000000800289BA] -> 0x02B5
[5818] [M]: 0x00000000800289B8 (0x02B51063) bne a0, a1, 32
mem[X,0x00000000800289D8] -> 0x0113
mem[X,0x00000000800289DA] -> 0x0031
[5819] [M]: 0x00000000800289D8 (0x00310113) addi sp, sp, 3
x2 <- 0x0000000000000003
mem[X,0x00000000800289DC] -> 0x006F
mem[X,0x00000000800289DE] -> 0x0040
[5820] [M]: 0x00000000800289DC (0x0040006F) jal zero, 4
mem[X,0x00000000800289E0] -> 0xB023
mem[X,0x00000000800289E2] -> 0x3220
[5821] [M]: 0x00000000800289E0 (0x3220B023) sd sp, 800(ra)
mem[0x0000000080045CF8] <- 0x0000000000000003
mem[X,0x00000000800289E4] -> 0x0513
mem[X,0x00000000800289E6] -> 0x0020
[5822] [M]: 0x00000000800289E4 (0x00200513) addi a0, zero, 2
x10 <- 0x0000000000000002
mem[X,0x00000000800289E8] -> 0x0593
mem[X,0x00000000800289EA] -> 0x0040
[5823] [M]: 0x00000000800289E8 (0x00400593) addi a1, zero, 4
x11 <- 0x0000000000000004
mem[X,0x00000000800289EC] -> 0x0113
mem[X,0x00000000800289EE] -> 0x0000
[5824] [M]: 0x00000000800289EC (0x00000113) addi sp, zero, 0
x2 <- 0x0000000000000000
mem[X,0x00000000800289F0] -> 0x006F
mem[X,0x00000000800289F2] -> 0x00C0
[5825] [M]: 0x00000000800289F0 (0x00C0006F) jal zero, 12
mem[X,0x00000000800289FC] -> 0x1063
mem[X,0x00000000800289FE] -> 0x02B5
[5826] [M]: 0x00000000800289FC (0x02B51063) bne a0, a1, 32
mem[X,0x0000000080028A1C] -> 0x0113
mem[X,0x0000000080028A1E] -> 0x0031
[5827] [M]: 0x0000000080028A1C (0x00310113) addi sp, sp, 3
x2 <- 0x0000000000000003
mem[X,0x0000000080028A20] -> 0x006F
mem[X,0x0000000080028A22] -> 0x0040
[5828] [M]: 0x0000000080028A20 (0x0040006F) jal zero, 4
mem[X,0x0000000080028A24] -> 0xB423
mem[X,0x0000000080028A26] -> 0x3220
[5829] [M]: 0x0000000080028A24 (0x3220B423) sd sp, 808(ra)
mem[0x0000000080045D00] <- 0x0000000000000003
mem[X,0x0000000080028A28] -> 0x0513
mem[X,0x0000000080028A2A] -> 0x0020
[5830] [M]: 0x0000000080028A28 (0x00200513) addi a0, zero, 2
x10 <- 0x0000000000000002
mem[X,0x0000000080028A2C] -> 0x35B7
mem[X,0x0000000080028A2E] -> 0x3333
[5831] [M]: 0x0000000080028A2C (0x333335B7) lui a1, 209715
x11 <- 0x0000000033333000
mem[X,0x0000000080028A30] -> 0x8593
mem[X,0x0000000080028A32] -> 0x3335
[5832] [M]: 0x0000000080028A30 (0x33358593) addi a1, a1, 819
x11 <- 0x0000000033333333
mem[X,0x0000000080028A34] -> 0x9593
mem[X,0x0000000080028A36] -> 0x00B5
[5833] [M]: 0x0000000080028A34 (0x00B59593) slli a1, a1, 11
x11 <- 0x0000019999999800
mem[X,0x0000000080028A38] -> 0x8593
mem[X,0x0000000080028A3A] -> 0x1995
[5834] [M]: 0x0000000080028A38 (0x19958593) addi a1, a1, 409
x11 <- 0x0000019999999999
mem[X,0x0000000080028A3C] -> 0x9593
mem[X,0x0000000080028A3E] -> 0x00B5
[5835] [M]: 0x0000000080028A3C (0x00B59593) slli a1, a1, 11
x11 <- 0x000CCCCCCCCCC800
mem[X,0x0000000080028A40] -> 0x8593
mem[X,0x0000000080028A42] -> 0x4CC5
[5836] [M]: 0x0000000080028A40 (0x4CC58593) addi a1, a1, 1228
x11 <- 0x000CCCCCCCCCCCCC
mem[X,0x0000000080028A44] -> 0x9593
mem[X,0x0000000080028A46] -> 0x00A5
[5837] [M]: 0x0000000080028A44 (0x00A59593) slli a1, a1, 10
x11 <- 0x3333333333333000
mem[X,0x0000000080028A48] -> 0x8593
mem[X,0x0000000080028A4A] -> 0x3325
[5838] [M]: 0x0000000080028A48 (0x33258593) addi a1, a1, 818
x11 <- 0x3333333333333332
mem[X,0x0000000080028A4C] -> 0x0113
mem[X,0x0000000080028A4E] -> 0x0000
[5839] [M]: 0x0000000080028A4C (0x00000113) addi sp, zero, 0
x2 <- 0x0000000000000000
mem[X,0x0000000080028A50] -> 0x006F
mem[X,0x0000000080028A52] -> 0x00C0
[5840] [M]: 0x0000000080028A50 (0x00C0006F) jal zero, 12
mem[X,0x0000000080028A5C] -> 0x1663
mem[X,0x0000000080028A5E] -> 0x00B5
[5841] [M]: 0x0000000080028A5C (0x00B51663) bne a0, a1, 12
mem[X,0x0000000080028A68] -> 0x0113
mem[X,0x0000000080028A6A] -> 0x0031
[5842] [M]: 0x0000000080028A68 (0x00310113) addi sp, sp, 3
x2 <- 0x0000000000000003
mem[X,0x0000000080028A6C] -> 0x006F
mem[X,0x0000000080028A6E] -> 0x0040
[5843] [M]: 0x0000000080028A6C (0x0040006F) jal zero, 4
mem[X,0x0000000080028A70] -> 0xB823
mem[X,0x0000000080028A72] -> 0x3220
[5844] [M]: 0x0000000080028A70 (0x3220B823) sd sp, 816(ra)
mem[0x0000000080045D08] <- 0x0000000000000003
mem[X,0x0000000080028A74] -> 0x0513
mem[X,0x0000000080028A76] -> 0x0020
[5845] [M]: 0x0000000080028A74 (0x00200513) addi a0, zero, 2
x10 <- 0x0000000000000002
mem[X,0x0000000080028A78] -> 0x65B7
mem[X,0x0000000080028A7A] -> 0x6666
[5846] [M]: 0x0000000080028A78 (0x666665B7) lui a1, 419430
x11 <- 0x0000000066666000
mem[X,0x0000000080028A7C] -> 0x8593
mem[X,0x0000000080028A7E] -> 0x6665
[5847] [M]: 0x0000000080028A7C (0x66658593) addi a1, a1, 1638
x11 <- 0x0000000066666666
mem[X,0x0000000080028A80] -> 0x9593
mem[X,0x0000000080028A82] -> 0x00B5
[5848] [M]: 0x0000000080028A80 (0x00B59593) slli a1, a1, 11
x11 <- 0x0000033333333000
mem[X,0x0000000080028A84] -> 0x8593
mem[X,0x0000000080028A86] -> 0x3335
[5849] [M]: 0x0000000080028A84 (0x33358593) addi a1, a1, 819
x11 <- 0x0000033333333333
mem[X,0x0000000080028A88] -> 0x9593
mem[X,0x0000000080028A8A] -> 0x00B5
[5850] [M]: 0x0000000080028A88 (0x00B59593) slli a1, a1, 11
x11 <- 0x0019999999999800
mem[X,0x0000000080028A8C] -> 0x8593
mem[X,0x0000000080028A8E] -> 0x1995
[5851] [M]: 0x0000000080028A8C (0x19958593) addi a1, a1, 409
x11 <- 0x0019999999999999
mem[X,0x0000000080028A90] -> 0x9593
mem[X,0x0000000080028A92] -> 0x00A5
[5852] [M]: 0x0000000080028A90 (0x00A59593) slli a1, a1, 10
x11 <- 0x6666666666666400
mem[X,0x0000000080028A94] -> 0x8593
mem[X,0x0000000080028A96] -> 0x2655
[5853] [M]: 0x0000000080028A94 (0x26558593) addi a1, a1, 613
x11 <- 0x6666666666666665
mem[X,0x0000000080028A98] -> 0x0113
mem[X,0x0000000080028A9A] -> 0x0000
[5854] [M]: 0x0000000080028A98 (0x00000113) addi sp, zero, 0
x2 <- 0x0000000000000000
mem[X,0x0000000080028A9C] -> 0x006F
mem[X,0x0000000080028A9E] -> 0x0100
[5855] [M]: 0x0000000080028A9C (0x0100006F) jal zero, 16
mem[X,0x0000000080028AAC] -> 0x1AE3
mem[X,0x0000000080028AAE] -> 0xFEB5
[5856] [M]: 0x0000000080028AAC (0xFEB51AE3) bne a0, a1, 8180
mem[X,0x0000000080028AA0] -> 0x0113
mem[X,0x0000000080028AA2] -> 0x0011
[5857] [M]: 0x0000000080028AA0 (0x00110113) addi sp, sp, 1
x2 <- 0x0000000000000001
mem[X,0x0000000080028AA4] -> 0x006F
mem[X,0x0000000080028AA6] -> 0x01C0
[5858] [M]: 0x0000000080028AA4 (0x01C0006F) jal zero, 28
mem[X,0x0000000080028AC0] -> 0xBC23
mem[X,0x0000000080028AC2] -> 0x3220
[5859] [M]: 0x0000000080028AC0 (0x3220BC23) sd sp, 824(ra)
mem[0x0000000080045D10] <- 0x0000000000000001
mem[X,0x0000000080028AC4] -> 0x0513
mem[X,0x0000000080028AC6] -> 0x0020
[5860] [M]: 0x0000000080028AC4 (0x00200513) addi a0, zero, 2
x10 <- 0x0000000000000002
mem[X,0x0000000080028AC8] -> 0x05B7
mem[X,0x0000000080028ACA] -> 0x0000
[5861] [M]: 0x0000000080028AC8 (0x000005B7) lui a1, 0
x11 <- 0x0000000000000000
mem[X,0x0000000080028ACC] -> 0x8593
mem[X,0x0000000080028ACE] -> 0x0005
[5862] [M]: 0x0000000080028ACC (0x00058593) addi a1, a1, 0
x11 <- 0x0000000000000000
mem[X,0x0000000080028AD0] -> 0x9593
mem[X,0x0000000080028AD2] -> 0x00B5
[5863] [M]: 0x0000000080028AD0 (0x00B59593) slli a1, a1, 11
x11 <- 0x0000000000000000
mem[X,0x0000000080028AD4] -> 0x8593
mem[X,0x0000000080028AD6] -> 0x5A85
[5864] [M]: 0x0000000080028AD4 (0x5A858593) addi a1, a1, 1448
x11 <- 0x00000000000005A8
mem[X,0x0000000080028AD8] -> 0x9593
mem[X,0x0000000080028ADA] -> 0x00B5
[5865] [M]: 0x0000000080028AD8 (0x00B59593) slli a1, a1, 11
x11 <- 0x00000000002D4000
mem[X,0x0000000080028ADC] -> 0x8593
mem[X,0x0000000080028ADE] -> 0x13C5
[5866] [M]: 0x0000000080028ADC (0x13C58593) addi a1, a1, 316
x11 <- 0x00000000002D413C
mem[X,0x0000000080028AE0] -> 0x9593
mem[X,0x0000000080028AE2] -> 0x00A5
[5867] [M]: 0x0000000080028AE0 (0x00A59593) slli a1, a1, 10
x11 <- 0x00000000B504F000
mem[X,0x0000000080028AE4] -> 0x8593
mem[X,0x0000000080028AE6] -> 0x3325
[5868] [M]: 0x0000000080028AE4 (0x33258593) addi a1, a1, 818
x11 <- 0x00000000B504F332
mem[X,0x0000000080028AE8] -> 0x0113
mem[X,0x0000000080028AEA] -> 0x0000
[5869] [M]: 0x0000000080028AE8 (0x00000113) addi sp, zero, 0
x2 <- 0x0000000000000000
mem[X,0x0000000080028AEC] -> 0x006F
mem[X,0x0000000080028AEE] -> 0x0180
[5870] [M]: 0x0000000080028AEC (0x0180006F) jal zero, 24
mem[X,0x0000000080028B04] -> 0x16E3
mem[X,0x0000000080028B06] -> 0xFEB5
[5871] [M]: 0x0000000080028B04 (0xFEB516E3) bne a0, a1, 8172
mem[X,0x0000000080028AF0] -> 0x0113
mem[X,0x0000000080028AF2] -> 0x0011
[5872] [M]: 0x0000000080028AF0 (0x00110113) addi sp, sp, 1
x2 <- 0x0000000000000001
mem[X,0x0000000080028AF4] -> 0x006F
mem[X,0x0000000080028AF6] -> 0x0240
[5873] [M]: 0x0000000080028AF4 (0x0240006F) jal zero, 36
mem[X,0x0000000080028B18] -> 0xB023
mem[X,0x0000000080028B1A] -> 0x3420
[5874] [M]: 0x0000000080028B18 (0x3420B023) sd sp, 832(ra)
mem[0x0000000080045D18] <- 0x0000000000000001
mem[X,0x0000000080028B1C] -> 0x0513
mem[X,0x0000000080028B1E] -> 0x0020
[5875] [M]: 0x0000000080028B1C (0x00200513) addi a0, zero, 2
x10 <- 0x0000000000000002
mem[X,0x0000000080028B20] -> 0x55B7
mem[X,0x0000000080028B22] -> 0x5555
[5876] [M]: 0x0000000080028B20 (0x555555B7) lui a1, 349525
x11 <- 0x0000000055555000
mem[X,0x0000000080028B24] -> 0x8593
mem[X,0x0000000080028B26] -> 0x5555
[5877] [M]: 0x0000000080028B24 (0x55558593) addi a1, a1, 1365
x11 <- 0x0000000055555555
mem[X,0x0000000080028B28] -> 0x9593
mem[X,0x0000000080028B2A] -> 0x00B5
[5878] [M]: 0x0000000080028B28 (0x00B59593) slli a1, a1, 11
x11 <- 0x000002AAAAAAA800
mem[X,0x0000000080028B2C] -> 0x8593
mem[X,0x0000000080028B2E] -> 0x2AA5
[5879] [M]: 0x0000000080028B2C (0x2AA58593) addi a1, a1, 682
x11 <- 0x000002AAAAAAAAAA
mem[X,0x0000000080028B30] -> 0x9593
mem[X,0x0000000080028B32] -> 0x00B5
[5880] [M]: 0x0000000080028B30 (0x00B59593) slli a1, a1, 11
x11 <- 0x0015555555555000
mem[X,0x0000000080028B34] -> 0x8593
mem[X,0x0000000080028B36] -> 0x5555
[5881] [M]: 0x0000000080028B34 (0x55558593) addi a1, a1, 1365
x11 <- 0x0015555555555555
mem[X,0x0000000080028B38] -> 0x9593
mem[X,0x0000000080028B3A] -> 0x00A5
[5882] [M]: 0x0000000080028B38 (0x00A59593) slli a1, a1, 10
x11 <- 0x5555555555555400
mem[X,0x0000000080028B3C] -> 0x8593
mem[X,0x0000000080028B3E] -> 0x1565
[5883] [M]: 0x0000000080028B3C (0x15658593) addi a1, a1, 342
x11 <- 0x5555555555555556
mem[X,0x0000000080028B40] -> 0x0113
mem[X,0x0000000080028B42] -> 0x0000
[5884] [M]: 0x0000000080028B40 (0x00000113) addi sp, zero, 0
x2 <- 0x0000000000000000
mem[X,0x0000000080028B44] -> 0x006F
mem[X,0x0000000080028B46] -> 0x00C0
[5885] [M]: 0x0000000080028B44 (0x00C0006F) jal zero, 12
mem[X,0x0000000080028B50] -> 0x1663
mem[X,0x0000000080028B52] -> 0x00B5
[5886] [M]: 0x0000000080028B50 (0x00B51663) bne a0, a1, 12
mem[X,0x0000000080028B5C] -> 0x0113
mem[X,0x0000000080028B5E] -> 0x0031
[5887] [M]: 0x0000000080028B5C (0x00310113) addi sp, sp, 3
x2 <- 0x0000000000000003
mem[X,0x0000000080028B60] -> 0x006F
mem[X,0x0000000080028B62] -> 0x0040
[5888] [M]: 0x0000000080028B60 (0x0040006F) jal zero, 4
mem[X,0x0000000080028B64] -> 0xB423
mem[X,0x0000000080028B66] -> 0x3420
[5889] [M]: 0x0000000080028B64 (0x3420B423) sd sp, 840(ra)
mem[0x0000000080045D20] <- 0x0000000000000003
mem[X,0x0000000080028B68] -> 0x0513
mem[X,0x0000000080028B6A] -> 0x0020
[5890] [M]: 0x0000000080028B68 (0x00200513) addi a0, zero, 2
x10 <- 0x0000000000000002
mem[X,0x0000000080028B6C] -> 0xB5B7
mem[X,0x0000000080028B6E] -> 0xAAAA
[5891] [M]: 0x0000000080028B6C (0xAAAAB5B7) lui a1, 699051
x11 <- 0xFFFFFFFFAAAAB000
mem[X,0x0000000080028B70] -> 0x8593
mem[X,0x0000000080028B72] -> 0xAAA5
[5892] [M]: 0x0000000080028B70 (0xAAA58593) addi a1, a1, 2730
x11 <- 0xFFFFFFFFAAAAAAAA
mem[X,0x0000000080028B74] -> 0x9593
mem[X,0x0000000080028B76] -> 0x00B5
[5893] [M]: 0x0000000080028B74 (0x00B59593) slli a1, a1, 11
x11 <- 0xFFFFFD5555555000
mem[X,0x0000000080028B78] -> 0x8593
mem[X,0x0000000080028B7A] -> 0x5555
[5894] [M]: 0x0000000080028B78 (0x55558593) addi a1, a1, 1365
x11 <- 0xFFFFFD5555555555
mem[X,0x0000000080028B7C] -> 0x9593
mem[X,0x0000000080028B7E] -> 0x00B5
[5895] [M]: 0x0000000080028B7C (0x00B59593) slli a1, a1, 11
x11 <- 0xFFEAAAAAAAAAA800
mem[X,0x0000000080028B80] -> 0x8593
mem[X,0x0000000080028B82] -> 0x2AA5
[5896] [M]: 0x0000000080028B80 (0x2AA58593) addi a1, a1, 682
x11 <- 0xFFEAAAAAAAAAAAAA
mem[X,0x0000000080028B84] -> 0x9593
mem[X,0x0000000080028B86] -> 0x00A5
[5897] [M]: 0x0000000080028B84 (0x00A59593) slli a1, a1, 10
x11 <- 0xAAAAAAAAAAAAA800
mem[X,0x0000000080028B88] -> 0x8593
mem[X,0x0000000080028B8A] -> 0x2AB5
[5898] [M]: 0x0000000080028B88 (0x2AB58593) addi a1, a1, 683
x11 <- 0xAAAAAAAAAAAAAAAB
mem[X,0x0000000080028B8C] -> 0x0113
mem[X,0x0000000080028B8E] -> 0x0000
[5899] [M]: 0x0000000080028B8C (0x00000113) addi sp, zero, 0
x2 <- 0x0000000000000000
clint::tick mtime <- 0x000000000000003B
 clint timer pending at mtime 0x000000000000003B
htif::tick 0x0000000000000000
mem[X,0x0000000080028B90] -> 0x006F
mem[X,0x0000000080028B92] -> 0x00C0
[5900] [M]: 0x0000000080028B90 (0x00C0006F) jal zero, 12
mem[X,0x0000000080028B9C] -> 0x1663
mem[X,0x0000000080028B9E] -> 0x00B5
[5901] [M]: 0x0000000080028B9C (0x00B51663) bne a0, a1, 12
mem[X,0x0000000080028BA8] -> 0x0113
mem[X,0x0000000080028BAA] -> 0x0031
[5902] [M]: 0x0000000080028BA8 (0x00310113) addi sp, sp, 3
x2 <- 0x0000000000000003
mem[X,0x0000000080028BAC] -> 0x006F
mem[X,0x0000000080028BAE] -> 0x0040
[5903] [M]: 0x0000000080028BAC (0x0040006F) jal zero, 4
mem[X,0x0000000080028BB0] -> 0xB823
mem[X,0x0000000080028BB2] -> 0x3420
[5904] [M]: 0x0000000080028BB0 (0x3420B823) sd sp, 848(ra)
mem[0x0000000080045D28] <- 0x0000000000000003
mem[X,0x0000000080028BB4] -> 0x0513
mem[X,0x0000000080028BB6] -> 0x0020
[5905] [M]: 0x0000000080028BB4 (0x00200513) addi a0, zero, 2
x10 <- 0x0000000000000002
mem[X,0x0000000080028BB8] -> 0x0593
mem[X,0x0000000080028BBA] -> 0x0060
[5906] [M]: 0x0000000080028BB8 (0x00600593) addi a1, zero, 6
x11 <- 0x0000000000000006
mem[X,0x0000000080028BBC] -> 0x0113
mem[X,0x0000000080028BBE] -> 0x0000
[5907] [M]: 0x0000000080028BBC (0x00000113) addi sp, zero, 0
x2 <- 0x0000000000000000
mem[X,0x0000000080028BC0] -> 0x006F
mem[X,0x0000000080028BC2] -> 0x0140
[5908] [M]: 0x0000000080028BC0 (0x0140006F) jal zero, 20
mem[X,0x0000000080028BD4] -> 0x18E3
mem[X,0x0000000080028BD6] -> 0xFEB5
[5909] [M]: 0x0000000080028BD4 (0xFEB518E3) bne a0, a1, 8176
mem[X,0x0000000080028BC4] -> 0x0113
mem[X,0x0000000080028BC6] -> 0x0011
[5910] [M]: 0x0000000080028BC4 (0x00110113) addi sp, sp, 1
x2 <- 0x0000000000000001
mem[X,0x0000000080028BC8] -> 0x006F
mem[X,0x0000000080028BCA] -> 0x0200
[5911] [M]: 0x0000000080028BC8 (0x0200006F) jal zero, 32
mem[X,0x0000000080028BE8] -> 0xBC23
mem[X,0x0000000080028BEA] -> 0x3420
[5912] [M]: 0x0000000080028BE8 (0x3420BC23) sd sp, 856(ra)
mem[0x0000000080045D30] <- 0x0000000000000001
mem[X,0x0000000080028BEC] -> 0x0513
mem[X,0x0000000080028BEE] -> 0x0020
[5913] [M]: 0x0000000080028BEC (0x00200513) addi a0, zero, 2
x10 <- 0x0000000000000002
mem[X,0x0000000080028BF0] -> 0x35B7
mem[X,0x0000000080028BF2] -> 0x3333
[5914] [M]: 0x0000000080028BF0 (0x333335B7) lui a1, 209715
x11 <- 0x0000000033333000
mem[X,0x0000000080028BF4] -> 0x8593
mem[X,0x0000000080028BF6] -> 0x3335
[5915] [M]: 0x0000000080028BF4 (0x33358593) addi a1, a1, 819
x11 <- 0x0000000033333333
mem[X,0x0000000080028BF8] -> 0x9593
mem[X,0x0000000080028BFA] -> 0x00B5
[5916] [M]: 0x0000000080028BF8 (0x00B59593) slli a1, a1, 11
x11 <- 0x0000019999999800
mem[X,0x0000000080028BFC] -> 0x8593
mem[X,0x0000000080028BFE] -> 0x1995
[5917] [M]: 0x0000000080028BFC (0x19958593) addi a1, a1, 409
x11 <- 0x0000019999999999
mem[X,0x0000000080028C00] -> 0x9593
mem[X,0x0000000080028C02] -> 0x00B5
[5918] [M]: 0x0000000080028C00 (0x00B59593) slli a1, a1, 11
x11 <- 0x000CCCCCCCCCC800
mem[X,0x0000000080028C04] -> 0x8593
mem[X,0x0000000080028C06] -> 0x4CC5
[5919] [M]: 0x0000000080028C04 (0x4CC58593) addi a1, a1, 1228
x11 <- 0x000CCCCCCCCCCCCC
mem[X,0x0000000080028C08] -> 0x9593
mem[X,0x0000000080028C0A] -> 0x00A5
[5920] [M]: 0x0000000080028C08 (0x00A59593) slli a1, a1, 10
x11 <- 0x3333333333333000
mem[X,0x0000000080028C0C] -> 0x8593
mem[X,0x0000000080028C0E] -> 0x3345
[5921] [M]: 0x0000000080028C0C (0x33458593) addi a1, a1, 820
x11 <- 0x3333333333333334
mem[X,0x0000000080028C10] -> 0x0113
mem[X,0x0000000080028C12] -> 0x0000
[5922] [M]: 0x0000000080028C10 (0x00000113) addi sp, zero, 0
x2 <- 0x0000000000000000
mem[X,0x0000000080028C14] -> 0x006F
mem[X,0x0000000080028C16] -> 0x00C0
[5923] [M]: 0x0000000080028C14 (0x00C0006F) jal zero, 12
mem[X,0x0000000080028C20] -> 0x1663
mem[X,0x0000000080028C22] -> 0x00B5
[5924] [M]: 0x0000000080028C20 (0x00B51663) bne a0, a1, 12
mem[X,0x0000000080028C2C] -> 0x0113
mem[X,0x0000000080028C2E] -> 0x0031
[5925] [M]: 0x0000000080028C2C (0x00310113) addi sp, sp, 3
x2 <- 0x0000000000000003
mem[X,0x0000000080028C30] -> 0x006F
mem[X,0x0000000080028C32] -> 0x0040
[5926] [M]: 0x0000000080028C30 (0x0040006F) jal zero, 4
mem[X,0x0000000080028C34] -> 0xB023
mem[X,0x0000000080028C36] -> 0x3620
[5927] [M]: 0x0000000080028C34 (0x3620B023) sd sp, 864(ra)
mem[0x0000000080045D38] <- 0x0000000000000003
mem[X,0x0000000080028C38] -> 0x0513
mem[X,0x0000000080028C3A] -> 0x0020
[5928] [M]: 0x0000000080028C38 (0x00200513) addi a0, zero, 2
x10 <- 0x0000000000000002
mem[X,0x0000000080028C3C] -> 0x65B7
mem[X,0x0000000080028C3E] -> 0x6666
[5929] [M]: 0x0000000080028C3C (0x666665B7) lui a1, 419430
x11 <- 0x0000000066666000
mem[X,0x0000000080028C40] -> 0x8593
mem[X,0x0000000080028C42] -> 0x6665
[5930] [M]: 0x0000000080028C40 (0x66658593) addi a1, a1, 1638
x11 <- 0x0000000066666666
mem[X,0x0000000080028C44] -> 0x9593
mem[X,0x0000000080028C46] -> 0x00B5
[5931] [M]: 0x0000000080028C44 (0x00B59593) slli a1, a1, 11
x11 <- 0x0000033333333000
mem[X,0x0000000080028C48] -> 0x8593
mem[X,0x0000000080028C4A] -> 0x3335
[5932] [M]: 0x0000000080028C48 (0x33358593) addi a1, a1, 819
x11 <- 0x0000033333333333
mem[X,0x0000000080028C4C] -> 0x9593
mem[X,0x0000000080028C4E] -> 0x00B5
[5933] [M]: 0x0000000080028C4C (0x00B59593) slli a1, a1, 11
x11 <- 0x0019999999999800
mem[X,0x0000000080028C50] -> 0x8593
mem[X,0x0000000080028C52] -> 0x1995
[5934] [M]: 0x0000000080028C50 (0x19958593) addi a1, a1, 409
x11 <- 0x0019999999999999
mem[X,0x0000000080028C54] -> 0x9593
mem[X,0x0000000080028C56] -> 0x00A5
[5935] [M]: 0x0000000080028C54 (0x00A59593) slli a1, a1, 10
x11 <- 0x6666666666666400
mem[X,0x0000000080028C58] -> 0x8593
mem[X,0x0000000080028C5A] -> 0x2675
[5936] [M]: 0x0000000080028C58 (0x26758593) addi a1, a1, 615
x11 <- 0x6666666666666667
mem[X,0x0000000080028C5C] -> 0x0113
mem[X,0x0000000080028C5E] -> 0x0000
[5937] [M]: 0x0000000080028C5C (0x00000113) addi sp, zero, 0
x2 <- 0x0000000000000000
mem[X,0x0000000080028C60] -> 0x006F
mem[X,0x0000000080028C62] -> 0x00C0
[5938] [M]: 0x0000000080028C60 (0x00C0006F) jal zero, 12
mem[X,0x0000000080028C6C] -> 0x1CE3
mem[X,0x0000000080028C6E] -> 0xFEB5
[5939] [M]: 0x0000000080028C6C (0xFEB51CE3) bne a0, a1, 8184
mem[X,0x0000000080028C64] -> 0x0113
mem[X,0x0000000080028C66] -> 0x0011
[5940] [M]: 0x0000000080028C64 (0x00110113) addi sp, sp, 1
x2 <- 0x0000000000000001
mem[X,0x0000000080028C68] -> 0x006F
mem[X,0x0000000080028C6A] -> 0x0180
[5941] [M]: 0x0000000080028C68 (0x0180006F) jal zero, 24
mem[X,0x0000000080028C80] -> 0xB423
mem[X,0x0000000080028C82] -> 0x3620
[5942] [M]: 0x0000000080028C80 (0x3620B423) sd sp, 872(ra)
mem[0x0000000080045D40] <- 0x0000000000000001
mem[X,0x0000000080028C84] -> 0x0513
mem[X,0x0000000080028C86] -> 0x0020
[5943] [M]: 0x0000000080028C84 (0x00200513) addi a0, zero, 2
x10 <- 0x0000000000000002
mem[X,0x0000000080028C88] -> 0x05B7
mem[X,0x0000000080028C8A] -> 0x0000
[5944] [M]: 0x0000000080028C88 (0x000005B7) lui a1, 0
x11 <- 0x0000000000000000
mem[X,0x0000000080028C8C] -> 0x8593
mem[X,0x0000000080028C8E] -> 0xFFF5
[5945] [M]: 0x0000000080028C8C (0xFFF58593) addi a1, a1, 4095
x11 <- 0xFFFFFFFFFFFFFFFF
mem[X,0x0000000080028C90] -> 0x9593
mem[X,0x0000000080028C92] -> 0x00B5
[5946] [M]: 0x0000000080028C90 (0x00B59593) slli a1, a1, 11
x11 <- 0xFFFFFFFFFFFFF800
mem[X,0x0000000080028C94] -> 0x8593
mem[X,0x0000000080028C96] -> 0x2575
[5947] [M]: 0x0000000080028C94 (0x25758593) addi a1, a1, 599
x11 <- 0xFFFFFFFFFFFFFA57
mem[X,0x0000000080028C98] -> 0x9593
mem[X,0x0000000080028C9A] -> 0x00B5
[5948] [M]: 0x0000000080028C98 (0x00B59593) slli a1, a1, 11
x11 <- 0xFFFFFFFFFFD2B800
mem[X,0x0000000080028C9C] -> 0x8593
mem[X,0x0000000080028C9E] -> 0x6C35
[5949] [M]: 0x0000000080028C9C (0x6C358593) addi a1, a1, 1731
x11 <- 0xFFFFFFFFFFD2BEC3
mem[X,0x0000000080028CA0] -> 0x9593
mem[X,0x0000000080028CA2] -> 0x00A5
[5950] [M]: 0x0000000080028CA0 (0x00A59593) slli a1, a1, 10
x11 <- 0xFFFFFFFF4AFB0C00
mem[X,0x0000000080028CA4] -> 0x8593
mem[X,0x0000000080028CA6] -> 0x0CE5
[5951] [M]: 0x0000000080028CA4 (0x0CE58593) addi a1, a1, 206
x11 <- 0xFFFFFFFF4AFB0CCE
mem[X,0x0000000080028CA8] -> 0x0113
mem[X,0x0000000080028CAA] -> 0x0000
[5952] [M]: 0x0000000080028CA8 (0x00000113) addi sp, zero, 0
x2 <- 0x0000000000000000
mem[X,0x0000000080028CAC] -> 0x006F
mem[X,0x0000000080028CAE] -> 0x00C0
[5953] [M]: 0x0000000080028CAC (0x00C0006F) jal zero, 12
mem[X,0x0000000080028CB8] -> 0x1063
mem[X,0x0000000080028CBA] -> 0x40B5
[5954] [M]: 0x0000000080028CB8 (0x40B51063) bne a0, a1, 1024
mem[X,0x00000000800290B8] -> 0x0113
mem[X,0x00000000800290BA] -> 0x0031
[5955] [M]: 0x00000000800290B8 (0x00310113) addi sp, sp, 3
x2 <- 0x0000000000000003
mem[X,0x00000000800290BC] -> 0x006F
mem[X,0x00000000800290BE] -> 0x0040
[5956] [M]: 0x00000000800290BC (0x0040006F) jal zero, 4
mem[X,0x00000000800290C0] -> 0xB823
mem[X,0x00000000800290C2] -> 0x3620
[5957] [M]: 0x00000000800290C0 (0x3620B823) sd sp, 880(ra)
mem[0x0000000080045D48] <- 0x0000000000000003
mem[X,0x00000000800290C4] -> 0x0513
mem[X,0x00000000800290C6] -> 0x0020
[5958] [M]: 0x00000000800290C4 (0x00200513) addi a0, zero, 2
x10 <- 0x0000000000000002
mem[X,0x00000000800290C8] -> 0x05B7
mem[X,0x00000000800290CA] -> 0x0000
[5959] [M]: 0x00000000800290C8 (0x000005B7) lui a1, 0
x11 <- 0x0000000000000000
mem[X,0x00000000800290CC] -> 0x8593
mem[X,0x00000000800290CE] -> 0x0005
[5960] [M]: 0x00000000800290CC (0x00058593) addi a1, a1, 0
x11 <- 0x0000000000000000
mem[X,0x00000000800290D0] -> 0x9593
mem[X,0x00000000800290D2] -> 0x00B5
[5961] [M]: 0x00000000800290D0 (0x00B59593) slli a1, a1, 11
x11 <- 0x0000000000000000
mem[X,0x00000000800290D4] -> 0x8593
mem[X,0x00000000800290D6] -> 0x5A85
[5962] [M]: 0x00000000800290D4 (0x5A858593) addi a1, a1, 1448
x11 <- 0x00000000000005A8
mem[X,0x00000000800290D8] -> 0x9593
mem[X,0x00000000800290DA] -> 0x00B5
[5963] [M]: 0x00000000800290D8 (0x00B59593) slli a1, a1, 11
x11 <- 0x00000000002D4000
mem[X,0x00000000800290DC] -> 0x8593
mem[X,0x00000000800290DE] -> 0x13C5
[5964] [M]: 0x00000000800290DC (0x13C58593) addi a1, a1, 316
x11 <- 0x00000000002D413C
mem[X,0x00000000800290E0] -> 0x9593
mem[X,0x00000000800290E2] -> 0x00A5
[5965] [M]: 0x00000000800290E0 (0x00A59593) slli a1, a1, 10
x11 <- 0x00000000B504F000
mem[X,0x00000000800290E4] -> 0x8593
mem[X,0x00000000800290E6] -> 0x3345
[5966] [M]: 0x00000000800290E4 (0x33458593) addi a1, a1, 820
x11 <- 0x00000000B504F334
mem[X,0x00000000800290E8] -> 0x0113
mem[X,0x00000000800290EA] -> 0x0000
[5967] [M]: 0x00000000800290E8 (0x00000113) addi sp, zero, 0
x2 <- 0x0000000000000000
mem[X,0x00000000800290EC] -> 0x006F
mem[X,0x00000000800290EE] -> 0x00C0
[5968] [M]: 0x00000000800290EC (0x00C0006F) jal zero, 12
mem[X,0x00000000800290F8] -> 0x1663
mem[X,0x00000000800290FA] -> 0x00B5
[5969] [M]: 0x00000000800290F8 (0x00B51663) bne a0, a1, 12
mem[X,0x0000000080029104] -> 0x0113
mem[X,0x0000000080029106] -> 0x0031
[5970] [M]: 0x0000000080029104 (0x00310113) addi sp, sp, 3
x2 <- 0x0000000000000003
mem[X,0x0000000080029108] -> 0x006F
mem[X,0x000000008002910A] -> 0x0040
[5971] [M]: 0x0000000080029108 (0x0040006F) jal zero, 4
mem[X,0x000000008002910C] -> 0xBC23
mem[X,0x000000008002910E] -> 0x3620
[5972] [M]: 0x000000008002910C (0x3620BC23) sd sp, 888(ra)
mem[0x0000000080045D50] <- 0x0000000000000003
mem[X,0x0000000080029110] -> 0x5537
mem[X,0x0000000080029112] -> 0x5555
[5973] [M]: 0x0000000080029110 (0x55555537) lui a0, 349525
x10 <- 0x0000000055555000
mem[X,0x0000000080029114] -> 0x0513
mem[X,0x0000000080029116] -> 0x5555
[5974] [M]: 0x0000000080029114 (0x55550513) addi a0, a0, 1365
x10 <- 0x0000000055555555
mem[X,0x0000000080029118] -> 0x1513
mem[X,0x000000008002911A] -> 0x00B5
[5975] [M]: 0x0000000080029118 (0x00B51513) slli a0, a0, 11
x10 <- 0x000002AAAAAAA800
mem[X,0x000000008002911C] -> 0x0513
mem[X,0x000000008002911E] -> 0x2AA5
[5976] [M]: 0x000000008002911C (0x2AA50513) addi a0, a0, 682
x10 <- 0x000002AAAAAAAAAA
mem[X,0x0000000080029120] -> 0x1513
mem[X,0x0000000080029122] -> 0x00B5
[5977] [M]: 0x0000000080029120 (0x00B51513) slli a0, a0, 11
x10 <- 0x0015555555555000
mem[X,0x0000000080029124] -> 0x0513
mem[X,0x0000000080029126] -> 0x5555
[5978] [M]: 0x0000000080029124 (0x55550513) addi a0, a0, 1365
x10 <- 0x0015555555555555
mem[X,0x0000000080029128] -> 0x1513
mem[X,0x000000008002912A] -> 0x00A5
[5979] [M]: 0x0000000080029128 (0x00A51513) slli a0, a0, 10
x10 <- 0x5555555555555400
mem[X,0x000000008002912C] -> 0x0513
mem[X,0x000000008002912E] -> 0x1545
[5980] [M]: 0x000000008002912C (0x15450513) addi a0, a0, 340
x10 <- 0x5555555555555554
mem[X,0x0000000080029130] -> 0x0593
mem[X,0x0000000080029132] -> 0x0030
[5981] [M]: 0x0000000080029130 (0x00300593) addi a1, zero, 3
x11 <- 0x0000000000000003
mem[X,0x0000000080029134] -> 0x0113
mem[X,0x0000000080029136] -> 0x0000
[5982] [M]: 0x0000000080029134 (0x00000113) addi sp, zero, 0
x2 <- 0x0000000000000000
mem[X,0x0000000080029138] -> 0x006F
mem[X,0x000000008002913A] -> 0x00C0
[5983] [M]: 0x0000000080029138 (0x00C0006F) jal zero, 12
mem[X,0x0000000080029144] -> 0x1663
mem[X,0x0000000080029146] -> 0x00B5
[5984] [M]: 0x0000000080029144 (0x00B51663) bne a0, a1, 12
mem[X,0x0000000080029150] -> 0x0113
mem[X,0x0000000080029152] -> 0x0031
[5985] [M]: 0x0000000080029150 (0x00310113) addi sp, sp, 3
x2 <- 0x0000000000000003
mem[X,0x0000000080029154] -> 0x006F
mem[X,0x0000000080029156] -> 0x0040
[5986] [M]: 0x0000000080029154 (0x0040006F) jal zero, 4
mem[X,0x0000000080029158] -> 0xB023
mem[X,0x000000008002915A] -> 0x3820
[5987] [M]: 0x0000000080029158 (0x3820B023) sd sp, 896(ra)
mem[0x0000000080045D58] <- 0x0000000000000003
mem[X,0x000000008002915C] -> 0x5537
mem[X,0x000000008002915E] -> 0x5555
[5988] [M]: 0x000000008002915C (0x55555537) lui a0, 349525
x10 <- 0x0000000055555000
mem[X,0x0000000080029160] -> 0x0513
mem[X,0x0000000080029162] -> 0x5555
[5989] [M]: 0x0000000080029160 (0x55550513) addi a0, a0, 1365
x10 <- 0x0000000055555555
mem[X,0x0000000080029164] -> 0x1513
mem[X,0x0000000080029166] -> 0x00B5
[5990] [M]: 0x0000000080029164 (0x00B51513) slli a0, a0, 11
x10 <- 0x000002AAAAAAA800
mem[X,0x0000000080029168] -> 0x0513
mem[X,0x000000008002916A] -> 0x2AA5
[5991] [M]: 0x0000000080029168 (0x2AA50513) addi a0, a0, 682
x10 <- 0x000002AAAAAAAAAA
mem[X,0x000000008002916C] -> 0x1513
mem[X,0x000000008002916E] -> 0x00B5
[5992] [M]: 0x000000008002916C (0x00B51513) slli a0, a0, 11
x10 <- 0x0015555555555000
mem[X,0x0000000080029170] -> 0x0513
mem[X,0x0000000080029172] -> 0x5555
[5993] [M]: 0x0000000080029170 (0x55550513) addi a0, a0, 1365
x10 <- 0x0015555555555555
mem[X,0x0000000080029174] -> 0x1513
mem[X,0x0000000080029176] -> 0x00A5
[5994] [M]: 0x0000000080029174 (0x00A51513) slli a0, a0, 10
x10 <- 0x5555555555555400
mem[X,0x0000000080029178] -> 0x0513
mem[X,0x000000008002917A] -> 0x1545
[5995] [M]: 0x0000000080029178 (0x15450513) addi a0, a0, 340
x10 <- 0x5555555555555554
mem[X,0x000000008002917C] -> 0x55B7
mem[X,0x000000008002917E] -> 0x5555
[5996] [M]: 0x000000008002917C (0x555555B7) lui a1, 349525
x11 <- 0x0000000055555000
mem[X,0x0000000080029180] -> 0x8593
mem[X,0x0000000080029182] -> 0x5555
[5997] [M]: 0x0000000080029180 (0x55558593) addi a1, a1, 1365
x11 <- 0x0000000055555555
mem[X,0x0000000080029184] -> 0x9593
mem[X,0x0000000080029186] -> 0x00B5
[5998] [M]: 0x0000000080029184 (0x00B59593) slli a1, a1, 11
x11 <- 0x000002AAAAAAA800
mem[X,0x0000000080029188] -> 0x8593
mem[X,0x000000008002918A] -> 0x2AA5
[5999] [M]: 0x0000000080029188 (0x2AA58593) addi a1, a1, 682
x11 <- 0x000002AAAAAAAAAA
clint::tick mtime <- 0x000000000000003C
 clint timer pending at mtime 0x000000000000003C
htif::tick 0x0000000000000000
mem[X,0x000000008002918C] -> 0x9593
mem[X,0x000000008002918E] -> 0x00B5
[6000] [M]: 0x000000008002918C (0x00B59593) slli a1, a1, 11
x11 <- 0x0015555555555000
mem[X,0x0000000080029190] -> 0x8593
mem[X,0x0000000080029192] -> 0x5555
[6001] [M]: 0x0000000080029190 (0x55558593) addi a1, a1, 1365
x11 <- 0x0015555555555555
mem[X,0x0000000080029194] -> 0x9593
mem[X,0x0000000080029196] -> 0x00A5
[6002] [M]: 0x0000000080029194 (0x00A59593) slli a1, a1, 10
x11 <- 0x5555555555555400
mem[X,0x0000000080029198] -> 0x8593
mem[X,0x000000008002919A] -> 0x1555
[6003] [M]: 0x0000000080029198 (0x15558593) addi a1, a1, 341
x11 <- 0x5555555555555555
mem[X,0x000000008002919C] -> 0x0113
mem[X,0x000000008002919E] -> 0x0000
[6004] [M]: 0x000000008002919C (0x00000113) addi sp, zero, 0
x2 <- 0x0000000000000000
mem[X,0x00000000800291A0] -> 0x006F
mem[X,0x00000000800291A2] -> 0x00C0
[6005] [M]: 0x00000000800291A0 (0x00C0006F) jal zero, 12
mem[X,0x00000000800291AC] -> 0x1863
mem[X,0x00000000800291AE] -> 0x00B5
[6006] [M]: 0x00000000800291AC (0x00B51863) bne a0, a1, 16
mem[X,0x00000000800291BC] -> 0x0113
mem[X,0x00000000800291BE] -> 0x0031
[6007] [M]: 0x00000000800291BC (0x00310113) addi sp, sp, 3
x2 <- 0x0000000000000003
mem[X,0x00000000800291C0] -> 0x006F
mem[X,0x00000000800291C2] -> 0x0040
[6008] [M]: 0x00000000800291C0 (0x0040006F) jal zero, 4
mem[X,0x00000000800291C4] -> 0xB423
mem[X,0x00000000800291C6] -> 0x3820
[6009] [M]: 0x00000000800291C4 (0x3820B423) sd sp, 904(ra)
mem[0x0000000080045D60] <- 0x0000000000000003
mem[X,0x00000000800291C8] -> 0x5537
mem[X,0x00000000800291CA] -> 0x5555
[6010] [M]: 0x00000000800291C8 (0x55555537) lui a0, 349525
x10 <- 0x0000000055555000
mem[X,0x00000000800291CC] -> 0x0513
mem[X,0x00000000800291CE] -> 0x5555
[6011] [M]: 0x00000000800291CC (0x55550513) addi a0, a0, 1365
x10 <- 0x0000000055555555
mem[X,0x00000000800291D0] -> 0x1513
mem[X,0x00000000800291D2] -> 0x00B5
[6012] [M]: 0x00000000800291D0 (0x00B51513) slli a0, a0, 11
x10 <- 0x000002AAAAAAA800
mem[X,0x00000000800291D4] -> 0x0513
mem[X,0x00000000800291D6] -> 0x2AA5
[6013] [M]: 0x00000000800291D4 (0x2AA50513) addi a0, a0, 682
x10 <- 0x000002AAAAAAAAAA
mem[X,0x00000000800291D8] -> 0x1513
mem[X,0x00000000800291DA] -> 0x00B5
[6014] [M]: 0x00000000800291D8 (0x00B51513) slli a0, a0, 11
x10 <- 0x0015555555555000
mem[X,0x00000000800291DC] -> 0x0513
mem[X,0x00000000800291DE] -> 0x5555
[6015] [M]: 0x00000000800291DC (0x55550513) addi a0, a0, 1365
x10 <- 0x0015555555555555
mem[X,0x00000000800291E0] -> 0x1513
mem[X,0x00000000800291E2] -> 0x00A5
[6016] [M]: 0x00000000800291E0 (0x00A51513) slli a0, a0, 10
x10 <- 0x5555555555555400
mem[X,0x00000000800291E4] -> 0x0513
mem[X,0x00000000800291E6] -> 0x1545
[6017] [M]: 0x00000000800291E4 (0x15450513) addi a0, a0, 340
x10 <- 0x5555555555555554
mem[X,0x00000000800291E8] -> 0xB5B7
mem[X,0x00000000800291EA] -> 0xAAAA
[6018] [M]: 0x00000000800291E8 (0xAAAAB5B7) lui a1, 699051
x11 <- 0xFFFFFFFFAAAAB000
mem[X,0x00000000800291EC] -> 0x8593
mem[X,0x00000000800291EE] -> 0xAAA5
[6019] [M]: 0x00000000800291EC (0xAAA58593) addi a1, a1, 2730
x11 <- 0xFFFFFFFFAAAAAAAA
mem[X,0x00000000800291F0] -> 0x9593
mem[X,0x00000000800291F2] -> 0x00B5
[6020] [M]: 0x00000000800291F0 (0x00B59593) slli a1, a1, 11
x11 <- 0xFFFFFD5555555000
mem[X,0x00000000800291F4] -> 0x8593
mem[X,0x00000000800291F6] -> 0x5555
[6021] [M]: 0x00000000800291F4 (0x55558593) addi a1, a1, 1365
x11 <- 0xFFFFFD5555555555
mem[X,0x00000000800291F8] -> 0x9593
mem[X,0x00000000800291FA] -> 0x00B5
[6022] [M]: 0x00000000800291F8 (0x00B59593) slli a1, a1, 11
x11 <- 0xFFEAAAAAAAAAA800
mem[X,0x00000000800291FC] -> 0x8593
mem[X,0x00000000800291FE] -> 0x2AA5
[6023] [M]: 0x00000000800291FC (0x2AA58593) addi a1, a1, 682
x11 <- 0xFFEAAAAAAAAAAAAA
mem[X,0x0000000080029200] -> 0x9593
mem[X,0x0000000080029202] -> 0x00A5
[6024] [M]: 0x0000000080029200 (0x00A59593) slli a1, a1, 10
x11 <- 0xAAAAAAAAAAAAA800
mem[X,0x0000000080029204] -> 0x8593
mem[X,0x0000000080029206] -> 0x2AA5
[6025] [M]: 0x0000000080029204 (0x2AA58593) addi a1, a1, 682
x11 <- 0xAAAAAAAAAAAAAAAA
mem[X,0x0000000080029208] -> 0x0113
mem[X,0x000000008002920A] -> 0x0000
[6026] [M]: 0x0000000080029208 (0x00000113) addi sp, zero, 0
x2 <- 0x0000000000000000
mem[X,0x000000008002920C] -> 0x006F
mem[X,0x000000008002920E] -> 0x00C0
[6027] [M]: 0x000000008002920C (0x00C0006F) jal zero, 12
mem[X,0x0000000080029218] -> 0x1663
mem[X,0x000000008002921A] -> 0x00B5
[6028] [M]: 0x0000000080029218 (0x00B51663) bne a0, a1, 12
mem[X,0x0000000080029224] -> 0x0113
mem[X,0x0000000080029226] -> 0x0031
[6029] [M]: 0x0000000080029224 (0x00310113) addi sp, sp, 3
x2 <- 0x0000000000000003
mem[X,0x0000000080029228] -> 0x006F
mem[X,0x000000008002922A] -> 0x0040
[6030] [M]: 0x0000000080029228 (0x0040006F) jal zero, 4
mem[X,0x000000008002922C] -> 0xB823
mem[X,0x000000008002922E] -> 0x3820
[6031] [M]: 0x000000008002922C (0x3820B823) sd sp, 912(ra)
mem[0x0000000080045D68] <- 0x0000000000000003
mem[X,0x0000000080029230] -> 0x5537
mem[X,0x0000000080029232] -> 0x5555
[6032] [M]: 0x0000000080029230 (0x55555537) lui a0, 349525
x10 <- 0x0000000055555000
mem[X,0x0000000080029234] -> 0x0513
mem[X,0x0000000080029236] -> 0x5555
[6033] [M]: 0x0000000080029234 (0x55550513) addi a0, a0, 1365
x10 <- 0x0000000055555555
mem[X,0x0000000080029238] -> 0x1513
mem[X,0x000000008002923A] -> 0x00B5
[6034] [M]: 0x0000000080029238 (0x00B51513) slli a0, a0, 11
x10 <- 0x000002AAAAAAA800
mem[X,0x000000008002923C] -> 0x0513
mem[X,0x000000008002923E] -> 0x2AA5
[6035] [M]: 0x000000008002923C (0x2AA50513) addi a0, a0, 682
x10 <- 0x000002AAAAAAAAAA
mem[X,0x0000000080029240] -> 0x1513
mem[X,0x0000000080029242] -> 0x00B5
[6036] [M]: 0x0000000080029240 (0x00B51513) slli a0, a0, 11
x10 <- 0x0015555555555000
mem[X,0x0000000080029244] -> 0x0513
mem[X,0x0000000080029246] -> 0x5555
[6037] [M]: 0x0000000080029244 (0x55550513) addi a0, a0, 1365
x10 <- 0x0015555555555555
mem[X,0x0000000080029248] -> 0x1513
mem[X,0x000000008002924A] -> 0x00A5
[6038] [M]: 0x0000000080029248 (0x00A51513) slli a0, a0, 10
x10 <- 0x5555555555555400
mem[X,0x000000008002924C] -> 0x0513
mem[X,0x000000008002924E] -> 0x1545
[6039] [M]: 0x000000008002924C (0x15450513) addi a0, a0, 340
x10 <- 0x5555555555555554
mem[X,0x0000000080029250] -> 0x0593
mem[X,0x0000000080029252] -> 0x0050
[6040] [M]: 0x0000000080029250 (0x00500593) addi a1, zero, 5
x11 <- 0x0000000000000005
mem[X,0x0000000080029254] -> 0x0113
mem[X,0x0000000080029256] -> 0x0000
[6041] [M]: 0x0000000080029254 (0x00000113) addi sp, zero, 0
x2 <- 0x0000000000000000
mem[X,0x0000000080029258] -> 0x006F
mem[X,0x000000008002925A] -> 0x00C0
[6042] [M]: 0x0000000080029258 (0x00C0006F) jal zero, 12
mem[X,0x0000000080029264] -> 0x1063
mem[X,0x0000000080029266] -> 0x04B5
[6043] [M]: 0x0000000080029264 (0x04B51063) bne a0, a1, 64
mem[X,0x00000000800292A4] -> 0x0113
mem[X,0x00000000800292A6] -> 0x0031
[6044] [M]: 0x00000000800292A4 (0x00310113) addi sp, sp, 3
x2 <- 0x0000000000000003
mem[X,0x00000000800292A8] -> 0x006F
mem[X,0x00000000800292AA] -> 0x0040
[6045] [M]: 0x00000000800292A8 (0x0040006F) jal zero, 4
mem[X,0x00000000800292AC] -> 0xBC23
mem[X,0x00000000800292AE] -> 0x3820
[6046] [M]: 0x00000000800292AC (0x3820BC23) sd sp, 920(ra)
mem[0x0000000080045D70] <- 0x0000000000000003
mem[X,0x00000000800292B0] -> 0x5537
mem[X,0x00000000800292B2] -> 0x5555
[6047] [M]: 0x00000000800292B0 (0x55555537) lui a0, 349525
x10 <- 0x0000000055555000
mem[X,0x00000000800292B4] -> 0x0513
mem[X,0x00000000800292B6] -> 0x5555
[6048] [M]: 0x00000000800292B4 (0x55550513) addi a0, a0, 1365
x10 <- 0x0000000055555555
mem[X,0x00000000800292B8] -> 0x1513
mem[X,0x00000000800292BA] -> 0x00B5
[6049] [M]: 0x00000000800292B8 (0x00B51513) slli a0, a0, 11
x10 <- 0x000002AAAAAAA800
mem[X,0x00000000800292BC] -> 0x0513
mem[X,0x00000000800292BE] -> 0x2AA5
[6050] [M]: 0x00000000800292BC (0x2AA50513) addi a0, a0, 682
x10 <- 0x000002AAAAAAAAAA
mem[X,0x00000000800292C0] -> 0x1513
mem[X,0x00000000800292C2] -> 0x00B5
[6051] [M]: 0x00000000800292C0 (0x00B51513) slli a0, a0, 11
x10 <- 0x0015555555555000
mem[X,0x00000000800292C4] -> 0x0513
mem[X,0x00000000800292C6] -> 0x5555
[6052] [M]: 0x00000000800292C4 (0x55550513) addi a0, a0, 1365
x10 <- 0x0015555555555555
mem[X,0x00000000800292C8] -> 0x1513
mem[X,0x00000000800292CA] -> 0x00A5
[6053] [M]: 0x00000000800292C8 (0x00A51513) slli a0, a0, 10
x10 <- 0x5555555555555400
mem[X,0x00000000800292CC] -> 0x0513
mem[X,0x00000000800292CE] -> 0x1545
[6054] [M]: 0x00000000800292CC (0x15450513) addi a0, a0, 340
x10 <- 0x5555555555555554
mem[X,0x00000000800292D0] -> 0x35B7
mem[X,0x00000000800292D2] -> 0x3333
[6055] [M]: 0x00000000800292D0 (0x333335B7) lui a1, 209715
x11 <- 0x0000000033333000
mem[X,0x00000000800292D4] -> 0x8593
mem[X,0x00000000800292D6] -> 0x3335
[6056] [M]: 0x00000000800292D4 (0x33358593) addi a1, a1, 819
x11 <- 0x0000000033333333
mem[X,0x00000000800292D8] -> 0x9593
mem[X,0x00000000800292DA] -> 0x00B5
[6057] [M]: 0x00000000800292D8 (0x00B59593) slli a1, a1, 11
x11 <- 0x0000019999999800
mem[X,0x00000000800292DC] -> 0x8593
mem[X,0x00000000800292DE] -> 0x1995
[6058] [M]: 0x00000000800292DC (0x19958593) addi a1, a1, 409
x11 <- 0x0000019999999999
mem[X,0x00000000800292E0] -> 0x9593
mem[X,0x00000000800292E2] -> 0x00B5
[6059] [M]: 0x00000000800292E0 (0x00B59593) slli a1, a1, 11
x11 <- 0x000CCCCCCCCCC800
mem[X,0x00000000800292E4] -> 0x8593
mem[X,0x00000000800292E6] -> 0x4CC5
[6060] [M]: 0x00000000800292E4 (0x4CC58593) addi a1, a1, 1228
x11 <- 0x000CCCCCCCCCCCCC
mem[X,0x00000000800292E8] -> 0x9593
mem[X,0x00000000800292EA] -> 0x00A5
[6061] [M]: 0x00000000800292E8 (0x00A59593) slli a1, a1, 10
x11 <- 0x3333333333333000
mem[X,0x00000000800292EC] -> 0x8593
mem[X,0x00000000800292EE] -> 0x3335
[6062] [M]: 0x00000000800292EC (0x33358593) addi a1, a1, 819
x11 <- 0x3333333333333333
mem[X,0x00000000800292F0] -> 0x0113
mem[X,0x00000000800292F2] -> 0x0000
[6063] [M]: 0x00000000800292F0 (0x00000113) addi sp, zero, 0
x2 <- 0x0000000000000000
mem[X,0x00000000800292F4] -> 0x006F
mem[X,0x00000000800292F6] -> 0x0050
[6064] [M]: 0x00000000800292F4 (0x0050006F) jal zero, 2052
mem[X,0x0000000080029AF8] -> 0x10E3
mem[X,0x0000000080029AFA] -> 0x80B5
[6065] [M]: 0x0000000080029AF8 (0x80B510E3) bne a0, a1, 6144
mem[X,0x00000000800292F8] -> 0x0113
mem[X,0x00000000800292FA] -> 0x0011
[6066] [M]: 0x00000000800292F8 (0x00110113) addi sp, sp, 1
x2 <- 0x0000000000000001
mem[X,0x00000000800292FC] -> 0x006F
mem[X,0x00000000800292FE] -> 0x0110
[6067] [M]: 0x00000000800292FC (0x0110006F) jal zero, 2064
mem[X,0x0000000080029B0C] -> 0xB023
mem[X,0x0000000080029B0E] -> 0x3A20
[6068] [M]: 0x0000000080029B0C (0x3A20B023) sd sp, 928(ra)
mem[0x0000000080045D78] <- 0x0000000000000001
mem[X,0x0000000080029B10] -> 0x5537
mem[X,0x0000000080029B12] -> 0x5555
[6069] [M]: 0x0000000080029B10 (0x55555537) lui a0, 349525
x10 <- 0x0000000055555000
mem[X,0x0000000080029B14] -> 0x0513
mem[X,0x0000000080029B16] -> 0x5555
[6070] [M]: 0x0000000080029B14 (0x55550513) addi a0, a0, 1365
x10 <- 0x0000000055555555
mem[X,0x0000000080029B18] -> 0x1513
mem[X,0x0000000080029B1A] -> 0x00B5
[6071] [M]: 0x0000000080029B18 (0x00B51513) slli a0, a0, 11
x10 <- 0x000002AAAAAAA800
mem[X,0x0000000080029B1C] -> 0x0513
mem[X,0x0000000080029B1E] -> 0x2AA5
[6072] [M]: 0x0000000080029B1C (0x2AA50513) addi a0, a0, 682
x10 <- 0x000002AAAAAAAAAA
mem[X,0x0000000080029B20] -> 0x1513
mem[X,0x0000000080029B22] -> 0x00B5
[6073] [M]: 0x0000000080029B20 (0x00B51513) slli a0, a0, 11
x10 <- 0x0015555555555000
mem[X,0x0000000080029B24] -> 0x0513
mem[X,0x0000000080029B26] -> 0x5555
[6074] [M]: 0x0000000080029B24 (0x55550513) addi a0, a0, 1365
x10 <- 0x0015555555555555
mem[X,0x0000000080029B28] -> 0x1513
mem[X,0x0000000080029B2A] -> 0x00A5
[6075] [M]: 0x0000000080029B28 (0x00A51513) slli a0, a0, 10
x10 <- 0x5555555555555400
mem[X,0x0000000080029B2C] -> 0x0513
mem[X,0x0000000080029B2E] -> 0x1545
[6076] [M]: 0x0000000080029B2C (0x15450513) addi a0, a0, 340
x10 <- 0x5555555555555554
mem[X,0x0000000080029B30] -> 0x65B7
mem[X,0x0000000080029B32] -> 0x6666
[6077] [M]: 0x0000000080029B30 (0x666665B7) lui a1, 419430
x11 <- 0x0000000066666000
mem[X,0x0000000080029B34] -> 0x8593
mem[X,0x0000000080029B36] -> 0x6665
[6078] [M]: 0x0000000080029B34 (0x66658593) addi a1, a1, 1638
x11 <- 0x0000000066666666
mem[X,0x0000000080029B38] -> 0x9593
mem[X,0x0000000080029B3A] -> 0x00B5
[6079] [M]: 0x0000000080029B38 (0x00B59593) slli a1, a1, 11
x11 <- 0x0000033333333000
mem[X,0x0000000080029B3C] -> 0x8593
mem[X,0x0000000080029B3E] -> 0x3335
[6080] [M]: 0x0000000080029B3C (0x33358593) addi a1, a1, 819
x11 <- 0x0000033333333333
mem[X,0x0000000080029B40] -> 0x9593
mem[X,0x0000000080029B42] -> 0x00B5
[6081] [M]: 0x0000000080029B40 (0x00B59593) slli a1, a1, 11
x11 <- 0x0019999999999800
mem[X,0x0000000080029B44] -> 0x8593
mem[X,0x0000000080029B46] -> 0x1995
[6082] [M]: 0x0000000080029B44 (0x19958593) addi a1, a1, 409
x11 <- 0x0019999999999999
mem[X,0x0000000080029B48] -> 0x9593
mem[X,0x0000000080029B4A] -> 0x00A5
[6083] [M]: 0x0000000080029B48 (0x00A59593) slli a1, a1, 10
x11 <- 0x6666666666666400
mem[X,0x0000000080029B4C] -> 0x8593
mem[X,0x0000000080029B4E] -> 0x2665
[6084] [M]: 0x0000000080029B4C (0x26658593) addi a1, a1, 614
x11 <- 0x6666666666666666
mem[X,0x0000000080029B50] -> 0x0113
mem[X,0x0000000080029B52] -> 0x0000
[6085] [M]: 0x0000000080029B50 (0x00000113) addi sp, zero, 0
x2 <- 0x0000000000000000
mem[X,0x0000000080029B54] -> 0x006F
mem[X,0x0000000080029B56] -> 0x00C0
[6086] [M]: 0x0000000080029B54 (0x00C0006F) jal zero, 12
mem[X,0x0000000080029B60] -> 0x1063
mem[X,0x0000000080029B62] -> 0x08B5
[6087] [M]: 0x0000000080029B60 (0x08B51063) bne a0, a1, 128
mem[X,0x0000000080029BE0] -> 0x0113
mem[X,0x0000000080029BE2] -> 0x0031
[6088] [M]: 0x0000000080029BE0 (0x00310113) addi sp, sp, 3
x2 <- 0x0000000000000003
mem[X,0x0000000080029BE4] -> 0x006F
mem[X,0x0000000080029BE6] -> 0x0040
[6089] [M]: 0x0000000080029BE4 (0x0040006F) jal zero, 4
mem[X,0x0000000080029BE8] -> 0xB423
mem[X,0x0000000080029BEA] -> 0x3A20
[6090] [M]: 0x0000000080029BE8 (0x3A20B423) sd sp, 936(ra)
mem[0x0000000080045D80] <- 0x0000000000000003
mem[X,0x0000000080029BEC] -> 0x5537
mem[X,0x0000000080029BEE] -> 0x5555
[6091] [M]: 0x0000000080029BEC (0x55555537) lui a0, 349525
x10 <- 0x0000000055555000
mem[X,0x0000000080029BF0] -> 0x0513
mem[X,0x0000000080029BF2] -> 0x5555
[6092] [M]: 0x0000000080029BF0 (0x55550513) addi a0, a0, 1365
x10 <- 0x0000000055555555
mem[X,0x0000000080029BF4] -> 0x1513
mem[X,0x0000000080029BF6] -> 0x00B5
[6093] [M]: 0x0000000080029BF4 (0x00B51513) slli a0, a0, 11
x10 <- 0x000002AAAAAAA800
mem[X,0x0000000080029BF8] -> 0x0513
mem[X,0x0000000080029BFA] -> 0x2AA5
[6094] [M]: 0x0000000080029BF8 (0x2AA50513) addi a0, a0, 682
x10 <- 0x000002AAAAAAAAAA
mem[X,0x0000000080029BFC] -> 0x1513
mem[X,0x0000000080029BFE] -> 0x00B5
[6095] [M]: 0x0000000080029BFC (0x00B51513) slli a0, a0, 11
x10 <- 0x0015555555555000
mem[X,0x0000000080029C00] -> 0x0513
mem[X,0x0000000080029C02] -> 0x5555
[6096] [M]: 0x0000000080029C00 (0x55550513) addi a0, a0, 1365
x10 <- 0x0015555555555555
mem[X,0x0000000080029C04] -> 0x1513
mem[X,0x0000000080029C06] -> 0x00A5
[6097] [M]: 0x0000000080029C04 (0x00A51513) slli a0, a0, 10
x10 <- 0x5555555555555400
mem[X,0x0000000080029C08] -> 0x0513
mem[X,0x0000000080029C0A] -> 0x1545
[6098] [M]: 0x0000000080029C08 (0x15450513) addi a0, a0, 340
x10 <- 0x5555555555555554
mem[X,0x0000000080029C0C] -> 0x05B7
mem[X,0x0000000080029C0E] -> 0x0000
[6099] [M]: 0x0000000080029C0C (0x000005B7) lui a1, 0
x11 <- 0x0000000000000000
clint::tick mtime <- 0x000000000000003D
 clint timer pending at mtime 0x000000000000003D
htif::tick 0x0000000000000000
mem[X,0x0000000080029C10] -> 0x8593
mem[X,0x0000000080029C12] -> 0xFFF5
[6100] [M]: 0x0000000080029C10 (0xFFF58593) addi a1, a1, 4095
x11 <- 0xFFFFFFFFFFFFFFFF
mem[X,0x0000000080029C14] -> 0x9593
mem[X,0x0000000080029C16] -> 0x00B5
[6101] [M]: 0x0000000080029C14 (0x00B59593) slli a1, a1, 11
x11 <- 0xFFFFFFFFFFFFF800
mem[X,0x0000000080029C18] -> 0x8593
mem[X,0x0000000080029C1A] -> 0x2575
[6102] [M]: 0x0000000080029C18 (0x25758593) addi a1, a1, 599
x11 <- 0xFFFFFFFFFFFFFA57
mem[X,0x0000000080029C1C] -> 0x9593
mem[X,0x0000000080029C1E] -> 0x00B5
[6103] [M]: 0x0000000080029C1C (0x00B59593) slli a1, a1, 11
x11 <- 0xFFFFFFFFFFD2B800
mem[X,0x0000000080029C20] -> 0x8593
mem[X,0x0000000080029C22] -> 0x6C35
[6104] [M]: 0x0000000080029C20 (0x6C358593) addi a1, a1, 1731
x11 <- 0xFFFFFFFFFFD2BEC3
mem[X,0x0000000080029C24] -> 0x9593
mem[X,0x0000000080029C26] -> 0x00A5
[6105] [M]: 0x0000000080029C24 (0x00A59593) slli a1, a1, 10
x11 <- 0xFFFFFFFF4AFB0C00
mem[X,0x0000000080029C28] -> 0x8593
mem[X,0x0000000080029C2A] -> 0x0CD5
[6106] [M]: 0x0000000080029C28 (0x0CD58593) addi a1, a1, 205
x11 <- 0xFFFFFFFF4AFB0CCD
mem[X,0x0000000080029C2C] -> 0x0113
mem[X,0x0000000080029C2E] -> 0x0000
[6107] [M]: 0x0000000080029C2C (0x00000113) addi sp, zero, 0
x2 <- 0x0000000000000000
mem[X,0x0000000080029C30] -> 0x006F
mem[X,0x0000000080029C32] -> 0x00C0
[6108] [M]: 0x0000000080029C30 (0x00C0006F) jal zero, 12
mem[X,0x0000000080029C3C] -> 0x1063
mem[X,0x0000000080029C3E] -> 0x08B5
[6109] [M]: 0x0000000080029C3C (0x08B51063) bne a0, a1, 128
mem[X,0x0000000080029CBC] -> 0x0113
mem[X,0x0000000080029CBE] -> 0x0031
[6110] [M]: 0x0000000080029CBC (0x00310113) addi sp, sp, 3
x2 <- 0x0000000000000003
mem[X,0x0000000080029CC0] -> 0x006F
mem[X,0x0000000080029CC2] -> 0x0040
[6111] [M]: 0x0000000080029CC0 (0x0040006F) jal zero, 4
mem[X,0x0000000080029CC4] -> 0xB823
mem[X,0x0000000080029CC6] -> 0x3A20
[6112] [M]: 0x0000000080029CC4 (0x3A20B823) sd sp, 944(ra)
mem[0x0000000080045D88] <- 0x0000000000000003
mem[X,0x0000000080029CC8] -> 0x5537
mem[X,0x0000000080029CCA] -> 0x5555
[6113] [M]: 0x0000000080029CC8 (0x55555537) lui a0, 349525
x10 <- 0x0000000055555000
mem[X,0x0000000080029CCC] -> 0x0513
mem[X,0x0000000080029CCE] -> 0x5555
[6114] [M]: 0x0000000080029CCC (0x55550513) addi a0, a0, 1365
x10 <- 0x0000000055555555
mem[X,0x0000000080029CD0] -> 0x1513
mem[X,0x0000000080029CD2] -> 0x00B5
[6115] [M]: 0x0000000080029CD0 (0x00B51513) slli a0, a0, 11
x10 <- 0x000002AAAAAAA800
mem[X,0x0000000080029CD4] -> 0x0513
mem[X,0x0000000080029CD6] -> 0x2AA5
[6116] [M]: 0x0000000080029CD4 (0x2AA50513) addi a0, a0, 682
x10 <- 0x000002AAAAAAAAAA
mem[X,0x0000000080029CD8] -> 0x1513
mem[X,0x0000000080029CDA] -> 0x00B5
[6117] [M]: 0x0000000080029CD8 (0x00B51513) slli a0, a0, 11
x10 <- 0x0015555555555000
mem[X,0x0000000080029CDC] -> 0x0513
mem[X,0x0000000080029CDE] -> 0x5555
[6118] [M]: 0x0000000080029CDC (0x55550513) addi a0, a0, 1365
x10 <- 0x0015555555555555
mem[X,0x0000000080029CE0] -> 0x1513
mem[X,0x0000000080029CE2] -> 0x00A5
[6119] [M]: 0x0000000080029CE0 (0x00A51513) slli a0, a0, 10
x10 <- 0x5555555555555400
mem[X,0x0000000080029CE4] -> 0x0513
mem[X,0x0000000080029CE6] -> 0x1545
[6120] [M]: 0x0000000080029CE4 (0x15450513) addi a0, a0, 340
x10 <- 0x5555555555555554
mem[X,0x0000000080029CE8] -> 0x05B7
mem[X,0x0000000080029CEA] -> 0x0000
[6121] [M]: 0x0000000080029CE8 (0x000005B7) lui a1, 0
x11 <- 0x0000000000000000
mem[X,0x0000000080029CEC] -> 0x8593
mem[X,0x0000000080029CEE] -> 0x0005
[6122] [M]: 0x0000000080029CEC (0x00058593) addi a1, a1, 0
x11 <- 0x0000000000000000
mem[X,0x0000000080029CF0] -> 0x9593
mem[X,0x0000000080029CF2] -> 0x00B5
[6123] [M]: 0x0000000080029CF0 (0x00B59593) slli a1, a1, 11
x11 <- 0x0000000000000000
mem[X,0x0000000080029CF4] -> 0x8593
mem[X,0x0000000080029CF6] -> 0x5A85
[6124] [M]: 0x0000000080029CF4 (0x5A858593) addi a1, a1, 1448
x11 <- 0x00000000000005A8
mem[X,0x0000000080029CF8] -> 0x9593
mem[X,0x0000000080029CFA] -> 0x00B5
[6125] [M]: 0x0000000080029CF8 (0x00B59593) slli a1, a1, 11
x11 <- 0x00000000002D4000
mem[X,0x0000000080029CFC] -> 0x8593
mem[X,0x0000000080029CFE] -> 0x13C5
[6126] [M]: 0x0000000080029CFC (0x13C58593) addi a1, a1, 316
x11 <- 0x00000000002D413C
mem[X,0x0000000080029D00] -> 0x9593
mem[X,0x0000000080029D02] -> 0x00A5
[6127] [M]: 0x0000000080029D00 (0x00A59593) slli a1, a1, 10
x11 <- 0x00000000B504F000
mem[X,0x0000000080029D04] -> 0x8593
mem[X,0x0000000080029D06] -> 0x3335
[6128] [M]: 0x0000000080029D04 (0x33358593) addi a1, a1, 819
x11 <- 0x00000000B504F333
mem[X,0x0000000080029D08] -> 0x0113
mem[X,0x0000000080029D0A] -> 0x0000
[6129] [M]: 0x0000000080029D08 (0x00000113) addi sp, zero, 0
x2 <- 0x0000000000000000
mem[X,0x0000000080029D0C] -> 0x006F
mem[X,0x0000000080029D0E] -> 0x2B10
[6130] [M]: 0x0000000080029D0C (0x2B10006F) jal zero, 2736
mem[X,0x000000008002A7BC] -> 0x1A63
mem[X,0x000000008002A7BE] -> 0xD4B5
[6131] [M]: 0x000000008002A7BC (0xD4B51A63) bne a0, a1, 5460
mem[X,0x0000000080029D10] -> 0x0113
mem[X,0x0000000080029D12] -> 0x0011
[6132] [M]: 0x0000000080029D10 (0x00110113) addi sp, sp, 1
x2 <- 0x0000000000000001
mem[X,0x0000000080029D14] -> 0x006F
mem[X,0x0000000080029D16] -> 0x2BD0
[6133] [M]: 0x0000000080029D14 (0x2BD0006F) jal zero, 2748
mem[X,0x000000008002A7D0] -> 0xBC23
mem[X,0x000000008002A7D2] -> 0x3A20
[6134] [M]: 0x000000008002A7D0 (0x3A20BC23) sd sp, 952(ra)
mem[0x0000000080045D90] <- 0x0000000000000001
mem[X,0x000000008002A7D4] -> 0x5537
mem[X,0x000000008002A7D6] -> 0x5555
[6135] [M]: 0x000000008002A7D4 (0x55555537) lui a0, 349525
x10 <- 0x0000000055555000
mem[X,0x000000008002A7D8] -> 0x0513
mem[X,0x000000008002A7DA] -> 0x5555
[6136] [M]: 0x000000008002A7D8 (0x55550513) addi a0, a0, 1365
x10 <- 0x0000000055555555
mem[X,0x000000008002A7DC] -> 0x1513
mem[X,0x000000008002A7DE] -> 0x00B5
[6137] [M]: 0x000000008002A7DC (0x00B51513) slli a0, a0, 11
x10 <- 0x000002AAAAAAA800
mem[X,0x000000008002A7E0] -> 0x0513
mem[X,0x000000008002A7E2] -> 0x2AA5
[6138] [M]: 0x000000008002A7E0 (0x2AA50513) addi a0, a0, 682
x10 <- 0x000002AAAAAAAAAA
mem[X,0x000000008002A7E4] -> 0x1513
mem[X,0x000000008002A7E6] -> 0x00B5
[6139] [M]: 0x000000008002A7E4 (0x00B51513) slli a0, a0, 11
x10 <- 0x0015555555555000
mem[X,0x000000008002A7E8] -> 0x0513
mem[X,0x000000008002A7EA] -> 0x5555
[6140] [M]: 0x000000008002A7E8 (0x55550513) addi a0, a0, 1365
x10 <- 0x0015555555555555
mem[X,0x000000008002A7EC] -> 0x1513
mem[X,0x000000008002A7EE] -> 0x00A5
[6141] [M]: 0x000000008002A7EC (0x00A51513) slli a0, a0, 10
x10 <- 0x5555555555555400
mem[X,0x000000008002A7F0] -> 0x0513
mem[X,0x000000008002A7F2] -> 0x1545
[6142] [M]: 0x000000008002A7F0 (0x15450513) addi a0, a0, 340
x10 <- 0x5555555555555554
mem[X,0x000000008002A7F4] -> 0x0593
mem[X,0x000000008002A7F6] -> 0x0020
[6143] [M]: 0x000000008002A7F4 (0x00200593) addi a1, zero, 2
x11 <- 0x0000000000000002
mem[X,0x000000008002A7F8] -> 0x0113
mem[X,0x000000008002A7FA] -> 0x0000
[6144] [M]: 0x000000008002A7F8 (0x00000113) addi sp, zero, 0
x2 <- 0x0000000000000000
mem[X,0x000000008002A7FC] -> 0x006F
mem[X,0x000000008002A7FE] -> 0x00C0
[6145] [M]: 0x000000008002A7FC (0x00C0006F) jal zero, 12
mem[X,0x000000008002A808] -> 0x1863
mem[X,0x000000008002A80A] -> 0x00B5
[6146] [M]: 0x000000008002A808 (0x00B51863) bne a0, a1, 16
mem[X,0x000000008002A818] -> 0x0113
mem[X,0x000000008002A81A] -> 0x0031
[6147] [M]: 0x000000008002A818 (0x00310113) addi sp, sp, 3
x2 <- 0x0000000000000003
mem[X,0x000000008002A81C] -> 0x006F
mem[X,0x000000008002A81E] -> 0x0040
[6148] [M]: 0x000000008002A81C (0x0040006F) jal zero, 4
mem[X,0x000000008002A820] -> 0xB023
mem[X,0x000000008002A822] -> 0x3C20
[6149] [M]: 0x000000008002A820 (0x3C20B023) sd sp, 960(ra)
mem[0x0000000080045D98] <- 0x0000000000000003
mem[X,0x000000008002A824] -> 0x5537
mem[X,0x000000008002A826] -> 0x5555
[6150] [M]: 0x000000008002A824 (0x55555537) lui a0, 349525
x10 <- 0x0000000055555000
mem[X,0x000000008002A828] -> 0x0513
mem[X,0x000000008002A82A] -> 0x5555
[6151] [M]: 0x000000008002A828 (0x55550513) addi a0, a0, 1365
x10 <- 0x0000000055555555
mem[X,0x000000008002A82C] -> 0x1513
mem[X,0x000000008002A82E] -> 0x00B5
[6152] [M]: 0x000000008002A82C (0x00B51513) slli a0, a0, 11
x10 <- 0x000002AAAAAAA800
mem[X,0x000000008002A830] -> 0x0513
mem[X,0x000000008002A832] -> 0x2AA5
[6153] [M]: 0x000000008002A830 (0x2AA50513) addi a0, a0, 682
x10 <- 0x000002AAAAAAAAAA
mem[X,0x000000008002A834] -> 0x1513
mem[X,0x000000008002A836] -> 0x00B5
[6154] [M]: 0x000000008002A834 (0x00B51513) slli a0, a0, 11
x10 <- 0x0015555555555000
mem[X,0x000000008002A838] -> 0x0513
mem[X,0x000000008002A83A] -> 0x5555
[6155] [M]: 0x000000008002A838 (0x55550513) addi a0, a0, 1365
x10 <- 0x0015555555555555
mem[X,0x000000008002A83C] -> 0x1513
mem[X,0x000000008002A83E] -> 0x00A5
[6156] [M]: 0x000000008002A83C (0x00A51513) slli a0, a0, 10
x10 <- 0x5555555555555400
mem[X,0x000000008002A840] -> 0x0513
mem[X,0x000000008002A842] -> 0x1545
[6157] [M]: 0x000000008002A840 (0x15450513) addi a0, a0, 340
x10 <- 0x5555555555555554
mem[X,0x000000008002A844] -> 0x55B7
mem[X,0x000000008002A846] -> 0x5555
[6158] [M]: 0x000000008002A844 (0x555555B7) lui a1, 349525
x11 <- 0x0000000055555000
mem[X,0x000000008002A848] -> 0x8593
mem[X,0x000000008002A84A] -> 0x5555
[6159] [M]: 0x000000008002A848 (0x55558593) addi a1, a1, 1365
x11 <- 0x0000000055555555
mem[X,0x000000008002A84C] -> 0x9593
mem[X,0x000000008002A84E] -> 0x00B5
[6160] [M]: 0x000000008002A84C (0x00B59593) slli a1, a1, 11
x11 <- 0x000002AAAAAAA800
mem[X,0x000000008002A850] -> 0x8593
mem[X,0x000000008002A852] -> 0x2AA5
[6161] [M]: 0x000000008002A850 (0x2AA58593) addi a1, a1, 682
x11 <- 0x000002AAAAAAAAAA
mem[X,0x000000008002A854] -> 0x9593
mem[X,0x000000008002A856] -> 0x00B5
[6162] [M]: 0x000000008002A854 (0x00B59593) slli a1, a1, 11
x11 <- 0x0015555555555000
mem[X,0x000000008002A858] -> 0x8593
mem[X,0x000000008002A85A] -> 0x5555
[6163] [M]: 0x000000008002A858 (0x55558593) addi a1, a1, 1365
x11 <- 0x0015555555555555
mem[X,0x000000008002A85C] -> 0x9593
mem[X,0x000000008002A85E] -> 0x00A5
[6164] [M]: 0x000000008002A85C (0x00A59593) slli a1, a1, 10
x11 <- 0x5555555555555400
mem[X,0x000000008002A860] -> 0x8593
mem[X,0x000000008002A862] -> 0x1545
[6165] [M]: 0x000000008002A860 (0x15458593) addi a1, a1, 340
x11 <- 0x5555555555555554
mem[X,0x000000008002A864] -> 0x0113
mem[X,0x000000008002A866] -> 0x0000
[6166] [M]: 0x000000008002A864 (0x00000113) addi sp, zero, 0
x2 <- 0x0000000000000000
mem[X,0x000000008002A868] -> 0x006F
mem[X,0x000000008002A86A] -> 0x00C0
[6167] [M]: 0x000000008002A868 (0x00C0006F) jal zero, 12
mem[X,0x000000008002A874] -> 0x1CE3
mem[X,0x000000008002A876] -> 0xFEB5
[6168] [M]: 0x000000008002A874 (0xFEB51CE3) bne a0, a1, 8184
mem[X,0x000000008002A878] -> 0x0113
mem[X,0x000000008002A87A] -> 0x0021
[6169] [M]: 0x000000008002A878 (0x00210113) addi sp, sp, 2
x2 <- 0x0000000000000002
mem[X,0x000000008002A87C] -> 0x006F
mem[X,0x000000008002A87E] -> 0x00C0
[6170] [M]: 0x000000008002A87C (0x00C0006F) jal zero, 12
mem[X,0x000000008002A888] -> 0xB423
mem[X,0x000000008002A88A] -> 0x3C20
[6171] [M]: 0x000000008002A888 (0x3C20B423) sd sp, 968(ra)
mem[0x0000000080045DA0] <- 0x0000000000000002
mem[X,0x000000008002A88C] -> 0x5537
mem[X,0x000000008002A88E] -> 0x5555
[6172] [M]: 0x000000008002A88C (0x55555537) lui a0, 349525
x10 <- 0x0000000055555000
mem[X,0x000000008002A890] -> 0x0513
mem[X,0x000000008002A892] -> 0x5555
[6173] [M]: 0x000000008002A890 (0x55550513) addi a0, a0, 1365
x10 <- 0x0000000055555555
mem[X,0x000000008002A894] -> 0x1513
mem[X,0x000000008002A896] -> 0x00B5
[6174] [M]: 0x000000008002A894 (0x00B51513) slli a0, a0, 11
x10 <- 0x000002AAAAAAA800
mem[X,0x000000008002A898] -> 0x0513
mem[X,0x000000008002A89A] -> 0x2AA5
[6175] [M]: 0x000000008002A898 (0x2AA50513) addi a0, a0, 682
x10 <- 0x000002AAAAAAAAAA
mem[X,0x000000008002A89C] -> 0x1513
mem[X,0x000000008002A89E] -> 0x00B5
[6176] [M]: 0x000000008002A89C (0x00B51513) slli a0, a0, 11
x10 <- 0x0015555555555000
mem[X,0x000000008002A8A0] -> 0x0513
mem[X,0x000000008002A8A2] -> 0x5555
[6177] [M]: 0x000000008002A8A0 (0x55550513) addi a0, a0, 1365
x10 <- 0x0015555555555555
mem[X,0x000000008002A8A4] -> 0x1513
mem[X,0x000000008002A8A6] -> 0x00A5
[6178] [M]: 0x000000008002A8A4 (0x00A51513) slli a0, a0, 10
x10 <- 0x5555555555555400
mem[X,0x000000008002A8A8] -> 0x0513
mem[X,0x000000008002A8AA] -> 0x1545
[6179] [M]: 0x000000008002A8A8 (0x15450513) addi a0, a0, 340
x10 <- 0x5555555555555554
mem[X,0x000000008002A8AC] -> 0x0593
mem[X,0x000000008002A8AE] -> 0x0000
[6180] [M]: 0x000000008002A8AC (0x00000593) addi a1, zero, 0
x11 <- 0x0000000000000000
mem[X,0x000000008002A8B0] -> 0x0113
mem[X,0x000000008002A8B2] -> 0x0000
[6181] [M]: 0x000000008002A8B0 (0x00000113) addi sp, zero, 0
x2 <- 0x0000000000000000
mem[X,0x000000008002A8B4] -> 0x006F
mem[X,0x000000008002A8B6] -> 0x00C0
[6182] [M]: 0x000000008002A8B4 (0x00C0006F) jal zero, 12
mem[X,0x000000008002A8C0] -> 0x1863
mem[X,0x000000008002A8C2] -> 0x00B5
[6183] [M]: 0x000000008002A8C0 (0x00B51863) bne a0, a1, 16
mem[X,0x000000008002A8D0] -> 0x0113
mem[X,0x000000008002A8D2] -> 0x0031
[6184] [M]: 0x000000008002A8D0 (0x00310113) addi sp, sp, 3
x2 <- 0x0000000000000003
mem[X,0x000000008002A8D4] -> 0x006F
mem[X,0x000000008002A8D6] -> 0x0040
[6185] [M]: 0x000000008002A8D4 (0x0040006F) jal zero, 4
mem[X,0x000000008002A8D8] -> 0xB823
mem[X,0x000000008002A8DA] -> 0x3C20
[6186] [M]: 0x000000008002A8D8 (0x3C20B823) sd sp, 976(ra)
mem[0x0000000080045DA8] <- 0x0000000000000003
mem[X,0x000000008002A8DC] -> 0x5537
mem[X,0x000000008002A8DE] -> 0x5555
[6187] [M]: 0x000000008002A8DC (0x55555537) lui a0, 349525
x10 <- 0x0000000055555000
mem[X,0x000000008002A8E0] -> 0x0513
mem[X,0x000000008002A8E2] -> 0x5555
[6188] [M]: 0x000000008002A8E0 (0x55550513) addi a0, a0, 1365
x10 <- 0x0000000055555555
mem[X,0x000000008002A8E4] -> 0x1513
mem[X,0x000000008002A8E6] -> 0x00B5
[6189] [M]: 0x000000008002A8E4 (0x00B51513) slli a0, a0, 11
x10 <- 0x000002AAAAAAA800
mem[X,0x000000008002A8E8] -> 0x0513
mem[X,0x000000008002A8EA] -> 0x2AA5
[6190] [M]: 0x000000008002A8E8 (0x2AA50513) addi a0, a0, 682
x10 <- 0x000002AAAAAAAAAA
mem[X,0x000000008002A8EC] -> 0x1513
mem[X,0x000000008002A8EE] -> 0x00B5
[6191] [M]: 0x000000008002A8EC (0x00B51513) slli a0, a0, 11
x10 <- 0x0015555555555000
mem[X,0x000000008002A8F0] -> 0x0513
mem[X,0x000000008002A8F2] -> 0x5555
[6192] [M]: 0x000000008002A8F0 (0x55550513) addi a0, a0, 1365
x10 <- 0x0015555555555555
mem[X,0x000000008002A8F4] -> 0x1513
mem[X,0x000000008002A8F6] -> 0x00A5
[6193] [M]: 0x000000008002A8F4 (0x00A51513) slli a0, a0, 10
x10 <- 0x5555555555555400
mem[X,0x000000008002A8F8] -> 0x0513
mem[X,0x000000008002A8FA] -> 0x1545
[6194] [M]: 0x000000008002A8F8 (0x15450513) addi a0, a0, 340
x10 <- 0x5555555555555554
mem[X,0x000000008002A8FC] -> 0x0593
mem[X,0x000000008002A8FE] -> 0x0040
[6195] [M]: 0x000000008002A8FC (0x00400593) addi a1, zero, 4
x11 <- 0x0000000000000004
mem[X,0x000000008002A900] -> 0x0113
mem[X,0x000000008002A902] -> 0x0000
[6196] [M]: 0x000000008002A900 (0x00000113) addi sp, zero, 0
x2 <- 0x0000000000000000
mem[X,0x000000008002A904] -> 0x006F
mem[X,0x000000008002A906] -> 0x00C0
[6197] [M]: 0x000000008002A904 (0x00C0006F) jal zero, 12
mem[X,0x000000008002A910] -> 0x1663
mem[X,0x000000008002A912] -> 0x00B5
[6198] [M]: 0x000000008002A910 (0x00B51663) bne a0, a1, 12
mem[X,0x000000008002A91C] -> 0x0113
mem[X,0x000000008002A91E] -> 0x0031
[6199] [M]: 0x000000008002A91C (0x00310113) addi sp, sp, 3
x2 <- 0x0000000000000003
clint::tick mtime <- 0x000000000000003E
 clint timer pending at mtime 0x000000000000003E
htif::tick 0x0000000000000000
mem[X,0x000000008002A920] -> 0x006F
mem[X,0x000000008002A922] -> 0x0040
[6200] [M]: 0x000000008002A920 (0x0040006F) jal zero, 4
mem[X,0x000000008002A924] -> 0xBC23
mem[X,0x000000008002A926] -> 0x3C20
[6201] [M]: 0x000000008002A924 (0x3C20BC23) sd sp, 984(ra)
mem[0x0000000080045DB0] <- 0x0000000000000003
mem[X,0x000000008002A928] -> 0x5537
mem[X,0x000000008002A92A] -> 0x5555
[6202] [M]: 0x000000008002A928 (0x55555537) lui a0, 349525
x10 <- 0x0000000055555000
mem[X,0x000000008002A92C] -> 0x0513
mem[X,0x000000008002A92E] -> 0x5555
[6203] [M]: 0x000000008002A92C (0x55550513) addi a0, a0, 1365
x10 <- 0x0000000055555555
mem[X,0x000000008002A930] -> 0x1513
mem[X,0x000000008002A932] -> 0x00B5
[6204] [M]: 0x000000008002A930 (0x00B51513) slli a0, a0, 11
x10 <- 0x000002AAAAAAA800
mem[X,0x000000008002A934] -> 0x0513
mem[X,0x000000008002A936] -> 0x2AA5
[6205] [M]: 0x000000008002A934 (0x2AA50513) addi a0, a0, 682
x10 <- 0x000002AAAAAAAAAA
mem[X,0x000000008002A938] -> 0x1513
mem[X,0x000000008002A93A] -> 0x00B5
[6206] [M]: 0x000000008002A938 (0x00B51513) slli a0, a0, 11
x10 <- 0x0015555555555000
mem[X,0x000000008002A93C] -> 0x0513
mem[X,0x000000008002A93E] -> 0x5555
[6207] [M]: 0x000000008002A93C (0x55550513) addi a0, a0, 1365
x10 <- 0x0015555555555555
mem[X,0x000000008002A940] -> 0x1513
mem[X,0x000000008002A942] -> 0x00A5
[6208] [M]: 0x000000008002A940 (0x00A51513) slli a0, a0, 10
x10 <- 0x5555555555555400
mem[X,0x000000008002A944] -> 0x0513
mem[X,0x000000008002A946] -> 0x1545
[6209] [M]: 0x000000008002A944 (0x15450513) addi a0, a0, 340
x10 <- 0x5555555555555554
mem[X,0x000000008002A948] -> 0x35B7
mem[X,0x000000008002A94A] -> 0x3333
[6210] [M]: 0x000000008002A948 (0x333335B7) lui a1, 209715
x11 <- 0x0000000033333000
mem[X,0x000000008002A94C] -> 0x8593
mem[X,0x000000008002A94E] -> 0x3335
[6211] [M]: 0x000000008002A94C (0x33358593) addi a1, a1, 819
x11 <- 0x0000000033333333
mem[X,0x000000008002A950] -> 0x9593
mem[X,0x000000008002A952] -> 0x00B5
[6212] [M]: 0x000000008002A950 (0x00B59593) slli a1, a1, 11
x11 <- 0x0000019999999800
mem[X,0x000000008002A954] -> 0x8593
mem[X,0x000000008002A956] -> 0x1995
[6213] [M]: 0x000000008002A954 (0x19958593) addi a1, a1, 409
x11 <- 0x0000019999999999
mem[X,0x000000008002A958] -> 0x9593
mem[X,0x000000008002A95A] -> 0x00B5
[6214] [M]: 0x000000008002A958 (0x00B59593) slli a1, a1, 11
x11 <- 0x000CCCCCCCCCC800
mem[X,0x000000008002A95C] -> 0x8593
mem[X,0x000000008002A95E] -> 0x4CC5
[6215] [M]: 0x000000008002A95C (0x4CC58593) addi a1, a1, 1228
x11 <- 0x000CCCCCCCCCCCCC
mem[X,0x000000008002A960] -> 0x9593
mem[X,0x000000008002A962] -> 0x00A5
[6216] [M]: 0x000000008002A960 (0x00A59593) slli a1, a1, 10
x11 <- 0x3333333333333000
mem[X,0x000000008002A964] -> 0x8593
mem[X,0x000000008002A966] -> 0x3325
[6217] [M]: 0x000000008002A964 (0x33258593) addi a1, a1, 818
x11 <- 0x3333333333333332
mem[X,0x000000008002A968] -> 0x0113
mem[X,0x000000008002A96A] -> 0x0000
[6218] [M]: 0x000000008002A968 (0x00000113) addi sp, zero, 0
x2 <- 0x0000000000000000
mem[X,0x000000008002A96C] -> 0x006F
mem[X,0x000000008002A96E] -> 0x00C0
[6219] [M]: 0x000000008002A96C (0x00C0006F) jal zero, 12
mem[X,0x000000008002A978] -> 0x1063
mem[X,0x000000008002A97A] -> 0x02B5
[6220] [M]: 0x000000008002A978 (0x02B51063) bne a0, a1, 32
mem[X,0x000000008002A998] -> 0x0113
mem[X,0x000000008002A99A] -> 0x0031
[6221] [M]: 0x000000008002A998 (0x00310113) addi sp, sp, 3
x2 <- 0x0000000000000003
mem[X,0x000000008002A99C] -> 0x006F
mem[X,0x000000008002A99E] -> 0x0040
[6222] [M]: 0x000000008002A99C (0x0040006F) jal zero, 4
mem[X,0x000000008002A9A0] -> 0xB023
mem[X,0x000000008002A9A2] -> 0x3E20
[6223] [M]: 0x000000008002A9A0 (0x3E20B023) sd sp, 992(ra)
mem[0x0000000080045DB8] <- 0x0000000000000003
mem[X,0x000000008002A9A4] -> 0x5537
mem[X,0x000000008002A9A6] -> 0x5555
[6224] [M]: 0x000000008002A9A4 (0x55555537) lui a0, 349525
x10 <- 0x0000000055555000
mem[X,0x000000008002A9A8] -> 0x0513
mem[X,0x000000008002A9AA] -> 0x5555
[6225] [M]: 0x000000008002A9A8 (0x55550513) addi a0, a0, 1365
x10 <- 0x0000000055555555
mem[X,0x000000008002A9AC] -> 0x1513
mem[X,0x000000008002A9AE] -> 0x00B5
[6226] [M]: 0x000000008002A9AC (0x00B51513) slli a0, a0, 11
x10 <- 0x000002AAAAAAA800
mem[X,0x000000008002A9B0] -> 0x0513
mem[X,0x000000008002A9B2] -> 0x2AA5
[6227] [M]: 0x000000008002A9B0 (0x2AA50513) addi a0, a0, 682
x10 <- 0x000002AAAAAAAAAA
mem[X,0x000000008002A9B4] -> 0x1513
mem[X,0x000000008002A9B6] -> 0x00B5
[6228] [M]: 0x000000008002A9B4 (0x00B51513) slli a0, a0, 11
x10 <- 0x0015555555555000
mem[X,0x000000008002A9B8] -> 0x0513
mem[X,0x000000008002A9BA] -> 0x5555
[6229] [M]: 0x000000008002A9B8 (0x55550513) addi a0, a0, 1365
x10 <- 0x0015555555555555
mem[X,0x000000008002A9BC] -> 0x1513
mem[X,0x000000008002A9BE] -> 0x00A5
[6230] [M]: 0x000000008002A9BC (0x00A51513) slli a0, a0, 10
x10 <- 0x5555555555555400
mem[X,0x000000008002A9C0] -> 0x0513
mem[X,0x000000008002A9C2] -> 0x1545
[6231] [M]: 0x000000008002A9C0 (0x15450513) addi a0, a0, 340
x10 <- 0x5555555555555554
mem[X,0x000000008002A9C4] -> 0x65B7
mem[X,0x000000008002A9C6] -> 0x6666
[6232] [M]: 0x000000008002A9C4 (0x666665B7) lui a1, 419430
x11 <- 0x0000000066666000
mem[X,0x000000008002A9C8] -> 0x8593
mem[X,0x000000008002A9CA] -> 0x6665
[6233] [M]: 0x000000008002A9C8 (0x66658593) addi a1, a1, 1638
x11 <- 0x0000000066666666
mem[X,0x000000008002A9CC] -> 0x9593
mem[X,0x000000008002A9CE] -> 0x00B5
[6234] [M]: 0x000000008002A9CC (0x00B59593) slli a1, a1, 11
x11 <- 0x0000033333333000
mem[X,0x000000008002A9D0] -> 0x8593
mem[X,0x000000008002A9D2] -> 0x3335
[6235] [M]: 0x000000008002A9D0 (0x33358593) addi a1, a1, 819
x11 <- 0x0000033333333333
mem[X,0x000000008002A9D4] -> 0x9593
mem[X,0x000000008002A9D6] -> 0x00B5
[6236] [M]: 0x000000008002A9D4 (0x00B59593) slli a1, a1, 11
x11 <- 0x0019999999999800
mem[X,0x000000008002A9D8] -> 0x8593
mem[X,0x000000008002A9DA] -> 0x1995
[6237] [M]: 0x000000008002A9D8 (0x19958593) addi a1, a1, 409
x11 <- 0x0019999999999999
mem[X,0x000000008002A9DC] -> 0x9593
mem[X,0x000000008002A9DE] -> 0x00A5
[6238] [M]: 0x000000008002A9DC (0x00A59593) slli a1, a1, 10
x11 <- 0x6666666666666400
mem[X,0x000000008002A9E0] -> 0x8593
mem[X,0x000000008002A9E2] -> 0x2655
[6239] [M]: 0x000000008002A9E0 (0x26558593) addi a1, a1, 613
x11 <- 0x6666666666666665
mem[X,0x000000008002A9E4] -> 0x0113
mem[X,0x000000008002A9E6] -> 0x0000
[6240] [M]: 0x000000008002A9E4 (0x00000113) addi sp, zero, 0
x2 <- 0x0000000000000000
mem[X,0x000000008002A9E8] -> 0x006F
mem[X,0x000000008002A9EA] -> 0x00C0
[6241] [M]: 0x000000008002A9E8 (0x00C0006F) jal zero, 12
mem[X,0x000000008002A9F4] -> 0x1CE3
mem[X,0x000000008002A9F6] -> 0xFEB5
[6242] [M]: 0x000000008002A9F4 (0xFEB51CE3) bne a0, a1, 8184
mem[X,0x000000008002A9EC] -> 0x0113
mem[X,0x000000008002A9EE] -> 0x0011
[6243] [M]: 0x000000008002A9EC (0x00110113) addi sp, sp, 1
x2 <- 0x0000000000000001
mem[X,0x000000008002A9F0] -> 0x006F
mem[X,0x000000008002A9F2] -> 0x0180
[6244] [M]: 0x000000008002A9F0 (0x0180006F) jal zero, 24
mem[X,0x000000008002AA08] -> 0xB423
mem[X,0x000000008002AA0A] -> 0x3E20
[6245] [M]: 0x000000008002AA08 (0x3E20B423) sd sp, 1000(ra)
mem[0x0000000080045DC0] <- 0x0000000000000001
mem[X,0x000000008002AA0C] -> 0x5537
mem[X,0x000000008002AA0E] -> 0x5555
[6246] [M]: 0x000000008002AA0C (0x55555537) lui a0, 349525
x10 <- 0x0000000055555000
mem[X,0x000000008002AA10] -> 0x0513
mem[X,0x000000008002AA12] -> 0x5555
[6247] [M]: 0x000000008002AA10 (0x55550513) addi a0, a0, 1365
x10 <- 0x0000000055555555
mem[X,0x000000008002AA14] -> 0x1513
mem[X,0x000000008002AA16] -> 0x00B5
[6248] [M]: 0x000000008002AA14 (0x00B51513) slli a0, a0, 11
x10 <- 0x000002AAAAAAA800
mem[X,0x000000008002AA18] -> 0x0513
mem[X,0x000000008002AA1A] -> 0x2AA5
[6249] [M]: 0x000000008002AA18 (0x2AA50513) addi a0, a0, 682
x10 <- 0x000002AAAAAAAAAA
mem[X,0x000000008002AA1C] -> 0x1513
mem[X,0x000000008002AA1E] -> 0x00B5
[6250] [M]: 0x000000008002AA1C (0x00B51513) slli a0, a0, 11
x10 <- 0x0015555555555000
mem[X,0x000000008002AA20] -> 0x0513
mem[X,0x000000008002AA22] -> 0x5555
[6251] [M]: 0x000000008002AA20 (0x55550513) addi a0, a0, 1365
x10 <- 0x0015555555555555
mem[X,0x000000008002AA24] -> 0x1513
mem[X,0x000000008002AA26] -> 0x00A5
[6252] [M]: 0x000000008002AA24 (0x00A51513) slli a0, a0, 10
x10 <- 0x5555555555555400
mem[X,0x000000008002AA28] -> 0x0513
mem[X,0x000000008002AA2A] -> 0x1545
[6253] [M]: 0x000000008002AA28 (0x15450513) addi a0, a0, 340
x10 <- 0x5555555555555554
mem[X,0x000000008002AA2C] -> 0x05B7
mem[X,0x000000008002AA2E] -> 0x0000
[6254] [M]: 0x000000008002AA2C (0x000005B7) lui a1, 0
x11 <- 0x0000000000000000
mem[X,0x000000008002AA30] -> 0x8593
mem[X,0x000000008002AA32] -> 0x0005
[6255] [M]: 0x000000008002AA30 (0x00058593) addi a1, a1, 0
x11 <- 0x0000000000000000
mem[X,0x000000008002AA34] -> 0x9593
mem[X,0x000000008002AA36] -> 0x00B5
[6256] [M]: 0x000000008002AA34 (0x00B59593) slli a1, a1, 11
x11 <- 0x0000000000000000
mem[X,0x000000008002AA38] -> 0x8593
mem[X,0x000000008002AA3A] -> 0x5A85
[6257] [M]: 0x000000008002AA38 (0x5A858593) addi a1, a1, 1448
x11 <- 0x00000000000005A8
mem[X,0x000000008002AA3C] -> 0x9593
mem[X,0x000000008002AA3E] -> 0x00B5
[6258] [M]: 0x000000008002AA3C (0x00B59593) slli a1, a1, 11
x11 <- 0x00000000002D4000
mem[X,0x000000008002AA40] -> 0x8593
mem[X,0x000000008002AA42] -> 0x13C5
[6259] [M]: 0x000000008002AA40 (0x13C58593) addi a1, a1, 316
x11 <- 0x00000000002D413C
mem[X,0x000000008002AA44] -> 0x9593
mem[X,0x000000008002AA46] -> 0x00A5
[6260] [M]: 0x000000008002AA44 (0x00A59593) slli a1, a1, 10
x11 <- 0x00000000B504F000
mem[X,0x000000008002AA48] -> 0x8593
mem[X,0x000000008002AA4A] -> 0x3325
[6261] [M]: 0x000000008002AA48 (0x33258593) addi a1, a1, 818
x11 <- 0x00000000B504F332
mem[X,0x000000008002AA4C] -> 0x0113
mem[X,0x000000008002AA4E] -> 0x0000
[6262] [M]: 0x000000008002AA4C (0x00000113) addi sp, zero, 0
x2 <- 0x0000000000000000
mem[X,0x000000008002AA50] -> 0x006F
mem[X,0x000000008002AA52] -> 0x00C0
[6263] [M]: 0x000000008002AA50 (0x00C0006F) jal zero, 12
mem[X,0x000000008002AA5C] -> 0x1063
mem[X,0x000000008002AA5E] -> 0x02B5
[6264] [M]: 0x000000008002AA5C (0x02B51063) bne a0, a1, 32
mem[X,0x000000008002AA7C] -> 0x0113
mem[X,0x000000008002AA7E] -> 0x0031
[6265] [M]: 0x000000008002AA7C (0x00310113) addi sp, sp, 3
x2 <- 0x0000000000000003
mem[X,0x000000008002AA80] -> 0x006F
mem[X,0x000000008002AA82] -> 0x0040
[6266] [M]: 0x000000008002AA80 (0x0040006F) jal zero, 4
mem[X,0x000000008002AA84] -> 0xB823
mem[X,0x000000008002AA86] -> 0x3E20
[6267] [M]: 0x000000008002AA84 (0x3E20B823) sd sp, 1008(ra)
mem[0x0000000080045DC8] <- 0x0000000000000003
mem[X,0x000000008002AA88] -> 0x5537
mem[X,0x000000008002AA8A] -> 0x5555
[6268] [M]: 0x000000008002AA88 (0x55555537) lui a0, 349525
x10 <- 0x0000000055555000
mem[X,0x000000008002AA8C] -> 0x0513
mem[X,0x000000008002AA8E] -> 0x5555
[6269] [M]: 0x000000008002AA8C (0x55550513) addi a0, a0, 1365
x10 <- 0x0000000055555555
mem[X,0x000000008002AA90] -> 0x1513
mem[X,0x000000008002AA92] -> 0x00B5
[6270] [M]: 0x000000008002AA90 (0x00B51513) slli a0, a0, 11
x10 <- 0x000002AAAAAAA800
mem[X,0x000000008002AA94] -> 0x0513
mem[X,0x000000008002AA96] -> 0x2AA5
[6271] [M]: 0x000000008002AA94 (0x2AA50513) addi a0, a0, 682
x10 <- 0x000002AAAAAAAAAA
mem[X,0x000000008002AA98] -> 0x1513
mem[X,0x000000008002AA9A] -> 0x00B5
[6272] [M]: 0x000000008002AA98 (0x00B51513) slli a0, a0, 11
x10 <- 0x0015555555555000
mem[X,0x000000008002AA9C] -> 0x0513
mem[X,0x000000008002AA9E] -> 0x5555
[6273] [M]: 0x000000008002AA9C (0x55550513) addi a0, a0, 1365
x10 <- 0x0015555555555555
mem[X,0x000000008002AAA0] -> 0x1513
mem[X,0x000000008002AAA2] -> 0x00A5
[6274] [M]: 0x000000008002AAA0 (0x00A51513) slli a0, a0, 10
x10 <- 0x5555555555555400
mem[X,0x000000008002AAA4] -> 0x0513
mem[X,0x000000008002AAA6] -> 0x1545
[6275] [M]: 0x000000008002AAA4 (0x15450513) addi a0, a0, 340
x10 <- 0x5555555555555554
mem[X,0x000000008002AAA8] -> 0x55B7
mem[X,0x000000008002AAAA] -> 0x5555
[6276] [M]: 0x000000008002AAA8 (0x555555B7) lui a1, 349525
x11 <- 0x0000000055555000
mem[X,0x000000008002AAAC] -> 0x8593
mem[X,0x000000008002AAAE] -> 0x5555
[6277] [M]: 0x000000008002AAAC (0x55558593) addi a1, a1, 1365
x11 <- 0x0000000055555555
mem[X,0x000000008002AAB0] -> 0x9593
mem[X,0x000000008002AAB2] -> 0x00B5
[6278] [M]: 0x000000008002AAB0 (0x00B59593) slli a1, a1, 11
x11 <- 0x000002AAAAAAA800
mem[X,0x000000008002AAB4] -> 0x8593
mem[X,0x000000008002AAB6] -> 0x2AA5
[6279] [M]: 0x000000008002AAB4 (0x2AA58593) addi a1, a1, 682
x11 <- 0x000002AAAAAAAAAA
mem[X,0x000000008002AAB8] -> 0x9593
mem[X,0x000000008002AABA] -> 0x00B5
[6280] [M]: 0x000000008002AAB8 (0x00B59593) slli a1, a1, 11
x11 <- 0x0015555555555000
mem[X,0x000000008002AABC] -> 0x8593
mem[X,0x000000008002AABE] -> 0x5555
[6281] [M]: 0x000000008002AABC (0x55558593) addi a1, a1, 1365
x11 <- 0x0015555555555555
mem[X,0x000000008002AAC0] -> 0x9593
mem[X,0x000000008002AAC2] -> 0x00A5
[6282] [M]: 0x000000008002AAC0 (0x00A59593) slli a1, a1, 10
x11 <- 0x5555555555555400
mem[X,0x000000008002AAC4] -> 0x8593
mem[X,0x000000008002AAC6] -> 0x1565
[6283] [M]: 0x000000008002AAC4 (0x15658593) addi a1, a1, 342
x11 <- 0x5555555555555556
mem[X,0x000000008002AAC8] -> 0x0113
mem[X,0x000000008002AACA] -> 0x0000
[6284] [M]: 0x000000008002AAC8 (0x00000113) addi sp, zero, 0
x2 <- 0x0000000000000000
mem[X,0x000000008002AACC] -> 0x006F
mem[X,0x000000008002AACE] -> 0x00C0
[6285] [M]: 0x000000008002AACC (0x00C0006F) jal zero, 12
mem[X,0x000000008002AAD8] -> 0x1063
mem[X,0x000000008002AADA] -> 0x02B5
[6286] [M]: 0x000000008002AAD8 (0x02B51063) bne a0, a1, 32
mem[X,0x000000008002AAF8] -> 0x0113
mem[X,0x000000008002AAFA] -> 0x0031
[6287] [M]: 0x000000008002AAF8 (0x00310113) addi sp, sp, 3
x2 <- 0x0000000000000003
mem[X,0x000000008002AAFC] -> 0x006F
mem[X,0x000000008002AAFE] -> 0x0040
[6288] [M]: 0x000000008002AAFC (0x0040006F) jal zero, 4
mem[X,0x000000008002AB00] -> 0xBC23
mem[X,0x000000008002AB02] -> 0x3E20
[6289] [M]: 0x000000008002AB00 (0x3E20BC23) sd sp, 1016(ra)
mem[0x0000000080045DD0] <- 0x0000000000000003
mem[X,0x000000008002AB04] -> 0x5537
mem[X,0x000000008002AB06] -> 0x5555
[6290] [M]: 0x000000008002AB04 (0x55555537) lui a0, 349525
x10 <- 0x0000000055555000
mem[X,0x000000008002AB08] -> 0x0513
mem[X,0x000000008002AB0A] -> 0x5555
[6291] [M]: 0x000000008002AB08 (0x55550513) addi a0, a0, 1365
x10 <- 0x0000000055555555
mem[X,0x000000008002AB0C] -> 0x1513
mem[X,0x000000008002AB0E] -> 0x00B5
[6292] [M]: 0x000000008002AB0C (0x00B51513) slli a0, a0, 11
x10 <- 0x000002AAAAAAA800
mem[X,0x000000008002AB10] -> 0x0513
mem[X,0x000000008002AB12] -> 0x2AA5
[6293] [M]: 0x000000008002AB10 (0x2AA50513) addi a0, a0, 682
x10 <- 0x000002AAAAAAAAAA
mem[X,0x000000008002AB14] -> 0x1513
mem[X,0x000000008002AB16] -> 0x00B5
[6294] [M]: 0x000000008002AB14 (0x00B51513) slli a0, a0, 11
x10 <- 0x0015555555555000
mem[X,0x000000008002AB18] -> 0x0513
mem[X,0x000000008002AB1A] -> 0x5555
[6295] [M]: 0x000000008002AB18 (0x55550513) addi a0, a0, 1365
x10 <- 0x0015555555555555
mem[X,0x000000008002AB1C] -> 0x1513
mem[X,0x000000008002AB1E] -> 0x00A5
[6296] [M]: 0x000000008002AB1C (0x00A51513) slli a0, a0, 10
x10 <- 0x5555555555555400
mem[X,0x000000008002AB20] -> 0x0513
mem[X,0x000000008002AB22] -> 0x1545
[6297] [M]: 0x000000008002AB20 (0x15450513) addi a0, a0, 340
x10 <- 0x5555555555555554
mem[X,0x000000008002AB24] -> 0xB5B7
mem[X,0x000000008002AB26] -> 0xAAAA
[6298] [M]: 0x000000008002AB24 (0xAAAAB5B7) lui a1, 699051
x11 <- 0xFFFFFFFFAAAAB000
mem[X,0x000000008002AB28] -> 0x8593
mem[X,0x000000008002AB2A] -> 0xAAA5
[6299] [M]: 0x000000008002AB28 (0xAAA58593) addi a1, a1, 2730
x11 <- 0xFFFFFFFFAAAAAAAA
clint::tick mtime <- 0x000000000000003F
 clint timer pending at mtime 0x000000000000003F
htif::tick 0x0000000000000000
mem[X,0x000000008002AB2C] -> 0x9593
mem[X,0x000000008002AB2E] -> 0x00B5
[6300] [M]: 0x000000008002AB2C (0x00B59593) slli a1, a1, 11
x11 <- 0xFFFFFD5555555000
mem[X,0x000000008002AB30] -> 0x8593
mem[X,0x000000008002AB32] -> 0x5555
[6301] [M]: 0x000000008002AB30 (0x55558593) addi a1, a1, 1365
x11 <- 0xFFFFFD5555555555
mem[X,0x000000008002AB34] -> 0x9593
mem[X,0x000000008002AB36] -> 0x00B5
[6302] [M]: 0x000000008002AB34 (0x00B59593) slli a1, a1, 11
x11 <- 0xFFEAAAAAAAAAA800
mem[X,0x000000008002AB38] -> 0x8593
mem[X,0x000000008002AB3A] -> 0x2AA5
[6303] [M]: 0x000000008002AB38 (0x2AA58593) addi a1, a1, 682
x11 <- 0xFFEAAAAAAAAAAAAA
mem[X,0x000000008002AB3C] -> 0x9593
mem[X,0x000000008002AB3E] -> 0x00A5
[6304] [M]: 0x000000008002AB3C (0x00A59593) slli a1, a1, 10
x11 <- 0xAAAAAAAAAAAAA800
mem[X,0x000000008002AB40] -> 0x8593
mem[X,0x000000008002AB42] -> 0x2AB5
[6305] [M]: 0x000000008002AB40 (0x2AB58593) addi a1, a1, 683
x11 <- 0xAAAAAAAAAAAAAAAB
mem[X,0x000000008002AB44] -> 0x0113
mem[X,0x000000008002AB46] -> 0x0000
[6306] [M]: 0x000000008002AB44 (0x00000113) addi sp, zero, 0
x2 <- 0x0000000000000000
mem[X,0x000000008002AB48] -> 0x006F
mem[X,0x000000008002AB4A] -> 0x0100
[6307] [M]: 0x000000008002AB48 (0x0100006F) jal zero, 16
mem[X,0x000000008002AB58] -> 0x1AE3
mem[X,0x000000008002AB5A] -> 0xFEB5
[6308] [M]: 0x000000008002AB58 (0xFEB51AE3) bne a0, a1, 8180
mem[X,0x000000008002AB4C] -> 0x0113
mem[X,0x000000008002AB4E] -> 0x0011
[6309] [M]: 0x000000008002AB4C (0x00110113) addi sp, sp, 1
x2 <- 0x0000000000000001
mem[X,0x000000008002AB50] -> 0x006F
mem[X,0x000000008002AB52] -> 0x01C0
[6310] [M]: 0x000000008002AB50 (0x01C0006F) jal zero, 28
mem[X,0x000000008002AB6C] -> 0xB023
mem[X,0x000000008002AB6E] -> 0x4020
[6311] [M]: 0x000000008002AB6C (0x4020B023) sd sp, 1024(ra)
mem[0x0000000080045DD8] <- 0x0000000000000001
mem[X,0x000000008002AB70] -> 0x5537
mem[X,0x000000008002AB72] -> 0x5555
[6312] [M]: 0x000000008002AB70 (0x55555537) lui a0, 349525
x10 <- 0x0000000055555000
mem[X,0x000000008002AB74] -> 0x0513
mem[X,0x000000008002AB76] -> 0x5555
[6313] [M]: 0x000000008002AB74 (0x55550513) addi a0, a0, 1365
x10 <- 0x0000000055555555
mem[X,0x000000008002AB78] -> 0x1513
mem[X,0x000000008002AB7A] -> 0x00B5
[6314] [M]: 0x000000008002AB78 (0x00B51513) slli a0, a0, 11
x10 <- 0x000002AAAAAAA800
mem[X,0x000000008002AB7C] -> 0x0513
mem[X,0x000000008002AB7E] -> 0x2AA5
[6315] [M]: 0x000000008002AB7C (0x2AA50513) addi a0, a0, 682
x10 <- 0x000002AAAAAAAAAA
mem[X,0x000000008002AB80] -> 0x1513
mem[X,0x000000008002AB82] -> 0x00B5
[6316] [M]: 0x000000008002AB80 (0x00B51513) slli a0, a0, 11
x10 <- 0x0015555555555000
mem[X,0x000000008002AB84] -> 0x0513
mem[X,0x000000008002AB86] -> 0x5555
[6317] [M]: 0x000000008002AB84 (0x55550513) addi a0, a0, 1365
x10 <- 0x0015555555555555
mem[X,0x000000008002AB88] -> 0x1513
mem[X,0x000000008002AB8A] -> 0x00A5
[6318] [M]: 0x000000008002AB88 (0x00A51513) slli a0, a0, 10
x10 <- 0x5555555555555400
mem[X,0x000000008002AB8C] -> 0x0513
mem[X,0x000000008002AB8E] -> 0x1545
[6319] [M]: 0x000000008002AB8C (0x15450513) addi a0, a0, 340
x10 <- 0x5555555555555554
mem[X,0x000000008002AB90] -> 0x0593
mem[X,0x000000008002AB92] -> 0x0060
[6320] [M]: 0x000000008002AB90 (0x00600593) addi a1, zero, 6
x11 <- 0x0000000000000006
mem[X,0x000000008002AB94] -> 0x0113
mem[X,0x000000008002AB96] -> 0x0000
[6321] [M]: 0x000000008002AB94 (0x00000113) addi sp, zero, 0
x2 <- 0x0000000000000000
mem[X,0x000000008002AB98] -> 0x006F
mem[X,0x000000008002AB9A] -> 0x00C0
[6322] [M]: 0x000000008002AB98 (0x00C0006F) jal zero, 12
mem[X,0x000000008002ABA4] -> 0x1CE3
mem[X,0x000000008002ABA6] -> 0xFEB5
[6323] [M]: 0x000000008002ABA4 (0xFEB51CE3) bne a0, a1, 8184
mem[X,0x000000008002AB9C] -> 0x0113
mem[X,0x000000008002AB9E] -> 0x0011
[6324] [M]: 0x000000008002AB9C (0x00110113) addi sp, sp, 1
x2 <- 0x0000000000000001
mem[X,0x000000008002ABA0] -> 0x006F
mem[X,0x000000008002ABA2] -> 0x0180
[6325] [M]: 0x000000008002ABA0 (0x0180006F) jal zero, 24
mem[X,0x000000008002ABB8] -> 0xB423
mem[X,0x000000008002ABBA] -> 0x4020
[6326] [M]: 0x000000008002ABB8 (0x4020B423) sd sp, 1032(ra)
mem[0x0000000080045DE0] <- 0x0000000000000001
mem[X,0x000000008002ABBC] -> 0x5537
mem[X,0x000000008002ABBE] -> 0x5555
[6327] [M]: 0x000000008002ABBC (0x55555537) lui a0, 349525
x10 <- 0x0000000055555000
mem[X,0x000000008002ABC0] -> 0x0513
mem[X,0x000000008002ABC2] -> 0x5555
[6328] [M]: 0x000000008002ABC0 (0x55550513) addi a0, a0, 1365
x10 <- 0x0000000055555555
mem[X,0x000000008002ABC4] -> 0x1513
mem[X,0x000000008002ABC6] -> 0x00B5
[6329] [M]: 0x000000008002ABC4 (0x00B51513) slli a0, a0, 11
x10 <- 0x000002AAAAAAA800
mem[X,0x000000008002ABC8] -> 0x0513
mem[X,0x000000008002ABCA] -> 0x2AA5
[6330] [M]: 0x000000008002ABC8 (0x2AA50513) addi a0, a0, 682
x10 <- 0x000002AAAAAAAAAA
mem[X,0x000000008002ABCC] -> 0x1513
mem[X,0x000000008002ABCE] -> 0x00B5
[6331] [M]: 0x000000008002ABCC (0x00B51513) slli a0, a0, 11
x10 <- 0x0015555555555000
mem[X,0x000000008002ABD0] -> 0x0513
mem[X,0x000000008002ABD2] -> 0x5555
[6332] [M]: 0x000000008002ABD0 (0x55550513) addi a0, a0, 1365
x10 <- 0x0015555555555555
mem[X,0x000000008002ABD4] -> 0x1513
mem[X,0x000000008002ABD6] -> 0x00A5
[6333] [M]: 0x000000008002ABD4 (0x00A51513) slli a0, a0, 10
x10 <- 0x5555555555555400
mem[X,0x000000008002ABD8] -> 0x0513
mem[X,0x000000008002ABDA] -> 0x1545
[6334] [M]: 0x000000008002ABD8 (0x15450513) addi a0, a0, 340
x10 <- 0x5555555555555554
mem[X,0x000000008002ABDC] -> 0x35B7
mem[X,0x000000008002ABDE] -> 0x3333
[6335] [M]: 0x000000008002ABDC (0x333335B7) lui a1, 209715
x11 <- 0x0000000033333000
mem[X,0x000000008002ABE0] -> 0x8593
mem[X,0x000000008002ABE2] -> 0x3335
[6336] [M]: 0x000000008002ABE0 (0x33358593) addi a1, a1, 819
x11 <- 0x0000000033333333
mem[X,0x000000008002ABE4] -> 0x9593
mem[X,0x000000008002ABE6] -> 0x00B5
[6337] [M]: 0x000000008002ABE4 (0x00B59593) slli a1, a1, 11
x11 <- 0x0000019999999800
mem[X,0x000000008002ABE8] -> 0x8593
mem[X,0x000000008002ABEA] -> 0x1995
[6338] [M]: 0x000000008002ABE8 (0x19958593) addi a1, a1, 409
x11 <- 0x0000019999999999
mem[X,0x000000008002ABEC] -> 0x9593
mem[X,0x000000008002ABEE] -> 0x00B5
[6339] [M]: 0x000000008002ABEC (0x00B59593) slli a1, a1, 11
x11 <- 0x000CCCCCCCCCC800
mem[X,0x000000008002ABF0] -> 0x8593
mem[X,0x000000008002ABF2] -> 0x4CC5
[6340] [M]: 0x000000008002ABF0 (0x4CC58593) addi a1, a1, 1228
x11 <- 0x000CCCCCCCCCCCCC
mem[X,0x000000008002ABF4] -> 0x9593
mem[X,0x000000008002ABF6] -> 0x00A5
[6341] [M]: 0x000000008002ABF4 (0x00A59593) slli a1, a1, 10
x11 <- 0x3333333333333000
mem[X,0x000000008002ABF8] -> 0x8593
mem[X,0x000000008002ABFA] -> 0x3345
[6342] [M]: 0x000000008002ABF8 (0x33458593) addi a1, a1, 820
x11 <- 0x3333333333333334
mem[X,0x000000008002ABFC] -> 0x0113
mem[X,0x000000008002ABFE] -> 0x0000
[6343] [M]: 0x000000008002ABFC (0x00000113) addi sp, zero, 0
x2 <- 0x0000000000000000
mem[X,0x000000008002AC00] -> 0x006F
mem[X,0x000000008002AC02] -> 0x00C0
[6344] [M]: 0x000000008002AC00 (0x00C0006F) jal zero, 12
mem[X,0x000000008002AC0C] -> 0x1CE3
mem[X,0x000000008002AC0E] -> 0xFEB5
[6345] [M]: 0x000000008002AC0C (0xFEB51CE3) bne a0, a1, 8184
mem[X,0x000000008002AC04] -> 0x0113
mem[X,0x000000008002AC06] -> 0x0011
[6346] [M]: 0x000000008002AC04 (0x00110113) addi sp, sp, 1
x2 <- 0x0000000000000001
mem[X,0x000000008002AC08] -> 0x006F
mem[X,0x000000008002AC0A] -> 0x0180
[6347] [M]: 0x000000008002AC08 (0x0180006F) jal zero, 24
mem[X,0x000000008002AC20] -> 0xB823
mem[X,0x000000008002AC22] -> 0x4020
[6348] [M]: 0x000000008002AC20 (0x4020B823) sd sp, 1040(ra)
mem[0x0000000080045DE8] <- 0x0000000000000001
mem[X,0x000000008002AC24] -> 0x5537
mem[X,0x000000008002AC26] -> 0x5555
[6349] [M]: 0x000000008002AC24 (0x55555537) lui a0, 349525
x10 <- 0x0000000055555000
mem[X,0x000000008002AC28] -> 0x0513
mem[X,0x000000008002AC2A] -> 0x5555
[6350] [M]: 0x000000008002AC28 (0x55550513) addi a0, a0, 1365
x10 <- 0x0000000055555555
mem[X,0x000000008002AC2C] -> 0x1513
mem[X,0x000000008002AC2E] -> 0x00B5
[6351] [M]: 0x000000008002AC2C (0x00B51513) slli a0, a0, 11
x10 <- 0x000002AAAAAAA800
mem[X,0x000000008002AC30] -> 0x0513
mem[X,0x000000008002AC32] -> 0x2AA5
[6352] [M]: 0x000000008002AC30 (0x2AA50513) addi a0, a0, 682
x10 <- 0x000002AAAAAAAAAA
mem[X,0x000000008002AC34] -> 0x1513
mem[X,0x000000008002AC36] -> 0x00B5
[6353] [M]: 0x000000008002AC34 (0x00B51513) slli a0, a0, 11
x10 <- 0x0015555555555000
mem[X,0x000000008002AC38] -> 0x0513
mem[X,0x000000008002AC3A] -> 0x5555
[6354] [M]: 0x000000008002AC38 (0x55550513) addi a0, a0, 1365
x10 <- 0x0015555555555555
mem[X,0x000000008002AC3C] -> 0x1513
mem[X,0x000000008002AC3E] -> 0x00A5
[6355] [M]: 0x000000008002AC3C (0x00A51513) slli a0, a0, 10
x10 <- 0x5555555555555400
mem[X,0x000000008002AC40] -> 0x0513
mem[X,0x000000008002AC42] -> 0x1545
[6356] [M]: 0x000000008002AC40 (0x15450513) addi a0, a0, 340
x10 <- 0x5555555555555554
mem[X,0x000000008002AC44] -> 0x65B7
mem[X,0x000000008002AC46] -> 0x6666
[6357] [M]: 0x000000008002AC44 (0x666665B7) lui a1, 419430
x11 <- 0x0000000066666000
mem[X,0x000000008002AC48] -> 0x8593
mem[X,0x000000008002AC4A] -> 0x6665
[6358] [M]: 0x000000008002AC48 (0x66658593) addi a1, a1, 1638
x11 <- 0x0000000066666666
mem[X,0x000000008002AC4C] -> 0x9593
mem[X,0x000000008002AC4E] -> 0x00B5
[6359] [M]: 0x000000008002AC4C (0x00B59593) slli a1, a1, 11
x11 <- 0x0000033333333000
mem[X,0x000000008002AC50] -> 0x8593
mem[X,0x000000008002AC52] -> 0x3335
[6360] [M]: 0x000000008002AC50 (0x33358593) addi a1, a1, 819
x11 <- 0x0000033333333333
mem[X,0x000000008002AC54] -> 0x9593
mem[X,0x000000008002AC56] -> 0x00B5
[6361] [M]: 0x000000008002AC54 (0x00B59593) slli a1, a1, 11
x11 <- 0x0019999999999800
mem[X,0x000000008002AC58] -> 0x8593
mem[X,0x000000008002AC5A] -> 0x1995
[6362] [M]: 0x000000008002AC58 (0x19958593) addi a1, a1, 409
x11 <- 0x0019999999999999
mem[X,0x000000008002AC5C] -> 0x9593
mem[X,0x000000008002AC5E] -> 0x00A5
[6363] [M]: 0x000000008002AC5C (0x00A59593) slli a1, a1, 10
x11 <- 0x6666666666666400
mem[X,0x000000008002AC60] -> 0x8593
mem[X,0x000000008002AC62] -> 0x2675
[6364] [M]: 0x000000008002AC60 (0x26758593) addi a1, a1, 615
x11 <- 0x6666666666666667
mem[X,0x000000008002AC64] -> 0x0113
mem[X,0x000000008002AC66] -> 0x0000
[6365] [M]: 0x000000008002AC64 (0x00000113) addi sp, zero, 0
x2 <- 0x0000000000000000
mem[X,0x000000008002AC68] -> 0x006F
mem[X,0x000000008002AC6A] -> 0x0140
[6366] [M]: 0x000000008002AC68 (0x0140006F) jal zero, 20
mem[X,0x000000008002AC7C] -> 0x18E3
mem[X,0x000000008002AC7E] -> 0xFEB5
[6367] [M]: 0x000000008002AC7C (0xFEB518E3) bne a0, a1, 8176
mem[X,0x000000008002AC6C] -> 0x0113
mem[X,0x000000008002AC6E] -> 0x0011
[6368] [M]: 0x000000008002AC6C (0x00110113) addi sp, sp, 1
x2 <- 0x0000000000000001
mem[X,0x000000008002AC70] -> 0x006F
mem[X,0x000000008002AC72] -> 0x0200
[6369] [M]: 0x000000008002AC70 (0x0200006F) jal zero, 32
mem[X,0x000000008002AC90] -> 0xBC23
mem[X,0x000000008002AC92] -> 0x4020
[6370] [M]: 0x000000008002AC90 (0x4020BC23) sd sp, 1048(ra)
mem[0x0000000080045DF0] <- 0x0000000000000001
mem[X,0x000000008002AC94] -> 0x5537
mem[X,0x000000008002AC96] -> 0x5555
[6371] [M]: 0x000000008002AC94 (0x55555537) lui a0, 349525
x10 <- 0x0000000055555000
mem[X,0x000000008002AC98] -> 0x0513
mem[X,0x000000008002AC9A] -> 0x5555
[6372] [M]: 0x000000008002AC98 (0x55550513) addi a0, a0, 1365
x10 <- 0x0000000055555555
mem[X,0x000000008002AC9C] -> 0x1513
mem[X,0x000000008002AC9E] -> 0x00B5
[6373] [M]: 0x000000008002AC9C (0x00B51513) slli a0, a0, 11
x10 <- 0x000002AAAAAAA800
mem[X,0x000000008002ACA0] -> 0x0513
mem[X,0x000000008002ACA2] -> 0x2AA5
[6374] [M]: 0x000000008002ACA0 (0x2AA50513) addi a0, a0, 682
x10 <- 0x000002AAAAAAAAAA
mem[X,0x000000008002ACA4] -> 0x1513
mem[X,0x000000008002ACA6] -> 0x00B5
[6375] [M]: 0x000000008002ACA4 (0x00B51513) slli a0, a0, 11
x10 <- 0x0015555555555000
mem[X,0x000000008002ACA8] -> 0x0513
mem[X,0x000000008002ACAA] -> 0x5555
[6376] [M]: 0x000000008002ACA8 (0x55550513) addi a0, a0, 1365
x10 <- 0x0015555555555555
mem[X,0x000000008002ACAC] -> 0x1513
mem[X,0x000000008002ACAE] -> 0x00A5
[6377] [M]: 0x000000008002ACAC (0x00A51513) slli a0, a0, 10
x10 <- 0x5555555555555400
mem[X,0x000000008002ACB0] -> 0x0513
mem[X,0x000000008002ACB2] -> 0x1545
[6378] [M]: 0x000000008002ACB0 (0x15450513) addi a0, a0, 340
x10 <- 0x5555555555555554
mem[X,0x000000008002ACB4] -> 0x05B7
mem[X,0x000000008002ACB6] -> 0x0000
[6379] [M]: 0x000000008002ACB4 (0x000005B7) lui a1, 0
x11 <- 0x0000000000000000
mem[X,0x000000008002ACB8] -> 0x8593
mem[X,0x000000008002ACBA] -> 0xFFF5
[6380] [M]: 0x000000008002ACB8 (0xFFF58593) addi a1, a1, 4095
x11 <- 0xFFFFFFFFFFFFFFFF
mem[X,0x000000008002ACBC] -> 0x9593
mem[X,0x000000008002ACBE] -> 0x00B5
[6381] [M]: 0x000000008002ACBC (0x00B59593) slli a1, a1, 11
x11 <- 0xFFFFFFFFFFFFF800
mem[X,0x000000008002ACC0] -> 0x8593
mem[X,0x000000008002ACC2] -> 0x2575
[6382] [M]: 0x000000008002ACC0 (0x25758593) addi a1, a1, 599
x11 <- 0xFFFFFFFFFFFFFA57
mem[X,0x000000008002ACC4] -> 0x9593
mem[X,0x000000008002ACC6] -> 0x00B5
[6383] [M]: 0x000000008002ACC4 (0x00B59593) slli a1, a1, 11
x11 <- 0xFFFFFFFFFFD2B800
mem[X,0x000000008002ACC8] -> 0x8593
mem[X,0x000000008002ACCA] -> 0x6C35
[6384] [M]: 0x000000008002ACC8 (0x6C358593) addi a1, a1, 1731
x11 <- 0xFFFFFFFFFFD2BEC3
mem[X,0x000000008002ACCC] -> 0x9593
mem[X,0x000000008002ACCE] -> 0x00A5
[6385] [M]: 0x000000008002ACCC (0x00A59593) slli a1, a1, 10
x11 <- 0xFFFFFFFF4AFB0C00
mem[X,0x000000008002ACD0] -> 0x8593
mem[X,0x000000008002ACD2] -> 0x0CE5
[6386] [M]: 0x000000008002ACD0 (0x0CE58593) addi a1, a1, 206
x11 <- 0xFFFFFFFF4AFB0CCE
mem[X,0x000000008002ACD4] -> 0x0113
mem[X,0x000000008002ACD6] -> 0x0000
[6387] [M]: 0x000000008002ACD4 (0x00000113) addi sp, zero, 0
x2 <- 0x0000000000000000
mem[X,0x000000008002ACD8] -> 0x006F
mem[X,0x000000008002ACDA] -> 0x00C0
[6388] [M]: 0x000000008002ACD8 (0x00C0006F) jal zero, 12
mem[X,0x000000008002ACE4] -> 0x1663
mem[X,0x000000008002ACE6] -> 0x00B5
[6389] [M]: 0x000000008002ACE4 (0x00B51663) bne a0, a1, 12
mem[X,0x000000008002ACF0] -> 0x0113
mem[X,0x000000008002ACF2] -> 0x0031
[6390] [M]: 0x000000008002ACF0 (0x00310113) addi sp, sp, 3
x2 <- 0x0000000000000003
mem[X,0x000000008002ACF4] -> 0x006F
mem[X,0x000000008002ACF6] -> 0x0040
[6391] [M]: 0x000000008002ACF4 (0x0040006F) jal zero, 4
mem[X,0x000000008002ACF8] -> 0xB023
mem[X,0x000000008002ACFA] -> 0x4220
[6392] [M]: 0x000000008002ACF8 (0x4220B023) sd sp, 1056(ra)
mem[0x0000000080045DF8] <- 0x0000000000000003
mem[X,0x000000008002ACFC] -> 0x5537
mem[X,0x000000008002ACFE] -> 0x5555
[6393] [M]: 0x000000008002ACFC (0x55555537) lui a0, 349525
x10 <- 0x0000000055555000
mem[X,0x000000008002AD00] -> 0x0513
mem[X,0x000000008002AD02] -> 0x5555
[6394] [M]: 0x000000008002AD00 (0x55550513) addi a0, a0, 1365
x10 <- 0x0000000055555555
mem[X,0x000000008002AD04] -> 0x1513
mem[X,0x000000008002AD06] -> 0x00B5
[6395] [M]: 0x000000008002AD04 (0x00B51513) slli a0, a0, 11
x10 <- 0x000002AAAAAAA800
mem[X,0x000000008002AD08] -> 0x0513
mem[X,0x000000008002AD0A] -> 0x2AA5
[6396] [M]: 0x000000008002AD08 (0x2AA50513) addi a0, a0, 682
x10 <- 0x000002AAAAAAAAAA
mem[X,0x000000008002AD0C] -> 0x1513
mem[X,0x000000008002AD0E] -> 0x00B5
[6397] [M]: 0x000000008002AD0C (0x00B51513) slli a0, a0, 11
x10 <- 0x0015555555555000
mem[X,0x000000008002AD10] -> 0x0513
mem[X,0x000000008002AD12] -> 0x5555
[6398] [M]: 0x000000008002AD10 (0x55550513) addi a0, a0, 1365
x10 <- 0x0015555555555555
mem[X,0x000000008002AD14] -> 0x1513
mem[X,0x000000008002AD16] -> 0x00A5
[6399] [M]: 0x000000008002AD14 (0x00A51513) slli a0, a0, 10
x10 <- 0x5555555555555400
clint::tick mtime <- 0x0000000000000040
 clint timer pending at mtime 0x0000000000000040
htif::tick 0x0000000000000000
mem[X,0x000000008002AD18] -> 0x0513
mem[X,0x000000008002AD1A] -> 0x1545
[6400] [M]: 0x000000008002AD18 (0x15450513) addi a0, a0, 340
x10 <- 0x5555555555555554
mem[X,0x000000008002AD1C] -> 0x05B7
mem[X,0x000000008002AD1E] -> 0x0000
[6401] [M]: 0x000000008002AD1C (0x000005B7) lui a1, 0
x11 <- 0x0000000000000000
mem[X,0x000000008002AD20] -> 0x8593
mem[X,0x000000008002AD22] -> 0x0005
[6402] [M]: 0x000000008002AD20 (0x00058593) addi a1, a1, 0
x11 <- 0x0000000000000000
mem[X,0x000000008002AD24] -> 0x9593
mem[X,0x000000008002AD26] -> 0x00B5
[6403] [M]: 0x000000008002AD24 (0x00B59593) slli a1, a1, 11
x11 <- 0x0000000000000000
mem[X,0x000000008002AD28] -> 0x8593
mem[X,0x000000008002AD2A] -> 0x5A85
[6404] [M]: 0x000000008002AD28 (0x5A858593) addi a1, a1, 1448
x11 <- 0x00000000000005A8
mem[X,0x000000008002AD2C] -> 0x9593
mem[X,0x000000008002AD2E] -> 0x00B5
[6405] [M]: 0x000000008002AD2C (0x00B59593) slli a1, a1, 11
x11 <- 0x00000000002D4000
mem[X,0x000000008002AD30] -> 0x8593
mem[X,0x000000008002AD32] -> 0x13C5
[6406] [M]: 0x000000008002AD30 (0x13C58593) addi a1, a1, 316
x11 <- 0x00000000002D413C
mem[X,0x000000008002AD34] -> 0x9593
mem[X,0x000000008002AD36] -> 0x00A5
[6407] [M]: 0x000000008002AD34 (0x00A59593) slli a1, a1, 10
x11 <- 0x00000000B504F000
mem[X,0x000000008002AD38] -> 0x8593
mem[X,0x000000008002AD3A] -> 0x3345
[6408] [M]: 0x000000008002AD38 (0x33458593) addi a1, a1, 820
x11 <- 0x00000000B504F334
mem[X,0x000000008002AD3C] -> 0x0113
mem[X,0x000000008002AD3E] -> 0x0000
[6409] [M]: 0x000000008002AD3C (0x00000113) addi sp, zero, 0
x2 <- 0x0000000000000000
mem[X,0x000000008002AD40] -> 0x006F
mem[X,0x000000008002AD42] -> 0x0180
[6410] [M]: 0x000000008002AD40 (0x0180006F) jal zero, 24
mem[X,0x000000008002AD58] -> 0x16E3
mem[X,0x000000008002AD5A] -> 0xFEB5
[6411] [M]: 0x000000008002AD58 (0xFEB516E3) bne a0, a1, 8172
mem[X,0x000000008002AD44] -> 0x0113
mem[X,0x000000008002AD46] -> 0x0011
[6412] [M]: 0x000000008002AD44 (0x00110113) addi sp, sp, 1
x2 <- 0x0000000000000001
mem[X,0x000000008002AD48] -> 0x006F
mem[X,0x000000008002AD4A] -> 0x0240
[6413] [M]: 0x000000008002AD48 (0x0240006F) jal zero, 36
mem[X,0x000000008002AD6C] -> 0xB423
mem[X,0x000000008002AD6E] -> 0x4220
[6414] [M]: 0x000000008002AD6C (0x4220B423) sd sp, 1064(ra)
mem[0x0000000080045E00] <- 0x0000000000000001
mem[X,0x000000008002AD70] -> 0x0513
mem[X,0x000000008002AD72] -> 0x0000
[6415] [M]: 0x000000008002AD70 (0x00000513) addi a0, zero, 0
x10 <- 0x0000000000000000
mem[X,0x000000008002AD74] -> 0x0593
mem[X,0x000000008002AD76] -> 0x0030
[6416] [M]: 0x000000008002AD74 (0x00300593) addi a1, zero, 3
x11 <- 0x0000000000000003
mem[X,0x000000008002AD78] -> 0x0113
mem[X,0x000000008002AD7A] -> 0x0000
[6417] [M]: 0x000000008002AD78 (0x00000113) addi sp, zero, 0
x2 <- 0x0000000000000000
mem[X,0x000000008002AD7C] -> 0x006F
mem[X,0x000000008002AD7E] -> 0x00C0
[6418] [M]: 0x000000008002AD7C (0x00C0006F) jal zero, 12
mem[X,0x000000008002AD88] -> 0x1CE3
mem[X,0x000000008002AD8A] -> 0xFEB5
[6419] [M]: 0x000000008002AD88 (0xFEB51CE3) bne a0, a1, 8184
mem[X,0x000000008002AD80] -> 0x0113
mem[X,0x000000008002AD82] -> 0x0011
[6420] [M]: 0x000000008002AD80 (0x00110113) addi sp, sp, 1
x2 <- 0x0000000000000001
mem[X,0x000000008002AD84] -> 0x006F
mem[X,0x000000008002AD86] -> 0x0180
[6421] [M]: 0x000000008002AD84 (0x0180006F) jal zero, 24
mem[X,0x000000008002AD9C] -> 0xB823
mem[X,0x000000008002AD9E] -> 0x4220
[6422] [M]: 0x000000008002AD9C (0x4220B823) sd sp, 1072(ra)
mem[0x0000000080045E08] <- 0x0000000000000001
mem[X,0x000000008002ADA0] -> 0x0513
mem[X,0x000000008002ADA2] -> 0x0000
[6423] [M]: 0x000000008002ADA0 (0x00000513) addi a0, zero, 0
x10 <- 0x0000000000000000
mem[X,0x000000008002ADA4] -> 0x55B7
mem[X,0x000000008002ADA6] -> 0x5555
[6424] [M]: 0x000000008002ADA4 (0x555555B7) lui a1, 349525
x11 <- 0x0000000055555000
mem[X,0x000000008002ADA8] -> 0x8593
mem[X,0x000000008002ADAA] -> 0x5555
[6425] [M]: 0x000000008002ADA8 (0x55558593) addi a1, a1, 1365
x11 <- 0x0000000055555555
mem[X,0x000000008002ADAC] -> 0x9593
mem[X,0x000000008002ADAE] -> 0x00B5
[6426] [M]: 0x000000008002ADAC (0x00B59593) slli a1, a1, 11
x11 <- 0x000002AAAAAAA800
mem[X,0x000000008002ADB0] -> 0x8593
mem[X,0x000000008002ADB2] -> 0x2AA5
[6427] [M]: 0x000000008002ADB0 (0x2AA58593) addi a1, a1, 682
x11 <- 0x000002AAAAAAAAAA
mem[X,0x000000008002ADB4] -> 0x9593
mem[X,0x000000008002ADB6] -> 0x00B5
[6428] [M]: 0x000000008002ADB4 (0x00B59593) slli a1, a1, 11
x11 <- 0x0015555555555000
mem[X,0x000000008002ADB8] -> 0x8593
mem[X,0x000000008002ADBA] -> 0x5555
[6429] [M]: 0x000000008002ADB8 (0x55558593) addi a1, a1, 1365
x11 <- 0x0015555555555555
mem[X,0x000000008002ADBC] -> 0x9593
mem[X,0x000000008002ADBE] -> 0x00A5
[6430] [M]: 0x000000008002ADBC (0x00A59593) slli a1, a1, 10
x11 <- 0x5555555555555400
mem[X,0x000000008002ADC0] -> 0x8593
mem[X,0x000000008002ADC2] -> 0x1555
[6431] [M]: 0x000000008002ADC0 (0x15558593) addi a1, a1, 341
x11 <- 0x5555555555555555
mem[X,0x000000008002ADC4] -> 0x0113
mem[X,0x000000008002ADC6] -> 0x0000
[6432] [M]: 0x000000008002ADC4 (0x00000113) addi sp, zero, 0
x2 <- 0x0000000000000000
mem[X,0x000000008002ADC8] -> 0x006F
mem[X,0x000000008002ADCA] -> 0x0180
[6433] [M]: 0x000000008002ADC8 (0x0180006F) jal zero, 24
mem[X,0x000000008002ADE0] -> 0x16E3
mem[X,0x000000008002ADE2] -> 0xFEB5
[6434] [M]: 0x000000008002ADE0 (0xFEB516E3) bne a0, a1, 8172
mem[X,0x000000008002ADCC] -> 0x0113
mem[X,0x000000008002ADCE] -> 0x0011
[6435] [M]: 0x000000008002ADCC (0x00110113) addi sp, sp, 1
x2 <- 0x0000000000000001
mem[X,0x000000008002ADD0] -> 0x006F
mem[X,0x000000008002ADD2] -> 0x0240
[6436] [M]: 0x000000008002ADD0 (0x0240006F) jal zero, 36
mem[X,0x000000008002ADF4] -> 0xBC23
mem[X,0x000000008002ADF6] -> 0x4220
[6437] [M]: 0x000000008002ADF4 (0x4220BC23) sd sp, 1080(ra)
mem[0x0000000080045E10] <- 0x0000000000000001
mem[X,0x000000008002ADF8] -> 0x0513
mem[X,0x000000008002ADFA] -> 0x0000
[6438] [M]: 0x000000008002ADF8 (0x00000513) addi a0, zero, 0
x10 <- 0x0000000000000000
mem[X,0x000000008002ADFC] -> 0xB5B7
mem[X,0x000000008002ADFE] -> 0xAAAA
[6439] [M]: 0x000000008002ADFC (0xAAAAB5B7) lui a1, 699051
x11 <- 0xFFFFFFFFAAAAB000
mem[X,0x000000008002AE00] -> 0x8593
mem[X,0x000000008002AE02] -> 0xAAA5
[6440] [M]: 0x000000008002AE00 (0xAAA58593) addi a1, a1, 2730
x11 <- 0xFFFFFFFFAAAAAAAA
mem[X,0x000000008002AE04] -> 0x9593
mem[X,0x000000008002AE06] -> 0x00B5
[6441] [M]: 0x000000008002AE04 (0x00B59593) slli a1, a1, 11
x11 <- 0xFFFFFD5555555000
mem[X,0x000000008002AE08] -> 0x8593
mem[X,0x000000008002AE0A] -> 0x5555
[6442] [M]: 0x000000008002AE08 (0x55558593) addi a1, a1, 1365
x11 <- 0xFFFFFD5555555555
mem[X,0x000000008002AE0C] -> 0x9593
mem[X,0x000000008002AE0E] -> 0x00B5
[6443] [M]: 0x000000008002AE0C (0x00B59593) slli a1, a1, 11
x11 <- 0xFFEAAAAAAAAAA800
mem[X,0x000000008002AE10] -> 0x8593
mem[X,0x000000008002AE12] -> 0x2AA5
[6444] [M]: 0x000000008002AE10 (0x2AA58593) addi a1, a1, 682
x11 <- 0xFFEAAAAAAAAAAAAA
mem[X,0x000000008002AE14] -> 0x9593
mem[X,0x000000008002AE16] -> 0x00A5
[6445] [M]: 0x000000008002AE14 (0x00A59593) slli a1, a1, 10
x11 <- 0xAAAAAAAAAAAAA800
mem[X,0x000000008002AE18] -> 0x8593
mem[X,0x000000008002AE1A] -> 0x2AA5
[6446] [M]: 0x000000008002AE18 (0x2AA58593) addi a1, a1, 682
x11 <- 0xAAAAAAAAAAAAAAAA
mem[X,0x000000008002AE1C] -> 0x0113
mem[X,0x000000008002AE1E] -> 0x0000
[6447] [M]: 0x000000008002AE1C (0x00000113) addi sp, zero, 0
x2 <- 0x0000000000000000
mem[X,0x000000008002AE20] -> 0x006F
mem[X,0x000000008002AE22] -> 0x00C0
[6448] [M]: 0x000000008002AE20 (0x00C0006F) jal zero, 12
mem[X,0x000000008002AE2C] -> 0x1CE3
mem[X,0x000000008002AE2E] -> 0xFEB5
[6449] [M]: 0x000000008002AE2C (0xFEB51CE3) bne a0, a1, 8184
mem[X,0x000000008002AE24] -> 0x0113
mem[X,0x000000008002AE26] -> 0x0011
[6450] [M]: 0x000000008002AE24 (0x00110113) addi sp, sp, 1
x2 <- 0x0000000000000001
mem[X,0x000000008002AE28] -> 0x006F
mem[X,0x000000008002AE2A] -> 0x0180
[6451] [M]: 0x000000008002AE28 (0x0180006F) jal zero, 24
mem[X,0x000000008002AE40] -> 0xB023
mem[X,0x000000008002AE42] -> 0x4420
[6452] [M]: 0x000000008002AE40 (0x4420B023) sd sp, 1088(ra)
mem[0x0000000080045E18] <- 0x0000000000000001
mem[X,0x000000008002AE44] -> 0x0513
mem[X,0x000000008002AE46] -> 0x0000
[6453] [M]: 0x000000008002AE44 (0x00000513) addi a0, zero, 0
x10 <- 0x0000000000000000
mem[X,0x000000008002AE48] -> 0x0593
mem[X,0x000000008002AE4A] -> 0x0050
[6454] [M]: 0x000000008002AE48 (0x00500593) addi a1, zero, 5
x11 <- 0x0000000000000005
mem[X,0x000000008002AE4C] -> 0x0113
mem[X,0x000000008002AE4E] -> 0x0000
[6455] [M]: 0x000000008002AE4C (0x00000113) addi sp, zero, 0
x2 <- 0x0000000000000000
mem[X,0x000000008002AE50] -> 0x006F
mem[X,0x000000008002AE52] -> 0x00C0
[6456] [M]: 0x000000008002AE50 (0x00C0006F) jal zero, 12
mem[X,0x000000008002AE5C] -> 0x1063
mem[X,0x000000008002AE5E] -> 0x02B5
[6457] [M]: 0x000000008002AE5C (0x02B51063) bne a0, a1, 32
mem[X,0x000000008002AE7C] -> 0x0113
mem[X,0x000000008002AE7E] -> 0x0031
[6458] [M]: 0x000000008002AE7C (0x00310113) addi sp, sp, 3
x2 <- 0x0000000000000003
mem[X,0x000000008002AE80] -> 0x006F
mem[X,0x000000008002AE82] -> 0x0040
[6459] [M]: 0x000000008002AE80 (0x0040006F) jal zero, 4
mem[X,0x000000008002AE84] -> 0xB423
mem[X,0x000000008002AE86] -> 0x4420
[6460] [M]: 0x000000008002AE84 (0x4420B423) sd sp, 1096(ra)
mem[0x0000000080045E20] <- 0x0000000000000003
mem[X,0x000000008002AE88] -> 0x0513
mem[X,0x000000008002AE8A] -> 0x0000
[6461] [M]: 0x000000008002AE88 (0x00000513) addi a0, zero, 0
x10 <- 0x0000000000000000
mem[X,0x000000008002AE8C] -> 0x35B7
mem[X,0x000000008002AE8E] -> 0x3333
[6462] [M]: 0x000000008002AE8C (0x333335B7) lui a1, 209715
x11 <- 0x0000000033333000
mem[X,0x000000008002AE90] -> 0x8593
mem[X,0x000000008002AE92] -> 0x3335
[6463] [M]: 0x000000008002AE90 (0x33358593) addi a1, a1, 819
x11 <- 0x0000000033333333
mem[X,0x000000008002AE94] -> 0x9593
mem[X,0x000000008002AE96] -> 0x00B5
[6464] [M]: 0x000000008002AE94 (0x00B59593) slli a1, a1, 11
x11 <- 0x0000019999999800
mem[X,0x000000008002AE98] -> 0x8593
mem[X,0x000000008002AE9A] -> 0x1995
[6465] [M]: 0x000000008002AE98 (0x19958593) addi a1, a1, 409
x11 <- 0x0000019999999999
mem[X,0x000000008002AE9C] -> 0x9593
mem[X,0x000000008002AE9E] -> 0x00B5
[6466] [M]: 0x000000008002AE9C (0x00B59593) slli a1, a1, 11
x11 <- 0x000CCCCCCCCCC800
mem[X,0x000000008002AEA0] -> 0x8593
mem[X,0x000000008002AEA2] -> 0x4CC5
[6467] [M]: 0x000000008002AEA0 (0x4CC58593) addi a1, a1, 1228
x11 <- 0x000CCCCCCCCCCCCC
mem[X,0x000000008002AEA4] -> 0x9593
mem[X,0x000000008002AEA6] -> 0x00A5
[6468] [M]: 0x000000008002AEA4 (0x00A59593) slli a1, a1, 10
x11 <- 0x3333333333333000
mem[X,0x000000008002AEA8] -> 0x8593
mem[X,0x000000008002AEAA] -> 0x3335
[6469] [M]: 0x000000008002AEA8 (0x33358593) addi a1, a1, 819
x11 <- 0x3333333333333333
mem[X,0x000000008002AEAC] -> 0x0113
mem[X,0x000000008002AEAE] -> 0x0000
[6470] [M]: 0x000000008002AEAC (0x00000113) addi sp, zero, 0
x2 <- 0x0000000000000000
mem[X,0x000000008002AEB0] -> 0x006F
mem[X,0x000000008002AEB2] -> 0x0100
[6471] [M]: 0x000000008002AEB0 (0x0100006F) jal zero, 16
mem[X,0x000000008002AEC0] -> 0x1AE3
mem[X,0x000000008002AEC2] -> 0xFEB5
[6472] [M]: 0x000000008002AEC0 (0xFEB51AE3) bne a0, a1, 8180
mem[X,0x000000008002AEB4] -> 0x0113
mem[X,0x000000008002AEB6] -> 0x0011
[6473] [M]: 0x000000008002AEB4 (0x00110113) addi sp, sp, 1
x2 <- 0x0000000000000001
mem[X,0x000000008002AEB8] -> 0x006F
mem[X,0x000000008002AEBA] -> 0x01C0
[6474] [M]: 0x000000008002AEB8 (0x01C0006F) jal zero, 28
mem[X,0x000000008002AED4] -> 0xB823
mem[X,0x000000008002AED6] -> 0x4420
[6475] [M]: 0x000000008002AED4 (0x4420B823) sd sp, 1104(ra)
mem[0x0000000080045E28] <- 0x0000000000000001
mem[X,0x000000008002AED8] -> 0x0513
mem[X,0x000000008002AEDA] -> 0x0000
[6476] [M]: 0x000000008002AED8 (0x00000513) addi a0, zero, 0
x10 <- 0x0000000000000000
mem[X,0x000000008002AEDC] -> 0x65B7
mem[X,0x000000008002AEDE] -> 0x6666
[6477] [M]: 0x000000008002AEDC (0x666665B7) lui a1, 419430
x11 <- 0x0000000066666000
mem[X,0x000000008002AEE0] -> 0x8593
mem[X,0x000000008002AEE2] -> 0x6665
[6478] [M]: 0x000000008002AEE0 (0x66658593) addi a1, a1, 1638
x11 <- 0x0000000066666666
mem[X,0x000000008002AEE4] -> 0x9593
mem[X,0x000000008002AEE6] -> 0x00B5
[6479] [M]: 0x000000008002AEE4 (0x00B59593) slli a1, a1, 11
x11 <- 0x0000033333333000
mem[X,0x000000008002AEE8] -> 0x8593
mem[X,0x000000008002AEEA] -> 0x3335
[6480] [M]: 0x000000008002AEE8 (0x33358593) addi a1, a1, 819
x11 <- 0x0000033333333333
mem[X,0x000000008002AEEC] -> 0x9593
mem[X,0x000000008002AEEE] -> 0x00B5
[6481] [M]: 0x000000008002AEEC (0x00B59593) slli a1, a1, 11
x11 <- 0x0019999999999800
mem[X,0x000000008002AEF0] -> 0x8593
mem[X,0x000000008002AEF2] -> 0x1995
[6482] [M]: 0x000000008002AEF0 (0x19958593) addi a1, a1, 409
x11 <- 0x0019999999999999
mem[X,0x000000008002AEF4] -> 0x9593
mem[X,0x000000008002AEF6] -> 0x00A5
[6483] [M]: 0x000000008002AEF4 (0x00A59593) slli a1, a1, 10
x11 <- 0x6666666666666400
mem[X,0x000000008002AEF8] -> 0x8593
mem[X,0x000000008002AEFA] -> 0x2665
[6484] [M]: 0x000000008002AEF8 (0x26658593) addi a1, a1, 614
x11 <- 0x6666666666666666
mem[X,0x000000008002AEFC] -> 0x0113
mem[X,0x000000008002AEFE] -> 0x0000
[6485] [M]: 0x000000008002AEFC (0x00000113) addi sp, zero, 0
x2 <- 0x0000000000000000
mem[X,0x000000008002AF00] -> 0x006F
mem[X,0x000000008002AF02] -> 0x00C0
[6486] [M]: 0x000000008002AF00 (0x00C0006F) jal zero, 12
mem[X,0x000000008002AF0C] -> 0x1863
mem[X,0x000000008002AF0E] -> 0x00B5
[6487] [M]: 0x000000008002AF0C (0x00B51863) bne a0, a1, 16
mem[X,0x000000008002AF1C] -> 0x0113
mem[X,0x000000008002AF1E] -> 0x0031
[6488] [M]: 0x000000008002AF1C (0x00310113) addi sp, sp, 3
x2 <- 0x0000000000000003
mem[X,0x000000008002AF20] -> 0x006F
mem[X,0x000000008002AF22] -> 0x0040
[6489] [M]: 0x000000008002AF20 (0x0040006F) jal zero, 4
mem[X,0x000000008002AF24] -> 0xBC23
mem[X,0x000000008002AF26] -> 0x4420
[6490] [M]: 0x000000008002AF24 (0x4420BC23) sd sp, 1112(ra)
mem[0x0000000080045E30] <- 0x0000000000000003
mem[X,0x000000008002AF28] -> 0x0513
mem[X,0x000000008002AF2A] -> 0x0000
[6491] [M]: 0x000000008002AF28 (0x00000513) addi a0, zero, 0
x10 <- 0x0000000000000000
mem[X,0x000000008002AF2C] -> 0x05B7
mem[X,0x000000008002AF2E] -> 0x0000
[6492] [M]: 0x000000008002AF2C (0x000005B7) lui a1, 0
x11 <- 0x0000000000000000
mem[X,0x000000008002AF30] -> 0x8593
mem[X,0x000000008002AF32] -> 0xFFF5
[6493] [M]: 0x000000008002AF30 (0xFFF58593) addi a1, a1, 4095
x11 <- 0xFFFFFFFFFFFFFFFF
mem[X,0x000000008002AF34] -> 0x9593
mem[X,0x000000008002AF36] -> 0x00B5
[6494] [M]: 0x000000008002AF34 (0x00B59593) slli a1, a1, 11
x11 <- 0xFFFFFFFFFFFFF800
mem[X,0x000000008002AF38] -> 0x8593
mem[X,0x000000008002AF3A] -> 0x2575
[6495] [M]: 0x000000008002AF38 (0x25758593) addi a1, a1, 599
x11 <- 0xFFFFFFFFFFFFFA57
mem[X,0x000000008002AF3C] -> 0x9593
mem[X,0x000000008002AF3E] -> 0x00B5
[6496] [M]: 0x000000008002AF3C (0x00B59593) slli a1, a1, 11
x11 <- 0xFFFFFFFFFFD2B800
mem[X,0x000000008002AF40] -> 0x8593
mem[X,0x000000008002AF42] -> 0x6C35
[6497] [M]: 0x000000008002AF40 (0x6C358593) addi a1, a1, 1731
x11 <- 0xFFFFFFFFFFD2BEC3
mem[X,0x000000008002AF44] -> 0x9593
mem[X,0x000000008002AF46] -> 0x00A5
[6498] [M]: 0x000000008002AF44 (0x00A59593) slli a1, a1, 10
x11 <- 0xFFFFFFFF4AFB0C00
mem[X,0x000000008002AF48] -> 0x8593
mem[X,0x000000008002AF4A] -> 0x0CD5
[6499] [M]: 0x000000008002AF48 (0x0CD58593) addi a1, a1, 205
x11 <- 0xFFFFFFFF4AFB0CCD
clint::tick mtime <- 0x0000000000000041
 clint timer pending at mtime 0x0000000000000041
htif::tick 0x0000000000000000
mem[X,0x000000008002AF4C] -> 0x0113
mem[X,0x000000008002AF4E] -> 0x0000
[6500] [M]: 0x000000008002AF4C (0x00000113) addi sp, zero, 0
x2 <- 0x0000000000000000
mem[X,0x000000008002AF50] -> 0x006F
mem[X,0x000000008002AF52] -> 0x0140
[6501] [M]: 0x000000008002AF50 (0x0140006F) jal zero, 20
mem[X,0x000000008002AF64] -> 0x18E3
mem[X,0x000000008002AF66] -> 0xFEB5
[6502] [M]: 0x000000008002AF64 (0xFEB518E3) bne a0, a1, 8176
mem[X,0x000000008002AF54] -> 0x0113
mem[X,0x000000008002AF56] -> 0x0011
[6503] [M]: 0x000000008002AF54 (0x00110113) addi sp, sp, 1
x2 <- 0x0000000000000001
mem[X,0x000000008002AF58] -> 0x006F
mem[X,0x000000008002AF5A] -> 0x0200
[6504] [M]: 0x000000008002AF58 (0x0200006F) jal zero, 32
mem[X,0x000000008002AF78] -> 0xB023
mem[X,0x000000008002AF7A] -> 0x4620
[6505] [M]: 0x000000008002AF78 (0x4620B023) sd sp, 1120(ra)
mem[0x0000000080045E38] <- 0x0000000000000001
mem[X,0x000000008002AF7C] -> 0x0513
mem[X,0x000000008002AF7E] -> 0x0040
[6506] [M]: 0x000000008002AF7C (0x00400513) addi a0, zero, 4
x10 <- 0x0000000000000004
mem[X,0x000000008002AF80] -> 0x0593
mem[X,0x000000008002AF82] -> 0x0030
[6507] [M]: 0x000000008002AF80 (0x00300593) addi a1, zero, 3
x11 <- 0x0000000000000003
mem[X,0x000000008002AF84] -> 0x0113
mem[X,0x000000008002AF86] -> 0x0000
[6508] [M]: 0x000000008002AF84 (0x00000113) addi sp, zero, 0
x2 <- 0x0000000000000000
mem[X,0x000000008002AF88] -> 0x006F
mem[X,0x000000008002AF8A] -> 0x00C0
[6509] [M]: 0x000000008002AF88 (0x00C0006F) jal zero, 12
mem[X,0x000000008002AF94] -> 0x1063
mem[X,0x000000008002AF96] -> 0x04B5
[6510] [M]: 0x000000008002AF94 (0x04B51063) bne a0, a1, 64
mem[X,0x000000008002AFD4] -> 0x0113
mem[X,0x000000008002AFD6] -> 0x0031
[6511] [M]: 0x000000008002AFD4 (0x00310113) addi sp, sp, 3
x2 <- 0x0000000000000003
mem[X,0x000000008002AFD8] -> 0x006F
mem[X,0x000000008002AFDA] -> 0x0040
[6512] [M]: 0x000000008002AFD8 (0x0040006F) jal zero, 4
mem[X,0x000000008002AFDC] -> 0xB423
mem[X,0x000000008002AFDE] -> 0x4620
[6513] [M]: 0x000000008002AFDC (0x4620B423) sd sp, 1128(ra)
mem[0x0000000080045E40] <- 0x0000000000000003
mem[X,0x000000008002AFE0] -> 0x0513
mem[X,0x000000008002AFE2] -> 0x0040
[6514] [M]: 0x000000008002AFE0 (0x00400513) addi a0, zero, 4
x10 <- 0x0000000000000004
mem[X,0x000000008002AFE4] -> 0x55B7
mem[X,0x000000008002AFE6] -> 0x5555
[6515] [M]: 0x000000008002AFE4 (0x555555B7) lui a1, 349525
x11 <- 0x0000000055555000
mem[X,0x000000008002AFE8] -> 0x8593
mem[X,0x000000008002AFEA] -> 0x5555
[6516] [M]: 0x000000008002AFE8 (0x55558593) addi a1, a1, 1365
x11 <- 0x0000000055555555
mem[X,0x000000008002AFEC] -> 0x9593
mem[X,0x000000008002AFEE] -> 0x00B5
[6517] [M]: 0x000000008002AFEC (0x00B59593) slli a1, a1, 11
x11 <- 0x000002AAAAAAA800
mem[X,0x000000008002AFF0] -> 0x8593
mem[X,0x000000008002AFF2] -> 0x2AA5
[6518] [M]: 0x000000008002AFF0 (0x2AA58593) addi a1, a1, 682
x11 <- 0x000002AAAAAAAAAA
mem[X,0x000000008002AFF4] -> 0x9593
mem[X,0x000000008002AFF6] -> 0x00B5
[6519] [M]: 0x000000008002AFF4 (0x00B59593) slli a1, a1, 11
x11 <- 0x0015555555555000
mem[X,0x000000008002AFF8] -> 0x8593
mem[X,0x000000008002AFFA] -> 0x5555
[6520] [M]: 0x000000008002AFF8 (0x55558593) addi a1, a1, 1365
x11 <- 0x0015555555555555
mem[X,0x000000008002AFFC] -> 0x9593
mem[X,0x000000008002AFFE] -> 0x00A5
[6521] [M]: 0x000000008002AFFC (0x00A59593) slli a1, a1, 10
x11 <- 0x5555555555555400
mem[X,0x000000008002B000] -> 0x8593
mem[X,0x000000008002B002] -> 0x1555
[6522] [M]: 0x000000008002B000 (0x15558593) addi a1, a1, 341
x11 <- 0x5555555555555555
mem[X,0x000000008002B004] -> 0x0113
mem[X,0x000000008002B006] -> 0x0000
[6523] [M]: 0x000000008002B004 (0x00000113) addi sp, zero, 0
x2 <- 0x0000000000000000
mem[X,0x000000008002B008] -> 0x006F
mem[X,0x000000008002B00A] -> 0x0140
[6524] [M]: 0x000000008002B008 (0x0140006F) jal zero, 20
mem[X,0x000000008002B01C] -> 0x18E3
mem[X,0x000000008002B01E] -> 0xFEB5
[6525] [M]: 0x000000008002B01C (0xFEB518E3) bne a0, a1, 8176
mem[X,0x000000008002B00C] -> 0x0113
mem[X,0x000000008002B00E] -> 0x0011
[6526] [M]: 0x000000008002B00C (0x00110113) addi sp, sp, 1
x2 <- 0x0000000000000001
mem[X,0x000000008002B010] -> 0x006F
mem[X,0x000000008002B012] -> 0x0200
[6527] [M]: 0x000000008002B010 (0x0200006F) jal zero, 32
mem[X,0x000000008002B030] -> 0xB823
mem[X,0x000000008002B032] -> 0x4620
[6528] [M]: 0x000000008002B030 (0x4620B823) sd sp, 1136(ra)
mem[0x0000000080045E48] <- 0x0000000000000001
mem[X,0x000000008002B034] -> 0x0513
mem[X,0x000000008002B036] -> 0x0040
[6529] [M]: 0x000000008002B034 (0x00400513) addi a0, zero, 4
x10 <- 0x0000000000000004
mem[X,0x000000008002B038] -> 0xB5B7
mem[X,0x000000008002B03A] -> 0xAAAA
[6530] [M]: 0x000000008002B038 (0xAAAAB5B7) lui a1, 699051
x11 <- 0xFFFFFFFFAAAAB000
mem[X,0x000000008002B03C] -> 0x8593
mem[X,0x000000008002B03E] -> 0xAAA5
[6531] [M]: 0x000000008002B03C (0xAAA58593) addi a1, a1, 2730
x11 <- 0xFFFFFFFFAAAAAAAA
mem[X,0x000000008002B040] -> 0x9593
mem[X,0x000000008002B042] -> 0x00B5
[6532] [M]: 0x000000008002B040 (0x00B59593) slli a1, a1, 11
x11 <- 0xFFFFFD5555555000
mem[X,0x000000008002B044] -> 0x8593
mem[X,0x000000008002B046] -> 0x5555
[6533] [M]: 0x000000008002B044 (0x55558593) addi a1, a1, 1365
x11 <- 0xFFFFFD5555555555
mem[X,0x000000008002B048] -> 0x9593
mem[X,0x000000008002B04A] -> 0x00B5
[6534] [M]: 0x000000008002B048 (0x00B59593) slli a1, a1, 11
x11 <- 0xFFEAAAAAAAAAA800
mem[X,0x000000008002B04C] -> 0x8593
mem[X,0x000000008002B04E] -> 0x2AA5
[6535] [M]: 0x000000008002B04C (0x2AA58593) addi a1, a1, 682
x11 <- 0xFFEAAAAAAAAAAAAA
mem[X,0x000000008002B050] -> 0x9593
mem[X,0x000000008002B052] -> 0x00A5
[6536] [M]: 0x000000008002B050 (0x00A59593) slli a1, a1, 10
x11 <- 0xAAAAAAAAAAAAA800
mem[X,0x000000008002B054] -> 0x8593
mem[X,0x000000008002B056] -> 0x2AA5
[6537] [M]: 0x000000008002B054 (0x2AA58593) addi a1, a1, 682
x11 <- 0xAAAAAAAAAAAAAAAA
mem[X,0x000000008002B058] -> 0x0113
mem[X,0x000000008002B05A] -> 0x0000
[6538] [M]: 0x000000008002B058 (0x00000113) addi sp, zero, 0
x2 <- 0x0000000000000000
mem[X,0x000000008002B05C] -> 0x006F
mem[X,0x000000008002B05E] -> 0x00C0
[6539] [M]: 0x000000008002B05C (0x00C0006F) jal zero, 12
mem[X,0x000000008002B068] -> 0x1663
mem[X,0x000000008002B06A] -> 0x00B5
[6540] [M]: 0x000000008002B068 (0x00B51663) bne a0, a1, 12
mem[X,0x000000008002B074] -> 0x0113
mem[X,0x000000008002B076] -> 0x0031
[6541] [M]: 0x000000008002B074 (0x00310113) addi sp, sp, 3
x2 <- 0x0000000000000003
mem[X,0x000000008002B078] -> 0x006F
mem[X,0x000000008002B07A] -> 0x0040
[6542] [M]: 0x000000008002B078 (0x0040006F) jal zero, 4
mem[X,0x000000008002B07C] -> 0xBC23
mem[X,0x000000008002B07E] -> 0x4620
[6543] [M]: 0x000000008002B07C (0x4620BC23) sd sp, 1144(ra)
mem[0x0000000080045E50] <- 0x0000000000000003
mem[X,0x000000008002B080] -> 0x0513
mem[X,0x000000008002B082] -> 0x0040
[6544] [M]: 0x000000008002B080 (0x00400513) addi a0, zero, 4
x10 <- 0x0000000000000004
mem[X,0x000000008002B084] -> 0x0593
mem[X,0x000000008002B086] -> 0x0050
[6545] [M]: 0x000000008002B084 (0x00500593) addi a1, zero, 5
x11 <- 0x0000000000000005
mem[X,0x000000008002B088] -> 0x0113
mem[X,0x000000008002B08A] -> 0x0000
[6546] [M]: 0x000000008002B088 (0x00000113) addi sp, zero, 0
x2 <- 0x0000000000000000
mem[X,0x000000008002B08C] -> 0x006F
mem[X,0x000000008002B08E] -> 0x00C0
[6547] [M]: 0x000000008002B08C (0x00C0006F) jal zero, 12
mem[X,0x000000008002B098] -> 0x1663
mem[X,0x000000008002B09A] -> 0x00B5
[6548] [M]: 0x000000008002B098 (0x00B51663) bne a0, a1, 12
mem[X,0x000000008002B0A4] -> 0x0113
mem[X,0x000000008002B0A6] -> 0x0031
[6549] [M]: 0x000000008002B0A4 (0x00310113) addi sp, sp, 3
x2 <- 0x0000000000000003
mem[X,0x000000008002B0A8] -> 0x006F
mem[X,0x000000008002B0AA] -> 0x0040
[6550] [M]: 0x000000008002B0A8 (0x0040006F) jal zero, 4
mem[X,0x000000008002B0AC] -> 0xB023
mem[X,0x000000008002B0AE] -> 0x4820
[6551] [M]: 0x000000008002B0AC (0x4820B023) sd sp, 1152(ra)
mem[0x0000000080045E58] <- 0x0000000000000003
mem[X,0x000000008002B0B0] -> 0x0513
mem[X,0x000000008002B0B2] -> 0x0040
[6552] [M]: 0x000000008002B0B0 (0x00400513) addi a0, zero, 4
x10 <- 0x0000000000000004
mem[X,0x000000008002B0B4] -> 0x35B7
mem[X,0x000000008002B0B6] -> 0x3333
[6553] [M]: 0x000000008002B0B4 (0x333335B7) lui a1, 209715
x11 <- 0x0000000033333000
mem[X,0x000000008002B0B8] -> 0x8593
mem[X,0x000000008002B0BA] -> 0x3335
[6554] [M]: 0x000000008002B0B8 (0x33358593) addi a1, a1, 819
x11 <- 0x0000000033333333
mem[X,0x000000008002B0BC] -> 0x9593
mem[X,0x000000008002B0BE] -> 0x00B5
[6555] [M]: 0x000000008002B0BC (0x00B59593) slli a1, a1, 11
x11 <- 0x0000019999999800
mem[X,0x000000008002B0C0] -> 0x8593
mem[X,0x000000008002B0C2] -> 0x1995
[6556] [M]: 0x000000008002B0C0 (0x19958593) addi a1, a1, 409
x11 <- 0x0000019999999999
mem[X,0x000000008002B0C4] -> 0x9593
mem[X,0x000000008002B0C6] -> 0x00B5
[6557] [M]: 0x000000008002B0C4 (0x00B59593) slli a1, a1, 11
x11 <- 0x000CCCCCCCCCC800
mem[X,0x000000008002B0C8] -> 0x8593
mem[X,0x000000008002B0CA] -> 0x4CC5
[6558] [M]: 0x000000008002B0C8 (0x4CC58593) addi a1, a1, 1228
x11 <- 0x000CCCCCCCCCCCCC
mem[X,0x000000008002B0CC] -> 0x9593
mem[X,0x000000008002B0CE] -> 0x00A5
[6559] [M]: 0x000000008002B0CC (0x00A59593) slli a1, a1, 10
x11 <- 0x3333333333333000
mem[X,0x000000008002B0D0] -> 0x8593
mem[X,0x000000008002B0D2] -> 0x3335
[6560] [M]: 0x000000008002B0D0 (0x33358593) addi a1, a1, 819
x11 <- 0x3333333333333333
mem[X,0x000000008002B0D4] -> 0x0113
mem[X,0x000000008002B0D6] -> 0x0000
[6561] [M]: 0x000000008002B0D4 (0x00000113) addi sp, zero, 0
x2 <- 0x0000000000000000
mem[X,0x000000008002B0D8] -> 0x006F
mem[X,0x000000008002B0DA] -> 0x0100
[6562] [M]: 0x000000008002B0D8 (0x0100006F) jal zero, 16
mem[X,0x000000008002B0E8] -> 0x1AE3
mem[X,0x000000008002B0EA] -> 0xFEB5
[6563] [M]: 0x000000008002B0E8 (0xFEB51AE3) bne a0, a1, 8180
mem[X,0x000000008002B0DC] -> 0x0113
mem[X,0x000000008002B0DE] -> 0x0011
[6564] [M]: 0x000000008002B0DC (0x00110113) addi sp, sp, 1
x2 <- 0x0000000000000001
mem[X,0x000000008002B0E0] -> 0x006F
mem[X,0x000000008002B0E2] -> 0x01C0
[6565] [M]: 0x000000008002B0E0 (0x01C0006F) jal zero, 28
mem[X,0x000000008002B0FC] -> 0xB423
mem[X,0x000000008002B0FE] -> 0x4820
[6566] [M]: 0x000000008002B0FC (0x4820B423) sd sp, 1160(ra)
mem[0x0000000080045E60] <- 0x0000000000000001
mem[X,0x000000008002B100] -> 0x0513
mem[X,0x000000008002B102] -> 0x0040
[6567] [M]: 0x000000008002B100 (0x00400513) addi a0, zero, 4
x10 <- 0x0000000000000004
mem[X,0x000000008002B104] -> 0x65B7
mem[X,0x000000008002B106] -> 0x6666
[6568] [M]: 0x000000008002B104 (0x666665B7) lui a1, 419430
x11 <- 0x0000000066666000
mem[X,0x000000008002B108] -> 0x8593
mem[X,0x000000008002B10A] -> 0x6665
[6569] [M]: 0x000000008002B108 (0x66658593) addi a1, a1, 1638
x11 <- 0x0000000066666666
mem[X,0x000000008002B10C] -> 0x9593
mem[X,0x000000008002B10E] -> 0x00B5
[6570] [M]: 0x000000008002B10C (0x00B59593) slli a1, a1, 11
x11 <- 0x0000033333333000
mem[X,0x000000008002B110] -> 0x8593
mem[X,0x000000008002B112] -> 0x3335
[6571] [M]: 0x000000008002B110 (0x33358593) addi a1, a1, 819
x11 <- 0x0000033333333333
mem[X,0x000000008002B114] -> 0x9593
mem[X,0x000000008002B116] -> 0x00B5
[6572] [M]: 0x000000008002B114 (0x00B59593) slli a1, a1, 11
x11 <- 0x0019999999999800
mem[X,0x000000008002B118] -> 0x8593
mem[X,0x000000008002B11A] -> 0x1995
[6573] [M]: 0x000000008002B118 (0x19958593) addi a1, a1, 409
x11 <- 0x0019999999999999
mem[X,0x000000008002B11C] -> 0x9593
mem[X,0x000000008002B11E] -> 0x00A5
[6574] [M]: 0x000000008002B11C (0x00A59593) slli a1, a1, 10
x11 <- 0x6666666666666400
mem[X,0x000000008002B120] -> 0x8593
mem[X,0x000000008002B122] -> 0x2665
[6575] [M]: 0x000000008002B120 (0x26658593) addi a1, a1, 614
x11 <- 0x6666666666666666
mem[X,0x000000008002B124] -> 0x0113
mem[X,0x000000008002B126] -> 0x0000
[6576] [M]: 0x000000008002B124 (0x00000113) addi sp, zero, 0
x2 <- 0x0000000000000000
mem[X,0x000000008002B128] -> 0x006F
mem[X,0x000000008002B12A] -> 0x00C0
[6577] [M]: 0x000000008002B128 (0x00C0006F) jal zero, 12
mem[X,0x000000008002B134] -> 0x1063
mem[X,0x000000008002B136] -> 0x02B5
[6578] [M]: 0x000000008002B134 (0x02B51063) bne a0, a1, 32
mem[X,0x000000008002B154] -> 0x0113
mem[X,0x000000008002B156] -> 0x0031
[6579] [M]: 0x000000008002B154 (0x00310113) addi sp, sp, 3
x2 <- 0x0000000000000003
mem[X,0x000000008002B158] -> 0x006F
mem[X,0x000000008002B15A] -> 0x0040
[6580] [M]: 0x000000008002B158 (0x0040006F) jal zero, 4
mem[X,0x000000008002B15C] -> 0xB823
mem[X,0x000000008002B15E] -> 0x4820
[6581] [M]: 0x000000008002B15C (0x4820B823) sd sp, 1168(ra)
mem[0x0000000080045E68] <- 0x0000000000000003
mem[X,0x000000008002B160] -> 0x0513
mem[X,0x000000008002B162] -> 0x0040
[6582] [M]: 0x000000008002B160 (0x00400513) addi a0, zero, 4
x10 <- 0x0000000000000004
mem[X,0x000000008002B164] -> 0x05B7
mem[X,0x000000008002B166] -> 0x0000
[6583] [M]: 0x000000008002B164 (0x000005B7) lui a1, 0
x11 <- 0x0000000000000000
mem[X,0x000000008002B168] -> 0x8593
mem[X,0x000000008002B16A] -> 0xFFF5
[6584] [M]: 0x000000008002B168 (0xFFF58593) addi a1, a1, 4095
x11 <- 0xFFFFFFFFFFFFFFFF
mem[X,0x000000008002B16C] -> 0x9593
mem[X,0x000000008002B16E] -> 0x00B5
[6585] [M]: 0x000000008002B16C (0x00B59593) slli a1, a1, 11
x11 <- 0xFFFFFFFFFFFFF800
mem[X,0x000000008002B170] -> 0x8593
mem[X,0x000000008002B172] -> 0x2575
[6586] [M]: 0x000000008002B170 (0x25758593) addi a1, a1, 599
x11 <- 0xFFFFFFFFFFFFFA57
mem[X,0x000000008002B174] -> 0x9593
mem[X,0x000000008002B176] -> 0x00B5
[6587] [M]: 0x000000008002B174 (0x00B59593) slli a1, a1, 11
x11 <- 0xFFFFFFFFFFD2B800
mem[X,0x000000008002B178] -> 0x8593
mem[X,0x000000008002B17A] -> 0x6C35
[6588] [M]: 0x000000008002B178 (0x6C358593) addi a1, a1, 1731
x11 <- 0xFFFFFFFFFFD2BEC3
mem[X,0x000000008002B17C] -> 0x9593
mem[X,0x000000008002B17E] -> 0x00A5
[6589] [M]: 0x000000008002B17C (0x00A59593) slli a1, a1, 10
x11 <- 0xFFFFFFFF4AFB0C00
mem[X,0x000000008002B180] -> 0x8593
mem[X,0x000000008002B182] -> 0x0CD5
[6590] [M]: 0x000000008002B180 (0x0CD58593) addi a1, a1, 205
x11 <- 0xFFFFFFFF4AFB0CCD
mem[X,0x000000008002B184] -> 0x0113
mem[X,0x000000008002B186] -> 0x0000
[6591] [M]: 0x000000008002B184 (0x00000113) addi sp, zero, 0
x2 <- 0x0000000000000000
mem[X,0x000000008002B188] -> 0x006F
mem[X,0x000000008002B18A] -> 0x00C0
[6592] [M]: 0x000000008002B188 (0x00C0006F) jal zero, 12
mem[X,0x000000008002B194] -> 0x1CE3
mem[X,0x000000008002B196] -> 0xFEB5
[6593] [M]: 0x000000008002B194 (0xFEB51CE3) bne a0, a1, 8184
mem[X,0x000000008002B18C] -> 0x0113
mem[X,0x000000008002B18E] -> 0x0011
[6594] [M]: 0x000000008002B18C (0x00110113) addi sp, sp, 1
x2 <- 0x0000000000000001
mem[X,0x000000008002B190] -> 0x006F
mem[X,0x000000008002B192] -> 0x0180
[6595] [M]: 0x000000008002B190 (0x0180006F) jal zero, 24
mem[X,0x000000008002B1A8] -> 0xBC23
mem[X,0x000000008002B1AA] -> 0x4820
[6596] [M]: 0x000000008002B1A8 (0x4820BC23) sd sp, 1176(ra)
mem[0x0000000080045E70] <- 0x0000000000000001
mem[X,0x000000008002B1AC] -> 0x0513
mem[X,0x000000008002B1AE] -> 0x0040
[6597] [M]: 0x000000008002B1AC (0x00400513) addi a0, zero, 4
x10 <- 0x0000000000000004
mem[X,0x000000008002B1B0] -> 0x05B7
mem[X,0x000000008002B1B2] -> 0x0000
[6598] [M]: 0x000000008002B1B0 (0x000005B7) lui a1, 0
x11 <- 0x0000000000000000
mem[X,0x000000008002B1B4] -> 0x8593
mem[X,0x000000008002B1B6] -> 0x0005
[6599] [M]: 0x000000008002B1B4 (0x00058593) addi a1, a1, 0
x11 <- 0x0000000000000000
clint::tick mtime <- 0x0000000000000042
 clint timer pending at mtime 0x0000000000000042
htif::tick 0x0000000000000000
mem[X,0x000000008002B1B8] -> 0x9593
mem[X,0x000000008002B1BA] -> 0x00B5
[6600] [M]: 0x000000008002B1B8 (0x00B59593) slli a1, a1, 11
x11 <- 0x0000000000000000
mem[X,0x000000008002B1BC] -> 0x8593
mem[X,0x000000008002B1BE] -> 0x5A85
[6601] [M]: 0x000000008002B1BC (0x5A858593) addi a1, a1, 1448
x11 <- 0x00000000000005A8
mem[X,0x000000008002B1C0] -> 0x9593
mem[X,0x000000008002B1C2] -> 0x00B5
[6602] [M]: 0x000000008002B1C0 (0x00B59593) slli a1, a1, 11
x11 <- 0x00000000002D4000
mem[X,0x000000008002B1C4] -> 0x8593
mem[X,0x000000008002B1C6] -> 0x13C5
[6603] [M]: 0x000000008002B1C4 (0x13C58593) addi a1, a1, 316
x11 <- 0x00000000002D413C
mem[X,0x000000008002B1C8] -> 0x9593
mem[X,0x000000008002B1CA] -> 0x00A5
[6604] [M]: 0x000000008002B1C8 (0x00A59593) slli a1, a1, 10
x11 <- 0x00000000B504F000
mem[X,0x000000008002B1CC] -> 0x8593
mem[X,0x000000008002B1CE] -> 0x3335
[6605] [M]: 0x000000008002B1CC (0x33358593) addi a1, a1, 819
x11 <- 0x00000000B504F333
mem[X,0x000000008002B1D0] -> 0x0113
mem[X,0x000000008002B1D2] -> 0x0000
[6606] [M]: 0x000000008002B1D0 (0x00000113) addi sp, zero, 0
x2 <- 0x0000000000000000
mem[X,0x000000008002B1D4] -> 0x006F
mem[X,0x000000008002B1D6] -> 0x00C0
[6607] [M]: 0x000000008002B1D4 (0x00C0006F) jal zero, 12
mem[X,0x000000008002B1E0] -> 0x1CE3
mem[X,0x000000008002B1E2] -> 0xFEB5
[6608] [M]: 0x000000008002B1E0 (0xFEB51CE3) bne a0, a1, 8184
mem[X,0x000000008002B1D8] -> 0x0113
mem[X,0x000000008002B1DA] -> 0x0011
[6609] [M]: 0x000000008002B1D8 (0x00110113) addi sp, sp, 1
x2 <- 0x0000000000000001
mem[X,0x000000008002B1DC] -> 0x006F
mem[X,0x000000008002B1DE] -> 0x0180
[6610] [M]: 0x000000008002B1DC (0x0180006F) jal zero, 24
mem[X,0x000000008002B1F4] -> 0xB023
mem[X,0x000000008002B1F6] -> 0x4A20
[6611] [M]: 0x000000008002B1F4 (0x4A20B023) sd sp, 1184(ra)
mem[0x0000000080045E78] <- 0x0000000000000001
mem[X,0x000000008002B1F8] -> 0x0513
mem[X,0x000000008002B1FA] -> 0x0040
[6612] [M]: 0x000000008002B1F8 (0x00400513) addi a0, zero, 4
x10 <- 0x0000000000000004
mem[X,0x000000008002B1FC] -> 0x0593
mem[X,0x000000008002B1FE] -> 0x0020
[6613] [M]: 0x000000008002B1FC (0x00200593) addi a1, zero, 2
x11 <- 0x0000000000000002
mem[X,0x000000008002B200] -> 0x0113
mem[X,0x000000008002B202] -> 0x0000
[6614] [M]: 0x000000008002B200 (0x00000113) addi sp, zero, 0
x2 <- 0x0000000000000000
mem[X,0x000000008002B204] -> 0x006F
mem[X,0x000000008002B206] -> 0x00C0
[6615] [M]: 0x000000008002B204 (0x00C0006F) jal zero, 12
mem[X,0x000000008002B210] -> 0x1663
mem[X,0x000000008002B212] -> 0x00B5
[6616] [M]: 0x000000008002B210 (0x00B51663) bne a0, a1, 12
mem[X,0x000000008002B21C] -> 0x0113
mem[X,0x000000008002B21E] -> 0x0031
[6617] [M]: 0x000000008002B21C (0x00310113) addi sp, sp, 3
x2 <- 0x0000000000000003
mem[X,0x000000008002B220] -> 0x006F
mem[X,0x000000008002B222] -> 0x0040
[6618] [M]: 0x000000008002B220 (0x0040006F) jal zero, 4
mem[X,0x000000008002B224] -> 0xB423
mem[X,0x000000008002B226] -> 0x4A20
[6619] [M]: 0x000000008002B224 (0x4A20B423) sd sp, 1192(ra)
mem[0x0000000080045E80] <- 0x0000000000000003
mem[X,0x000000008002B228] -> 0x0513
mem[X,0x000000008002B22A] -> 0x0040
[6620] [M]: 0x000000008002B228 (0x00400513) addi a0, zero, 4
x10 <- 0x0000000000000004
mem[X,0x000000008002B22C] -> 0x55B7
mem[X,0x000000008002B22E] -> 0x5555
[6621] [M]: 0x000000008002B22C (0x555555B7) lui a1, 349525
x11 <- 0x0000000055555000
mem[X,0x000000008002B230] -> 0x8593
mem[X,0x000000008002B232] -> 0x5555
[6622] [M]: 0x000000008002B230 (0x55558593) addi a1, a1, 1365
x11 <- 0x0000000055555555
mem[X,0x000000008002B234] -> 0x9593
mem[X,0x000000008002B236] -> 0x00B5
[6623] [M]: 0x000000008002B234 (0x00B59593) slli a1, a1, 11
x11 <- 0x000002AAAAAAA800
mem[X,0x000000008002B238] -> 0x8593
mem[X,0x000000008002B23A] -> 0x2AA5
[6624] [M]: 0x000000008002B238 (0x2AA58593) addi a1, a1, 682
x11 <- 0x000002AAAAAAAAAA
mem[X,0x000000008002B23C] -> 0x9593
mem[X,0x000000008002B23E] -> 0x00B5
[6625] [M]: 0x000000008002B23C (0x00B59593) slli a1, a1, 11
x11 <- 0x0015555555555000
mem[X,0x000000008002B240] -> 0x8593
mem[X,0x000000008002B242] -> 0x5555
[6626] [M]: 0x000000008002B240 (0x55558593) addi a1, a1, 1365
x11 <- 0x0015555555555555
mem[X,0x000000008002B244] -> 0x9593
mem[X,0x000000008002B246] -> 0x00A5
[6627] [M]: 0x000000008002B244 (0x00A59593) slli a1, a1, 10
x11 <- 0x5555555555555400
mem[X,0x000000008002B248] -> 0x8593
mem[X,0x000000008002B24A] -> 0x1545
[6628] [M]: 0x000000008002B248 (0x15458593) addi a1, a1, 340
x11 <- 0x5555555555555554
mem[X,0x000000008002B24C] -> 0x0113
mem[X,0x000000008002B24E] -> 0x0000
[6629] [M]: 0x000000008002B24C (0x00000113) addi sp, zero, 0
x2 <- 0x0000000000000000
mem[X,0x000000008002B250] -> 0x006F
mem[X,0x000000008002B252] -> 0x00C0
[6630] [M]: 0x000000008002B250 (0x00C0006F) jal zero, 12
mem[X,0x000000008002B25C] -> 0x1063
mem[X,0x000000008002B25E] -> 0x04B5
[6631] [M]: 0x000000008002B25C (0x04B51063) bne a0, a1, 64
mem[X,0x000000008002B29C] -> 0x0113
mem[X,0x000000008002B29E] -> 0x0031
[6632] [M]: 0x000000008002B29C (0x00310113) addi sp, sp, 3
x2 <- 0x0000000000000003
mem[X,0x000000008002B2A0] -> 0x006F
mem[X,0x000000008002B2A2] -> 0x0040
[6633] [M]: 0x000000008002B2A0 (0x0040006F) jal zero, 4
mem[X,0x000000008002B2A4] -> 0xB823
mem[X,0x000000008002B2A6] -> 0x4A20
[6634] [M]: 0x000000008002B2A4 (0x4A20B823) sd sp, 1200(ra)
mem[0x0000000080045E88] <- 0x0000000000000003
mem[X,0x000000008002B2A8] -> 0x0513
mem[X,0x000000008002B2AA] -> 0x0040
[6635] [M]: 0x000000008002B2A8 (0x00400513) addi a0, zero, 4
x10 <- 0x0000000000000004
mem[X,0x000000008002B2AC] -> 0x0593
mem[X,0x000000008002B2AE] -> 0x0000
[6636] [M]: 0x000000008002B2AC (0x00000593) addi a1, zero, 0
x11 <- 0x0000000000000000
mem[X,0x000000008002B2B0] -> 0x0113
mem[X,0x000000008002B2B2] -> 0x0000
[6637] [M]: 0x000000008002B2B0 (0x00000113) addi sp, zero, 0
x2 <- 0x0000000000000000
mem[X,0x000000008002B2B4] -> 0x006F
mem[X,0x000000008002B2B6] -> 0x00C0
[6638] [M]: 0x000000008002B2B4 (0x00C0006F) jal zero, 12
mem[X,0x000000008002B2C0] -> 0x1663
mem[X,0x000000008002B2C2] -> 0x00B5
[6639] [M]: 0x000000008002B2C0 (0x00B51663) bne a0, a1, 12
mem[X,0x000000008002B2CC] -> 0x0113
mem[X,0x000000008002B2CE] -> 0x0031
[6640] [M]: 0x000000008002B2CC (0x00310113) addi sp, sp, 3
x2 <- 0x0000000000000003
mem[X,0x000000008002B2D0] -> 0x006F
mem[X,0x000000008002B2D2] -> 0x0040
[6641] [M]: 0x000000008002B2D0 (0x0040006F) jal zero, 4
mem[X,0x000000008002B2D4] -> 0xBC23
mem[X,0x000000008002B2D6] -> 0x4A20
[6642] [M]: 0x000000008002B2D4 (0x4A20BC23) sd sp, 1208(ra)
mem[0x0000000080045E90] <- 0x0000000000000003
mem[X,0x000000008002B2D8] -> 0x0513
mem[X,0x000000008002B2DA] -> 0x0040
[6643] [M]: 0x000000008002B2D8 (0x00400513) addi a0, zero, 4
x10 <- 0x0000000000000004
mem[X,0x000000008002B2DC] -> 0x0593
mem[X,0x000000008002B2DE] -> 0x0040
[6644] [M]: 0x000000008002B2DC (0x00400593) addi a1, zero, 4
x11 <- 0x0000000000000004
mem[X,0x000000008002B2E0] -> 0x0113
mem[X,0x000000008002B2E2] -> 0x0000
[6645] [M]: 0x000000008002B2E0 (0x00000113) addi sp, zero, 0
x2 <- 0x0000000000000000
mem[X,0x000000008002B2E4] -> 0x006F
mem[X,0x000000008002B2E6] -> 0x2B10
[6646] [M]: 0x000000008002B2E4 (0x2B10006F) jal zero, 2736
mem[X,0x000000008002BD94] -> 0x1A63
mem[X,0x000000008002BD96] -> 0xD4B5
[6647] [M]: 0x000000008002BD94 (0xD4B51A63) bne a0, a1, 5460
mem[X,0x000000008002BD98] -> 0x0113
mem[X,0x000000008002BD9A] -> 0x0021
[6648] [M]: 0x000000008002BD98 (0x00210113) addi sp, sp, 2
x2 <- 0x0000000000000002
mem[X,0x000000008002BD9C] -> 0x006F
mem[X,0x000000008002BD9E] -> 0x00C0
[6649] [M]: 0x000000008002BD9C (0x00C0006F) jal zero, 12
mem[X,0x000000008002BDA8] -> 0xB023
mem[X,0x000000008002BDAA] -> 0x4C20
[6650] [M]: 0x000000008002BDA8 (0x4C20B023) sd sp, 1216(ra)
mem[0x0000000080045E98] <- 0x0000000000000002
mem[X,0x000000008002BDAC] -> 0x0513
mem[X,0x000000008002BDAE] -> 0x0040
[6651] [M]: 0x000000008002BDAC (0x00400513) addi a0, zero, 4
x10 <- 0x0000000000000004
mem[X,0x000000008002BDB0] -> 0x35B7
mem[X,0x000000008002BDB2] -> 0x3333
[6652] [M]: 0x000000008002BDB0 (0x333335B7) lui a1, 209715
x11 <- 0x0000000033333000
mem[X,0x000000008002BDB4] -> 0x8593
mem[X,0x000000008002BDB6] -> 0x3335
[6653] [M]: 0x000000008002BDB4 (0x33358593) addi a1, a1, 819
x11 <- 0x0000000033333333
mem[X,0x000000008002BDB8] -> 0x9593
mem[X,0x000000008002BDBA] -> 0x00B5
[6654] [M]: 0x000000008002BDB8 (0x00B59593) slli a1, a1, 11
x11 <- 0x0000019999999800
mem[X,0x000000008002BDBC] -> 0x8593
mem[X,0x000000008002BDBE] -> 0x1995
[6655] [M]: 0x000000008002BDBC (0x19958593) addi a1, a1, 409
x11 <- 0x0000019999999999
mem[X,0x000000008002BDC0] -> 0x9593
mem[X,0x000000008002BDC2] -> 0x00B5
[6656] [M]: 0x000000008002BDC0 (0x00B59593) slli a1, a1, 11
x11 <- 0x000CCCCCCCCCC800
mem[X,0x000000008002BDC4] -> 0x8593
mem[X,0x000000008002BDC6] -> 0x4CC5
[6657] [M]: 0x000000008002BDC4 (0x4CC58593) addi a1, a1, 1228
x11 <- 0x000CCCCCCCCCCCCC
mem[X,0x000000008002BDC8] -> 0x9593
mem[X,0x000000008002BDCA] -> 0x00A5
[6658] [M]: 0x000000008002BDC8 (0x00A59593) slli a1, a1, 10
x11 <- 0x3333333333333000
mem[X,0x000000008002BDCC] -> 0x8593
mem[X,0x000000008002BDCE] -> 0x3325
[6659] [M]: 0x000000008002BDCC (0x33258593) addi a1, a1, 818
x11 <- 0x3333333333333332
mem[X,0x000000008002BDD0] -> 0x0113
mem[X,0x000000008002BDD2] -> 0x0000
[6660] [M]: 0x000000008002BDD0 (0x00000113) addi sp, zero, 0
x2 <- 0x0000000000000000
mem[X,0x000000008002BDD4] -> 0x006F
mem[X,0x000000008002BDD6] -> 0x00C0
[6661] [M]: 0x000000008002BDD4 (0x00C0006F) jal zero, 12
mem[X,0x000000008002BDE0] -> 0x1063
mem[X,0x000000008002BDE2] -> 0x08B5
[6662] [M]: 0x000000008002BDE0 (0x08B51063) bne a0, a1, 128
mem[X,0x000000008002BE60] -> 0x0113
mem[X,0x000000008002BE62] -> 0x0031
[6663] [M]: 0x000000008002BE60 (0x00310113) addi sp, sp, 3
x2 <- 0x0000000000000003
mem[X,0x000000008002BE64] -> 0x006F
mem[X,0x000000008002BE66] -> 0x0040
[6664] [M]: 0x000000008002BE64 (0x0040006F) jal zero, 4
mem[X,0x000000008002BE68] -> 0xB423
mem[X,0x000000008002BE6A] -> 0x4C20
[6665] [M]: 0x000000008002BE68 (0x4C20B423) sd sp, 1224(ra)
mem[0x0000000080045EA0] <- 0x0000000000000003
mem[X,0x000000008002BE6C] -> 0x0513
mem[X,0x000000008002BE6E] -> 0x0040
[6666] [M]: 0x000000008002BE6C (0x00400513) addi a0, zero, 4
x10 <- 0x0000000000000004
mem[X,0x000000008002BE70] -> 0x65B7
mem[X,0x000000008002BE72] -> 0x6666
[6667] [M]: 0x000000008002BE70 (0x666665B7) lui a1, 419430
x11 <- 0x0000000066666000
mem[X,0x000000008002BE74] -> 0x8593
mem[X,0x000000008002BE76] -> 0x6665
[6668] [M]: 0x000000008002BE74 (0x66658593) addi a1, a1, 1638
x11 <- 0x0000000066666666
mem[X,0x000000008002BE78] -> 0x9593
mem[X,0x000000008002BE7A] -> 0x00B5
[6669] [M]: 0x000000008002BE78 (0x00B59593) slli a1, a1, 11
x11 <- 0x0000033333333000
mem[X,0x000000008002BE7C] -> 0x8593
mem[X,0x000000008002BE7E] -> 0x3335
[6670] [M]: 0x000000008002BE7C (0x33358593) addi a1, a1, 819
x11 <- 0x0000033333333333
mem[X,0x000000008002BE80] -> 0x9593
mem[X,0x000000008002BE82] -> 0x00B5
[6671] [M]: 0x000000008002BE80 (0x00B59593) slli a1, a1, 11
x11 <- 0x0019999999999800
mem[X,0x000000008002BE84] -> 0x8593
mem[X,0x000000008002BE86] -> 0x1995
[6672] [M]: 0x000000008002BE84 (0x19958593) addi a1, a1, 409
x11 <- 0x0019999999999999
mem[X,0x000000008002BE88] -> 0x9593
mem[X,0x000000008002BE8A] -> 0x00A5
[6673] [M]: 0x000000008002BE88 (0x00A59593) slli a1, a1, 10
x11 <- 0x6666666666666400
mem[X,0x000000008002BE8C] -> 0x8593
mem[X,0x000000008002BE8E] -> 0x2655
[6674] [M]: 0x000000008002BE8C (0x26558593) addi a1, a1, 613
x11 <- 0x6666666666666665
mem[X,0x000000008002BE90] -> 0x0113
mem[X,0x000000008002BE92] -> 0x0000
[6675] [M]: 0x000000008002BE90 (0x00000113) addi sp, zero, 0
x2 <- 0x0000000000000000
mem[X,0x000000008002BE94] -> 0x006F
mem[X,0x000000008002BE96] -> 0x00C0
[6676] [M]: 0x000000008002BE94 (0x00C0006F) jal zero, 12
mem[X,0x000000008002BEA0] -> 0x1663
mem[X,0x000000008002BEA2] -> 0x00B5
[6677] [M]: 0x000000008002BEA0 (0x00B51663) bne a0, a1, 12
mem[X,0x000000008002BEAC] -> 0x0113
mem[X,0x000000008002BEAE] -> 0x0031
[6678] [M]: 0x000000008002BEAC (0x00310113) addi sp, sp, 3
x2 <- 0x0000000000000003
mem[X,0x000000008002BEB0] -> 0x006F
mem[X,0x000000008002BEB2] -> 0x0040
[6679] [M]: 0x000000008002BEB0 (0x0040006F) jal zero, 4
mem[X,0x000000008002BEB4] -> 0xB823
mem[X,0x000000008002BEB6] -> 0x4C20
[6680] [M]: 0x000000008002BEB4 (0x4C20B823) sd sp, 1232(ra)
mem[0x0000000080045EA8] <- 0x0000000000000003
mem[X,0x000000008002BEB8] -> 0x0513
mem[X,0x000000008002BEBA] -> 0x0040
[6681] [M]: 0x000000008002BEB8 (0x00400513) addi a0, zero, 4
x10 <- 0x0000000000000004
mem[X,0x000000008002BEBC] -> 0x05B7
mem[X,0x000000008002BEBE] -> 0x0000
[6682] [M]: 0x000000008002BEBC (0x000005B7) lui a1, 0
x11 <- 0x0000000000000000
mem[X,0x000000008002BEC0] -> 0x8593
mem[X,0x000000008002BEC2] -> 0x0005
[6683] [M]: 0x000000008002BEC0 (0x00058593) addi a1, a1, 0
x11 <- 0x0000000000000000
mem[X,0x000000008002BEC4] -> 0x9593
mem[X,0x000000008002BEC6] -> 0x00B5
[6684] [M]: 0x000000008002BEC4 (0x00B59593) slli a1, a1, 11
x11 <- 0x0000000000000000
mem[X,0x000000008002BEC8] -> 0x8593
mem[X,0x000000008002BECA] -> 0x5A85
[6685] [M]: 0x000000008002BEC8 (0x5A858593) addi a1, a1, 1448
x11 <- 0x00000000000005A8
mem[X,0x000000008002BECC] -> 0x9593
mem[X,0x000000008002BECE] -> 0x00B5
[6686] [M]: 0x000000008002BECC (0x00B59593) slli a1, a1, 11
x11 <- 0x00000000002D4000
mem[X,0x000000008002BED0] -> 0x8593
mem[X,0x000000008002BED2] -> 0x13C5
[6687] [M]: 0x000000008002BED0 (0x13C58593) addi a1, a1, 316
x11 <- 0x00000000002D413C
mem[X,0x000000008002BED4] -> 0x9593
mem[X,0x000000008002BED6] -> 0x00A5
[6688] [M]: 0x000000008002BED4 (0x00A59593) slli a1, a1, 10
x11 <- 0x00000000B504F000
mem[X,0x000000008002BED8] -> 0x8593
mem[X,0x000000008002BEDA] -> 0x3325
[6689] [M]: 0x000000008002BED8 (0x33258593) addi a1, a1, 818
x11 <- 0x00000000B504F332
mem[X,0x000000008002BEDC] -> 0x0113
mem[X,0x000000008002BEDE] -> 0x0000
[6690] [M]: 0x000000008002BEDC (0x00000113) addi sp, zero, 0
x2 <- 0x0000000000000000
mem[X,0x000000008002BEE0] -> 0x006F
mem[X,0x000000008002BEE2] -> 0x0100
[6691] [M]: 0x000000008002BEE0 (0x0100006F) jal zero, 16
mem[X,0x000000008002BEF0] -> 0x1AE3
mem[X,0x000000008002BEF2] -> 0xFEB5
[6692] [M]: 0x000000008002BEF0 (0xFEB51AE3) bne a0, a1, 8180
mem[X,0x000000008002BEE4] -> 0x0113
mem[X,0x000000008002BEE6] -> 0x0011
[6693] [M]: 0x000000008002BEE4 (0x00110113) addi sp, sp, 1
x2 <- 0x0000000000000001
mem[X,0x000000008002BEE8] -> 0x006F
mem[X,0x000000008002BEEA] -> 0x01C0
[6694] [M]: 0x000000008002BEE8 (0x01C0006F) jal zero, 28
mem[X,0x000000008002BF04] -> 0xBC23
mem[X,0x000000008002BF06] -> 0x4C20
[6695] [M]: 0x000000008002BF04 (0x4C20BC23) sd sp, 1240(ra)
mem[0x0000000080045EB0] <- 0x0000000000000001
mem[X,0x000000008002BF08] -> 0x0513
mem[X,0x000000008002BF0A] -> 0x0040
[6696] [M]: 0x000000008002BF08 (0x00400513) addi a0, zero, 4
x10 <- 0x0000000000000004
mem[X,0x000000008002BF0C] -> 0x55B7
mem[X,0x000000008002BF0E] -> 0x5555
[6697] [M]: 0x000000008002BF0C (0x555555B7) lui a1, 349525
x11 <- 0x0000000055555000
mem[X,0x000000008002BF10] -> 0x8593
mem[X,0x000000008002BF12] -> 0x5555
[6698] [M]: 0x000000008002BF10 (0x55558593) addi a1, a1, 1365
x11 <- 0x0000000055555555
mem[X,0x000000008002BF14] -> 0x9593
mem[X,0x000000008002BF16] -> 0x00B5
[6699] [M]: 0x000000008002BF14 (0x00B59593) slli a1, a1, 11
x11 <- 0x000002AAAAAAA800
clint::tick mtime <- 0x0000000000000043
 clint timer pending at mtime 0x0000000000000043
htif::tick 0x0000000000000000
mem[X,0x000000008002BF18] -> 0x8593
mem[X,0x000000008002BF1A] -> 0x2AA5
[6700] [M]: 0x000000008002BF18 (0x2AA58593) addi a1, a1, 682
x11 <- 0x000002AAAAAAAAAA
mem[X,0x000000008002BF1C] -> 0x9593
mem[X,0x000000008002BF1E] -> 0x00B5
[6701] [M]: 0x000000008002BF1C (0x00B59593) slli a1, a1, 11
x11 <- 0x0015555555555000
mem[X,0x000000008002BF20] -> 0x8593
mem[X,0x000000008002BF22] -> 0x5555
[6702] [M]: 0x000000008002BF20 (0x55558593) addi a1, a1, 1365
x11 <- 0x0015555555555555
mem[X,0x000000008002BF24] -> 0x9593
mem[X,0x000000008002BF26] -> 0x00A5
[6703] [M]: 0x000000008002BF24 (0x00A59593) slli a1, a1, 10
x11 <- 0x5555555555555400
mem[X,0x000000008002BF28] -> 0x8593
mem[X,0x000000008002BF2A] -> 0x1565
[6704] [M]: 0x000000008002BF28 (0x15658593) addi a1, a1, 342
x11 <- 0x5555555555555556
mem[X,0x000000008002BF2C] -> 0x0113
mem[X,0x000000008002BF2E] -> 0x0000
[6705] [M]: 0x000000008002BF2C (0x00000113) addi sp, zero, 0
x2 <- 0x0000000000000000
mem[X,0x000000008002BF30] -> 0x006F
mem[X,0x000000008002BF32] -> 0x00C0
[6706] [M]: 0x000000008002BF30 (0x00C0006F) jal zero, 12
mem[X,0x000000008002BF3C] -> 0x1CE3
mem[X,0x000000008002BF3E] -> 0xFEB5
[6707] [M]: 0x000000008002BF3C (0xFEB51CE3) bne a0, a1, 8184
mem[X,0x000000008002BF34] -> 0x0113
mem[X,0x000000008002BF36] -> 0x0011
[6708] [M]: 0x000000008002BF34 (0x00110113) addi sp, sp, 1
x2 <- 0x0000000000000001
mem[X,0x000000008002BF38] -> 0x006F
mem[X,0x000000008002BF3A] -> 0x0180
[6709] [M]: 0x000000008002BF38 (0x0180006F) jal zero, 24
mem[X,0x000000008002BF50] -> 0xB023
mem[X,0x000000008002BF52] -> 0x4E20
[6710] [M]: 0x000000008002BF50 (0x4E20B023) sd sp, 1248(ra)
mem[0x0000000080045EB8] <- 0x0000000000000001
mem[X,0x000000008002BF54] -> 0x0513
mem[X,0x000000008002BF56] -> 0x0040
[6711] [M]: 0x000000008002BF54 (0x00400513) addi a0, zero, 4
x10 <- 0x0000000000000004
mem[X,0x000000008002BF58] -> 0xB5B7
mem[X,0x000000008002BF5A] -> 0xAAAA
[6712] [M]: 0x000000008002BF58 (0xAAAAB5B7) lui a1, 699051
x11 <- 0xFFFFFFFFAAAAB000
mem[X,0x000000008002BF5C] -> 0x8593
mem[X,0x000000008002BF5E] -> 0xAAA5
[6713] [M]: 0x000000008002BF5C (0xAAA58593) addi a1, a1, 2730
x11 <- 0xFFFFFFFFAAAAAAAA
mem[X,0x000000008002BF60] -> 0x9593
mem[X,0x000000008002BF62] -> 0x00B5
[6714] [M]: 0x000000008002BF60 (0x00B59593) slli a1, a1, 11
x11 <- 0xFFFFFD5555555000
mem[X,0x000000008002BF64] -> 0x8593
mem[X,0x000000008002BF66] -> 0x5555
[6715] [M]: 0x000000008002BF64 (0x55558593) addi a1, a1, 1365
x11 <- 0xFFFFFD5555555555
mem[X,0x000000008002BF68] -> 0x9593
mem[X,0x000000008002BF6A] -> 0x00B5
[6716] [M]: 0x000000008002BF68 (0x00B59593) slli a1, a1, 11
x11 <- 0xFFEAAAAAAAAAA800
mem[X,0x000000008002BF6C] -> 0x8593
mem[X,0x000000008002BF6E] -> 0x2AA5
[6717] [M]: 0x000000008002BF6C (0x2AA58593) addi a1, a1, 682
x11 <- 0xFFEAAAAAAAAAAAAA
mem[X,0x000000008002BF70] -> 0x9593
mem[X,0x000000008002BF72] -> 0x00A5
[6718] [M]: 0x000000008002BF70 (0x00A59593) slli a1, a1, 10
x11 <- 0xAAAAAAAAAAAAA800
mem[X,0x000000008002BF74] -> 0x8593
mem[X,0x000000008002BF76] -> 0x2AB5
[6719] [M]: 0x000000008002BF74 (0x2AB58593) addi a1, a1, 683
x11 <- 0xAAAAAAAAAAAAAAAB
mem[X,0x000000008002BF78] -> 0x0113
mem[X,0x000000008002BF7A] -> 0x0000
[6720] [M]: 0x000000008002BF78 (0x00000113) addi sp, zero, 0
x2 <- 0x0000000000000000
mem[X,0x000000008002BF7C] -> 0x006F
mem[X,0x000000008002BF7E] -> 0x0100
[6721] [M]: 0x000000008002BF7C (0x0100006F) jal zero, 16
mem[X,0x000000008002BF8C] -> 0x1AE3
mem[X,0x000000008002BF8E] -> 0xFEB5
[6722] [M]: 0x000000008002BF8C (0xFEB51AE3) bne a0, a1, 8180
mem[X,0x000000008002BF80] -> 0x0113
mem[X,0x000000008002BF82] -> 0x0011
[6723] [M]: 0x000000008002BF80 (0x00110113) addi sp, sp, 1
x2 <- 0x0000000000000001
mem[X,0x000000008002BF84] -> 0x006F
mem[X,0x000000008002BF86] -> 0x01C0
[6724] [M]: 0x000000008002BF84 (0x01C0006F) jal zero, 28
mem[X,0x000000008002BFA0] -> 0xB423
mem[X,0x000000008002BFA2] -> 0x4E20
[6725] [M]: 0x000000008002BFA0 (0x4E20B423) sd sp, 1256(ra)
mem[0x0000000080045EC0] <- 0x0000000000000001
mem[X,0x000000008002BFA4] -> 0x0513
mem[X,0x000000008002BFA6] -> 0x0040
[6726] [M]: 0x000000008002BFA4 (0x00400513) addi a0, zero, 4
x10 <- 0x0000000000000004
mem[X,0x000000008002BFA8] -> 0x0593
mem[X,0x000000008002BFAA] -> 0x0060
[6727] [M]: 0x000000008002BFA8 (0x00600593) addi a1, zero, 6
x11 <- 0x0000000000000006
mem[X,0x000000008002BFAC] -> 0x0113
mem[X,0x000000008002BFAE] -> 0x0000
[6728] [M]: 0x000000008002BFAC (0x00000113) addi sp, zero, 0
x2 <- 0x0000000000000000
mem[X,0x000000008002BFB0] -> 0x006F
mem[X,0x000000008002BFB2] -> 0x00C0
[6729] [M]: 0x000000008002BFB0 (0x00C0006F) jal zero, 12
mem[X,0x000000008002BFBC] -> 0x1663
mem[X,0x000000008002BFBE] -> 0x00B5
[6730] [M]: 0x000000008002BFBC (0x00B51663) bne a0, a1, 12
mem[X,0x000000008002BFC8] -> 0x0113
mem[X,0x000000008002BFCA] -> 0x0031
[6731] [M]: 0x000000008002BFC8 (0x00310113) addi sp, sp, 3
x2 <- 0x0000000000000003
mem[X,0x000000008002BFCC] -> 0x006F
mem[X,0x000000008002BFCE] -> 0x0040
[6732] [M]: 0x000000008002BFCC (0x0040006F) jal zero, 4
mem[X,0x000000008002BFD0] -> 0xB823
mem[X,0x000000008002BFD2] -> 0x4E20
[6733] [M]: 0x000000008002BFD0 (0x4E20B823) sd sp, 1264(ra)
mem[0x0000000080045EC8] <- 0x0000000000000003
mem[X,0x000000008002BFD4] -> 0x0513
mem[X,0x000000008002BFD6] -> 0x0040
[6734] [M]: 0x000000008002BFD4 (0x00400513) addi a0, zero, 4
x10 <- 0x0000000000000004
mem[X,0x000000008002BFD8] -> 0x35B7
mem[X,0x000000008002BFDA] -> 0x3333
[6735] [M]: 0x000000008002BFD8 (0x333335B7) lui a1, 209715
x11 <- 0x0000000033333000
mem[X,0x000000008002BFDC] -> 0x8593
mem[X,0x000000008002BFDE] -> 0x3335
[6736] [M]: 0x000000008002BFDC (0x33358593) addi a1, a1, 819
x11 <- 0x0000000033333333
mem[X,0x000000008002BFE0] -> 0x9593
mem[X,0x000000008002BFE2] -> 0x00B5
[6737] [M]: 0x000000008002BFE0 (0x00B59593) slli a1, a1, 11
x11 <- 0x0000019999999800
mem[X,0x000000008002BFE4] -> 0x8593
mem[X,0x000000008002BFE6] -> 0x1995
[6738] [M]: 0x000000008002BFE4 (0x19958593) addi a1, a1, 409
x11 <- 0x0000019999999999
mem[X,0x000000008002BFE8] -> 0x9593
mem[X,0x000000008002BFEA] -> 0x00B5
[6739] [M]: 0x000000008002BFE8 (0x00B59593) slli a1, a1, 11
x11 <- 0x000CCCCCCCCCC800
mem[X,0x000000008002BFEC] -> 0x8593
mem[X,0x000000008002BFEE] -> 0x4CC5
[6740] [M]: 0x000000008002BFEC (0x4CC58593) addi a1, a1, 1228
x11 <- 0x000CCCCCCCCCCCCC
mem[X,0x000000008002BFF0] -> 0x9593
mem[X,0x000000008002BFF2] -> 0x00A5
[6741] [M]: 0x000000008002BFF0 (0x00A59593) slli a1, a1, 10
x11 <- 0x3333333333333000
mem[X,0x000000008002BFF4] -> 0x8593
mem[X,0x000000008002BFF6] -> 0x3345
[6742] [M]: 0x000000008002BFF4 (0x33458593) addi a1, a1, 820
x11 <- 0x3333333333333334
mem[X,0x000000008002BFF8] -> 0x0113
mem[X,0x000000008002BFFA] -> 0x0000
[6743] [M]: 0x000000008002BFF8 (0x00000113) addi sp, zero, 0
x2 <- 0x0000000000000000
mem[X,0x000000008002BFFC] -> 0x006F
mem[X,0x000000008002BFFE] -> 0x00C0
[6744] [M]: 0x000000008002BFFC (0x00C0006F) jal zero, 12
mem[X,0x000000008002C008] -> 0x1663
mem[X,0x000000008002C00A] -> 0x00B5
[6745] [M]: 0x000000008002C008 (0x00B51663) bne a0, a1, 12
mem[X,0x000000008002C014] -> 0x0113
mem[X,0x000000008002C016] -> 0x0031
[6746] [M]: 0x000000008002C014 (0x00310113) addi sp, sp, 3
x2 <- 0x0000000000000003
mem[X,0x000000008002C018] -> 0x006F
mem[X,0x000000008002C01A] -> 0x0040
[6747] [M]: 0x000000008002C018 (0x0040006F) jal zero, 4
mem[X,0x000000008002C01C] -> 0xBC23
mem[X,0x000000008002C01E] -> 0x4E20
[6748] [M]: 0x000000008002C01C (0x4E20BC23) sd sp, 1272(ra)
mem[0x0000000080045ED0] <- 0x0000000000000003
mem[X,0x000000008002C020] -> 0x0513
mem[X,0x000000008002C022] -> 0x0040
[6749] [M]: 0x000000008002C020 (0x00400513) addi a0, zero, 4
x10 <- 0x0000000000000004
mem[X,0x000000008002C024] -> 0x65B7
mem[X,0x000000008002C026] -> 0x6666
[6750] [M]: 0x000000008002C024 (0x666665B7) lui a1, 419430
x11 <- 0x0000000066666000
mem[X,0x000000008002C028] -> 0x8593
mem[X,0x000000008002C02A] -> 0x6665
[6751] [M]: 0x000000008002C028 (0x66658593) addi a1, a1, 1638
x11 <- 0x0000000066666666
mem[X,0x000000008002C02C] -> 0x9593
mem[X,0x000000008002C02E] -> 0x00B5
[6752] [M]: 0x000000008002C02C (0x00B59593) slli a1, a1, 11
x11 <- 0x0000033333333000
mem[X,0x000000008002C030] -> 0x8593
mem[X,0x000000008002C032] -> 0x3335
[6753] [M]: 0x000000008002C030 (0x33358593) addi a1, a1, 819
x11 <- 0x0000033333333333
mem[X,0x000000008002C034] -> 0x9593
mem[X,0x000000008002C036] -> 0x00B5
[6754] [M]: 0x000000008002C034 (0x00B59593) slli a1, a1, 11
x11 <- 0x0019999999999800
mem[X,0x000000008002C038] -> 0x8593
mem[X,0x000000008002C03A] -> 0x1995
[6755] [M]: 0x000000008002C038 (0x19958593) addi a1, a1, 409
x11 <- 0x0019999999999999
mem[X,0x000000008002C03C] -> 0x9593
mem[X,0x000000008002C03E] -> 0x00A5
[6756] [M]: 0x000000008002C03C (0x00A59593) slli a1, a1, 10
x11 <- 0x6666666666666400
mem[X,0x000000008002C040] -> 0x8593
mem[X,0x000000008002C042] -> 0x2675
[6757] [M]: 0x000000008002C040 (0x26758593) addi a1, a1, 615
x11 <- 0x6666666666666667
mem[X,0x000000008002C044] -> 0x0113
mem[X,0x000000008002C046] -> 0x0000
[6758] [M]: 0x000000008002C044 (0x00000113) addi sp, zero, 0
x2 <- 0x0000000000000000
mem[X,0x000000008002C048] -> 0x006F
mem[X,0x000000008002C04A] -> 0x2B10
[6759] [M]: 0x000000008002C048 (0x2B10006F) jal zero, 2736
mem[X,0x000000008002CAF8] -> 0x1A63
mem[X,0x000000008002CAFA] -> 0xD4B5
[6760] [M]: 0x000000008002CAF8 (0xD4B51A63) bne a0, a1, 5460
mem[X,0x000000008002C04C] -> 0x0113
mem[X,0x000000008002C04E] -> 0x0011
[6761] [M]: 0x000000008002C04C (0x00110113) addi sp, sp, 1
x2 <- 0x0000000000000001
mem[X,0x000000008002C050] -> 0x006F
mem[X,0x000000008002C052] -> 0x2BD0
[6762] [M]: 0x000000008002C050 (0x2BD0006F) jal zero, 2748
mem[X,0x000000008002CB0C] -> 0xB023
mem[X,0x000000008002CB0E] -> 0x5020
[6763] [M]: 0x000000008002CB0C (0x5020B023) sd sp, 1280(ra)
mem[0x0000000080045ED8] <- 0x0000000000000001
mem[X,0x000000008002CB10] -> 0x0513
mem[X,0x000000008002CB12] -> 0x0040
[6764] [M]: 0x000000008002CB10 (0x00400513) addi a0, zero, 4
x10 <- 0x0000000000000004
mem[X,0x000000008002CB14] -> 0x05B7
mem[X,0x000000008002CB16] -> 0x0000
[6765] [M]: 0x000000008002CB14 (0x000005B7) lui a1, 0
x11 <- 0x0000000000000000
mem[X,0x000000008002CB18] -> 0x8593
mem[X,0x000000008002CB1A] -> 0xFFF5
[6766] [M]: 0x000000008002CB18 (0xFFF58593) addi a1, a1, 4095
x11 <- 0xFFFFFFFFFFFFFFFF
mem[X,0x000000008002CB1C] -> 0x9593
mem[X,0x000000008002CB1E] -> 0x00B5
[6767] [M]: 0x000000008002CB1C (0x00B59593) slli a1, a1, 11
x11 <- 0xFFFFFFFFFFFFF800
mem[X,0x000000008002CB20] -> 0x8593
mem[X,0x000000008002CB22] -> 0x2575
[6768] [M]: 0x000000008002CB20 (0x25758593) addi a1, a1, 599
x11 <- 0xFFFFFFFFFFFFFA57
mem[X,0x000000008002CB24] -> 0x9593
mem[X,0x000000008002CB26] -> 0x00B5
[6769] [M]: 0x000000008002CB24 (0x00B59593) slli a1, a1, 11
x11 <- 0xFFFFFFFFFFD2B800
mem[X,0x000000008002CB28] -> 0x8593
mem[X,0x000000008002CB2A] -> 0x6C35
[6770] [M]: 0x000000008002CB28 (0x6C358593) addi a1, a1, 1731
x11 <- 0xFFFFFFFFFFD2BEC3
mem[X,0x000000008002CB2C] -> 0x9593
mem[X,0x000000008002CB2E] -> 0x00A5
[6771] [M]: 0x000000008002CB2C (0x00A59593) slli a1, a1, 10
x11 <- 0xFFFFFFFF4AFB0C00
mem[X,0x000000008002CB30] -> 0x8593
mem[X,0x000000008002CB32] -> 0x0CE5
[6772] [M]: 0x000000008002CB30 (0x0CE58593) addi a1, a1, 206
x11 <- 0xFFFFFFFF4AFB0CCE
mem[X,0x000000008002CB34] -> 0x0113
mem[X,0x000000008002CB36] -> 0x0000
[6773] [M]: 0x000000008002CB34 (0x00000113) addi sp, zero, 0
x2 <- 0x0000000000000000
mem[X,0x000000008002CB38] -> 0x006F
mem[X,0x000000008002CB3A] -> 0x00C0
[6774] [M]: 0x000000008002CB38 (0x00C0006F) jal zero, 12
mem[X,0x000000008002CB44] -> 0x1063
mem[X,0x000000008002CB46] -> 0x02B5
[6775] [M]: 0x000000008002CB44 (0x02B51063) bne a0, a1, 32
mem[X,0x000000008002CB64] -> 0x0113
mem[X,0x000000008002CB66] -> 0x0031
[6776] [M]: 0x000000008002CB64 (0x00310113) addi sp, sp, 3
x2 <- 0x0000000000000003
mem[X,0x000000008002CB68] -> 0x006F
mem[X,0x000000008002CB6A] -> 0x0040
[6777] [M]: 0x000000008002CB68 (0x0040006F) jal zero, 4
mem[X,0x000000008002CB6C] -> 0xB423
mem[X,0x000000008002CB6E] -> 0x5020
[6778] [M]: 0x000000008002CB6C (0x5020B423) sd sp, 1288(ra)
mem[0x0000000080045EE0] <- 0x0000000000000003
mem[X,0x000000008002CB70] -> 0x0513
mem[X,0x000000008002CB72] -> 0x0040
[6779] [M]: 0x000000008002CB70 (0x00400513) addi a0, zero, 4
x10 <- 0x0000000000000004
mem[X,0x000000008002CB74] -> 0x05B7
mem[X,0x000000008002CB76] -> 0x0000
[6780] [M]: 0x000000008002CB74 (0x000005B7) lui a1, 0
x11 <- 0x0000000000000000
mem[X,0x000000008002CB78] -> 0x8593
mem[X,0x000000008002CB7A] -> 0x0005
[6781] [M]: 0x000000008002CB78 (0x00058593) addi a1, a1, 0
x11 <- 0x0000000000000000
mem[X,0x000000008002CB7C] -> 0x9593
mem[X,0x000000008002CB7E] -> 0x00B5
[6782] [M]: 0x000000008002CB7C (0x00B59593) slli a1, a1, 11
x11 <- 0x0000000000000000
mem[X,0x000000008002CB80] -> 0x8593
mem[X,0x000000008002CB82] -> 0x5A85
[6783] [M]: 0x000000008002CB80 (0x5A858593) addi a1, a1, 1448
x11 <- 0x00000000000005A8
mem[X,0x000000008002CB84] -> 0x9593
mem[X,0x000000008002CB86] -> 0x00B5
[6784] [M]: 0x000000008002CB84 (0x00B59593) slli a1, a1, 11
x11 <- 0x00000000002D4000
mem[X,0x000000008002CB88] -> 0x8593
mem[X,0x000000008002CB8A] -> 0x13C5
[6785] [M]: 0x000000008002CB88 (0x13C58593) addi a1, a1, 316
x11 <- 0x00000000002D413C
mem[X,0x000000008002CB8C] -> 0x9593
mem[X,0x000000008002CB8E] -> 0x00A5
[6786] [M]: 0x000000008002CB8C (0x00A59593) slli a1, a1, 10
x11 <- 0x00000000B504F000
mem[X,0x000000008002CB90] -> 0x8593
mem[X,0x000000008002CB92] -> 0x3345
[6787] [M]: 0x000000008002CB90 (0x33458593) addi a1, a1, 820
x11 <- 0x00000000B504F334
mem[X,0x000000008002CB94] -> 0x0113
mem[X,0x000000008002CB96] -> 0x0000
[6788] [M]: 0x000000008002CB94 (0x00000113) addi sp, zero, 0
x2 <- 0x0000000000000000
mem[X,0x000000008002CB98] -> 0x006F
mem[X,0x000000008002CB9A] -> 0x00C0
[6789] [M]: 0x000000008002CB98 (0x00C0006F) jal zero, 12
mem[X,0x000000008002CBA4] -> 0x1063
mem[X,0x000000008002CBA6] -> 0x08B5
[6790] [M]: 0x000000008002CBA4 (0x08B51063) bne a0, a1, 128
mem[X,0x000000008002CC24] -> 0x0113
mem[X,0x000000008002CC26] -> 0x0031
[6791] [M]: 0x000000008002CC24 (0x00310113) addi sp, sp, 3
x2 <- 0x0000000000000003
mem[X,0x000000008002CC28] -> 0x006F
mem[X,0x000000008002CC2A] -> 0x0040
[6792] [M]: 0x000000008002CC28 (0x0040006F) jal zero, 4
mem[X,0x000000008002CC2C] -> 0xB823
mem[X,0x000000008002CC2E] -> 0x5020
[6793] [M]: 0x000000008002CC2C (0x5020B823) sd sp, 1296(ra)
mem[0x0000000080045EE8] <- 0x0000000000000003
mem[X,0x000000008002CC30] -> 0x3537
mem[X,0x000000008002CC32] -> 0x3333
[6794] [M]: 0x000000008002CC30 (0x33333537) lui a0, 209715
x10 <- 0x0000000033333000
mem[X,0x000000008002CC34] -> 0x0513
mem[X,0x000000008002CC36] -> 0x3335
[6795] [M]: 0x000000008002CC34 (0x33350513) addi a0, a0, 819
x10 <- 0x0000000033333333
mem[X,0x000000008002CC38] -> 0x1513
mem[X,0x000000008002CC3A] -> 0x00B5
[6796] [M]: 0x000000008002CC38 (0x00B51513) slli a0, a0, 11
x10 <- 0x0000019999999800
mem[X,0x000000008002CC3C] -> 0x0513
mem[X,0x000000008002CC3E] -> 0x1995
[6797] [M]: 0x000000008002CC3C (0x19950513) addi a0, a0, 409
x10 <- 0x0000019999999999
mem[X,0x000000008002CC40] -> 0x1513
mem[X,0x000000008002CC42] -> 0x00B5
[6798] [M]: 0x000000008002CC40 (0x00B51513) slli a0, a0, 11
x10 <- 0x000CCCCCCCCCC800
mem[X,0x000000008002CC44] -> 0x0513
mem[X,0x000000008002CC46] -> 0x4CC5
[6799] [M]: 0x000000008002CC44 (0x4CC50513) addi a0, a0, 1228
x10 <- 0x000CCCCCCCCCCCCC
clint::tick mtime <- 0x0000000000000044
 clint timer pending at mtime 0x0000000000000044
htif::tick 0x0000000000000000
mem[X,0x000000008002CC48] -> 0x1513
mem[X,0x000000008002CC4A] -> 0x00A5
[6800] [M]: 0x000000008002CC48 (0x00A51513) slli a0, a0, 10
x10 <- 0x3333333333333000
mem[X,0x000000008002CC4C] -> 0x0513
mem[X,0x000000008002CC4E] -> 0x3325
[6801] [M]: 0x000000008002CC4C (0x33250513) addi a0, a0, 818
x10 <- 0x3333333333333332
mem[X,0x000000008002CC50] -> 0x0593
mem[X,0x000000008002CC52] -> 0x0030
[6802] [M]: 0x000000008002CC50 (0x00300593) addi a1, zero, 3
x11 <- 0x0000000000000003
mem[X,0x000000008002CC54] -> 0x0113
mem[X,0x000000008002CC56] -> 0x0000
[6803] [M]: 0x000000008002CC54 (0x00000113) addi sp, zero, 0
x2 <- 0x0000000000000000
mem[X,0x000000008002CC58] -> 0x006F
mem[X,0x000000008002CC5A] -> 0x0050
[6804] [M]: 0x000000008002CC58 (0x0050006F) jal zero, 2052
mem[X,0x000000008002D45C] -> 0x10E3
mem[X,0x000000008002D45E] -> 0x80B5
[6805] [M]: 0x000000008002D45C (0x80B510E3) bne a0, a1, 6144
mem[X,0x000000008002CC5C] -> 0x0113
mem[X,0x000000008002CC5E] -> 0x0011
[6806] [M]: 0x000000008002CC5C (0x00110113) addi sp, sp, 1
x2 <- 0x0000000000000001
mem[X,0x000000008002CC60] -> 0x006F
mem[X,0x000000008002CC62] -> 0x0110
[6807] [M]: 0x000000008002CC60 (0x0110006F) jal zero, 2064
mem[X,0x000000008002D470] -> 0xBC23
mem[X,0x000000008002D472] -> 0x5020
[6808] [M]: 0x000000008002D470 (0x5020BC23) sd sp, 1304(ra)
mem[0x0000000080045EF0] <- 0x0000000000000001
mem[X,0x000000008002D474] -> 0x3537
mem[X,0x000000008002D476] -> 0x3333
[6809] [M]: 0x000000008002D474 (0x33333537) lui a0, 209715
x10 <- 0x0000000033333000
mem[X,0x000000008002D478] -> 0x0513
mem[X,0x000000008002D47A] -> 0x3335
[6810] [M]: 0x000000008002D478 (0x33350513) addi a0, a0, 819
x10 <- 0x0000000033333333
mem[X,0x000000008002D47C] -> 0x1513
mem[X,0x000000008002D47E] -> 0x00B5
[6811] [M]: 0x000000008002D47C (0x00B51513) slli a0, a0, 11
x10 <- 0x0000019999999800
mem[X,0x000000008002D480] -> 0x0513
mem[X,0x000000008002D482] -> 0x1995
[6812] [M]: 0x000000008002D480 (0x19950513) addi a0, a0, 409
x10 <- 0x0000019999999999
mem[X,0x000000008002D484] -> 0x1513
mem[X,0x000000008002D486] -> 0x00B5
[6813] [M]: 0x000000008002D484 (0x00B51513) slli a0, a0, 11
x10 <- 0x000CCCCCCCCCC800
mem[X,0x000000008002D488] -> 0x0513
mem[X,0x000000008002D48A] -> 0x4CC5
[6814] [M]: 0x000000008002D488 (0x4CC50513) addi a0, a0, 1228
x10 <- 0x000CCCCCCCCCCCCC
mem[X,0x000000008002D48C] -> 0x1513
mem[X,0x000000008002D48E] -> 0x00A5
[6815] [M]: 0x000000008002D48C (0x00A51513) slli a0, a0, 10
x10 <- 0x3333333333333000
mem[X,0x000000008002D490] -> 0x0513
mem[X,0x000000008002D492] -> 0x3325
[6816] [M]: 0x000000008002D490 (0x33250513) addi a0, a0, 818
x10 <- 0x3333333333333332
mem[X,0x000000008002D494] -> 0x55B7
mem[X,0x000000008002D496] -> 0x5555
[6817] [M]: 0x000000008002D494 (0x555555B7) lui a1, 349525
x11 <- 0x0000000055555000
mem[X,0x000000008002D498] -> 0x8593
mem[X,0x000000008002D49A] -> 0x5555
[6818] [M]: 0x000000008002D498 (0x55558593) addi a1, a1, 1365
x11 <- 0x0000000055555555
mem[X,0x000000008002D49C] -> 0x9593
mem[X,0x000000008002D49E] -> 0x00B5
[6819] [M]: 0x000000008002D49C (0x00B59593) slli a1, a1, 11
x11 <- 0x000002AAAAAAA800
mem[X,0x000000008002D4A0] -> 0x8593
mem[X,0x000000008002D4A2] -> 0x2AA5
[6820] [M]: 0x000000008002D4A0 (0x2AA58593) addi a1, a1, 682
x11 <- 0x000002AAAAAAAAAA
mem[X,0x000000008002D4A4] -> 0x9593
mem[X,0x000000008002D4A6] -> 0x00B5
[6821] [M]: 0x000000008002D4A4 (0x00B59593) slli a1, a1, 11
x11 <- 0x0015555555555000
mem[X,0x000000008002D4A8] -> 0x8593
mem[X,0x000000008002D4AA] -> 0x5555
[6822] [M]: 0x000000008002D4A8 (0x55558593) addi a1, a1, 1365
x11 <- 0x0015555555555555
mem[X,0x000000008002D4AC] -> 0x9593
mem[X,0x000000008002D4AE] -> 0x00A5
[6823] [M]: 0x000000008002D4AC (0x00A59593) slli a1, a1, 10
x11 <- 0x5555555555555400
mem[X,0x000000008002D4B0] -> 0x8593
mem[X,0x000000008002D4B2] -> 0x1555
[6824] [M]: 0x000000008002D4B0 (0x15558593) addi a1, a1, 341
x11 <- 0x5555555555555555
mem[X,0x000000008002D4B4] -> 0x0113
mem[X,0x000000008002D4B6] -> 0x0000
[6825] [M]: 0x000000008002D4B4 (0x00000113) addi sp, zero, 0
x2 <- 0x0000000000000000
mem[X,0x000000008002D4B8] -> 0x006F
mem[X,0x000000008002D4BA] -> 0x00C0
[6826] [M]: 0x000000008002D4B8 (0x00C0006F) jal zero, 12
mem[X,0x000000008002D4C4] -> 0x1663
mem[X,0x000000008002D4C6] -> 0x00B5
[6827] [M]: 0x000000008002D4C4 (0x00B51663) bne a0, a1, 12
mem[X,0x000000008002D4D0] -> 0x0113
mem[X,0x000000008002D4D2] -> 0x0031
[6828] [M]: 0x000000008002D4D0 (0x00310113) addi sp, sp, 3
x2 <- 0x0000000000000003
mem[X,0x000000008002D4D4] -> 0x006F
mem[X,0x000000008002D4D6] -> 0x0040
[6829] [M]: 0x000000008002D4D4 (0x0040006F) jal zero, 4
mem[X,0x000000008002D4D8] -> 0xB023
mem[X,0x000000008002D4DA] -> 0x5220
[6830] [M]: 0x000000008002D4D8 (0x5220B023) sd sp, 1312(ra)
mem[0x0000000080045EF8] <- 0x0000000000000003
mem[X,0x000000008002D4DC] -> 0x3537
mem[X,0x000000008002D4DE] -> 0x3333
[6831] [M]: 0x000000008002D4DC (0x33333537) lui a0, 209715
x10 <- 0x0000000033333000
mem[X,0x000000008002D4E0] -> 0x0513
mem[X,0x000000008002D4E2] -> 0x3335
[6832] [M]: 0x000000008002D4E0 (0x33350513) addi a0, a0, 819
x10 <- 0x0000000033333333
mem[X,0x000000008002D4E4] -> 0x1513
mem[X,0x000000008002D4E6] -> 0x00B5
[6833] [M]: 0x000000008002D4E4 (0x00B51513) slli a0, a0, 11
x10 <- 0x0000019999999800
mem[X,0x000000008002D4E8] -> 0x0513
mem[X,0x000000008002D4EA] -> 0x1995
[6834] [M]: 0x000000008002D4E8 (0x19950513) addi a0, a0, 409
x10 <- 0x0000019999999999
mem[X,0x000000008002D4EC] -> 0x1513
mem[X,0x000000008002D4EE] -> 0x00B5
[6835] [M]: 0x000000008002D4EC (0x00B51513) slli a0, a0, 11
x10 <- 0x000CCCCCCCCCC800
mem[X,0x000000008002D4F0] -> 0x0513
mem[X,0x000000008002D4F2] -> 0x4CC5
[6836] [M]: 0x000000008002D4F0 (0x4CC50513) addi a0, a0, 1228
x10 <- 0x000CCCCCCCCCCCCC
mem[X,0x000000008002D4F4] -> 0x1513
mem[X,0x000000008002D4F6] -> 0x00A5
[6837] [M]: 0x000000008002D4F4 (0x00A51513) slli a0, a0, 10
x10 <- 0x3333333333333000
mem[X,0x000000008002D4F8] -> 0x0513
mem[X,0x000000008002D4FA] -> 0x3325
[6838] [M]: 0x000000008002D4F8 (0x33250513) addi a0, a0, 818
x10 <- 0x3333333333333332
mem[X,0x000000008002D4FC] -> 0xB5B7
mem[X,0x000000008002D4FE] -> 0xAAAA
[6839] [M]: 0x000000008002D4FC (0xAAAAB5B7) lui a1, 699051
x11 <- 0xFFFFFFFFAAAAB000
mem[X,0x000000008002D500] -> 0x8593
mem[X,0x000000008002D502] -> 0xAAA5
[6840] [M]: 0x000000008002D500 (0xAAA58593) addi a1, a1, 2730
x11 <- 0xFFFFFFFFAAAAAAAA
mem[X,0x000000008002D504] -> 0x9593
mem[X,0x000000008002D506] -> 0x00B5
[6841] [M]: 0x000000008002D504 (0x00B59593) slli a1, a1, 11
x11 <- 0xFFFFFD5555555000
mem[X,0x000000008002D508] -> 0x8593
mem[X,0x000000008002D50A] -> 0x5555
[6842] [M]: 0x000000008002D508 (0x55558593) addi a1, a1, 1365
x11 <- 0xFFFFFD5555555555
mem[X,0x000000008002D50C] -> 0x9593
mem[X,0x000000008002D50E] -> 0x00B5
[6843] [M]: 0x000000008002D50C (0x00B59593) slli a1, a1, 11
x11 <- 0xFFEAAAAAAAAAA800
mem[X,0x000000008002D510] -> 0x8593
mem[X,0x000000008002D512] -> 0x2AA5
[6844] [M]: 0x000000008002D510 (0x2AA58593) addi a1, a1, 682
x11 <- 0xFFEAAAAAAAAAAAAA
mem[X,0x000000008002D514] -> 0x9593
mem[X,0x000000008002D516] -> 0x00A5
[6845] [M]: 0x000000008002D514 (0x00A59593) slli a1, a1, 10
x11 <- 0xAAAAAAAAAAAAA800
mem[X,0x000000008002D518] -> 0x8593
mem[X,0x000000008002D51A] -> 0x2AA5
[6846] [M]: 0x000000008002D518 (0x2AA58593) addi a1, a1, 682
x11 <- 0xAAAAAAAAAAAAAAAA
mem[X,0x000000008002D51C] -> 0x0113
mem[X,0x000000008002D51E] -> 0x0000
[6847] [M]: 0x000000008002D51C (0x00000113) addi sp, zero, 0
x2 <- 0x0000000000000000
mem[X,0x000000008002D520] -> 0x006F
mem[X,0x000000008002D522] -> 0x00C0
[6848] [M]: 0x000000008002D520 (0x00C0006F) jal zero, 12
mem[X,0x000000008002D52C] -> 0x1663
mem[X,0x000000008002D52E] -> 0x00B5
[6849] [M]: 0x000000008002D52C (0x00B51663) bne a0, a1, 12
mem[X,0x000000008002D538] -> 0x0113
mem[X,0x000000008002D53A] -> 0x0031
[6850] [M]: 0x000000008002D538 (0x00310113) addi sp, sp, 3
x2 <- 0x0000000000000003
mem[X,0x000000008002D53C] -> 0x006F
mem[X,0x000000008002D53E] -> 0x0040
[6851] [M]: 0x000000008002D53C (0x0040006F) jal zero, 4
mem[X,0x000000008002D540] -> 0xB423
mem[X,0x000000008002D542] -> 0x5220
[6852] [M]: 0x000000008002D540 (0x5220B423) sd sp, 1320(ra)
mem[0x0000000080045F00] <- 0x0000000000000003
mem[X,0x000000008002D544] -> 0x3537
mem[X,0x000000008002D546] -> 0x3333
[6853] [M]: 0x000000008002D544 (0x33333537) lui a0, 209715
x10 <- 0x0000000033333000
mem[X,0x000000008002D548] -> 0x0513
mem[X,0x000000008002D54A] -> 0x3335
[6854] [M]: 0x000000008002D548 (0x33350513) addi a0, a0, 819
x10 <- 0x0000000033333333
mem[X,0x000000008002D54C] -> 0x1513
mem[X,0x000000008002D54E] -> 0x00B5
[6855] [M]: 0x000000008002D54C (0x00B51513) slli a0, a0, 11
x10 <- 0x0000019999999800
mem[X,0x000000008002D550] -> 0x0513
mem[X,0x000000008002D552] -> 0x1995
[6856] [M]: 0x000000008002D550 (0x19950513) addi a0, a0, 409
x10 <- 0x0000019999999999
mem[X,0x000000008002D554] -> 0x1513
mem[X,0x000000008002D556] -> 0x00B5
[6857] [M]: 0x000000008002D554 (0x00B51513) slli a0, a0, 11
x10 <- 0x000CCCCCCCCCC800
mem[X,0x000000008002D558] -> 0x0513
mem[X,0x000000008002D55A] -> 0x4CC5
[6858] [M]: 0x000000008002D558 (0x4CC50513) addi a0, a0, 1228
x10 <- 0x000CCCCCCCCCCCCC
mem[X,0x000000008002D55C] -> 0x1513
mem[X,0x000000008002D55E] -> 0x00A5
[6859] [M]: 0x000000008002D55C (0x00A51513) slli a0, a0, 10
x10 <- 0x3333333333333000
mem[X,0x000000008002D560] -> 0x0513
mem[X,0x000000008002D562] -> 0x3325
[6860] [M]: 0x000000008002D560 (0x33250513) addi a0, a0, 818
x10 <- 0x3333333333333332
mem[X,0x000000008002D564] -> 0x0593
mem[X,0x000000008002D566] -> 0x0050
[6861] [M]: 0x000000008002D564 (0x00500593) addi a1, zero, 5
x11 <- 0x0000000000000005
mem[X,0x000000008002D568] -> 0x0113
mem[X,0x000000008002D56A] -> 0x0000
[6862] [M]: 0x000000008002D568 (0x00000113) addi sp, zero, 0
x2 <- 0x0000000000000000
mem[X,0x000000008002D56C] -> 0x006F
mem[X,0x000000008002D56E] -> 0x00C0
[6863] [M]: 0x000000008002D56C (0x00C0006F) jal zero, 12
mem[X,0x000000008002D578] -> 0x1663
mem[X,0x000000008002D57A] -> 0x00B5
[6864] [M]: 0x000000008002D578 (0x00B51663) bne a0, a1, 12
mem[X,0x000000008002D584] -> 0x0113
mem[X,0x000000008002D586] -> 0x0031
[6865] [M]: 0x000000008002D584 (0x00310113) addi sp, sp, 3
x2 <- 0x0000000000000003
mem[X,0x000000008002D588] -> 0x006F
mem[X,0x000000008002D58A] -> 0x0040
[6866] [M]: 0x000000008002D588 (0x0040006F) jal zero, 4
mem[X,0x000000008002D58C] -> 0xB823
mem[X,0x000000008002D58E] -> 0x5220
[6867] [M]: 0x000000008002D58C (0x5220B823) sd sp, 1328(ra)
mem[0x0000000080045F08] <- 0x0000000000000003
mem[X,0x000000008002D590] -> 0x3537
mem[X,0x000000008002D592] -> 0x3333
[6868] [M]: 0x000000008002D590 (0x33333537) lui a0, 209715
x10 <- 0x0000000033333000
mem[X,0x000000008002D594] -> 0x0513
mem[X,0x000000008002D596] -> 0x3335
[6869] [M]: 0x000000008002D594 (0x33350513) addi a0, a0, 819
x10 <- 0x0000000033333333
mem[X,0x000000008002D598] -> 0x1513
mem[X,0x000000008002D59A] -> 0x00B5
[6870] [M]: 0x000000008002D598 (0x00B51513) slli a0, a0, 11
x10 <- 0x0000019999999800
mem[X,0x000000008002D59C] -> 0x0513
mem[X,0x000000008002D59E] -> 0x1995
[6871] [M]: 0x000000008002D59C (0x19950513) addi a0, a0, 409
x10 <- 0x0000019999999999
mem[X,0x000000008002D5A0] -> 0x1513
mem[X,0x000000008002D5A2] -> 0x00B5
[6872] [M]: 0x000000008002D5A0 (0x00B51513) slli a0, a0, 11
x10 <- 0x000CCCCCCCCCC800
mem[X,0x000000008002D5A4] -> 0x0513
mem[X,0x000000008002D5A6] -> 0x4CC5
[6873] [M]: 0x000000008002D5A4 (0x4CC50513) addi a0, a0, 1228
x10 <- 0x000CCCCCCCCCCCCC
mem[X,0x000000008002D5A8] -> 0x1513
mem[X,0x000000008002D5AA] -> 0x00A5
[6874] [M]: 0x000000008002D5A8 (0x00A51513) slli a0, a0, 10
x10 <- 0x3333333333333000
mem[X,0x000000008002D5AC] -> 0x0513
mem[X,0x000000008002D5AE] -> 0x3325
[6875] [M]: 0x000000008002D5AC (0x33250513) addi a0, a0, 818
x10 <- 0x3333333333333332
mem[X,0x000000008002D5B0] -> 0x35B7
mem[X,0x000000008002D5B2] -> 0x3333
[6876] [M]: 0x000000008002D5B0 (0x333335B7) lui a1, 209715
x11 <- 0x0000000033333000
mem[X,0x000000008002D5B4] -> 0x8593
mem[X,0x000000008002D5B6] -> 0x3335
[6877] [M]: 0x000000008002D5B4 (0x33358593) addi a1, a1, 819
x11 <- 0x0000000033333333
mem[X,0x000000008002D5B8] -> 0x9593
mem[X,0x000000008002D5BA] -> 0x00B5
[6878] [M]: 0x000000008002D5B8 (0x00B59593) slli a1, a1, 11
x11 <- 0x0000019999999800
mem[X,0x000000008002D5BC] -> 0x8593
mem[X,0x000000008002D5BE] -> 0x1995
[6879] [M]: 0x000000008002D5BC (0x19958593) addi a1, a1, 409
x11 <- 0x0000019999999999
mem[X,0x000000008002D5C0] -> 0x9593
mem[X,0x000000008002D5C2] -> 0x00B5
[6880] [M]: 0x000000008002D5C0 (0x00B59593) slli a1, a1, 11
x11 <- 0x000CCCCCCCCCC800
mem[X,0x000000008002D5C4] -> 0x8593
mem[X,0x000000008002D5C6] -> 0x4CC5
[6881] [M]: 0x000000008002D5C4 (0x4CC58593) addi a1, a1, 1228
x11 <- 0x000CCCCCCCCCCCCC
mem[X,0x000000008002D5C8] -> 0x9593
mem[X,0x000000008002D5CA] -> 0x00A5
[6882] [M]: 0x000000008002D5C8 (0x00A59593) slli a1, a1, 10
x11 <- 0x3333333333333000
mem[X,0x000000008002D5CC] -> 0x8593
mem[X,0x000000008002D5CE] -> 0x3335
[6883] [M]: 0x000000008002D5CC (0x33358593) addi a1, a1, 819
x11 <- 0x3333333333333333
mem[X,0x000000008002D5D0] -> 0x0113
mem[X,0x000000008002D5D2] -> 0x0000
[6884] [M]: 0x000000008002D5D0 (0x00000113) addi sp, zero, 0
x2 <- 0x0000000000000000
mem[X,0x000000008002D5D4] -> 0x006F
mem[X,0x000000008002D5D6] -> 0x00C0
[6885] [M]: 0x000000008002D5D4 (0x00C0006F) jal zero, 12
mem[X,0x000000008002D5E0] -> 0x1663
mem[X,0x000000008002D5E2] -> 0x00B5
[6886] [M]: 0x000000008002D5E0 (0x00B51663) bne a0, a1, 12
mem[X,0x000000008002D5EC] -> 0x0113
mem[X,0x000000008002D5EE] -> 0x0031
[6887] [M]: 0x000000008002D5EC (0x00310113) addi sp, sp, 3
x2 <- 0x0000000000000003
mem[X,0x000000008002D5F0] -> 0x006F
mem[X,0x000000008002D5F2] -> 0x0040
[6888] [M]: 0x000000008002D5F0 (0x0040006F) jal zero, 4
mem[X,0x000000008002D5F4] -> 0xBC23
mem[X,0x000000008002D5F6] -> 0x5220
[6889] [M]: 0x000000008002D5F4 (0x5220BC23) sd sp, 1336(ra)
mem[0x0000000080045F10] <- 0x0000000000000003
mem[X,0x000000008002D5F8] -> 0x3537
mem[X,0x000000008002D5FA] -> 0x3333
[6890] [M]: 0x000000008002D5F8 (0x33333537) lui a0, 209715
x10 <- 0x0000000033333000
mem[X,0x000000008002D5FC] -> 0x0513
mem[X,0x000000008002D5FE] -> 0x3335
[6891] [M]: 0x000000008002D5FC (0x33350513) addi a0, a0, 819
x10 <- 0x0000000033333333
mem[X,0x000000008002D600] -> 0x1513
mem[X,0x000000008002D602] -> 0x00B5
[6892] [M]: 0x000000008002D600 (0x00B51513) slli a0, a0, 11
x10 <- 0x0000019999999800
mem[X,0x000000008002D604] -> 0x0513
mem[X,0x000000008002D606] -> 0x1995
[6893] [M]: 0x000000008002D604 (0x19950513) addi a0, a0, 409
x10 <- 0x0000019999999999
mem[X,0x000000008002D608] -> 0x1513
mem[X,0x000000008002D60A] -> 0x00B5
[6894] [M]: 0x000000008002D608 (0x00B51513) slli a0, a0, 11
x10 <- 0x000CCCCCCCCCC800
mem[X,0x000000008002D60C] -> 0x0513
mem[X,0x000000008002D60E] -> 0x4CC5
[6895] [M]: 0x000000008002D60C (0x4CC50513) addi a0, a0, 1228
x10 <- 0x000CCCCCCCCCCCCC
mem[X,0x000000008002D610] -> 0x1513
mem[X,0x000000008002D612] -> 0x00A5
[6896] [M]: 0x000000008002D610 (0x00A51513) slli a0, a0, 10
x10 <- 0x3333333333333000
mem[X,0x000000008002D614] -> 0x0513
mem[X,0x000000008002D616] -> 0x3325
[6897] [M]: 0x000000008002D614 (0x33250513) addi a0, a0, 818
x10 <- 0x3333333333333332
mem[X,0x000000008002D618] -> 0x65B7
mem[X,0x000000008002D61A] -> 0x6666
[6898] [M]: 0x000000008002D618 (0x666665B7) lui a1, 419430
x11 <- 0x0000000066666000
mem[X,0x000000008002D61C] -> 0x8593
mem[X,0x000000008002D61E] -> 0x6665
[6899] [M]: 0x000000008002D61C (0x66658593) addi a1, a1, 1638
x11 <- 0x0000000066666666
clint::tick mtime <- 0x0000000000000045
 clint timer pending at mtime 0x0000000000000045
htif::tick 0x0000000000000000
mem[X,0x000000008002D620] -> 0x9593
mem[X,0x000000008002D622] -> 0x00B5
[6900] [M]: 0x000000008002D620 (0x00B59593) slli a1, a1, 11
x11 <- 0x0000033333333000
mem[X,0x000000008002D624] -> 0x8593
mem[X,0x000000008002D626] -> 0x3335
[6901] [M]: 0x000000008002D624 (0x33358593) addi a1, a1, 819
x11 <- 0x0000033333333333
mem[X,0x000000008002D628] -> 0x9593
mem[X,0x000000008002D62A] -> 0x00B5
[6902] [M]: 0x000000008002D628 (0x00B59593) slli a1, a1, 11
x11 <- 0x0019999999999800
mem[X,0x000000008002D62C] -> 0x8593
mem[X,0x000000008002D62E] -> 0x1995
[6903] [M]: 0x000000008002D62C (0x19958593) addi a1, a1, 409
x11 <- 0x0019999999999999
mem[X,0x000000008002D630] -> 0x9593
mem[X,0x000000008002D632] -> 0x00A5
[6904] [M]: 0x000000008002D630 (0x00A59593) slli a1, a1, 10
x11 <- 0x6666666666666400
mem[X,0x000000008002D634] -> 0x8593
mem[X,0x000000008002D636] -> 0x2665
[6905] [M]: 0x000000008002D634 (0x26658593) addi a1, a1, 614
x11 <- 0x6666666666666666
mem[X,0x000000008002D638] -> 0x0113
mem[X,0x000000008002D63A] -> 0x0000
[6906] [M]: 0x000000008002D638 (0x00000113) addi sp, zero, 0
x2 <- 0x0000000000000000
mem[X,0x000000008002D63C] -> 0x006F
mem[X,0x000000008002D63E] -> 0x0100
[6907] [M]: 0x000000008002D63C (0x0100006F) jal zero, 16
mem[X,0x000000008002D64C] -> 0x1AE3
mem[X,0x000000008002D64E] -> 0xFEB5
[6908] [M]: 0x000000008002D64C (0xFEB51AE3) bne a0, a1, 8180
mem[X,0x000000008002D640] -> 0x0113
mem[X,0x000000008002D642] -> 0x0011
[6909] [M]: 0x000000008002D640 (0x00110113) addi sp, sp, 1
x2 <- 0x0000000000000001
mem[X,0x000000008002D644] -> 0x006F
mem[X,0x000000008002D646] -> 0x01C0
[6910] [M]: 0x000000008002D644 (0x01C0006F) jal zero, 28
mem[X,0x000000008002D660] -> 0xB023
mem[X,0x000000008002D662] -> 0x5420
[6911] [M]: 0x000000008002D660 (0x5420B023) sd sp, 1344(ra)
mem[0x0000000080045F18] <- 0x0000000000000001
mem[X,0x000000008002D664] -> 0x3537
mem[X,0x000000008002D666] -> 0x3333
[6912] [M]: 0x000000008002D664 (0x33333537) lui a0, 209715
x10 <- 0x0000000033333000
mem[X,0x000000008002D668] -> 0x0513
mem[X,0x000000008002D66A] -> 0x3335
[6913] [M]: 0x000000008002D668 (0x33350513) addi a0, a0, 819
x10 <- 0x0000000033333333
mem[X,0x000000008002D66C] -> 0x1513
mem[X,0x000000008002D66E] -> 0x00B5
[6914] [M]: 0x000000008002D66C (0x00B51513) slli a0, a0, 11
x10 <- 0x0000019999999800
mem[X,0x000000008002D670] -> 0x0513
mem[X,0x000000008002D672] -> 0x1995
[6915] [M]: 0x000000008002D670 (0x19950513) addi a0, a0, 409
x10 <- 0x0000019999999999
mem[X,0x000000008002D674] -> 0x1513
mem[X,0x000000008002D676] -> 0x00B5
[6916] [M]: 0x000000008002D674 (0x00B51513) slli a0, a0, 11
x10 <- 0x000CCCCCCCCCC800
mem[X,0x000000008002D678] -> 0x0513
mem[X,0x000000008002D67A] -> 0x4CC5
[6917] [M]: 0x000000008002D678 (0x4CC50513) addi a0, a0, 1228
x10 <- 0x000CCCCCCCCCCCCC
mem[X,0x000000008002D67C] -> 0x1513
mem[X,0x000000008002D67E] -> 0x00A5
[6918] [M]: 0x000000008002D67C (0x00A51513) slli a0, a0, 10
x10 <- 0x3333333333333000
mem[X,0x000000008002D680] -> 0x0513
mem[X,0x000000008002D682] -> 0x3325
[6919] [M]: 0x000000008002D680 (0x33250513) addi a0, a0, 818
x10 <- 0x3333333333333332
mem[X,0x000000008002D684] -> 0x05B7
mem[X,0x000000008002D686] -> 0x0000
[6920] [M]: 0x000000008002D684 (0x000005B7) lui a1, 0
x11 <- 0x0000000000000000
mem[X,0x000000008002D688] -> 0x8593
mem[X,0x000000008002D68A] -> 0xFFF5
[6921] [M]: 0x000000008002D688 (0xFFF58593) addi a1, a1, 4095
x11 <- 0xFFFFFFFFFFFFFFFF
mem[X,0x000000008002D68C] -> 0x9593
mem[X,0x000000008002D68E] -> 0x00B5
[6922] [M]: 0x000000008002D68C (0x00B59593) slli a1, a1, 11
x11 <- 0xFFFFFFFFFFFFF800
mem[X,0x000000008002D690] -> 0x8593
mem[X,0x000000008002D692] -> 0x2575
[6923] [M]: 0x000000008002D690 (0x25758593) addi a1, a1, 599
x11 <- 0xFFFFFFFFFFFFFA57
mem[X,0x000000008002D694] -> 0x9593
mem[X,0x000000008002D696] -> 0x00B5
[6924] [M]: 0x000000008002D694 (0x00B59593) slli a1, a1, 11
x11 <- 0xFFFFFFFFFFD2B800
mem[X,0x000000008002D698] -> 0x8593
mem[X,0x000000008002D69A] -> 0x6C35
[6925] [M]: 0x000000008002D698 (0x6C358593) addi a1, a1, 1731
x11 <- 0xFFFFFFFFFFD2BEC3
mem[X,0x000000008002D69C] -> 0x9593
mem[X,0x000000008002D69E] -> 0x00A5
[6926] [M]: 0x000000008002D69C (0x00A59593) slli a1, a1, 10
x11 <- 0xFFFFFFFF4AFB0C00
mem[X,0x000000008002D6A0] -> 0x8593
mem[X,0x000000008002D6A2] -> 0x0CD5
[6927] [M]: 0x000000008002D6A0 (0x0CD58593) addi a1, a1, 205
x11 <- 0xFFFFFFFF4AFB0CCD
mem[X,0x000000008002D6A4] -> 0x0113
mem[X,0x000000008002D6A6] -> 0x0000
[6928] [M]: 0x000000008002D6A4 (0x00000113) addi sp, zero, 0
x2 <- 0x0000000000000000
mem[X,0x000000008002D6A8] -> 0x006F
mem[X,0x000000008002D6AA] -> 0x00C0
[6929] [M]: 0x000000008002D6A8 (0x00C0006F) jal zero, 12
mem[X,0x000000008002D6B4] -> 0x1663
mem[X,0x000000008002D6B6] -> 0x00B5
[6930] [M]: 0x000000008002D6B4 (0x00B51663) bne a0, a1, 12
mem[X,0x000000008002D6C0] -> 0x0113
mem[X,0x000000008002D6C2] -> 0x0031
[6931] [M]: 0x000000008002D6C0 (0x00310113) addi sp, sp, 3
x2 <- 0x0000000000000003
mem[X,0x000000008002D6C4] -> 0x006F
mem[X,0x000000008002D6C6] -> 0x0040
[6932] [M]: 0x000000008002D6C4 (0x0040006F) jal zero, 4
mem[X,0x000000008002D6C8] -> 0xB423
mem[X,0x000000008002D6CA] -> 0x5420
[6933] [M]: 0x000000008002D6C8 (0x5420B423) sd sp, 1352(ra)
mem[0x0000000080045F20] <- 0x0000000000000003
mem[X,0x000000008002D6CC] -> 0x3537
mem[X,0x000000008002D6CE] -> 0x3333
[6934] [M]: 0x000000008002D6CC (0x33333537) lui a0, 209715
x10 <- 0x0000000033333000
mem[X,0x000000008002D6D0] -> 0x0513
mem[X,0x000000008002D6D2] -> 0x3335
[6935] [M]: 0x000000008002D6D0 (0x33350513) addi a0, a0, 819
x10 <- 0x0000000033333333
mem[X,0x000000008002D6D4] -> 0x1513
mem[X,0x000000008002D6D6] -> 0x00B5
[6936] [M]: 0x000000008002D6D4 (0x00B51513) slli a0, a0, 11
x10 <- 0x0000019999999800
mem[X,0x000000008002D6D8] -> 0x0513
mem[X,0x000000008002D6DA] -> 0x1995
[6937] [M]: 0x000000008002D6D8 (0x19950513) addi a0, a0, 409
x10 <- 0x0000019999999999
mem[X,0x000000008002D6DC] -> 0x1513
mem[X,0x000000008002D6DE] -> 0x00B5
[6938] [M]: 0x000000008002D6DC (0x00B51513) slli a0, a0, 11
x10 <- 0x000CCCCCCCCCC800
mem[X,0x000000008002D6E0] -> 0x0513
mem[X,0x000000008002D6E2] -> 0x4CC5
[6939] [M]: 0x000000008002D6E0 (0x4CC50513) addi a0, a0, 1228
x10 <- 0x000CCCCCCCCCCCCC
mem[X,0x000000008002D6E4] -> 0x1513
mem[X,0x000000008002D6E6] -> 0x00A5
[6940] [M]: 0x000000008002D6E4 (0x00A51513) slli a0, a0, 10
x10 <- 0x3333333333333000
mem[X,0x000000008002D6E8] -> 0x0513
mem[X,0x000000008002D6EA] -> 0x3325
[6941] [M]: 0x000000008002D6E8 (0x33250513) addi a0, a0, 818
x10 <- 0x3333333333333332
mem[X,0x000000008002D6EC] -> 0x05B7
mem[X,0x000000008002D6EE] -> 0x0000
[6942] [M]: 0x000000008002D6EC (0x000005B7) lui a1, 0
x11 <- 0x0000000000000000
mem[X,0x000000008002D6F0] -> 0x8593
mem[X,0x000000008002D6F2] -> 0x0005
[6943] [M]: 0x000000008002D6F0 (0x00058593) addi a1, a1, 0
x11 <- 0x0000000000000000
mem[X,0x000000008002D6F4] -> 0x9593
mem[X,0x000000008002D6F6] -> 0x00B5
[6944] [M]: 0x000000008002D6F4 (0x00B59593) slli a1, a1, 11
x11 <- 0x0000000000000000
mem[X,0x000000008002D6F8] -> 0x8593
mem[X,0x000000008002D6FA] -> 0x5A85
[6945] [M]: 0x000000008002D6F8 (0x5A858593) addi a1, a1, 1448
x11 <- 0x00000000000005A8
mem[X,0x000000008002D6FC] -> 0x9593
mem[X,0x000000008002D6FE] -> 0x00B5
[6946] [M]: 0x000000008002D6FC (0x00B59593) slli a1, a1, 11
x11 <- 0x00000000002D4000
mem[X,0x000000008002D700] -> 0x8593
mem[X,0x000000008002D702] -> 0x13C5
[6947] [M]: 0x000000008002D700 (0x13C58593) addi a1, a1, 316
x11 <- 0x00000000002D413C
mem[X,0x000000008002D704] -> 0x9593
mem[X,0x000000008002D706] -> 0x00A5
[6948] [M]: 0x000000008002D704 (0x00A59593) slli a1, a1, 10
x11 <- 0x00000000B504F000
mem[X,0x000000008002D708] -> 0x8593
mem[X,0x000000008002D70A] -> 0x3335
[6949] [M]: 0x000000008002D708 (0x33358593) addi a1, a1, 819
x11 <- 0x00000000B504F333
mem[X,0x000000008002D70C] -> 0x0113
mem[X,0x000000008002D70E] -> 0x0000
[6950] [M]: 0x000000008002D70C (0x00000113) addi sp, zero, 0
x2 <- 0x0000000000000000
mem[X,0x000000008002D710] -> 0x006F
mem[X,0x000000008002D712] -> 0x0180
[6951] [M]: 0x000000008002D710 (0x0180006F) jal zero, 24
mem[X,0x000000008002D728] -> 0x16E3
mem[X,0x000000008002D72A] -> 0xFEB5
[6952] [M]: 0x000000008002D728 (0xFEB516E3) bne a0, a1, 8172
mem[X,0x000000008002D714] -> 0x0113
mem[X,0x000000008002D716] -> 0x0011
[6953] [M]: 0x000000008002D714 (0x00110113) addi sp, sp, 1
x2 <- 0x0000000000000001
mem[X,0x000000008002D718] -> 0x006F
mem[X,0x000000008002D71A] -> 0x0240
[6954] [M]: 0x000000008002D718 (0x0240006F) jal zero, 36
mem[X,0x000000008002D73C] -> 0xB823
mem[X,0x000000008002D73E] -> 0x5420
[6955] [M]: 0x000000008002D73C (0x5420B823) sd sp, 1360(ra)
mem[0x0000000080045F28] <- 0x0000000000000001
mem[X,0x000000008002D740] -> 0x3537
mem[X,0x000000008002D742] -> 0x3333
[6956] [M]: 0x000000008002D740 (0x33333537) lui a0, 209715
x10 <- 0x0000000033333000
mem[X,0x000000008002D744] -> 0x0513
mem[X,0x000000008002D746] -> 0x3335
[6957] [M]: 0x000000008002D744 (0x33350513) addi a0, a0, 819
x10 <- 0x0000000033333333
mem[X,0x000000008002D748] -> 0x1513
mem[X,0x000000008002D74A] -> 0x00B5
[6958] [M]: 0x000000008002D748 (0x00B51513) slli a0, a0, 11
x10 <- 0x0000019999999800
mem[X,0x000000008002D74C] -> 0x0513
mem[X,0x000000008002D74E] -> 0x1995
[6959] [M]: 0x000000008002D74C (0x19950513) addi a0, a0, 409
x10 <- 0x0000019999999999
mem[X,0x000000008002D750] -> 0x1513
mem[X,0x000000008002D752] -> 0x00B5
[6960] [M]: 0x000000008002D750 (0x00B51513) slli a0, a0, 11
x10 <- 0x000CCCCCCCCCC800
mem[X,0x000000008002D754] -> 0x0513
mem[X,0x000000008002D756] -> 0x4CC5
[6961] [M]: 0x000000008002D754 (0x4CC50513) addi a0, a0, 1228
x10 <- 0x000CCCCCCCCCCCCC
mem[X,0x000000008002D758] -> 0x1513
mem[X,0x000000008002D75A] -> 0x00A5
[6962] [M]: 0x000000008002D758 (0x00A51513) slli a0, a0, 10
x10 <- 0x3333333333333000
mem[X,0x000000008002D75C] -> 0x0513
mem[X,0x000000008002D75E] -> 0x3325
[6963] [M]: 0x000000008002D75C (0x33250513) addi a0, a0, 818
x10 <- 0x3333333333333332
mem[X,0x000000008002D760] -> 0x0593
mem[X,0x000000008002D762] -> 0x0020
[6964] [M]: 0x000000008002D760 (0x00200593) addi a1, zero, 2
x11 <- 0x0000000000000002
mem[X,0x000000008002D764] -> 0x0113
mem[X,0x000000008002D766] -> 0x0000
[6965] [M]: 0x000000008002D764 (0x00000113) addi sp, zero, 0
x2 <- 0x0000000000000000
mem[X,0x000000008002D768] -> 0x006F
mem[X,0x000000008002D76A] -> 0x00C0
[6966] [M]: 0x000000008002D768 (0x00C0006F) jal zero, 12
mem[X,0x000000008002D774] -> 0x1063
mem[X,0x000000008002D776] -> 0x10B5
[6967] [M]: 0x000000008002D774 (0x10B51063) bne a0, a1, 256
mem[X,0x000000008002D874] -> 0x0113
mem[X,0x000000008002D876] -> 0x0031
[6968] [M]: 0x000000008002D874 (0x00310113) addi sp, sp, 3
x2 <- 0x0000000000000003
mem[X,0x000000008002D878] -> 0x006F
mem[X,0x000000008002D87A] -> 0x0040
[6969] [M]: 0x000000008002D878 (0x0040006F) jal zero, 4
mem[X,0x000000008002D87C] -> 0xBC23
mem[X,0x000000008002D87E] -> 0x5420
[6970] [M]: 0x000000008002D87C (0x5420BC23) sd sp, 1368(ra)
mem[0x0000000080045F30] <- 0x0000000000000003
mem[X,0x000000008002D880] -> 0x3537
mem[X,0x000000008002D882] -> 0x3333
[6971] [M]: 0x000000008002D880 (0x33333537) lui a0, 209715
x10 <- 0x0000000033333000
mem[X,0x000000008002D884] -> 0x0513
mem[X,0x000000008002D886] -> 0x3335
[6972] [M]: 0x000000008002D884 (0x33350513) addi a0, a0, 819
x10 <- 0x0000000033333333
mem[X,0x000000008002D888] -> 0x1513
mem[X,0x000000008002D88A] -> 0x00B5
[6973] [M]: 0x000000008002D888 (0x00B51513) slli a0, a0, 11
x10 <- 0x0000019999999800
mem[X,0x000000008002D88C] -> 0x0513
mem[X,0x000000008002D88E] -> 0x1995
[6974] [M]: 0x000000008002D88C (0x19950513) addi a0, a0, 409
x10 <- 0x0000019999999999
mem[X,0x000000008002D890] -> 0x1513
mem[X,0x000000008002D892] -> 0x00B5
[6975] [M]: 0x000000008002D890 (0x00B51513) slli a0, a0, 11
x10 <- 0x000CCCCCCCCCC800
mem[X,0x000000008002D894] -> 0x0513
mem[X,0x000000008002D896] -> 0x4CC5
[6976] [M]: 0x000000008002D894 (0x4CC50513) addi a0, a0, 1228
x10 <- 0x000CCCCCCCCCCCCC
mem[X,0x000000008002D898] -> 0x1513
mem[X,0x000000008002D89A] -> 0x00A5
[6977] [M]: 0x000000008002D898 (0x00A51513) slli a0, a0, 10
x10 <- 0x3333333333333000
mem[X,0x000000008002D89C] -> 0x0513
mem[X,0x000000008002D89E] -> 0x3325
[6978] [M]: 0x000000008002D89C (0x33250513) addi a0, a0, 818
x10 <- 0x3333333333333332
mem[X,0x000000008002D8A0] -> 0x55B7
mem[X,0x000000008002D8A2] -> 0x5555
[6979] [M]: 0x000000008002D8A0 (0x555555B7) lui a1, 349525
x11 <- 0x0000000055555000
mem[X,0x000000008002D8A4] -> 0x8593
mem[X,0x000000008002D8A6] -> 0x5555
[6980] [M]: 0x000000008002D8A4 (0x55558593) addi a1, a1, 1365
x11 <- 0x0000000055555555
mem[X,0x000000008002D8A8] -> 0x9593
mem[X,0x000000008002D8AA] -> 0x00B5
[6981] [M]: 0x000000008002D8A8 (0x00B59593) slli a1, a1, 11
x11 <- 0x000002AAAAAAA800
mem[X,0x000000008002D8AC] -> 0x8593
mem[X,0x000000008002D8AE] -> 0x2AA5
[6982] [M]: 0x000000008002D8AC (0x2AA58593) addi a1, a1, 682
x11 <- 0x000002AAAAAAAAAA
mem[X,0x000000008002D8B0] -> 0x9593
mem[X,0x000000008002D8B2] -> 0x00B5
[6983] [M]: 0x000000008002D8B0 (0x00B59593) slli a1, a1, 11
x11 <- 0x0015555555555000
mem[X,0x000000008002D8B4] -> 0x8593
mem[X,0x000000008002D8B6] -> 0x5555
[6984] [M]: 0x000000008002D8B4 (0x55558593) addi a1, a1, 1365
x11 <- 0x0015555555555555
mem[X,0x000000008002D8B8] -> 0x9593
mem[X,0x000000008002D8BA] -> 0x00A5
[6985] [M]: 0x000000008002D8B8 (0x00A59593) slli a1, a1, 10
x11 <- 0x5555555555555400
mem[X,0x000000008002D8BC] -> 0x8593
mem[X,0x000000008002D8BE] -> 0x1545
[6986] [M]: 0x000000008002D8BC (0x15458593) addi a1, a1, 340
x11 <- 0x5555555555555554
mem[X,0x000000008002D8C0] -> 0x0113
mem[X,0x000000008002D8C2] -> 0x0000
[6987] [M]: 0x000000008002D8C0 (0x00000113) addi sp, zero, 0
x2 <- 0x0000000000000000
mem[X,0x000000008002D8C4] -> 0x006F
mem[X,0x000000008002D8C6] -> 0x0180
[6988] [M]: 0x000000008002D8C4 (0x0180006F) jal zero, 24
mem[X,0x000000008002D8DC] -> 0x16E3
mem[X,0x000000008002D8DE] -> 0xFEB5
[6989] [M]: 0x000000008002D8DC (0xFEB516E3) bne a0, a1, 8172
mem[X,0x000000008002D8C8] -> 0x0113
mem[X,0x000000008002D8CA] -> 0x0011
[6990] [M]: 0x000000008002D8C8 (0x00110113) addi sp, sp, 1
x2 <- 0x0000000000000001
mem[X,0x000000008002D8CC] -> 0x006F
mem[X,0x000000008002D8CE] -> 0x0240
[6991] [M]: 0x000000008002D8CC (0x0240006F) jal zero, 36
mem[X,0x000000008002D8F0] -> 0xB023
mem[X,0x000000008002D8F2] -> 0x5620
[6992] [M]: 0x000000008002D8F0 (0x5620B023) sd sp, 1376(ra)
mem[0x0000000080045F38] <- 0x0000000000000001
mem[X,0x000000008002D8F4] -> 0x3537
mem[X,0x000000008002D8F6] -> 0x3333
[6993] [M]: 0x000000008002D8F4 (0x33333537) lui a0, 209715
x10 <- 0x0000000033333000
mem[X,0x000000008002D8F8] -> 0x0513
mem[X,0x000000008002D8FA] -> 0x3335
[6994] [M]: 0x000000008002D8F8 (0x33350513) addi a0, a0, 819
x10 <- 0x0000000033333333
mem[X,0x000000008002D8FC] -> 0x1513
mem[X,0x000000008002D8FE] -> 0x00B5
[6995] [M]: 0x000000008002D8FC (0x00B51513) slli a0, a0, 11
x10 <- 0x0000019999999800
mem[X,0x000000008002D900] -> 0x0513
mem[X,0x000000008002D902] -> 0x1995
[6996] [M]: 0x000000008002D900 (0x19950513) addi a0, a0, 409
x10 <- 0x0000019999999999
mem[X,0x000000008002D904] -> 0x1513
mem[X,0x000000008002D906] -> 0x00B5
[6997] [M]: 0x000000008002D904 (0x00B51513) slli a0, a0, 11
x10 <- 0x000CCCCCCCCCC800
mem[X,0x000000008002D908] -> 0x0513
mem[X,0x000000008002D90A] -> 0x4CC5
[6998] [M]: 0x000000008002D908 (0x4CC50513) addi a0, a0, 1228
x10 <- 0x000CCCCCCCCCCCCC
mem[X,0x000000008002D90C] -> 0x1513
mem[X,0x000000008002D90E] -> 0x00A5
[6999] [M]: 0x000000008002D90C (0x00A51513) slli a0, a0, 10
x10 <- 0x3333333333333000
clint::tick mtime <- 0x0000000000000046
 clint timer pending at mtime 0x0000000000000046
htif::tick 0x0000000000000000
mem[X,0x000000008002D910] -> 0x0513
mem[X,0x000000008002D912] -> 0x3325
[7000] [M]: 0x000000008002D910 (0x33250513) addi a0, a0, 818
x10 <- 0x3333333333333332
mem[X,0x000000008002D914] -> 0x0593
mem[X,0x000000008002D916] -> 0x0000
[7001] [M]: 0x000000008002D914 (0x00000593) addi a1, zero, 0
x11 <- 0x0000000000000000
mem[X,0x000000008002D918] -> 0x0113
mem[X,0x000000008002D91A] -> 0x0000
[7002] [M]: 0x000000008002D918 (0x00000113) addi sp, zero, 0
x2 <- 0x0000000000000000
mem[X,0x000000008002D91C] -> 0x006F
mem[X,0x000000008002D91E] -> 0x00C0
[7003] [M]: 0x000000008002D91C (0x00C0006F) jal zero, 12
mem[X,0x000000008002D928] -> 0x1663
mem[X,0x000000008002D92A] -> 0x00B5
[7004] [M]: 0x000000008002D928 (0x00B51663) bne a0, a1, 12
mem[X,0x000000008002D934] -> 0x0113
mem[X,0x000000008002D936] -> 0x0031
[7005] [M]: 0x000000008002D934 (0x00310113) addi sp, sp, 3
x2 <- 0x0000000000000003
mem[X,0x000000008002D938] -> 0x006F
mem[X,0x000000008002D93A] -> 0x0040
[7006] [M]: 0x000000008002D938 (0x0040006F) jal zero, 4
mem[X,0x000000008002D93C] -> 0xB423
mem[X,0x000000008002D93E] -> 0x5620
[7007] [M]: 0x000000008002D93C (0x5620B423) sd sp, 1384(ra)
mem[0x0000000080045F40] <- 0x0000000000000003
mem[X,0x000000008002D940] -> 0x3537
mem[X,0x000000008002D942] -> 0x3333
[7008] [M]: 0x000000008002D940 (0x33333537) lui a0, 209715
x10 <- 0x0000000033333000
mem[X,0x000000008002D944] -> 0x0513
mem[X,0x000000008002D946] -> 0x3335
[7009] [M]: 0x000000008002D944 (0x33350513) addi a0, a0, 819
x10 <- 0x0000000033333333
mem[X,0x000000008002D948] -> 0x1513
mem[X,0x000000008002D94A] -> 0x00B5
[7010] [M]: 0x000000008002D948 (0x00B51513) slli a0, a0, 11
x10 <- 0x0000019999999800
mem[X,0x000000008002D94C] -> 0x0513
mem[X,0x000000008002D94E] -> 0x1995
[7011] [M]: 0x000000008002D94C (0x19950513) addi a0, a0, 409
x10 <- 0x0000019999999999
mem[X,0x000000008002D950] -> 0x1513
mem[X,0x000000008002D952] -> 0x00B5
[7012] [M]: 0x000000008002D950 (0x00B51513) slli a0, a0, 11
x10 <- 0x000CCCCCCCCCC800
mem[X,0x000000008002D954] -> 0x0513
mem[X,0x000000008002D956] -> 0x4CC5
[7013] [M]: 0x000000008002D954 (0x4CC50513) addi a0, a0, 1228
x10 <- 0x000CCCCCCCCCCCCC
mem[X,0x000000008002D958] -> 0x1513
mem[X,0x000000008002D95A] -> 0x00A5
[7014] [M]: 0x000000008002D958 (0x00A51513) slli a0, a0, 10
x10 <- 0x3333333333333000
mem[X,0x000000008002D95C] -> 0x0513
mem[X,0x000000008002D95E] -> 0x3325
[7015] [M]: 0x000000008002D95C (0x33250513) addi a0, a0, 818
x10 <- 0x3333333333333332
mem[X,0x000000008002D960] -> 0x0593
mem[X,0x000000008002D962] -> 0x0040
[7016] [M]: 0x000000008002D960 (0x00400593) addi a1, zero, 4
x11 <- 0x0000000000000004
mem[X,0x000000008002D964] -> 0x0113
mem[X,0x000000008002D966] -> 0x0000
[7017] [M]: 0x000000008002D964 (0x00000113) addi sp, zero, 0
x2 <- 0x0000000000000000
mem[X,0x000000008002D968] -> 0x006F
mem[X,0x000000008002D96A] -> 0x00C0
[7018] [M]: 0x000000008002D968 (0x00C0006F) jal zero, 12
mem[X,0x000000008002D974] -> 0x1863
mem[X,0x000000008002D976] -> 0x00B5
[7019] [M]: 0x000000008002D974 (0x00B51863) bne a0, a1, 16
mem[X,0x000000008002D984] -> 0x0113
mem[X,0x000000008002D986] -> 0x0031
[7020] [M]: 0x000000008002D984 (0x00310113) addi sp, sp, 3
x2 <- 0x0000000000000003
mem[X,0x000000008002D988] -> 0x006F
mem[X,0x000000008002D98A] -> 0x0040
[7021] [M]: 0x000000008002D988 (0x0040006F) jal zero, 4
mem[X,0x000000008002D98C] -> 0xB823
mem[X,0x000000008002D98E] -> 0x5620
[7022] [M]: 0x000000008002D98C (0x5620B823) sd sp, 1392(ra)
mem[0x0000000080045F48] <- 0x0000000000000003
mem[X,0x000000008002D990] -> 0x3537
mem[X,0x000000008002D992] -> 0x3333
[7023] [M]: 0x000000008002D990 (0x33333537) lui a0, 209715
x10 <- 0x0000000033333000
mem[X,0x000000008002D994] -> 0x0513
mem[X,0x000000008002D996] -> 0x3335
[7024] [M]: 0x000000008002D994 (0x33350513) addi a0, a0, 819
x10 <- 0x0000000033333333
mem[X,0x000000008002D998] -> 0x1513
mem[X,0x000000008002D99A] -> 0x00B5
[7025] [M]: 0x000000008002D998 (0x00B51513) slli a0, a0, 11
x10 <- 0x0000019999999800
mem[X,0x000000008002D99C] -> 0x0513
mem[X,0x000000008002D99E] -> 0x1995
[7026] [M]: 0x000000008002D99C (0x19950513) addi a0, a0, 409
x10 <- 0x0000019999999999
mem[X,0x000000008002D9A0] -> 0x1513
mem[X,0x000000008002D9A2] -> 0x00B5
[7027] [M]: 0x000000008002D9A0 (0x00B51513) slli a0, a0, 11
x10 <- 0x000CCCCCCCCCC800
mem[X,0x000000008002D9A4] -> 0x0513
mem[X,0x000000008002D9A6] -> 0x4CC5
[7028] [M]: 0x000000008002D9A4 (0x4CC50513) addi a0, a0, 1228
x10 <- 0x000CCCCCCCCCCCCC
mem[X,0x000000008002D9A8] -> 0x1513
mem[X,0x000000008002D9AA] -> 0x00A5
[7029] [M]: 0x000000008002D9A8 (0x00A51513) slli a0, a0, 10
x10 <- 0x3333333333333000
mem[X,0x000000008002D9AC] -> 0x0513
mem[X,0x000000008002D9AE] -> 0x3325
[7030] [M]: 0x000000008002D9AC (0x33250513) addi a0, a0, 818
x10 <- 0x3333333333333332
mem[X,0x000000008002D9B0] -> 0x35B7
mem[X,0x000000008002D9B2] -> 0x3333
[7031] [M]: 0x000000008002D9B0 (0x333335B7) lui a1, 209715
x11 <- 0x0000000033333000
mem[X,0x000000008002D9B4] -> 0x8593
mem[X,0x000000008002D9B6] -> 0x3335
[7032] [M]: 0x000000008002D9B4 (0x33358593) addi a1, a1, 819
x11 <- 0x0000000033333333
mem[X,0x000000008002D9B8] -> 0x9593
mem[X,0x000000008002D9BA] -> 0x00B5
[7033] [M]: 0x000000008002D9B8 (0x00B59593) slli a1, a1, 11
x11 <- 0x0000019999999800
mem[X,0x000000008002D9BC] -> 0x8593
mem[X,0x000000008002D9BE] -> 0x1995
[7034] [M]: 0x000000008002D9BC (0x19958593) addi a1, a1, 409
x11 <- 0x0000019999999999
mem[X,0x000000008002D9C0] -> 0x9593
mem[X,0x000000008002D9C2] -> 0x00B5
[7035] [M]: 0x000000008002D9C0 (0x00B59593) slli a1, a1, 11
x11 <- 0x000CCCCCCCCCC800
mem[X,0x000000008002D9C4] -> 0x8593
mem[X,0x000000008002D9C6] -> 0x4CC5
[7036] [M]: 0x000000008002D9C4 (0x4CC58593) addi a1, a1, 1228
x11 <- 0x000CCCCCCCCCCCCC
mem[X,0x000000008002D9C8] -> 0x9593
mem[X,0x000000008002D9CA] -> 0x00A5
[7037] [M]: 0x000000008002D9C8 (0x00A59593) slli a1, a1, 10
x11 <- 0x3333333333333000
mem[X,0x000000008002D9CC] -> 0x8593
mem[X,0x000000008002D9CE] -> 0x3325
[7038] [M]: 0x000000008002D9CC (0x33258593) addi a1, a1, 818
x11 <- 0x3333333333333332
mem[X,0x000000008002D9D0] -> 0x0113
mem[X,0x000000008002D9D2] -> 0x0000
[7039] [M]: 0x000000008002D9D0 (0x00000113) addi sp, zero, 0
x2 <- 0x0000000000000000
mem[X,0x000000008002D9D4] -> 0x006F
mem[X,0x000000008002D9D6] -> 0x00C0
[7040] [M]: 0x000000008002D9D4 (0x00C0006F) jal zero, 12
mem[X,0x000000008002D9E0] -> 0x1063
mem[X,0x000000008002D9E2] -> 0x20B5
[7041] [M]: 0x000000008002D9E0 (0x20B51063) bne a0, a1, 512
mem[X,0x000000008002D9E4] -> 0x0113
mem[X,0x000000008002D9E6] -> 0x0021
[7042] [M]: 0x000000008002D9E4 (0x00210113) addi sp, sp, 2
x2 <- 0x0000000000000002
mem[X,0x000000008002D9E8] -> 0x006F
mem[X,0x000000008002D9EA] -> 0x2000
[7043] [M]: 0x000000008002D9E8 (0x2000006F) jal zero, 512
mem[X,0x000000008002DBE8] -> 0xBC23
mem[X,0x000000008002DBEA] -> 0x5620
[7044] [M]: 0x000000008002DBE8 (0x5620BC23) sd sp, 1400(ra)
mem[0x0000000080045F50] <- 0x0000000000000002
mem[X,0x000000008002DBEC] -> 0x3537
mem[X,0x000000008002DBEE] -> 0x3333
[7045] [M]: 0x000000008002DBEC (0x33333537) lui a0, 209715
x10 <- 0x0000000033333000
mem[X,0x000000008002DBF0] -> 0x0513
mem[X,0x000000008002DBF2] -> 0x3335
[7046] [M]: 0x000000008002DBF0 (0x33350513) addi a0, a0, 819
x10 <- 0x0000000033333333
mem[X,0x000000008002DBF4] -> 0x1513
mem[X,0x000000008002DBF6] -> 0x00B5
[7047] [M]: 0x000000008002DBF4 (0x00B51513) slli a0, a0, 11
x10 <- 0x0000019999999800
mem[X,0x000000008002DBF8] -> 0x0513
mem[X,0x000000008002DBFA] -> 0x1995
[7048] [M]: 0x000000008002DBF8 (0x19950513) addi a0, a0, 409
x10 <- 0x0000019999999999
mem[X,0x000000008002DBFC] -> 0x1513
mem[X,0x000000008002DBFE] -> 0x00B5
[7049] [M]: 0x000000008002DBFC (0x00B51513) slli a0, a0, 11
x10 <- 0x000CCCCCCCCCC800
mem[X,0x000000008002DC00] -> 0x0513
mem[X,0x000000008002DC02] -> 0x4CC5
[7050] [M]: 0x000000008002DC00 (0x4CC50513) addi a0, a0, 1228
x10 <- 0x000CCCCCCCCCCCCC
mem[X,0x000000008002DC04] -> 0x1513
mem[X,0x000000008002DC06] -> 0x00A5
[7051] [M]: 0x000000008002DC04 (0x00A51513) slli a0, a0, 10
x10 <- 0x3333333333333000
mem[X,0x000000008002DC08] -> 0x0513
mem[X,0x000000008002DC0A] -> 0x3325
[7052] [M]: 0x000000008002DC08 (0x33250513) addi a0, a0, 818
x10 <- 0x3333333333333332
mem[X,0x000000008002DC0C] -> 0x65B7
mem[X,0x000000008002DC0E] -> 0x6666
[7053] [M]: 0x000000008002DC0C (0x666665B7) lui a1, 419430
x11 <- 0x0000000066666000
mem[X,0x000000008002DC10] -> 0x8593
mem[X,0x000000008002DC12] -> 0x6665
[7054] [M]: 0x000000008002DC10 (0x66658593) addi a1, a1, 1638
x11 <- 0x0000000066666666
mem[X,0x000000008002DC14] -> 0x9593
mem[X,0x000000008002DC16] -> 0x00B5
[7055] [M]: 0x000000008002DC14 (0x00B59593) slli a1, a1, 11
x11 <- 0x0000033333333000
mem[X,0x000000008002DC18] -> 0x8593
mem[X,0x000000008002DC1A] -> 0x3335
[7056] [M]: 0x000000008002DC18 (0x33358593) addi a1, a1, 819
x11 <- 0x0000033333333333
mem[X,0x000000008002DC1C] -> 0x9593
mem[X,0x000000008002DC1E] -> 0x00B5
[7057] [M]: 0x000000008002DC1C (0x00B59593) slli a1, a1, 11
x11 <- 0x0019999999999800
mem[X,0x000000008002DC20] -> 0x8593
mem[X,0x000000008002DC22] -> 0x1995
[7058] [M]: 0x000000008002DC20 (0x19958593) addi a1, a1, 409
x11 <- 0x0019999999999999
mem[X,0x000000008002DC24] -> 0x9593
mem[X,0x000000008002DC26] -> 0x00A5
[7059] [M]: 0x000000008002DC24 (0x00A59593) slli a1, a1, 10
x11 <- 0x6666666666666400
mem[X,0x000000008002DC28] -> 0x8593
mem[X,0x000000008002DC2A] -> 0x2655
[7060] [M]: 0x000000008002DC28 (0x26558593) addi a1, a1, 613
x11 <- 0x6666666666666665
mem[X,0x000000008002DC2C] -> 0x0113
mem[X,0x000000008002DC2E] -> 0x0000
[7061] [M]: 0x000000008002DC2C (0x00000113) addi sp, zero, 0
x2 <- 0x0000000000000000
mem[X,0x000000008002DC30] -> 0x006F
mem[X,0x000000008002DC32] -> 0x0140
[7062] [M]: 0x000000008002DC30 (0x0140006F) jal zero, 20
mem[X,0x000000008002DC44] -> 0x18E3
mem[X,0x000000008002DC46] -> 0xFEB5
[7063] [M]: 0x000000008002DC44 (0xFEB518E3) bne a0, a1, 8176
mem[X,0x000000008002DC34] -> 0x0113
mem[X,0x000000008002DC36] -> 0x0011
[7064] [M]: 0x000000008002DC34 (0x00110113) addi sp, sp, 1
x2 <- 0x0000000000000001
mem[X,0x000000008002DC38] -> 0x006F
mem[X,0x000000008002DC3A] -> 0x0200
[7065] [M]: 0x000000008002DC38 (0x0200006F) jal zero, 32
mem[X,0x000000008002DC58] -> 0xB023
mem[X,0x000000008002DC5A] -> 0x5820
[7066] [M]: 0x000000008002DC58 (0x5820B023) sd sp, 1408(ra)
mem[0x0000000080045F58] <- 0x0000000000000001
mem[X,0x000000008002DC5C] -> 0x3537
mem[X,0x000000008002DC5E] -> 0x3333
[7067] [M]: 0x000000008002DC5C (0x33333537) lui a0, 209715
x10 <- 0x0000000033333000
mem[X,0x000000008002DC60] -> 0x0513
mem[X,0x000000008002DC62] -> 0x3335
[7068] [M]: 0x000000008002DC60 (0x33350513) addi a0, a0, 819
x10 <- 0x0000000033333333
mem[X,0x000000008002DC64] -> 0x1513
mem[X,0x000000008002DC66] -> 0x00B5
[7069] [M]: 0x000000008002DC64 (0x00B51513) slli a0, a0, 11
x10 <- 0x0000019999999800
mem[X,0x000000008002DC68] -> 0x0513
mem[X,0x000000008002DC6A] -> 0x1995
[7070] [M]: 0x000000008002DC68 (0x19950513) addi a0, a0, 409
x10 <- 0x0000019999999999
mem[X,0x000000008002DC6C] -> 0x1513
mem[X,0x000000008002DC6E] -> 0x00B5
[7071] [M]: 0x000000008002DC6C (0x00B51513) slli a0, a0, 11
x10 <- 0x000CCCCCCCCCC800
mem[X,0x000000008002DC70] -> 0x0513
mem[X,0x000000008002DC72] -> 0x4CC5
[7072] [M]: 0x000000008002DC70 (0x4CC50513) addi a0, a0, 1228
x10 <- 0x000CCCCCCCCCCCCC
mem[X,0x000000008002DC74] -> 0x1513
mem[X,0x000000008002DC76] -> 0x00A5
[7073] [M]: 0x000000008002DC74 (0x00A51513) slli a0, a0, 10
x10 <- 0x3333333333333000
mem[X,0x000000008002DC78] -> 0x0513
mem[X,0x000000008002DC7A] -> 0x3325
[7074] [M]: 0x000000008002DC78 (0x33250513) addi a0, a0, 818
x10 <- 0x3333333333333332
mem[X,0x000000008002DC7C] -> 0x05B7
mem[X,0x000000008002DC7E] -> 0x0000
[7075] [M]: 0x000000008002DC7C (0x000005B7) lui a1, 0
x11 <- 0x0000000000000000
mem[X,0x000000008002DC80] -> 0x8593
mem[X,0x000000008002DC82] -> 0x0005
[7076] [M]: 0x000000008002DC80 (0x00058593) addi a1, a1, 0
x11 <- 0x0000000000000000
mem[X,0x000000008002DC84] -> 0x9593
mem[X,0x000000008002DC86] -> 0x00B5
[7077] [M]: 0x000000008002DC84 (0x00B59593) slli a1, a1, 11
x11 <- 0x0000000000000000
mem[X,0x000000008002DC88] -> 0x8593
mem[X,0x000000008002DC8A] -> 0x5A85
[7078] [M]: 0x000000008002DC88 (0x5A858593) addi a1, a1, 1448
x11 <- 0x00000000000005A8
mem[X,0x000000008002DC8C] -> 0x9593
mem[X,0x000000008002DC8E] -> 0x00B5
[7079] [M]: 0x000000008002DC8C (0x00B59593) slli a1, a1, 11
x11 <- 0x00000000002D4000
mem[X,0x000000008002DC90] -> 0x8593
mem[X,0x000000008002DC92] -> 0x13C5
[7080] [M]: 0x000000008002DC90 (0x13C58593) addi a1, a1, 316
x11 <- 0x00000000002D413C
mem[X,0x000000008002DC94] -> 0x9593
mem[X,0x000000008002DC96] -> 0x00A5
[7081] [M]: 0x000000008002DC94 (0x00A59593) slli a1, a1, 10
x11 <- 0x00000000B504F000
mem[X,0x000000008002DC98] -> 0x8593
mem[X,0x000000008002DC9A] -> 0x3325
[7082] [M]: 0x000000008002DC98 (0x33258593) addi a1, a1, 818
x11 <- 0x00000000B504F332
mem[X,0x000000008002DC9C] -> 0x0113
mem[X,0x000000008002DC9E] -> 0x0000
[7083] [M]: 0x000000008002DC9C (0x00000113) addi sp, zero, 0
x2 <- 0x0000000000000000
mem[X,0x000000008002DCA0] -> 0x006F
mem[X,0x000000008002DCA2] -> 0x00C0
[7084] [M]: 0x000000008002DCA0 (0x00C0006F) jal zero, 12
mem[X,0x000000008002DCAC] -> 0x1663
mem[X,0x000000008002DCAE] -> 0x00B5
[7085] [M]: 0x000000008002DCAC (0x00B51663) bne a0, a1, 12
mem[X,0x000000008002DCB8] -> 0x0113
mem[X,0x000000008002DCBA] -> 0x0031
[7086] [M]: 0x000000008002DCB8 (0x00310113) addi sp, sp, 3
x2 <- 0x0000000000000003
mem[X,0x000000008002DCBC] -> 0x006F
mem[X,0x000000008002DCBE] -> 0x0040
[7087] [M]: 0x000000008002DCBC (0x0040006F) jal zero, 4
mem[X,0x000000008002DCC0] -> 0xB423
mem[X,0x000000008002DCC2] -> 0x5820
[7088] [M]: 0x000000008002DCC0 (0x5820B423) sd sp, 1416(ra)
mem[0x0000000080045F60] <- 0x0000000000000003
mem[X,0x000000008002DCC4] -> 0x3537
mem[X,0x000000008002DCC6] -> 0x3333
[7089] [M]: 0x000000008002DCC4 (0x33333537) lui a0, 209715
x10 <- 0x0000000033333000
mem[X,0x000000008002DCC8] -> 0x0513
mem[X,0x000000008002DCCA] -> 0x3335
[7090] [M]: 0x000000008002DCC8 (0x33350513) addi a0, a0, 819
x10 <- 0x0000000033333333
mem[X,0x000000008002DCCC] -> 0x1513
mem[X,0x000000008002DCCE] -> 0x00B5
[7091] [M]: 0x000000008002DCCC (0x00B51513) slli a0, a0, 11
x10 <- 0x0000019999999800
mem[X,0x000000008002DCD0] -> 0x0513
mem[X,0x000000008002DCD2] -> 0x1995
[7092] [M]: 0x000000008002DCD0 (0x19950513) addi a0, a0, 409
x10 <- 0x0000019999999999
mem[X,0x000000008002DCD4] -> 0x1513
mem[X,0x000000008002DCD6] -> 0x00B5
[7093] [M]: 0x000000008002DCD4 (0x00B51513) slli a0, a0, 11
x10 <- 0x000CCCCCCCCCC800
mem[X,0x000000008002DCD8] -> 0x0513
mem[X,0x000000008002DCDA] -> 0x4CC5
[7094] [M]: 0x000000008002DCD8 (0x4CC50513) addi a0, a0, 1228
x10 <- 0x000CCCCCCCCCCCCC
mem[X,0x000000008002DCDC] -> 0x1513
mem[X,0x000000008002DCDE] -> 0x00A5
[7095] [M]: 0x000000008002DCDC (0x00A51513) slli a0, a0, 10
x10 <- 0x3333333333333000
mem[X,0x000000008002DCE0] -> 0x0513
mem[X,0x000000008002DCE2] -> 0x3325
[7096] [M]: 0x000000008002DCE0 (0x33250513) addi a0, a0, 818
x10 <- 0x3333333333333332
mem[X,0x000000008002DCE4] -> 0x55B7
mem[X,0x000000008002DCE6] -> 0x5555
[7097] [M]: 0x000000008002DCE4 (0x555555B7) lui a1, 349525
x11 <- 0x0000000055555000
mem[X,0x000000008002DCE8] -> 0x8593
mem[X,0x000000008002DCEA] -> 0x5555
[7098] [M]: 0x000000008002DCE8 (0x55558593) addi a1, a1, 1365
x11 <- 0x0000000055555555
mem[X,0x000000008002DCEC] -> 0x9593
mem[X,0x000000008002DCEE] -> 0x00B5
[7099] [M]: 0x000000008002DCEC (0x00B59593) slli a1, a1, 11
x11 <- 0x000002AAAAAAA800
clint::tick mtime <- 0x0000000000000047
 clint timer pending at mtime 0x0000000000000047
htif::tick 0x0000000000000000
mem[X,0x000000008002DCF0] -> 0x8593
mem[X,0x000000008002DCF2] -> 0x2AA5
[7100] [M]: 0x000000008002DCF0 (0x2AA58593) addi a1, a1, 682
x11 <- 0x000002AAAAAAAAAA
mem[X,0x000000008002DCF4] -> 0x9593
mem[X,0x000000008002DCF6] -> 0x00B5
[7101] [M]: 0x000000008002DCF4 (0x00B59593) slli a1, a1, 11
x11 <- 0x0015555555555000
mem[X,0x000000008002DCF8] -> 0x8593
mem[X,0x000000008002DCFA] -> 0x5555
[7102] [M]: 0x000000008002DCF8 (0x55558593) addi a1, a1, 1365
x11 <- 0x0015555555555555
mem[X,0x000000008002DCFC] -> 0x9593
mem[X,0x000000008002DCFE] -> 0x00A5
[7103] [M]: 0x000000008002DCFC (0x00A59593) slli a1, a1, 10
x11 <- 0x5555555555555400
mem[X,0x000000008002DD00] -> 0x8593
mem[X,0x000000008002DD02] -> 0x1565
[7104] [M]: 0x000000008002DD00 (0x15658593) addi a1, a1, 342
x11 <- 0x5555555555555556
mem[X,0x000000008002DD04] -> 0x0113
mem[X,0x000000008002DD06] -> 0x0000
[7105] [M]: 0x000000008002DD04 (0x00000113) addi sp, zero, 0
x2 <- 0x0000000000000000
mem[X,0x000000008002DD08] -> 0x006F
mem[X,0x000000008002DD0A] -> 0x00C0
[7106] [M]: 0x000000008002DD08 (0x00C0006F) jal zero, 12
mem[X,0x000000008002DD14] -> 0x1663
mem[X,0x000000008002DD16] -> 0x00B5
[7107] [M]: 0x000000008002DD14 (0x00B51663) bne a0, a1, 12
mem[X,0x000000008002DD20] -> 0x0113
mem[X,0x000000008002DD22] -> 0x0031
[7108] [M]: 0x000000008002DD20 (0x00310113) addi sp, sp, 3
x2 <- 0x0000000000000003
mem[X,0x000000008002DD24] -> 0x006F
mem[X,0x000000008002DD26] -> 0x0040
[7109] [M]: 0x000000008002DD24 (0x0040006F) jal zero, 4
mem[X,0x000000008002DD28] -> 0xB823
mem[X,0x000000008002DD2A] -> 0x5820
[7110] [M]: 0x000000008002DD28 (0x5820B823) sd sp, 1424(ra)
mem[0x0000000080045F68] <- 0x0000000000000003
mem[X,0x000000008002DD2C] -> 0x3537
mem[X,0x000000008002DD2E] -> 0x3333
[7111] [M]: 0x000000008002DD2C (0x33333537) lui a0, 209715
x10 <- 0x0000000033333000
mem[X,0x000000008002DD30] -> 0x0513
mem[X,0x000000008002DD32] -> 0x3335
[7112] [M]: 0x000000008002DD30 (0x33350513) addi a0, a0, 819
x10 <- 0x0000000033333333
mem[X,0x000000008002DD34] -> 0x1513
mem[X,0x000000008002DD36] -> 0x00B5
[7113] [M]: 0x000000008002DD34 (0x00B51513) slli a0, a0, 11
x10 <- 0x0000019999999800
mem[X,0x000000008002DD38] -> 0x0513
mem[X,0x000000008002DD3A] -> 0x1995
[7114] [M]: 0x000000008002DD38 (0x19950513) addi a0, a0, 409
x10 <- 0x0000019999999999
mem[X,0x000000008002DD3C] -> 0x1513
mem[X,0x000000008002DD3E] -> 0x00B5
[7115] [M]: 0x000000008002DD3C (0x00B51513) slli a0, a0, 11
x10 <- 0x000CCCCCCCCCC800
mem[X,0x000000008002DD40] -> 0x0513
mem[X,0x000000008002DD42] -> 0x4CC5
[7116] [M]: 0x000000008002DD40 (0x4CC50513) addi a0, a0, 1228
x10 <- 0x000CCCCCCCCCCCCC
mem[X,0x000000008002DD44] -> 0x1513
mem[X,0x000000008002DD46] -> 0x00A5
[7117] [M]: 0x000000008002DD44 (0x00A51513) slli a0, a0, 10
x10 <- 0x3333333333333000
mem[X,0x000000008002DD48] -> 0x0513
mem[X,0x000000008002DD4A] -> 0x3325
[7118] [M]: 0x000000008002DD48 (0x33250513) addi a0, a0, 818
x10 <- 0x3333333333333332
mem[X,0x000000008002DD4C] -> 0xB5B7
mem[X,0x000000008002DD4E] -> 0xAAAA
[7119] [M]: 0x000000008002DD4C (0xAAAAB5B7) lui a1, 699051
x11 <- 0xFFFFFFFFAAAAB000
mem[X,0x000000008002DD50] -> 0x8593
mem[X,0x000000008002DD52] -> 0xAAA5
[7120] [M]: 0x000000008002DD50 (0xAAA58593) addi a1, a1, 2730
x11 <- 0xFFFFFFFFAAAAAAAA
mem[X,0x000000008002DD54] -> 0x9593
mem[X,0x000000008002DD56] -> 0x00B5
[7121] [M]: 0x000000008002DD54 (0x00B59593) slli a1, a1, 11
x11 <- 0xFFFFFD5555555000
mem[X,0x000000008002DD58] -> 0x8593
mem[X,0x000000008002DD5A] -> 0x5555
[7122] [M]: 0x000000008002DD58 (0x55558593) addi a1, a1, 1365
x11 <- 0xFFFFFD5555555555
mem[X,0x000000008002DD5C] -> 0x9593
mem[X,0x000000008002DD5E] -> 0x00B5
[7123] [M]: 0x000000008002DD5C (0x00B59593) slli a1, a1, 11
x11 <- 0xFFEAAAAAAAAAA800
mem[X,0x000000008002DD60] -> 0x8593
mem[X,0x000000008002DD62] -> 0x2AA5
[7124] [M]: 0x000000008002DD60 (0x2AA58593) addi a1, a1, 682
x11 <- 0xFFEAAAAAAAAAAAAA
mem[X,0x000000008002DD64] -> 0x9593
mem[X,0x000000008002DD66] -> 0x00A5
[7125] [M]: 0x000000008002DD64 (0x00A59593) slli a1, a1, 10
x11 <- 0xAAAAAAAAAAAAA800
mem[X,0x000000008002DD68] -> 0x8593
mem[X,0x000000008002DD6A] -> 0x2AB5
[7126] [M]: 0x000000008002DD68 (0x2AB58593) addi a1, a1, 683
x11 <- 0xAAAAAAAAAAAAAAAB
mem[X,0x000000008002DD6C] -> 0x0113
mem[X,0x000000008002DD6E] -> 0x0000
[7127] [M]: 0x000000008002DD6C (0x00000113) addi sp, zero, 0
x2 <- 0x0000000000000000
mem[X,0x000000008002DD70] -> 0x006F
mem[X,0x000000008002DD72] -> 0x0050
[7128] [M]: 0x000000008002DD70 (0x0050006F) jal zero, 2052
mem[X,0x000000008002E574] -> 0x10E3
mem[X,0x000000008002E576] -> 0x80B5
[7129] [M]: 0x000000008002E574 (0x80B510E3) bne a0, a1, 6144
mem[X,0x000000008002DD74] -> 0x0113
mem[X,0x000000008002DD76] -> 0x0011
[7130] [M]: 0x000000008002DD74 (0x00110113) addi sp, sp, 1
x2 <- 0x0000000000000001
mem[X,0x000000008002DD78] -> 0x006F
mem[X,0x000000008002DD7A] -> 0x0110
[7131] [M]: 0x000000008002DD78 (0x0110006F) jal zero, 2064
mem[X,0x000000008002E588] -> 0xBC23
mem[X,0x000000008002E58A] -> 0x5820
[7132] [M]: 0x000000008002E588 (0x5820BC23) sd sp, 1432(ra)
mem[0x0000000080045F70] <- 0x0000000000000001
mem[X,0x000000008002E58C] -> 0x3537
mem[X,0x000000008002E58E] -> 0x3333
[7133] [M]: 0x000000008002E58C (0x33333537) lui a0, 209715
x10 <- 0x0000000033333000
mem[X,0x000000008002E590] -> 0x0513
mem[X,0x000000008002E592] -> 0x3335
[7134] [M]: 0x000000008002E590 (0x33350513) addi a0, a0, 819
x10 <- 0x0000000033333333
mem[X,0x000000008002E594] -> 0x1513
mem[X,0x000000008002E596] -> 0x00B5
[7135] [M]: 0x000000008002E594 (0x00B51513) slli a0, a0, 11
x10 <- 0x0000019999999800
mem[X,0x000000008002E598] -> 0x0513
mem[X,0x000000008002E59A] -> 0x1995
[7136] [M]: 0x000000008002E598 (0x19950513) addi a0, a0, 409
x10 <- 0x0000019999999999
mem[X,0x000000008002E59C] -> 0x1513
mem[X,0x000000008002E59E] -> 0x00B5
[7137] [M]: 0x000000008002E59C (0x00B51513) slli a0, a0, 11
x10 <- 0x000CCCCCCCCCC800
mem[X,0x000000008002E5A0] -> 0x0513
mem[X,0x000000008002E5A2] -> 0x4CC5
[7138] [M]: 0x000000008002E5A0 (0x4CC50513) addi a0, a0, 1228
x10 <- 0x000CCCCCCCCCCCCC
mem[X,0x000000008002E5A4] -> 0x1513
mem[X,0x000000008002E5A6] -> 0x00A5
[7139] [M]: 0x000000008002E5A4 (0x00A51513) slli a0, a0, 10
x10 <- 0x3333333333333000
mem[X,0x000000008002E5A8] -> 0x0513
mem[X,0x000000008002E5AA] -> 0x3325
[7140] [M]: 0x000000008002E5A8 (0x33250513) addi a0, a0, 818
x10 <- 0x3333333333333332
mem[X,0x000000008002E5AC] -> 0x0593
mem[X,0x000000008002E5AE] -> 0x0060
[7141] [M]: 0x000000008002E5AC (0x00600593) addi a1, zero, 6
x11 <- 0x0000000000000006
mem[X,0x000000008002E5B0] -> 0x0113
mem[X,0x000000008002E5B2] -> 0x0000
[7142] [M]: 0x000000008002E5B0 (0x00000113) addi sp, zero, 0
x2 <- 0x0000000000000000
mem[X,0x000000008002E5B4] -> 0x006F
mem[X,0x000000008002E5B6] -> 0x00C0
[7143] [M]: 0x000000008002E5B4 (0x00C0006F) jal zero, 12
mem[X,0x000000008002E5C0] -> 0x1063
mem[X,0x000000008002E5C2] -> 0x02B5
[7144] [M]: 0x000000008002E5C0 (0x02B51063) bne a0, a1, 32
mem[X,0x000000008002E5E0] -> 0x0113
mem[X,0x000000008002E5E2] -> 0x0031
[7145] [M]: 0x000000008002E5E0 (0x00310113) addi sp, sp, 3
x2 <- 0x0000000000000003
mem[X,0x000000008002E5E4] -> 0x006F
mem[X,0x000000008002E5E6] -> 0x0040
[7146] [M]: 0x000000008002E5E4 (0x0040006F) jal zero, 4
mem[X,0x000000008002E5E8] -> 0xB023
mem[X,0x000000008002E5EA] -> 0x5A20
[7147] [M]: 0x000000008002E5E8 (0x5A20B023) sd sp, 1440(ra)
mem[0x0000000080045F78] <- 0x0000000000000003
mem[X,0x000000008002E5EC] -> 0x3537
mem[X,0x000000008002E5EE] -> 0x3333
[7148] [M]: 0x000000008002E5EC (0x33333537) lui a0, 209715
x10 <- 0x0000000033333000
mem[X,0x000000008002E5F0] -> 0x0513
mem[X,0x000000008002E5F2] -> 0x3335
[7149] [M]: 0x000000008002E5F0 (0x33350513) addi a0, a0, 819
x10 <- 0x0000000033333333
mem[X,0x000000008002E5F4] -> 0x1513
mem[X,0x000000008002E5F6] -> 0x00B5
[7150] [M]: 0x000000008002E5F4 (0x00B51513) slli a0, a0, 11
x10 <- 0x0000019999999800
mem[X,0x000000008002E5F8] -> 0x0513
mem[X,0x000000008002E5FA] -> 0x1995
[7151] [M]: 0x000000008002E5F8 (0x19950513) addi a0, a0, 409
x10 <- 0x0000019999999999
mem[X,0x000000008002E5FC] -> 0x1513
mem[X,0x000000008002E5FE] -> 0x00B5
[7152] [M]: 0x000000008002E5FC (0x00B51513) slli a0, a0, 11
x10 <- 0x000CCCCCCCCCC800
mem[X,0x000000008002E600] -> 0x0513
mem[X,0x000000008002E602] -> 0x4CC5
[7153] [M]: 0x000000008002E600 (0x4CC50513) addi a0, a0, 1228
x10 <- 0x000CCCCCCCCCCCCC
mem[X,0x000000008002E604] -> 0x1513
mem[X,0x000000008002E606] -> 0x00A5
[7154] [M]: 0x000000008002E604 (0x00A51513) slli a0, a0, 10
x10 <- 0x3333333333333000
mem[X,0x000000008002E608] -> 0x0513
mem[X,0x000000008002E60A] -> 0x3325
[7155] [M]: 0x000000008002E608 (0x33250513) addi a0, a0, 818
x10 <- 0x3333333333333332
mem[X,0x000000008002E60C] -> 0x35B7
mem[X,0x000000008002E60E] -> 0x3333
[7156] [M]: 0x000000008002E60C (0x333335B7) lui a1, 209715
x11 <- 0x0000000033333000
mem[X,0x000000008002E610] -> 0x8593
mem[X,0x000000008002E612] -> 0x3335
[7157] [M]: 0x000000008002E610 (0x33358593) addi a1, a1, 819
x11 <- 0x0000000033333333
mem[X,0x000000008002E614] -> 0x9593
mem[X,0x000000008002E616] -> 0x00B5
[7158] [M]: 0x000000008002E614 (0x00B59593) slli a1, a1, 11
x11 <- 0x0000019999999800
mem[X,0x000000008002E618] -> 0x8593
mem[X,0x000000008002E61A] -> 0x1995
[7159] [M]: 0x000000008002E618 (0x19958593) addi a1, a1, 409
x11 <- 0x0000019999999999
mem[X,0x000000008002E61C] -> 0x9593
mem[X,0x000000008002E61E] -> 0x00B5
[7160] [M]: 0x000000008002E61C (0x00B59593) slli a1, a1, 11
x11 <- 0x000CCCCCCCCCC800
mem[X,0x000000008002E620] -> 0x8593
mem[X,0x000000008002E622] -> 0x4CC5
[7161] [M]: 0x000000008002E620 (0x4CC58593) addi a1, a1, 1228
x11 <- 0x000CCCCCCCCCCCCC
mem[X,0x000000008002E624] -> 0x9593
mem[X,0x000000008002E626] -> 0x00A5
[7162] [M]: 0x000000008002E624 (0x00A59593) slli a1, a1, 10
x11 <- 0x3333333333333000
mem[X,0x000000008002E628] -> 0x8593
mem[X,0x000000008002E62A] -> 0x3345
[7163] [M]: 0x000000008002E628 (0x33458593) addi a1, a1, 820
x11 <- 0x3333333333333334
mem[X,0x000000008002E62C] -> 0x0113
mem[X,0x000000008002E62E] -> 0x0000
[7164] [M]: 0x000000008002E62C (0x00000113) addi sp, zero, 0
x2 <- 0x0000000000000000
mem[X,0x000000008002E630] -> 0x006F
mem[X,0x000000008002E632] -> 0x00C0
[7165] [M]: 0x000000008002E630 (0x00C0006F) jal zero, 12
mem[X,0x000000008002E63C] -> 0x1663
mem[X,0x000000008002E63E] -> 0x00B5
[7166] [M]: 0x000000008002E63C (0x00B51663) bne a0, a1, 12
mem[X,0x000000008002E648] -> 0x0113
mem[X,0x000000008002E64A] -> 0x0031
[7167] [M]: 0x000000008002E648 (0x00310113) addi sp, sp, 3
x2 <- 0x0000000000000003
mem[X,0x000000008002E64C] -> 0x006F
mem[X,0x000000008002E64E] -> 0x0040
[7168] [M]: 0x000000008002E64C (0x0040006F) jal zero, 4
mem[X,0x000000008002E650] -> 0xB423
mem[X,0x000000008002E652] -> 0x5A20
[7169] [M]: 0x000000008002E650 (0x5A20B423) sd sp, 1448(ra)
mem[0x0000000080045F80] <- 0x0000000000000003
mem[X,0x000000008002E654] -> 0x3537
mem[X,0x000000008002E656] -> 0x3333
[7170] [M]: 0x000000008002E654 (0x33333537) lui a0, 209715
x10 <- 0x0000000033333000
mem[X,0x000000008002E658] -> 0x0513
mem[X,0x000000008002E65A] -> 0x3335
[7171] [M]: 0x000000008002E658 (0x33350513) addi a0, a0, 819
x10 <- 0x0000000033333333
mem[X,0x000000008002E65C] -> 0x1513
mem[X,0x000000008002E65E] -> 0x00B5
[7172] [M]: 0x000000008002E65C (0x00B51513) slli a0, a0, 11
x10 <- 0x0000019999999800
mem[X,0x000000008002E660] -> 0x0513
mem[X,0x000000008002E662] -> 0x1995
[7173] [M]: 0x000000008002E660 (0x19950513) addi a0, a0, 409
x10 <- 0x0000019999999999
mem[X,0x000000008002E664] -> 0x1513
mem[X,0x000000008002E666] -> 0x00B5
[7174] [M]: 0x000000008002E664 (0x00B51513) slli a0, a0, 11
x10 <- 0x000CCCCCCCCCC800
mem[X,0x000000008002E668] -> 0x0513
mem[X,0x000000008002E66A] -> 0x4CC5
[7175] [M]: 0x000000008002E668 (0x4CC50513) addi a0, a0, 1228
x10 <- 0x000CCCCCCCCCCCCC
mem[X,0x000000008002E66C] -> 0x1513
mem[X,0x000000008002E66E] -> 0x00A5
[7176] [M]: 0x000000008002E66C (0x00A51513) slli a0, a0, 10
x10 <- 0x3333333333333000
mem[X,0x000000008002E670] -> 0x0513
mem[X,0x000000008002E672] -> 0x3325
[7177] [M]: 0x000000008002E670 (0x33250513) addi a0, a0, 818
x10 <- 0x3333333333333332
mem[X,0x000000008002E674] -> 0x65B7
mem[X,0x000000008002E676] -> 0x6666
[7178] [M]: 0x000000008002E674 (0x666665B7) lui a1, 419430
x11 <- 0x0000000066666000
mem[X,0x000000008002E678] -> 0x8593
mem[X,0x000000008002E67A] -> 0x6665
[7179] [M]: 0x000000008002E678 (0x66658593) addi a1, a1, 1638
x11 <- 0x0000000066666666
mem[X,0x000000008002E67C] -> 0x9593
mem[X,0x000000008002E67E] -> 0x00B5
[7180] [M]: 0x000000008002E67C (0x00B59593) slli a1, a1, 11
x11 <- 0x0000033333333000
mem[X,0x000000008002E680] -> 0x8593
mem[X,0x000000008002E682] -> 0x3335
[7181] [M]: 0x000000008002E680 (0x33358593) addi a1, a1, 819
x11 <- 0x0000033333333333
mem[X,0x000000008002E684] -> 0x9593
mem[X,0x000000008002E686] -> 0x00B5
[7182] [M]: 0x000000008002E684 (0x00B59593) slli a1, a1, 11
x11 <- 0x0019999999999800
mem[X,0x000000008002E688] -> 0x8593
mem[X,0x000000008002E68A] -> 0x1995
[7183] [M]: 0x000000008002E688 (0x19958593) addi a1, a1, 409
x11 <- 0x0019999999999999
mem[X,0x000000008002E68C] -> 0x9593
mem[X,0x000000008002E68E] -> 0x00A5
[7184] [M]: 0x000000008002E68C (0x00A59593) slli a1, a1, 10
x11 <- 0x6666666666666400
mem[X,0x000000008002E690] -> 0x8593
mem[X,0x000000008002E692] -> 0x2675
[7185] [M]: 0x000000008002E690 (0x26758593) addi a1, a1, 615
x11 <- 0x6666666666666667
mem[X,0x000000008002E694] -> 0x0113
mem[X,0x000000008002E696] -> 0x0000
[7186] [M]: 0x000000008002E694 (0x00000113) addi sp, zero, 0
x2 <- 0x0000000000000000
mem[X,0x000000008002E698] -> 0x006F
mem[X,0x000000008002E69A] -> 0x2B10
[7187] [M]: 0x000000008002E698 (0x2B10006F) jal zero, 2736
mem[X,0x000000008002F148] -> 0x1A63
mem[X,0x000000008002F14A] -> 0xD4B5
[7188] [M]: 0x000000008002F148 (0xD4B51A63) bne a0, a1, 5460
mem[X,0x000000008002E69C] -> 0x0113
mem[X,0x000000008002E69E] -> 0x0011
[7189] [M]: 0x000000008002E69C (0x00110113) addi sp, sp, 1
x2 <- 0x0000000000000001
mem[X,0x000000008002E6A0] -> 0x006F
mem[X,0x000000008002E6A2] -> 0x2BD0
[7190] [M]: 0x000000008002E6A0 (0x2BD0006F) jal zero, 2748
mem[X,0x000000008002F15C] -> 0xB823
mem[X,0x000000008002F15E] -> 0x5A20
[7191] [M]: 0x000000008002F15C (0x5A20B823) sd sp, 1456(ra)
mem[0x0000000080045F88] <- 0x0000000000000001
mem[X,0x000000008002F160] -> 0x3537
mem[X,0x000000008002F162] -> 0x3333
[7192] [M]: 0x000000008002F160 (0x33333537) lui a0, 209715
x10 <- 0x0000000033333000
mem[X,0x000000008002F164] -> 0x0513
mem[X,0x000000008002F166] -> 0x3335
[7193] [M]: 0x000000008002F164 (0x33350513) addi a0, a0, 819
x10 <- 0x0000000033333333
mem[X,0x000000008002F168] -> 0x1513
mem[X,0x000000008002F16A] -> 0x00B5
[7194] [M]: 0x000000008002F168 (0x00B51513) slli a0, a0, 11
x10 <- 0x0000019999999800
mem[X,0x000000008002F16C] -> 0x0513
mem[X,0x000000008002F16E] -> 0x1995
[7195] [M]: 0x000000008002F16C (0x19950513) addi a0, a0, 409
x10 <- 0x0000019999999999
mem[X,0x000000008002F170] -> 0x1513
mem[X,0x000000008002F172] -> 0x00B5
[7196] [M]: 0x000000008002F170 (0x00B51513) slli a0, a0, 11
x10 <- 0x000CCCCCCCCCC800
mem[X,0x000000008002F174] -> 0x0513
mem[X,0x000000008002F176] -> 0x4CC5
[7197] [M]: 0x000000008002F174 (0x4CC50513) addi a0, a0, 1228
x10 <- 0x000CCCCCCCCCCCCC
mem[X,0x000000008002F178] -> 0x1513
mem[X,0x000000008002F17A] -> 0x00A5
[7198] [M]: 0x000000008002F178 (0x00A51513) slli a0, a0, 10
x10 <- 0x3333333333333000
mem[X,0x000000008002F17C] -> 0x0513
mem[X,0x000000008002F17E] -> 0x3325
[7199] [M]: 0x000000008002F17C (0x33250513) addi a0, a0, 818
x10 <- 0x3333333333333332
clint::tick mtime <- 0x0000000000000048
 clint timer pending at mtime 0x0000000000000048
htif::tick 0x0000000000000000
mem[X,0x000000008002F180] -> 0x05B7
mem[X,0x000000008002F182] -> 0x0000
[7200] [M]: 0x000000008002F180 (0x000005B7) lui a1, 0
x11 <- 0x0000000000000000
mem[X,0x000000008002F184] -> 0x8593
mem[X,0x000000008002F186] -> 0xFFF5
[7201] [M]: 0x000000008002F184 (0xFFF58593) addi a1, a1, 4095
x11 <- 0xFFFFFFFFFFFFFFFF
mem[X,0x000000008002F188] -> 0x9593
mem[X,0x000000008002F18A] -> 0x00B5
[7202] [M]: 0x000000008002F188 (0x00B59593) slli a1, a1, 11
x11 <- 0xFFFFFFFFFFFFF800
mem[X,0x000000008002F18C] -> 0x8593
mem[X,0x000000008002F18E] -> 0x2575
[7203] [M]: 0x000000008002F18C (0x25758593) addi a1, a1, 599
x11 <- 0xFFFFFFFFFFFFFA57
mem[X,0x000000008002F190] -> 0x9593
mem[X,0x000000008002F192] -> 0x00B5
[7204] [M]: 0x000000008002F190 (0x00B59593) slli a1, a1, 11
x11 <- 0xFFFFFFFFFFD2B800
mem[X,0x000000008002F194] -> 0x8593
mem[X,0x000000008002F196] -> 0x6C35
[7205] [M]: 0x000000008002F194 (0x6C358593) addi a1, a1, 1731
x11 <- 0xFFFFFFFFFFD2BEC3
mem[X,0x000000008002F198] -> 0x9593
mem[X,0x000000008002F19A] -> 0x00A5
[7206] [M]: 0x000000008002F198 (0x00A59593) slli a1, a1, 10
x11 <- 0xFFFFFFFF4AFB0C00
mem[X,0x000000008002F19C] -> 0x8593
mem[X,0x000000008002F19E] -> 0x0CE5
[7207] [M]: 0x000000008002F19C (0x0CE58593) addi a1, a1, 206
x11 <- 0xFFFFFFFF4AFB0CCE
mem[X,0x000000008002F1A0] -> 0x0113
mem[X,0x000000008002F1A2] -> 0x0000
[7208] [M]: 0x000000008002F1A0 (0x00000113) addi sp, zero, 0
x2 <- 0x0000000000000000
mem[X,0x000000008002F1A4] -> 0x006F
mem[X,0x000000008002F1A6] -> 0x00C0
[7209] [M]: 0x000000008002F1A4 (0x00C0006F) jal zero, 12
mem[X,0x000000008002F1B0] -> 0x1663
mem[X,0x000000008002F1B2] -> 0x00B5
[7210] [M]: 0x000000008002F1B0 (0x00B51663) bne a0, a1, 12
mem[X,0x000000008002F1BC] -> 0x0113
mem[X,0x000000008002F1BE] -> 0x0031
[7211] [M]: 0x000000008002F1BC (0x00310113) addi sp, sp, 3
x2 <- 0x0000000000000003
mem[X,0x000000008002F1C0] -> 0x006F
mem[X,0x000000008002F1C2] -> 0x0040
[7212] [M]: 0x000000008002F1C0 (0x0040006F) jal zero, 4
mem[X,0x000000008002F1C4] -> 0xBC23
mem[X,0x000000008002F1C6] -> 0x5A20
[7213] [M]: 0x000000008002F1C4 (0x5A20BC23) sd sp, 1464(ra)
mem[0x0000000080045F90] <- 0x0000000000000003
mem[X,0x000000008002F1C8] -> 0x3537
mem[X,0x000000008002F1CA] -> 0x3333
[7214] [M]: 0x000000008002F1C8 (0x33333537) lui a0, 209715
x10 <- 0x0000000033333000
mem[X,0x000000008002F1CC] -> 0x0513
mem[X,0x000000008002F1CE] -> 0x3335
[7215] [M]: 0x000000008002F1CC (0x33350513) addi a0, a0, 819
x10 <- 0x0000000033333333
mem[X,0x000000008002F1D0] -> 0x1513
mem[X,0x000000008002F1D2] -> 0x00B5
[7216] [M]: 0x000000008002F1D0 (0x00B51513) slli a0, a0, 11
x10 <- 0x0000019999999800
mem[X,0x000000008002F1D4] -> 0x0513
mem[X,0x000000008002F1D6] -> 0x1995
[7217] [M]: 0x000000008002F1D4 (0x19950513) addi a0, a0, 409
x10 <- 0x0000019999999999
mem[X,0x000000008002F1D8] -> 0x1513
mem[X,0x000000008002F1DA] -> 0x00B5
[7218] [M]: 0x000000008002F1D8 (0x00B51513) slli a0, a0, 11
x10 <- 0x000CCCCCCCCCC800
mem[X,0x000000008002F1DC] -> 0x0513
mem[X,0x000000008002F1DE] -> 0x4CC5
[7219] [M]: 0x000000008002F1DC (0x4CC50513) addi a0, a0, 1228
x10 <- 0x000CCCCCCCCCCCCC
mem[X,0x000000008002F1E0] -> 0x1513
mem[X,0x000000008002F1E2] -> 0x00A5
[7220] [M]: 0x000000008002F1E0 (0x00A51513) slli a0, a0, 10
x10 <- 0x3333333333333000
mem[X,0x000000008002F1E4] -> 0x0513
mem[X,0x000000008002F1E6] -> 0x3325
[7221] [M]: 0x000000008002F1E4 (0x33250513) addi a0, a0, 818
x10 <- 0x3333333333333332
mem[X,0x000000008002F1E8] -> 0x05B7
mem[X,0x000000008002F1EA] -> 0x0000
[7222] [M]: 0x000000008002F1E8 (0x000005B7) lui a1, 0
x11 <- 0x0000000000000000
mem[X,0x000000008002F1EC] -> 0x8593
mem[X,0x000000008002F1EE] -> 0x0005
[7223] [M]: 0x000000008002F1EC (0x00058593) addi a1, a1, 0
x11 <- 0x0000000000000000
mem[X,0x000000008002F1F0] -> 0x9593
mem[X,0x000000008002F1F2] -> 0x00B5
[7224] [M]: 0x000000008002F1F0 (0x00B59593) slli a1, a1, 11
x11 <- 0x0000000000000000
mem[X,0x000000008002F1F4] -> 0x8593
mem[X,0x000000008002F1F6] -> 0x5A85
[7225] [M]: 0x000000008002F1F4 (0x5A858593) addi a1, a1, 1448
x11 <- 0x00000000000005A8
mem[X,0x000000008002F1F8] -> 0x9593
mem[X,0x000000008002F1FA] -> 0x00B5
[7226] [M]: 0x000000008002F1F8 (0x00B59593) slli a1, a1, 11
x11 <- 0x00000000002D4000
mem[X,0x000000008002F1FC] -> 0x8593
mem[X,0x000000008002F1FE] -> 0x13C5
[7227] [M]: 0x000000008002F1FC (0x13C58593) addi a1, a1, 316
x11 <- 0x00000000002D413C
mem[X,0x000000008002F200] -> 0x9593
mem[X,0x000000008002F202] -> 0x00A5
[7228] [M]: 0x000000008002F200 (0x00A59593) slli a1, a1, 10
x11 <- 0x00000000B504F000
mem[X,0x000000008002F204] -> 0x8593
mem[X,0x000000008002F206] -> 0x3345
[7229] [M]: 0x000000008002F204 (0x33458593) addi a1, a1, 820
x11 <- 0x00000000B504F334
mem[X,0x000000008002F208] -> 0x0113
mem[X,0x000000008002F20A] -> 0x0000
[7230] [M]: 0x000000008002F208 (0x00000113) addi sp, zero, 0
x2 <- 0x0000000000000000
mem[X,0x000000008002F20C] -> 0x006F
mem[X,0x000000008002F20E] -> 0x00C0
[7231] [M]: 0x000000008002F20C (0x00C0006F) jal zero, 12
mem[X,0x000000008002F218] -> 0x1CE3
mem[X,0x000000008002F21A] -> 0xFEB5
[7232] [M]: 0x000000008002F218 (0xFEB51CE3) bne a0, a1, 8184
mem[X,0x000000008002F210] -> 0x0113
mem[X,0x000000008002F212] -> 0x0011
[7233] [M]: 0x000000008002F210 (0x00110113) addi sp, sp, 1
x2 <- 0x0000000000000001
mem[X,0x000000008002F214] -> 0x006F
mem[X,0x000000008002F216] -> 0x0180
[7234] [M]: 0x000000008002F214 (0x0180006F) jal zero, 24
mem[X,0x000000008002F22C] -> 0xB023
mem[X,0x000000008002F22E] -> 0x5C20
[7235] [M]: 0x000000008002F22C (0x5C20B023) sd sp, 1472(ra)
mem[0x0000000080045F98] <- 0x0000000000000001
mem[X,0x000000008002F230] -> 0x6537
mem[X,0x000000008002F232] -> 0x6666
[7236] [M]: 0x000000008002F230 (0x66666537) lui a0, 419430
x10 <- 0x0000000066666000
mem[X,0x000000008002F234] -> 0x0513
mem[X,0x000000008002F236] -> 0x6665
[7237] [M]: 0x000000008002F234 (0x66650513) addi a0, a0, 1638
x10 <- 0x0000000066666666
mem[X,0x000000008002F238] -> 0x1513
mem[X,0x000000008002F23A] -> 0x00B5
[7238] [M]: 0x000000008002F238 (0x00B51513) slli a0, a0, 11
x10 <- 0x0000033333333000
mem[X,0x000000008002F23C] -> 0x0513
mem[X,0x000000008002F23E] -> 0x3335
[7239] [M]: 0x000000008002F23C (0x33350513) addi a0, a0, 819
x10 <- 0x0000033333333333
mem[X,0x000000008002F240] -> 0x1513
mem[X,0x000000008002F242] -> 0x00B5
[7240] [M]: 0x000000008002F240 (0x00B51513) slli a0, a0, 11
x10 <- 0x0019999999999800
mem[X,0x000000008002F244] -> 0x0513
mem[X,0x000000008002F246] -> 0x1995
[7241] [M]: 0x000000008002F244 (0x19950513) addi a0, a0, 409
x10 <- 0x0019999999999999
mem[X,0x000000008002F248] -> 0x1513
mem[X,0x000000008002F24A] -> 0x00A5
[7242] [M]: 0x000000008002F248 (0x00A51513) slli a0, a0, 10
x10 <- 0x6666666666666400
mem[X,0x000000008002F24C] -> 0x0513
mem[X,0x000000008002F24E] -> 0x2655
[7243] [M]: 0x000000008002F24C (0x26550513) addi a0, a0, 613
x10 <- 0x6666666666666665
mem[X,0x000000008002F250] -> 0x0593
mem[X,0x000000008002F252] -> 0x0030
[7244] [M]: 0x000000008002F250 (0x00300593) addi a1, zero, 3
x11 <- 0x0000000000000003
mem[X,0x000000008002F254] -> 0x0113
mem[X,0x000000008002F256] -> 0x0000
[7245] [M]: 0x000000008002F254 (0x00000113) addi sp, zero, 0
x2 <- 0x0000000000000000
mem[X,0x000000008002F258] -> 0x006F
mem[X,0x000000008002F25A] -> 0x0180
[7246] [M]: 0x000000008002F258 (0x0180006F) jal zero, 24
mem[X,0x000000008002F270] -> 0x16E3
mem[X,0x000000008002F272] -> 0xFEB5
[7247] [M]: 0x000000008002F270 (0xFEB516E3) bne a0, a1, 8172
mem[X,0x000000008002F25C] -> 0x0113
mem[X,0x000000008002F25E] -> 0x0011
[7248] [M]: 0x000000008002F25C (0x00110113) addi sp, sp, 1
x2 <- 0x0000000000000001
mem[X,0x000000008002F260] -> 0x006F
mem[X,0x000000008002F262] -> 0x0240
[7249] [M]: 0x000000008002F260 (0x0240006F) jal zero, 36
mem[X,0x000000008002F284] -> 0xB423
mem[X,0x000000008002F286] -> 0x5C20
[7250] [M]: 0x000000008002F284 (0x5C20B423) sd sp, 1480(ra)
mem[0x0000000080045FA0] <- 0x0000000000000001
mem[X,0x000000008002F288] -> 0x6537
mem[X,0x000000008002F28A] -> 0x6666
[7251] [M]: 0x000000008002F288 (0x66666537) lui a0, 419430
x10 <- 0x0000000066666000
mem[X,0x000000008002F28C] -> 0x0513
mem[X,0x000000008002F28E] -> 0x6665
[7252] [M]: 0x000000008002F28C (0x66650513) addi a0, a0, 1638
x10 <- 0x0000000066666666
mem[X,0x000000008002F290] -> 0x1513
mem[X,0x000000008002F292] -> 0x00B5
[7253] [M]: 0x000000008002F290 (0x00B51513) slli a0, a0, 11
x10 <- 0x0000033333333000
mem[X,0x000000008002F294] -> 0x0513
mem[X,0x000000008002F296] -> 0x3335
[7254] [M]: 0x000000008002F294 (0x33350513) addi a0, a0, 819
x10 <- 0x0000033333333333
mem[X,0x000000008002F298] -> 0x1513
mem[X,0x000000008002F29A] -> 0x00B5
[7255] [M]: 0x000000008002F298 (0x00B51513) slli a0, a0, 11
x10 <- 0x0019999999999800
mem[X,0x000000008002F29C] -> 0x0513
mem[X,0x000000008002F29E] -> 0x1995
[7256] [M]: 0x000000008002F29C (0x19950513) addi a0, a0, 409
x10 <- 0x0019999999999999
mem[X,0x000000008002F2A0] -> 0x1513
mem[X,0x000000008002F2A2] -> 0x00A5
[7257] [M]: 0x000000008002F2A0 (0x00A51513) slli a0, a0, 10
x10 <- 0x6666666666666400
mem[X,0x000000008002F2A4] -> 0x0513
mem[X,0x000000008002F2A6] -> 0x2655
[7258] [M]: 0x000000008002F2A4 (0x26550513) addi a0, a0, 613
x10 <- 0x6666666666666665
mem[X,0x000000008002F2A8] -> 0x55B7
mem[X,0x000000008002F2AA] -> 0x5555
[7259] [M]: 0x000000008002F2A8 (0x555555B7) lui a1, 349525
x11 <- 0x0000000055555000
mem[X,0x000000008002F2AC] -> 0x8593
mem[X,0x000000008002F2AE] -> 0x5555
[7260] [M]: 0x000000008002F2AC (0x55558593) addi a1, a1, 1365
x11 <- 0x0000000055555555
mem[X,0x000000008002F2B0] -> 0x9593
mem[X,0x000000008002F2B2] -> 0x00B5
[7261] [M]: 0x000000008002F2B0 (0x00B59593) slli a1, a1, 11
x11 <- 0x000002AAAAAAA800
mem[X,0x000000008002F2B4] -> 0x8593
mem[X,0x000000008002F2B6] -> 0x2AA5
[7262] [M]: 0x000000008002F2B4 (0x2AA58593) addi a1, a1, 682
x11 <- 0x000002AAAAAAAAAA
mem[X,0x000000008002F2B8] -> 0x9593
mem[X,0x000000008002F2BA] -> 0x00B5
[7263] [M]: 0x000000008002F2B8 (0x00B59593) slli a1, a1, 11
x11 <- 0x0015555555555000
mem[X,0x000000008002F2BC] -> 0x8593
mem[X,0x000000008002F2BE] -> 0x5555
[7264] [M]: 0x000000008002F2BC (0x55558593) addi a1, a1, 1365
x11 <- 0x0015555555555555
mem[X,0x000000008002F2C0] -> 0x9593
mem[X,0x000000008002F2C2] -> 0x00A5
[7265] [M]: 0x000000008002F2C0 (0x00A59593) slli a1, a1, 10
x11 <- 0x5555555555555400
mem[X,0x000000008002F2C4] -> 0x8593
mem[X,0x000000008002F2C6] -> 0x1555
[7266] [M]: 0x000000008002F2C4 (0x15558593) addi a1, a1, 341
x11 <- 0x5555555555555555
mem[X,0x000000008002F2C8] -> 0x0113
mem[X,0x000000008002F2CA] -> 0x0000
[7267] [M]: 0x000000008002F2C8 (0x00000113) addi sp, zero, 0
x2 <- 0x0000000000000000
mem[X,0x000000008002F2CC] -> 0x006F
mem[X,0x000000008002F2CE] -> 0x2B10
[7268] [M]: 0x000000008002F2CC (0x2B10006F) jal zero, 2736
mem[X,0x000000008002FD7C] -> 0x1A63
mem[X,0x000000008002FD7E] -> 0xD4B5
[7269] [M]: 0x000000008002FD7C (0xD4B51A63) bne a0, a1, 5460
mem[X,0x000000008002F2D0] -> 0x0113
mem[X,0x000000008002F2D2] -> 0x0011
[7270] [M]: 0x000000008002F2D0 (0x00110113) addi sp, sp, 1
x2 <- 0x0000000000000001
mem[X,0x000000008002F2D4] -> 0x006F
mem[X,0x000000008002F2D6] -> 0x2BD0
[7271] [M]: 0x000000008002F2D4 (0x2BD0006F) jal zero, 2748
mem[X,0x000000008002FD90] -> 0xB823
mem[X,0x000000008002FD92] -> 0x5C20
[7272] [M]: 0x000000008002FD90 (0x5C20B823) sd sp, 1488(ra)
mem[0x0000000080045FA8] <- 0x0000000000000001
mem[X,0x000000008002FD94] -> 0x6537
mem[X,0x000000008002FD96] -> 0x6666
[7273] [M]: 0x000000008002FD94 (0x66666537) lui a0, 419430
x10 <- 0x0000000066666000
mem[X,0x000000008002FD98] -> 0x0513
mem[X,0x000000008002FD9A] -> 0x6665
[7274] [M]: 0x000000008002FD98 (0x66650513) addi a0, a0, 1638
x10 <- 0x0000000066666666
mem[X,0x000000008002FD9C] -> 0x1513
mem[X,0x000000008002FD9E] -> 0x00B5
[7275] [M]: 0x000000008002FD9C (0x00B51513) slli a0, a0, 11
x10 <- 0x0000033333333000
mem[X,0x000000008002FDA0] -> 0x0513
mem[X,0x000000008002FDA2] -> 0x3335
[7276] [M]: 0x000000008002FDA0 (0x33350513) addi a0, a0, 819
x10 <- 0x0000033333333333
mem[X,0x000000008002FDA4] -> 0x1513
mem[X,0x000000008002FDA6] -> 0x00B5
[7277] [M]: 0x000000008002FDA4 (0x00B51513) slli a0, a0, 11
x10 <- 0x0019999999999800
mem[X,0x000000008002FDA8] -> 0x0513
mem[X,0x000000008002FDAA] -> 0x1995
[7278] [M]: 0x000000008002FDA8 (0x19950513) addi a0, a0, 409
x10 <- 0x0019999999999999
mem[X,0x000000008002FDAC] -> 0x1513
mem[X,0x000000008002FDAE] -> 0x00A5
[7279] [M]: 0x000000008002FDAC (0x00A51513) slli a0, a0, 10
x10 <- 0x6666666666666400
mem[X,0x000000008002FDB0] -> 0x0513
mem[X,0x000000008002FDB2] -> 0x2655
[7280] [M]: 0x000000008002FDB0 (0x26550513) addi a0, a0, 613
x10 <- 0x6666666666666665
mem[X,0x000000008002FDB4] -> 0xB5B7
mem[X,0x000000008002FDB6] -> 0xAAAA
[7281] [M]: 0x000000008002FDB4 (0xAAAAB5B7) lui a1, 699051
x11 <- 0xFFFFFFFFAAAAB000
mem[X,0x000000008002FDB8] -> 0x8593
mem[X,0x000000008002FDBA] -> 0xAAA5
[7282] [M]: 0x000000008002FDB8 (0xAAA58593) addi a1, a1, 2730
x11 <- 0xFFFFFFFFAAAAAAAA
mem[X,0x000000008002FDBC] -> 0x9593
mem[X,0x000000008002FDBE] -> 0x00B5
[7283] [M]: 0x000000008002FDBC (0x00B59593) slli a1, a1, 11
x11 <- 0xFFFFFD5555555000
mem[X,0x000000008002FDC0] -> 0x8593
mem[X,0x000000008002FDC2] -> 0x5555
[7284] [M]: 0x000000008002FDC0 (0x55558593) addi a1, a1, 1365
x11 <- 0xFFFFFD5555555555
mem[X,0x000000008002FDC4] -> 0x9593
mem[X,0x000000008002FDC6] -> 0x00B5
[7285] [M]: 0x000000008002FDC4 (0x00B59593) slli a1, a1, 11
x11 <- 0xFFEAAAAAAAAAA800
mem[X,0x000000008002FDC8] -> 0x8593
mem[X,0x000000008002FDCA] -> 0x2AA5
[7286] [M]: 0x000000008002FDC8 (0x2AA58593) addi a1, a1, 682
x11 <- 0xFFEAAAAAAAAAAAAA
mem[X,0x000000008002FDCC] -> 0x9593
mem[X,0x000000008002FDCE] -> 0x00A5
[7287] [M]: 0x000000008002FDCC (0x00A59593) slli a1, a1, 10
x11 <- 0xAAAAAAAAAAAAA800
mem[X,0x000000008002FDD0] -> 0x8593
mem[X,0x000000008002FDD2] -> 0x2AA5
[7288] [M]: 0x000000008002FDD0 (0x2AA58593) addi a1, a1, 682
x11 <- 0xAAAAAAAAAAAAAAAA
mem[X,0x000000008002FDD4] -> 0x0113
mem[X,0x000000008002FDD6] -> 0x0000
[7289] [M]: 0x000000008002FDD4 (0x00000113) addi sp, zero, 0
x2 <- 0x0000000000000000
mem[X,0x000000008002FDD8] -> 0x006F
mem[X,0x000000008002FDDA] -> 0x00C0
[7290] [M]: 0x000000008002FDD8 (0x00C0006F) jal zero, 12
mem[X,0x000000008002FDE4] -> 0x1663
mem[X,0x000000008002FDE6] -> 0x00B5
[7291] [M]: 0x000000008002FDE4 (0x00B51663) bne a0, a1, 12
mem[X,0x000000008002FDF0] -> 0x0113
mem[X,0x000000008002FDF2] -> 0x0031
[7292] [M]: 0x000000008002FDF0 (0x00310113) addi sp, sp, 3
x2 <- 0x0000000000000003
mem[X,0x000000008002FDF4] -> 0x006F
mem[X,0x000000008002FDF6] -> 0x0040
[7293] [M]: 0x000000008002FDF4 (0x0040006F) jal zero, 4
mem[X,0x000000008002FDF8] -> 0xBC23
mem[X,0x000000008002FDFA] -> 0x5C20
[7294] [M]: 0x000000008002FDF8 (0x5C20BC23) sd sp, 1496(ra)
mem[0x0000000080045FB0] <- 0x0000000000000003
mem[X,0x000000008002FDFC] -> 0x6537
mem[X,0x000000008002FDFE] -> 0x6666
[7295] [M]: 0x000000008002FDFC (0x66666537) lui a0, 419430
x10 <- 0x0000000066666000
mem[X,0x000000008002FE00] -> 0x0513
mem[X,0x000000008002FE02] -> 0x6665
[7296] [M]: 0x000000008002FE00 (0x66650513) addi a0, a0, 1638
x10 <- 0x0000000066666666
mem[X,0x000000008002FE04] -> 0x1513
mem[X,0x000000008002FE06] -> 0x00B5
[7297] [M]: 0x000000008002FE04 (0x00B51513) slli a0, a0, 11
x10 <- 0x0000033333333000
mem[X,0x000000008002FE08] -> 0x0513
mem[X,0x000000008002FE0A] -> 0x3335
[7298] [M]: 0x000000008002FE08 (0x33350513) addi a0, a0, 819
x10 <- 0x0000033333333333
mem[X,0x000000008002FE0C] -> 0x1513
mem[X,0x000000008002FE0E] -> 0x00B5
[7299] [M]: 0x000000008002FE0C (0x00B51513) slli a0, a0, 11
x10 <- 0x0019999999999800
clint::tick mtime <- 0x0000000000000049
 clint timer pending at mtime 0x0000000000000049
htif::tick 0x0000000000000000
mem[X,0x000000008002FE10] -> 0x0513
mem[X,0x000000008002FE12] -> 0x1995
[7300] [M]: 0x000000008002FE10 (0x19950513) addi a0, a0, 409
x10 <- 0x0019999999999999
mem[X,0x000000008002FE14] -> 0x1513
mem[X,0x000000008002FE16] -> 0x00A5
[7301] [M]: 0x000000008002FE14 (0x00A51513) slli a0, a0, 10
x10 <- 0x6666666666666400
mem[X,0x000000008002FE18] -> 0x0513
mem[X,0x000000008002FE1A] -> 0x2655
[7302] [M]: 0x000000008002FE18 (0x26550513) addi a0, a0, 613
x10 <- 0x6666666666666665
mem[X,0x000000008002FE1C] -> 0x0593
mem[X,0x000000008002FE1E] -> 0x0050
[7303] [M]: 0x000000008002FE1C (0x00500593) addi a1, zero, 5
x11 <- 0x0000000000000005
mem[X,0x000000008002FE20] -> 0x0113
mem[X,0x000000008002FE22] -> 0x0000
[7304] [M]: 0x000000008002FE20 (0x00000113) addi sp, zero, 0
x2 <- 0x0000000000000000
mem[X,0x000000008002FE24] -> 0x006F
mem[X,0x000000008002FE26] -> 0x00C0
[7305] [M]: 0x000000008002FE24 (0x00C0006F) jal zero, 12
mem[X,0x000000008002FE30] -> 0x1CE3
mem[X,0x000000008002FE32] -> 0xFEB5
[7306] [M]: 0x000000008002FE30 (0xFEB51CE3) bne a0, a1, 8184
mem[X,0x000000008002FE28] -> 0x0113
mem[X,0x000000008002FE2A] -> 0x0011
[7307] [M]: 0x000000008002FE28 (0x00110113) addi sp, sp, 1
x2 <- 0x0000000000000001
mem[X,0x000000008002FE2C] -> 0x006F
mem[X,0x000000008002FE2E] -> 0x0180
[7308] [M]: 0x000000008002FE2C (0x0180006F) jal zero, 24
mem[X,0x000000008002FE44] -> 0xB023
mem[X,0x000000008002FE46] -> 0x5E20
[7309] [M]: 0x000000008002FE44 (0x5E20B023) sd sp, 1504(ra)
mem[0x0000000080045FB8] <- 0x0000000000000001
mem[X,0x000000008002FE48] -> 0x6537
mem[X,0x000000008002FE4A] -> 0x6666
[7310] [M]: 0x000000008002FE48 (0x66666537) lui a0, 419430
x10 <- 0x0000000066666000
mem[X,0x000000008002FE4C] -> 0x0513
mem[X,0x000000008002FE4E] -> 0x6665
[7311] [M]: 0x000000008002FE4C (0x66650513) addi a0, a0, 1638
x10 <- 0x0000000066666666
mem[X,0x000000008002FE50] -> 0x1513
mem[X,0x000000008002FE52] -> 0x00B5
[7312] [M]: 0x000000008002FE50 (0x00B51513) slli a0, a0, 11
x10 <- 0x0000033333333000
mem[X,0x000000008002FE54] -> 0x0513
mem[X,0x000000008002FE56] -> 0x3335
[7313] [M]: 0x000000008002FE54 (0x33350513) addi a0, a0, 819
x10 <- 0x0000033333333333
mem[X,0x000000008002FE58] -> 0x1513
mem[X,0x000000008002FE5A] -> 0x00B5
[7314] [M]: 0x000000008002FE58 (0x00B51513) slli a0, a0, 11
x10 <- 0x0019999999999800
mem[X,0x000000008002FE5C] -> 0x0513
mem[X,0x000000008002FE5E] -> 0x1995
[7315] [M]: 0x000000008002FE5C (0x19950513) addi a0, a0, 409
x10 <- 0x0019999999999999
mem[X,0x000000008002FE60] -> 0x1513
mem[X,0x000000008002FE62] -> 0x00A5
[7316] [M]: 0x000000008002FE60 (0x00A51513) slli a0, a0, 10
x10 <- 0x6666666666666400
mem[X,0x000000008002FE64] -> 0x0513
mem[X,0x000000008002FE66] -> 0x2655
[7317] [M]: 0x000000008002FE64 (0x26550513) addi a0, a0, 613
x10 <- 0x6666666666666665
mem[X,0x000000008002FE68] -> 0x35B7
mem[X,0x000000008002FE6A] -> 0x3333
[7318] [M]: 0x000000008002FE68 (0x333335B7) lui a1, 209715
x11 <- 0x0000000033333000
mem[X,0x000000008002FE6C] -> 0x8593
mem[X,0x000000008002FE6E] -> 0x3335
[7319] [M]: 0x000000008002FE6C (0x33358593) addi a1, a1, 819
x11 <- 0x0000000033333333
mem[X,0x000000008002FE70] -> 0x9593
mem[X,0x000000008002FE72] -> 0x00B5
[7320] [M]: 0x000000008002FE70 (0x00B59593) slli a1, a1, 11
x11 <- 0x0000019999999800
mem[X,0x000000008002FE74] -> 0x8593
mem[X,0x000000008002FE76] -> 0x1995
[7321] [M]: 0x000000008002FE74 (0x19958593) addi a1, a1, 409
x11 <- 0x0000019999999999
mem[X,0x000000008002FE78] -> 0x9593
mem[X,0x000000008002FE7A] -> 0x00B5
[7322] [M]: 0x000000008002FE78 (0x00B59593) slli a1, a1, 11
x11 <- 0x000CCCCCCCCCC800
mem[X,0x000000008002FE7C] -> 0x8593
mem[X,0x000000008002FE7E] -> 0x4CC5
[7323] [M]: 0x000000008002FE7C (0x4CC58593) addi a1, a1, 1228
x11 <- 0x000CCCCCCCCCCCCC
mem[X,0x000000008002FE80] -> 0x9593
mem[X,0x000000008002FE82] -> 0x00A5
[7324] [M]: 0x000000008002FE80 (0x00A59593) slli a1, a1, 10
x11 <- 0x3333333333333000
mem[X,0x000000008002FE84] -> 0x8593
mem[X,0x000000008002FE86] -> 0x3335
[7325] [M]: 0x000000008002FE84 (0x33358593) addi a1, a1, 819
x11 <- 0x3333333333333333
mem[X,0x000000008002FE88] -> 0x0113
mem[X,0x000000008002FE8A] -> 0x0000
[7326] [M]: 0x000000008002FE88 (0x00000113) addi sp, zero, 0
x2 <- 0x0000000000000000
mem[X,0x000000008002FE8C] -> 0x006F
mem[X,0x000000008002FE8E] -> 0x00C0
[7327] [M]: 0x000000008002FE8C (0x00C0006F) jal zero, 12
mem[X,0x000000008002FE98] -> 0x1CE3
mem[X,0x000000008002FE9A] -> 0xFEB5
[7328] [M]: 0x000000008002FE98 (0xFEB51CE3) bne a0, a1, 8184
mem[X,0x000000008002FE90] -> 0x0113
mem[X,0x000000008002FE92] -> 0x0011
[7329] [M]: 0x000000008002FE90 (0x00110113) addi sp, sp, 1
x2 <- 0x0000000000000001
mem[X,0x000000008002FE94] -> 0x006F
mem[X,0x000000008002FE96] -> 0x0180
[7330] [M]: 0x000000008002FE94 (0x0180006F) jal zero, 24
mem[X,0x000000008002FEAC] -> 0xB423
mem[X,0x000000008002FEAE] -> 0x5E20
[7331] [M]: 0x000000008002FEAC (0x5E20B423) sd sp, 1512(ra)
mem[0x0000000080045FC0] <- 0x0000000000000001
mem[X,0x000000008002FEB0] -> 0x6537
mem[X,0x000000008002FEB2] -> 0x6666
[7332] [M]: 0x000000008002FEB0 (0x66666537) lui a0, 419430
x10 <- 0x0000000066666000
mem[X,0x000000008002FEB4] -> 0x0513
mem[X,0x000000008002FEB6] -> 0x6665
[7333] [M]: 0x000000008002FEB4 (0x66650513) addi a0, a0, 1638
x10 <- 0x0000000066666666
mem[X,0x000000008002FEB8] -> 0x1513
mem[X,0x000000008002FEBA] -> 0x00B5
[7334] [M]: 0x000000008002FEB8 (0x00B51513) slli a0, a0, 11
x10 <- 0x0000033333333000
mem[X,0x000000008002FEBC] -> 0x0513
mem[X,0x000000008002FEBE] -> 0x3335
[7335] [M]: 0x000000008002FEBC (0x33350513) addi a0, a0, 819
x10 <- 0x0000033333333333
mem[X,0x000000008002FEC0] -> 0x1513
mem[X,0x000000008002FEC2] -> 0x00B5
[7336] [M]: 0x000000008002FEC0 (0x00B51513) slli a0, a0, 11
x10 <- 0x0019999999999800
mem[X,0x000000008002FEC4] -> 0x0513
mem[X,0x000000008002FEC6] -> 0x1995
[7337] [M]: 0x000000008002FEC4 (0x19950513) addi a0, a0, 409
x10 <- 0x0019999999999999
mem[X,0x000000008002FEC8] -> 0x1513
mem[X,0x000000008002FECA] -> 0x00A5
[7338] [M]: 0x000000008002FEC8 (0x00A51513) slli a0, a0, 10
x10 <- 0x6666666666666400
mem[X,0x000000008002FECC] -> 0x0513
mem[X,0x000000008002FECE] -> 0x2655
[7339] [M]: 0x000000008002FECC (0x26550513) addi a0, a0, 613
x10 <- 0x6666666666666665
mem[X,0x000000008002FED0] -> 0x65B7
mem[X,0x000000008002FED2] -> 0x6666
[7340] [M]: 0x000000008002FED0 (0x666665B7) lui a1, 419430
x11 <- 0x0000000066666000
mem[X,0x000000008002FED4] -> 0x8593
mem[X,0x000000008002FED6] -> 0x6665
[7341] [M]: 0x000000008002FED4 (0x66658593) addi a1, a1, 1638
x11 <- 0x0000000066666666
mem[X,0x000000008002FED8] -> 0x9593
mem[X,0x000000008002FEDA] -> 0x00B5
[7342] [M]: 0x000000008002FED8 (0x00B59593) slli a1, a1, 11
x11 <- 0x0000033333333000
mem[X,0x000000008002FEDC] -> 0x8593
mem[X,0x000000008002FEDE] -> 0x3335
[7343] [M]: 0x000000008002FEDC (0x33358593) addi a1, a1, 819
x11 <- 0x0000033333333333
mem[X,0x000000008002FEE0] -> 0x9593
mem[X,0x000000008002FEE2] -> 0x00B5
[7344] [M]: 0x000000008002FEE0 (0x00B59593) slli a1, a1, 11
x11 <- 0x0019999999999800
mem[X,0x000000008002FEE4] -> 0x8593
mem[X,0x000000008002FEE6] -> 0x1995
[7345] [M]: 0x000000008002FEE4 (0x19958593) addi a1, a1, 409
x11 <- 0x0019999999999999
mem[X,0x000000008002FEE8] -> 0x9593
mem[X,0x000000008002FEEA] -> 0x00A5
[7346] [M]: 0x000000008002FEE8 (0x00A59593) slli a1, a1, 10
x11 <- 0x6666666666666400
mem[X,0x000000008002FEEC] -> 0x8593
mem[X,0x000000008002FEEE] -> 0x2665
[7347] [M]: 0x000000008002FEEC (0x26658593) addi a1, a1, 614
x11 <- 0x6666666666666666
mem[X,0x000000008002FEF0] -> 0x0113
mem[X,0x000000008002FEF2] -> 0x0000
[7348] [M]: 0x000000008002FEF0 (0x00000113) addi sp, zero, 0
x2 <- 0x0000000000000000
mem[X,0x000000008002FEF4] -> 0x006F
mem[X,0x000000008002FEF6] -> 0x00C0
[7349] [M]: 0x000000008002FEF4 (0x00C0006F) jal zero, 12
mem[X,0x000000008002FF00] -> 0x1063
mem[X,0x000000008002FF02] -> 0x04B5
[7350] [M]: 0x000000008002FF00 (0x04B51063) bne a0, a1, 64
mem[X,0x000000008002FF40] -> 0x0113
mem[X,0x000000008002FF42] -> 0x0031
[7351] [M]: 0x000000008002FF40 (0x00310113) addi sp, sp, 3
x2 <- 0x0000000000000003
mem[X,0x000000008002FF44] -> 0x006F
mem[X,0x000000008002FF46] -> 0x0040
[7352] [M]: 0x000000008002FF44 (0x0040006F) jal zero, 4
mem[X,0x000000008002FF48] -> 0xB823
mem[X,0x000000008002FF4A] -> 0x5E20
[7353] [M]: 0x000000008002FF48 (0x5E20B823) sd sp, 1520(ra)
mem[0x0000000080045FC8] <- 0x0000000000000003
mem[X,0x000000008002FF4C] -> 0x6537
mem[X,0x000000008002FF4E] -> 0x6666
[7354] [M]: 0x000000008002FF4C (0x66666537) lui a0, 419430
x10 <- 0x0000000066666000
mem[X,0x000000008002FF50] -> 0x0513
mem[X,0x000000008002FF52] -> 0x6665
[7355] [M]: 0x000000008002FF50 (0x66650513) addi a0, a0, 1638
x10 <- 0x0000000066666666
mem[X,0x000000008002FF54] -> 0x1513
mem[X,0x000000008002FF56] -> 0x00B5
[7356] [M]: 0x000000008002FF54 (0x00B51513) slli a0, a0, 11
x10 <- 0x0000033333333000
mem[X,0x000000008002FF58] -> 0x0513
mem[X,0x000000008002FF5A] -> 0x3335
[7357] [M]: 0x000000008002FF58 (0x33350513) addi a0, a0, 819
x10 <- 0x0000033333333333
mem[X,0x000000008002FF5C] -> 0x1513
mem[X,0x000000008002FF5E] -> 0x00B5
[7358] [M]: 0x000000008002FF5C (0x00B51513) slli a0, a0, 11
x10 <- 0x0019999999999800
mem[X,0x000000008002FF60] -> 0x0513
mem[X,0x000000008002FF62] -> 0x1995
[7359] [M]: 0x000000008002FF60 (0x19950513) addi a0, a0, 409
x10 <- 0x0019999999999999
mem[X,0x000000008002FF64] -> 0x1513
mem[X,0x000000008002FF66] -> 0x00A5
[7360] [M]: 0x000000008002FF64 (0x00A51513) slli a0, a0, 10
x10 <- 0x6666666666666400
mem[X,0x000000008002FF68] -> 0x0513
mem[X,0x000000008002FF6A] -> 0x2655
[7361] [M]: 0x000000008002FF68 (0x26550513) addi a0, a0, 613
x10 <- 0x6666666666666665
mem[X,0x000000008002FF6C] -> 0x05B7
mem[X,0x000000008002FF6E] -> 0x0000
[7362] [M]: 0x000000008002FF6C (0x000005B7) lui a1, 0
x11 <- 0x0000000000000000
mem[X,0x000000008002FF70] -> 0x8593
mem[X,0x000000008002FF72] -> 0xFFF5
[7363] [M]: 0x000000008002FF70 (0xFFF58593) addi a1, a1, 4095
x11 <- 0xFFFFFFFFFFFFFFFF
mem[X,0x000000008002FF74] -> 0x9593
mem[X,0x000000008002FF76] -> 0x00B5
[7364] [M]: 0x000000008002FF74 (0x00B59593) slli a1, a1, 11
x11 <- 0xFFFFFFFFFFFFF800
mem[X,0x000000008002FF78] -> 0x8593
mem[X,0x000000008002FF7A] -> 0x2575
[7365] [M]: 0x000000008002FF78 (0x25758593) addi a1, a1, 599
x11 <- 0xFFFFFFFFFFFFFA57
mem[X,0x000000008002FF7C] -> 0x9593
mem[X,0x000000008002FF7E] -> 0x00B5
[7366] [M]: 0x000000008002FF7C (0x00B59593) slli a1, a1, 11
x11 <- 0xFFFFFFFFFFD2B800
mem[X,0x000000008002FF80] -> 0x8593
mem[X,0x000000008002FF82] -> 0x6C35
[7367] [M]: 0x000000008002FF80 (0x6C358593) addi a1, a1, 1731
x11 <- 0xFFFFFFFFFFD2BEC3
mem[X,0x000000008002FF84] -> 0x9593
mem[X,0x000000008002FF86] -> 0x00A5
[7368] [M]: 0x000000008002FF84 (0x00A59593) slli a1, a1, 10
x11 <- 0xFFFFFFFF4AFB0C00
mem[X,0x000000008002FF88] -> 0x8593
mem[X,0x000000008002FF8A] -> 0x0CD5
[7369] [M]: 0x000000008002FF88 (0x0CD58593) addi a1, a1, 205
x11 <- 0xFFFFFFFF4AFB0CCD
mem[X,0x000000008002FF8C] -> 0x0113
mem[X,0x000000008002FF8E] -> 0x0000
[7370] [M]: 0x000000008002FF8C (0x00000113) addi sp, zero, 0
x2 <- 0x0000000000000000
mem[X,0x000000008002FF90] -> 0x006F
mem[X,0x000000008002FF92] -> 0x0100
[7371] [M]: 0x000000008002FF90 (0x0100006F) jal zero, 16
mem[X,0x000000008002FFA0] -> 0x1AE3
mem[X,0x000000008002FFA2] -> 0xFEB5
[7372] [M]: 0x000000008002FFA0 (0xFEB51AE3) bne a0, a1, 8180
mem[X,0x000000008002FF94] -> 0x0113
mem[X,0x000000008002FF96] -> 0x0011
[7373] [M]: 0x000000008002FF94 (0x00110113) addi sp, sp, 1
x2 <- 0x0000000000000001
mem[X,0x000000008002FF98] -> 0x006F
mem[X,0x000000008002FF9A] -> 0x01C0
[7374] [M]: 0x000000008002FF98 (0x01C0006F) jal zero, 28
mem[X,0x000000008002FFB4] -> 0xBC23
mem[X,0x000000008002FFB6] -> 0x5E20
[7375] [M]: 0x000000008002FFB4 (0x5E20BC23) sd sp, 1528(ra)
mem[0x0000000080045FD0] <- 0x0000000000000001
mem[X,0x000000008002FFB8] -> 0x6537
mem[X,0x000000008002FFBA] -> 0x6666
[7376] [M]: 0x000000008002FFB8 (0x66666537) lui a0, 419430
x10 <- 0x0000000066666000
mem[X,0x000000008002FFBC] -> 0x0513
mem[X,0x000000008002FFBE] -> 0x6665
[7377] [M]: 0x000000008002FFBC (0x66650513) addi a0, a0, 1638
x10 <- 0x0000000066666666
mem[X,0x000000008002FFC0] -> 0x1513
mem[X,0x000000008002FFC2] -> 0x00B5
[7378] [M]: 0x000000008002FFC0 (0x00B51513) slli a0, a0, 11
x10 <- 0x0000033333333000
mem[X,0x000000008002FFC4] -> 0x0513
mem[X,0x000000008002FFC6] -> 0x3335
[7379] [M]: 0x000000008002FFC4 (0x33350513) addi a0, a0, 819
x10 <- 0x0000033333333333
mem[X,0x000000008002FFC8] -> 0x1513
mem[X,0x000000008002FFCA] -> 0x00B5
[7380] [M]: 0x000000008002FFC8 (0x00B51513) slli a0, a0, 11
x10 <- 0x0019999999999800
mem[X,0x000000008002FFCC] -> 0x0513
mem[X,0x000000008002FFCE] -> 0x1995
[7381] [M]: 0x000000008002FFCC (0x19950513) addi a0, a0, 409
x10 <- 0x0019999999999999
mem[X,0x000000008002FFD0] -> 0x1513
mem[X,0x000000008002FFD2] -> 0x00A5
[7382] [M]: 0x000000008002FFD0 (0x00A51513) slli a0, a0, 10
x10 <- 0x6666666666666400
mem[X,0x000000008002FFD4] -> 0x0513
mem[X,0x000000008002FFD6] -> 0x2655
[7383] [M]: 0x000000008002FFD4 (0x26550513) addi a0, a0, 613
x10 <- 0x6666666666666665
mem[X,0x000000008002FFD8] -> 0x05B7
mem[X,0x000000008002FFDA] -> 0x0000
[7384] [M]: 0x000000008002FFD8 (0x000005B7) lui a1, 0
x11 <- 0x0000000000000000
mem[X,0x000000008002FFDC] -> 0x8593
mem[X,0x000000008002FFDE] -> 0x0005
[7385] [M]: 0x000000008002FFDC (0x00058593) addi a1, a1, 0
x11 <- 0x0000000000000000
mem[X,0x000000008002FFE0] -> 0x9593
mem[X,0x000000008002FFE2] -> 0x00B5
[7386] [M]: 0x000000008002FFE0 (0x00B59593) slli a1, a1, 11
x11 <- 0x0000000000000000
mem[X,0x000000008002FFE4] -> 0x8593
mem[X,0x000000008002FFE6] -> 0x5A85
[7387] [M]: 0x000000008002FFE4 (0x5A858593) addi a1, a1, 1448
x11 <- 0x00000000000005A8
mem[X,0x000000008002FFE8] -> 0x9593
mem[X,0x000000008002FFEA] -> 0x00B5
[7388] [M]: 0x000000008002FFE8 (0x00B59593) slli a1, a1, 11
x11 <- 0x00000000002D4000
mem[X,0x000000008002FFEC] -> 0x8593
mem[X,0x000000008002FFEE] -> 0x13C5
[7389] [M]: 0x000000008002FFEC (0x13C58593) addi a1, a1, 316
x11 <- 0x00000000002D413C
mem[X,0x000000008002FFF0] -> 0x9593
mem[X,0x000000008002FFF2] -> 0x00A5
[7390] [M]: 0x000000008002FFF0 (0x00A59593) slli a1, a1, 10
x11 <- 0x00000000B504F000
mem[X,0x000000008002FFF4] -> 0x8593
mem[X,0x000000008002FFF6] -> 0x3335
[7391] [M]: 0x000000008002FFF4 (0x33358593) addi a1, a1, 819
x11 <- 0x00000000B504F333
mem[X,0x000000008002FFF8] -> 0x0113
mem[X,0x000000008002FFFA] -> 0x0000
[7392] [M]: 0x000000008002FFF8 (0x00000113) addi sp, zero, 0
x2 <- 0x0000000000000000
mem[X,0x000000008002FFFC] -> 0x006F
mem[X,0x000000008002FFFE] -> 0x00C0
[7393] [M]: 0x000000008002FFFC (0x00C0006F) jal zero, 12
mem[X,0x0000000080030008] -> 0x1CE3
mem[X,0x000000008003000A] -> 0xFEB5
[7394] [M]: 0x0000000080030008 (0xFEB51CE3) bne a0, a1, 8184
mem[X,0x0000000080030000] -> 0x0113
mem[X,0x0000000080030002] -> 0x0011
[7395] [M]: 0x0000000080030000 (0x00110113) addi sp, sp, 1
x2 <- 0x0000000000000001
mem[X,0x0000000080030004] -> 0x006F
mem[X,0x0000000080030006] -> 0x0180
[7396] [M]: 0x0000000080030004 (0x0180006F) jal zero, 24
mem[X,0x000000008003001C] -> 0xB023
mem[X,0x000000008003001E] -> 0x6020
[7397] [M]: 0x000000008003001C (0x6020B023) sd sp, 1536(ra)
mem[0x0000000080045FD8] <- 0x0000000000000001
mem[X,0x0000000080030020] -> 0x6537
mem[X,0x0000000080030022] -> 0x6666
[7398] [M]: 0x0000000080030020 (0x66666537) lui a0, 419430
x10 <- 0x0000000066666000
mem[X,0x0000000080030024] -> 0x0513
mem[X,0x0000000080030026] -> 0x6665
[7399] [M]: 0x0000000080030024 (0x66650513) addi a0, a0, 1638
x10 <- 0x0000000066666666
clint::tick mtime <- 0x000000000000004A
 clint timer pending at mtime 0x000000000000004A
htif::tick 0x0000000000000000
mem[X,0x0000000080030028] -> 0x1513
mem[X,0x000000008003002A] -> 0x00B5
[7400] [M]: 0x0000000080030028 (0x00B51513) slli a0, a0, 11
x10 <- 0x0000033333333000
mem[X,0x000000008003002C] -> 0x0513
mem[X,0x000000008003002E] -> 0x3335
[7401] [M]: 0x000000008003002C (0x33350513) addi a0, a0, 819
x10 <- 0x0000033333333333
mem[X,0x0000000080030030] -> 0x1513
mem[X,0x0000000080030032] -> 0x00B5
[7402] [M]: 0x0000000080030030 (0x00B51513) slli a0, a0, 11
x10 <- 0x0019999999999800
mem[X,0x0000000080030034] -> 0x0513
mem[X,0x0000000080030036] -> 0x1995
[7403] [M]: 0x0000000080030034 (0x19950513) addi a0, a0, 409
x10 <- 0x0019999999999999
mem[X,0x0000000080030038] -> 0x1513
mem[X,0x000000008003003A] -> 0x00A5
[7404] [M]: 0x0000000080030038 (0x00A51513) slli a0, a0, 10
x10 <- 0x6666666666666400
mem[X,0x000000008003003C] -> 0x0513
mem[X,0x000000008003003E] -> 0x2655
[7405] [M]: 0x000000008003003C (0x26550513) addi a0, a0, 613
x10 <- 0x6666666666666665
mem[X,0x0000000080030040] -> 0x0593
mem[X,0x0000000080030042] -> 0x0020
[7406] [M]: 0x0000000080030040 (0x00200593) addi a1, zero, 2
x11 <- 0x0000000000000002
mem[X,0x0000000080030044] -> 0x0113
mem[X,0x0000000080030046] -> 0x0000
[7407] [M]: 0x0000000080030044 (0x00000113) addi sp, zero, 0
x2 <- 0x0000000000000000
mem[X,0x0000000080030048] -> 0x006F
mem[X,0x000000008003004A] -> 0x00C0
[7408] [M]: 0x0000000080030048 (0x00C0006F) jal zero, 12
mem[X,0x0000000080030054] -> 0x1663
mem[X,0x0000000080030056] -> 0x00B5
[7409] [M]: 0x0000000080030054 (0x00B51663) bne a0, a1, 12
mem[X,0x0000000080030060] -> 0x0113
mem[X,0x0000000080030062] -> 0x0031
[7410] [M]: 0x0000000080030060 (0x00310113) addi sp, sp, 3
x2 <- 0x0000000000000003
mem[X,0x0000000080030064] -> 0x006F
mem[X,0x0000000080030066] -> 0x0040
[7411] [M]: 0x0000000080030064 (0x0040006F) jal zero, 4
mem[X,0x0000000080030068] -> 0xB423
mem[X,0x000000008003006A] -> 0x6020
[7412] [M]: 0x0000000080030068 (0x6020B423) sd sp, 1544(ra)
mem[0x0000000080045FE0] <- 0x0000000000000003
mem[X,0x000000008003006C] -> 0x6537
mem[X,0x000000008003006E] -> 0x6666
[7413] [M]: 0x000000008003006C (0x66666537) lui a0, 419430
x10 <- 0x0000000066666000
mem[X,0x0000000080030070] -> 0x0513
mem[X,0x0000000080030072] -> 0x6665
[7414] [M]: 0x0000000080030070 (0x66650513) addi a0, a0, 1638
x10 <- 0x0000000066666666
mem[X,0x0000000080030074] -> 0x1513
mem[X,0x0000000080030076] -> 0x00B5
[7415] [M]: 0x0000000080030074 (0x00B51513) slli a0, a0, 11
x10 <- 0x0000033333333000
mem[X,0x0000000080030078] -> 0x0513
mem[X,0x000000008003007A] -> 0x3335
[7416] [M]: 0x0000000080030078 (0x33350513) addi a0, a0, 819
x10 <- 0x0000033333333333
mem[X,0x000000008003007C] -> 0x1513
mem[X,0x000000008003007E] -> 0x00B5
[7417] [M]: 0x000000008003007C (0x00B51513) slli a0, a0, 11
x10 <- 0x0019999999999800
mem[X,0x0000000080030080] -> 0x0513
mem[X,0x0000000080030082] -> 0x1995
[7418] [M]: 0x0000000080030080 (0x19950513) addi a0, a0, 409
x10 <- 0x0019999999999999
mem[X,0x0000000080030084] -> 0x1513
mem[X,0x0000000080030086] -> 0x00A5
[7419] [M]: 0x0000000080030084 (0x00A51513) slli a0, a0, 10
x10 <- 0x6666666666666400
mem[X,0x0000000080030088] -> 0x0513
mem[X,0x000000008003008A] -> 0x2655
[7420] [M]: 0x0000000080030088 (0x26550513) addi a0, a0, 613
x10 <- 0x6666666666666665
mem[X,0x000000008003008C] -> 0x0593
mem[X,0x000000008003008E] -> 0x0000
[7421] [M]: 0x000000008003008C (0x00000593) addi a1, zero, 0
x11 <- 0x0000000000000000
mem[X,0x0000000080030090] -> 0x0113
mem[X,0x0000000080030092] -> 0x0000
[7422] [M]: 0x0000000080030090 (0x00000113) addi sp, zero, 0
x2 <- 0x0000000000000000
mem[X,0x0000000080030094] -> 0x006F
mem[X,0x0000000080030096] -> 0x00C0
[7423] [M]: 0x0000000080030094 (0x00C0006F) jal zero, 12
mem[X,0x00000000800300A0] -> 0x1063
mem[X,0x00000000800300A2] -> 0x08B5
[7424] [M]: 0x00000000800300A0 (0x08B51063) bne a0, a1, 128
mem[X,0x0000000080030120] -> 0x0113
mem[X,0x0000000080030122] -> 0x0031
[7425] [M]: 0x0000000080030120 (0x00310113) addi sp, sp, 3
x2 <- 0x0000000000000003
mem[X,0x0000000080030124] -> 0x006F
mem[X,0x0000000080030126] -> 0x0040
[7426] [M]: 0x0000000080030124 (0x0040006F) jal zero, 4
mem[X,0x0000000080030128] -> 0xB823
mem[X,0x000000008003012A] -> 0x6020
[7427] [M]: 0x0000000080030128 (0x6020B823) sd sp, 1552(ra)
mem[0x0000000080045FE8] <- 0x0000000000000003
mem[X,0x000000008003012C] -> 0x6537
mem[X,0x000000008003012E] -> 0x6666
[7428] [M]: 0x000000008003012C (0x66666537) lui a0, 419430
x10 <- 0x0000000066666000
mem[X,0x0000000080030130] -> 0x0513
mem[X,0x0000000080030132] -> 0x6665
[7429] [M]: 0x0000000080030130 (0x66650513) addi a0, a0, 1638
x10 <- 0x0000000066666666
mem[X,0x0000000080030134] -> 0x1513
mem[X,0x0000000080030136] -> 0x00B5
[7430] [M]: 0x0000000080030134 (0x00B51513) slli a0, a0, 11
x10 <- 0x0000033333333000
mem[X,0x0000000080030138] -> 0x0513
mem[X,0x000000008003013A] -> 0x3335
[7431] [M]: 0x0000000080030138 (0x33350513) addi a0, a0, 819
x10 <- 0x0000033333333333
mem[X,0x000000008003013C] -> 0x1513
mem[X,0x000000008003013E] -> 0x00B5
[7432] [M]: 0x000000008003013C (0x00B51513) slli a0, a0, 11
x10 <- 0x0019999999999800
mem[X,0x0000000080030140] -> 0x0513
mem[X,0x0000000080030142] -> 0x1995
[7433] [M]: 0x0000000080030140 (0x19950513) addi a0, a0, 409
x10 <- 0x0019999999999999
mem[X,0x0000000080030144] -> 0x1513
mem[X,0x0000000080030146] -> 0x00A5
[7434] [M]: 0x0000000080030144 (0x00A51513) slli a0, a0, 10
x10 <- 0x6666666666666400
mem[X,0x0000000080030148] -> 0x0513
mem[X,0x000000008003014A] -> 0x2655
[7435] [M]: 0x0000000080030148 (0x26550513) addi a0, a0, 613
x10 <- 0x6666666666666665
mem[X,0x000000008003014C] -> 0x0593
mem[X,0x000000008003014E] -> 0x0040
[7436] [M]: 0x000000008003014C (0x00400593) addi a1, zero, 4
x11 <- 0x0000000000000004
mem[X,0x0000000080030150] -> 0x0113
mem[X,0x0000000080030152] -> 0x0000
[7437] [M]: 0x0000000080030150 (0x00000113) addi sp, zero, 0
x2 <- 0x0000000000000000
mem[X,0x0000000080030154] -> 0x006F
mem[X,0x0000000080030156] -> 0x0140
[7438] [M]: 0x0000000080030154 (0x0140006F) jal zero, 20
mem[X,0x0000000080030168] -> 0x18E3
mem[X,0x000000008003016A] -> 0xFEB5
[7439] [M]: 0x0000000080030168 (0xFEB518E3) bne a0, a1, 8176
mem[X,0x0000000080030158] -> 0x0113
mem[X,0x000000008003015A] -> 0x0011
[7440] [M]: 0x0000000080030158 (0x00110113) addi sp, sp, 1
x2 <- 0x0000000000000001
mem[X,0x000000008003015C] -> 0x006F
mem[X,0x000000008003015E] -> 0x0200
[7441] [M]: 0x000000008003015C (0x0200006F) jal zero, 32
mem[X,0x000000008003017C] -> 0xBC23
mem[X,0x000000008003017E] -> 0x6020
[7442] [M]: 0x000000008003017C (0x6020BC23) sd sp, 1560(ra)
mem[0x0000000080045FF0] <- 0x0000000000000001
mem[X,0x0000000080030180] -> 0x6537
mem[X,0x0000000080030182] -> 0x6666
[7443] [M]: 0x0000000080030180 (0x66666537) lui a0, 419430
x10 <- 0x0000000066666000
mem[X,0x0000000080030184] -> 0x0513
mem[X,0x0000000080030186] -> 0x6665
[7444] [M]: 0x0000000080030184 (0x66650513) addi a0, a0, 1638
x10 <- 0x0000000066666666
mem[X,0x0000000080030188] -> 0x1513
mem[X,0x000000008003018A] -> 0x00B5
[7445] [M]: 0x0000000080030188 (0x00B51513) slli a0, a0, 11
x10 <- 0x0000033333333000
mem[X,0x000000008003018C] -> 0x0513
mem[X,0x000000008003018E] -> 0x3335
[7446] [M]: 0x000000008003018C (0x33350513) addi a0, a0, 819
x10 <- 0x0000033333333333
mem[X,0x0000000080030190] -> 0x1513
mem[X,0x0000000080030192] -> 0x00B5
[7447] [M]: 0x0000000080030190 (0x00B51513) slli a0, a0, 11
x10 <- 0x0019999999999800
mem[X,0x0000000080030194] -> 0x0513
mem[X,0x0000000080030196] -> 0x1995
[7448] [M]: 0x0000000080030194 (0x19950513) addi a0, a0, 409
x10 <- 0x0019999999999999
mem[X,0x0000000080030198] -> 0x1513
mem[X,0x000000008003019A] -> 0x00A5
[7449] [M]: 0x0000000080030198 (0x00A51513) slli a0, a0, 10
x10 <- 0x6666666666666400
mem[X,0x000000008003019C] -> 0x0513
mem[X,0x000000008003019E] -> 0x2655
[7450] [M]: 0x000000008003019C (0x26550513) addi a0, a0, 613
x10 <- 0x6666666666666665
mem[X,0x00000000800301A0] -> 0x35B7
mem[X,0x00000000800301A2] -> 0x3333
[7451] [M]: 0x00000000800301A0 (0x333335B7) lui a1, 209715
x11 <- 0x0000000033333000
mem[X,0x00000000800301A4] -> 0x8593
mem[X,0x00000000800301A6] -> 0x3335
[7452] [M]: 0x00000000800301A4 (0x33358593) addi a1, a1, 819
x11 <- 0x0000000033333333
mem[X,0x00000000800301A8] -> 0x9593
mem[X,0x00000000800301AA] -> 0x00B5
[7453] [M]: 0x00000000800301A8 (0x00B59593) slli a1, a1, 11
x11 <- 0x0000019999999800
mem[X,0x00000000800301AC] -> 0x8593
mem[X,0x00000000800301AE] -> 0x1995
[7454] [M]: 0x00000000800301AC (0x19958593) addi a1, a1, 409
x11 <- 0x0000019999999999
mem[X,0x00000000800301B0] -> 0x9593
mem[X,0x00000000800301B2] -> 0x00B5
[7455] [M]: 0x00000000800301B0 (0x00B59593) slli a1, a1, 11
x11 <- 0x000CCCCCCCCCC800
mem[X,0x00000000800301B4] -> 0x8593
mem[X,0x00000000800301B6] -> 0x4CC5
[7456] [M]: 0x00000000800301B4 (0x4CC58593) addi a1, a1, 1228
x11 <- 0x000CCCCCCCCCCCCC
mem[X,0x00000000800301B8] -> 0x9593
mem[X,0x00000000800301BA] -> 0x00A5
[7457] [M]: 0x00000000800301B8 (0x00A59593) slli a1, a1, 10
x11 <- 0x3333333333333000
mem[X,0x00000000800301BC] -> 0x8593
mem[X,0x00000000800301BE] -> 0x3325
[7458] [M]: 0x00000000800301BC (0x33258593) addi a1, a1, 818
x11 <- 0x3333333333333332
mem[X,0x00000000800301C0] -> 0x0113
mem[X,0x00000000800301C2] -> 0x0000
[7459] [M]: 0x00000000800301C0 (0x00000113) addi sp, zero, 0
x2 <- 0x0000000000000000
mem[X,0x00000000800301C4] -> 0x006F
mem[X,0x00000000800301C6] -> 0x00C0
[7460] [M]: 0x00000000800301C4 (0x00C0006F) jal zero, 12
mem[X,0x00000000800301D0] -> 0x1663
mem[X,0x00000000800301D2] -> 0x00B5
[7461] [M]: 0x00000000800301D0 (0x00B51663) bne a0, a1, 12
mem[X,0x00000000800301DC] -> 0x0113
mem[X,0x00000000800301DE] -> 0x0031
[7462] [M]: 0x00000000800301DC (0x00310113) addi sp, sp, 3
x2 <- 0x0000000000000003
mem[X,0x00000000800301E0] -> 0x006F
mem[X,0x00000000800301E2] -> 0x0040
[7463] [M]: 0x00000000800301E0 (0x0040006F) jal zero, 4
mem[X,0x00000000800301E4] -> 0xB023
mem[X,0x00000000800301E6] -> 0x6220
[7464] [M]: 0x00000000800301E4 (0x6220B023) sd sp, 1568(ra)
mem[0x0000000080045FF8] <- 0x0000000000000003
mem[X,0x00000000800301E8] -> 0x6537
mem[X,0x00000000800301EA] -> 0x6666
[7465] [M]: 0x00000000800301E8 (0x66666537) lui a0, 419430
x10 <- 0x0000000066666000
mem[X,0x00000000800301EC] -> 0x0513
mem[X,0x00000000800301EE] -> 0x6665
[7466] [M]: 0x00000000800301EC (0x66650513) addi a0, a0, 1638
x10 <- 0x0000000066666666
mem[X,0x00000000800301F0] -> 0x1513
mem[X,0x00000000800301F2] -> 0x00B5
[7467] [M]: 0x00000000800301F0 (0x00B51513) slli a0, a0, 11
x10 <- 0x0000033333333000
mem[X,0x00000000800301F4] -> 0x0513
mem[X,0x00000000800301F6] -> 0x3335
[7468] [M]: 0x00000000800301F4 (0x33350513) addi a0, a0, 819
x10 <- 0x0000033333333333
mem[X,0x00000000800301F8] -> 0x1513
mem[X,0x00000000800301FA] -> 0x00B5
[7469] [M]: 0x00000000800301F8 (0x00B51513) slli a0, a0, 11
x10 <- 0x0019999999999800
mem[X,0x00000000800301FC] -> 0x0513
mem[X,0x00000000800301FE] -> 0x1995
[7470] [M]: 0x00000000800301FC (0x19950513) addi a0, a0, 409
x10 <- 0x0019999999999999
mem[X,0x0000000080030200] -> 0x1513
mem[X,0x0000000080030202] -> 0x00A5
[7471] [M]: 0x0000000080030200 (0x00A51513) slli a0, a0, 10
x10 <- 0x6666666666666400
mem[X,0x0000000080030204] -> 0x0513
mem[X,0x0000000080030206] -> 0x2655
[7472] [M]: 0x0000000080030204 (0x26550513) addi a0, a0, 613
x10 <- 0x6666666666666665
mem[X,0x0000000080030208] -> 0x65B7
mem[X,0x000000008003020A] -> 0x6666
[7473] [M]: 0x0000000080030208 (0x666665B7) lui a1, 419430
x11 <- 0x0000000066666000
mem[X,0x000000008003020C] -> 0x8593
mem[X,0x000000008003020E] -> 0x6665
[7474] [M]: 0x000000008003020C (0x66658593) addi a1, a1, 1638
x11 <- 0x0000000066666666
mem[X,0x0000000080030210] -> 0x9593
mem[X,0x0000000080030212] -> 0x00B5
[7475] [M]: 0x0000000080030210 (0x00B59593) slli a1, a1, 11
x11 <- 0x0000033333333000
mem[X,0x0000000080030214] -> 0x8593
mem[X,0x0000000080030216] -> 0x3335
[7476] [M]: 0x0000000080030214 (0x33358593) addi a1, a1, 819
x11 <- 0x0000033333333333
mem[X,0x0000000080030218] -> 0x9593
mem[X,0x000000008003021A] -> 0x00B5
[7477] [M]: 0x0000000080030218 (0x00B59593) slli a1, a1, 11
x11 <- 0x0019999999999800
mem[X,0x000000008003021C] -> 0x8593
mem[X,0x000000008003021E] -> 0x1995
[7478] [M]: 0x000000008003021C (0x19958593) addi a1, a1, 409
x11 <- 0x0019999999999999
mem[X,0x0000000080030220] -> 0x9593
mem[X,0x0000000080030222] -> 0x00A5
[7479] [M]: 0x0000000080030220 (0x00A59593) slli a1, a1, 10
x11 <- 0x6666666666666400
mem[X,0x0000000080030224] -> 0x8593
mem[X,0x0000000080030226] -> 0x2655
[7480] [M]: 0x0000000080030224 (0x26558593) addi a1, a1, 613
x11 <- 0x6666666666666665
mem[X,0x0000000080030228] -> 0x0113
mem[X,0x000000008003022A] -> 0x0000
[7481] [M]: 0x0000000080030228 (0x00000113) addi sp, zero, 0
x2 <- 0x0000000000000000
mem[X,0x000000008003022C] -> 0x006F
mem[X,0x000000008003022E] -> 0x00C0
[7482] [M]: 0x000000008003022C (0x00C0006F) jal zero, 12
mem[X,0x0000000080030238] -> 0x1CE3
mem[X,0x000000008003023A] -> 0xFEB5
[7483] [M]: 0x0000000080030238 (0xFEB51CE3) bne a0, a1, 8184
mem[X,0x000000008003023C] -> 0x0113
mem[X,0x000000008003023E] -> 0x0021
[7484] [M]: 0x000000008003023C (0x00210113) addi sp, sp, 2
x2 <- 0x0000000000000002
mem[X,0x0000000080030240] -> 0x006F
mem[X,0x0000000080030242] -> 0x00C0
[7485] [M]: 0x0000000080030240 (0x00C0006F) jal zero, 12
mem[X,0x000000008003024C] -> 0xB423
mem[X,0x000000008003024E] -> 0x6220
[7486] [M]: 0x000000008003024C (0x6220B423) sd sp, 1576(ra)
mem[0x0000000080046000] <- 0x0000000000000002
mem[X,0x0000000080030250] -> 0x6537
mem[X,0x0000000080030252] -> 0x6666
[7487] [M]: 0x0000000080030250 (0x66666537) lui a0, 419430
x10 <- 0x0000000066666000
mem[X,0x0000000080030254] -> 0x0513
mem[X,0x0000000080030256] -> 0x6665
[7488] [M]: 0x0000000080030254 (0x66650513) addi a0, a0, 1638
x10 <- 0x0000000066666666
mem[X,0x0000000080030258] -> 0x1513
mem[X,0x000000008003025A] -> 0x00B5
[7489] [M]: 0x0000000080030258 (0x00B51513) slli a0, a0, 11
x10 <- 0x0000033333333000
mem[X,0x000000008003025C] -> 0x0513
mem[X,0x000000008003025E] -> 0x3335
[7490] [M]: 0x000000008003025C (0x33350513) addi a0, a0, 819
x10 <- 0x0000033333333333
mem[X,0x0000000080030260] -> 0x1513
mem[X,0x0000000080030262] -> 0x00B5
[7491] [M]: 0x0000000080030260 (0x00B51513) slli a0, a0, 11
x10 <- 0x0019999999999800
mem[X,0x0000000080030264] -> 0x0513
mem[X,0x0000000080030266] -> 0x1995
[7492] [M]: 0x0000000080030264 (0x19950513) addi a0, a0, 409
x10 <- 0x0019999999999999
mem[X,0x0000000080030268] -> 0x1513
mem[X,0x000000008003026A] -> 0x00A5
[7493] [M]: 0x0000000080030268 (0x00A51513) slli a0, a0, 10
x10 <- 0x6666666666666400
mem[X,0x000000008003026C] -> 0x0513
mem[X,0x000000008003026E] -> 0x2655
[7494] [M]: 0x000000008003026C (0x26550513) addi a0, a0, 613
x10 <- 0x6666666666666665
mem[X,0x0000000080030270] -> 0x05B7
mem[X,0x0000000080030272] -> 0x0000
[7495] [M]: 0x0000000080030270 (0x000005B7) lui a1, 0
x11 <- 0x0000000000000000
mem[X,0x0000000080030274] -> 0x8593
mem[X,0x0000000080030276] -> 0x0005
[7496] [M]: 0x0000000080030274 (0x00058593) addi a1, a1, 0
x11 <- 0x0000000000000000
mem[X,0x0000000080030278] -> 0x9593
mem[X,0x000000008003027A] -> 0x00B5
[7497] [M]: 0x0000000080030278 (0x00B59593) slli a1, a1, 11
x11 <- 0x0000000000000000
mem[X,0x000000008003027C] -> 0x8593
mem[X,0x000000008003027E] -> 0x5A85
[7498] [M]: 0x000000008003027C (0x5A858593) addi a1, a1, 1448
x11 <- 0x00000000000005A8
mem[X,0x0000000080030280] -> 0x9593
mem[X,0x0000000080030282] -> 0x00B5
[7499] [M]: 0x0000000080030280 (0x00B59593) slli a1, a1, 11
x11 <- 0x00000000002D4000
clint::tick mtime <- 0x000000000000004B
 clint timer pending at mtime 0x000000000000004B
htif::tick 0x0000000000000000
mem[X,0x0000000080030284] -> 0x8593
mem[X,0x0000000080030286] -> 0x13C5
[7500] [M]: 0x0000000080030284 (0x13C58593) addi a1, a1, 316
x11 <- 0x00000000002D413C
mem[X,0x0000000080030288] -> 0x9593
mem[X,0x000000008003028A] -> 0x00A5
[7501] [M]: 0x0000000080030288 (0x00A59593) slli a1, a1, 10
x11 <- 0x00000000B504F000
mem[X,0x000000008003028C] -> 0x8593
mem[X,0x000000008003028E] -> 0x3325
[7502] [M]: 0x000000008003028C (0x33258593) addi a1, a1, 818
x11 <- 0x00000000B504F332
mem[X,0x0000000080030290] -> 0x0113
mem[X,0x0000000080030292] -> 0x0000
[7503] [M]: 0x0000000080030290 (0x00000113) addi sp, zero, 0
x2 <- 0x0000000000000000
mem[X,0x0000000080030294] -> 0x006F
mem[X,0x0000000080030296] -> 0x00C0
[7504] [M]: 0x0000000080030294 (0x00C0006F) jal zero, 12
mem[X,0x00000000800302A0] -> 0x1CE3
mem[X,0x00000000800302A2] -> 0xFEB5
[7505] [M]: 0x00000000800302A0 (0xFEB51CE3) bne a0, a1, 8184
mem[X,0x0000000080030298] -> 0x0113
mem[X,0x000000008003029A] -> 0x0011
[7506] [M]: 0x0000000080030298 (0x00110113) addi sp, sp, 1
x2 <- 0x0000000000000001
mem[X,0x000000008003029C] -> 0x006F
mem[X,0x000000008003029E] -> 0x0180
[7507] [M]: 0x000000008003029C (0x0180006F) jal zero, 24
mem[X,0x00000000800302B4] -> 0xB823
mem[X,0x00000000800302B6] -> 0x6220
[7508] [M]: 0x00000000800302B4 (0x6220B823) sd sp, 1584(ra)
mem[0x0000000080046008] <- 0x0000000000000001
mem[X,0x00000000800302B8] -> 0x6537
mem[X,0x00000000800302BA] -> 0x6666
[7509] [M]: 0x00000000800302B8 (0x66666537) lui a0, 419430
x10 <- 0x0000000066666000
mem[X,0x00000000800302BC] -> 0x0513
mem[X,0x00000000800302BE] -> 0x6665
[7510] [M]: 0x00000000800302BC (0x66650513) addi a0, a0, 1638
x10 <- 0x0000000066666666
mem[X,0x00000000800302C0] -> 0x1513
mem[X,0x00000000800302C2] -> 0x00B5
[7511] [M]: 0x00000000800302C0 (0x00B51513) slli a0, a0, 11
x10 <- 0x0000033333333000
mem[X,0x00000000800302C4] -> 0x0513
mem[X,0x00000000800302C6] -> 0x3335
[7512] [M]: 0x00000000800302C4 (0x33350513) addi a0, a0, 819
x10 <- 0x0000033333333333
mem[X,0x00000000800302C8] -> 0x1513
mem[X,0x00000000800302CA] -> 0x00B5
[7513] [M]: 0x00000000800302C8 (0x00B51513) slli a0, a0, 11
x10 <- 0x0019999999999800
mem[X,0x00000000800302CC] -> 0x0513
mem[X,0x00000000800302CE] -> 0x1995
[7514] [M]: 0x00000000800302CC (0x19950513) addi a0, a0, 409
x10 <- 0x0019999999999999
mem[X,0x00000000800302D0] -> 0x1513
mem[X,0x00000000800302D2] -> 0x00A5
[7515] [M]: 0x00000000800302D0 (0x00A51513) slli a0, a0, 10
x10 <- 0x6666666666666400
mem[X,0x00000000800302D4] -> 0x0513
mem[X,0x00000000800302D6] -> 0x2655
[7516] [M]: 0x00000000800302D4 (0x26550513) addi a0, a0, 613
x10 <- 0x6666666666666665
mem[X,0x00000000800302D8] -> 0x55B7
mem[X,0x00000000800302DA] -> 0x5555
[7517] [M]: 0x00000000800302D8 (0x555555B7) lui a1, 349525
x11 <- 0x0000000055555000
mem[X,0x00000000800302DC] -> 0x8593
mem[X,0x00000000800302DE] -> 0x5555
[7518] [M]: 0x00000000800302DC (0x55558593) addi a1, a1, 1365
x11 <- 0x0000000055555555
mem[X,0x00000000800302E0] -> 0x9593
mem[X,0x00000000800302E2] -> 0x00B5
[7519] [M]: 0x00000000800302E0 (0x00B59593) slli a1, a1, 11
x11 <- 0x000002AAAAAAA800
mem[X,0x00000000800302E4] -> 0x8593
mem[X,0x00000000800302E6] -> 0x2AA5
[7520] [M]: 0x00000000800302E4 (0x2AA58593) addi a1, a1, 682
x11 <- 0x000002AAAAAAAAAA
mem[X,0x00000000800302E8] -> 0x9593
mem[X,0x00000000800302EA] -> 0x00B5
[7521] [M]: 0x00000000800302E8 (0x00B59593) slli a1, a1, 11
x11 <- 0x0015555555555000
mem[X,0x00000000800302EC] -> 0x8593
mem[X,0x00000000800302EE] -> 0x5555
[7522] [M]: 0x00000000800302EC (0x55558593) addi a1, a1, 1365
x11 <- 0x0015555555555555
mem[X,0x00000000800302F0] -> 0x9593
mem[X,0x00000000800302F2] -> 0x00A5
[7523] [M]: 0x00000000800302F0 (0x00A59593) slli a1, a1, 10
x11 <- 0x5555555555555400
mem[X,0x00000000800302F4] -> 0x8593
mem[X,0x00000000800302F6] -> 0x1565
[7524] [M]: 0x00000000800302F4 (0x15658593) addi a1, a1, 342
x11 <- 0x5555555555555556
mem[X,0x00000000800302F8] -> 0x0113
mem[X,0x00000000800302FA] -> 0x0000
[7525] [M]: 0x00000000800302F8 (0x00000113) addi sp, zero, 0
x2 <- 0x0000000000000000
mem[X,0x00000000800302FC] -> 0x006F
mem[X,0x00000000800302FE] -> 0x00C0
[7526] [M]: 0x00000000800302FC (0x00C0006F) jal zero, 12
mem[X,0x0000000080030308] -> 0x1663
mem[X,0x000000008003030A] -> 0x00B5
[7527] [M]: 0x0000000080030308 (0x00B51663) bne a0, a1, 12
mem[X,0x0000000080030314] -> 0x0113
mem[X,0x0000000080030316] -> 0x0031
[7528] [M]: 0x0000000080030314 (0x00310113) addi sp, sp, 3
x2 <- 0x0000000000000003
mem[X,0x0000000080030318] -> 0x006F
mem[X,0x000000008003031A] -> 0x0040
[7529] [M]: 0x0000000080030318 (0x0040006F) jal zero, 4
mem[X,0x000000008003031C] -> 0xBC23
mem[X,0x000000008003031E] -> 0x6220
[7530] [M]: 0x000000008003031C (0x6220BC23) sd sp, 1592(ra)
mem[0x0000000080046010] <- 0x0000000000000003
mem[X,0x0000000080030320] -> 0x6537
mem[X,0x0000000080030322] -> 0x6666
[7531] [M]: 0x0000000080030320 (0x66666537) lui a0, 419430
x10 <- 0x0000000066666000
mem[X,0x0000000080030324] -> 0x0513
mem[X,0x0000000080030326] -> 0x6665
[7532] [M]: 0x0000000080030324 (0x66650513) addi a0, a0, 1638
x10 <- 0x0000000066666666
mem[X,0x0000000080030328] -> 0x1513
mem[X,0x000000008003032A] -> 0x00B5
[7533] [M]: 0x0000000080030328 (0x00B51513) slli a0, a0, 11
x10 <- 0x0000033333333000
mem[X,0x000000008003032C] -> 0x0513
mem[X,0x000000008003032E] -> 0x3335
[7534] [M]: 0x000000008003032C (0x33350513) addi a0, a0, 819
x10 <- 0x0000033333333333
mem[X,0x0000000080030330] -> 0x1513
mem[X,0x0000000080030332] -> 0x00B5
[7535] [M]: 0x0000000080030330 (0x00B51513) slli a0, a0, 11
x10 <- 0x0019999999999800
mem[X,0x0000000080030334] -> 0x0513
mem[X,0x0000000080030336] -> 0x1995
[7536] [M]: 0x0000000080030334 (0x19950513) addi a0, a0, 409
x10 <- 0x0019999999999999
mem[X,0x0000000080030338] -> 0x1513
mem[X,0x000000008003033A] -> 0x00A5
[7537] [M]: 0x0000000080030338 (0x00A51513) slli a0, a0, 10
x10 <- 0x6666666666666400
mem[X,0x000000008003033C] -> 0x0513
mem[X,0x000000008003033E] -> 0x2655
[7538] [M]: 0x000000008003033C (0x26550513) addi a0, a0, 613
x10 <- 0x6666666666666665
mem[X,0x0000000080030340] -> 0xB5B7
mem[X,0x0000000080030342] -> 0xAAAA
[7539] [M]: 0x0000000080030340 (0xAAAAB5B7) lui a1, 699051
x11 <- 0xFFFFFFFFAAAAB000
mem[X,0x0000000080030344] -> 0x8593
mem[X,0x0000000080030346] -> 0xAAA5
[7540] [M]: 0x0000000080030344 (0xAAA58593) addi a1, a1, 2730
x11 <- 0xFFFFFFFFAAAAAAAA
mem[X,0x0000000080030348] -> 0x9593
mem[X,0x000000008003034A] -> 0x00B5
[7541] [M]: 0x0000000080030348 (0x00B59593) slli a1, a1, 11
x11 <- 0xFFFFFD5555555000
mem[X,0x000000008003034C] -> 0x8593
mem[X,0x000000008003034E] -> 0x5555
[7542] [M]: 0x000000008003034C (0x55558593) addi a1, a1, 1365
x11 <- 0xFFFFFD5555555555
mem[X,0x0000000080030350] -> 0x9593
mem[X,0x0000000080030352] -> 0x00B5
[7543] [M]: 0x0000000080030350 (0x00B59593) slli a1, a1, 11
x11 <- 0xFFEAAAAAAAAAA800
mem[X,0x0000000080030354] -> 0x8593
mem[X,0x0000000080030356] -> 0x2AA5
[7544] [M]: 0x0000000080030354 (0x2AA58593) addi a1, a1, 682
x11 <- 0xFFEAAAAAAAAAAAAA
mem[X,0x0000000080030358] -> 0x9593
mem[X,0x000000008003035A] -> 0x00A5
[7545] [M]: 0x0000000080030358 (0x00A59593) slli a1, a1, 10
x11 <- 0xAAAAAAAAAAAAA800
mem[X,0x000000008003035C] -> 0x8593
mem[X,0x000000008003035E] -> 0x2AB5
[7546] [M]: 0x000000008003035C (0x2AB58593) addi a1, a1, 683
x11 <- 0xAAAAAAAAAAAAAAAB
mem[X,0x0000000080030360] -> 0x0113
mem[X,0x0000000080030362] -> 0x0000
[7547] [M]: 0x0000000080030360 (0x00000113) addi sp, zero, 0
x2 <- 0x0000000000000000
mem[X,0x0000000080030364] -> 0x006F
mem[X,0x0000000080030366] -> 0x00C0
[7548] [M]: 0x0000000080030364 (0x00C0006F) jal zero, 12
mem[X,0x0000000080030370] -> 0x1663
mem[X,0x0000000080030372] -> 0x00B5
[7549] [M]: 0x0000000080030370 (0x00B51663) bne a0, a1, 12
mem[X,0x000000008003037C] -> 0x0113
mem[X,0x000000008003037E] -> 0x0031
[7550] [M]: 0x000000008003037C (0x00310113) addi sp, sp, 3
x2 <- 0x0000000000000003
mem[X,0x0000000080030380] -> 0x006F
mem[X,0x0000000080030382] -> 0x0040
[7551] [M]: 0x0000000080030380 (0x0040006F) jal zero, 4
mem[X,0x0000000080030384] -> 0xB023
mem[X,0x0000000080030386] -> 0x6420
[7552] [M]: 0x0000000080030384 (0x6420B023) sd sp, 1600(ra)
mem[0x0000000080046018] <- 0x0000000000000003
mem[X,0x0000000080030388] -> 0x6537
mem[X,0x000000008003038A] -> 0x6666
[7553] [M]: 0x0000000080030388 (0x66666537) lui a0, 419430
x10 <- 0x0000000066666000
mem[X,0x000000008003038C] -> 0x0513
mem[X,0x000000008003038E] -> 0x6665
[7554] [M]: 0x000000008003038C (0x66650513) addi a0, a0, 1638
x10 <- 0x0000000066666666
mem[X,0x0000000080030390] -> 0x1513
mem[X,0x0000000080030392] -> 0x00B5
[7555] [M]: 0x0000000080030390 (0x00B51513) slli a0, a0, 11
x10 <- 0x0000033333333000
mem[X,0x0000000080030394] -> 0x0513
mem[X,0x0000000080030396] -> 0x3335
[7556] [M]: 0x0000000080030394 (0x33350513) addi a0, a0, 819
x10 <- 0x0000033333333333
mem[X,0x0000000080030398] -> 0x1513
mem[X,0x000000008003039A] -> 0x00B5
[7557] [M]: 0x0000000080030398 (0x00B51513) slli a0, a0, 11
x10 <- 0x0019999999999800
mem[X,0x000000008003039C] -> 0x0513
mem[X,0x000000008003039E] -> 0x1995
[7558] [M]: 0x000000008003039C (0x19950513) addi a0, a0, 409
x10 <- 0x0019999999999999
mem[X,0x00000000800303A0] -> 0x1513
mem[X,0x00000000800303A2] -> 0x00A5
[7559] [M]: 0x00000000800303A0 (0x00A51513) slli a0, a0, 10
x10 <- 0x6666666666666400
mem[X,0x00000000800303A4] -> 0x0513
mem[X,0x00000000800303A6] -> 0x2655
[7560] [M]: 0x00000000800303A4 (0x26550513) addi a0, a0, 613
x10 <- 0x6666666666666665
mem[X,0x00000000800303A8] -> 0x0593
mem[X,0x00000000800303AA] -> 0x0060
[7561] [M]: 0x00000000800303A8 (0x00600593) addi a1, zero, 6
x11 <- 0x0000000000000006
mem[X,0x00000000800303AC] -> 0x0113
mem[X,0x00000000800303AE] -> 0x0000
[7562] [M]: 0x00000000800303AC (0x00000113) addi sp, zero, 0
x2 <- 0x0000000000000000
mem[X,0x00000000800303B0] -> 0x006F
mem[X,0x00000000800303B2] -> 0x00C0
[7563] [M]: 0x00000000800303B0 (0x00C0006F) jal zero, 12
mem[X,0x00000000800303BC] -> 0x1063
mem[X,0x00000000800303BE] -> 0x08B5
[7564] [M]: 0x00000000800303BC (0x08B51063) bne a0, a1, 128
mem[X,0x000000008003043C] -> 0x0113
mem[X,0x000000008003043E] -> 0x0031
[7565] [M]: 0x000000008003043C (0x00310113) addi sp, sp, 3
x2 <- 0x0000000000000003
mem[X,0x0000000080030440] -> 0x006F
mem[X,0x0000000080030442] -> 0x0040
[7566] [M]: 0x0000000080030440 (0x0040006F) jal zero, 4
mem[X,0x0000000080030444] -> 0xB423
mem[X,0x0000000080030446] -> 0x6420
[7567] [M]: 0x0000000080030444 (0x6420B423) sd sp, 1608(ra)
mem[0x0000000080046020] <- 0x0000000000000003
mem[X,0x0000000080030448] -> 0x6537
mem[X,0x000000008003044A] -> 0x6666
[7568] [M]: 0x0000000080030448 (0x66666537) lui a0, 419430
x10 <- 0x0000000066666000
mem[X,0x000000008003044C] -> 0x0513
mem[X,0x000000008003044E] -> 0x6665
[7569] [M]: 0x000000008003044C (0x66650513) addi a0, a0, 1638
x10 <- 0x0000000066666666
mem[X,0x0000000080030450] -> 0x1513
mem[X,0x0000000080030452] -> 0x00B5
[7570] [M]: 0x0000000080030450 (0x00B51513) slli a0, a0, 11
x10 <- 0x0000033333333000
mem[X,0x0000000080030454] -> 0x0513
mem[X,0x0000000080030456] -> 0x3335
[7571] [M]: 0x0000000080030454 (0x33350513) addi a0, a0, 819
x10 <- 0x0000033333333333
mem[X,0x0000000080030458] -> 0x1513
mem[X,0x000000008003045A] -> 0x00B5
[7572] [M]: 0x0000000080030458 (0x00B51513) slli a0, a0, 11
x10 <- 0x0019999999999800
mem[X,0x000000008003045C] -> 0x0513
mem[X,0x000000008003045E] -> 0x1995
[7573] [M]: 0x000000008003045C (0x19950513) addi a0, a0, 409
x10 <- 0x0019999999999999
mem[X,0x0000000080030460] -> 0x1513
mem[X,0x0000000080030462] -> 0x00A5
[7574] [M]: 0x0000000080030460 (0x00A51513) slli a0, a0, 10
x10 <- 0x6666666666666400
mem[X,0x0000000080030464] -> 0x0513
mem[X,0x0000000080030466] -> 0x2655
[7575] [M]: 0x0000000080030464 (0x26550513) addi a0, a0, 613
x10 <- 0x6666666666666665
mem[X,0x0000000080030468] -> 0x35B7
mem[X,0x000000008003046A] -> 0x3333
[7576] [M]: 0x0000000080030468 (0x333335B7) lui a1, 209715
x11 <- 0x0000000033333000
mem[X,0x000000008003046C] -> 0x8593
mem[X,0x000000008003046E] -> 0x3335
[7577] [M]: 0x000000008003046C (0x33358593) addi a1, a1, 819
x11 <- 0x0000000033333333
mem[X,0x0000000080030470] -> 0x9593
mem[X,0x0000000080030472] -> 0x00B5
[7578] [M]: 0x0000000080030470 (0x00B59593) slli a1, a1, 11
x11 <- 0x0000019999999800
mem[X,0x0000000080030474] -> 0x8593
mem[X,0x0000000080030476] -> 0x1995
[7579] [M]: 0x0000000080030474 (0x19958593) addi a1, a1, 409
x11 <- 0x0000019999999999
mem[X,0x0000000080030478] -> 0x9593
mem[X,0x000000008003047A] -> 0x00B5
[7580] [M]: 0x0000000080030478 (0x00B59593) slli a1, a1, 11
x11 <- 0x000CCCCCCCCCC800
mem[X,0x000000008003047C] -> 0x8593
mem[X,0x000000008003047E] -> 0x4CC5
[7581] [M]: 0x000000008003047C (0x4CC58593) addi a1, a1, 1228
x11 <- 0x000CCCCCCCCCCCCC
mem[X,0x0000000080030480] -> 0x9593
mem[X,0x0000000080030482] -> 0x00A5
[7582] [M]: 0x0000000080030480 (0x00A59593) slli a1, a1, 10
x11 <- 0x3333333333333000
mem[X,0x0000000080030484] -> 0x8593
mem[X,0x0000000080030486] -> 0x3345
[7583] [M]: 0x0000000080030484 (0x33458593) addi a1, a1, 820
x11 <- 0x3333333333333334
mem[X,0x0000000080030488] -> 0x0113
mem[X,0x000000008003048A] -> 0x0000
[7584] [M]: 0x0000000080030488 (0x00000113) addi sp, zero, 0
x2 <- 0x0000000000000000
mem[X,0x000000008003048C] -> 0x006F
mem[X,0x000000008003048E] -> 0x0140
[7585] [M]: 0x000000008003048C (0x0140006F) jal zero, 20
mem[X,0x00000000800304A0] -> 0x18E3
mem[X,0x00000000800304A2] -> 0xFEB5
[7586] [M]: 0x00000000800304A0 (0xFEB518E3) bne a0, a1, 8176
mem[X,0x0000000080030490] -> 0x0113
mem[X,0x0000000080030492] -> 0x0011
[7587] [M]: 0x0000000080030490 (0x00110113) addi sp, sp, 1
x2 <- 0x0000000000000001
mem[X,0x0000000080030494] -> 0x006F
mem[X,0x0000000080030496] -> 0x0200
[7588] [M]: 0x0000000080030494 (0x0200006F) jal zero, 32
mem[X,0x00000000800304B4] -> 0xB823
mem[X,0x00000000800304B6] -> 0x6420
[7589] [M]: 0x00000000800304B4 (0x6420B823) sd sp, 1616(ra)
mem[0x0000000080046028] <- 0x0000000000000001
mem[X,0x00000000800304B8] -> 0x6537
mem[X,0x00000000800304BA] -> 0x6666
[7590] [M]: 0x00000000800304B8 (0x66666537) lui a0, 419430
x10 <- 0x0000000066666000
mem[X,0x00000000800304BC] -> 0x0513
mem[X,0x00000000800304BE] -> 0x6665
[7591] [M]: 0x00000000800304BC (0x66650513) addi a0, a0, 1638
x10 <- 0x0000000066666666
mem[X,0x00000000800304C0] -> 0x1513
mem[X,0x00000000800304C2] -> 0x00B5
[7592] [M]: 0x00000000800304C0 (0x00B51513) slli a0, a0, 11
x10 <- 0x0000033333333000
mem[X,0x00000000800304C4] -> 0x0513
mem[X,0x00000000800304C6] -> 0x3335
[7593] [M]: 0x00000000800304C4 (0x33350513) addi a0, a0, 819
x10 <- 0x0000033333333333
mem[X,0x00000000800304C8] -> 0x1513
mem[X,0x00000000800304CA] -> 0x00B5
[7594] [M]: 0x00000000800304C8 (0x00B51513) slli a0, a0, 11
x10 <- 0x0019999999999800
mem[X,0x00000000800304CC] -> 0x0513
mem[X,0x00000000800304CE] -> 0x1995
[7595] [M]: 0x00000000800304CC (0x19950513) addi a0, a0, 409
x10 <- 0x0019999999999999
mem[X,0x00000000800304D0] -> 0x1513
mem[X,0x00000000800304D2] -> 0x00A5
[7596] [M]: 0x00000000800304D0 (0x00A51513) slli a0, a0, 10
x10 <- 0x6666666666666400
mem[X,0x00000000800304D4] -> 0x0513
mem[X,0x00000000800304D6] -> 0x2655
[7597] [M]: 0x00000000800304D4 (0x26550513) addi a0, a0, 613
x10 <- 0x6666666666666665
mem[X,0x00000000800304D8] -> 0x65B7
mem[X,0x00000000800304DA] -> 0x6666
[7598] [M]: 0x00000000800304D8 (0x666665B7) lui a1, 419430
x11 <- 0x0000000066666000
mem[X,0x00000000800304DC] -> 0x8593
mem[X,0x00000000800304DE] -> 0x6665
[7599] [M]: 0x00000000800304DC (0x66658593) addi a1, a1, 1638
x11 <- 0x0000000066666666
clint::tick mtime <- 0x000000000000004C
 clint timer pending at mtime 0x000000000000004C
htif::tick 0x0000000000000000
mem[X,0x00000000800304E0] -> 0x9593
mem[X,0x00000000800304E2] -> 0x00B5
[7600] [M]: 0x00000000800304E0 (0x00B59593) slli a1, a1, 11
x11 <- 0x0000033333333000
mem[X,0x00000000800304E4] -> 0x8593
mem[X,0x00000000800304E6] -> 0x3335
[7601] [M]: 0x00000000800304E4 (0x33358593) addi a1, a1, 819
x11 <- 0x0000033333333333
mem[X,0x00000000800304E8] -> 0x9593
mem[X,0x00000000800304EA] -> 0x00B5
[7602] [M]: 0x00000000800304E8 (0x00B59593) slli a1, a1, 11
x11 <- 0x0019999999999800
mem[X,0x00000000800304EC] -> 0x8593
mem[X,0x00000000800304EE] -> 0x1995
[7603] [M]: 0x00000000800304EC (0x19958593) addi a1, a1, 409
x11 <- 0x0019999999999999
mem[X,0x00000000800304F0] -> 0x9593
mem[X,0x00000000800304F2] -> 0x00A5
[7604] [M]: 0x00000000800304F0 (0x00A59593) slli a1, a1, 10
x11 <- 0x6666666666666400
mem[X,0x00000000800304F4] -> 0x8593
mem[X,0x00000000800304F6] -> 0x2675
[7605] [M]: 0x00000000800304F4 (0x26758593) addi a1, a1, 615
x11 <- 0x6666666666666667
mem[X,0x00000000800304F8] -> 0x0113
mem[X,0x00000000800304FA] -> 0x0000
[7606] [M]: 0x00000000800304F8 (0x00000113) addi sp, zero, 0
x2 <- 0x0000000000000000
mem[X,0x00000000800304FC] -> 0x006F
mem[X,0x00000000800304FE] -> 0x0100
[7607] [M]: 0x00000000800304FC (0x0100006F) jal zero, 16
mem[X,0x000000008003050C] -> 0x1AE3
mem[X,0x000000008003050E] -> 0xFEB5
[7608] [M]: 0x000000008003050C (0xFEB51AE3) bne a0, a1, 8180
mem[X,0x0000000080030500] -> 0x0113
mem[X,0x0000000080030502] -> 0x0011
[7609] [M]: 0x0000000080030500 (0x00110113) addi sp, sp, 1
x2 <- 0x0000000000000001
mem[X,0x0000000080030504] -> 0x006F
mem[X,0x0000000080030506] -> 0x01C0
[7610] [M]: 0x0000000080030504 (0x01C0006F) jal zero, 28
mem[X,0x0000000080030520] -> 0xBC23
mem[X,0x0000000080030522] -> 0x6420
[7611] [M]: 0x0000000080030520 (0x6420BC23) sd sp, 1624(ra)
mem[0x0000000080046030] <- 0x0000000000000001
mem[X,0x0000000080030524] -> 0x6537
mem[X,0x0000000080030526] -> 0x6666
[7612] [M]: 0x0000000080030524 (0x66666537) lui a0, 419430
x10 <- 0x0000000066666000
mem[X,0x0000000080030528] -> 0x0513
mem[X,0x000000008003052A] -> 0x6665
[7613] [M]: 0x0000000080030528 (0x66650513) addi a0, a0, 1638
x10 <- 0x0000000066666666
mem[X,0x000000008003052C] -> 0x1513
mem[X,0x000000008003052E] -> 0x00B5
[7614] [M]: 0x000000008003052C (0x00B51513) slli a0, a0, 11
x10 <- 0x0000033333333000
mem[X,0x0000000080030530] -> 0x0513
mem[X,0x0000000080030532] -> 0x3335
[7615] [M]: 0x0000000080030530 (0x33350513) addi a0, a0, 819
x10 <- 0x0000033333333333
mem[X,0x0000000080030534] -> 0x1513
mem[X,0x0000000080030536] -> 0x00B5
[7616] [M]: 0x0000000080030534 (0x00B51513) slli a0, a0, 11
x10 <- 0x0019999999999800
mem[X,0x0000000080030538] -> 0x0513
mem[X,0x000000008003053A] -> 0x1995
[7617] [M]: 0x0000000080030538 (0x19950513) addi a0, a0, 409
x10 <- 0x0019999999999999
mem[X,0x000000008003053C] -> 0x1513
mem[X,0x000000008003053E] -> 0x00A5
[7618] [M]: 0x000000008003053C (0x00A51513) slli a0, a0, 10
x10 <- 0x6666666666666400
mem[X,0x0000000080030540] -> 0x0513
mem[X,0x0000000080030542] -> 0x2655
[7619] [M]: 0x0000000080030540 (0x26550513) addi a0, a0, 613
x10 <- 0x6666666666666665
mem[X,0x0000000080030544] -> 0x05B7
mem[X,0x0000000080030546] -> 0x0000
[7620] [M]: 0x0000000080030544 (0x000005B7) lui a1, 0
x11 <- 0x0000000000000000
mem[X,0x0000000080030548] -> 0x8593
mem[X,0x000000008003054A] -> 0xFFF5
[7621] [M]: 0x0000000080030548 (0xFFF58593) addi a1, a1, 4095
x11 <- 0xFFFFFFFFFFFFFFFF
mem[X,0x000000008003054C] -> 0x9593
mem[X,0x000000008003054E] -> 0x00B5
[7622] [M]: 0x000000008003054C (0x00B59593) slli a1, a1, 11
x11 <- 0xFFFFFFFFFFFFF800
mem[X,0x0000000080030550] -> 0x8593
mem[X,0x0000000080030552] -> 0x2575
[7623] [M]: 0x0000000080030550 (0x25758593) addi a1, a1, 599
x11 <- 0xFFFFFFFFFFFFFA57
mem[X,0x0000000080030554] -> 0x9593
mem[X,0x0000000080030556] -> 0x00B5
[7624] [M]: 0x0000000080030554 (0x00B59593) slli a1, a1, 11
x11 <- 0xFFFFFFFFFFD2B800
mem[X,0x0000000080030558] -> 0x8593
mem[X,0x000000008003055A] -> 0x6C35
[7625] [M]: 0x0000000080030558 (0x6C358593) addi a1, a1, 1731
x11 <- 0xFFFFFFFFFFD2BEC3
mem[X,0x000000008003055C] -> 0x9593
mem[X,0x000000008003055E] -> 0x00A5
[7626] [M]: 0x000000008003055C (0x00A59593) slli a1, a1, 10
x11 <- 0xFFFFFFFF4AFB0C00
mem[X,0x0000000080030560] -> 0x8593
mem[X,0x0000000080030562] -> 0x0CE5
[7627] [M]: 0x0000000080030560 (0x0CE58593) addi a1, a1, 206
x11 <- 0xFFFFFFFF4AFB0CCE
mem[X,0x0000000080030564] -> 0x0113
mem[X,0x0000000080030566] -> 0x0000
[7628] [M]: 0x0000000080030564 (0x00000113) addi sp, zero, 0
x2 <- 0x0000000000000000
mem[X,0x0000000080030568] -> 0x006F
mem[X,0x000000008003056A] -> 0x00C0
[7629] [M]: 0x0000000080030568 (0x00C0006F) jal zero, 12
mem[X,0x0000000080030574] -> 0x1663
mem[X,0x0000000080030576] -> 0x00B5
[7630] [M]: 0x0000000080030574 (0x00B51663) bne a0, a1, 12
mem[X,0x0000000080030580] -> 0x0113
mem[X,0x0000000080030582] -> 0x0031
[7631] [M]: 0x0000000080030580 (0x00310113) addi sp, sp, 3
x2 <- 0x0000000000000003
mem[X,0x0000000080030584] -> 0x006F
mem[X,0x0000000080030586] -> 0x0040
[7632] [M]: 0x0000000080030584 (0x0040006F) jal zero, 4
mem[X,0x0000000080030588] -> 0xB023
mem[X,0x000000008003058A] -> 0x6620
[7633] [M]: 0x0000000080030588 (0x6620B023) sd sp, 1632(ra)
mem[0x0000000080046038] <- 0x0000000000000003
mem[X,0x000000008003058C] -> 0x6537
mem[X,0x000000008003058E] -> 0x6666
[7634] [M]: 0x000000008003058C (0x66666537) lui a0, 419430
x10 <- 0x0000000066666000
mem[X,0x0000000080030590] -> 0x0513
mem[X,0x0000000080030592] -> 0x6665
[7635] [M]: 0x0000000080030590 (0x66650513) addi a0, a0, 1638
x10 <- 0x0000000066666666
mem[X,0x0000000080030594] -> 0x1513
mem[X,0x0000000080030596] -> 0x00B5
[7636] [M]: 0x0000000080030594 (0x00B51513) slli a0, a0, 11
x10 <- 0x0000033333333000
mem[X,0x0000000080030598] -> 0x0513
mem[X,0x000000008003059A] -> 0x3335
[7637] [M]: 0x0000000080030598 (0x33350513) addi a0, a0, 819
x10 <- 0x0000033333333333
mem[X,0x000000008003059C] -> 0x1513
mem[X,0x000000008003059E] -> 0x00B5
[7638] [M]: 0x000000008003059C (0x00B51513) slli a0, a0, 11
x10 <- 0x0019999999999800
mem[X,0x00000000800305A0] -> 0x0513
mem[X,0x00000000800305A2] -> 0x1995
[7639] [M]: 0x00000000800305A0 (0x19950513) addi a0, a0, 409
x10 <- 0x0019999999999999
mem[X,0x00000000800305A4] -> 0x1513
mem[X,0x00000000800305A6] -> 0x00A5
[7640] [M]: 0x00000000800305A4 (0x00A51513) slli a0, a0, 10
x10 <- 0x6666666666666400
mem[X,0x00000000800305A8] -> 0x0513
mem[X,0x00000000800305AA] -> 0x2655
[7641] [M]: 0x00000000800305A8 (0x26550513) addi a0, a0, 613
x10 <- 0x6666666666666665
mem[X,0x00000000800305AC] -> 0x05B7
mem[X,0x00000000800305AE] -> 0x0000
[7642] [M]: 0x00000000800305AC (0x000005B7) lui a1, 0
x11 <- 0x0000000000000000
mem[X,0x00000000800305B0] -> 0x8593
mem[X,0x00000000800305B2] -> 0x0005
[7643] [M]: 0x00000000800305B0 (0x00058593) addi a1, a1, 0
x11 <- 0x0000000000000000
mem[X,0x00000000800305B4] -> 0x9593
mem[X,0x00000000800305B6] -> 0x00B5
[7644] [M]: 0x00000000800305B4 (0x00B59593) slli a1, a1, 11
x11 <- 0x0000000000000000
mem[X,0x00000000800305B8] -> 0x8593
mem[X,0x00000000800305BA] -> 0x5A85
[7645] [M]: 0x00000000800305B8 (0x5A858593) addi a1, a1, 1448
x11 <- 0x00000000000005A8
mem[X,0x00000000800305BC] -> 0x9593
mem[X,0x00000000800305BE] -> 0x00B5
[7646] [M]: 0x00000000800305BC (0x00B59593) slli a1, a1, 11
x11 <- 0x00000000002D4000
mem[X,0x00000000800305C0] -> 0x8593
mem[X,0x00000000800305C2] -> 0x13C5
[7647] [M]: 0x00000000800305C0 (0x13C58593) addi a1, a1, 316
x11 <- 0x00000000002D413C
mem[X,0x00000000800305C4] -> 0x9593
mem[X,0x00000000800305C6] -> 0x00A5
[7648] [M]: 0x00000000800305C4 (0x00A59593) slli a1, a1, 10
x11 <- 0x00000000B504F000
mem[X,0x00000000800305C8] -> 0x8593
mem[X,0x00000000800305CA] -> 0x3345
[7649] [M]: 0x00000000800305C8 (0x33458593) addi a1, a1, 820
x11 <- 0x00000000B504F334
mem[X,0x00000000800305CC] -> 0x0113
mem[X,0x00000000800305CE] -> 0x0000
[7650] [M]: 0x00000000800305CC (0x00000113) addi sp, zero, 0
x2 <- 0x0000000000000000
mem[X,0x00000000800305D0] -> 0x006F
mem[X,0x00000000800305D2] -> 0x0100
[7651] [M]: 0x00000000800305D0 (0x0100006F) jal zero, 16
mem[X,0x00000000800305E0] -> 0x1AE3
mem[X,0x00000000800305E2] -> 0xFEB5
[7652] [M]: 0x00000000800305E0 (0xFEB51AE3) bne a0, a1, 8180
mem[X,0x00000000800305D4] -> 0x0113
mem[X,0x00000000800305D6] -> 0x0011
[7653] [M]: 0x00000000800305D4 (0x00110113) addi sp, sp, 1
x2 <- 0x0000000000000001
mem[X,0x00000000800305D8] -> 0x006F
mem[X,0x00000000800305DA] -> 0x01C0
[7654] [M]: 0x00000000800305D8 (0x01C0006F) jal zero, 28
mem[X,0x00000000800305F4] -> 0xB423
mem[X,0x00000000800305F6] -> 0x6620
[7655] [M]: 0x00000000800305F4 (0x6620B423) sd sp, 1640(ra)
mem[0x0000000080046040] <- 0x0000000000000001
mem[X,0x00000000800305F8] -> 0x0537
mem[X,0x00000000800305FA] -> 0x0000
[7656] [M]: 0x00000000800305F8 (0x00000537) lui a0, 0
x10 <- 0x0000000000000000
mem[X,0x00000000800305FC] -> 0x0513
mem[X,0x00000000800305FE] -> 0x0005
[7657] [M]: 0x00000000800305FC (0x00050513) addi a0, a0, 0
x10 <- 0x0000000000000000
mem[X,0x0000000080030600] -> 0x1513
mem[X,0x0000000080030602] -> 0x00B5
[7658] [M]: 0x0000000080030600 (0x00B51513) slli a0, a0, 11
x10 <- 0x0000000000000000
mem[X,0x0000000080030604] -> 0x0513
mem[X,0x0000000080030606] -> 0x5A85
[7659] [M]: 0x0000000080030604 (0x5A850513) addi a0, a0, 1448
x10 <- 0x00000000000005A8
mem[X,0x0000000080030608] -> 0x1513
mem[X,0x000000008003060A] -> 0x00B5
[7660] [M]: 0x0000000080030608 (0x00B51513) slli a0, a0, 11
x10 <- 0x00000000002D4000
mem[X,0x000000008003060C] -> 0x0513
mem[X,0x000000008003060E] -> 0x13C5
[7661] [M]: 0x000000008003060C (0x13C50513) addi a0, a0, 316
x10 <- 0x00000000002D413C
mem[X,0x0000000080030610] -> 0x1513
mem[X,0x0000000080030612] -> 0x00A5
[7662] [M]: 0x0000000080030610 (0x00A51513) slli a0, a0, 10
x10 <- 0x00000000B504F000
mem[X,0x0000000080030614] -> 0x0513
mem[X,0x0000000080030616] -> 0x3325
[7663] [M]: 0x0000000080030614 (0x33250513) addi a0, a0, 818
x10 <- 0x00000000B504F332
mem[X,0x0000000080030618] -> 0x0593
mem[X,0x000000008003061A] -> 0x0030
[7664] [M]: 0x0000000080030618 (0x00300593) addi a1, zero, 3
x11 <- 0x0000000000000003
mem[X,0x000000008003061C] -> 0x0113
mem[X,0x000000008003061E] -> 0x0000
[7665] [M]: 0x000000008003061C (0x00000113) addi sp, zero, 0
x2 <- 0x0000000000000000
mem[X,0x0000000080030620] -> 0x006F
mem[X,0x0000000080030622] -> 0x00C0
[7666] [M]: 0x0000000080030620 (0x00C0006F) jal zero, 12
mem[X,0x000000008003062C] -> 0x1663
mem[X,0x000000008003062E] -> 0x00B5
[7667] [M]: 0x000000008003062C (0x00B51663) bne a0, a1, 12
mem[X,0x0000000080030638] -> 0x0113
mem[X,0x000000008003063A] -> 0x0031
[7668] [M]: 0x0000000080030638 (0x00310113) addi sp, sp, 3
x2 <- 0x0000000000000003
mem[X,0x000000008003063C] -> 0x006F
mem[X,0x000000008003063E] -> 0x0040
[7669] [M]: 0x000000008003063C (0x0040006F) jal zero, 4
mem[X,0x0000000080030640] -> 0xB823
mem[X,0x0000000080030642] -> 0x6620
[7670] [M]: 0x0000000080030640 (0x6620B823) sd sp, 1648(ra)
mem[0x0000000080046048] <- 0x0000000000000003
mem[X,0x0000000080030644] -> 0x0537
mem[X,0x0000000080030646] -> 0x0000
[7671] [M]: 0x0000000080030644 (0x00000537) lui a0, 0
x10 <- 0x0000000000000000
mem[X,0x0000000080030648] -> 0x0513
mem[X,0x000000008003064A] -> 0x0005
[7672] [M]: 0x0000000080030648 (0x00050513) addi a0, a0, 0
x10 <- 0x0000000000000000
mem[X,0x000000008003064C] -> 0x1513
mem[X,0x000000008003064E] -> 0x00B5
[7673] [M]: 0x000000008003064C (0x00B51513) slli a0, a0, 11
x10 <- 0x0000000000000000
mem[X,0x0000000080030650] -> 0x0513
mem[X,0x0000000080030652] -> 0x5A85
[7674] [M]: 0x0000000080030650 (0x5A850513) addi a0, a0, 1448
x10 <- 0x00000000000005A8
mem[X,0x0000000080030654] -> 0x1513
mem[X,0x0000000080030656] -> 0x00B5
[7675] [M]: 0x0000000080030654 (0x00B51513) slli a0, a0, 11
x10 <- 0x00000000002D4000
mem[X,0x0000000080030658] -> 0x0513
mem[X,0x000000008003065A] -> 0x13C5
[7676] [M]: 0x0000000080030658 (0x13C50513) addi a0, a0, 316
x10 <- 0x00000000002D413C
mem[X,0x000000008003065C] -> 0x1513
mem[X,0x000000008003065E] -> 0x00A5
[7677] [M]: 0x000000008003065C (0x00A51513) slli a0, a0, 10
x10 <- 0x00000000B504F000
mem[X,0x0000000080030660] -> 0x0513
mem[X,0x0000000080030662] -> 0x3325
[7678] [M]: 0x0000000080030660 (0x33250513) addi a0, a0, 818
x10 <- 0x00000000B504F332
mem[X,0x0000000080030664] -> 0x55B7
mem[X,0x0000000080030666] -> 0x5555
[7679] [M]: 0x0000000080030664 (0x555555B7) lui a1, 349525
x11 <- 0x0000000055555000
mem[X,0x0000000080030668] -> 0x8593
mem[X,0x000000008003066A] -> 0x5555
[7680] [M]: 0x0000000080030668 (0x55558593) addi a1, a1, 1365
x11 <- 0x0000000055555555
mem[X,0x000000008003066C] -> 0x9593
mem[X,0x000000008003066E] -> 0x00B5
[7681] [M]: 0x000000008003066C (0x00B59593) slli a1, a1, 11
x11 <- 0x000002AAAAAAA800
mem[X,0x0000000080030670] -> 0x8593
mem[X,0x0000000080030672] -> 0x2AA5
[7682] [M]: 0x0000000080030670 (0x2AA58593) addi a1, a1, 682
x11 <- 0x000002AAAAAAAAAA
mem[X,0x0000000080030674] -> 0x9593
mem[X,0x0000000080030676] -> 0x00B5
[7683] [M]: 0x0000000080030674 (0x00B59593) slli a1, a1, 11
x11 <- 0x0015555555555000
mem[X,0x0000000080030678] -> 0x8593
mem[X,0x000000008003067A] -> 0x5555
[7684] [M]: 0x0000000080030678 (0x55558593) addi a1, a1, 1365
x11 <- 0x0015555555555555
mem[X,0x000000008003067C] -> 0x9593
mem[X,0x000000008003067E] -> 0x00A5
[7685] [M]: 0x000000008003067C (0x00A59593) slli a1, a1, 10
x11 <- 0x5555555555555400
mem[X,0x0000000080030680] -> 0x8593
mem[X,0x0000000080030682] -> 0x1555
[7686] [M]: 0x0000000080030680 (0x15558593) addi a1, a1, 341
x11 <- 0x5555555555555555
mem[X,0x0000000080030684] -> 0x0113
mem[X,0x0000000080030686] -> 0x0000
[7687] [M]: 0x0000000080030684 (0x00000113) addi sp, zero, 0
x2 <- 0x0000000000000000
mem[X,0x0000000080030688] -> 0x006F
mem[X,0x000000008003068A] -> 0x0180
[7688] [M]: 0x0000000080030688 (0x0180006F) jal zero, 24
mem[X,0x00000000800306A0] -> 0x16E3
mem[X,0x00000000800306A2] -> 0xFEB5
[7689] [M]: 0x00000000800306A0 (0xFEB516E3) bne a0, a1, 8172
mem[X,0x000000008003068C] -> 0x0113
mem[X,0x000000008003068E] -> 0x0011
[7690] [M]: 0x000000008003068C (0x00110113) addi sp, sp, 1
x2 <- 0x0000000000000001
mem[X,0x0000000080030690] -> 0x006F
mem[X,0x0000000080030692] -> 0x0240
[7691] [M]: 0x0000000080030690 (0x0240006F) jal zero, 36
mem[X,0x00000000800306B4] -> 0xBC23
mem[X,0x00000000800306B6] -> 0x6620
[7692] [M]: 0x00000000800306B4 (0x6620BC23) sd sp, 1656(ra)
mem[0x0000000080046050] <- 0x0000000000000001
mem[X,0x00000000800306B8] -> 0x0537
mem[X,0x00000000800306BA] -> 0x0000
[7693] [M]: 0x00000000800306B8 (0x00000537) lui a0, 0
x10 <- 0x0000000000000000
mem[X,0x00000000800306BC] -> 0x0513
mem[X,0x00000000800306BE] -> 0x0005
[7694] [M]: 0x00000000800306BC (0x00050513) addi a0, a0, 0
x10 <- 0x0000000000000000
mem[X,0x00000000800306C0] -> 0x1513
mem[X,0x00000000800306C2] -> 0x00B5
[7695] [M]: 0x00000000800306C0 (0x00B51513) slli a0, a0, 11
x10 <- 0x0000000000000000
mem[X,0x00000000800306C4] -> 0x0513
mem[X,0x00000000800306C6] -> 0x5A85
[7696] [M]: 0x00000000800306C4 (0x5A850513) addi a0, a0, 1448
x10 <- 0x00000000000005A8
mem[X,0x00000000800306C8] -> 0x1513
mem[X,0x00000000800306CA] -> 0x00B5
[7697] [M]: 0x00000000800306C8 (0x00B51513) slli a0, a0, 11
x10 <- 0x00000000002D4000
mem[X,0x00000000800306CC] -> 0x0513
mem[X,0x00000000800306CE] -> 0x13C5
[7698] [M]: 0x00000000800306CC (0x13C50513) addi a0, a0, 316
x10 <- 0x00000000002D413C
mem[X,0x00000000800306D0] -> 0x1513
mem[X,0x00000000800306D2] -> 0x00A5
[7699] [M]: 0x00000000800306D0 (0x00A51513) slli a0, a0, 10
x10 <- 0x00000000B504F000
clint::tick mtime <- 0x000000000000004D
 clint timer pending at mtime 0x000000000000004D
htif::tick 0x0000000000000000
mem[X,0x00000000800306D4] -> 0x0513
mem[X,0x00000000800306D6] -> 0x3325
[7700] [M]: 0x00000000800306D4 (0x33250513) addi a0, a0, 818
x10 <- 0x00000000B504F332
mem[X,0x00000000800306D8] -> 0xB5B7
mem[X,0x00000000800306DA] -> 0xAAAA
[7701] [M]: 0x00000000800306D8 (0xAAAAB5B7) lui a1, 699051
x11 <- 0xFFFFFFFFAAAAB000
mem[X,0x00000000800306DC] -> 0x8593
mem[X,0x00000000800306DE] -> 0xAAA5
[7702] [M]: 0x00000000800306DC (0xAAA58593) addi a1, a1, 2730
x11 <- 0xFFFFFFFFAAAAAAAA
mem[X,0x00000000800306E0] -> 0x9593
mem[X,0x00000000800306E2] -> 0x00B5
[7703] [M]: 0x00000000800306E0 (0x00B59593) slli a1, a1, 11
x11 <- 0xFFFFFD5555555000
mem[X,0x00000000800306E4] -> 0x8593
mem[X,0x00000000800306E6] -> 0x5555
[7704] [M]: 0x00000000800306E4 (0x55558593) addi a1, a1, 1365
x11 <- 0xFFFFFD5555555555
mem[X,0x00000000800306E8] -> 0x9593
mem[X,0x00000000800306EA] -> 0x00B5
[7705] [M]: 0x00000000800306E8 (0x00B59593) slli a1, a1, 11
x11 <- 0xFFEAAAAAAAAAA800
mem[X,0x00000000800306EC] -> 0x8593
mem[X,0x00000000800306EE] -> 0x2AA5
[7706] [M]: 0x00000000800306EC (0x2AA58593) addi a1, a1, 682
x11 <- 0xFFEAAAAAAAAAAAAA
mem[X,0x00000000800306F0] -> 0x9593
mem[X,0x00000000800306F2] -> 0x00A5
[7707] [M]: 0x00000000800306F0 (0x00A59593) slli a1, a1, 10
x11 <- 0xAAAAAAAAAAAAA800
mem[X,0x00000000800306F4] -> 0x8593
mem[X,0x00000000800306F6] -> 0x2AA5
[7708] [M]: 0x00000000800306F4 (0x2AA58593) addi a1, a1, 682
x11 <- 0xAAAAAAAAAAAAAAAA
mem[X,0x00000000800306F8] -> 0x0113
mem[X,0x00000000800306FA] -> 0x0000
[7709] [M]: 0x00000000800306F8 (0x00000113) addi sp, zero, 0
x2 <- 0x0000000000000000
mem[X,0x00000000800306FC] -> 0x006F
mem[X,0x00000000800306FE] -> 0x0100
[7710] [M]: 0x00000000800306FC (0x0100006F) jal zero, 16
mem[X,0x000000008003070C] -> 0x1AE3
mem[X,0x000000008003070E] -> 0xFEB5
[7711] [M]: 0x000000008003070C (0xFEB51AE3) bne a0, a1, 8180
mem[X,0x0000000080030700] -> 0x0113
mem[X,0x0000000080030702] -> 0x0011
[7712] [M]: 0x0000000080030700 (0x00110113) addi sp, sp, 1
x2 <- 0x0000000000000001
mem[X,0x0000000080030704] -> 0x006F
mem[X,0x0000000080030706] -> 0x01C0
[7713] [M]: 0x0000000080030704 (0x01C0006F) jal zero, 28
mem[X,0x0000000080030720] -> 0xB023
mem[X,0x0000000080030722] -> 0x6820
[7714] [M]: 0x0000000080030720 (0x6820B023) sd sp, 1664(ra)
mem[0x0000000080046058] <- 0x0000000000000001
mem[X,0x0000000080030724] -> 0x0537
mem[X,0x0000000080030726] -> 0x0000
[7715] [M]: 0x0000000080030724 (0x00000537) lui a0, 0
x10 <- 0x0000000000000000
mem[X,0x0000000080030728] -> 0x0513
mem[X,0x000000008003072A] -> 0x0005
[7716] [M]: 0x0000000080030728 (0x00050513) addi a0, a0, 0
x10 <- 0x0000000000000000
mem[X,0x000000008003072C] -> 0x1513
mem[X,0x000000008003072E] -> 0x00B5
[7717] [M]: 0x000000008003072C (0x00B51513) slli a0, a0, 11
x10 <- 0x0000000000000000
mem[X,0x0000000080030730] -> 0x0513
mem[X,0x0000000080030732] -> 0x5A85
[7718] [M]: 0x0000000080030730 (0x5A850513) addi a0, a0, 1448
x10 <- 0x00000000000005A8
mem[X,0x0000000080030734] -> 0x1513
mem[X,0x0000000080030736] -> 0x00B5
[7719] [M]: 0x0000000080030734 (0x00B51513) slli a0, a0, 11
x10 <- 0x00000000002D4000
mem[X,0x0000000080030738] -> 0x0513
mem[X,0x000000008003073A] -> 0x13C5
[7720] [M]: 0x0000000080030738 (0x13C50513) addi a0, a0, 316
x10 <- 0x00000000002D413C
mem[X,0x000000008003073C] -> 0x1513
mem[X,0x000000008003073E] -> 0x00A5
[7721] [M]: 0x000000008003073C (0x00A51513) slli a0, a0, 10
x10 <- 0x00000000B504F000
mem[X,0x0000000080030740] -> 0x0513
mem[X,0x0000000080030742] -> 0x3325
[7722] [M]: 0x0000000080030740 (0x33250513) addi a0, a0, 818
x10 <- 0x00000000B504F332
mem[X,0x0000000080030744] -> 0x0593
mem[X,0x0000000080030746] -> 0x0050
[7723] [M]: 0x0000000080030744 (0x00500593) addi a1, zero, 5
x11 <- 0x0000000000000005
mem[X,0x0000000080030748] -> 0x0113
mem[X,0x000000008003074A] -> 0x0000
[7724] [M]: 0x0000000080030748 (0x00000113) addi sp, zero, 0
x2 <- 0x0000000000000000
mem[X,0x000000008003074C] -> 0x006F
mem[X,0x000000008003074E] -> 0x0140
[7725] [M]: 0x000000008003074C (0x0140006F) jal zero, 20
mem[X,0x0000000080030760] -> 0x18E3
mem[X,0x0000000080030762] -> 0xFEB5
[7726] [M]: 0x0000000080030760 (0xFEB518E3) bne a0, a1, 8176
mem[X,0x0000000080030750] -> 0x0113
mem[X,0x0000000080030752] -> 0x0011
[7727] [M]: 0x0000000080030750 (0x00110113) addi sp, sp, 1
x2 <- 0x0000000000000001
mem[X,0x0000000080030754] -> 0x006F
mem[X,0x0000000080030756] -> 0x0200
[7728] [M]: 0x0000000080030754 (0x0200006F) jal zero, 32
mem[X,0x0000000080030774] -> 0xB423
mem[X,0x0000000080030776] -> 0x6820
[7729] [M]: 0x0000000080030774 (0x6820B423) sd sp, 1672(ra)
mem[0x0000000080046060] <- 0x0000000000000001
mem[X,0x0000000080030778] -> 0x0537
mem[X,0x000000008003077A] -> 0x0000
[7730] [M]: 0x0000000080030778 (0x00000537) lui a0, 0
x10 <- 0x0000000000000000
mem[X,0x000000008003077C] -> 0x0513
mem[X,0x000000008003077E] -> 0x0005
[7731] [M]: 0x000000008003077C (0x00050513) addi a0, a0, 0
x10 <- 0x0000000000000000
mem[X,0x0000000080030780] -> 0x1513
mem[X,0x0000000080030782] -> 0x00B5
[7732] [M]: 0x0000000080030780 (0x00B51513) slli a0, a0, 11
x10 <- 0x0000000000000000
mem[X,0x0000000080030784] -> 0x0513
mem[X,0x0000000080030786] -> 0x5A85
[7733] [M]: 0x0000000080030784 (0x5A850513) addi a0, a0, 1448
x10 <- 0x00000000000005A8
mem[X,0x0000000080030788] -> 0x1513
mem[X,0x000000008003078A] -> 0x00B5
[7734] [M]: 0x0000000080030788 (0x00B51513) slli a0, a0, 11
x10 <- 0x00000000002D4000
mem[X,0x000000008003078C] -> 0x0513
mem[X,0x000000008003078E] -> 0x13C5
[7735] [M]: 0x000000008003078C (0x13C50513) addi a0, a0, 316
x10 <- 0x00000000002D413C
mem[X,0x0000000080030790] -> 0x1513
mem[X,0x0000000080030792] -> 0x00A5
[7736] [M]: 0x0000000080030790 (0x00A51513) slli a0, a0, 10
x10 <- 0x00000000B504F000
mem[X,0x0000000080030794] -> 0x0513
mem[X,0x0000000080030796] -> 0x3325
[7737] [M]: 0x0000000080030794 (0x33250513) addi a0, a0, 818
x10 <- 0x00000000B504F332
mem[X,0x0000000080030798] -> 0x35B7
mem[X,0x000000008003079A] -> 0x3333
[7738] [M]: 0x0000000080030798 (0x333335B7) lui a1, 209715
x11 <- 0x0000000033333000
mem[X,0x000000008003079C] -> 0x8593
mem[X,0x000000008003079E] -> 0x3335
[7739] [M]: 0x000000008003079C (0x33358593) addi a1, a1, 819
x11 <- 0x0000000033333333
mem[X,0x00000000800307A0] -> 0x9593
mem[X,0x00000000800307A2] -> 0x00B5
[7740] [M]: 0x00000000800307A0 (0x00B59593) slli a1, a1, 11
x11 <- 0x0000019999999800
mem[X,0x00000000800307A4] -> 0x8593
mem[X,0x00000000800307A6] -> 0x1995
[7741] [M]: 0x00000000800307A4 (0x19958593) addi a1, a1, 409
x11 <- 0x0000019999999999
mem[X,0x00000000800307A8] -> 0x9593
mem[X,0x00000000800307AA] -> 0x00B5
[7742] [M]: 0x00000000800307A8 (0x00B59593) slli a1, a1, 11
x11 <- 0x000CCCCCCCCCC800
mem[X,0x00000000800307AC] -> 0x8593
mem[X,0x00000000800307AE] -> 0x4CC5
[7743] [M]: 0x00000000800307AC (0x4CC58593) addi a1, a1, 1228
x11 <- 0x000CCCCCCCCCCCCC
mem[X,0x00000000800307B0] -> 0x9593
mem[X,0x00000000800307B2] -> 0x00A5
[7744] [M]: 0x00000000800307B0 (0x00A59593) slli a1, a1, 10
x11 <- 0x3333333333333000
mem[X,0x00000000800307B4] -> 0x8593
mem[X,0x00000000800307B6] -> 0x3335
[7745] [M]: 0x00000000800307B4 (0x33358593) addi a1, a1, 819
x11 <- 0x3333333333333333
mem[X,0x00000000800307B8] -> 0x0113
mem[X,0x00000000800307BA] -> 0x0000
[7746] [M]: 0x00000000800307B8 (0x00000113) addi sp, zero, 0
x2 <- 0x0000000000000000
mem[X,0x00000000800307BC] -> 0x006F
mem[X,0x00000000800307BE] -> 0x0100
[7747] [M]: 0x00000000800307BC (0x0100006F) jal zero, 16
mem[X,0x00000000800307CC] -> 0x1AE3
mem[X,0x00000000800307CE] -> 0xFEB5
[7748] [M]: 0x00000000800307CC (0xFEB51AE3) bne a0, a1, 8180
mem[X,0x00000000800307C0] -> 0x0113
mem[X,0x00000000800307C2] -> 0x0011
[7749] [M]: 0x00000000800307C0 (0x00110113) addi sp, sp, 1
x2 <- 0x0000000000000001
mem[X,0x00000000800307C4] -> 0x006F
mem[X,0x00000000800307C6] -> 0x01C0
[7750] [M]: 0x00000000800307C4 (0x01C0006F) jal zero, 28
mem[X,0x00000000800307E0] -> 0xB823
mem[X,0x00000000800307E2] -> 0x6820
[7751] [M]: 0x00000000800307E0 (0x6820B823) sd sp, 1680(ra)
mem[0x0000000080046068] <- 0x0000000000000001
mem[X,0x00000000800307E4] -> 0x0537
mem[X,0x00000000800307E6] -> 0x0000
[7752] [M]: 0x00000000800307E4 (0x00000537) lui a0, 0
x10 <- 0x0000000000000000
mem[X,0x00000000800307E8] -> 0x0513
mem[X,0x00000000800307EA] -> 0x0005
[7753] [M]: 0x00000000800307E8 (0x00050513) addi a0, a0, 0
x10 <- 0x0000000000000000
mem[X,0x00000000800307EC] -> 0x1513
mem[X,0x00000000800307EE] -> 0x00B5
[7754] [M]: 0x00000000800307EC (0x00B51513) slli a0, a0, 11
x10 <- 0x0000000000000000
mem[X,0x00000000800307F0] -> 0x0513
mem[X,0x00000000800307F2] -> 0x5A85
[7755] [M]: 0x00000000800307F0 (0x5A850513) addi a0, a0, 1448
x10 <- 0x00000000000005A8
mem[X,0x00000000800307F4] -> 0x1513
mem[X,0x00000000800307F6] -> 0x00B5
[7756] [M]: 0x00000000800307F4 (0x00B51513) slli a0, a0, 11
x10 <- 0x00000000002D4000
mem[X,0x00000000800307F8] -> 0x0513
mem[X,0x00000000800307FA] -> 0x13C5
[7757] [M]: 0x00000000800307F8 (0x13C50513) addi a0, a0, 316
x10 <- 0x00000000002D413C
mem[X,0x00000000800307FC] -> 0x1513
mem[X,0x00000000800307FE] -> 0x00A5
[7758] [M]: 0x00000000800307FC (0x00A51513) slli a0, a0, 10
x10 <- 0x00000000B504F000
mem[X,0x0000000080030800] -> 0x0513
mem[X,0x0000000080030802] -> 0x3325
[7759] [M]: 0x0000000080030800 (0x33250513) addi a0, a0, 818
x10 <- 0x00000000B504F332
mem[X,0x0000000080030804] -> 0x65B7
mem[X,0x0000000080030806] -> 0x6666
[7760] [M]: 0x0000000080030804 (0x666665B7) lui a1, 419430
x11 <- 0x0000000066666000
mem[X,0x0000000080030808] -> 0x8593
mem[X,0x000000008003080A] -> 0x6665
[7761] [M]: 0x0000000080030808 (0x66658593) addi a1, a1, 1638
x11 <- 0x0000000066666666
mem[X,0x000000008003080C] -> 0x9593
mem[X,0x000000008003080E] -> 0x00B5
[7762] [M]: 0x000000008003080C (0x00B59593) slli a1, a1, 11
x11 <- 0x0000033333333000
mem[X,0x0000000080030810] -> 0x8593
mem[X,0x0000000080030812] -> 0x3335
[7763] [M]: 0x0000000080030810 (0x33358593) addi a1, a1, 819
x11 <- 0x0000033333333333
mem[X,0x0000000080030814] -> 0x9593
mem[X,0x0000000080030816] -> 0x00B5
[7764] [M]: 0x0000000080030814 (0x00B59593) slli a1, a1, 11
x11 <- 0x0019999999999800
mem[X,0x0000000080030818] -> 0x8593
mem[X,0x000000008003081A] -> 0x1995
[7765] [M]: 0x0000000080030818 (0x19958593) addi a1, a1, 409
x11 <- 0x0019999999999999
mem[X,0x000000008003081C] -> 0x9593
mem[X,0x000000008003081E] -> 0x00A5
[7766] [M]: 0x000000008003081C (0x00A59593) slli a1, a1, 10
x11 <- 0x6666666666666400
mem[X,0x0000000080030820] -> 0x8593
mem[X,0x0000000080030822] -> 0x2665
[7767] [M]: 0x0000000080030820 (0x26658593) addi a1, a1, 614
x11 <- 0x6666666666666666
mem[X,0x0000000080030824] -> 0x0113
mem[X,0x0000000080030826] -> 0x0000
[7768] [M]: 0x0000000080030824 (0x00000113) addi sp, zero, 0
x2 <- 0x0000000000000000
mem[X,0x0000000080030828] -> 0x006F
mem[X,0x000000008003082A] -> 0x00C0
[7769] [M]: 0x0000000080030828 (0x00C0006F) jal zero, 12
mem[X,0x0000000080030834] -> 0x1063
mem[X,0x0000000080030836] -> 0x08B5
[7770] [M]: 0x0000000080030834 (0x08B51063) bne a0, a1, 128
mem[X,0x00000000800308B4] -> 0x0113
mem[X,0x00000000800308B6] -> 0x0031
[7771] [M]: 0x00000000800308B4 (0x00310113) addi sp, sp, 3
x2 <- 0x0000000000000003
mem[X,0x00000000800308B8] -> 0x006F
mem[X,0x00000000800308BA] -> 0x0040
[7772] [M]: 0x00000000800308B8 (0x0040006F) jal zero, 4
mem[X,0x00000000800308BC] -> 0xBC23
mem[X,0x00000000800308BE] -> 0x6820
[7773] [M]: 0x00000000800308BC (0x6820BC23) sd sp, 1688(ra)
mem[0x0000000080046070] <- 0x0000000000000003
mem[X,0x00000000800308C0] -> 0x0537
mem[X,0x00000000800308C2] -> 0x0000
[7774] [M]: 0x00000000800308C0 (0x00000537) lui a0, 0
x10 <- 0x0000000000000000
mem[X,0x00000000800308C4] -> 0x0513
mem[X,0x00000000800308C6] -> 0x0005
[7775] [M]: 0x00000000800308C4 (0x00050513) addi a0, a0, 0
x10 <- 0x0000000000000000
mem[X,0x00000000800308C8] -> 0x1513
mem[X,0x00000000800308CA] -> 0x00B5
[7776] [M]: 0x00000000800308C8 (0x00B51513) slli a0, a0, 11
x10 <- 0x0000000000000000
mem[X,0x00000000800308CC] -> 0x0513
mem[X,0x00000000800308CE] -> 0x5A85
[7777] [M]: 0x00000000800308CC (0x5A850513) addi a0, a0, 1448
x10 <- 0x00000000000005A8
mem[X,0x00000000800308D0] -> 0x1513
mem[X,0x00000000800308D2] -> 0x00B5
[7778] [M]: 0x00000000800308D0 (0x00B51513) slli a0, a0, 11
x10 <- 0x00000000002D4000
mem[X,0x00000000800308D4] -> 0x0513
mem[X,0x00000000800308D6] -> 0x13C5
[7779] [M]: 0x00000000800308D4 (0x13C50513) addi a0, a0, 316
x10 <- 0x00000000002D413C
mem[X,0x00000000800308D8] -> 0x1513
mem[X,0x00000000800308DA] -> 0x00A5
[7780] [M]: 0x00000000800308D8 (0x00A51513) slli a0, a0, 10
x10 <- 0x00000000B504F000
mem[X,0x00000000800308DC] -> 0x0513
mem[X,0x00000000800308DE] -> 0x3325
[7781] [M]: 0x00000000800308DC (0x33250513) addi a0, a0, 818
x10 <- 0x00000000B504F332
mem[X,0x00000000800308E0] -> 0x05B7
mem[X,0x00000000800308E2] -> 0x0000
[7782] [M]: 0x00000000800308E0 (0x000005B7) lui a1, 0
x11 <- 0x0000000000000000
mem[X,0x00000000800308E4] -> 0x8593
mem[X,0x00000000800308E6] -> 0xFFF5
[7783] [M]: 0x00000000800308E4 (0xFFF58593) addi a1, a1, 4095
x11 <- 0xFFFFFFFFFFFFFFFF
mem[X,0x00000000800308E8] -> 0x9593
mem[X,0x00000000800308EA] -> 0x00B5
[7784] [M]: 0x00000000800308E8 (0x00B59593) slli a1, a1, 11
x11 <- 0xFFFFFFFFFFFFF800
mem[X,0x00000000800308EC] -> 0x8593
mem[X,0x00000000800308EE] -> 0x2575
[7785] [M]: 0x00000000800308EC (0x25758593) addi a1, a1, 599
x11 <- 0xFFFFFFFFFFFFFA57
mem[X,0x00000000800308F0] -> 0x9593
mem[X,0x00000000800308F2] -> 0x00B5
[7786] [M]: 0x00000000800308F0 (0x00B59593) slli a1, a1, 11
x11 <- 0xFFFFFFFFFFD2B800
mem[X,0x00000000800308F4] -> 0x8593
mem[X,0x00000000800308F6] -> 0x6C35
[7787] [M]: 0x00000000800308F4 (0x6C358593) addi a1, a1, 1731
x11 <- 0xFFFFFFFFFFD2BEC3
mem[X,0x00000000800308F8] -> 0x9593
mem[X,0x00000000800308FA] -> 0x00A5
[7788] [M]: 0x00000000800308F8 (0x00A59593) slli a1, a1, 10
x11 <- 0xFFFFFFFF4AFB0C00
mem[X,0x00000000800308FC] -> 0x8593
mem[X,0x00000000800308FE] -> 0x0CD5
[7789] [M]: 0x00000000800308FC (0x0CD58593) addi a1, a1, 205
x11 <- 0xFFFFFFFF4AFB0CCD
mem[X,0x0000000080030900] -> 0x0113
mem[X,0x0000000080030902] -> 0x0000
[7790] [M]: 0x0000000080030900 (0x00000113) addi sp, zero, 0
x2 <- 0x0000000000000000
mem[X,0x0000000080030904] -> 0x006F
mem[X,0x0000000080030906] -> 0x00C0
[7791] [M]: 0x0000000080030904 (0x00C0006F) jal zero, 12
mem[X,0x0000000080030910] -> 0x1CE3
mem[X,0x0000000080030912] -> 0xFEB5
[7792] [M]: 0x0000000080030910 (0xFEB51CE3) bne a0, a1, 8184
mem[X,0x0000000080030908] -> 0x0113
mem[X,0x000000008003090A] -> 0x0011
[7793] [M]: 0x0000000080030908 (0x00110113) addi sp, sp, 1
x2 <- 0x0000000000000001
mem[X,0x000000008003090C] -> 0x006F
mem[X,0x000000008003090E] -> 0x0180
[7794] [M]: 0x000000008003090C (0x0180006F) jal zero, 24
mem[X,0x0000000080030924] -> 0xB023
mem[X,0x0000000080030926] -> 0x6A20
[7795] [M]: 0x0000000080030924 (0x6A20B023) sd sp, 1696(ra)
mem[0x0000000080046078] <- 0x0000000000000001
mem[X,0x0000000080030928] -> 0x0537
mem[X,0x000000008003092A] -> 0x0000
[7796] [M]: 0x0000000080030928 (0x00000537) lui a0, 0
x10 <- 0x0000000000000000
mem[X,0x000000008003092C] -> 0x0513
mem[X,0x000000008003092E] -> 0x0005
[7797] [M]: 0x000000008003092C (0x00050513) addi a0, a0, 0
x10 <- 0x0000000000000000
mem[X,0x0000000080030930] -> 0x1513
mem[X,0x0000000080030932] -> 0x00B5
[7798] [M]: 0x0000000080030930 (0x00B51513) slli a0, a0, 11
x10 <- 0x0000000000000000
mem[X,0x0000000080030934] -> 0x0513
mem[X,0x0000000080030936] -> 0x5A85
[7799] [M]: 0x0000000080030934 (0x5A850513) addi a0, a0, 1448
x10 <- 0x00000000000005A8
clint::tick mtime <- 0x000000000000004E
 clint timer pending at mtime 0x000000000000004E
htif::tick 0x0000000000000000
mem[X,0x0000000080030938] -> 0x1513
mem[X,0x000000008003093A] -> 0x00B5
[7800] [M]: 0x0000000080030938 (0x00B51513) slli a0, a0, 11
x10 <- 0x00000000002D4000
mem[X,0x000000008003093C] -> 0x0513
mem[X,0x000000008003093E] -> 0x13C5
[7801] [M]: 0x000000008003093C (0x13C50513) addi a0, a0, 316
x10 <- 0x00000000002D413C
mem[X,0x0000000080030940] -> 0x1513
mem[X,0x0000000080030942] -> 0x00A5
[7802] [M]: 0x0000000080030940 (0x00A51513) slli a0, a0, 10
x10 <- 0x00000000B504F000
mem[X,0x0000000080030944] -> 0x0513
mem[X,0x0000000080030946] -> 0x3325
[7803] [M]: 0x0000000080030944 (0x33250513) addi a0, a0, 818
x10 <- 0x00000000B504F332
mem[X,0x0000000080030948] -> 0x05B7
mem[X,0x000000008003094A] -> 0x0000
[7804] [M]: 0x0000000080030948 (0x000005B7) lui a1, 0
x11 <- 0x0000000000000000
mem[X,0x000000008003094C] -> 0x8593
mem[X,0x000000008003094E] -> 0x0005
[7805] [M]: 0x000000008003094C (0x00058593) addi a1, a1, 0
x11 <- 0x0000000000000000
mem[X,0x0000000080030950] -> 0x9593
mem[X,0x0000000080030952] -> 0x00B5
[7806] [M]: 0x0000000080030950 (0x00B59593) slli a1, a1, 11
x11 <- 0x0000000000000000
mem[X,0x0000000080030954] -> 0x8593
mem[X,0x0000000080030956] -> 0x5A85
[7807] [M]: 0x0000000080030954 (0x5A858593) addi a1, a1, 1448
x11 <- 0x00000000000005A8
mem[X,0x0000000080030958] -> 0x9593
mem[X,0x000000008003095A] -> 0x00B5
[7808] [M]: 0x0000000080030958 (0x00B59593) slli a1, a1, 11
x11 <- 0x00000000002D4000
mem[X,0x000000008003095C] -> 0x8593
mem[X,0x000000008003095E] -> 0x13C5
[7809] [M]: 0x000000008003095C (0x13C58593) addi a1, a1, 316
x11 <- 0x00000000002D413C
mem[X,0x0000000080030960] -> 0x9593
mem[X,0x0000000080030962] -> 0x00A5
[7810] [M]: 0x0000000080030960 (0x00A59593) slli a1, a1, 10
x11 <- 0x00000000B504F000
mem[X,0x0000000080030964] -> 0x8593
mem[X,0x0000000080030966] -> 0x3335
[7811] [M]: 0x0000000080030964 (0x33358593) addi a1, a1, 819
x11 <- 0x00000000B504F333
mem[X,0x0000000080030968] -> 0x0113
mem[X,0x000000008003096A] -> 0x0000
[7812] [M]: 0x0000000080030968 (0x00000113) addi sp, zero, 0
x2 <- 0x0000000000000000
mem[X,0x000000008003096C] -> 0x006F
mem[X,0x000000008003096E] -> 0x0140
[7813] [M]: 0x000000008003096C (0x0140006F) jal zero, 20
mem[X,0x0000000080030980] -> 0x18E3
mem[X,0x0000000080030982] -> 0xFEB5
[7814] [M]: 0x0000000080030980 (0xFEB518E3) bne a0, a1, 8176
mem[X,0x0000000080030970] -> 0x0113
mem[X,0x0000000080030972] -> 0x0011
[7815] [M]: 0x0000000080030970 (0x00110113) addi sp, sp, 1
x2 <- 0x0000000000000001
mem[X,0x0000000080030974] -> 0x006F
mem[X,0x0000000080030976] -> 0x0200
[7816] [M]: 0x0000000080030974 (0x0200006F) jal zero, 32
mem[X,0x0000000080030994] -> 0xB423
mem[X,0x0000000080030996] -> 0x6A20
[7817] [M]: 0x0000000080030994 (0x6A20B423) sd sp, 1704(ra)
mem[0x0000000080046080] <- 0x0000000000000001
mem[X,0x0000000080030998] -> 0x0537
mem[X,0x000000008003099A] -> 0x0000
[7818] [M]: 0x0000000080030998 (0x00000537) lui a0, 0
x10 <- 0x0000000000000000
mem[X,0x000000008003099C] -> 0x0513
mem[X,0x000000008003099E] -> 0x0005
[7819] [M]: 0x000000008003099C (0x00050513) addi a0, a0, 0
x10 <- 0x0000000000000000
mem[X,0x00000000800309A0] -> 0x1513
mem[X,0x00000000800309A2] -> 0x00B5
[7820] [M]: 0x00000000800309A0 (0x00B51513) slli a0, a0, 11
x10 <- 0x0000000000000000
mem[X,0x00000000800309A4] -> 0x0513
mem[X,0x00000000800309A6] -> 0x5A85
[7821] [M]: 0x00000000800309A4 (0x5A850513) addi a0, a0, 1448
x10 <- 0x00000000000005A8
mem[X,0x00000000800309A8] -> 0x1513
mem[X,0x00000000800309AA] -> 0x00B5
[7822] [M]: 0x00000000800309A8 (0x00B51513) slli a0, a0, 11
x10 <- 0x00000000002D4000
mem[X,0x00000000800309AC] -> 0x0513
mem[X,0x00000000800309AE] -> 0x13C5
[7823] [M]: 0x00000000800309AC (0x13C50513) addi a0, a0, 316
x10 <- 0x00000000002D413C
mem[X,0x00000000800309B0] -> 0x1513
mem[X,0x00000000800309B2] -> 0x00A5
[7824] [M]: 0x00000000800309B0 (0x00A51513) slli a0, a0, 10
x10 <- 0x00000000B504F000
mem[X,0x00000000800309B4] -> 0x0513
mem[X,0x00000000800309B6] -> 0x3325
[7825] [M]: 0x00000000800309B4 (0x33250513) addi a0, a0, 818
x10 <- 0x00000000B504F332
mem[X,0x00000000800309B8] -> 0x0593
mem[X,0x00000000800309BA] -> 0x0020
[7826] [M]: 0x00000000800309B8 (0x00200593) addi a1, zero, 2
x11 <- 0x0000000000000002
mem[X,0x00000000800309BC] -> 0x0113
mem[X,0x00000000800309BE] -> 0x0000
[7827] [M]: 0x00000000800309BC (0x00000113) addi sp, zero, 0
x2 <- 0x0000000000000000
mem[X,0x00000000800309C0] -> 0x006F
mem[X,0x00000000800309C2] -> 0x0140
[7828] [M]: 0x00000000800309C0 (0x0140006F) jal zero, 20
mem[X,0x00000000800309D4] -> 0x18E3
mem[X,0x00000000800309D6] -> 0xFEB5
[7829] [M]: 0x00000000800309D4 (0xFEB518E3) bne a0, a1, 8176
mem[X,0x00000000800309C4] -> 0x0113
mem[X,0x00000000800309C6] -> 0x0011
[7830] [M]: 0x00000000800309C4 (0x00110113) addi sp, sp, 1
x2 <- 0x0000000000000001
mem[X,0x00000000800309C8] -> 0x006F
mem[X,0x00000000800309CA] -> 0x0200
[7831] [M]: 0x00000000800309C8 (0x0200006F) jal zero, 32
mem[X,0x00000000800309E8] -> 0xB823
mem[X,0x00000000800309EA] -> 0x6A20
[7832] [M]: 0x00000000800309E8 (0x6A20B823) sd sp, 1712(ra)
mem[0x0000000080046088] <- 0x0000000000000001
mem[X,0x00000000800309EC] -> 0x0537
mem[X,0x00000000800309EE] -> 0x0000
[7833] [M]: 0x00000000800309EC (0x00000537) lui a0, 0
x10 <- 0x0000000000000000
mem[X,0x00000000800309F0] -> 0x0513
mem[X,0x00000000800309F2] -> 0x0005
[7834] [M]: 0x00000000800309F0 (0x00050513) addi a0, a0, 0
x10 <- 0x0000000000000000
mem[X,0x00000000800309F4] -> 0x1513
mem[X,0x00000000800309F6] -> 0x00B5
[7835] [M]: 0x00000000800309F4 (0x00B51513) slli a0, a0, 11
x10 <- 0x0000000000000000
mem[X,0x00000000800309F8] -> 0x0513
mem[X,0x00000000800309FA] -> 0x5A85
[7836] [M]: 0x00000000800309F8 (0x5A850513) addi a0, a0, 1448
x10 <- 0x00000000000005A8
mem[X,0x00000000800309FC] -> 0x1513
mem[X,0x00000000800309FE] -> 0x00B5
[7837] [M]: 0x00000000800309FC (0x00B51513) slli a0, a0, 11
x10 <- 0x00000000002D4000
mem[X,0x0000000080030A00] -> 0x0513
mem[X,0x0000000080030A02] -> 0x13C5
[7838] [M]: 0x0000000080030A00 (0x13C50513) addi a0, a0, 316
x10 <- 0x00000000002D413C
mem[X,0x0000000080030A04] -> 0x1513
mem[X,0x0000000080030A06] -> 0x00A5
[7839] [M]: 0x0000000080030A04 (0x00A51513) slli a0, a0, 10
x10 <- 0x00000000B504F000
mem[X,0x0000000080030A08] -> 0x0513
mem[X,0x0000000080030A0A] -> 0x3325
[7840] [M]: 0x0000000080030A08 (0x33250513) addi a0, a0, 818
x10 <- 0x00000000B504F332
mem[X,0x0000000080030A0C] -> 0x55B7
mem[X,0x0000000080030A0E] -> 0x5555
[7841] [M]: 0x0000000080030A0C (0x555555B7) lui a1, 349525
x11 <- 0x0000000055555000
mem[X,0x0000000080030A10] -> 0x8593
mem[X,0x0000000080030A12] -> 0x5555
[7842] [M]: 0x0000000080030A10 (0x55558593) addi a1, a1, 1365
x11 <- 0x0000000055555555
mem[X,0x0000000080030A14] -> 0x9593
mem[X,0x0000000080030A16] -> 0x00B5
[7843] [M]: 0x0000000080030A14 (0x00B59593) slli a1, a1, 11
x11 <- 0x000002AAAAAAA800
mem[X,0x0000000080030A18] -> 0x8593
mem[X,0x0000000080030A1A] -> 0x2AA5
[7844] [M]: 0x0000000080030A18 (0x2AA58593) addi a1, a1, 682
x11 <- 0x000002AAAAAAAAAA
mem[X,0x0000000080030A1C] -> 0x9593
mem[X,0x0000000080030A1E] -> 0x00B5
[7845] [M]: 0x0000000080030A1C (0x00B59593) slli a1, a1, 11
x11 <- 0x0015555555555000
mem[X,0x0000000080030A20] -> 0x8593
mem[X,0x0000000080030A22] -> 0x5555
[7846] [M]: 0x0000000080030A20 (0x55558593) addi a1, a1, 1365
x11 <- 0x0015555555555555
mem[X,0x0000000080030A24] -> 0x9593
mem[X,0x0000000080030A26] -> 0x00A5
[7847] [M]: 0x0000000080030A24 (0x00A59593) slli a1, a1, 10
x11 <- 0x5555555555555400
mem[X,0x0000000080030A28] -> 0x8593
mem[X,0x0000000080030A2A] -> 0x1545
[7848] [M]: 0x0000000080030A28 (0x15458593) addi a1, a1, 340
x11 <- 0x5555555555555554
mem[X,0x0000000080030A2C] -> 0x0113
mem[X,0x0000000080030A2E] -> 0x0000
[7849] [M]: 0x0000000080030A2C (0x00000113) addi sp, zero, 0
x2 <- 0x0000000000000000
mem[X,0x0000000080030A30] -> 0x006F
mem[X,0x0000000080030A32] -> 0x00C0
[7850] [M]: 0x0000000080030A30 (0x00C0006F) jal zero, 12
mem[X,0x0000000080030A3C] -> 0x1063
mem[X,0x0000000080030A3E] -> 0x02B5
[7851] [M]: 0x0000000080030A3C (0x02B51063) bne a0, a1, 32
mem[X,0x0000000080030A5C] -> 0x0113
mem[X,0x0000000080030A5E] -> 0x0031
[7852] [M]: 0x0000000080030A5C (0x00310113) addi sp, sp, 3
x2 <- 0x0000000000000003
mem[X,0x0000000080030A60] -> 0x006F
mem[X,0x0000000080030A62] -> 0x0040
[7853] [M]: 0x0000000080030A60 (0x0040006F) jal zero, 4
mem[X,0x0000000080030A64] -> 0xBC23
mem[X,0x0000000080030A66] -> 0x6A20
[7854] [M]: 0x0000000080030A64 (0x6A20BC23) sd sp, 1720(ra)
mem[0x0000000080046090] <- 0x0000000000000003
mem[X,0x0000000080030A68] -> 0x0537
mem[X,0x0000000080030A6A] -> 0x0000
[7855] [M]: 0x0000000080030A68 (0x00000537) lui a0, 0
x10 <- 0x0000000000000000
mem[X,0x0000000080030A6C] -> 0x0513
mem[X,0x0000000080030A6E] -> 0x0005
[7856] [M]: 0x0000000080030A6C (0x00050513) addi a0, a0, 0
x10 <- 0x0000000000000000
mem[X,0x0000000080030A70] -> 0x1513
mem[X,0x0000000080030A72] -> 0x00B5
[7857] [M]: 0x0000000080030A70 (0x00B51513) slli a0, a0, 11
x10 <- 0x0000000000000000
mem[X,0x0000000080030A74] -> 0x0513
mem[X,0x0000000080030A76] -> 0x5A85
[7858] [M]: 0x0000000080030A74 (0x5A850513) addi a0, a0, 1448
x10 <- 0x00000000000005A8
mem[X,0x0000000080030A78] -> 0x1513
mem[X,0x0000000080030A7A] -> 0x00B5
[7859] [M]: 0x0000000080030A78 (0x00B51513) slli a0, a0, 11
x10 <- 0x00000000002D4000
mem[X,0x0000000080030A7C] -> 0x0513
mem[X,0x0000000080030A7E] -> 0x13C5
[7860] [M]: 0x0000000080030A7C (0x13C50513) addi a0, a0, 316
x10 <- 0x00000000002D413C
mem[X,0x0000000080030A80] -> 0x1513
mem[X,0x0000000080030A82] -> 0x00A5
[7861] [M]: 0x0000000080030A80 (0x00A51513) slli a0, a0, 10
x10 <- 0x00000000B504F000
mem[X,0x0000000080030A84] -> 0x0513
mem[X,0x0000000080030A86] -> 0x3325
[7862] [M]: 0x0000000080030A84 (0x33250513) addi a0, a0, 818
x10 <- 0x00000000B504F332
mem[X,0x0000000080030A88] -> 0x0593
mem[X,0x0000000080030A8A] -> 0x0000
[7863] [M]: 0x0000000080030A88 (0x00000593) addi a1, zero, 0
x11 <- 0x0000000000000000
mem[X,0x0000000080030A8C] -> 0x0113
mem[X,0x0000000080030A8E] -> 0x0000
[7864] [M]: 0x0000000080030A8C (0x00000113) addi sp, zero, 0
x2 <- 0x0000000000000000
mem[X,0x0000000080030A90] -> 0x006F
mem[X,0x0000000080030A92] -> 0x2B10
[7865] [M]: 0x0000000080030A90 (0x2B10006F) jal zero, 2736
mem[X,0x0000000080031540] -> 0x1A63
mem[X,0x0000000080031542] -> 0xD4B5
[7866] [M]: 0x0000000080031540 (0xD4B51A63) bne a0, a1, 5460
mem[X,0x0000000080030A94] -> 0x0113
mem[X,0x0000000080030A96] -> 0x0011
[7867] [M]: 0x0000000080030A94 (0x00110113) addi sp, sp, 1
x2 <- 0x0000000000000001
mem[X,0x0000000080030A98] -> 0x006F
mem[X,0x0000000080030A9A] -> 0x2BD0
[7868] [M]: 0x0000000080030A98 (0x2BD0006F) jal zero, 2748
mem[X,0x0000000080031554] -> 0xB023
mem[X,0x0000000080031556] -> 0x6C20
[7869] [M]: 0x0000000080031554 (0x6C20B023) sd sp, 1728(ra)
mem[0x0000000080046098] <- 0x0000000000000001
mem[X,0x0000000080031558] -> 0x0537
mem[X,0x000000008003155A] -> 0x0000
[7870] [M]: 0x0000000080031558 (0x00000537) lui a0, 0
x10 <- 0x0000000000000000
mem[X,0x000000008003155C] -> 0x0513
mem[X,0x000000008003155E] -> 0x0005
[7871] [M]: 0x000000008003155C (0x00050513) addi a0, a0, 0
x10 <- 0x0000000000000000
mem[X,0x0000000080031560] -> 0x1513
mem[X,0x0000000080031562] -> 0x00B5
[7872] [M]: 0x0000000080031560 (0x00B51513) slli a0, a0, 11
x10 <- 0x0000000000000000
mem[X,0x0000000080031564] -> 0x0513
mem[X,0x0000000080031566] -> 0x5A85
[7873] [M]: 0x0000000080031564 (0x5A850513) addi a0, a0, 1448
x10 <- 0x00000000000005A8
mem[X,0x0000000080031568] -> 0x1513
mem[X,0x000000008003156A] -> 0x00B5
[7874] [M]: 0x0000000080031568 (0x00B51513) slli a0, a0, 11
x10 <- 0x00000000002D4000
mem[X,0x000000008003156C] -> 0x0513
mem[X,0x000000008003156E] -> 0x13C5
[7875] [M]: 0x000000008003156C (0x13C50513) addi a0, a0, 316
x10 <- 0x00000000002D413C
mem[X,0x0000000080031570] -> 0x1513
mem[X,0x0000000080031572] -> 0x00A5
[7876] [M]: 0x0000000080031570 (0x00A51513) slli a0, a0, 10
x10 <- 0x00000000B504F000
mem[X,0x0000000080031574] -> 0x0513
mem[X,0x0000000080031576] -> 0x3325
[7877] [M]: 0x0000000080031574 (0x33250513) addi a0, a0, 818
x10 <- 0x00000000B504F332
mem[X,0x0000000080031578] -> 0x0593
mem[X,0x000000008003157A] -> 0x0040
[7878] [M]: 0x0000000080031578 (0x00400593) addi a1, zero, 4
x11 <- 0x0000000000000004
mem[X,0x000000008003157C] -> 0x0113
mem[X,0x000000008003157E] -> 0x0000
[7879] [M]: 0x000000008003157C (0x00000113) addi sp, zero, 0
x2 <- 0x0000000000000000
mem[X,0x0000000080031580] -> 0x006F
mem[X,0x0000000080031582] -> 0x00C0
[7880] [M]: 0x0000000080031580 (0x00C0006F) jal zero, 12
mem[X,0x000000008003158C] -> 0x1663
mem[X,0x000000008003158E] -> 0x00B5
[7881] [M]: 0x000000008003158C (0x00B51663) bne a0, a1, 12
mem[X,0x0000000080031598] -> 0x0113
mem[X,0x000000008003159A] -> 0x0031
[7882] [M]: 0x0000000080031598 (0x00310113) addi sp, sp, 3
x2 <- 0x0000000000000003
mem[X,0x000000008003159C] -> 0x006F
mem[X,0x000000008003159E] -> 0x0040
[7883] [M]: 0x000000008003159C (0x0040006F) jal zero, 4
mem[X,0x00000000800315A0] -> 0xB423
mem[X,0x00000000800315A2] -> 0x6C20
[7884] [M]: 0x00000000800315A0 (0x6C20B423) sd sp, 1736(ra)
mem[0x00000000800460A0] <- 0x0000000000000003
mem[X,0x00000000800315A4] -> 0x0537
mem[X,0x00000000800315A6] -> 0x0000
[7885] [M]: 0x00000000800315A4 (0x00000537) lui a0, 0
x10 <- 0x0000000000000000
mem[X,0x00000000800315A8] -> 0x0513
mem[X,0x00000000800315AA] -> 0x0005
[7886] [M]: 0x00000000800315A8 (0x00050513) addi a0, a0, 0
x10 <- 0x0000000000000000
mem[X,0x00000000800315AC] -> 0x1513
mem[X,0x00000000800315AE] -> 0x00B5
[7887] [M]: 0x00000000800315AC (0x00B51513) slli a0, a0, 11
x10 <- 0x0000000000000000
mem[X,0x00000000800315B0] -> 0x0513
mem[X,0x00000000800315B2] -> 0x5A85
[7888] [M]: 0x00000000800315B0 (0x5A850513) addi a0, a0, 1448
x10 <- 0x00000000000005A8
mem[X,0x00000000800315B4] -> 0x1513
mem[X,0x00000000800315B6] -> 0x00B5
[7889] [M]: 0x00000000800315B4 (0x00B51513) slli a0, a0, 11
x10 <- 0x00000000002D4000
mem[X,0x00000000800315B8] -> 0x0513
mem[X,0x00000000800315BA] -> 0x13C5
[7890] [M]: 0x00000000800315B8 (0x13C50513) addi a0, a0, 316
x10 <- 0x00000000002D413C
mem[X,0x00000000800315BC] -> 0x1513
mem[X,0x00000000800315BE] -> 0x00A5
[7891] [M]: 0x00000000800315BC (0x00A51513) slli a0, a0, 10
x10 <- 0x00000000B504F000
mem[X,0x00000000800315C0] -> 0x0513
mem[X,0x00000000800315C2] -> 0x3325
[7892] [M]: 0x00000000800315C0 (0x33250513) addi a0, a0, 818
x10 <- 0x00000000B504F332
mem[X,0x00000000800315C4] -> 0x35B7
mem[X,0x00000000800315C6] -> 0x3333
[7893] [M]: 0x00000000800315C4 (0x333335B7) lui a1, 209715
x11 <- 0x0000000033333000
mem[X,0x00000000800315C8] -> 0x8593
mem[X,0x00000000800315CA] -> 0x3335
[7894] [M]: 0x00000000800315C8 (0x33358593) addi a1, a1, 819
x11 <- 0x0000000033333333
mem[X,0x00000000800315CC] -> 0x9593
mem[X,0x00000000800315CE] -> 0x00B5
[7895] [M]: 0x00000000800315CC (0x00B59593) slli a1, a1, 11
x11 <- 0x0000019999999800
mem[X,0x00000000800315D0] -> 0x8593
mem[X,0x00000000800315D2] -> 0x1995
[7896] [M]: 0x00000000800315D0 (0x19958593) addi a1, a1, 409
x11 <- 0x0000019999999999
mem[X,0x00000000800315D4] -> 0x9593
mem[X,0x00000000800315D6] -> 0x00B5
[7897] [M]: 0x00000000800315D4 (0x00B59593) slli a1, a1, 11
x11 <- 0x000CCCCCCCCCC800
mem[X,0x00000000800315D8] -> 0x8593
mem[X,0x00000000800315DA] -> 0x4CC5
[7898] [M]: 0x00000000800315D8 (0x4CC58593) addi a1, a1, 1228
x11 <- 0x000CCCCCCCCCCCCC
mem[X,0x00000000800315DC] -> 0x9593
mem[X,0x00000000800315DE] -> 0x00A5
[7899] [M]: 0x00000000800315DC (0x00A59593) slli a1, a1, 10
x11 <- 0x3333333333333000
clint::tick mtime <- 0x000000000000004F
 clint timer pending at mtime 0x000000000000004F
htif::tick 0x0000000000000000
mem[X,0x00000000800315E0] -> 0x8593
mem[X,0x00000000800315E2] -> 0x3325
[7900] [M]: 0x00000000800315E0 (0x33258593) addi a1, a1, 818
x11 <- 0x3333333333333332
mem[X,0x00000000800315E4] -> 0x0113
mem[X,0x00000000800315E6] -> 0x0000
[7901] [M]: 0x00000000800315E4 (0x00000113) addi sp, zero, 0
x2 <- 0x0000000000000000
mem[X,0x00000000800315E8] -> 0x006F
mem[X,0x00000000800315EA] -> 0x00C0
[7902] [M]: 0x00000000800315E8 (0x00C0006F) jal zero, 12
mem[X,0x00000000800315F4] -> 0x1663
mem[X,0x00000000800315F6] -> 0x00B5
[7903] [M]: 0x00000000800315F4 (0x00B51663) bne a0, a1, 12
mem[X,0x0000000080031600] -> 0x0113
mem[X,0x0000000080031602] -> 0x0031
[7904] [M]: 0x0000000080031600 (0x00310113) addi sp, sp, 3
x2 <- 0x0000000000000003
mem[X,0x0000000080031604] -> 0x006F
mem[X,0x0000000080031606] -> 0x0040
[7905] [M]: 0x0000000080031604 (0x0040006F) jal zero, 4
mem[X,0x0000000080031608] -> 0xB823
mem[X,0x000000008003160A] -> 0x6C20
[7906] [M]: 0x0000000080031608 (0x6C20B823) sd sp, 1744(ra)
mem[0x00000000800460A8] <- 0x0000000000000003
mem[X,0x000000008003160C] -> 0x0537
mem[X,0x000000008003160E] -> 0x0000
[7907] [M]: 0x000000008003160C (0x00000537) lui a0, 0
x10 <- 0x0000000000000000
mem[X,0x0000000080031610] -> 0x0513
mem[X,0x0000000080031612] -> 0x0005
[7908] [M]: 0x0000000080031610 (0x00050513) addi a0, a0, 0
x10 <- 0x0000000000000000
mem[X,0x0000000080031614] -> 0x1513
mem[X,0x0000000080031616] -> 0x00B5
[7909] [M]: 0x0000000080031614 (0x00B51513) slli a0, a0, 11
x10 <- 0x0000000000000000
mem[X,0x0000000080031618] -> 0x0513
mem[X,0x000000008003161A] -> 0x5A85
[7910] [M]: 0x0000000080031618 (0x5A850513) addi a0, a0, 1448
x10 <- 0x00000000000005A8
mem[X,0x000000008003161C] -> 0x1513
mem[X,0x000000008003161E] -> 0x00B5
[7911] [M]: 0x000000008003161C (0x00B51513) slli a0, a0, 11
x10 <- 0x00000000002D4000
mem[X,0x0000000080031620] -> 0x0513
mem[X,0x0000000080031622] -> 0x13C5
[7912] [M]: 0x0000000080031620 (0x13C50513) addi a0, a0, 316
x10 <- 0x00000000002D413C
mem[X,0x0000000080031624] -> 0x1513
mem[X,0x0000000080031626] -> 0x00A5
[7913] [M]: 0x0000000080031624 (0x00A51513) slli a0, a0, 10
x10 <- 0x00000000B504F000
mem[X,0x0000000080031628] -> 0x0513
mem[X,0x000000008003162A] -> 0x3325
[7914] [M]: 0x0000000080031628 (0x33250513) addi a0, a0, 818
x10 <- 0x00000000B504F332
mem[X,0x000000008003162C] -> 0x65B7
mem[X,0x000000008003162E] -> 0x6666
[7915] [M]: 0x000000008003162C (0x666665B7) lui a1, 419430
x11 <- 0x0000000066666000
mem[X,0x0000000080031630] -> 0x8593
mem[X,0x0000000080031632] -> 0x6665
[7916] [M]: 0x0000000080031630 (0x66658593) addi a1, a1, 1638
x11 <- 0x0000000066666666
mem[X,0x0000000080031634] -> 0x9593
mem[X,0x0000000080031636] -> 0x00B5
[7917] [M]: 0x0000000080031634 (0x00B59593) slli a1, a1, 11
x11 <- 0x0000033333333000
mem[X,0x0000000080031638] -> 0x8593
mem[X,0x000000008003163A] -> 0x3335
[7918] [M]: 0x0000000080031638 (0x33358593) addi a1, a1, 819
x11 <- 0x0000033333333333
mem[X,0x000000008003163C] -> 0x9593
mem[X,0x000000008003163E] -> 0x00B5
[7919] [M]: 0x000000008003163C (0x00B59593) slli a1, a1, 11
x11 <- 0x0019999999999800
mem[X,0x0000000080031640] -> 0x8593
mem[X,0x0000000080031642] -> 0x1995
[7920] [M]: 0x0000000080031640 (0x19958593) addi a1, a1, 409
x11 <- 0x0019999999999999
mem[X,0x0000000080031644] -> 0x9593
mem[X,0x0000000080031646] -> 0x00A5
[7921] [M]: 0x0000000080031644 (0x00A59593) slli a1, a1, 10
x11 <- 0x6666666666666400
mem[X,0x0000000080031648] -> 0x8593
mem[X,0x000000008003164A] -> 0x2655
[7922] [M]: 0x0000000080031648 (0x26558593) addi a1, a1, 613
x11 <- 0x6666666666666665
mem[X,0x000000008003164C] -> 0x0113
mem[X,0x000000008003164E] -> 0x0000
[7923] [M]: 0x000000008003164C (0x00000113) addi sp, zero, 0
x2 <- 0x0000000000000000
mem[X,0x0000000080031650] -> 0x006F
mem[X,0x0000000080031652] -> 0x0180
[7924] [M]: 0x0000000080031650 (0x0180006F) jal zero, 24
mem[X,0x0000000080031668] -> 0x16E3
mem[X,0x000000008003166A] -> 0xFEB5
[7925] [M]: 0x0000000080031668 (0xFEB516E3) bne a0, a1, 8172
mem[X,0x0000000080031654] -> 0x0113
mem[X,0x0000000080031656] -> 0x0011
[7926] [M]: 0x0000000080031654 (0x00110113) addi sp, sp, 1
x2 <- 0x0000000000000001
mem[X,0x0000000080031658] -> 0x006F
mem[X,0x000000008003165A] -> 0x0240
[7927] [M]: 0x0000000080031658 (0x0240006F) jal zero, 36
mem[X,0x000000008003167C] -> 0xBC23
mem[X,0x000000008003167E] -> 0x6C20
[7928] [M]: 0x000000008003167C (0x6C20BC23) sd sp, 1752(ra)
mem[0x00000000800460B0] <- 0x0000000000000001
mem[X,0x0000000080031680] -> 0x0537
mem[X,0x0000000080031682] -> 0x0000
[7929] [M]: 0x0000000080031680 (0x00000537) lui a0, 0
x10 <- 0x0000000000000000
mem[X,0x0000000080031684] -> 0x0513
mem[X,0x0000000080031686] -> 0x0005
[7930] [M]: 0x0000000080031684 (0x00050513) addi a0, a0, 0
x10 <- 0x0000000000000000
mem[X,0x0000000080031688] -> 0x1513
mem[X,0x000000008003168A] -> 0x00B5
[7931] [M]: 0x0000000080031688 (0x00B51513) slli a0, a0, 11
x10 <- 0x0000000000000000
mem[X,0x000000008003168C] -> 0x0513
mem[X,0x000000008003168E] -> 0x5A85
[7932] [M]: 0x000000008003168C (0x5A850513) addi a0, a0, 1448
x10 <- 0x00000000000005A8
mem[X,0x0000000080031690] -> 0x1513
mem[X,0x0000000080031692] -> 0x00B5
[7933] [M]: 0x0000000080031690 (0x00B51513) slli a0, a0, 11
x10 <- 0x00000000002D4000
mem[X,0x0000000080031694] -> 0x0513
mem[X,0x0000000080031696] -> 0x13C5
[7934] [M]: 0x0000000080031694 (0x13C50513) addi a0, a0, 316
x10 <- 0x00000000002D413C
mem[X,0x0000000080031698] -> 0x1513
mem[X,0x000000008003169A] -> 0x00A5
[7935] [M]: 0x0000000080031698 (0x00A51513) slli a0, a0, 10
x10 <- 0x00000000B504F000
mem[X,0x000000008003169C] -> 0x0513
mem[X,0x000000008003169E] -> 0x3325
[7936] [M]: 0x000000008003169C (0x33250513) addi a0, a0, 818
x10 <- 0x00000000B504F332
mem[X,0x00000000800316A0] -> 0x05B7
mem[X,0x00000000800316A2] -> 0x0000
[7937] [M]: 0x00000000800316A0 (0x000005B7) lui a1, 0
x11 <- 0x0000000000000000
mem[X,0x00000000800316A4] -> 0x8593
mem[X,0x00000000800316A6] -> 0x0005
[7938] [M]: 0x00000000800316A4 (0x00058593) addi a1, a1, 0
x11 <- 0x0000000000000000
mem[X,0x00000000800316A8] -> 0x9593
mem[X,0x00000000800316AA] -> 0x00B5
[7939] [M]: 0x00000000800316A8 (0x00B59593) slli a1, a1, 11
x11 <- 0x0000000000000000
mem[X,0x00000000800316AC] -> 0x8593
mem[X,0x00000000800316AE] -> 0x5A85
[7940] [M]: 0x00000000800316AC (0x5A858593) addi a1, a1, 1448
x11 <- 0x00000000000005A8
mem[X,0x00000000800316B0] -> 0x9593
mem[X,0x00000000800316B2] -> 0x00B5
[7941] [M]: 0x00000000800316B0 (0x00B59593) slli a1, a1, 11
x11 <- 0x00000000002D4000
mem[X,0x00000000800316B4] -> 0x8593
mem[X,0x00000000800316B6] -> 0x13C5
[7942] [M]: 0x00000000800316B4 (0x13C58593) addi a1, a1, 316
x11 <- 0x00000000002D413C
mem[X,0x00000000800316B8] -> 0x9593
mem[X,0x00000000800316BA] -> 0x00A5
[7943] [M]: 0x00000000800316B8 (0x00A59593) slli a1, a1, 10
x11 <- 0x00000000B504F000
mem[X,0x00000000800316BC] -> 0x8593
mem[X,0x00000000800316BE] -> 0x3325
[7944] [M]: 0x00000000800316BC (0x33258593) addi a1, a1, 818
x11 <- 0x00000000B504F332
mem[X,0x00000000800316C0] -> 0x0113
mem[X,0x00000000800316C2] -> 0x0000
[7945] [M]: 0x00000000800316C0 (0x00000113) addi sp, zero, 0
x2 <- 0x0000000000000000
mem[X,0x00000000800316C4] -> 0x006F
mem[X,0x00000000800316C6] -> 0x2B10
[7946] [M]: 0x00000000800316C4 (0x2B10006F) jal zero, 2736
mem[X,0x0000000080032174] -> 0x1A63
mem[X,0x0000000080032176] -> 0xD4B5
[7947] [M]: 0x0000000080032174 (0xD4B51A63) bne a0, a1, 5460
mem[X,0x0000000080032178] -> 0x0113
mem[X,0x000000008003217A] -> 0x0021
[7948] [M]: 0x0000000080032178 (0x00210113) addi sp, sp, 2
x2 <- 0x0000000000000002
mem[X,0x000000008003217C] -> 0x006F
mem[X,0x000000008003217E] -> 0x00C0
[7949] [M]: 0x000000008003217C (0x00C0006F) jal zero, 12
mem[X,0x0000000080032188] -> 0xB023
mem[X,0x000000008003218A] -> 0x6E20
[7950] [M]: 0x0000000080032188 (0x6E20B023) sd sp, 1760(ra)
mem[0x00000000800460B8] <- 0x0000000000000002
mem[X,0x000000008003218C] -> 0x0537
mem[X,0x000000008003218E] -> 0x0000
[7951] [M]: 0x000000008003218C (0x00000537) lui a0, 0
x10 <- 0x0000000000000000
mem[X,0x0000000080032190] -> 0x0513
mem[X,0x0000000080032192] -> 0x0005
[7952] [M]: 0x0000000080032190 (0x00050513) addi a0, a0, 0
x10 <- 0x0000000000000000
mem[X,0x0000000080032194] -> 0x1513
mem[X,0x0000000080032196] -> 0x00B5
[7953] [M]: 0x0000000080032194 (0x00B51513) slli a0, a0, 11
x10 <- 0x0000000000000000
mem[X,0x0000000080032198] -> 0x0513
mem[X,0x000000008003219A] -> 0x5A85
[7954] [M]: 0x0000000080032198 (0x5A850513) addi a0, a0, 1448
x10 <- 0x00000000000005A8
mem[X,0x000000008003219C] -> 0x1513
mem[X,0x000000008003219E] -> 0x00B5
[7955] [M]: 0x000000008003219C (0x00B51513) slli a0, a0, 11
x10 <- 0x00000000002D4000
mem[X,0x00000000800321A0] -> 0x0513
mem[X,0x00000000800321A2] -> 0x13C5
[7956] [M]: 0x00000000800321A0 (0x13C50513) addi a0, a0, 316
x10 <- 0x00000000002D413C
mem[X,0x00000000800321A4] -> 0x1513
mem[X,0x00000000800321A6] -> 0x00A5
[7957] [M]: 0x00000000800321A4 (0x00A51513) slli a0, a0, 10
x10 <- 0x00000000B504F000
mem[X,0x00000000800321A8] -> 0x0513
mem[X,0x00000000800321AA] -> 0x3325
[7958] [M]: 0x00000000800321A8 (0x33250513) addi a0, a0, 818
x10 <- 0x00000000B504F332
mem[X,0x00000000800321AC] -> 0x55B7
mem[X,0x00000000800321AE] -> 0x5555
[7959] [M]: 0x00000000800321AC (0x555555B7) lui a1, 349525
x11 <- 0x0000000055555000
mem[X,0x00000000800321B0] -> 0x8593
mem[X,0x00000000800321B2] -> 0x5555
[7960] [M]: 0x00000000800321B0 (0x55558593) addi a1, a1, 1365
x11 <- 0x0000000055555555
mem[X,0x00000000800321B4] -> 0x9593
mem[X,0x00000000800321B6] -> 0x00B5
[7961] [M]: 0x00000000800321B4 (0x00B59593) slli a1, a1, 11
x11 <- 0x000002AAAAAAA800
mem[X,0x00000000800321B8] -> 0x8593
mem[X,0x00000000800321BA] -> 0x2AA5
[7962] [M]: 0x00000000800321B8 (0x2AA58593) addi a1, a1, 682
x11 <- 0x000002AAAAAAAAAA
mem[X,0x00000000800321BC] -> 0x9593
mem[X,0x00000000800321BE] -> 0x00B5
[7963] [M]: 0x00000000800321BC (0x00B59593) slli a1, a1, 11
x11 <- 0x0015555555555000
mem[X,0x00000000800321C0] -> 0x8593
mem[X,0x00000000800321C2] -> 0x5555
[7964] [M]: 0x00000000800321C0 (0x55558593) addi a1, a1, 1365
x11 <- 0x0015555555555555
mem[X,0x00000000800321C4] -> 0x9593
mem[X,0x00000000800321C6] -> 0x00A5
[7965] [M]: 0x00000000800321C4 (0x00A59593) slli a1, a1, 10
x11 <- 0x5555555555555400
mem[X,0x00000000800321C8] -> 0x8593
mem[X,0x00000000800321CA] -> 0x1565
[7966] [M]: 0x00000000800321C8 (0x15658593) addi a1, a1, 342
x11 <- 0x5555555555555556
mem[X,0x00000000800321CC] -> 0x0113
mem[X,0x00000000800321CE] -> 0x0000
[7967] [M]: 0x00000000800321CC (0x00000113) addi sp, zero, 0
x2 <- 0x0000000000000000
mem[X,0x00000000800321D0] -> 0x006F
mem[X,0x00000000800321D2] -> 0x00C0
[7968] [M]: 0x00000000800321D0 (0x00C0006F) jal zero, 12
mem[X,0x00000000800321DC] -> 0x1663
mem[X,0x00000000800321DE] -> 0x00B5
[7969] [M]: 0x00000000800321DC (0x00B51663) bne a0, a1, 12
mem[X,0x00000000800321E8] -> 0x0113
mem[X,0x00000000800321EA] -> 0x0031
[7970] [M]: 0x00000000800321E8 (0x00310113) addi sp, sp, 3
x2 <- 0x0000000000000003
mem[X,0x00000000800321EC] -> 0x006F
mem[X,0x00000000800321EE] -> 0x0040
[7971] [M]: 0x00000000800321EC (0x0040006F) jal zero, 4
mem[X,0x00000000800321F0] -> 0xB423
mem[X,0x00000000800321F2] -> 0x6E20
[7972] [M]: 0x00000000800321F0 (0x6E20B423) sd sp, 1768(ra)
mem[0x00000000800460C0] <- 0x0000000000000003
mem[X,0x00000000800321F4] -> 0x0537
mem[X,0x00000000800321F6] -> 0x0000
[7973] [M]: 0x00000000800321F4 (0x00000537) lui a0, 0
x10 <- 0x0000000000000000
mem[X,0x00000000800321F8] -> 0x0513
mem[X,0x00000000800321FA] -> 0x0005
[7974] [M]: 0x00000000800321F8 (0x00050513) addi a0, a0, 0
x10 <- 0x0000000000000000
mem[X,0x00000000800321FC] -> 0x1513
mem[X,0x00000000800321FE] -> 0x00B5
[7975] [M]: 0x00000000800321FC (0x00B51513) slli a0, a0, 11
x10 <- 0x0000000000000000
mem[X,0x0000000080032200] -> 0x0513
mem[X,0x0000000080032202] -> 0x5A85
[7976] [M]: 0x0000000080032200 (0x5A850513) addi a0, a0, 1448
x10 <- 0x00000000000005A8
mem[X,0x0000000080032204] -> 0x1513
mem[X,0x0000000080032206] -> 0x00B5
[7977] [M]: 0x0000000080032204 (0x00B51513) slli a0, a0, 11
x10 <- 0x00000000002D4000
mem[X,0x0000000080032208] -> 0x0513
mem[X,0x000000008003220A] -> 0x13C5
[7978] [M]: 0x0000000080032208 (0x13C50513) addi a0, a0, 316
x10 <- 0x00000000002D413C
mem[X,0x000000008003220C] -> 0x1513
mem[X,0x000000008003220E] -> 0x00A5
[7979] [M]: 0x000000008003220C (0x00A51513) slli a0, a0, 10
x10 <- 0x00000000B504F000
mem[X,0x0000000080032210] -> 0x0513
mem[X,0x0000000080032212] -> 0x3325
[7980] [M]: 0x0000000080032210 (0x33250513) addi a0, a0, 818
x10 <- 0x00000000B504F332
mem[X,0x0000000080032214] -> 0xB5B7
mem[X,0x0000000080032216] -> 0xAAAA
[7981] [M]: 0x0000000080032214 (0xAAAAB5B7) lui a1, 699051
x11 <- 0xFFFFFFFFAAAAB000
mem[X,0x0000000080032218] -> 0x8593
mem[X,0x000000008003221A] -> 0xAAA5
[7982] [M]: 0x0000000080032218 (0xAAA58593) addi a1, a1, 2730
x11 <- 0xFFFFFFFFAAAAAAAA
mem[X,0x000000008003221C] -> 0x9593
mem[X,0x000000008003221E] -> 0x00B5
[7983] [M]: 0x000000008003221C (0x00B59593) slli a1, a1, 11
x11 <- 0xFFFFFD5555555000
mem[X,0x0000000080032220] -> 0x8593
mem[X,0x0000000080032222] -> 0x5555
[7984] [M]: 0x0000000080032220 (0x55558593) addi a1, a1, 1365
x11 <- 0xFFFFFD5555555555
mem[X,0x0000000080032224] -> 0x9593
mem[X,0x0000000080032226] -> 0x00B5
[7985] [M]: 0x0000000080032224 (0x00B59593) slli a1, a1, 11
x11 <- 0xFFEAAAAAAAAAA800
mem[X,0x0000000080032228] -> 0x8593
mem[X,0x000000008003222A] -> 0x2AA5
[7986] [M]: 0x0000000080032228 (0x2AA58593) addi a1, a1, 682
x11 <- 0xFFEAAAAAAAAAAAAA
mem[X,0x000000008003222C] -> 0x9593
mem[X,0x000000008003222E] -> 0x00A5
[7987] [M]: 0x000000008003222C (0x00A59593) slli a1, a1, 10
x11 <- 0xAAAAAAAAAAAAA800
mem[X,0x0000000080032230] -> 0x8593
mem[X,0x0000000080032232] -> 0x2AB5
[7988] [M]: 0x0000000080032230 (0x2AB58593) addi a1, a1, 683
x11 <- 0xAAAAAAAAAAAAAAAB
mem[X,0x0000000080032234] -> 0x0113
mem[X,0x0000000080032236] -> 0x0000
[7989] [M]: 0x0000000080032234 (0x00000113) addi sp, zero, 0
x2 <- 0x0000000000000000
mem[X,0x0000000080032238] -> 0x006F
mem[X,0x000000008003223A] -> 0x00C0
[7990] [M]: 0x0000000080032238 (0x00C0006F) jal zero, 12
mem[X,0x0000000080032244] -> 0x1063
mem[X,0x0000000080032246] -> 0x08B5
[7991] [M]: 0x0000000080032244 (0x08B51063) bne a0, a1, 128
mem[X,0x00000000800322C4] -> 0x0113
mem[X,0x00000000800322C6] -> 0x0031
[7992] [M]: 0x00000000800322C4 (0x00310113) addi sp, sp, 3
x2 <- 0x0000000000000003
mem[X,0x00000000800322C8] -> 0x006F
mem[X,0x00000000800322CA] -> 0x0040
[7993] [M]: 0x00000000800322C8 (0x0040006F) jal zero, 4
mem[X,0x00000000800322CC] -> 0xB823
mem[X,0x00000000800322CE] -> 0x6E20
[7994] [M]: 0x00000000800322CC (0x6E20B823) sd sp, 1776(ra)
mem[0x00000000800460C8] <- 0x0000000000000003
mem[X,0x00000000800322D0] -> 0x0537
mem[X,0x00000000800322D2] -> 0x0000
[7995] [M]: 0x00000000800322D0 (0x00000537) lui a0, 0
x10 <- 0x0000000000000000
mem[X,0x00000000800322D4] -> 0x0513
mem[X,0x00000000800322D6] -> 0x0005
[7996] [M]: 0x00000000800322D4 (0x00050513) addi a0, a0, 0
x10 <- 0x0000000000000000
mem[X,0x00000000800322D8] -> 0x1513
mem[X,0x00000000800322DA] -> 0x00B5
[7997] [M]: 0x00000000800322D8 (0x00B51513) slli a0, a0, 11
x10 <- 0x0000000000000000
mem[X,0x00000000800322DC] -> 0x0513
mem[X,0x00000000800322DE] -> 0x5A85
[7998] [M]: 0x00000000800322DC (0x5A850513) addi a0, a0, 1448
x10 <- 0x00000000000005A8
mem[X,0x00000000800322E0] -> 0x1513
mem[X,0x00000000800322E2] -> 0x00B5
[7999] [M]: 0x00000000800322E0 (0x00B51513) slli a0, a0, 11
x10 <- 0x00000000002D4000
clint::tick mtime <- 0x0000000000000050
 clint timer pending at mtime 0x0000000000000050
htif::tick 0x0000000000000000
mem[X,0x00000000800322E4] -> 0x0513
mem[X,0x00000000800322E6] -> 0x13C5
[8000] [M]: 0x00000000800322E4 (0x13C50513) addi a0, a0, 316
x10 <- 0x00000000002D413C
mem[X,0x00000000800322E8] -> 0x1513
mem[X,0x00000000800322EA] -> 0x00A5
[8001] [M]: 0x00000000800322E8 (0x00A51513) slli a0, a0, 10
x10 <- 0x00000000B504F000
mem[X,0x00000000800322EC] -> 0x0513
mem[X,0x00000000800322EE] -> 0x3325
[8002] [M]: 0x00000000800322EC (0x33250513) addi a0, a0, 818
x10 <- 0x00000000B504F332
mem[X,0x00000000800322F0] -> 0x0593
mem[X,0x00000000800322F2] -> 0x0060
[8003] [M]: 0x00000000800322F0 (0x00600593) addi a1, zero, 6
x11 <- 0x0000000000000006
mem[X,0x00000000800322F4] -> 0x0113
mem[X,0x00000000800322F6] -> 0x0000
[8004] [M]: 0x00000000800322F4 (0x00000113) addi sp, zero, 0
x2 <- 0x0000000000000000
mem[X,0x00000000800322F8] -> 0x006F
mem[X,0x00000000800322FA] -> 0x00C0
[8005] [M]: 0x00000000800322F8 (0x00C0006F) jal zero, 12
mem[X,0x0000000080032304] -> 0x1863
mem[X,0x0000000080032306] -> 0x00B5
[8006] [M]: 0x0000000080032304 (0x00B51863) bne a0, a1, 16
mem[X,0x0000000080032314] -> 0x0113
mem[X,0x0000000080032316] -> 0x0031
[8007] [M]: 0x0000000080032314 (0x00310113) addi sp, sp, 3
x2 <- 0x0000000000000003
mem[X,0x0000000080032318] -> 0x006F
mem[X,0x000000008003231A] -> 0x0040
[8008] [M]: 0x0000000080032318 (0x0040006F) jal zero, 4
mem[X,0x000000008003231C] -> 0xBC23
mem[X,0x000000008003231E] -> 0x6E20
[8009] [M]: 0x000000008003231C (0x6E20BC23) sd sp, 1784(ra)
mem[0x00000000800460D0] <- 0x0000000000000003
mem[X,0x0000000080032320] -> 0x0537
mem[X,0x0000000080032322] -> 0x0000
[8010] [M]: 0x0000000080032320 (0x00000537) lui a0, 0
x10 <- 0x0000000000000000
mem[X,0x0000000080032324] -> 0x0513
mem[X,0x0000000080032326] -> 0x0005
[8011] [M]: 0x0000000080032324 (0x00050513) addi a0, a0, 0
x10 <- 0x0000000000000000
mem[X,0x0000000080032328] -> 0x1513
mem[X,0x000000008003232A] -> 0x00B5
[8012] [M]: 0x0000000080032328 (0x00B51513) slli a0, a0, 11
x10 <- 0x0000000000000000
mem[X,0x000000008003232C] -> 0x0513
mem[X,0x000000008003232E] -> 0x5A85
[8013] [M]: 0x000000008003232C (0x5A850513) addi a0, a0, 1448
x10 <- 0x00000000000005A8
mem[X,0x0000000080032330] -> 0x1513
mem[X,0x0000000080032332] -> 0x00B5
[8014] [M]: 0x0000000080032330 (0x00B51513) slli a0, a0, 11
x10 <- 0x00000000002D4000
mem[X,0x0000000080032334] -> 0x0513
mem[X,0x0000000080032336] -> 0x13C5
[8015] [M]: 0x0000000080032334 (0x13C50513) addi a0, a0, 316
x10 <- 0x00000000002D413C
mem[X,0x0000000080032338] -> 0x1513
mem[X,0x000000008003233A] -> 0x00A5
[8016] [M]: 0x0000000080032338 (0x00A51513) slli a0, a0, 10
x10 <- 0x00000000B504F000
mem[X,0x000000008003233C] -> 0x0513
mem[X,0x000000008003233E] -> 0x3325
[8017] [M]: 0x000000008003233C (0x33250513) addi a0, a0, 818
x10 <- 0x00000000B504F332
mem[X,0x0000000080032340] -> 0x35B7
mem[X,0x0000000080032342] -> 0x3333
[8018] [M]: 0x0000000080032340 (0x333335B7) lui a1, 209715
x11 <- 0x0000000033333000
mem[X,0x0000000080032344] -> 0x8593
mem[X,0x0000000080032346] -> 0x3335
[8019] [M]: 0x0000000080032344 (0x33358593) addi a1, a1, 819
x11 <- 0x0000000033333333
mem[X,0x0000000080032348] -> 0x9593
mem[X,0x000000008003234A] -> 0x00B5
[8020] [M]: 0x0000000080032348 (0x00B59593) slli a1, a1, 11
x11 <- 0x0000019999999800
mem[X,0x000000008003234C] -> 0x8593
mem[X,0x000000008003234E] -> 0x1995
[8021] [M]: 0x000000008003234C (0x19958593) addi a1, a1, 409
x11 <- 0x0000019999999999
mem[X,0x0000000080032350] -> 0x9593
mem[X,0x0000000080032352] -> 0x00B5
[8022] [M]: 0x0000000080032350 (0x00B59593) slli a1, a1, 11
x11 <- 0x000CCCCCCCCCC800
mem[X,0x0000000080032354] -> 0x8593
mem[X,0x0000000080032356] -> 0x4CC5
[8023] [M]: 0x0000000080032354 (0x4CC58593) addi a1, a1, 1228
x11 <- 0x000CCCCCCCCCCCCC
mem[X,0x0000000080032358] -> 0x9593
mem[X,0x000000008003235A] -> 0x00A5
[8024] [M]: 0x0000000080032358 (0x00A59593) slli a1, a1, 10
x11 <- 0x3333333333333000
mem[X,0x000000008003235C] -> 0x8593
mem[X,0x000000008003235E] -> 0x3345
[8025] [M]: 0x000000008003235C (0x33458593) addi a1, a1, 820
x11 <- 0x3333333333333334
mem[X,0x0000000080032360] -> 0x0113
mem[X,0x0000000080032362] -> 0x0000
[8026] [M]: 0x0000000080032360 (0x00000113) addi sp, zero, 0
x2 <- 0x0000000000000000
mem[X,0x0000000080032364] -> 0x006F
mem[X,0x0000000080032366] -> 0x00C0
[8027] [M]: 0x0000000080032364 (0x00C0006F) jal zero, 12
mem[X,0x0000000080032370] -> 0x1063
mem[X,0x0000000080032372] -> 0x10B5
[8028] [M]: 0x0000000080032370 (0x10B51063) bne a0, a1, 256
mem[X,0x0000000080032470] -> 0x0113
mem[X,0x0000000080032472] -> 0x0031
[8029] [M]: 0x0000000080032470 (0x00310113) addi sp, sp, 3
x2 <- 0x0000000000000003
mem[X,0x0000000080032474] -> 0x006F
mem[X,0x0000000080032476] -> 0x0040
[8030] [M]: 0x0000000080032474 (0x0040006F) jal zero, 4
mem[X,0x0000000080032478] -> 0xB023
mem[X,0x000000008003247A] -> 0x7020
[8031] [M]: 0x0000000080032478 (0x7020B023) sd sp, 1792(ra)
mem[0x00000000800460D8] <- 0x0000000000000003
mem[X,0x000000008003247C] -> 0x0537
mem[X,0x000000008003247E] -> 0x0000
[8032] [M]: 0x000000008003247C (0x00000537) lui a0, 0
x10 <- 0x0000000000000000
mem[X,0x0000000080032480] -> 0x0513
mem[X,0x0000000080032482] -> 0x0005
[8033] [M]: 0x0000000080032480 (0x00050513) addi a0, a0, 0
x10 <- 0x0000000000000000
mem[X,0x0000000080032484] -> 0x1513
mem[X,0x0000000080032486] -> 0x00B5
[8034] [M]: 0x0000000080032484 (0x00B51513) slli a0, a0, 11
x10 <- 0x0000000000000000
mem[X,0x0000000080032488] -> 0x0513
mem[X,0x000000008003248A] -> 0x5A85
[8035] [M]: 0x0000000080032488 (0x5A850513) addi a0, a0, 1448
x10 <- 0x00000000000005A8
mem[X,0x000000008003248C] -> 0x1513
mem[X,0x000000008003248E] -> 0x00B5
[8036] [M]: 0x000000008003248C (0x00B51513) slli a0, a0, 11
x10 <- 0x00000000002D4000
mem[X,0x0000000080032490] -> 0x0513
mem[X,0x0000000080032492] -> 0x13C5
[8037] [M]: 0x0000000080032490 (0x13C50513) addi a0, a0, 316
x10 <- 0x00000000002D413C
mem[X,0x0000000080032494] -> 0x1513
mem[X,0x0000000080032496] -> 0x00A5
[8038] [M]: 0x0000000080032494 (0x00A51513) slli a0, a0, 10
x10 <- 0x00000000B504F000
mem[X,0x0000000080032498] -> 0x0513
mem[X,0x000000008003249A] -> 0x3325
[8039] [M]: 0x0000000080032498 (0x33250513) addi a0, a0, 818
x10 <- 0x00000000B504F332
mem[X,0x000000008003249C] -> 0x65B7
mem[X,0x000000008003249E] -> 0x6666
[8040] [M]: 0x000000008003249C (0x666665B7) lui a1, 419430
x11 <- 0x0000000066666000
mem[X,0x00000000800324A0] -> 0x8593
mem[X,0x00000000800324A2] -> 0x6665
[8041] [M]: 0x00000000800324A0 (0x66658593) addi a1, a1, 1638
x11 <- 0x0000000066666666
mem[X,0x00000000800324A4] -> 0x9593
mem[X,0x00000000800324A6] -> 0x00B5
[8042] [M]: 0x00000000800324A4 (0x00B59593) slli a1, a1, 11
x11 <- 0x0000033333333000
mem[X,0x00000000800324A8] -> 0x8593
mem[X,0x00000000800324AA] -> 0x3335
[8043] [M]: 0x00000000800324A8 (0x33358593) addi a1, a1, 819
x11 <- 0x0000033333333333
mem[X,0x00000000800324AC] -> 0x9593
mem[X,0x00000000800324AE] -> 0x00B5
[8044] [M]: 0x00000000800324AC (0x00B59593) slli a1, a1, 11
x11 <- 0x0019999999999800
mem[X,0x00000000800324B0] -> 0x8593
mem[X,0x00000000800324B2] -> 0x1995
[8045] [M]: 0x00000000800324B0 (0x19958593) addi a1, a1, 409
x11 <- 0x0019999999999999
mem[X,0x00000000800324B4] -> 0x9593
mem[X,0x00000000800324B6] -> 0x00A5
[8046] [M]: 0x00000000800324B4 (0x00A59593) slli a1, a1, 10
x11 <- 0x6666666666666400
mem[X,0x00000000800324B8] -> 0x8593
mem[X,0x00000000800324BA] -> 0x2675
[8047] [M]: 0x00000000800324B8 (0x26758593) addi a1, a1, 615
x11 <- 0x6666666666666667
mem[X,0x00000000800324BC] -> 0x0113
mem[X,0x00000000800324BE] -> 0x0000
[8048] [M]: 0x00000000800324BC (0x00000113) addi sp, zero, 0
x2 <- 0x0000000000000000
mem[X,0x00000000800324C0] -> 0x006F
mem[X,0x00000000800324C2] -> 0x00C0
[8049] [M]: 0x00000000800324C0 (0x00C0006F) jal zero, 12
mem[X,0x00000000800324CC] -> 0x1063
mem[X,0x00000000800324CE] -> 0x10B5
[8050] [M]: 0x00000000800324CC (0x10B51063) bne a0, a1, 256
mem[X,0x00000000800325CC] -> 0x0113
mem[X,0x00000000800325CE] -> 0x0031
[8051] [M]: 0x00000000800325CC (0x00310113) addi sp, sp, 3
x2 <- 0x0000000000000003
mem[X,0x00000000800325D0] -> 0x006F
mem[X,0x00000000800325D2] -> 0x0040
[8052] [M]: 0x00000000800325D0 (0x0040006F) jal zero, 4
mem[X,0x00000000800325D4] -> 0xB423
mem[X,0x00000000800325D6] -> 0x7020
[8053] [M]: 0x00000000800325D4 (0x7020B423) sd sp, 1800(ra)
mem[0x00000000800460E0] <- 0x0000000000000003
mem[X,0x00000000800325D8] -> 0x0537
mem[X,0x00000000800325DA] -> 0x0000
[8054] [M]: 0x00000000800325D8 (0x00000537) lui a0, 0
x10 <- 0x0000000000000000
mem[X,0x00000000800325DC] -> 0x0513
mem[X,0x00000000800325DE] -> 0x0005
[8055] [M]: 0x00000000800325DC (0x00050513) addi a0, a0, 0
x10 <- 0x0000000000000000
mem[X,0x00000000800325E0] -> 0x1513
mem[X,0x00000000800325E2] -> 0x00B5
[8056] [M]: 0x00000000800325E0 (0x00B51513) slli a0, a0, 11
x10 <- 0x0000000000000000
mem[X,0x00000000800325E4] -> 0x0513
mem[X,0x00000000800325E6] -> 0x5A85
[8057] [M]: 0x00000000800325E4 (0x5A850513) addi a0, a0, 1448
x10 <- 0x00000000000005A8
mem[X,0x00000000800325E8] -> 0x1513
mem[X,0x00000000800325EA] -> 0x00B5
[8058] [M]: 0x00000000800325E8 (0x00B51513) slli a0, a0, 11
x10 <- 0x00000000002D4000
mem[X,0x00000000800325EC] -> 0x0513
mem[X,0x00000000800325EE] -> 0x13C5
[8059] [M]: 0x00000000800325EC (0x13C50513) addi a0, a0, 316
x10 <- 0x00000000002D413C
mem[X,0x00000000800325F0] -> 0x1513
mem[X,0x00000000800325F2] -> 0x00A5
[8060] [M]: 0x00000000800325F0 (0x00A51513) slli a0, a0, 10
x10 <- 0x00000000B504F000
mem[X,0x00000000800325F4] -> 0x0513
mem[X,0x00000000800325F6] -> 0x3325
[8061] [M]: 0x00000000800325F4 (0x33250513) addi a0, a0, 818
x10 <- 0x00000000B504F332
mem[X,0x00000000800325F8] -> 0x05B7
mem[X,0x00000000800325FA] -> 0x0000
[8062] [M]: 0x00000000800325F8 (0x000005B7) lui a1, 0
x11 <- 0x0000000000000000
mem[X,0x00000000800325FC] -> 0x8593
mem[X,0x00000000800325FE] -> 0xFFF5
[8063] [M]: 0x00000000800325FC (0xFFF58593) addi a1, a1, 4095
x11 <- 0xFFFFFFFFFFFFFFFF
mem[X,0x0000000080032600] -> 0x9593
mem[X,0x0000000080032602] -> 0x00B5
[8064] [M]: 0x0000000080032600 (0x00B59593) slli a1, a1, 11
x11 <- 0xFFFFFFFFFFFFF800
mem[X,0x0000000080032604] -> 0x8593
mem[X,0x0000000080032606] -> 0x2575
[8065] [M]: 0x0000000080032604 (0x25758593) addi a1, a1, 599
x11 <- 0xFFFFFFFFFFFFFA57
mem[X,0x0000000080032608] -> 0x9593
mem[X,0x000000008003260A] -> 0x00B5
[8066] [M]: 0x0000000080032608 (0x00B59593) slli a1, a1, 11
x11 <- 0xFFFFFFFFFFD2B800
mem[X,0x000000008003260C] -> 0x8593
mem[X,0x000000008003260E] -> 0x6C35
[8067] [M]: 0x000000008003260C (0x6C358593) addi a1, a1, 1731
x11 <- 0xFFFFFFFFFFD2BEC3
mem[X,0x0000000080032610] -> 0x9593
mem[X,0x0000000080032612] -> 0x00A5
[8068] [M]: 0x0000000080032610 (0x00A59593) slli a1, a1, 10
x11 <- 0xFFFFFFFF4AFB0C00
mem[X,0x0000000080032614] -> 0x8593
mem[X,0x0000000080032616] -> 0x0CE5
[8069] [M]: 0x0000000080032614 (0x0CE58593) addi a1, a1, 206
x11 <- 0xFFFFFFFF4AFB0CCE
mem[X,0x0000000080032618] -> 0x0113
mem[X,0x000000008003261A] -> 0x0000
[8070] [M]: 0x0000000080032618 (0x00000113) addi sp, zero, 0
x2 <- 0x0000000000000000
mem[X,0x000000008003261C] -> 0x006F
mem[X,0x000000008003261E] -> 0x0140
[8071] [M]: 0x000000008003261C (0x0140006F) jal zero, 20
mem[X,0x0000000080032630] -> 0x18E3
mem[X,0x0000000080032632] -> 0xFEB5
[8072] [M]: 0x0000000080032630 (0xFEB518E3) bne a0, a1, 8176
mem[X,0x0000000080032620] -> 0x0113
mem[X,0x0000000080032622] -> 0x0011
[8073] [M]: 0x0000000080032620 (0x00110113) addi sp, sp, 1
x2 <- 0x0000000000000001
mem[X,0x0000000080032624] -> 0x006F
mem[X,0x0000000080032626] -> 0x0200
[8074] [M]: 0x0000000080032624 (0x0200006F) jal zero, 32
mem[X,0x0000000080032644] -> 0xB823
mem[X,0x0000000080032646] -> 0x7020
[8075] [M]: 0x0000000080032644 (0x7020B823) sd sp, 1808(ra)
mem[0x00000000800460E8] <- 0x0000000000000001
mem[X,0x0000000080032648] -> 0x0537
mem[X,0x000000008003264A] -> 0x0000
[8076] [M]: 0x0000000080032648 (0x00000537) lui a0, 0
x10 <- 0x0000000000000000
mem[X,0x000000008003264C] -> 0x0513
mem[X,0x000000008003264E] -> 0x0005
[8077] [M]: 0x000000008003264C (0x00050513) addi a0, a0, 0
x10 <- 0x0000000000000000
mem[X,0x0000000080032650] -> 0x1513
mem[X,0x0000000080032652] -> 0x00B5
[8078] [M]: 0x0000000080032650 (0x00B51513) slli a0, a0, 11
x10 <- 0x0000000000000000
mem[X,0x0000000080032654] -> 0x0513
mem[X,0x0000000080032656] -> 0x5A85
[8079] [M]: 0x0000000080032654 (0x5A850513) addi a0, a0, 1448
x10 <- 0x00000000000005A8
mem[X,0x0000000080032658] -> 0x1513
mem[X,0x000000008003265A] -> 0x00B5
[8080] [M]: 0x0000000080032658 (0x00B51513) slli a0, a0, 11
x10 <- 0x00000000002D4000
mem[X,0x000000008003265C] -> 0x0513
mem[X,0x000000008003265E] -> 0x13C5
[8081] [M]: 0x000000008003265C (0x13C50513) addi a0, a0, 316
x10 <- 0x00000000002D413C
mem[X,0x0000000080032660] -> 0x1513
mem[X,0x0000000080032662] -> 0x00A5
[8082] [M]: 0x0000000080032660 (0x00A51513) slli a0, a0, 10
x10 <- 0x00000000B504F000
mem[X,0x0000000080032664] -> 0x0513
mem[X,0x0000000080032666] -> 0x3325
[8083] [M]: 0x0000000080032664 (0x33250513) addi a0, a0, 818
x10 <- 0x00000000B504F332
mem[X,0x0000000080032668] -> 0x05B7
mem[X,0x000000008003266A] -> 0x0000
[8084] [M]: 0x0000000080032668 (0x000005B7) lui a1, 0
x11 <- 0x0000000000000000
mem[X,0x000000008003266C] -> 0x8593
mem[X,0x000000008003266E] -> 0x0005
[8085] [M]: 0x000000008003266C (0x00058593) addi a1, a1, 0
x11 <- 0x0000000000000000
mem[X,0x0000000080032670] -> 0x9593
mem[X,0x0000000080032672] -> 0x00B5
[8086] [M]: 0x0000000080032670 (0x00B59593) slli a1, a1, 11
x11 <- 0x0000000000000000
mem[X,0x0000000080032674] -> 0x8593
mem[X,0x0000000080032676] -> 0x5A85
[8087] [M]: 0x0000000080032674 (0x5A858593) addi a1, a1, 1448
x11 <- 0x00000000000005A8
mem[X,0x0000000080032678] -> 0x9593
mem[X,0x000000008003267A] -> 0x00B5
[8088] [M]: 0x0000000080032678 (0x00B59593) slli a1, a1, 11
x11 <- 0x00000000002D4000
mem[X,0x000000008003267C] -> 0x8593
mem[X,0x000000008003267E] -> 0x13C5
[8089] [M]: 0x000000008003267C (0x13C58593) addi a1, a1, 316
x11 <- 0x00000000002D413C
mem[X,0x0000000080032680] -> 0x9593
mem[X,0x0000000080032682] -> 0x00A5
[8090] [M]: 0x0000000080032680 (0x00A59593) slli a1, a1, 10
x11 <- 0x00000000B504F000
mem[X,0x0000000080032684] -> 0x8593
mem[X,0x0000000080032686] -> 0x3345
[8091] [M]: 0x0000000080032684 (0x33458593) addi a1, a1, 820
x11 <- 0x00000000B504F334
mem[X,0x0000000080032688] -> 0x0113
mem[X,0x000000008003268A] -> 0x0000
[8092] [M]: 0x0000000080032688 (0x00000113) addi sp, zero, 0
x2 <- 0x0000000000000000
mem[X,0x000000008003268C] -> 0x006F
mem[X,0x000000008003268E] -> 0x00C0
[8093] [M]: 0x000000008003268C (0x00C0006F) jal zero, 12
mem[X,0x0000000080032698] -> 0x1663
mem[X,0x000000008003269A] -> 0x00B5
[8094] [M]: 0x0000000080032698 (0x00B51663) bne a0, a1, 12
mem[X,0x00000000800326A4] -> 0x0113
mem[X,0x00000000800326A6] -> 0x0031
[8095] [M]: 0x00000000800326A4 (0x00310113) addi sp, sp, 3
x2 <- 0x0000000000000003
mem[X,0x00000000800326A8] -> 0x006F
mem[X,0x00000000800326AA] -> 0x0040
[8096] [M]: 0x00000000800326A8 (0x0040006F) jal zero, 4
mem[X,0x00000000800326AC] -> 0xBC23
mem[X,0x00000000800326AE] -> 0x7020
[8097] [M]: 0x00000000800326AC (0x7020BC23) sd sp, 1816(ra)
mem[0x00000000800460F0] <- 0x0000000000000003
mem[X,0x00000000800326B0] -> 0x5537
mem[X,0x00000000800326B2] -> 0x5555
[8098] [M]: 0x00000000800326B0 (0x55555537) lui a0, 349525
x10 <- 0x0000000055555000
mem[X,0x00000000800326B4] -> 0x0513
mem[X,0x00000000800326B6] -> 0x5555
[8099] [M]: 0x00000000800326B4 (0x55550513) addi a0, a0, 1365
x10 <- 0x0000000055555555
clint::tick mtime <- 0x0000000000000051
 clint timer pending at mtime 0x0000000000000051
htif::tick 0x0000000000000000
mem[X,0x00000000800326B8] -> 0x1513
mem[X,0x00000000800326BA] -> 0x00B5
[8100] [M]: 0x00000000800326B8 (0x00B51513) slli a0, a0, 11
x10 <- 0x000002AAAAAAA800
mem[X,0x00000000800326BC] -> 0x0513
mem[X,0x00000000800326BE] -> 0x2AA5
[8101] [M]: 0x00000000800326BC (0x2AA50513) addi a0, a0, 682
x10 <- 0x000002AAAAAAAAAA
mem[X,0x00000000800326C0] -> 0x1513
mem[X,0x00000000800326C2] -> 0x00B5
[8102] [M]: 0x00000000800326C0 (0x00B51513) slli a0, a0, 11
x10 <- 0x0015555555555000
mem[X,0x00000000800326C4] -> 0x0513
mem[X,0x00000000800326C6] -> 0x5555
[8103] [M]: 0x00000000800326C4 (0x55550513) addi a0, a0, 1365
x10 <- 0x0015555555555555
mem[X,0x00000000800326C8] -> 0x1513
mem[X,0x00000000800326CA] -> 0x00A5
[8104] [M]: 0x00000000800326C8 (0x00A51513) slli a0, a0, 10
x10 <- 0x5555555555555400
mem[X,0x00000000800326CC] -> 0x0513
mem[X,0x00000000800326CE] -> 0x1565
[8105] [M]: 0x00000000800326CC (0x15650513) addi a0, a0, 342
x10 <- 0x5555555555555556
mem[X,0x00000000800326D0] -> 0x0593
mem[X,0x00000000800326D2] -> 0x0030
[8106] [M]: 0x00000000800326D0 (0x00300593) addi a1, zero, 3
x11 <- 0x0000000000000003
mem[X,0x00000000800326D4] -> 0x0113
mem[X,0x00000000800326D6] -> 0x0000
[8107] [M]: 0x00000000800326D4 (0x00000113) addi sp, zero, 0
x2 <- 0x0000000000000000
mem[X,0x00000000800326D8] -> 0x006F
mem[X,0x00000000800326DA] -> 0x00C0
[8108] [M]: 0x00000000800326D8 (0x00C0006F) jal zero, 12
mem[X,0x00000000800326E4] -> 0x1663
mem[X,0x00000000800326E6] -> 0x00B5
[8109] [M]: 0x00000000800326E4 (0x00B51663) bne a0, a1, 12
mem[X,0x00000000800326F0] -> 0x0113
mem[X,0x00000000800326F2] -> 0x0031
[8110] [M]: 0x00000000800326F0 (0x00310113) addi sp, sp, 3
x2 <- 0x0000000000000003
mem[X,0x00000000800326F4] -> 0x006F
mem[X,0x00000000800326F6] -> 0x0040
[8111] [M]: 0x00000000800326F4 (0x0040006F) jal zero, 4
mem[X,0x00000000800326F8] -> 0xB023
mem[X,0x00000000800326FA] -> 0x7220
[8112] [M]: 0x00000000800326F8 (0x7220B023) sd sp, 1824(ra)
mem[0x00000000800460F8] <- 0x0000000000000003
mem[X,0x00000000800326FC] -> 0x5537
mem[X,0x00000000800326FE] -> 0x5555
[8113] [M]: 0x00000000800326FC (0x55555537) lui a0, 349525
x10 <- 0x0000000055555000
mem[X,0x0000000080032700] -> 0x0513
mem[X,0x0000000080032702] -> 0x5555
[8114] [M]: 0x0000000080032700 (0x55550513) addi a0, a0, 1365
x10 <- 0x0000000055555555
mem[X,0x0000000080032704] -> 0x1513
mem[X,0x0000000080032706] -> 0x00B5
[8115] [M]: 0x0000000080032704 (0x00B51513) slli a0, a0, 11
x10 <- 0x000002AAAAAAA800
mem[X,0x0000000080032708] -> 0x0513
mem[X,0x000000008003270A] -> 0x2AA5
[8116] [M]: 0x0000000080032708 (0x2AA50513) addi a0, a0, 682
x10 <- 0x000002AAAAAAAAAA
mem[X,0x000000008003270C] -> 0x1513
mem[X,0x000000008003270E] -> 0x00B5
[8117] [M]: 0x000000008003270C (0x00B51513) slli a0, a0, 11
x10 <- 0x0015555555555000
mem[X,0x0000000080032710] -> 0x0513
mem[X,0x0000000080032712] -> 0x5555
[8118] [M]: 0x0000000080032710 (0x55550513) addi a0, a0, 1365
x10 <- 0x0015555555555555
mem[X,0x0000000080032714] -> 0x1513
mem[X,0x0000000080032716] -> 0x00A5
[8119] [M]: 0x0000000080032714 (0x00A51513) slli a0, a0, 10
x10 <- 0x5555555555555400
mem[X,0x0000000080032718] -> 0x0513
mem[X,0x000000008003271A] -> 0x1565
[8120] [M]: 0x0000000080032718 (0x15650513) addi a0, a0, 342
x10 <- 0x5555555555555556
mem[X,0x000000008003271C] -> 0x55B7
mem[X,0x000000008003271E] -> 0x5555
[8121] [M]: 0x000000008003271C (0x555555B7) lui a1, 349525
x11 <- 0x0000000055555000
mem[X,0x0000000080032720] -> 0x8593
mem[X,0x0000000080032722] -> 0x5555
[8122] [M]: 0x0000000080032720 (0x55558593) addi a1, a1, 1365
x11 <- 0x0000000055555555
mem[X,0x0000000080032724] -> 0x9593
mem[X,0x0000000080032726] -> 0x00B5
[8123] [M]: 0x0000000080032724 (0x00B59593) slli a1, a1, 11
x11 <- 0x000002AAAAAAA800
mem[X,0x0000000080032728] -> 0x8593
mem[X,0x000000008003272A] -> 0x2AA5
[8124] [M]: 0x0000000080032728 (0x2AA58593) addi a1, a1, 682
x11 <- 0x000002AAAAAAAAAA
mem[X,0x000000008003272C] -> 0x9593
mem[X,0x000000008003272E] -> 0x00B5
[8125] [M]: 0x000000008003272C (0x00B59593) slli a1, a1, 11
x11 <- 0x0015555555555000
mem[X,0x0000000080032730] -> 0x8593
mem[X,0x0000000080032732] -> 0x5555
[8126] [M]: 0x0000000080032730 (0x55558593) addi a1, a1, 1365
x11 <- 0x0015555555555555
mem[X,0x0000000080032734] -> 0x9593
mem[X,0x0000000080032736] -> 0x00A5
[8127] [M]: 0x0000000080032734 (0x00A59593) slli a1, a1, 10
x11 <- 0x5555555555555400
mem[X,0x0000000080032738] -> 0x8593
mem[X,0x000000008003273A] -> 0x1555
[8128] [M]: 0x0000000080032738 (0x15558593) addi a1, a1, 341
x11 <- 0x5555555555555555
mem[X,0x000000008003273C] -> 0x0113
mem[X,0x000000008003273E] -> 0x0000
[8129] [M]: 0x000000008003273C (0x00000113) addi sp, zero, 0
x2 <- 0x0000000000000000
mem[X,0x0000000080032740] -> 0x006F
mem[X,0x0000000080032742] -> 0x00C0
[8130] [M]: 0x0000000080032740 (0x00C0006F) jal zero, 12
mem[X,0x000000008003274C] -> 0x1663
mem[X,0x000000008003274E] -> 0x00B5
[8131] [M]: 0x000000008003274C (0x00B51663) bne a0, a1, 12
mem[X,0x0000000080032758] -> 0x0113
mem[X,0x000000008003275A] -> 0x0031
[8132] [M]: 0x0000000080032758 (0x00310113) addi sp, sp, 3
x2 <- 0x0000000000000003
mem[X,0x000000008003275C] -> 0x006F
mem[X,0x000000008003275E] -> 0x0040
[8133] [M]: 0x000000008003275C (0x0040006F) jal zero, 4
mem[X,0x0000000080032760] -> 0xB423
mem[X,0x0000000080032762] -> 0x7220
[8134] [M]: 0x0000000080032760 (0x7220B423) sd sp, 1832(ra)
mem[0x0000000080046100] <- 0x0000000000000003
mem[X,0x0000000080032764] -> 0x5537
mem[X,0x0000000080032766] -> 0x5555
[8135] [M]: 0x0000000080032764 (0x55555537) lui a0, 349525
x10 <- 0x0000000055555000
mem[X,0x0000000080032768] -> 0x0513
mem[X,0x000000008003276A] -> 0x5555
[8136] [M]: 0x0000000080032768 (0x55550513) addi a0, a0, 1365
x10 <- 0x0000000055555555
mem[X,0x000000008003276C] -> 0x1513
mem[X,0x000000008003276E] -> 0x00B5
[8137] [M]: 0x000000008003276C (0x00B51513) slli a0, a0, 11
x10 <- 0x000002AAAAAAA800
mem[X,0x0000000080032770] -> 0x0513
mem[X,0x0000000080032772] -> 0x2AA5
[8138] [M]: 0x0000000080032770 (0x2AA50513) addi a0, a0, 682
x10 <- 0x000002AAAAAAAAAA
mem[X,0x0000000080032774] -> 0x1513
mem[X,0x0000000080032776] -> 0x00B5
[8139] [M]: 0x0000000080032774 (0x00B51513) slli a0, a0, 11
x10 <- 0x0015555555555000
mem[X,0x0000000080032778] -> 0x0513
mem[X,0x000000008003277A] -> 0x5555
[8140] [M]: 0x0000000080032778 (0x55550513) addi a0, a0, 1365
x10 <- 0x0015555555555555
mem[X,0x000000008003277C] -> 0x1513
mem[X,0x000000008003277E] -> 0x00A5
[8141] [M]: 0x000000008003277C (0x00A51513) slli a0, a0, 10
x10 <- 0x5555555555555400
mem[X,0x0000000080032780] -> 0x0513
mem[X,0x0000000080032782] -> 0x1565
[8142] [M]: 0x0000000080032780 (0x15650513) addi a0, a0, 342
x10 <- 0x5555555555555556
mem[X,0x0000000080032784] -> 0xB5B7
mem[X,0x0000000080032786] -> 0xAAAA
[8143] [M]: 0x0000000080032784 (0xAAAAB5B7) lui a1, 699051
x11 <- 0xFFFFFFFFAAAAB000
mem[X,0x0000000080032788] -> 0x8593
mem[X,0x000000008003278A] -> 0xAAA5
[8144] [M]: 0x0000000080032788 (0xAAA58593) addi a1, a1, 2730
x11 <- 0xFFFFFFFFAAAAAAAA
mem[X,0x000000008003278C] -> 0x9593
mem[X,0x000000008003278E] -> 0x00B5
[8145] [M]: 0x000000008003278C (0x00B59593) slli a1, a1, 11
x11 <- 0xFFFFFD5555555000
mem[X,0x0000000080032790] -> 0x8593
mem[X,0x0000000080032792] -> 0x5555
[8146] [M]: 0x0000000080032790 (0x55558593) addi a1, a1, 1365
x11 <- 0xFFFFFD5555555555
mem[X,0x0000000080032794] -> 0x9593
mem[X,0x0000000080032796] -> 0x00B5
[8147] [M]: 0x0000000080032794 (0x00B59593) slli a1, a1, 11
x11 <- 0xFFEAAAAAAAAAA800
mem[X,0x0000000080032798] -> 0x8593
mem[X,0x000000008003279A] -> 0x2AA5
[8148] [M]: 0x0000000080032798 (0x2AA58593) addi a1, a1, 682
x11 <- 0xFFEAAAAAAAAAAAAA
mem[X,0x000000008003279C] -> 0x9593
mem[X,0x000000008003279E] -> 0x00A5
[8149] [M]: 0x000000008003279C (0x00A59593) slli a1, a1, 10
x11 <- 0xAAAAAAAAAAAAA800
mem[X,0x00000000800327A0] -> 0x8593
mem[X,0x00000000800327A2] -> 0x2AA5
[8150] [M]: 0x00000000800327A0 (0x2AA58593) addi a1, a1, 682
x11 <- 0xAAAAAAAAAAAAAAAA
mem[X,0x00000000800327A4] -> 0x0113
mem[X,0x00000000800327A6] -> 0x0000
[8151] [M]: 0x00000000800327A4 (0x00000113) addi sp, zero, 0
x2 <- 0x0000000000000000
mem[X,0x00000000800327A8] -> 0x006F
mem[X,0x00000000800327AA] -> 0x00C0
[8152] [M]: 0x00000000800327A8 (0x00C0006F) jal zero, 12
mem[X,0x00000000800327B4] -> 0x1063
mem[X,0x00000000800327B6] -> 0x10B5
[8153] [M]: 0x00000000800327B4 (0x10B51063) bne a0, a1, 256
mem[X,0x00000000800328B4] -> 0x0113
mem[X,0x00000000800328B6] -> 0x0031
[8154] [M]: 0x00000000800328B4 (0x00310113) addi sp, sp, 3
x2 <- 0x0000000000000003
mem[X,0x00000000800328B8] -> 0x006F
mem[X,0x00000000800328BA] -> 0x0040
[8155] [M]: 0x00000000800328B8 (0x0040006F) jal zero, 4
mem[X,0x00000000800328BC] -> 0xB823
mem[X,0x00000000800328BE] -> 0x7220
[8156] [M]: 0x00000000800328BC (0x7220B823) sd sp, 1840(ra)
mem[0x0000000080046108] <- 0x0000000000000003
mem[X,0x00000000800328C0] -> 0x5537
mem[X,0x00000000800328C2] -> 0x5555
[8157] [M]: 0x00000000800328C0 (0x55555537) lui a0, 349525
x10 <- 0x0000000055555000
mem[X,0x00000000800328C4] -> 0x0513
mem[X,0x00000000800328C6] -> 0x5555
[8158] [M]: 0x00000000800328C4 (0x55550513) addi a0, a0, 1365
x10 <- 0x0000000055555555
mem[X,0x00000000800328C8] -> 0x1513
mem[X,0x00000000800328CA] -> 0x00B5
[8159] [M]: 0x00000000800328C8 (0x00B51513) slli a0, a0, 11
x10 <- 0x000002AAAAAAA800
mem[X,0x00000000800328CC] -> 0x0513
mem[X,0x00000000800328CE] -> 0x2AA5
[8160] [M]: 0x00000000800328CC (0x2AA50513) addi a0, a0, 682
x10 <- 0x000002AAAAAAAAAA
mem[X,0x00000000800328D0] -> 0x1513
mem[X,0x00000000800328D2] -> 0x00B5
[8161] [M]: 0x00000000800328D0 (0x00B51513) slli a0, a0, 11
x10 <- 0x0015555555555000
mem[X,0x00000000800328D4] -> 0x0513
mem[X,0x00000000800328D6] -> 0x5555
[8162] [M]: 0x00000000800328D4 (0x55550513) addi a0, a0, 1365
x10 <- 0x0015555555555555
mem[X,0x00000000800328D8] -> 0x1513
mem[X,0x00000000800328DA] -> 0x00A5
[8163] [M]: 0x00000000800328D8 (0x00A51513) slli a0, a0, 10
x10 <- 0x5555555555555400
mem[X,0x00000000800328DC] -> 0x0513
mem[X,0x00000000800328DE] -> 0x1565
[8164] [M]: 0x00000000800328DC (0x15650513) addi a0, a0, 342
x10 <- 0x5555555555555556
mem[X,0x00000000800328E0] -> 0x0593
mem[X,0x00000000800328E2] -> 0x0050
[8165] [M]: 0x00000000800328E0 (0x00500593) addi a1, zero, 5
x11 <- 0x0000000000000005
mem[X,0x00000000800328E4] -> 0x0113
mem[X,0x00000000800328E6] -> 0x0000
[8166] [M]: 0x00000000800328E4 (0x00000113) addi sp, zero, 0
x2 <- 0x0000000000000000
mem[X,0x00000000800328E8] -> 0x006F
mem[X,0x00000000800328EA] -> 0x00C0
[8167] [M]: 0x00000000800328E8 (0x00C0006F) jal zero, 12
mem[X,0x00000000800328F4] -> 0x1663
mem[X,0x00000000800328F6] -> 0x00B5
[8168] [M]: 0x00000000800328F4 (0x00B51663) bne a0, a1, 12
mem[X,0x0000000080032900] -> 0x0113
mem[X,0x0000000080032902] -> 0x0031
[8169] [M]: 0x0000000080032900 (0x00310113) addi sp, sp, 3
x2 <- 0x0000000000000003
mem[X,0x0000000080032904] -> 0x006F
mem[X,0x0000000080032906] -> 0x0040
[8170] [M]: 0x0000000080032904 (0x0040006F) jal zero, 4
mem[X,0x0000000080032908] -> 0xBC23
mem[X,0x000000008003290A] -> 0x7220
[8171] [M]: 0x0000000080032908 (0x7220BC23) sd sp, 1848(ra)
mem[0x0000000080046110] <- 0x0000000000000003
mem[X,0x000000008003290C] -> 0x5537
mem[X,0x000000008003290E] -> 0x5555
[8172] [M]: 0x000000008003290C (0x55555537) lui a0, 349525
x10 <- 0x0000000055555000
mem[X,0x0000000080032910] -> 0x0513
mem[X,0x0000000080032912] -> 0x5555
[8173] [M]: 0x0000000080032910 (0x55550513) addi a0, a0, 1365
x10 <- 0x0000000055555555
mem[X,0x0000000080032914] -> 0x1513
mem[X,0x0000000080032916] -> 0x00B5
[8174] [M]: 0x0000000080032914 (0x00B51513) slli a0, a0, 11
x10 <- 0x000002AAAAAAA800
mem[X,0x0000000080032918] -> 0x0513
mem[X,0x000000008003291A] -> 0x2AA5
[8175] [M]: 0x0000000080032918 (0x2AA50513) addi a0, a0, 682
x10 <- 0x000002AAAAAAAAAA
mem[X,0x000000008003291C] -> 0x1513
mem[X,0x000000008003291E] -> 0x00B5
[8176] [M]: 0x000000008003291C (0x00B51513) slli a0, a0, 11
x10 <- 0x0015555555555000
mem[X,0x0000000080032920] -> 0x0513
mem[X,0x0000000080032922] -> 0x5555
[8177] [M]: 0x0000000080032920 (0x55550513) addi a0, a0, 1365
x10 <- 0x0015555555555555
mem[X,0x0000000080032924] -> 0x1513
mem[X,0x0000000080032926] -> 0x00A5
[8178] [M]: 0x0000000080032924 (0x00A51513) slli a0, a0, 10
x10 <- 0x5555555555555400
mem[X,0x0000000080032928] -> 0x0513
mem[X,0x000000008003292A] -> 0x1565
[8179] [M]: 0x0000000080032928 (0x15650513) addi a0, a0, 342
x10 <- 0x5555555555555556
mem[X,0x000000008003292C] -> 0x35B7
mem[X,0x000000008003292E] -> 0x3333
[8180] [M]: 0x000000008003292C (0x333335B7) lui a1, 209715
x11 <- 0x0000000033333000
mem[X,0x0000000080032930] -> 0x8593
mem[X,0x0000000080032932] -> 0x3335
[8181] [M]: 0x0000000080032930 (0x33358593) addi a1, a1, 819
x11 <- 0x0000000033333333
mem[X,0x0000000080032934] -> 0x9593
mem[X,0x0000000080032936] -> 0x00B5
[8182] [M]: 0x0000000080032934 (0x00B59593) slli a1, a1, 11
x11 <- 0x0000019999999800
mem[X,0x0000000080032938] -> 0x8593
mem[X,0x000000008003293A] -> 0x1995
[8183] [M]: 0x0000000080032938 (0x19958593) addi a1, a1, 409
x11 <- 0x0000019999999999
mem[X,0x000000008003293C] -> 0x9593
mem[X,0x000000008003293E] -> 0x00B5
[8184] [M]: 0x000000008003293C (0x00B59593) slli a1, a1, 11
x11 <- 0x000CCCCCCCCCC800
mem[X,0x0000000080032940] -> 0x8593
mem[X,0x0000000080032942] -> 0x4CC5
[8185] [M]: 0x0000000080032940 (0x4CC58593) addi a1, a1, 1228
x11 <- 0x000CCCCCCCCCCCCC
mem[X,0x0000000080032944] -> 0x9593
mem[X,0x0000000080032946] -> 0x00A5
[8186] [M]: 0x0000000080032944 (0x00A59593) slli a1, a1, 10
x11 <- 0x3333333333333000
mem[X,0x0000000080032948] -> 0x8593
mem[X,0x000000008003294A] -> 0x3335
[8187] [M]: 0x0000000080032948 (0x33358593) addi a1, a1, 819
x11 <- 0x3333333333333333
mem[X,0x000000008003294C] -> 0x0113
mem[X,0x000000008003294E] -> 0x0000
[8188] [M]: 0x000000008003294C (0x00000113) addi sp, zero, 0
x2 <- 0x0000000000000000
mem[X,0x0000000080032950] -> 0x006F
mem[X,0x0000000080032952] -> 0x00C0
[8189] [M]: 0x0000000080032950 (0x00C0006F) jal zero, 12
mem[X,0x000000008003295C] -> 0x1663
mem[X,0x000000008003295E] -> 0x00B5
[8190] [M]: 0x000000008003295C (0x00B51663) bne a0, a1, 12
mem[X,0x0000000080032968] -> 0x0113
mem[X,0x000000008003296A] -> 0x0031
[8191] [M]: 0x0000000080032968 (0x00310113) addi sp, sp, 3
x2 <- 0x0000000000000003
mem[X,0x000000008003296C] -> 0x006F
mem[X,0x000000008003296E] -> 0x0040
[8192] [M]: 0x000000008003296C (0x0040006F) jal zero, 4
mem[X,0x0000000080032970] -> 0xB023
mem[X,0x0000000080032972] -> 0x7420
[8193] [M]: 0x0000000080032970 (0x7420B023) sd sp, 1856(ra)
mem[0x0000000080046118] <- 0x0000000000000003
mem[X,0x0000000080032974] -> 0x5537
mem[X,0x0000000080032976] -> 0x5555
[8194] [M]: 0x0000000080032974 (0x55555537) lui a0, 349525
x10 <- 0x0000000055555000
mem[X,0x0000000080032978] -> 0x0513
mem[X,0x000000008003297A] -> 0x5555
[8195] [M]: 0x0000000080032978 (0x55550513) addi a0, a0, 1365
x10 <- 0x0000000055555555
mem[X,0x000000008003297C] -> 0x1513
mem[X,0x000000008003297E] -> 0x00B5
[8196] [M]: 0x000000008003297C (0x00B51513) slli a0, a0, 11
x10 <- 0x000002AAAAAAA800
mem[X,0x0000000080032980] -> 0x0513
mem[X,0x0000000080032982] -> 0x2AA5
[8197] [M]: 0x0000000080032980 (0x2AA50513) addi a0, a0, 682
x10 <- 0x000002AAAAAAAAAA
mem[X,0x0000000080032984] -> 0x1513
mem[X,0x0000000080032986] -> 0x00B5
[8198] [M]: 0x0000000080032984 (0x00B51513) slli a0, a0, 11
x10 <- 0x0015555555555000
mem[X,0x0000000080032988] -> 0x0513
mem[X,0x000000008003298A] -> 0x5555
[8199] [M]: 0x0000000080032988 (0x55550513) addi a0, a0, 1365
x10 <- 0x0015555555555555
clint::tick mtime <- 0x0000000000000052
 clint timer pending at mtime 0x0000000000000052
htif::tick 0x0000000000000000
mem[X,0x000000008003298C] -> 0x1513
mem[X,0x000000008003298E] -> 0x00A5
[8200] [M]: 0x000000008003298C (0x00A51513) slli a0, a0, 10
x10 <- 0x5555555555555400
mem[X,0x0000000080032990] -> 0x0513
mem[X,0x0000000080032992] -> 0x1565
[8201] [M]: 0x0000000080032990 (0x15650513) addi a0, a0, 342
x10 <- 0x5555555555555556
mem[X,0x0000000080032994] -> 0x65B7
mem[X,0x0000000080032996] -> 0x6666
[8202] [M]: 0x0000000080032994 (0x666665B7) lui a1, 419430
x11 <- 0x0000000066666000
mem[X,0x0000000080032998] -> 0x8593
mem[X,0x000000008003299A] -> 0x6665
[8203] [M]: 0x0000000080032998 (0x66658593) addi a1, a1, 1638
x11 <- 0x0000000066666666
mem[X,0x000000008003299C] -> 0x9593
mem[X,0x000000008003299E] -> 0x00B5
[8204] [M]: 0x000000008003299C (0x00B59593) slli a1, a1, 11
x11 <- 0x0000033333333000
mem[X,0x00000000800329A0] -> 0x8593
mem[X,0x00000000800329A2] -> 0x3335
[8205] [M]: 0x00000000800329A0 (0x33358593) addi a1, a1, 819
x11 <- 0x0000033333333333
mem[X,0x00000000800329A4] -> 0x9593
mem[X,0x00000000800329A6] -> 0x00B5
[8206] [M]: 0x00000000800329A4 (0x00B59593) slli a1, a1, 11
x11 <- 0x0019999999999800
mem[X,0x00000000800329A8] -> 0x8593
mem[X,0x00000000800329AA] -> 0x1995
[8207] [M]: 0x00000000800329A8 (0x19958593) addi a1, a1, 409
x11 <- 0x0019999999999999
mem[X,0x00000000800329AC] -> 0x9593
mem[X,0x00000000800329AE] -> 0x00A5
[8208] [M]: 0x00000000800329AC (0x00A59593) slli a1, a1, 10
x11 <- 0x6666666666666400
mem[X,0x00000000800329B0] -> 0x8593
mem[X,0x00000000800329B2] -> 0x2665
[8209] [M]: 0x00000000800329B0 (0x26658593) addi a1, a1, 614
x11 <- 0x6666666666666666
mem[X,0x00000000800329B4] -> 0x0113
mem[X,0x00000000800329B6] -> 0x0000
[8210] [M]: 0x00000000800329B4 (0x00000113) addi sp, zero, 0
x2 <- 0x0000000000000000
mem[X,0x00000000800329B8] -> 0x006F
mem[X,0x00000000800329BA] -> 0x00C0
[8211] [M]: 0x00000000800329B8 (0x00C0006F) jal zero, 12
mem[X,0x00000000800329C4] -> 0x1063
mem[X,0x00000000800329C6] -> 0x40B5
[8212] [M]: 0x00000000800329C4 (0x40B51063) bne a0, a1, 1024
mem[X,0x0000000080032DC4] -> 0x0113
mem[X,0x0000000080032DC6] -> 0x0031
[8213] [M]: 0x0000000080032DC4 (0x00310113) addi sp, sp, 3
x2 <- 0x0000000000000003
mem[X,0x0000000080032DC8] -> 0x006F
mem[X,0x0000000080032DCA] -> 0x0040
[8214] [M]: 0x0000000080032DC8 (0x0040006F) jal zero, 4
mem[X,0x0000000080032DCC] -> 0xB423
mem[X,0x0000000080032DCE] -> 0x7420
[8215] [M]: 0x0000000080032DCC (0x7420B423) sd sp, 1864(ra)
mem[0x0000000080046120] <- 0x0000000000000003
mem[X,0x0000000080032DD0] -> 0x5537
mem[X,0x0000000080032DD2] -> 0x5555
[8216] [M]: 0x0000000080032DD0 (0x55555537) lui a0, 349525
x10 <- 0x0000000055555000
mem[X,0x0000000080032DD4] -> 0x0513
mem[X,0x0000000080032DD6] -> 0x5555
[8217] [M]: 0x0000000080032DD4 (0x55550513) addi a0, a0, 1365
x10 <- 0x0000000055555555
mem[X,0x0000000080032DD8] -> 0x1513
mem[X,0x0000000080032DDA] -> 0x00B5
[8218] [M]: 0x0000000080032DD8 (0x00B51513) slli a0, a0, 11
x10 <- 0x000002AAAAAAA800
mem[X,0x0000000080032DDC] -> 0x0513
mem[X,0x0000000080032DDE] -> 0x2AA5
[8219] [M]: 0x0000000080032DDC (0x2AA50513) addi a0, a0, 682
x10 <- 0x000002AAAAAAAAAA
mem[X,0x0000000080032DE0] -> 0x1513
mem[X,0x0000000080032DE2] -> 0x00B5
[8220] [M]: 0x0000000080032DE0 (0x00B51513) slli a0, a0, 11
x10 <- 0x0015555555555000
mem[X,0x0000000080032DE4] -> 0x0513
mem[X,0x0000000080032DE6] -> 0x5555
[8221] [M]: 0x0000000080032DE4 (0x55550513) addi a0, a0, 1365
x10 <- 0x0015555555555555
mem[X,0x0000000080032DE8] -> 0x1513
mem[X,0x0000000080032DEA] -> 0x00A5
[8222] [M]: 0x0000000080032DE8 (0x00A51513) slli a0, a0, 10
x10 <- 0x5555555555555400
mem[X,0x0000000080032DEC] -> 0x0513
mem[X,0x0000000080032DEE] -> 0x1565
[8223] [M]: 0x0000000080032DEC (0x15650513) addi a0, a0, 342
x10 <- 0x5555555555555556
mem[X,0x0000000080032DF0] -> 0x05B7
mem[X,0x0000000080032DF2] -> 0x0000
[8224] [M]: 0x0000000080032DF0 (0x000005B7) lui a1, 0
x11 <- 0x0000000000000000
mem[X,0x0000000080032DF4] -> 0x8593
mem[X,0x0000000080032DF6] -> 0xFFF5
[8225] [M]: 0x0000000080032DF4 (0xFFF58593) addi a1, a1, 4095
x11 <- 0xFFFFFFFFFFFFFFFF
mem[X,0x0000000080032DF8] -> 0x9593
mem[X,0x0000000080032DFA] -> 0x00B5
[8226] [M]: 0x0000000080032DF8 (0x00B59593) slli a1, a1, 11
x11 <- 0xFFFFFFFFFFFFF800
mem[X,0x0000000080032DFC] -> 0x8593
mem[X,0x0000000080032DFE] -> 0x2575
[8227] [M]: 0x0000000080032DFC (0x25758593) addi a1, a1, 599
x11 <- 0xFFFFFFFFFFFFFA57
mem[X,0x0000000080032E00] -> 0x9593
mem[X,0x0000000080032E02] -> 0x00B5
[8228] [M]: 0x0000000080032E00 (0x00B59593) slli a1, a1, 11
x11 <- 0xFFFFFFFFFFD2B800
mem[X,0x0000000080032E04] -> 0x8593
mem[X,0x0000000080032E06] -> 0x6C35
[8229] [M]: 0x0000000080032E04 (0x6C358593) addi a1, a1, 1731
x11 <- 0xFFFFFFFFFFD2BEC3
mem[X,0x0000000080032E08] -> 0x9593
mem[X,0x0000000080032E0A] -> 0x00A5
[8230] [M]: 0x0000000080032E08 (0x00A59593) slli a1, a1, 10
x11 <- 0xFFFFFFFF4AFB0C00
mem[X,0x0000000080032E0C] -> 0x8593
mem[X,0x0000000080032E0E] -> 0x0CD5
[8231] [M]: 0x0000000080032E0C (0x0CD58593) addi a1, a1, 205
x11 <- 0xFFFFFFFF4AFB0CCD
mem[X,0x0000000080032E10] -> 0x0113
mem[X,0x0000000080032E12] -> 0x0000
[8232] [M]: 0x0000000080032E10 (0x00000113) addi sp, zero, 0
x2 <- 0x0000000000000000
mem[X,0x0000000080032E14] -> 0x006F
mem[X,0x0000000080032E16] -> 0x00C0
[8233] [M]: 0x0000000080032E14 (0x00C0006F) jal zero, 12
mem[X,0x0000000080032E20] -> 0x1663
mem[X,0x0000000080032E22] -> 0x00B5
[8234] [M]: 0x0000000080032E20 (0x00B51663) bne a0, a1, 12
mem[X,0x0000000080032E2C] -> 0x0113
mem[X,0x0000000080032E2E] -> 0x0031
[8235] [M]: 0x0000000080032E2C (0x00310113) addi sp, sp, 3
x2 <- 0x0000000000000003
mem[X,0x0000000080032E30] -> 0x006F
mem[X,0x0000000080032E32] -> 0x0040
[8236] [M]: 0x0000000080032E30 (0x0040006F) jal zero, 4
mem[X,0x0000000080032E34] -> 0xB823
mem[X,0x0000000080032E36] -> 0x7420
[8237] [M]: 0x0000000080032E34 (0x7420B823) sd sp, 1872(ra)
mem[0x0000000080046128] <- 0x0000000000000003
mem[X,0x0000000080032E38] -> 0x5537
mem[X,0x0000000080032E3A] -> 0x5555
[8238] [M]: 0x0000000080032E38 (0x55555537) lui a0, 349525
x10 <- 0x0000000055555000
mem[X,0x0000000080032E3C] -> 0x0513
mem[X,0x0000000080032E3E] -> 0x5555
[8239] [M]: 0x0000000080032E3C (0x55550513) addi a0, a0, 1365
x10 <- 0x0000000055555555
mem[X,0x0000000080032E40] -> 0x1513
mem[X,0x0000000080032E42] -> 0x00B5
[8240] [M]: 0x0000000080032E40 (0x00B51513) slli a0, a0, 11
x10 <- 0x000002AAAAAAA800
mem[X,0x0000000080032E44] -> 0x0513
mem[X,0x0000000080032E46] -> 0x2AA5
[8241] [M]: 0x0000000080032E44 (0x2AA50513) addi a0, a0, 682
x10 <- 0x000002AAAAAAAAAA
mem[X,0x0000000080032E48] -> 0x1513
mem[X,0x0000000080032E4A] -> 0x00B5
[8242] [M]: 0x0000000080032E48 (0x00B51513) slli a0, a0, 11
x10 <- 0x0015555555555000
mem[X,0x0000000080032E4C] -> 0x0513
mem[X,0x0000000080032E4E] -> 0x5555
[8243] [M]: 0x0000000080032E4C (0x55550513) addi a0, a0, 1365
x10 <- 0x0015555555555555
mem[X,0x0000000080032E50] -> 0x1513
mem[X,0x0000000080032E52] -> 0x00A5
[8244] [M]: 0x0000000080032E50 (0x00A51513) slli a0, a0, 10
x10 <- 0x5555555555555400
mem[X,0x0000000080032E54] -> 0x0513
mem[X,0x0000000080032E56] -> 0x1565
[8245] [M]: 0x0000000080032E54 (0x15650513) addi a0, a0, 342
x10 <- 0x5555555555555556
mem[X,0x0000000080032E58] -> 0x05B7
mem[X,0x0000000080032E5A] -> 0x0000
[8246] [M]: 0x0000000080032E58 (0x000005B7) lui a1, 0
x11 <- 0x0000000000000000
mem[X,0x0000000080032E5C] -> 0x8593
mem[X,0x0000000080032E5E] -> 0x0005
[8247] [M]: 0x0000000080032E5C (0x00058593) addi a1, a1, 0
x11 <- 0x0000000000000000
mem[X,0x0000000080032E60] -> 0x9593
mem[X,0x0000000080032E62] -> 0x00B5
[8248] [M]: 0x0000000080032E60 (0x00B59593) slli a1, a1, 11
x11 <- 0x0000000000000000
mem[X,0x0000000080032E64] -> 0x8593
mem[X,0x0000000080032E66] -> 0x5A85
[8249] [M]: 0x0000000080032E64 (0x5A858593) addi a1, a1, 1448
x11 <- 0x00000000000005A8
mem[X,0x0000000080032E68] -> 0x9593
mem[X,0x0000000080032E6A] -> 0x00B5
[8250] [M]: 0x0000000080032E68 (0x00B59593) slli a1, a1, 11
x11 <- 0x00000000002D4000
mem[X,0x0000000080032E6C] -> 0x8593
mem[X,0x0000000080032E6E] -> 0x13C5
[8251] [M]: 0x0000000080032E6C (0x13C58593) addi a1, a1, 316
x11 <- 0x00000000002D413C
mem[X,0x0000000080032E70] -> 0x9593
mem[X,0x0000000080032E72] -> 0x00A5
[8252] [M]: 0x0000000080032E70 (0x00A59593) slli a1, a1, 10
x11 <- 0x00000000B504F000
mem[X,0x0000000080032E74] -> 0x8593
mem[X,0x0000000080032E76] -> 0x3335
[8253] [M]: 0x0000000080032E74 (0x33358593) addi a1, a1, 819
x11 <- 0x00000000B504F333
mem[X,0x0000000080032E78] -> 0x0113
mem[X,0x0000000080032E7A] -> 0x0000
[8254] [M]: 0x0000000080032E78 (0x00000113) addi sp, zero, 0
x2 <- 0x0000000000000000
mem[X,0x0000000080032E7C] -> 0x006F
mem[X,0x0000000080032E7E] -> 0x0100
[8255] [M]: 0x0000000080032E7C (0x0100006F) jal zero, 16
mem[X,0x0000000080032E8C] -> 0x1AE3
mem[X,0x0000000080032E8E] -> 0xFEB5
[8256] [M]: 0x0000000080032E8C (0xFEB51AE3) bne a0, a1, 8180
mem[X,0x0000000080032E80] -> 0x0113
mem[X,0x0000000080032E82] -> 0x0011
[8257] [M]: 0x0000000080032E80 (0x00110113) addi sp, sp, 1
x2 <- 0x0000000000000001
mem[X,0x0000000080032E84] -> 0x006F
mem[X,0x0000000080032E86] -> 0x01C0
[8258] [M]: 0x0000000080032E84 (0x01C0006F) jal zero, 28
mem[X,0x0000000080032EA0] -> 0xBC23
mem[X,0x0000000080032EA2] -> 0x7420
[8259] [M]: 0x0000000080032EA0 (0x7420BC23) sd sp, 1880(ra)
mem[0x0000000080046130] <- 0x0000000000000001
mem[X,0x0000000080032EA4] -> 0x5537
mem[X,0x0000000080032EA6] -> 0x5555
[8260] [M]: 0x0000000080032EA4 (0x55555537) lui a0, 349525
x10 <- 0x0000000055555000
mem[X,0x0000000080032EA8] -> 0x0513
mem[X,0x0000000080032EAA] -> 0x5555
[8261] [M]: 0x0000000080032EA8 (0x55550513) addi a0, a0, 1365
x10 <- 0x0000000055555555
mem[X,0x0000000080032EAC] -> 0x1513
mem[X,0x0000000080032EAE] -> 0x00B5
[8262] [M]: 0x0000000080032EAC (0x00B51513) slli a0, a0, 11
x10 <- 0x000002AAAAAAA800
mem[X,0x0000000080032EB0] -> 0x0513
mem[X,0x0000000080032EB2] -> 0x2AA5
[8263] [M]: 0x0000000080032EB0 (0x2AA50513) addi a0, a0, 682
x10 <- 0x000002AAAAAAAAAA
mem[X,0x0000000080032EB4] -> 0x1513
mem[X,0x0000000080032EB6] -> 0x00B5
[8264] [M]: 0x0000000080032EB4 (0x00B51513) slli a0, a0, 11
x10 <- 0x0015555555555000
mem[X,0x0000000080032EB8] -> 0x0513
mem[X,0x0000000080032EBA] -> 0x5555
[8265] [M]: 0x0000000080032EB8 (0x55550513) addi a0, a0, 1365
x10 <- 0x0015555555555555
mem[X,0x0000000080032EBC] -> 0x1513
mem[X,0x0000000080032EBE] -> 0x00A5
[8266] [M]: 0x0000000080032EBC (0x00A51513) slli a0, a0, 10
x10 <- 0x5555555555555400
mem[X,0x0000000080032EC0] -> 0x0513
mem[X,0x0000000080032EC2] -> 0x1565
[8267] [M]: 0x0000000080032EC0 (0x15650513) addi a0, a0, 342
x10 <- 0x5555555555555556
mem[X,0x0000000080032EC4] -> 0x0593
mem[X,0x0000000080032EC6] -> 0x0020
[8268] [M]: 0x0000000080032EC4 (0x00200593) addi a1, zero, 2
x11 <- 0x0000000000000002
mem[X,0x0000000080032EC8] -> 0x0113
mem[X,0x0000000080032ECA] -> 0x0000
[8269] [M]: 0x0000000080032EC8 (0x00000113) addi sp, zero, 0
x2 <- 0x0000000000000000
mem[X,0x0000000080032ECC] -> 0x006F
mem[X,0x0000000080032ECE] -> 0x00C0
[8270] [M]: 0x0000000080032ECC (0x00C0006F) jal zero, 12
mem[X,0x0000000080032ED8] -> 0x1663
mem[X,0x0000000080032EDA] -> 0x00B5
[8271] [M]: 0x0000000080032ED8 (0x00B51663) bne a0, a1, 12
mem[X,0x0000000080032EE4] -> 0x0113
mem[X,0x0000000080032EE6] -> 0x0031
[8272] [M]: 0x0000000080032EE4 (0x00310113) addi sp, sp, 3
x2 <- 0x0000000000000003
mem[X,0x0000000080032EE8] -> 0x006F
mem[X,0x0000000080032EEA] -> 0x0040
[8273] [M]: 0x0000000080032EE8 (0x0040006F) jal zero, 4
mem[X,0x0000000080032EEC] -> 0xB023
mem[X,0x0000000080032EEE] -> 0x7620
[8274] [M]: 0x0000000080032EEC (0x7620B023) sd sp, 1888(ra)
mem[0x0000000080046138] <- 0x0000000000000003
mem[X,0x0000000080032EF0] -> 0x5537
mem[X,0x0000000080032EF2] -> 0x5555
[8275] [M]: 0x0000000080032EF0 (0x55555537) lui a0, 349525
x10 <- 0x0000000055555000
mem[X,0x0000000080032EF4] -> 0x0513
mem[X,0x0000000080032EF6] -> 0x5555
[8276] [M]: 0x0000000080032EF4 (0x55550513) addi a0, a0, 1365
x10 <- 0x0000000055555555
mem[X,0x0000000080032EF8] -> 0x1513
mem[X,0x0000000080032EFA] -> 0x00B5
[8277] [M]: 0x0000000080032EF8 (0x00B51513) slli a0, a0, 11
x10 <- 0x000002AAAAAAA800
mem[X,0x0000000080032EFC] -> 0x0513
mem[X,0x0000000080032EFE] -> 0x2AA5
[8278] [M]: 0x0000000080032EFC (0x2AA50513) addi a0, a0, 682
x10 <- 0x000002AAAAAAAAAA
mem[X,0x0000000080032F00] -> 0x1513
mem[X,0x0000000080032F02] -> 0x00B5
[8279] [M]: 0x0000000080032F00 (0x00B51513) slli a0, a0, 11
x10 <- 0x0015555555555000
mem[X,0x0000000080032F04] -> 0x0513
mem[X,0x0000000080032F06] -> 0x5555
[8280] [M]: 0x0000000080032F04 (0x55550513) addi a0, a0, 1365
x10 <- 0x0015555555555555
mem[X,0x0000000080032F08] -> 0x1513
mem[X,0x0000000080032F0A] -> 0x00A5
[8281] [M]: 0x0000000080032F08 (0x00A51513) slli a0, a0, 10
x10 <- 0x5555555555555400
mem[X,0x0000000080032F0C] -> 0x0513
mem[X,0x0000000080032F0E] -> 0x1565
[8282] [M]: 0x0000000080032F0C (0x15650513) addi a0, a0, 342
x10 <- 0x5555555555555556
mem[X,0x0000000080032F10] -> 0x55B7
mem[X,0x0000000080032F12] -> 0x5555
[8283] [M]: 0x0000000080032F10 (0x555555B7) lui a1, 349525
x11 <- 0x0000000055555000
mem[X,0x0000000080032F14] -> 0x8593
mem[X,0x0000000080032F16] -> 0x5555
[8284] [M]: 0x0000000080032F14 (0x55558593) addi a1, a1, 1365
x11 <- 0x0000000055555555
mem[X,0x0000000080032F18] -> 0x9593
mem[X,0x0000000080032F1A] -> 0x00B5
[8285] [M]: 0x0000000080032F18 (0x00B59593) slli a1, a1, 11
x11 <- 0x000002AAAAAAA800
mem[X,0x0000000080032F1C] -> 0x8593
mem[X,0x0000000080032F1E] -> 0x2AA5
[8286] [M]: 0x0000000080032F1C (0x2AA58593) addi a1, a1, 682
x11 <- 0x000002AAAAAAAAAA
mem[X,0x0000000080032F20] -> 0x9593
mem[X,0x0000000080032F22] -> 0x00B5
[8287] [M]: 0x0000000080032F20 (0x00B59593) slli a1, a1, 11
x11 <- 0x0015555555555000
mem[X,0x0000000080032F24] -> 0x8593
mem[X,0x0000000080032F26] -> 0x5555
[8288] [M]: 0x0000000080032F24 (0x55558593) addi a1, a1, 1365
x11 <- 0x0015555555555555
mem[X,0x0000000080032F28] -> 0x9593
mem[X,0x0000000080032F2A] -> 0x00A5
[8289] [M]: 0x0000000080032F28 (0x00A59593) slli a1, a1, 10
x11 <- 0x5555555555555400
mem[X,0x0000000080032F2C] -> 0x8593
mem[X,0x0000000080032F2E] -> 0x1545
[8290] [M]: 0x0000000080032F2C (0x15458593) addi a1, a1, 340
x11 <- 0x5555555555555554
mem[X,0x0000000080032F30] -> 0x0113
mem[X,0x0000000080032F32] -> 0x0000
[8291] [M]: 0x0000000080032F30 (0x00000113) addi sp, zero, 0
x2 <- 0x0000000000000000
mem[X,0x0000000080032F34] -> 0x006F
mem[X,0x0000000080032F36] -> 0x00C0
[8292] [M]: 0x0000000080032F34 (0x00C0006F) jal zero, 12
mem[X,0x0000000080032F40] -> 0x1063
mem[X,0x0000000080032F42] -> 0x40B5
[8293] [M]: 0x0000000080032F40 (0x40B51063) bne a0, a1, 1024
mem[X,0x0000000080033340] -> 0x0113
mem[X,0x0000000080033342] -> 0x0031
[8294] [M]: 0x0000000080033340 (0x00310113) addi sp, sp, 3
x2 <- 0x0000000000000003
mem[X,0x0000000080033344] -> 0x006F
mem[X,0x0000000080033346] -> 0x0040
[8295] [M]: 0x0000000080033344 (0x0040006F) jal zero, 4
mem[X,0x0000000080033348] -> 0xB423
mem[X,0x000000008003334A] -> 0x7620
[8296] [M]: 0x0000000080033348 (0x7620B423) sd sp, 1896(ra)
mem[0x0000000080046140] <- 0x0000000000000003
mem[X,0x000000008003334C] -> 0x5537
mem[X,0x000000008003334E] -> 0x5555
[8297] [M]: 0x000000008003334C (0x55555537) lui a0, 349525
x10 <- 0x0000000055555000
mem[X,0x0000000080033350] -> 0x0513
mem[X,0x0000000080033352] -> 0x5555
[8298] [M]: 0x0000000080033350 (0x55550513) addi a0, a0, 1365
x10 <- 0x0000000055555555
mem[X,0x0000000080033354] -> 0x1513
mem[X,0x0000000080033356] -> 0x00B5
[8299] [M]: 0x0000000080033354 (0x00B51513) slli a0, a0, 11
x10 <- 0x000002AAAAAAA800
clint::tick mtime <- 0x0000000000000053
 clint timer pending at mtime 0x0000000000000053
htif::tick 0x0000000000000000
mem[X,0x0000000080033358] -> 0x0513
mem[X,0x000000008003335A] -> 0x2AA5
[8300] [M]: 0x0000000080033358 (0x2AA50513) addi a0, a0, 682
x10 <- 0x000002AAAAAAAAAA
mem[X,0x000000008003335C] -> 0x1513
mem[X,0x000000008003335E] -> 0x00B5
[8301] [M]: 0x000000008003335C (0x00B51513) slli a0, a0, 11
x10 <- 0x0015555555555000
mem[X,0x0000000080033360] -> 0x0513
mem[X,0x0000000080033362] -> 0x5555
[8302] [M]: 0x0000000080033360 (0x55550513) addi a0, a0, 1365
x10 <- 0x0015555555555555
mem[X,0x0000000080033364] -> 0x1513
mem[X,0x0000000080033366] -> 0x00A5
[8303] [M]: 0x0000000080033364 (0x00A51513) slli a0, a0, 10
x10 <- 0x5555555555555400
mem[X,0x0000000080033368] -> 0x0513
mem[X,0x000000008003336A] -> 0x1565
[8304] [M]: 0x0000000080033368 (0x15650513) addi a0, a0, 342
x10 <- 0x5555555555555556
mem[X,0x000000008003336C] -> 0x0593
mem[X,0x000000008003336E] -> 0x0000
[8305] [M]: 0x000000008003336C (0x00000593) addi a1, zero, 0
x11 <- 0x0000000000000000
mem[X,0x0000000080033370] -> 0x0113
mem[X,0x0000000080033372] -> 0x0000
[8306] [M]: 0x0000000080033370 (0x00000113) addi sp, zero, 0
x2 <- 0x0000000000000000
mem[X,0x0000000080033374] -> 0x006F
mem[X,0x0000000080033376] -> 0x00C0
[8307] [M]: 0x0000000080033374 (0x00C0006F) jal zero, 12
mem[X,0x0000000080033380] -> 0x1063
mem[X,0x0000000080033382] -> 0x20B5
[8308] [M]: 0x0000000080033380 (0x20B51063) bne a0, a1, 512
mem[X,0x0000000080033580] -> 0x0113
mem[X,0x0000000080033582] -> 0x0031
[8309] [M]: 0x0000000080033580 (0x00310113) addi sp, sp, 3
x2 <- 0x0000000000000003
mem[X,0x0000000080033584] -> 0x006F
mem[X,0x0000000080033586] -> 0x0040
[8310] [M]: 0x0000000080033584 (0x0040006F) jal zero, 4
mem[X,0x0000000080033588] -> 0xB823
mem[X,0x000000008003358A] -> 0x7620
[8311] [M]: 0x0000000080033588 (0x7620B823) sd sp, 1904(ra)
mem[0x0000000080046148] <- 0x0000000000000003
mem[X,0x000000008003358C] -> 0x5537
mem[X,0x000000008003358E] -> 0x5555
[8312] [M]: 0x000000008003358C (0x55555537) lui a0, 349525
x10 <- 0x0000000055555000
mem[X,0x0000000080033590] -> 0x0513
mem[X,0x0000000080033592] -> 0x5555
[8313] [M]: 0x0000000080033590 (0x55550513) addi a0, a0, 1365
x10 <- 0x0000000055555555
mem[X,0x0000000080033594] -> 0x1513
mem[X,0x0000000080033596] -> 0x00B5
[8314] [M]: 0x0000000080033594 (0x00B51513) slli a0, a0, 11
x10 <- 0x000002AAAAAAA800
mem[X,0x0000000080033598] -> 0x0513
mem[X,0x000000008003359A] -> 0x2AA5
[8315] [M]: 0x0000000080033598 (0x2AA50513) addi a0, a0, 682
x10 <- 0x000002AAAAAAAAAA
mem[X,0x000000008003359C] -> 0x1513
mem[X,0x000000008003359E] -> 0x00B5
[8316] [M]: 0x000000008003359C (0x00B51513) slli a0, a0, 11
x10 <- 0x0015555555555000
mem[X,0x00000000800335A0] -> 0x0513
mem[X,0x00000000800335A2] -> 0x5555
[8317] [M]: 0x00000000800335A0 (0x55550513) addi a0, a0, 1365
x10 <- 0x0015555555555555
mem[X,0x00000000800335A4] -> 0x1513
mem[X,0x00000000800335A6] -> 0x00A5
[8318] [M]: 0x00000000800335A4 (0x00A51513) slli a0, a0, 10
x10 <- 0x5555555555555400
mem[X,0x00000000800335A8] -> 0x0513
mem[X,0x00000000800335AA] -> 0x1565
[8319] [M]: 0x00000000800335A8 (0x15650513) addi a0, a0, 342
x10 <- 0x5555555555555556
mem[X,0x00000000800335AC] -> 0x0593
mem[X,0x00000000800335AE] -> 0x0040
[8320] [M]: 0x00000000800335AC (0x00400593) addi a1, zero, 4
x11 <- 0x0000000000000004
mem[X,0x00000000800335B0] -> 0x0113
mem[X,0x00000000800335B2] -> 0x0000
[8321] [M]: 0x00000000800335B0 (0x00000113) addi sp, zero, 0
x2 <- 0x0000000000000000
mem[X,0x00000000800335B4] -> 0x006F
mem[X,0x00000000800335B6] -> 0x00C0
[8322] [M]: 0x00000000800335B4 (0x00C0006F) jal zero, 12
mem[X,0x00000000800335C0] -> 0x1663
mem[X,0x00000000800335C2] -> 0x00B5
[8323] [M]: 0x00000000800335C0 (0x00B51663) bne a0, a1, 12
mem[X,0x00000000800335CC] -> 0x0113
mem[X,0x00000000800335CE] -> 0x0031
[8324] [M]: 0x00000000800335CC (0x00310113) addi sp, sp, 3
x2 <- 0x0000000000000003
mem[X,0x00000000800335D0] -> 0x006F
mem[X,0x00000000800335D2] -> 0x0040
[8325] [M]: 0x00000000800335D0 (0x0040006F) jal zero, 4
mem[X,0x00000000800335D4] -> 0xBC23
mem[X,0x00000000800335D6] -> 0x7620
[8326] [M]: 0x00000000800335D4 (0x7620BC23) sd sp, 1912(ra)
mem[0x0000000080046150] <- 0x0000000000000003
mem[X,0x00000000800335D8] -> 0x5537
mem[X,0x00000000800335DA] -> 0x5555
[8327] [M]: 0x00000000800335D8 (0x55555537) lui a0, 349525
x10 <- 0x0000000055555000
mem[X,0x00000000800335DC] -> 0x0513
mem[X,0x00000000800335DE] -> 0x5555
[8328] [M]: 0x00000000800335DC (0x55550513) addi a0, a0, 1365
x10 <- 0x0000000055555555
mem[X,0x00000000800335E0] -> 0x1513
mem[X,0x00000000800335E2] -> 0x00B5
[8329] [M]: 0x00000000800335E0 (0x00B51513) slli a0, a0, 11
x10 <- 0x000002AAAAAAA800
mem[X,0x00000000800335E4] -> 0x0513
mem[X,0x00000000800335E6] -> 0x2AA5
[8330] [M]: 0x00000000800335E4 (0x2AA50513) addi a0, a0, 682
x10 <- 0x000002AAAAAAAAAA
mem[X,0x00000000800335E8] -> 0x1513
mem[X,0x00000000800335EA] -> 0x00B5
[8331] [M]: 0x00000000800335E8 (0x00B51513) slli a0, a0, 11
x10 <- 0x0015555555555000
mem[X,0x00000000800335EC] -> 0x0513
mem[X,0x00000000800335EE] -> 0x5555
[8332] [M]: 0x00000000800335EC (0x55550513) addi a0, a0, 1365
x10 <- 0x0015555555555555
mem[X,0x00000000800335F0] -> 0x1513
mem[X,0x00000000800335F2] -> 0x00A5
[8333] [M]: 0x00000000800335F0 (0x00A51513) slli a0, a0, 10
x10 <- 0x5555555555555400
mem[X,0x00000000800335F4] -> 0x0513
mem[X,0x00000000800335F6] -> 0x1565
[8334] [M]: 0x00000000800335F4 (0x15650513) addi a0, a0, 342
x10 <- 0x5555555555555556
mem[X,0x00000000800335F8] -> 0x35B7
mem[X,0x00000000800335FA] -> 0x3333
[8335] [M]: 0x00000000800335F8 (0x333335B7) lui a1, 209715
x11 <- 0x0000000033333000
mem[X,0x00000000800335FC] -> 0x8593
mem[X,0x00000000800335FE] -> 0x3335
[8336] [M]: 0x00000000800335FC (0x33358593) addi a1, a1, 819
x11 <- 0x0000000033333333
mem[X,0x0000000080033600] -> 0x9593
mem[X,0x0000000080033602] -> 0x00B5
[8337] [M]: 0x0000000080033600 (0x00B59593) slli a1, a1, 11
x11 <- 0x0000019999999800
mem[X,0x0000000080033604] -> 0x8593
mem[X,0x0000000080033606] -> 0x1995
[8338] [M]: 0x0000000080033604 (0x19958593) addi a1, a1, 409
x11 <- 0x0000019999999999
mem[X,0x0000000080033608] -> 0x9593
mem[X,0x000000008003360A] -> 0x00B5
[8339] [M]: 0x0000000080033608 (0x00B59593) slli a1, a1, 11
x11 <- 0x000CCCCCCCCCC800
mem[X,0x000000008003360C] -> 0x8593
mem[X,0x000000008003360E] -> 0x4CC5
[8340] [M]: 0x000000008003360C (0x4CC58593) addi a1, a1, 1228
x11 <- 0x000CCCCCCCCCCCCC
mem[X,0x0000000080033610] -> 0x9593
mem[X,0x0000000080033612] -> 0x00A5
[8341] [M]: 0x0000000080033610 (0x00A59593) slli a1, a1, 10
x11 <- 0x3333333333333000
mem[X,0x0000000080033614] -> 0x8593
mem[X,0x0000000080033616] -> 0x3325
[8342] [M]: 0x0000000080033614 (0x33258593) addi a1, a1, 818
x11 <- 0x3333333333333332
mem[X,0x0000000080033618] -> 0x0113
mem[X,0x000000008003361A] -> 0x0000
[8343] [M]: 0x0000000080033618 (0x00000113) addi sp, zero, 0
x2 <- 0x0000000000000000
mem[X,0x000000008003361C] -> 0x006F
mem[X,0x000000008003361E] -> 0x0140
[8344] [M]: 0x000000008003361C (0x0140006F) jal zero, 20
mem[X,0x0000000080033630] -> 0x18E3
mem[X,0x0000000080033632] -> 0xFEB5
[8345] [M]: 0x0000000080033630 (0xFEB518E3) bne a0, a1, 8176
mem[X,0x0000000080033620] -> 0x0113
mem[X,0x0000000080033622] -> 0x0011
[8346] [M]: 0x0000000080033620 (0x00110113) addi sp, sp, 1
x2 <- 0x0000000000000001
mem[X,0x0000000080033624] -> 0x006F
mem[X,0x0000000080033626] -> 0x0200
[8347] [M]: 0x0000000080033624 (0x0200006F) jal zero, 32
mem[X,0x0000000080033644] -> 0xB023
mem[X,0x0000000080033646] -> 0x7820
[8348] [M]: 0x0000000080033644 (0x7820B023) sd sp, 1920(ra)
mem[0x0000000080046158] <- 0x0000000000000001
mem[X,0x0000000080033648] -> 0x5537
mem[X,0x000000008003364A] -> 0x5555
[8349] [M]: 0x0000000080033648 (0x55555537) lui a0, 349525
x10 <- 0x0000000055555000
mem[X,0x000000008003364C] -> 0x0513
mem[X,0x000000008003364E] -> 0x5555
[8350] [M]: 0x000000008003364C (0x55550513) addi a0, a0, 1365
x10 <- 0x0000000055555555
mem[X,0x0000000080033650] -> 0x1513
mem[X,0x0000000080033652] -> 0x00B5
[8351] [M]: 0x0000000080033650 (0x00B51513) slli a0, a0, 11
x10 <- 0x000002AAAAAAA800
mem[X,0x0000000080033654] -> 0x0513
mem[X,0x0000000080033656] -> 0x2AA5
[8352] [M]: 0x0000000080033654 (0x2AA50513) addi a0, a0, 682
x10 <- 0x000002AAAAAAAAAA
mem[X,0x0000000080033658] -> 0x1513
mem[X,0x000000008003365A] -> 0x00B5
[8353] [M]: 0x0000000080033658 (0x00B51513) slli a0, a0, 11
x10 <- 0x0015555555555000
mem[X,0x000000008003365C] -> 0x0513
mem[X,0x000000008003365E] -> 0x5555
[8354] [M]: 0x000000008003365C (0x55550513) addi a0, a0, 1365
x10 <- 0x0015555555555555
mem[X,0x0000000080033660] -> 0x1513
mem[X,0x0000000080033662] -> 0x00A5
[8355] [M]: 0x0000000080033660 (0x00A51513) slli a0, a0, 10
x10 <- 0x5555555555555400
mem[X,0x0000000080033664] -> 0x0513
mem[X,0x0000000080033666] -> 0x1565
[8356] [M]: 0x0000000080033664 (0x15650513) addi a0, a0, 342
x10 <- 0x5555555555555556
mem[X,0x0000000080033668] -> 0x65B7
mem[X,0x000000008003366A] -> 0x6666
[8357] [M]: 0x0000000080033668 (0x666665B7) lui a1, 419430
x11 <- 0x0000000066666000
mem[X,0x000000008003366C] -> 0x8593
mem[X,0x000000008003366E] -> 0x6665
[8358] [M]: 0x000000008003366C (0x66658593) addi a1, a1, 1638
x11 <- 0x0000000066666666
mem[X,0x0000000080033670] -> 0x9593
mem[X,0x0000000080033672] -> 0x00B5
[8359] [M]: 0x0000000080033670 (0x00B59593) slli a1, a1, 11
x11 <- 0x0000033333333000
mem[X,0x0000000080033674] -> 0x8593
mem[X,0x0000000080033676] -> 0x3335
[8360] [M]: 0x0000000080033674 (0x33358593) addi a1, a1, 819
x11 <- 0x0000033333333333
mem[X,0x0000000080033678] -> 0x9593
mem[X,0x000000008003367A] -> 0x00B5
[8361] [M]: 0x0000000080033678 (0x00B59593) slli a1, a1, 11
x11 <- 0x0019999999999800
mem[X,0x000000008003367C] -> 0x8593
mem[X,0x000000008003367E] -> 0x1995
[8362] [M]: 0x000000008003367C (0x19958593) addi a1, a1, 409
x11 <- 0x0019999999999999
mem[X,0x0000000080033680] -> 0x9593
mem[X,0x0000000080033682] -> 0x00A5
[8363] [M]: 0x0000000080033680 (0x00A59593) slli a1, a1, 10
x11 <- 0x6666666666666400
mem[X,0x0000000080033684] -> 0x8593
mem[X,0x0000000080033686] -> 0x2655
[8364] [M]: 0x0000000080033684 (0x26558593) addi a1, a1, 613
x11 <- 0x6666666666666665
mem[X,0x0000000080033688] -> 0x0113
mem[X,0x000000008003368A] -> 0x0000
[8365] [M]: 0x0000000080033688 (0x00000113) addi sp, zero, 0
x2 <- 0x0000000000000000
mem[X,0x000000008003368C] -> 0x006F
mem[X,0x000000008003368E] -> 0x00C0
[8366] [M]: 0x000000008003368C (0x00C0006F) jal zero, 12
mem[X,0x0000000080033698] -> 0x1663
mem[X,0x000000008003369A] -> 0x00B5
[8367] [M]: 0x0000000080033698 (0x00B51663) bne a0, a1, 12
mem[X,0x00000000800336A4] -> 0x0113
mem[X,0x00000000800336A6] -> 0x0031
[8368] [M]: 0x00000000800336A4 (0x00310113) addi sp, sp, 3
x2 <- 0x0000000000000003
mem[X,0x00000000800336A8] -> 0x006F
mem[X,0x00000000800336AA] -> 0x0040
[8369] [M]: 0x00000000800336A8 (0x0040006F) jal zero, 4
mem[X,0x00000000800336AC] -> 0xB423
mem[X,0x00000000800336AE] -> 0x7820
[8370] [M]: 0x00000000800336AC (0x7820B423) sd sp, 1928(ra)
mem[0x0000000080046160] <- 0x0000000000000003
mem[X,0x00000000800336B0] -> 0x5537
mem[X,0x00000000800336B2] -> 0x5555
[8371] [M]: 0x00000000800336B0 (0x55555537) lui a0, 349525
x10 <- 0x0000000055555000
mem[X,0x00000000800336B4] -> 0x0513
mem[X,0x00000000800336B6] -> 0x5555
[8372] [M]: 0x00000000800336B4 (0x55550513) addi a0, a0, 1365
x10 <- 0x0000000055555555
mem[X,0x00000000800336B8] -> 0x1513
mem[X,0x00000000800336BA] -> 0x00B5
[8373] [M]: 0x00000000800336B8 (0x00B51513) slli a0, a0, 11
x10 <- 0x000002AAAAAAA800
mem[X,0x00000000800336BC] -> 0x0513
mem[X,0x00000000800336BE] -> 0x2AA5
[8374] [M]: 0x00000000800336BC (0x2AA50513) addi a0, a0, 682
x10 <- 0x000002AAAAAAAAAA
mem[X,0x00000000800336C0] -> 0x1513
mem[X,0x00000000800336C2] -> 0x00B5
[8375] [M]: 0x00000000800336C0 (0x00B51513) slli a0, a0, 11
x10 <- 0x0015555555555000
mem[X,0x00000000800336C4] -> 0x0513
mem[X,0x00000000800336C6] -> 0x5555
[8376] [M]: 0x00000000800336C4 (0x55550513) addi a0, a0, 1365
x10 <- 0x0015555555555555
mem[X,0x00000000800336C8] -> 0x1513
mem[X,0x00000000800336CA] -> 0x00A5
[8377] [M]: 0x00000000800336C8 (0x00A51513) slli a0, a0, 10
x10 <- 0x5555555555555400
mem[X,0x00000000800336CC] -> 0x0513
mem[X,0x00000000800336CE] -> 0x1565
[8378] [M]: 0x00000000800336CC (0x15650513) addi a0, a0, 342
x10 <- 0x5555555555555556
mem[X,0x00000000800336D0] -> 0x05B7
mem[X,0x00000000800336D2] -> 0x0000
[8379] [M]: 0x00000000800336D0 (0x000005B7) lui a1, 0
x11 <- 0x0000000000000000
mem[X,0x00000000800336D4] -> 0x8593
mem[X,0x00000000800336D6] -> 0x0005
[8380] [M]: 0x00000000800336D4 (0x00058593) addi a1, a1, 0
x11 <- 0x0000000000000000
mem[X,0x00000000800336D8] -> 0x9593
mem[X,0x00000000800336DA] -> 0x00B5
[8381] [M]: 0x00000000800336D8 (0x00B59593) slli a1, a1, 11
x11 <- 0x0000000000000000
mem[X,0x00000000800336DC] -> 0x8593
mem[X,0x00000000800336DE] -> 0x5A85
[8382] [M]: 0x00000000800336DC (0x5A858593) addi a1, a1, 1448
x11 <- 0x00000000000005A8
mem[X,0x00000000800336E0] -> 0x9593
mem[X,0x00000000800336E2] -> 0x00B5
[8383] [M]: 0x00000000800336E0 (0x00B59593) slli a1, a1, 11
x11 <- 0x00000000002D4000
mem[X,0x00000000800336E4] -> 0x8593
mem[X,0x00000000800336E6] -> 0x13C5
[8384] [M]: 0x00000000800336E4 (0x13C58593) addi a1, a1, 316
x11 <- 0x00000000002D413C
mem[X,0x00000000800336E8] -> 0x9593
mem[X,0x00000000800336EA] -> 0x00A5
[8385] [M]: 0x00000000800336E8 (0x00A59593) slli a1, a1, 10
x11 <- 0x00000000B504F000
mem[X,0x00000000800336EC] -> 0x8593
mem[X,0x00000000800336EE] -> 0x3325
[8386] [M]: 0x00000000800336EC (0x33258593) addi a1, a1, 818
x11 <- 0x00000000B504F332
mem[X,0x00000000800336F0] -> 0x0113
mem[X,0x00000000800336F2] -> 0x0000
[8387] [M]: 0x00000000800336F0 (0x00000113) addi sp, zero, 0
x2 <- 0x0000000000000000
mem[X,0x00000000800336F4] -> 0x006F
mem[X,0x00000000800336F6] -> 0x00C0
[8388] [M]: 0x00000000800336F4 (0x00C0006F) jal zero, 12
mem[X,0x0000000080033700] -> 0x1063
mem[X,0x0000000080033702] -> 0x02B5
[8389] [M]: 0x0000000080033700 (0x02B51063) bne a0, a1, 32
mem[X,0x0000000080033720] -> 0x0113
mem[X,0x0000000080033722] -> 0x0031
[8390] [M]: 0x0000000080033720 (0x00310113) addi sp, sp, 3
x2 <- 0x0000000000000003
mem[X,0x0000000080033724] -> 0x006F
mem[X,0x0000000080033726] -> 0x0040
[8391] [M]: 0x0000000080033724 (0x0040006F) jal zero, 4
mem[X,0x0000000080033728] -> 0xB823
mem[X,0x000000008003372A] -> 0x7820
[8392] [M]: 0x0000000080033728 (0x7820B823) sd sp, 1936(ra)
mem[0x0000000080046168] <- 0x0000000000000003
mem[X,0x000000008003372C] -> 0x5537
mem[X,0x000000008003372E] -> 0x5555
[8393] [M]: 0x000000008003372C (0x55555537) lui a0, 349525
x10 <- 0x0000000055555000
mem[X,0x0000000080033730] -> 0x0513
mem[X,0x0000000080033732] -> 0x5555
[8394] [M]: 0x0000000080033730 (0x55550513) addi a0, a0, 1365
x10 <- 0x0000000055555555
mem[X,0x0000000080033734] -> 0x1513
mem[X,0x0000000080033736] -> 0x00B5
[8395] [M]: 0x0000000080033734 (0x00B51513) slli a0, a0, 11
x10 <- 0x000002AAAAAAA800
mem[X,0x0000000080033738] -> 0x0513
mem[X,0x000000008003373A] -> 0x2AA5
[8396] [M]: 0x0000000080033738 (0x2AA50513) addi a0, a0, 682
x10 <- 0x000002AAAAAAAAAA
mem[X,0x000000008003373C] -> 0x1513
mem[X,0x000000008003373E] -> 0x00B5
[8397] [M]: 0x000000008003373C (0x00B51513) slli a0, a0, 11
x10 <- 0x0015555555555000
mem[X,0x0000000080033740] -> 0x0513
mem[X,0x0000000080033742] -> 0x5555
[8398] [M]: 0x0000000080033740 (0x55550513) addi a0, a0, 1365
x10 <- 0x0015555555555555
mem[X,0x0000000080033744] -> 0x1513
mem[X,0x0000000080033746] -> 0x00A5
[8399] [M]: 0x0000000080033744 (0x00A51513) slli a0, a0, 10
x10 <- 0x5555555555555400
clint::tick mtime <- 0x0000000000000054
 clint timer pending at mtime 0x0000000000000054
htif::tick 0x0000000000000000
mem[X,0x0000000080033748] -> 0x0513
mem[X,0x000000008003374A] -> 0x1565
[8400] [M]: 0x0000000080033748 (0x15650513) addi a0, a0, 342
x10 <- 0x5555555555555556
mem[X,0x000000008003374C] -> 0x55B7
mem[X,0x000000008003374E] -> 0x5555
[8401] [M]: 0x000000008003374C (0x555555B7) lui a1, 349525
x11 <- 0x0000000055555000
mem[X,0x0000000080033750] -> 0x8593
mem[X,0x0000000080033752] -> 0x5555
[8402] [M]: 0x0000000080033750 (0x55558593) addi a1, a1, 1365
x11 <- 0x0000000055555555
mem[X,0x0000000080033754] -> 0x9593
mem[X,0x0000000080033756] -> 0x00B5
[8403] [M]: 0x0000000080033754 (0x00B59593) slli a1, a1, 11
x11 <- 0x000002AAAAAAA800
mem[X,0x0000000080033758] -> 0x8593
mem[X,0x000000008003375A] -> 0x2AA5
[8404] [M]: 0x0000000080033758 (0x2AA58593) addi a1, a1, 682
x11 <- 0x000002AAAAAAAAAA
mem[X,0x000000008003375C] -> 0x9593
mem[X,0x000000008003375E] -> 0x00B5
[8405] [M]: 0x000000008003375C (0x00B59593) slli a1, a1, 11
x11 <- 0x0015555555555000
mem[X,0x0000000080033760] -> 0x8593
mem[X,0x0000000080033762] -> 0x5555
[8406] [M]: 0x0000000080033760 (0x55558593) addi a1, a1, 1365
x11 <- 0x0015555555555555
mem[X,0x0000000080033764] -> 0x9593
mem[X,0x0000000080033766] -> 0x00A5
[8407] [M]: 0x0000000080033764 (0x00A59593) slli a1, a1, 10
x11 <- 0x5555555555555400
mem[X,0x0000000080033768] -> 0x8593
mem[X,0x000000008003376A] -> 0x1565
[8408] [M]: 0x0000000080033768 (0x15658593) addi a1, a1, 342
x11 <- 0x5555555555555556
mem[X,0x000000008003376C] -> 0x0113
mem[X,0x000000008003376E] -> 0x0000
[8409] [M]: 0x000000008003376C (0x00000113) addi sp, zero, 0
x2 <- 0x0000000000000000
mem[X,0x0000000080033770] -> 0x006F
mem[X,0x0000000080033772] -> 0x00C0
[8410] [M]: 0x0000000080033770 (0x00C0006F) jal zero, 12
mem[X,0x000000008003377C] -> 0x1CE3
mem[X,0x000000008003377E] -> 0xFEB5
[8411] [M]: 0x000000008003377C (0xFEB51CE3) bne a0, a1, 8184
mem[X,0x0000000080033780] -> 0x0113
mem[X,0x0000000080033782] -> 0x0021
[8412] [M]: 0x0000000080033780 (0x00210113) addi sp, sp, 2
x2 <- 0x0000000000000002
mem[X,0x0000000080033784] -> 0x006F
mem[X,0x0000000080033786] -> 0x00C0
[8413] [M]: 0x0000000080033784 (0x00C0006F) jal zero, 12
mem[X,0x0000000080033790] -> 0xBC23
mem[X,0x0000000080033792] -> 0x7820
[8414] [M]: 0x0000000080033790 (0x7820BC23) sd sp, 1944(ra)
mem[0x0000000080046170] <- 0x0000000000000002
mem[X,0x0000000080033794] -> 0x5537
mem[X,0x0000000080033796] -> 0x5555
[8415] [M]: 0x0000000080033794 (0x55555537) lui a0, 349525
x10 <- 0x0000000055555000
mem[X,0x0000000080033798] -> 0x0513
mem[X,0x000000008003379A] -> 0x5555
[8416] [M]: 0x0000000080033798 (0x55550513) addi a0, a0, 1365
x10 <- 0x0000000055555555
mem[X,0x000000008003379C] -> 0x1513
mem[X,0x000000008003379E] -> 0x00B5
[8417] [M]: 0x000000008003379C (0x00B51513) slli a0, a0, 11
x10 <- 0x000002AAAAAAA800
mem[X,0x00000000800337A0] -> 0x0513
mem[X,0x00000000800337A2] -> 0x2AA5
[8418] [M]: 0x00000000800337A0 (0x2AA50513) addi a0, a0, 682
x10 <- 0x000002AAAAAAAAAA
mem[X,0x00000000800337A4] -> 0x1513
mem[X,0x00000000800337A6] -> 0x00B5
[8419] [M]: 0x00000000800337A4 (0x00B51513) slli a0, a0, 11
x10 <- 0x0015555555555000
mem[X,0x00000000800337A8] -> 0x0513
mem[X,0x00000000800337AA] -> 0x5555
[8420] [M]: 0x00000000800337A8 (0x55550513) addi a0, a0, 1365
x10 <- 0x0015555555555555
mem[X,0x00000000800337AC] -> 0x1513
mem[X,0x00000000800337AE] -> 0x00A5
[8421] [M]: 0x00000000800337AC (0x00A51513) slli a0, a0, 10
x10 <- 0x5555555555555400
mem[X,0x00000000800337B0] -> 0x0513
mem[X,0x00000000800337B2] -> 0x1565
[8422] [M]: 0x00000000800337B0 (0x15650513) addi a0, a0, 342
x10 <- 0x5555555555555556
mem[X,0x00000000800337B4] -> 0xB5B7
mem[X,0x00000000800337B6] -> 0xAAAA
[8423] [M]: 0x00000000800337B4 (0xAAAAB5B7) lui a1, 699051
x11 <- 0xFFFFFFFFAAAAB000
mem[X,0x00000000800337B8] -> 0x8593
mem[X,0x00000000800337BA] -> 0xAAA5
[8424] [M]: 0x00000000800337B8 (0xAAA58593) addi a1, a1, 2730
x11 <- 0xFFFFFFFFAAAAAAAA
mem[X,0x00000000800337BC] -> 0x9593
mem[X,0x00000000800337BE] -> 0x00B5
[8425] [M]: 0x00000000800337BC (0x00B59593) slli a1, a1, 11
x11 <- 0xFFFFFD5555555000
mem[X,0x00000000800337C0] -> 0x8593
mem[X,0x00000000800337C2] -> 0x5555
[8426] [M]: 0x00000000800337C0 (0x55558593) addi a1, a1, 1365
x11 <- 0xFFFFFD5555555555
mem[X,0x00000000800337C4] -> 0x9593
mem[X,0x00000000800337C6] -> 0x00B5
[8427] [M]: 0x00000000800337C4 (0x00B59593) slli a1, a1, 11
x11 <- 0xFFEAAAAAAAAAA800
mem[X,0x00000000800337C8] -> 0x8593
mem[X,0x00000000800337CA] -> 0x2AA5
[8428] [M]: 0x00000000800337C8 (0x2AA58593) addi a1, a1, 682
x11 <- 0xFFEAAAAAAAAAAAAA
mem[X,0x00000000800337CC] -> 0x9593
mem[X,0x00000000800337CE] -> 0x00A5
[8429] [M]: 0x00000000800337CC (0x00A59593) slli a1, a1, 10
x11 <- 0xAAAAAAAAAAAAA800
mem[X,0x00000000800337D0] -> 0x8593
mem[X,0x00000000800337D2] -> 0x2AB5
[8430] [M]: 0x00000000800337D0 (0x2AB58593) addi a1, a1, 683
x11 <- 0xAAAAAAAAAAAAAAAB
mem[X,0x00000000800337D4] -> 0x0113
mem[X,0x00000000800337D6] -> 0x0000
[8431] [M]: 0x00000000800337D4 (0x00000113) addi sp, zero, 0
x2 <- 0x0000000000000000
mem[X,0x00000000800337D8] -> 0x006F
mem[X,0x00000000800337DA] -> 0x0050
[8432] [M]: 0x00000000800337D8 (0x0050006F) jal zero, 2052
mem[X,0x0000000080033FDC] -> 0x10E3
mem[X,0x0000000080033FDE] -> 0x80B5
[8433] [M]: 0x0000000080033FDC (0x80B510E3) bne a0, a1, 6144
mem[X,0x00000000800337DC] -> 0x0113
mem[X,0x00000000800337DE] -> 0x0011
[8434] [M]: 0x00000000800337DC (0x00110113) addi sp, sp, 1
x2 <- 0x0000000000000001
mem[X,0x00000000800337E0] -> 0x006F
mem[X,0x00000000800337E2] -> 0x0110
[8435] [M]: 0x00000000800337E0 (0x0110006F) jal zero, 2064
mem[X,0x0000000080033FF0] -> 0xB023
mem[X,0x0000000080033FF2] -> 0x7A20
[8436] [M]: 0x0000000080033FF0 (0x7A20B023) sd sp, 1952(ra)
mem[0x0000000080046178] <- 0x0000000000000001
mem[X,0x0000000080033FF4] -> 0x5537
mem[X,0x0000000080033FF6] -> 0x5555
[8437] [M]: 0x0000000080033FF4 (0x55555537) lui a0, 349525
x10 <- 0x0000000055555000
mem[X,0x0000000080033FF8] -> 0x0513
mem[X,0x0000000080033FFA] -> 0x5555
[8438] [M]: 0x0000000080033FF8 (0x55550513) addi a0, a0, 1365
x10 <- 0x0000000055555555
mem[X,0x0000000080033FFC] -> 0x1513
mem[X,0x0000000080033FFE] -> 0x00B5
[8439] [M]: 0x0000000080033FFC (0x00B51513) slli a0, a0, 11
x10 <- 0x000002AAAAAAA800
mem[X,0x0000000080034000] -> 0x0513
mem[X,0x0000000080034002] -> 0x2AA5
[8440] [M]: 0x0000000080034000 (0x2AA50513) addi a0, a0, 682
x10 <- 0x000002AAAAAAAAAA
mem[X,0x0000000080034004] -> 0x1513
mem[X,0x0000000080034006] -> 0x00B5
[8441] [M]: 0x0000000080034004 (0x00B51513) slli a0, a0, 11
x10 <- 0x0015555555555000
mem[X,0x0000000080034008] -> 0x0513
mem[X,0x000000008003400A] -> 0x5555
[8442] [M]: 0x0000000080034008 (0x55550513) addi a0, a0, 1365
x10 <- 0x0015555555555555
mem[X,0x000000008003400C] -> 0x1513
mem[X,0x000000008003400E] -> 0x00A5
[8443] [M]: 0x000000008003400C (0x00A51513) slli a0, a0, 10
x10 <- 0x5555555555555400
mem[X,0x0000000080034010] -> 0x0513
mem[X,0x0000000080034012] -> 0x1565
[8444] [M]: 0x0000000080034010 (0x15650513) addi a0, a0, 342
x10 <- 0x5555555555555556
mem[X,0x0000000080034014] -> 0x0593
mem[X,0x0000000080034016] -> 0x0060
[8445] [M]: 0x0000000080034014 (0x00600593) addi a1, zero, 6
x11 <- 0x0000000000000006
mem[X,0x0000000080034018] -> 0x0113
mem[X,0x000000008003401A] -> 0x0000
[8446] [M]: 0x0000000080034018 (0x00000113) addi sp, zero, 0
x2 <- 0x0000000000000000
mem[X,0x000000008003401C] -> 0x006F
mem[X,0x000000008003401E] -> 0x2B10
[8447] [M]: 0x000000008003401C (0x2B10006F) jal zero, 2736
mem[X,0x0000000080034ACC] -> 0x1A63
mem[X,0x0000000080034ACE] -> 0xD4B5
[8448] [M]: 0x0000000080034ACC (0xD4B51A63) bne a0, a1, 5460
mem[X,0x0000000080034020] -> 0x0113
mem[X,0x0000000080034022] -> 0x0011
[8449] [M]: 0x0000000080034020 (0x00110113) addi sp, sp, 1
x2 <- 0x0000000000000001
mem[X,0x0000000080034024] -> 0x006F
mem[X,0x0000000080034026] -> 0x2BD0
[8450] [M]: 0x0000000080034024 (0x2BD0006F) jal zero, 2748
mem[X,0x0000000080034AE0] -> 0xB423
mem[X,0x0000000080034AE2] -> 0x7A20
[8451] [M]: 0x0000000080034AE0 (0x7A20B423) sd sp, 1960(ra)
mem[0x0000000080046180] <- 0x0000000000000001
mem[X,0x0000000080034AE4] -> 0x5537
mem[X,0x0000000080034AE6] -> 0x5555
[8452] [M]: 0x0000000080034AE4 (0x55555537) lui a0, 349525
x10 <- 0x0000000055555000
mem[X,0x0000000080034AE8] -> 0x0513
mem[X,0x0000000080034AEA] -> 0x5555
[8453] [M]: 0x0000000080034AE8 (0x55550513) addi a0, a0, 1365
x10 <- 0x0000000055555555
mem[X,0x0000000080034AEC] -> 0x1513
mem[X,0x0000000080034AEE] -> 0x00B5
[8454] [M]: 0x0000000080034AEC (0x00B51513) slli a0, a0, 11
x10 <- 0x000002AAAAAAA800
mem[X,0x0000000080034AF0] -> 0x0513
mem[X,0x0000000080034AF2] -> 0x2AA5
[8455] [M]: 0x0000000080034AF0 (0x2AA50513) addi a0, a0, 682
x10 <- 0x000002AAAAAAAAAA
mem[X,0x0000000080034AF4] -> 0x1513
mem[X,0x0000000080034AF6] -> 0x00B5
[8456] [M]: 0x0000000080034AF4 (0x00B51513) slli a0, a0, 11
x10 <- 0x0015555555555000
mem[X,0x0000000080034AF8] -> 0x0513
mem[X,0x0000000080034AFA] -> 0x5555
[8457] [M]: 0x0000000080034AF8 (0x55550513) addi a0, a0, 1365
x10 <- 0x0015555555555555
mem[X,0x0000000080034AFC] -> 0x1513
mem[X,0x0000000080034AFE] -> 0x00A5
[8458] [M]: 0x0000000080034AFC (0x00A51513) slli a0, a0, 10
x10 <- 0x5555555555555400
mem[X,0x0000000080034B00] -> 0x0513
mem[X,0x0000000080034B02] -> 0x1565
[8459] [M]: 0x0000000080034B00 (0x15650513) addi a0, a0, 342
x10 <- 0x5555555555555556
mem[X,0x0000000080034B04] -> 0x35B7
mem[X,0x0000000080034B06] -> 0x3333
[8460] [M]: 0x0000000080034B04 (0x333335B7) lui a1, 209715
x11 <- 0x0000000033333000
mem[X,0x0000000080034B08] -> 0x8593
mem[X,0x0000000080034B0A] -> 0x3335
[8461] [M]: 0x0000000080034B08 (0x33358593) addi a1, a1, 819
x11 <- 0x0000000033333333
mem[X,0x0000000080034B0C] -> 0x9593
mem[X,0x0000000080034B0E] -> 0x00B5
[8462] [M]: 0x0000000080034B0C (0x00B59593) slli a1, a1, 11
x11 <- 0x0000019999999800
mem[X,0x0000000080034B10] -> 0x8593
mem[X,0x0000000080034B12] -> 0x1995
[8463] [M]: 0x0000000080034B10 (0x19958593) addi a1, a1, 409
x11 <- 0x0000019999999999
mem[X,0x0000000080034B14] -> 0x9593
mem[X,0x0000000080034B16] -> 0x00B5
[8464] [M]: 0x0000000080034B14 (0x00B59593) slli a1, a1, 11
x11 <- 0x000CCCCCCCCCC800
mem[X,0x0000000080034B18] -> 0x8593
mem[X,0x0000000080034B1A] -> 0x4CC5
[8465] [M]: 0x0000000080034B18 (0x4CC58593) addi a1, a1, 1228
x11 <- 0x000CCCCCCCCCCCCC
mem[X,0x0000000080034B1C] -> 0x9593
mem[X,0x0000000080034B1E] -> 0x00A5
[8466] [M]: 0x0000000080034B1C (0x00A59593) slli a1, a1, 10
x11 <- 0x3333333333333000
mem[X,0x0000000080034B20] -> 0x8593
mem[X,0x0000000080034B22] -> 0x3345
[8467] [M]: 0x0000000080034B20 (0x33458593) addi a1, a1, 820
x11 <- 0x3333333333333334
mem[X,0x0000000080034B24] -> 0x0113
mem[X,0x0000000080034B26] -> 0x0000
[8468] [M]: 0x0000000080034B24 (0x00000113) addi sp, zero, 0
x2 <- 0x0000000000000000
mem[X,0x0000000080034B28] -> 0x006F
mem[X,0x0000000080034B2A] -> 0x00C0
[8469] [M]: 0x0000000080034B28 (0x00C0006F) jal zero, 12
mem[X,0x0000000080034B34] -> 0x1CE3
mem[X,0x0000000080034B36] -> 0xFEB5
[8470] [M]: 0x0000000080034B34 (0xFEB51CE3) bne a0, a1, 8184
mem[X,0x0000000080034B2C] -> 0x0113
mem[X,0x0000000080034B2E] -> 0x0011
[8471] [M]: 0x0000000080034B2C (0x00110113) addi sp, sp, 1
x2 <- 0x0000000000000001
mem[X,0x0000000080034B30] -> 0x006F
mem[X,0x0000000080034B32] -> 0x0180
[8472] [M]: 0x0000000080034B30 (0x0180006F) jal zero, 24
mem[X,0x0000000080034B48] -> 0xB823
mem[X,0x0000000080034B4A] -> 0x7A20
[8473] [M]: 0x0000000080034B48 (0x7A20B823) sd sp, 1968(ra)
mem[0x0000000080046188] <- 0x0000000000000001
mem[X,0x0000000080034B4C] -> 0x5537
mem[X,0x0000000080034B4E] -> 0x5555
[8474] [M]: 0x0000000080034B4C (0x55555537) lui a0, 349525
x10 <- 0x0000000055555000
mem[X,0x0000000080034B50] -> 0x0513
mem[X,0x0000000080034B52] -> 0x5555
[8475] [M]: 0x0000000080034B50 (0x55550513) addi a0, a0, 1365
x10 <- 0x0000000055555555
mem[X,0x0000000080034B54] -> 0x1513
mem[X,0x0000000080034B56] -> 0x00B5
[8476] [M]: 0x0000000080034B54 (0x00B51513) slli a0, a0, 11
x10 <- 0x000002AAAAAAA800
mem[X,0x0000000080034B58] -> 0x0513
mem[X,0x0000000080034B5A] -> 0x2AA5
[8477] [M]: 0x0000000080034B58 (0x2AA50513) addi a0, a0, 682
x10 <- 0x000002AAAAAAAAAA
mem[X,0x0000000080034B5C] -> 0x1513
mem[X,0x0000000080034B5E] -> 0x00B5
[8478] [M]: 0x0000000080034B5C (0x00B51513) slli a0, a0, 11
x10 <- 0x0015555555555000
mem[X,0x0000000080034B60] -> 0x0513
mem[X,0x0000000080034B62] -> 0x5555
[8479] [M]: 0x0000000080034B60 (0x55550513) addi a0, a0, 1365
x10 <- 0x0015555555555555
mem[X,0x0000000080034B64] -> 0x1513
mem[X,0x0000000080034B66] -> 0x00A5
[8480] [M]: 0x0000000080034B64 (0x00A51513) slli a0, a0, 10
x10 <- 0x5555555555555400
mem[X,0x0000000080034B68] -> 0x0513
mem[X,0x0000000080034B6A] -> 0x1565
[8481] [M]: 0x0000000080034B68 (0x15650513) addi a0, a0, 342
x10 <- 0x5555555555555556
mem[X,0x0000000080034B6C] -> 0x65B7
mem[X,0x0000000080034B6E] -> 0x6666
[8482] [M]: 0x0000000080034B6C (0x666665B7) lui a1, 419430
x11 <- 0x0000000066666000
mem[X,0x0000000080034B70] -> 0x8593
mem[X,0x0000000080034B72] -> 0x6665
[8483] [M]: 0x0000000080034B70 (0x66658593) addi a1, a1, 1638
x11 <- 0x0000000066666666
mem[X,0x0000000080034B74] -> 0x9593
mem[X,0x0000000080034B76] -> 0x00B5
[8484] [M]: 0x0000000080034B74 (0x00B59593) slli a1, a1, 11
x11 <- 0x0000033333333000
mem[X,0x0000000080034B78] -> 0x8593
mem[X,0x0000000080034B7A] -> 0x3335
[8485] [M]: 0x0000000080034B78 (0x33358593) addi a1, a1, 819
x11 <- 0x0000033333333333
mem[X,0x0000000080034B7C] -> 0x9593
mem[X,0x0000000080034B7E] -> 0x00B5
[8486] [M]: 0x0000000080034B7C (0x00B59593) slli a1, a1, 11
x11 <- 0x0019999999999800
mem[X,0x0000000080034B80] -> 0x8593
mem[X,0x0000000080034B82] -> 0x1995
[8487] [M]: 0x0000000080034B80 (0x19958593) addi a1, a1, 409
x11 <- 0x0019999999999999
mem[X,0x0000000080034B84] -> 0x9593
mem[X,0x0000000080034B86] -> 0x00A5
[8488] [M]: 0x0000000080034B84 (0x00A59593) slli a1, a1, 10
x11 <- 0x6666666666666400
mem[X,0x0000000080034B88] -> 0x8593
mem[X,0x0000000080034B8A] -> 0x2675
[8489] [M]: 0x0000000080034B88 (0x26758593) addi a1, a1, 615
x11 <- 0x6666666666666667
mem[X,0x0000000080034B8C] -> 0x0113
mem[X,0x0000000080034B8E] -> 0x0000
[8490] [M]: 0x0000000080034B8C (0x00000113) addi sp, zero, 0
x2 <- 0x0000000000000000
mem[X,0x0000000080034B90] -> 0x006F
mem[X,0x0000000080034B92] -> 0x00C0
[8491] [M]: 0x0000000080034B90 (0x00C0006F) jal zero, 12
mem[X,0x0000000080034B9C] -> 0x1663
mem[X,0x0000000080034B9E] -> 0x00B5
[8492] [M]: 0x0000000080034B9C (0x00B51663) bne a0, a1, 12
mem[X,0x0000000080034BA8] -> 0x0113
mem[X,0x0000000080034BAA] -> 0x0031
[8493] [M]: 0x0000000080034BA8 (0x00310113) addi sp, sp, 3
x2 <- 0x0000000000000003
mem[X,0x0000000080034BAC] -> 0x006F
mem[X,0x0000000080034BAE] -> 0x0040
[8494] [M]: 0x0000000080034BAC (0x0040006F) jal zero, 4
mem[X,0x0000000080034BB0] -> 0xBC23
mem[X,0x0000000080034BB2] -> 0x7A20
[8495] [M]: 0x0000000080034BB0 (0x7A20BC23) sd sp, 1976(ra)
mem[0x0000000080046190] <- 0x0000000000000003
mem[X,0x0000000080034BB4] -> 0x5537
mem[X,0x0000000080034BB6] -> 0x5555
[8496] [M]: 0x0000000080034BB4 (0x55555537) lui a0, 349525
x10 <- 0x0000000055555000
mem[X,0x0000000080034BB8] -> 0x0513
mem[X,0x0000000080034BBA] -> 0x5555
[8497] [M]: 0x0000000080034BB8 (0x55550513) addi a0, a0, 1365
x10 <- 0x0000000055555555
mem[X,0x0000000080034BBC] -> 0x1513
mem[X,0x0000000080034BBE] -> 0x00B5
[8498] [M]: 0x0000000080034BBC (0x00B51513) slli a0, a0, 11
x10 <- 0x000002AAAAAAA800
mem[X,0x0000000080034BC0] -> 0x0513
mem[X,0x0000000080034BC2] -> 0x2AA5
[8499] [M]: 0x0000000080034BC0 (0x2AA50513) addi a0, a0, 682
x10 <- 0x000002AAAAAAAAAA
clint::tick mtime <- 0x0000000000000055
 clint timer pending at mtime 0x0000000000000055
htif::tick 0x0000000000000000
mem[X,0x0000000080034BC4] -> 0x1513
mem[X,0x0000000080034BC6] -> 0x00B5
[8500] [M]: 0x0000000080034BC4 (0x00B51513) slli a0, a0, 11
x10 <- 0x0015555555555000
mem[X,0x0000000080034BC8] -> 0x0513
mem[X,0x0000000080034BCA] -> 0x5555
[8501] [M]: 0x0000000080034BC8 (0x55550513) addi a0, a0, 1365
x10 <- 0x0015555555555555
mem[X,0x0000000080034BCC] -> 0x1513
mem[X,0x0000000080034BCE] -> 0x00A5
[8502] [M]: 0x0000000080034BCC (0x00A51513) slli a0, a0, 10
x10 <- 0x5555555555555400
mem[X,0x0000000080034BD0] -> 0x0513
mem[X,0x0000000080034BD2] -> 0x1565
[8503] [M]: 0x0000000080034BD0 (0x15650513) addi a0, a0, 342
x10 <- 0x5555555555555556
mem[X,0x0000000080034BD4] -> 0x05B7
mem[X,0x0000000080034BD6] -> 0x0000
[8504] [M]: 0x0000000080034BD4 (0x000005B7) lui a1, 0
x11 <- 0x0000000000000000
mem[X,0x0000000080034BD8] -> 0x8593
mem[X,0x0000000080034BDA] -> 0xFFF5
[8505] [M]: 0x0000000080034BD8 (0xFFF58593) addi a1, a1, 4095
x11 <- 0xFFFFFFFFFFFFFFFF
mem[X,0x0000000080034BDC] -> 0x9593
mem[X,0x0000000080034BDE] -> 0x00B5
[8506] [M]: 0x0000000080034BDC (0x00B59593) slli a1, a1, 11
x11 <- 0xFFFFFFFFFFFFF800
mem[X,0x0000000080034BE0] -> 0x8593
mem[X,0x0000000080034BE2] -> 0x2575
[8507] [M]: 0x0000000080034BE0 (0x25758593) addi a1, a1, 599
x11 <- 0xFFFFFFFFFFFFFA57
mem[X,0x0000000080034BE4] -> 0x9593
mem[X,0x0000000080034BE6] -> 0x00B5
[8508] [M]: 0x0000000080034BE4 (0x00B59593) slli a1, a1, 11
x11 <- 0xFFFFFFFFFFD2B800
mem[X,0x0000000080034BE8] -> 0x8593
mem[X,0x0000000080034BEA] -> 0x6C35
[8509] [M]: 0x0000000080034BE8 (0x6C358593) addi a1, a1, 1731
x11 <- 0xFFFFFFFFFFD2BEC3
mem[X,0x0000000080034BEC] -> 0x9593
mem[X,0x0000000080034BEE] -> 0x00A5
[8510] [M]: 0x0000000080034BEC (0x00A59593) slli a1, a1, 10
x11 <- 0xFFFFFFFF4AFB0C00
mem[X,0x0000000080034BF0] -> 0x8593
mem[X,0x0000000080034BF2] -> 0x0CE5
[8511] [M]: 0x0000000080034BF0 (0x0CE58593) addi a1, a1, 206
x11 <- 0xFFFFFFFF4AFB0CCE
mem[X,0x0000000080034BF4] -> 0x0113
mem[X,0x0000000080034BF6] -> 0x0000
[8512] [M]: 0x0000000080034BF4 (0x00000113) addi sp, zero, 0
x2 <- 0x0000000000000000
mem[X,0x0000000080034BF8] -> 0x006F
mem[X,0x0000000080034BFA] -> 0x00C0
[8513] [M]: 0x0000000080034BF8 (0x00C0006F) jal zero, 12
mem[X,0x0000000080034C04] -> 0x1663
mem[X,0x0000000080034C06] -> 0x00B5
[8514] [M]: 0x0000000080034C04 (0x00B51663) bne a0, a1, 12
mem[X,0x0000000080034C10] -> 0x0113
mem[X,0x0000000080034C12] -> 0x0031
[8515] [M]: 0x0000000080034C10 (0x00310113) addi sp, sp, 3
x2 <- 0x0000000000000003
mem[X,0x0000000080034C14] -> 0x006F
mem[X,0x0000000080034C16] -> 0x0040
[8516] [M]: 0x0000000080034C14 (0x0040006F) jal zero, 4
mem[X,0x0000000080034C18] -> 0xB023
mem[X,0x0000000080034C1A] -> 0x7C20
[8517] [M]: 0x0000000080034C18 (0x7C20B023) sd sp, 1984(ra)
mem[0x0000000080046198] <- 0x0000000000000003
mem[X,0x0000000080034C1C] -> 0x5537
mem[X,0x0000000080034C1E] -> 0x5555
[8518] [M]: 0x0000000080034C1C (0x55555537) lui a0, 349525
x10 <- 0x0000000055555000
mem[X,0x0000000080034C20] -> 0x0513
mem[X,0x0000000080034C22] -> 0x5555
[8519] [M]: 0x0000000080034C20 (0x55550513) addi a0, a0, 1365
x10 <- 0x0000000055555555
mem[X,0x0000000080034C24] -> 0x1513
mem[X,0x0000000080034C26] -> 0x00B5
[8520] [M]: 0x0000000080034C24 (0x00B51513) slli a0, a0, 11
x10 <- 0x000002AAAAAAA800
mem[X,0x0000000080034C28] -> 0x0513
mem[X,0x0000000080034C2A] -> 0x2AA5
[8521] [M]: 0x0000000080034C28 (0x2AA50513) addi a0, a0, 682
x10 <- 0x000002AAAAAAAAAA
mem[X,0x0000000080034C2C] -> 0x1513
mem[X,0x0000000080034C2E] -> 0x00B5
[8522] [M]: 0x0000000080034C2C (0x00B51513) slli a0, a0, 11
x10 <- 0x0015555555555000
mem[X,0x0000000080034C30] -> 0x0513
mem[X,0x0000000080034C32] -> 0x5555
[8523] [M]: 0x0000000080034C30 (0x55550513) addi a0, a0, 1365
x10 <- 0x0015555555555555
mem[X,0x0000000080034C34] -> 0x1513
mem[X,0x0000000080034C36] -> 0x00A5
[8524] [M]: 0x0000000080034C34 (0x00A51513) slli a0, a0, 10
x10 <- 0x5555555555555400
mem[X,0x0000000080034C38] -> 0x0513
mem[X,0x0000000080034C3A] -> 0x1565
[8525] [M]: 0x0000000080034C38 (0x15650513) addi a0, a0, 342
x10 <- 0x5555555555555556
mem[X,0x0000000080034C3C] -> 0x05B7
mem[X,0x0000000080034C3E] -> 0x0000
[8526] [M]: 0x0000000080034C3C (0x000005B7) lui a1, 0
x11 <- 0x0000000000000000
mem[X,0x0000000080034C40] -> 0x8593
mem[X,0x0000000080034C42] -> 0x0005
[8527] [M]: 0x0000000080034C40 (0x00058593) addi a1, a1, 0
x11 <- 0x0000000000000000
mem[X,0x0000000080034C44] -> 0x9593
mem[X,0x0000000080034C46] -> 0x00B5
[8528] [M]: 0x0000000080034C44 (0x00B59593) slli a1, a1, 11
x11 <- 0x0000000000000000
mem[X,0x0000000080034C48] -> 0x8593
mem[X,0x0000000080034C4A] -> 0x5A85
[8529] [M]: 0x0000000080034C48 (0x5A858593) addi a1, a1, 1448
x11 <- 0x00000000000005A8
mem[X,0x0000000080034C4C] -> 0x9593
mem[X,0x0000000080034C4E] -> 0x00B5
[8530] [M]: 0x0000000080034C4C (0x00B59593) slli a1, a1, 11
x11 <- 0x00000000002D4000
mem[X,0x0000000080034C50] -> 0x8593
mem[X,0x0000000080034C52] -> 0x13C5
[8531] [M]: 0x0000000080034C50 (0x13C58593) addi a1, a1, 316
x11 <- 0x00000000002D413C
mem[X,0x0000000080034C54] -> 0x9593
mem[X,0x0000000080034C56] -> 0x00A5
[8532] [M]: 0x0000000080034C54 (0x00A59593) slli a1, a1, 10
x11 <- 0x00000000B504F000
mem[X,0x0000000080034C58] -> 0x8593
mem[X,0x0000000080034C5A] -> 0x3345
[8533] [M]: 0x0000000080034C58 (0x33458593) addi a1, a1, 820
x11 <- 0x00000000B504F334
mem[X,0x0000000080034C5C] -> 0x0113
mem[X,0x0000000080034C5E] -> 0x0000
[8534] [M]: 0x0000000080034C5C (0x00000113) addi sp, zero, 0
x2 <- 0x0000000000000000
mem[X,0x0000000080034C60] -> 0x006F
mem[X,0x0000000080034C62] -> 0x00C0
[8535] [M]: 0x0000000080034C60 (0x00C0006F) jal zero, 12
mem[X,0x0000000080034C6C] -> 0x1663
mem[X,0x0000000080034C6E] -> 0x00B5
[8536] [M]: 0x0000000080034C6C (0x00B51663) bne a0, a1, 12
mem[X,0x0000000080034C78] -> 0x0113
mem[X,0x0000000080034C7A] -> 0x0031
[8537] [M]: 0x0000000080034C78 (0x00310113) addi sp, sp, 3
x2 <- 0x0000000000000003
mem[X,0x0000000080034C7C] -> 0x006F
mem[X,0x0000000080034C7E] -> 0x0040
[8538] [M]: 0x0000000080034C7C (0x0040006F) jal zero, 4
mem[X,0x0000000080034C80] -> 0xB423
mem[X,0x0000000080034C82] -> 0x7C20
[8539] [M]: 0x0000000080034C80 (0x7C20B423) sd sp, 1992(ra)
mem[0x00000000800461A0] <- 0x0000000000000003
mem[X,0x0000000080034C84] -> 0xB537
mem[X,0x0000000080034C86] -> 0xAAAA
[8540] [M]: 0x0000000080034C84 (0xAAAAB537) lui a0, 699051
x10 <- 0xFFFFFFFFAAAAB000
mem[X,0x0000000080034C88] -> 0x0513
mem[X,0x0000000080034C8A] -> 0xAAA5
[8541] [M]: 0x0000000080034C88 (0xAAA50513) addi a0, a0, 2730
x10 <- 0xFFFFFFFFAAAAAAAA
mem[X,0x0000000080034C8C] -> 0x1513
mem[X,0x0000000080034C8E] -> 0x00B5
[8542] [M]: 0x0000000080034C8C (0x00B51513) slli a0, a0, 11
x10 <- 0xFFFFFD5555555000
mem[X,0x0000000080034C90] -> 0x0513
mem[X,0x0000000080034C92] -> 0x5555
[8543] [M]: 0x0000000080034C90 (0x55550513) addi a0, a0, 1365
x10 <- 0xFFFFFD5555555555
mem[X,0x0000000080034C94] -> 0x1513
mem[X,0x0000000080034C96] -> 0x00B5
[8544] [M]: 0x0000000080034C94 (0x00B51513) slli a0, a0, 11
x10 <- 0xFFEAAAAAAAAAA800
mem[X,0x0000000080034C98] -> 0x0513
mem[X,0x0000000080034C9A] -> 0x2AA5
[8545] [M]: 0x0000000080034C98 (0x2AA50513) addi a0, a0, 682
x10 <- 0xFFEAAAAAAAAAAAAA
mem[X,0x0000000080034C9C] -> 0x1513
mem[X,0x0000000080034C9E] -> 0x00A5
[8546] [M]: 0x0000000080034C9C (0x00A51513) slli a0, a0, 10
x10 <- 0xAAAAAAAAAAAAA800
mem[X,0x0000000080034CA0] -> 0x0513
mem[X,0x0000000080034CA2] -> 0x2AB5
[8547] [M]: 0x0000000080034CA0 (0x2AB50513) addi a0, a0, 683
x10 <- 0xAAAAAAAAAAAAAAAB
mem[X,0x0000000080034CA4] -> 0x0593
mem[X,0x0000000080034CA6] -> 0x0030
[8548] [M]: 0x0000000080034CA4 (0x00300593) addi a1, zero, 3
x11 <- 0x0000000000000003
mem[X,0x0000000080034CA8] -> 0x0113
mem[X,0x0000000080034CAA] -> 0x0000
[8549] [M]: 0x0000000080034CA8 (0x00000113) addi sp, zero, 0
x2 <- 0x0000000000000000
mem[X,0x0000000080034CAC] -> 0x006F
mem[X,0x0000000080034CAE] -> 0x00C0
[8550] [M]: 0x0000000080034CAC (0x00C0006F) jal zero, 12
mem[X,0x0000000080034CB8] -> 0x1663
mem[X,0x0000000080034CBA] -> 0x00B5
[8551] [M]: 0x0000000080034CB8 (0x00B51663) bne a0, a1, 12
mem[X,0x0000000080034CC4] -> 0x0113
mem[X,0x0000000080034CC6] -> 0x0031
[8552] [M]: 0x0000000080034CC4 (0x00310113) addi sp, sp, 3
x2 <- 0x0000000000000003
mem[X,0x0000000080034CC8] -> 0x006F
mem[X,0x0000000080034CCA] -> 0x0040
[8553] [M]: 0x0000000080034CC8 (0x0040006F) jal zero, 4
mem[X,0x0000000080034CCC] -> 0xB823
mem[X,0x0000000080034CCE] -> 0x7C20
[8554] [M]: 0x0000000080034CCC (0x7C20B823) sd sp, 2000(ra)
mem[0x00000000800461A8] <- 0x0000000000000003
mem[X,0x0000000080034CD0] -> 0xB537
mem[X,0x0000000080034CD2] -> 0xAAAA
[8555] [M]: 0x0000000080034CD0 (0xAAAAB537) lui a0, 699051
x10 <- 0xFFFFFFFFAAAAB000
mem[X,0x0000000080034CD4] -> 0x0513
mem[X,0x0000000080034CD6] -> 0xAAA5
[8556] [M]: 0x0000000080034CD4 (0xAAA50513) addi a0, a0, 2730
x10 <- 0xFFFFFFFFAAAAAAAA
mem[X,0x0000000080034CD8] -> 0x1513
mem[X,0x0000000080034CDA] -> 0x00B5
[8557] [M]: 0x0000000080034CD8 (0x00B51513) slli a0, a0, 11
x10 <- 0xFFFFFD5555555000
mem[X,0x0000000080034CDC] -> 0x0513
mem[X,0x0000000080034CDE] -> 0x5555
[8558] [M]: 0x0000000080034CDC (0x55550513) addi a0, a0, 1365
x10 <- 0xFFFFFD5555555555
mem[X,0x0000000080034CE0] -> 0x1513
mem[X,0x0000000080034CE2] -> 0x00B5
[8559] [M]: 0x0000000080034CE0 (0x00B51513) slli a0, a0, 11
x10 <- 0xFFEAAAAAAAAAA800
mem[X,0x0000000080034CE4] -> 0x0513
mem[X,0x0000000080034CE6] -> 0x2AA5
[8560] [M]: 0x0000000080034CE4 (0x2AA50513) addi a0, a0, 682
x10 <- 0xFFEAAAAAAAAAAAAA
mem[X,0x0000000080034CE8] -> 0x1513
mem[X,0x0000000080034CEA] -> 0x00A5
[8561] [M]: 0x0000000080034CE8 (0x00A51513) slli a0, a0, 10
x10 <- 0xAAAAAAAAAAAAA800
mem[X,0x0000000080034CEC] -> 0x0513
mem[X,0x0000000080034CEE] -> 0x2AB5
[8562] [M]: 0x0000000080034CEC (0x2AB50513) addi a0, a0, 683
x10 <- 0xAAAAAAAAAAAAAAAB
mem[X,0x0000000080034CF0] -> 0x55B7
mem[X,0x0000000080034CF2] -> 0x5555
[8563] [M]: 0x0000000080034CF0 (0x555555B7) lui a1, 349525
x11 <- 0x0000000055555000
mem[X,0x0000000080034CF4] -> 0x8593
mem[X,0x0000000080034CF6] -> 0x5555
[8564] [M]: 0x0000000080034CF4 (0x55558593) addi a1, a1, 1365
x11 <- 0x0000000055555555
mem[X,0x0000000080034CF8] -> 0x9593
mem[X,0x0000000080034CFA] -> 0x00B5
[8565] [M]: 0x0000000080034CF8 (0x00B59593) slli a1, a1, 11
x11 <- 0x000002AAAAAAA800
mem[X,0x0000000080034CFC] -> 0x8593
mem[X,0x0000000080034CFE] -> 0x2AA5
[8566] [M]: 0x0000000080034CFC (0x2AA58593) addi a1, a1, 682
x11 <- 0x000002AAAAAAAAAA
mem[X,0x0000000080034D00] -> 0x9593
mem[X,0x0000000080034D02] -> 0x00B5
[8567] [M]: 0x0000000080034D00 (0x00B59593) slli a1, a1, 11
x11 <- 0x0015555555555000
mem[X,0x0000000080034D04] -> 0x8593
mem[X,0x0000000080034D06] -> 0x5555
[8568] [M]: 0x0000000080034D04 (0x55558593) addi a1, a1, 1365
x11 <- 0x0015555555555555
mem[X,0x0000000080034D08] -> 0x9593
mem[X,0x0000000080034D0A] -> 0x00A5
[8569] [M]: 0x0000000080034D08 (0x00A59593) slli a1, a1, 10
x11 <- 0x5555555555555400
mem[X,0x0000000080034D0C] -> 0x8593
mem[X,0x0000000080034D0E] -> 0x1555
[8570] [M]: 0x0000000080034D0C (0x15558593) addi a1, a1, 341
x11 <- 0x5555555555555555
mem[X,0x0000000080034D10] -> 0x0113
mem[X,0x0000000080034D12] -> 0x0000
[8571] [M]: 0x0000000080034D10 (0x00000113) addi sp, zero, 0
x2 <- 0x0000000000000000
mem[X,0x0000000080034D14] -> 0x006F
mem[X,0x0000000080034D16] -> 0x00C0
[8572] [M]: 0x0000000080034D14 (0x00C0006F) jal zero, 12
mem[X,0x0000000080034D20] -> 0x1663
mem[X,0x0000000080034D22] -> 0x00B5
[8573] [M]: 0x0000000080034D20 (0x00B51663) bne a0, a1, 12
mem[X,0x0000000080034D2C] -> 0x0113
mem[X,0x0000000080034D2E] -> 0x0031
[8574] [M]: 0x0000000080034D2C (0x00310113) addi sp, sp, 3
x2 <- 0x0000000000000003
mem[X,0x0000000080034D30] -> 0x006F
mem[X,0x0000000080034D32] -> 0x0040
[8575] [M]: 0x0000000080034D30 (0x0040006F) jal zero, 4
mem[X,0x0000000080034D34] -> 0xBC23
mem[X,0x0000000080034D36] -> 0x7C20
[8576] [M]: 0x0000000080034D34 (0x7C20BC23) sd sp, 2008(ra)
mem[0x00000000800461B0] <- 0x0000000000000003
mem[X,0x0000000080034D38] -> 0xB537
mem[X,0x0000000080034D3A] -> 0xAAAA
[8577] [M]: 0x0000000080034D38 (0xAAAAB537) lui a0, 699051
x10 <- 0xFFFFFFFFAAAAB000
mem[X,0x0000000080034D3C] -> 0x0513
mem[X,0x0000000080034D3E] -> 0xAAA5
[8578] [M]: 0x0000000080034D3C (0xAAA50513) addi a0, a0, 2730
x10 <- 0xFFFFFFFFAAAAAAAA
mem[X,0x0000000080034D40] -> 0x1513
mem[X,0x0000000080034D42] -> 0x00B5
[8579] [M]: 0x0000000080034D40 (0x00B51513) slli a0, a0, 11
x10 <- 0xFFFFFD5555555000
mem[X,0x0000000080034D44] -> 0x0513
mem[X,0x0000000080034D46] -> 0x5555
[8580] [M]: 0x0000000080034D44 (0x55550513) addi a0, a0, 1365
x10 <- 0xFFFFFD5555555555
mem[X,0x0000000080034D48] -> 0x1513
mem[X,0x0000000080034D4A] -> 0x00B5
[8581] [M]: 0x0000000080034D48 (0x00B51513) slli a0, a0, 11
x10 <- 0xFFEAAAAAAAAAA800
mem[X,0x0000000080034D4C] -> 0x0513
mem[X,0x0000000080034D4E] -> 0x2AA5
[8582] [M]: 0x0000000080034D4C (0x2AA50513) addi a0, a0, 682
x10 <- 0xFFEAAAAAAAAAAAAA
mem[X,0x0000000080034D50] -> 0x1513
mem[X,0x0000000080034D52] -> 0x00A5
[8583] [M]: 0x0000000080034D50 (0x00A51513) slli a0, a0, 10
x10 <- 0xAAAAAAAAAAAAA800
mem[X,0x0000000080034D54] -> 0x0513
mem[X,0x0000000080034D56] -> 0x2AB5
[8584] [M]: 0x0000000080034D54 (0x2AB50513) addi a0, a0, 683
x10 <- 0xAAAAAAAAAAAAAAAB
mem[X,0x0000000080034D58] -> 0xB5B7
mem[X,0x0000000080034D5A] -> 0xAAAA
[8585] [M]: 0x0000000080034D58 (0xAAAAB5B7) lui a1, 699051
x11 <- 0xFFFFFFFFAAAAB000
mem[X,0x0000000080034D5C] -> 0x8593
mem[X,0x0000000080034D5E] -> 0xAAA5
[8586] [M]: 0x0000000080034D5C (0xAAA58593) addi a1, a1, 2730
x11 <- 0xFFFFFFFFAAAAAAAA
mem[X,0x0000000080034D60] -> 0x9593
mem[X,0x0000000080034D62] -> 0x00B5
[8587] [M]: 0x0000000080034D60 (0x00B59593) slli a1, a1, 11
x11 <- 0xFFFFFD5555555000
mem[X,0x0000000080034D64] -> 0x8593
mem[X,0x0000000080034D66] -> 0x5555
[8588] [M]: 0x0000000080034D64 (0x55558593) addi a1, a1, 1365
x11 <- 0xFFFFFD5555555555
mem[X,0x0000000080034D68] -> 0x9593
mem[X,0x0000000080034D6A] -> 0x00B5
[8589] [M]: 0x0000000080034D68 (0x00B59593) slli a1, a1, 11
x11 <- 0xFFEAAAAAAAAAA800
mem[X,0x0000000080034D6C] -> 0x8593
mem[X,0x0000000080034D6E] -> 0x2AA5
[8590] [M]: 0x0000000080034D6C (0x2AA58593) addi a1, a1, 682
x11 <- 0xFFEAAAAAAAAAAAAA
mem[X,0x0000000080034D70] -> 0x9593
mem[X,0x0000000080034D72] -> 0x00A5
[8591] [M]: 0x0000000080034D70 (0x00A59593) slli a1, a1, 10
x11 <- 0xAAAAAAAAAAAAA800
mem[X,0x0000000080034D74] -> 0x8593
mem[X,0x0000000080034D76] -> 0x2AA5
[8592] [M]: 0x0000000080034D74 (0x2AA58593) addi a1, a1, 682
x11 <- 0xAAAAAAAAAAAAAAAA
mem[X,0x0000000080034D78] -> 0x0113
mem[X,0x0000000080034D7A] -> 0x0000
[8593] [M]: 0x0000000080034D78 (0x00000113) addi sp, zero, 0
x2 <- 0x0000000000000000
mem[X,0x0000000080034D7C] -> 0x006F
mem[X,0x0000000080034D7E] -> 0x00C0
[8594] [M]: 0x0000000080034D7C (0x00C0006F) jal zero, 12
mem[X,0x0000000080034D88] -> 0x1063
mem[X,0x0000000080034D8A] -> 0x08B5
[8595] [M]: 0x0000000080034D88 (0x08B51063) bne a0, a1, 128
mem[X,0x0000000080034E08] -> 0x0113
mem[X,0x0000000080034E0A] -> 0x0031
[8596] [M]: 0x0000000080034E08 (0x00310113) addi sp, sp, 3
x2 <- 0x0000000000000003
mem[X,0x0000000080034E0C] -> 0x006F
mem[X,0x0000000080034E0E] -> 0x0040
[8597] [M]: 0x0000000080034E0C (0x0040006F) jal zero, 4
mem[X,0x0000000080034E10] -> 0xB023
mem[X,0x0000000080034E12] -> 0x7E20
[8598] [M]: 0x0000000080034E10 (0x7E20B023) sd sp, 2016(ra)
mem[0x00000000800461B8] <- 0x0000000000000003
mem[X,0x0000000080034E14] -> 0xB537
mem[X,0x0000000080034E16] -> 0xAAAA
[8599] [M]: 0x0000000080034E14 (0xAAAAB537) lui a0, 699051
x10 <- 0xFFFFFFFFAAAAB000
clint::tick mtime <- 0x0000000000000056
 clint timer pending at mtime 0x0000000000000056
htif::tick 0x0000000000000000
mem[X,0x0000000080034E18] -> 0x0513
mem[X,0x0000000080034E1A] -> 0xAAA5
[8600] [M]: 0x0000000080034E18 (0xAAA50513) addi a0, a0, 2730
x10 <- 0xFFFFFFFFAAAAAAAA
mem[X,0x0000000080034E1C] -> 0x1513
mem[X,0x0000000080034E1E] -> 0x00B5
[8601] [M]: 0x0000000080034E1C (0x00B51513) slli a0, a0, 11
x10 <- 0xFFFFFD5555555000
mem[X,0x0000000080034E20] -> 0x0513
mem[X,0x0000000080034E22] -> 0x5555
[8602] [M]: 0x0000000080034E20 (0x55550513) addi a0, a0, 1365
x10 <- 0xFFFFFD5555555555
mem[X,0x0000000080034E24] -> 0x1513
mem[X,0x0000000080034E26] -> 0x00B5
[8603] [M]: 0x0000000080034E24 (0x00B51513) slli a0, a0, 11
x10 <- 0xFFEAAAAAAAAAA800
mem[X,0x0000000080034E28] -> 0x0513
mem[X,0x0000000080034E2A] -> 0x2AA5
[8604] [M]: 0x0000000080034E28 (0x2AA50513) addi a0, a0, 682
x10 <- 0xFFEAAAAAAAAAAAAA
mem[X,0x0000000080034E2C] -> 0x1513
mem[X,0x0000000080034E2E] -> 0x00A5
[8605] [M]: 0x0000000080034E2C (0x00A51513) slli a0, a0, 10
x10 <- 0xAAAAAAAAAAAAA800
mem[X,0x0000000080034E30] -> 0x0513
mem[X,0x0000000080034E32] -> 0x2AB5
[8606] [M]: 0x0000000080034E30 (0x2AB50513) addi a0, a0, 683
x10 <- 0xAAAAAAAAAAAAAAAB
mem[X,0x0000000080034E34] -> 0x0593
mem[X,0x0000000080034E36] -> 0x0050
[8607] [M]: 0x0000000080034E34 (0x00500593) addi a1, zero, 5
x11 <- 0x0000000000000005
mem[X,0x0000000080034E38] -> 0x0113
mem[X,0x0000000080034E3A] -> 0x0000
[8608] [M]: 0x0000000080034E38 (0x00000113) addi sp, zero, 0
x2 <- 0x0000000000000000
mem[X,0x0000000080034E3C] -> 0x006F
mem[X,0x0000000080034E3E] -> 0x2B10
[8609] [M]: 0x0000000080034E3C (0x2B10006F) jal zero, 2736
mem[X,0x00000000800358EC] -> 0x1A63
mem[X,0x00000000800358EE] -> 0xD4B5
[8610] [M]: 0x00000000800358EC (0xD4B51A63) bne a0, a1, 5460
mem[X,0x0000000080034E40] -> 0x0113
mem[X,0x0000000080034E42] -> 0x0011
[8611] [M]: 0x0000000080034E40 (0x00110113) addi sp, sp, 1
x2 <- 0x0000000000000001
mem[X,0x0000000080034E44] -> 0x006F
mem[X,0x0000000080034E46] -> 0x2BD0
[8612] [M]: 0x0000000080034E44 (0x2BD0006F) jal zero, 2748
mem[X,0x0000000080035900] -> 0xB423
mem[X,0x0000000080035902] -> 0x7E20
[8613] [M]: 0x0000000080035900 (0x7E20B423) sd sp, 2024(ra)
mem[0x00000000800461C0] <- 0x0000000000000001
mem[X,0x0000000080035904] -> 0xB537
mem[X,0x0000000080035906] -> 0xAAAA
[8614] [M]: 0x0000000080035904 (0xAAAAB537) lui a0, 699051
x10 <- 0xFFFFFFFFAAAAB000
mem[X,0x0000000080035908] -> 0x0513
mem[X,0x000000008003590A] -> 0xAAA5
[8615] [M]: 0x0000000080035908 (0xAAA50513) addi a0, a0, 2730
x10 <- 0xFFFFFFFFAAAAAAAA
mem[X,0x000000008003590C] -> 0x1513
mem[X,0x000000008003590E] -> 0x00B5
[8616] [M]: 0x000000008003590C (0x00B51513) slli a0, a0, 11
x10 <- 0xFFFFFD5555555000
mem[X,0x0000000080035910] -> 0x0513
mem[X,0x0000000080035912] -> 0x5555
[8617] [M]: 0x0000000080035910 (0x55550513) addi a0, a0, 1365
x10 <- 0xFFFFFD5555555555
mem[X,0x0000000080035914] -> 0x1513
mem[X,0x0000000080035916] -> 0x00B5
[8618] [M]: 0x0000000080035914 (0x00B51513) slli a0, a0, 11
x10 <- 0xFFEAAAAAAAAAA800
mem[X,0x0000000080035918] -> 0x0513
mem[X,0x000000008003591A] -> 0x2AA5
[8619] [M]: 0x0000000080035918 (0x2AA50513) addi a0, a0, 682
x10 <- 0xFFEAAAAAAAAAAAAA
mem[X,0x000000008003591C] -> 0x1513
mem[X,0x000000008003591E] -> 0x00A5
[8620] [M]: 0x000000008003591C (0x00A51513) slli a0, a0, 10
x10 <- 0xAAAAAAAAAAAAA800
mem[X,0x0000000080035920] -> 0x0513
mem[X,0x0000000080035922] -> 0x2AB5
[8621] [M]: 0x0000000080035920 (0x2AB50513) addi a0, a0, 683
x10 <- 0xAAAAAAAAAAAAAAAB
mem[X,0x0000000080035924] -> 0x35B7
mem[X,0x0000000080035926] -> 0x3333
[8622] [M]: 0x0000000080035924 (0x333335B7) lui a1, 209715
x11 <- 0x0000000033333000
mem[X,0x0000000080035928] -> 0x8593
mem[X,0x000000008003592A] -> 0x3335
[8623] [M]: 0x0000000080035928 (0x33358593) addi a1, a1, 819
x11 <- 0x0000000033333333
mem[X,0x000000008003592C] -> 0x9593
mem[X,0x000000008003592E] -> 0x00B5
[8624] [M]: 0x000000008003592C (0x00B59593) slli a1, a1, 11
x11 <- 0x0000019999999800
mem[X,0x0000000080035930] -> 0x8593
mem[X,0x0000000080035932] -> 0x1995
[8625] [M]: 0x0000000080035930 (0x19958593) addi a1, a1, 409
x11 <- 0x0000019999999999
mem[X,0x0000000080035934] -> 0x9593
mem[X,0x0000000080035936] -> 0x00B5
[8626] [M]: 0x0000000080035934 (0x00B59593) slli a1, a1, 11
x11 <- 0x000CCCCCCCCCC800
mem[X,0x0000000080035938] -> 0x8593
mem[X,0x000000008003593A] -> 0x4CC5
[8627] [M]: 0x0000000080035938 (0x4CC58593) addi a1, a1, 1228
x11 <- 0x000CCCCCCCCCCCCC
mem[X,0x000000008003593C] -> 0x9593
mem[X,0x000000008003593E] -> 0x00A5
[8628] [M]: 0x000000008003593C (0x00A59593) slli a1, a1, 10
x11 <- 0x3333333333333000
mem[X,0x0000000080035940] -> 0x8593
mem[X,0x0000000080035942] -> 0x3335
[8629] [M]: 0x0000000080035940 (0x33358593) addi a1, a1, 819
x11 <- 0x3333333333333333
mem[X,0x0000000080035944] -> 0x0113
mem[X,0x0000000080035946] -> 0x0000
[8630] [M]: 0x0000000080035944 (0x00000113) addi sp, zero, 0
x2 <- 0x0000000000000000
mem[X,0x0000000080035948] -> 0x006F
mem[X,0x000000008003594A] -> 0x00C0
[8631] [M]: 0x0000000080035948 (0x00C0006F) jal zero, 12
mem[X,0x0000000080035954] -> 0x1063
mem[X,0x0000000080035956] -> 0x08B5
[8632] [M]: 0x0000000080035954 (0x08B51063) bne a0, a1, 128
mem[X,0x00000000800359D4] -> 0x0113
mem[X,0x00000000800359D6] -> 0x0031
[8633] [M]: 0x00000000800359D4 (0x00310113) addi sp, sp, 3
x2 <- 0x0000000000000003
mem[X,0x00000000800359D8] -> 0x006F
mem[X,0x00000000800359DA] -> 0x0040
[8634] [M]: 0x00000000800359D8 (0x0040006F) jal zero, 4
mem[X,0x00000000800359DC] -> 0xB823
mem[X,0x00000000800359DE] -> 0x7E20
[8635] [M]: 0x00000000800359DC (0x7E20B823) sd sp, 2032(ra)
mem[0x00000000800461C8] <- 0x0000000000000003
mem[X,0x00000000800359E0] -> 0xB537
mem[X,0x00000000800359E2] -> 0xAAAA
[8636] [M]: 0x00000000800359E0 (0xAAAAB537) lui a0, 699051
x10 <- 0xFFFFFFFFAAAAB000
mem[X,0x00000000800359E4] -> 0x0513
mem[X,0x00000000800359E6] -> 0xAAA5
[8637] [M]: 0x00000000800359E4 (0xAAA50513) addi a0, a0, 2730
x10 <- 0xFFFFFFFFAAAAAAAA
mem[X,0x00000000800359E8] -> 0x1513
mem[X,0x00000000800359EA] -> 0x00B5
[8638] [M]: 0x00000000800359E8 (0x00B51513) slli a0, a0, 11
x10 <- 0xFFFFFD5555555000
mem[X,0x00000000800359EC] -> 0x0513
mem[X,0x00000000800359EE] -> 0x5555
[8639] [M]: 0x00000000800359EC (0x55550513) addi a0, a0, 1365
x10 <- 0xFFFFFD5555555555
mem[X,0x00000000800359F0] -> 0x1513
mem[X,0x00000000800359F2] -> 0x00B5
[8640] [M]: 0x00000000800359F0 (0x00B51513) slli a0, a0, 11
x10 <- 0xFFEAAAAAAAAAA800
mem[X,0x00000000800359F4] -> 0x0513
mem[X,0x00000000800359F6] -> 0x2AA5
[8641] [M]: 0x00000000800359F4 (0x2AA50513) addi a0, a0, 682
x10 <- 0xFFEAAAAAAAAAAAAA
mem[X,0x00000000800359F8] -> 0x1513
mem[X,0x00000000800359FA] -> 0x00A5
[8642] [M]: 0x00000000800359F8 (0x00A51513) slli a0, a0, 10
x10 <- 0xAAAAAAAAAAAAA800
mem[X,0x00000000800359FC] -> 0x0513
mem[X,0x00000000800359FE] -> 0x2AB5
[8643] [M]: 0x00000000800359FC (0x2AB50513) addi a0, a0, 683
x10 <- 0xAAAAAAAAAAAAAAAB
mem[X,0x0000000080035A00] -> 0x65B7
mem[X,0x0000000080035A02] -> 0x6666
[8644] [M]: 0x0000000080035A00 (0x666665B7) lui a1, 419430
x11 <- 0x0000000066666000
mem[X,0x0000000080035A04] -> 0x8593
mem[X,0x0000000080035A06] -> 0x6665
[8645] [M]: 0x0000000080035A04 (0x66658593) addi a1, a1, 1638
x11 <- 0x0000000066666666
mem[X,0x0000000080035A08] -> 0x9593
mem[X,0x0000000080035A0A] -> 0x00B5
[8646] [M]: 0x0000000080035A08 (0x00B59593) slli a1, a1, 11
x11 <- 0x0000033333333000
mem[X,0x0000000080035A0C] -> 0x8593
mem[X,0x0000000080035A0E] -> 0x3335
[8647] [M]: 0x0000000080035A0C (0x33358593) addi a1, a1, 819
x11 <- 0x0000033333333333
mem[X,0x0000000080035A10] -> 0x9593
mem[X,0x0000000080035A12] -> 0x00B5
[8648] [M]: 0x0000000080035A10 (0x00B59593) slli a1, a1, 11
x11 <- 0x0019999999999800
mem[X,0x0000000080035A14] -> 0x8593
mem[X,0x0000000080035A16] -> 0x1995
[8649] [M]: 0x0000000080035A14 (0x19958593) addi a1, a1, 409
x11 <- 0x0019999999999999
mem[X,0x0000000080035A18] -> 0x9593
mem[X,0x0000000080035A1A] -> 0x00A5
[8650] [M]: 0x0000000080035A18 (0x00A59593) slli a1, a1, 10
x11 <- 0x6666666666666400
mem[X,0x0000000080035A1C] -> 0x8593
mem[X,0x0000000080035A1E] -> 0x2665
[8651] [M]: 0x0000000080035A1C (0x26658593) addi a1, a1, 614
x11 <- 0x6666666666666666
mem[X,0x0000000080035A20] -> 0x0113
mem[X,0x0000000080035A22] -> 0x0000
[8652] [M]: 0x0000000080035A20 (0x00000113) addi sp, zero, 0
x2 <- 0x0000000000000000
mem[X,0x0000000080035A24] -> 0x006F
mem[X,0x0000000080035A26] -> 0x00C0
[8653] [M]: 0x0000000080035A24 (0x00C0006F) jal zero, 12
mem[X,0x0000000080035A30] -> 0x1CE3
mem[X,0x0000000080035A32] -> 0xFEB5
[8654] [M]: 0x0000000080035A30 (0xFEB51CE3) bne a0, a1, 8184
mem[X,0x0000000080035A28] -> 0x0113
mem[X,0x0000000080035A2A] -> 0x0011
[8655] [M]: 0x0000000080035A28 (0x00110113) addi sp, sp, 1
x2 <- 0x0000000000000001
mem[X,0x0000000080035A2C] -> 0x006F
mem[X,0x0000000080035A2E] -> 0x0180
[8656] [M]: 0x0000000080035A2C (0x0180006F) jal zero, 24
mem[X,0x0000000080035A44] -> 0xBC23
mem[X,0x0000000080035A46] -> 0x7E20
[8657] [M]: 0x0000000080035A44 (0x7E20BC23) sd sp, 2040(ra)
mem[0x00000000800461D0] <- 0x0000000000000001
mem[X,0x0000000080035A48] -> 0x0013
mem[X,0x0000000080035A4A] -> 0x0000
[8658] [M]: 0x0000000080035A48 (0x00000013) addi zero, zero, 0
mem[X,0x0000000080035A4C] -> 0x0013
mem[X,0x0000000080035A4E] -> 0x0000
[8659] [M]: 0x0000000080035A4C (0x00000013) addi zero, zero, 0
mem[X,0x0000000080035A50] -> 0x0013
mem[X,0x0000000080035A52] -> 0x0000
[8660] [M]: 0x0000000080035A50 (0x00000013) addi zero, zero, 0
mem[X,0x0000000080035A54] -> 0x0013
mem[X,0x0000000080035A56] -> 0x0000
[8661] [M]: 0x0000000080035A54 (0x00000013) addi zero, zero, 0
mem[X,0x0000000080035A58] -> 0x0013
mem[X,0x0000000080035A5A] -> 0x0000
[8662] [M]: 0x0000000080035A58 (0x00000013) addi zero, zero, 0
mem[X,0x0000000080035A5C] -> 0x0013
mem[X,0x0000000080035A5E] -> 0x0000
[8663] [M]: 0x0000000080035A5C (0x00000013) addi zero, zero, 0
mem[X,0x0000000080035A60] -> 0x0097
mem[X,0x0000000080035A62] -> 0x0001
[8664] [M]: 0x0000000080035A60 (0x00010097) auipc ra, 16
x1 <- 0x0000000080045A60
mem[X,0x0000000080035A64] -> 0x8093
mem[X,0x0000000080035A66] -> 0x7780
[8665] [M]: 0x0000000080035A64 (0x77808093) addi ra, ra, 1912
x1 <- 0x00000000800461D8
mem[X,0x0000000080035A68] -> 0x0013
mem[X,0x0000000080035A6A] -> 0x0000
[8666] [M]: 0x0000000080035A68 (0x00000013) addi zero, zero, 0
mem[X,0x0000000080035A6C] -> 0x0013
mem[X,0x0000000080035A6E] -> 0x0000
[8667] [M]: 0x0000000080035A6C (0x00000013) addi zero, zero, 0
mem[X,0x0000000080035A70] -> 0x0013
mem[X,0x0000000080035A72] -> 0x0000
[8668] [M]: 0x0000000080035A70 (0x00000013) addi zero, zero, 0
mem[X,0x0000000080035A74] -> 0x0013
mem[X,0x0000000080035A76] -> 0x0000
[8669] [M]: 0x0000000080035A74 (0x00000013) addi zero, zero, 0
mem[X,0x0000000080035A78] -> 0x0013
mem[X,0x0000000080035A7A] -> 0x0000
[8670] [M]: 0x0000000080035A78 (0x00000013) addi zero, zero, 0
mem[X,0x0000000080035A7C] -> 0x0013
mem[X,0x0000000080035A7E] -> 0x0000
[8671] [M]: 0x0000000080035A7C (0x00000013) addi zero, zero, 0
mem[X,0x0000000080035A80] -> 0xB537
mem[X,0x0000000080035A82] -> 0xAAAA
[8672] [M]: 0x0000000080035A80 (0xAAAAB537) lui a0, 699051
x10 <- 0xFFFFFFFFAAAAB000
mem[X,0x0000000080035A84] -> 0x0513
mem[X,0x0000000080035A86] -> 0xAAA5
[8673] [M]: 0x0000000080035A84 (0xAAA50513) addi a0, a0, 2730
x10 <- 0xFFFFFFFFAAAAAAAA
mem[X,0x0000000080035A88] -> 0x1513
mem[X,0x0000000080035A8A] -> 0x00B5
[8674] [M]: 0x0000000080035A88 (0x00B51513) slli a0, a0, 11
x10 <- 0xFFFFFD5555555000
mem[X,0x0000000080035A8C] -> 0x0513
mem[X,0x0000000080035A8E] -> 0x5555
[8675] [M]: 0x0000000080035A8C (0x55550513) addi a0, a0, 1365
x10 <- 0xFFFFFD5555555555
mem[X,0x0000000080035A90] -> 0x1513
mem[X,0x0000000080035A92] -> 0x00B5
[8676] [M]: 0x0000000080035A90 (0x00B51513) slli a0, a0, 11
x10 <- 0xFFEAAAAAAAAAA800
mem[X,0x0000000080035A94] -> 0x0513
mem[X,0x0000000080035A96] -> 0x2AA5
[8677] [M]: 0x0000000080035A94 (0x2AA50513) addi a0, a0, 682
x10 <- 0xFFEAAAAAAAAAAAAA
mem[X,0x0000000080035A98] -> 0x1513
mem[X,0x0000000080035A9A] -> 0x00A5
[8678] [M]: 0x0000000080035A98 (0x00A51513) slli a0, a0, 10
x10 <- 0xAAAAAAAAAAAAA800
mem[X,0x0000000080035A9C] -> 0x0513
mem[X,0x0000000080035A9E] -> 0x2AB5
[8679] [M]: 0x0000000080035A9C (0x2AB50513) addi a0, a0, 683
x10 <- 0xAAAAAAAAAAAAAAAB
mem[X,0x0000000080035AA0] -> 0x05B7
mem[X,0x0000000080035AA2] -> 0x0000
[8680] [M]: 0x0000000080035AA0 (0x000005B7) lui a1, 0
x11 <- 0x0000000000000000
mem[X,0x0000000080035AA4] -> 0x8593
mem[X,0x0000000080035AA6] -> 0xFFF5
[8681] [M]: 0x0000000080035AA4 (0xFFF58593) addi a1, a1, 4095
x11 <- 0xFFFFFFFFFFFFFFFF
mem[X,0x0000000080035AA8] -> 0x9593
mem[X,0x0000000080035AAA] -> 0x00B5
[8682] [M]: 0x0000000080035AA8 (0x00B59593) slli a1, a1, 11
x11 <- 0xFFFFFFFFFFFFF800
mem[X,0x0000000080035AAC] -> 0x8593
mem[X,0x0000000080035AAE] -> 0x2575
[8683] [M]: 0x0000000080035AAC (0x25758593) addi a1, a1, 599
x11 <- 0xFFFFFFFFFFFFFA57
mem[X,0x0000000080035AB0] -> 0x9593
mem[X,0x0000000080035AB2] -> 0x00B5
[8684] [M]: 0x0000000080035AB0 (0x00B59593) slli a1, a1, 11
x11 <- 0xFFFFFFFFFFD2B800
mem[X,0x0000000080035AB4] -> 0x8593
mem[X,0x0000000080035AB6] -> 0x6C35
[8685] [M]: 0x0000000080035AB4 (0x6C358593) addi a1, a1, 1731
x11 <- 0xFFFFFFFFFFD2BEC3
mem[X,0x0000000080035AB8] -> 0x9593
mem[X,0x0000000080035ABA] -> 0x00A5
[8686] [M]: 0x0000000080035AB8 (0x00A59593) slli a1, a1, 10
x11 <- 0xFFFFFFFF4AFB0C00
mem[X,0x0000000080035ABC] -> 0x8593
mem[X,0x0000000080035ABE] -> 0x0CD5
[8687] [M]: 0x0000000080035ABC (0x0CD58593) addi a1, a1, 205
x11 <- 0xFFFFFFFF4AFB0CCD
mem[X,0x0000000080035AC0] -> 0x0113
mem[X,0x0000000080035AC2] -> 0x0000
[8688] [M]: 0x0000000080035AC0 (0x00000113) addi sp, zero, 0
x2 <- 0x0000000000000000
mem[X,0x0000000080035AC4] -> 0x006F
mem[X,0x0000000080035AC6] -> 0x0100
[8689] [M]: 0x0000000080035AC4 (0x0100006F) jal zero, 16
mem[X,0x0000000080035AD4] -> 0x1AE3
mem[X,0x0000000080035AD6] -> 0xFEB5
[8690] [M]: 0x0000000080035AD4 (0xFEB51AE3) bne a0, a1, 8180
mem[X,0x0000000080035AC8] -> 0x0113
mem[X,0x0000000080035ACA] -> 0x0011
[8691] [M]: 0x0000000080035AC8 (0x00110113) addi sp, sp, 1
x2 <- 0x0000000000000001
mem[X,0x0000000080035ACC] -> 0x006F
mem[X,0x0000000080035ACE] -> 0x01C0
[8692] [M]: 0x0000000080035ACC (0x01C0006F) jal zero, 28
mem[X,0x0000000080035AE8] -> 0xB023
mem[X,0x0000000080035AEA] -> 0x0020
[8693] [M]: 0x0000000080035AE8 (0x0020B023) sd sp, 0(ra)
mem[0x00000000800461D8] <- 0x0000000000000001
mem[X,0x0000000080035AEC] -> 0xB537
mem[X,0x0000000080035AEE] -> 0xAAAA
[8694] [M]: 0x0000000080035AEC (0xAAAAB537) lui a0, 699051
x10 <- 0xFFFFFFFFAAAAB000
mem[X,0x0000000080035AF0] -> 0x0513
mem[X,0x0000000080035AF2] -> 0xAAA5
[8695] [M]: 0x0000000080035AF0 (0xAAA50513) addi a0, a0, 2730
x10 <- 0xFFFFFFFFAAAAAAAA
mem[X,0x0000000080035AF4] -> 0x1513
mem[X,0x0000000080035AF6] -> 0x00B5
[8696] [M]: 0x0000000080035AF4 (0x00B51513) slli a0, a0, 11
x10 <- 0xFFFFFD5555555000
mem[X,0x0000000080035AF8] -> 0x0513
mem[X,0x0000000080035AFA] -> 0x5555
[8697] [M]: 0x0000000080035AF8 (0x55550513) addi a0, a0, 1365
x10 <- 0xFFFFFD5555555555
mem[X,0x0000000080035AFC] -> 0x1513
mem[X,0x0000000080035AFE] -> 0x00B5
[8698] [M]: 0x0000000080035AFC (0x00B51513) slli a0, a0, 11
x10 <- 0xFFEAAAAAAAAAA800
mem[X,0x0000000080035B00] -> 0x0513
mem[X,0x0000000080035B02] -> 0x2AA5
[8699] [M]: 0x0000000080035B00 (0x2AA50513) addi a0, a0, 682
x10 <- 0xFFEAAAAAAAAAAAAA
clint::tick mtime <- 0x0000000000000057
 clint timer pending at mtime 0x0000000000000057
htif::tick 0x0000000000000000
mem[X,0x0000000080035B04] -> 0x1513
mem[X,0x0000000080035B06] -> 0x00A5
[8700] [M]: 0x0000000080035B04 (0x00A51513) slli a0, a0, 10
x10 <- 0xAAAAAAAAAAAAA800
mem[X,0x0000000080035B08] -> 0x0513
mem[X,0x0000000080035B0A] -> 0x2AB5
[8701] [M]: 0x0000000080035B08 (0x2AB50513) addi a0, a0, 683
x10 <- 0xAAAAAAAAAAAAAAAB
mem[X,0x0000000080035B0C] -> 0x05B7
mem[X,0x0000000080035B0E] -> 0x0000
[8702] [M]: 0x0000000080035B0C (0x000005B7) lui a1, 0
x11 <- 0x0000000000000000
mem[X,0x0000000080035B10] -> 0x8593
mem[X,0x0000000080035B12] -> 0x0005
[8703] [M]: 0x0000000080035B10 (0x00058593) addi a1, a1, 0
x11 <- 0x0000000000000000
mem[X,0x0000000080035B14] -> 0x9593
mem[X,0x0000000080035B16] -> 0x00B5
[8704] [M]: 0x0000000080035B14 (0x00B59593) slli a1, a1, 11
x11 <- 0x0000000000000000
mem[X,0x0000000080035B18] -> 0x8593
mem[X,0x0000000080035B1A] -> 0x5A85
[8705] [M]: 0x0000000080035B18 (0x5A858593) addi a1, a1, 1448
x11 <- 0x00000000000005A8
mem[X,0x0000000080035B1C] -> 0x9593
mem[X,0x0000000080035B1E] -> 0x00B5
[8706] [M]: 0x0000000080035B1C (0x00B59593) slli a1, a1, 11
x11 <- 0x00000000002D4000
mem[X,0x0000000080035B20] -> 0x8593
mem[X,0x0000000080035B22] -> 0x13C5
[8707] [M]: 0x0000000080035B20 (0x13C58593) addi a1, a1, 316
x11 <- 0x00000000002D413C
mem[X,0x0000000080035B24] -> 0x9593
mem[X,0x0000000080035B26] -> 0x00A5
[8708] [M]: 0x0000000080035B24 (0x00A59593) slli a1, a1, 10
x11 <- 0x00000000B504F000
mem[X,0x0000000080035B28] -> 0x8593
mem[X,0x0000000080035B2A] -> 0x3335
[8709] [M]: 0x0000000080035B28 (0x33358593) addi a1, a1, 819
x11 <- 0x00000000B504F333
mem[X,0x0000000080035B2C] -> 0x0113
mem[X,0x0000000080035B2E] -> 0x0000
[8710] [M]: 0x0000000080035B2C (0x00000113) addi sp, zero, 0
x2 <- 0x0000000000000000
mem[X,0x0000000080035B30] -> 0x006F
mem[X,0x0000000080035B32] -> 0x00C0
[8711] [M]: 0x0000000080035B30 (0x00C0006F) jal zero, 12
mem[X,0x0000000080035B3C] -> 0x1863
mem[X,0x0000000080035B3E] -> 0x00B5
[8712] [M]: 0x0000000080035B3C (0x00B51863) bne a0, a1, 16
mem[X,0x0000000080035B4C] -> 0x0113
mem[X,0x0000000080035B4E] -> 0x0031
[8713] [M]: 0x0000000080035B4C (0x00310113) addi sp, sp, 3
x2 <- 0x0000000000000003
mem[X,0x0000000080035B50] -> 0x006F
mem[X,0x0000000080035B52] -> 0x0040
[8714] [M]: 0x0000000080035B50 (0x0040006F) jal zero, 4
mem[X,0x0000000080035B54] -> 0xB423
mem[X,0x0000000080035B56] -> 0x0020
[8715] [M]: 0x0000000080035B54 (0x0020B423) sd sp, 8(ra)
mem[0x00000000800461E0] <- 0x0000000000000003
mem[X,0x0000000080035B58] -> 0xB537
mem[X,0x0000000080035B5A] -> 0xAAAA
[8716] [M]: 0x0000000080035B58 (0xAAAAB537) lui a0, 699051
x10 <- 0xFFFFFFFFAAAAB000
mem[X,0x0000000080035B5C] -> 0x0513
mem[X,0x0000000080035B5E] -> 0xAAA5
[8717] [M]: 0x0000000080035B5C (0xAAA50513) addi a0, a0, 2730
x10 <- 0xFFFFFFFFAAAAAAAA
mem[X,0x0000000080035B60] -> 0x1513
mem[X,0x0000000080035B62] -> 0x00B5
[8718] [M]: 0x0000000080035B60 (0x00B51513) slli a0, a0, 11
x10 <- 0xFFFFFD5555555000
mem[X,0x0000000080035B64] -> 0x0513
mem[X,0x0000000080035B66] -> 0x5555
[8719] [M]: 0x0000000080035B64 (0x55550513) addi a0, a0, 1365
x10 <- 0xFFFFFD5555555555
mem[X,0x0000000080035B68] -> 0x1513
mem[X,0x0000000080035B6A] -> 0x00B5
[8720] [M]: 0x0000000080035B68 (0x00B51513) slli a0, a0, 11
x10 <- 0xFFEAAAAAAAAAA800
mem[X,0x0000000080035B6C] -> 0x0513
mem[X,0x0000000080035B6E] -> 0x2AA5
[8721] [M]: 0x0000000080035B6C (0x2AA50513) addi a0, a0, 682
x10 <- 0xFFEAAAAAAAAAAAAA
mem[X,0x0000000080035B70] -> 0x1513
mem[X,0x0000000080035B72] -> 0x00A5
[8722] [M]: 0x0000000080035B70 (0x00A51513) slli a0, a0, 10
x10 <- 0xAAAAAAAAAAAAA800
mem[X,0x0000000080035B74] -> 0x0513
mem[X,0x0000000080035B76] -> 0x2AB5
[8723] [M]: 0x0000000080035B74 (0x2AB50513) addi a0, a0, 683
x10 <- 0xAAAAAAAAAAAAAAAB
mem[X,0x0000000080035B78] -> 0x0593
mem[X,0x0000000080035B7A] -> 0x0020
[8724] [M]: 0x0000000080035B78 (0x00200593) addi a1, zero, 2
x11 <- 0x0000000000000002
mem[X,0x0000000080035B7C] -> 0x0113
mem[X,0x0000000080035B7E] -> 0x0000
[8725] [M]: 0x0000000080035B7C (0x00000113) addi sp, zero, 0
x2 <- 0x0000000000000000
mem[X,0x0000000080035B80] -> 0x006F
mem[X,0x0000000080035B82] -> 0x00C0
[8726] [M]: 0x0000000080035B80 (0x00C0006F) jal zero, 12
mem[X,0x0000000080035B8C] -> 0x1063
mem[X,0x0000000080035B8E] -> 0x08B5
[8727] [M]: 0x0000000080035B8C (0x08B51063) bne a0, a1, 128
mem[X,0x0000000080035C0C] -> 0x0113
mem[X,0x0000000080035C0E] -> 0x0031
[8728] [M]: 0x0000000080035C0C (0x00310113) addi sp, sp, 3
x2 <- 0x0000000000000003
mem[X,0x0000000080035C10] -> 0x006F
mem[X,0x0000000080035C12] -> 0x0040
[8729] [M]: 0x0000000080035C10 (0x0040006F) jal zero, 4
mem[X,0x0000000080035C14] -> 0xB823
mem[X,0x0000000080035C16] -> 0x0020
[8730] [M]: 0x0000000080035C14 (0x0020B823) sd sp, 16(ra)
mem[0x00000000800461E8] <- 0x0000000000000003
mem[X,0x0000000080035C18] -> 0xB537
mem[X,0x0000000080035C1A] -> 0xAAAA
[8731] [M]: 0x0000000080035C18 (0xAAAAB537) lui a0, 699051
x10 <- 0xFFFFFFFFAAAAB000
mem[X,0x0000000080035C1C] -> 0x0513
mem[X,0x0000000080035C1E] -> 0xAAA5
[8732] [M]: 0x0000000080035C1C (0xAAA50513) addi a0, a0, 2730
x10 <- 0xFFFFFFFFAAAAAAAA
mem[X,0x0000000080035C20] -> 0x1513
mem[X,0x0000000080035C22] -> 0x00B5
[8733] [M]: 0x0000000080035C20 (0x00B51513) slli a0, a0, 11
x10 <- 0xFFFFFD5555555000
mem[X,0x0000000080035C24] -> 0x0513
mem[X,0x0000000080035C26] -> 0x5555
[8734] [M]: 0x0000000080035C24 (0x55550513) addi a0, a0, 1365
x10 <- 0xFFFFFD5555555555
mem[X,0x0000000080035C28] -> 0x1513
mem[X,0x0000000080035C2A] -> 0x00B5
[8735] [M]: 0x0000000080035C28 (0x00B51513) slli a0, a0, 11
x10 <- 0xFFEAAAAAAAAAA800
mem[X,0x0000000080035C2C] -> 0x0513
mem[X,0x0000000080035C2E] -> 0x2AA5
[8736] [M]: 0x0000000080035C2C (0x2AA50513) addi a0, a0, 682
x10 <- 0xFFEAAAAAAAAAAAAA
mem[X,0x0000000080035C30] -> 0x1513
mem[X,0x0000000080035C32] -> 0x00A5
[8737] [M]: 0x0000000080035C30 (0x00A51513) slli a0, a0, 10
x10 <- 0xAAAAAAAAAAAAA800
mem[X,0x0000000080035C34] -> 0x0513
mem[X,0x0000000080035C36] -> 0x2AB5
[8738] [M]: 0x0000000080035C34 (0x2AB50513) addi a0, a0, 683
x10 <- 0xAAAAAAAAAAAAAAAB
mem[X,0x0000000080035C38] -> 0x55B7
mem[X,0x0000000080035C3A] -> 0x5555
[8739] [M]: 0x0000000080035C38 (0x555555B7) lui a1, 349525
x11 <- 0x0000000055555000
mem[X,0x0000000080035C3C] -> 0x8593
mem[X,0x0000000080035C3E] -> 0x5555
[8740] [M]: 0x0000000080035C3C (0x55558593) addi a1, a1, 1365
x11 <- 0x0000000055555555
mem[X,0x0000000080035C40] -> 0x9593
mem[X,0x0000000080035C42] -> 0x00B5
[8741] [M]: 0x0000000080035C40 (0x00B59593) slli a1, a1, 11
x11 <- 0x000002AAAAAAA800
mem[X,0x0000000080035C44] -> 0x8593
mem[X,0x0000000080035C46] -> 0x2AA5
[8742] [M]: 0x0000000080035C44 (0x2AA58593) addi a1, a1, 682
x11 <- 0x000002AAAAAAAAAA
mem[X,0x0000000080035C48] -> 0x9593
mem[X,0x0000000080035C4A] -> 0x00B5
[8743] [M]: 0x0000000080035C48 (0x00B59593) slli a1, a1, 11
x11 <- 0x0015555555555000
mem[X,0x0000000080035C4C] -> 0x8593
mem[X,0x0000000080035C4E] -> 0x5555
[8744] [M]: 0x0000000080035C4C (0x55558593) addi a1, a1, 1365
x11 <- 0x0015555555555555
mem[X,0x0000000080035C50] -> 0x9593
mem[X,0x0000000080035C52] -> 0x00A5
[8745] [M]: 0x0000000080035C50 (0x00A59593) slli a1, a1, 10
x11 <- 0x5555555555555400
mem[X,0x0000000080035C54] -> 0x8593
mem[X,0x0000000080035C56] -> 0x1545
[8746] [M]: 0x0000000080035C54 (0x15458593) addi a1, a1, 340
x11 <- 0x5555555555555554
mem[X,0x0000000080035C58] -> 0x0113
mem[X,0x0000000080035C5A] -> 0x0000
[8747] [M]: 0x0000000080035C58 (0x00000113) addi sp, zero, 0
x2 <- 0x0000000000000000
mem[X,0x0000000080035C5C] -> 0x006F
mem[X,0x0000000080035C5E] -> 0x00C0
[8748] [M]: 0x0000000080035C5C (0x00C0006F) jal zero, 12
mem[X,0x0000000080035C68] -> 0x1CE3
mem[X,0x0000000080035C6A] -> 0xFEB5
[8749] [M]: 0x0000000080035C68 (0xFEB51CE3) bne a0, a1, 8184
mem[X,0x0000000080035C60] -> 0x0113
mem[X,0x0000000080035C62] -> 0x0011
[8750] [M]: 0x0000000080035C60 (0x00110113) addi sp, sp, 1
x2 <- 0x0000000000000001
mem[X,0x0000000080035C64] -> 0x006F
mem[X,0x0000000080035C66] -> 0x0180
[8751] [M]: 0x0000000080035C64 (0x0180006F) jal zero, 24
mem[X,0x0000000080035C7C] -> 0xBC23
mem[X,0x0000000080035C7E] -> 0x0020
[8752] [M]: 0x0000000080035C7C (0x0020BC23) sd sp, 24(ra)
mem[0x00000000800461F0] <- 0x0000000000000001
mem[X,0x0000000080035C80] -> 0xB537
mem[X,0x0000000080035C82] -> 0xAAAA
[8753] [M]: 0x0000000080035C80 (0xAAAAB537) lui a0, 699051
x10 <- 0xFFFFFFFFAAAAB000
mem[X,0x0000000080035C84] -> 0x0513
mem[X,0x0000000080035C86] -> 0xAAA5
[8754] [M]: 0x0000000080035C84 (0xAAA50513) addi a0, a0, 2730
x10 <- 0xFFFFFFFFAAAAAAAA
mem[X,0x0000000080035C88] -> 0x1513
mem[X,0x0000000080035C8A] -> 0x00B5
[8755] [M]: 0x0000000080035C88 (0x00B51513) slli a0, a0, 11
x10 <- 0xFFFFFD5555555000
mem[X,0x0000000080035C8C] -> 0x0513
mem[X,0x0000000080035C8E] -> 0x5555
[8756] [M]: 0x0000000080035C8C (0x55550513) addi a0, a0, 1365
x10 <- 0xFFFFFD5555555555
mem[X,0x0000000080035C90] -> 0x1513
mem[X,0x0000000080035C92] -> 0x00B5
[8757] [M]: 0x0000000080035C90 (0x00B51513) slli a0, a0, 11
x10 <- 0xFFEAAAAAAAAAA800
mem[X,0x0000000080035C94] -> 0x0513
mem[X,0x0000000080035C96] -> 0x2AA5
[8758] [M]: 0x0000000080035C94 (0x2AA50513) addi a0, a0, 682
x10 <- 0xFFEAAAAAAAAAAAAA
mem[X,0x0000000080035C98] -> 0x1513
mem[X,0x0000000080035C9A] -> 0x00A5
[8759] [M]: 0x0000000080035C98 (0x00A51513) slli a0, a0, 10
x10 <- 0xAAAAAAAAAAAAA800
mem[X,0x0000000080035C9C] -> 0x0513
mem[X,0x0000000080035C9E] -> 0x2AB5
[8760] [M]: 0x0000000080035C9C (0x2AB50513) addi a0, a0, 683
x10 <- 0xAAAAAAAAAAAAAAAB
mem[X,0x0000000080035CA0] -> 0x0593
mem[X,0x0000000080035CA2] -> 0x0000
[8761] [M]: 0x0000000080035CA0 (0x00000593) addi a1, zero, 0
x11 <- 0x0000000000000000
mem[X,0x0000000080035CA4] -> 0x0113
mem[X,0x0000000080035CA6] -> 0x0000
[8762] [M]: 0x0000000080035CA4 (0x00000113) addi sp, zero, 0
x2 <- 0x0000000000000000
mem[X,0x0000000080035CA8] -> 0x006F
mem[X,0x0000000080035CAA] -> 0x0050
[8763] [M]: 0x0000000080035CA8 (0x0050006F) jal zero, 2052
mem[X,0x00000000800364AC] -> 0x10E3
mem[X,0x00000000800364AE] -> 0x80B5
[8764] [M]: 0x00000000800364AC (0x80B510E3) bne a0, a1, 6144
mem[X,0x0000000080035CAC] -> 0x0113
mem[X,0x0000000080035CAE] -> 0x0011
[8765] [M]: 0x0000000080035CAC (0x00110113) addi sp, sp, 1
x2 <- 0x0000000000000001
mem[X,0x0000000080035CB0] -> 0x006F
mem[X,0x0000000080035CB2] -> 0x0110
[8766] [M]: 0x0000000080035CB0 (0x0110006F) jal zero, 2064
mem[X,0x00000000800364C0] -> 0xB023
mem[X,0x00000000800364C2] -> 0x0220
[8767] [M]: 0x00000000800364C0 (0x0220B023) sd sp, 32(ra)
mem[0x00000000800461F8] <- 0x0000000000000001
mem[X,0x00000000800364C4] -> 0xB537
mem[X,0x00000000800364C6] -> 0xAAAA
[8768] [M]: 0x00000000800364C4 (0xAAAAB537) lui a0, 699051
x10 <- 0xFFFFFFFFAAAAB000
mem[X,0x00000000800364C8] -> 0x0513
mem[X,0x00000000800364CA] -> 0xAAA5
[8769] [M]: 0x00000000800364C8 (0xAAA50513) addi a0, a0, 2730
x10 <- 0xFFFFFFFFAAAAAAAA
mem[X,0x00000000800364CC] -> 0x1513
mem[X,0x00000000800364CE] -> 0x00B5
[8770] [M]: 0x00000000800364CC (0x00B51513) slli a0, a0, 11
x10 <- 0xFFFFFD5555555000
mem[X,0x00000000800364D0] -> 0x0513
mem[X,0x00000000800364D2] -> 0x5555
[8771] [M]: 0x00000000800364D0 (0x55550513) addi a0, a0, 1365
x10 <- 0xFFFFFD5555555555
mem[X,0x00000000800364D4] -> 0x1513
mem[X,0x00000000800364D6] -> 0x00B5
[8772] [M]: 0x00000000800364D4 (0x00B51513) slli a0, a0, 11
x10 <- 0xFFEAAAAAAAAAA800
mem[X,0x00000000800364D8] -> 0x0513
mem[X,0x00000000800364DA] -> 0x2AA5
[8773] [M]: 0x00000000800364D8 (0x2AA50513) addi a0, a0, 682
x10 <- 0xFFEAAAAAAAAAAAAA
mem[X,0x00000000800364DC] -> 0x1513
mem[X,0x00000000800364DE] -> 0x00A5
[8774] [M]: 0x00000000800364DC (0x00A51513) slli a0, a0, 10
x10 <- 0xAAAAAAAAAAAAA800
mem[X,0x00000000800364E0] -> 0x0513
mem[X,0x00000000800364E2] -> 0x2AB5
[8775] [M]: 0x00000000800364E0 (0x2AB50513) addi a0, a0, 683
x10 <- 0xAAAAAAAAAAAAAAAB
mem[X,0x00000000800364E4] -> 0x0593
mem[X,0x00000000800364E6] -> 0x0040
[8776] [M]: 0x00000000800364E4 (0x00400593) addi a1, zero, 4
x11 <- 0x0000000000000004
mem[X,0x00000000800364E8] -> 0x0113
mem[X,0x00000000800364EA] -> 0x0000
[8777] [M]: 0x00000000800364E8 (0x00000113) addi sp, zero, 0
x2 <- 0x0000000000000000
mem[X,0x00000000800364EC] -> 0x006F
mem[X,0x00000000800364EE] -> 0x00C0
[8778] [M]: 0x00000000800364EC (0x00C0006F) jal zero, 12
mem[X,0x00000000800364F8] -> 0x1063
mem[X,0x00000000800364FA] -> 0x08B5
[8779] [M]: 0x00000000800364F8 (0x08B51063) bne a0, a1, 128
mem[X,0x0000000080036578] -> 0x0113
mem[X,0x000000008003657A] -> 0x0031
[8780] [M]: 0x0000000080036578 (0x00310113) addi sp, sp, 3
x2 <- 0x0000000000000003
mem[X,0x000000008003657C] -> 0x006F
mem[X,0x000000008003657E] -> 0x0040
[8781] [M]: 0x000000008003657C (0x0040006F) jal zero, 4
mem[X,0x0000000080036580] -> 0xB423
mem[X,0x0000000080036582] -> 0x0220
[8782] [M]: 0x0000000080036580 (0x0220B423) sd sp, 40(ra)
mem[0x0000000080046200] <- 0x0000000000000003
mem[X,0x0000000080036584] -> 0xB537
mem[X,0x0000000080036586] -> 0xAAAA
[8783] [M]: 0x0000000080036584 (0xAAAAB537) lui a0, 699051
x10 <- 0xFFFFFFFFAAAAB000
mem[X,0x0000000080036588] -> 0x0513
mem[X,0x000000008003658A] -> 0xAAA5
[8784] [M]: 0x0000000080036588 (0xAAA50513) addi a0, a0, 2730
x10 <- 0xFFFFFFFFAAAAAAAA
mem[X,0x000000008003658C] -> 0x1513
mem[X,0x000000008003658E] -> 0x00B5
[8785] [M]: 0x000000008003658C (0x00B51513) slli a0, a0, 11
x10 <- 0xFFFFFD5555555000
mem[X,0x0000000080036590] -> 0x0513
mem[X,0x0000000080036592] -> 0x5555
[8786] [M]: 0x0000000080036590 (0x55550513) addi a0, a0, 1365
x10 <- 0xFFFFFD5555555555
mem[X,0x0000000080036594] -> 0x1513
mem[X,0x0000000080036596] -> 0x00B5
[8787] [M]: 0x0000000080036594 (0x00B51513) slli a0, a0, 11
x10 <- 0xFFEAAAAAAAAAA800
mem[X,0x0000000080036598] -> 0x0513
mem[X,0x000000008003659A] -> 0x2AA5
[8788] [M]: 0x0000000080036598 (0x2AA50513) addi a0, a0, 682
x10 <- 0xFFEAAAAAAAAAAAAA
mem[X,0x000000008003659C] -> 0x1513
mem[X,0x000000008003659E] -> 0x00A5
[8789] [M]: 0x000000008003659C (0x00A51513) slli a0, a0, 10
x10 <- 0xAAAAAAAAAAAAA800
mem[X,0x00000000800365A0] -> 0x0513
mem[X,0x00000000800365A2] -> 0x2AB5
[8790] [M]: 0x00000000800365A0 (0x2AB50513) addi a0, a0, 683
x10 <- 0xAAAAAAAAAAAAAAAB
mem[X,0x00000000800365A4] -> 0x35B7
mem[X,0x00000000800365A6] -> 0x3333
[8791] [M]: 0x00000000800365A4 (0x333335B7) lui a1, 209715
x11 <- 0x0000000033333000
mem[X,0x00000000800365A8] -> 0x8593
mem[X,0x00000000800365AA] -> 0x3335
[8792] [M]: 0x00000000800365A8 (0x33358593) addi a1, a1, 819
x11 <- 0x0000000033333333
mem[X,0x00000000800365AC] -> 0x9593
mem[X,0x00000000800365AE] -> 0x00B5
[8793] [M]: 0x00000000800365AC (0x00B59593) slli a1, a1, 11
x11 <- 0x0000019999999800
mem[X,0x00000000800365B0] -> 0x8593
mem[X,0x00000000800365B2] -> 0x1995
[8794] [M]: 0x00000000800365B0 (0x19958593) addi a1, a1, 409
x11 <- 0x0000019999999999
mem[X,0x00000000800365B4] -> 0x9593
mem[X,0x00000000800365B6] -> 0x00B5
[8795] [M]: 0x00000000800365B4 (0x00B59593) slli a1, a1, 11
x11 <- 0x000CCCCCCCCCC800
mem[X,0x00000000800365B8] -> 0x8593
mem[X,0x00000000800365BA] -> 0x4CC5
[8796] [M]: 0x00000000800365B8 (0x4CC58593) addi a1, a1, 1228
x11 <- 0x000CCCCCCCCCCCCC
mem[X,0x00000000800365BC] -> 0x9593
mem[X,0x00000000800365BE] -> 0x00A5
[8797] [M]: 0x00000000800365BC (0x00A59593) slli a1, a1, 10
x11 <- 0x3333333333333000
mem[X,0x00000000800365C0] -> 0x8593
mem[X,0x00000000800365C2] -> 0x3325
[8798] [M]: 0x00000000800365C0 (0x33258593) addi a1, a1, 818
x11 <- 0x3333333333333332
mem[X,0x00000000800365C4] -> 0x0113
mem[X,0x00000000800365C6] -> 0x0000
[8799] [M]: 0x00000000800365C4 (0x00000113) addi sp, zero, 0
x2 <- 0x0000000000000000
clint::tick mtime <- 0x0000000000000058
 clint timer pending at mtime 0x0000000000000058
htif::tick 0x0000000000000000
mem[X,0x00000000800365C8] -> 0x006F
mem[X,0x00000000800365CA] -> 0x00C0
[8800] [M]: 0x00000000800365C8 (0x00C0006F) jal zero, 12
mem[X,0x00000000800365D4] -> 0x1663
mem[X,0x00000000800365D6] -> 0x00B5
[8801] [M]: 0x00000000800365D4 (0x00B51663) bne a0, a1, 12
mem[X,0x00000000800365E0] -> 0x0113
mem[X,0x00000000800365E2] -> 0x0031
[8802] [M]: 0x00000000800365E0 (0x00310113) addi sp, sp, 3
x2 <- 0x0000000000000003
mem[X,0x00000000800365E4] -> 0x006F
mem[X,0x00000000800365E6] -> 0x0040
[8803] [M]: 0x00000000800365E4 (0x0040006F) jal zero, 4
mem[X,0x00000000800365E8] -> 0xB823
mem[X,0x00000000800365EA] -> 0x0220
[8804] [M]: 0x00000000800365E8 (0x0220B823) sd sp, 48(ra)
mem[0x0000000080046208] <- 0x0000000000000003
mem[X,0x00000000800365EC] -> 0xB537
mem[X,0x00000000800365EE] -> 0xAAAA
[8805] [M]: 0x00000000800365EC (0xAAAAB537) lui a0, 699051
x10 <- 0xFFFFFFFFAAAAB000
mem[X,0x00000000800365F0] -> 0x0513
mem[X,0x00000000800365F2] -> 0xAAA5
[8806] [M]: 0x00000000800365F0 (0xAAA50513) addi a0, a0, 2730
x10 <- 0xFFFFFFFFAAAAAAAA
mem[X,0x00000000800365F4] -> 0x1513
mem[X,0x00000000800365F6] -> 0x00B5
[8807] [M]: 0x00000000800365F4 (0x00B51513) slli a0, a0, 11
x10 <- 0xFFFFFD5555555000
mem[X,0x00000000800365F8] -> 0x0513
mem[X,0x00000000800365FA] -> 0x5555
[8808] [M]: 0x00000000800365F8 (0x55550513) addi a0, a0, 1365
x10 <- 0xFFFFFD5555555555
mem[X,0x00000000800365FC] -> 0x1513
mem[X,0x00000000800365FE] -> 0x00B5
[8809] [M]: 0x00000000800365FC (0x00B51513) slli a0, a0, 11
x10 <- 0xFFEAAAAAAAAAA800
mem[X,0x0000000080036600] -> 0x0513
mem[X,0x0000000080036602] -> 0x2AA5
[8810] [M]: 0x0000000080036600 (0x2AA50513) addi a0, a0, 682
x10 <- 0xFFEAAAAAAAAAAAAA
mem[X,0x0000000080036604] -> 0x1513
mem[X,0x0000000080036606] -> 0x00A5
[8811] [M]: 0x0000000080036604 (0x00A51513) slli a0, a0, 10
x10 <- 0xAAAAAAAAAAAAA800
mem[X,0x0000000080036608] -> 0x0513
mem[X,0x000000008003660A] -> 0x2AB5
[8812] [M]: 0x0000000080036608 (0x2AB50513) addi a0, a0, 683
x10 <- 0xAAAAAAAAAAAAAAAB
mem[X,0x000000008003660C] -> 0x65B7
mem[X,0x000000008003660E] -> 0x6666
[8813] [M]: 0x000000008003660C (0x666665B7) lui a1, 419430
x11 <- 0x0000000066666000
mem[X,0x0000000080036610] -> 0x8593
mem[X,0x0000000080036612] -> 0x6665
[8814] [M]: 0x0000000080036610 (0x66658593) addi a1, a1, 1638
x11 <- 0x0000000066666666
mem[X,0x0000000080036614] -> 0x9593
mem[X,0x0000000080036616] -> 0x00B5
[8815] [M]: 0x0000000080036614 (0x00B59593) slli a1, a1, 11
x11 <- 0x0000033333333000
mem[X,0x0000000080036618] -> 0x8593
mem[X,0x000000008003661A] -> 0x3335
[8816] [M]: 0x0000000080036618 (0x33358593) addi a1, a1, 819
x11 <- 0x0000033333333333
mem[X,0x000000008003661C] -> 0x9593
mem[X,0x000000008003661E] -> 0x00B5
[8817] [M]: 0x000000008003661C (0x00B59593) slli a1, a1, 11
x11 <- 0x0019999999999800
mem[X,0x0000000080036620] -> 0x8593
mem[X,0x0000000080036622] -> 0x1995
[8818] [M]: 0x0000000080036620 (0x19958593) addi a1, a1, 409
x11 <- 0x0019999999999999
mem[X,0x0000000080036624] -> 0x9593
mem[X,0x0000000080036626] -> 0x00A5
[8819] [M]: 0x0000000080036624 (0x00A59593) slli a1, a1, 10
x11 <- 0x6666666666666400
mem[X,0x0000000080036628] -> 0x8593
mem[X,0x000000008003662A] -> 0x2655
[8820] [M]: 0x0000000080036628 (0x26558593) addi a1, a1, 613
x11 <- 0x6666666666666665
mem[X,0x000000008003662C] -> 0x0113
mem[X,0x000000008003662E] -> 0x0000
[8821] [M]: 0x000000008003662C (0x00000113) addi sp, zero, 0
x2 <- 0x0000000000000000
mem[X,0x0000000080036630] -> 0x006F
mem[X,0x0000000080036632] -> 0x0140
[8822] [M]: 0x0000000080036630 (0x0140006F) jal zero, 20
mem[X,0x0000000080036644] -> 0x18E3
mem[X,0x0000000080036646] -> 0xFEB5
[8823] [M]: 0x0000000080036644 (0xFEB518E3) bne a0, a1, 8176
mem[X,0x0000000080036634] -> 0x0113
mem[X,0x0000000080036636] -> 0x0011
[8824] [M]: 0x0000000080036634 (0x00110113) addi sp, sp, 1
x2 <- 0x0000000000000001
mem[X,0x0000000080036638] -> 0x006F
mem[X,0x000000008003663A] -> 0x0200
[8825] [M]: 0x0000000080036638 (0x0200006F) jal zero, 32
mem[X,0x0000000080036658] -> 0xBC23
mem[X,0x000000008003665A] -> 0x0220
[8826] [M]: 0x0000000080036658 (0x0220BC23) sd sp, 56(ra)
mem[0x0000000080046210] <- 0x0000000000000001
mem[X,0x000000008003665C] -> 0xB537
mem[X,0x000000008003665E] -> 0xAAAA
[8827] [M]: 0x000000008003665C (0xAAAAB537) lui a0, 699051
x10 <- 0xFFFFFFFFAAAAB000
mem[X,0x0000000080036660] -> 0x0513
mem[X,0x0000000080036662] -> 0xAAA5
[8828] [M]: 0x0000000080036660 (0xAAA50513) addi a0, a0, 2730
x10 <- 0xFFFFFFFFAAAAAAAA
mem[X,0x0000000080036664] -> 0x1513
mem[X,0x0000000080036666] -> 0x00B5
[8829] [M]: 0x0000000080036664 (0x00B51513) slli a0, a0, 11
x10 <- 0xFFFFFD5555555000
mem[X,0x0000000080036668] -> 0x0513
mem[X,0x000000008003666A] -> 0x5555
[8830] [M]: 0x0000000080036668 (0x55550513) addi a0, a0, 1365
x10 <- 0xFFFFFD5555555555
mem[X,0x000000008003666C] -> 0x1513
mem[X,0x000000008003666E] -> 0x00B5
[8831] [M]: 0x000000008003666C (0x00B51513) slli a0, a0, 11
x10 <- 0xFFEAAAAAAAAAA800
mem[X,0x0000000080036670] -> 0x0513
mem[X,0x0000000080036672] -> 0x2AA5
[8832] [M]: 0x0000000080036670 (0x2AA50513) addi a0, a0, 682
x10 <- 0xFFEAAAAAAAAAAAAA
mem[X,0x0000000080036674] -> 0x1513
mem[X,0x0000000080036676] -> 0x00A5
[8833] [M]: 0x0000000080036674 (0x00A51513) slli a0, a0, 10
x10 <- 0xAAAAAAAAAAAAA800
mem[X,0x0000000080036678] -> 0x0513
mem[X,0x000000008003667A] -> 0x2AB5
[8834] [M]: 0x0000000080036678 (0x2AB50513) addi a0, a0, 683
x10 <- 0xAAAAAAAAAAAAAAAB
mem[X,0x000000008003667C] -> 0x05B7
mem[X,0x000000008003667E] -> 0x0000
[8835] [M]: 0x000000008003667C (0x000005B7) lui a1, 0
x11 <- 0x0000000000000000
mem[X,0x0000000080036680] -> 0x8593
mem[X,0x0000000080036682] -> 0x0005
[8836] [M]: 0x0000000080036680 (0x00058593) addi a1, a1, 0
x11 <- 0x0000000000000000
mem[X,0x0000000080036684] -> 0x9593
mem[X,0x0000000080036686] -> 0x00B5
[8837] [M]: 0x0000000080036684 (0x00B59593) slli a1, a1, 11
x11 <- 0x0000000000000000
mem[X,0x0000000080036688] -> 0x8593
mem[X,0x000000008003668A] -> 0x5A85
[8838] [M]: 0x0000000080036688 (0x5A858593) addi a1, a1, 1448
x11 <- 0x00000000000005A8
mem[X,0x000000008003668C] -> 0x9593
mem[X,0x000000008003668E] -> 0x00B5
[8839] [M]: 0x000000008003668C (0x00B59593) slli a1, a1, 11
x11 <- 0x00000000002D4000
mem[X,0x0000000080036690] -> 0x8593
mem[X,0x0000000080036692] -> 0x13C5
[8840] [M]: 0x0000000080036690 (0x13C58593) addi a1, a1, 316
x11 <- 0x00000000002D413C
mem[X,0x0000000080036694] -> 0x9593
mem[X,0x0000000080036696] -> 0x00A5
[8841] [M]: 0x0000000080036694 (0x00A59593) slli a1, a1, 10
x11 <- 0x00000000B504F000
mem[X,0x0000000080036698] -> 0x8593
mem[X,0x000000008003669A] -> 0x3325
[8842] [M]: 0x0000000080036698 (0x33258593) addi a1, a1, 818
x11 <- 0x00000000B504F332
mem[X,0x000000008003669C] -> 0x0113
mem[X,0x000000008003669E] -> 0x0000
[8843] [M]: 0x000000008003669C (0x00000113) addi sp, zero, 0
x2 <- 0x0000000000000000
mem[X,0x00000000800366A0] -> 0x006F
mem[X,0x00000000800366A2] -> 0x00C0
[8844] [M]: 0x00000000800366A0 (0x00C0006F) jal zero, 12
mem[X,0x00000000800366AC] -> 0x1663
mem[X,0x00000000800366AE] -> 0x00B5
[8845] [M]: 0x00000000800366AC (0x00B51663) bne a0, a1, 12
mem[X,0x00000000800366B8] -> 0x0113
mem[X,0x00000000800366BA] -> 0x0031
[8846] [M]: 0x00000000800366B8 (0x00310113) addi sp, sp, 3
x2 <- 0x0000000000000003
mem[X,0x00000000800366BC] -> 0x006F
mem[X,0x00000000800366BE] -> 0x0040
[8847] [M]: 0x00000000800366BC (0x0040006F) jal zero, 4
mem[X,0x00000000800366C0] -> 0xB023
mem[X,0x00000000800366C2] -> 0x0420
[8848] [M]: 0x00000000800366C0 (0x0420B023) sd sp, 64(ra)
mem[0x0000000080046218] <- 0x0000000000000003
mem[X,0x00000000800366C4] -> 0xB537
mem[X,0x00000000800366C6] -> 0xAAAA
[8849] [M]: 0x00000000800366C4 (0xAAAAB537) lui a0, 699051
x10 <- 0xFFFFFFFFAAAAB000
mem[X,0x00000000800366C8] -> 0x0513
mem[X,0x00000000800366CA] -> 0xAAA5
[8850] [M]: 0x00000000800366C8 (0xAAA50513) addi a0, a0, 2730
x10 <- 0xFFFFFFFFAAAAAAAA
mem[X,0x00000000800366CC] -> 0x1513
mem[X,0x00000000800366CE] -> 0x00B5
[8851] [M]: 0x00000000800366CC (0x00B51513) slli a0, a0, 11
x10 <- 0xFFFFFD5555555000
mem[X,0x00000000800366D0] -> 0x0513
mem[X,0x00000000800366D2] -> 0x5555
[8852] [M]: 0x00000000800366D0 (0x55550513) addi a0, a0, 1365
x10 <- 0xFFFFFD5555555555
mem[X,0x00000000800366D4] -> 0x1513
mem[X,0x00000000800366D6] -> 0x00B5
[8853] [M]: 0x00000000800366D4 (0x00B51513) slli a0, a0, 11
x10 <- 0xFFEAAAAAAAAAA800
mem[X,0x00000000800366D8] -> 0x0513
mem[X,0x00000000800366DA] -> 0x2AA5
[8854] [M]: 0x00000000800366D8 (0x2AA50513) addi a0, a0, 682
x10 <- 0xFFEAAAAAAAAAAAAA
mem[X,0x00000000800366DC] -> 0x1513
mem[X,0x00000000800366DE] -> 0x00A5
[8855] [M]: 0x00000000800366DC (0x00A51513) slli a0, a0, 10
x10 <- 0xAAAAAAAAAAAAA800
mem[X,0x00000000800366E0] -> 0x0513
mem[X,0x00000000800366E2] -> 0x2AB5
[8856] [M]: 0x00000000800366E0 (0x2AB50513) addi a0, a0, 683
x10 <- 0xAAAAAAAAAAAAAAAB
mem[X,0x00000000800366E4] -> 0x55B7
mem[X,0x00000000800366E6] -> 0x5555
[8857] [M]: 0x00000000800366E4 (0x555555B7) lui a1, 349525
x11 <- 0x0000000055555000
mem[X,0x00000000800366E8] -> 0x8593
mem[X,0x00000000800366EA] -> 0x5555
[8858] [M]: 0x00000000800366E8 (0x55558593) addi a1, a1, 1365
x11 <- 0x0000000055555555
mem[X,0x00000000800366EC] -> 0x9593
mem[X,0x00000000800366EE] -> 0x00B5
[8859] [M]: 0x00000000800366EC (0x00B59593) slli a1, a1, 11
x11 <- 0x000002AAAAAAA800
mem[X,0x00000000800366F0] -> 0x8593
mem[X,0x00000000800366F2] -> 0x2AA5
[8860] [M]: 0x00000000800366F0 (0x2AA58593) addi a1, a1, 682
x11 <- 0x000002AAAAAAAAAA
mem[X,0x00000000800366F4] -> 0x9593
mem[X,0x00000000800366F6] -> 0x00B5
[8861] [M]: 0x00000000800366F4 (0x00B59593) slli a1, a1, 11
x11 <- 0x0015555555555000
mem[X,0x00000000800366F8] -> 0x8593
mem[X,0x00000000800366FA] -> 0x5555
[8862] [M]: 0x00000000800366F8 (0x55558593) addi a1, a1, 1365
x11 <- 0x0015555555555555
mem[X,0x00000000800366FC] -> 0x9593
mem[X,0x00000000800366FE] -> 0x00A5
[8863] [M]: 0x00000000800366FC (0x00A59593) slli a1, a1, 10
x11 <- 0x5555555555555400
mem[X,0x0000000080036700] -> 0x8593
mem[X,0x0000000080036702] -> 0x1565
[8864] [M]: 0x0000000080036700 (0x15658593) addi a1, a1, 342
x11 <- 0x5555555555555556
mem[X,0x0000000080036704] -> 0x0113
mem[X,0x0000000080036706] -> 0x0000
[8865] [M]: 0x0000000080036704 (0x00000113) addi sp, zero, 0
x2 <- 0x0000000000000000
mem[X,0x0000000080036708] -> 0x006F
mem[X,0x000000008003670A] -> 0x00C0
[8866] [M]: 0x0000000080036708 (0x00C0006F) jal zero, 12
mem[X,0x0000000080036714] -> 0x1663
mem[X,0x0000000080036716] -> 0x00B5
[8867] [M]: 0x0000000080036714 (0x00B51663) bne a0, a1, 12
mem[X,0x0000000080036720] -> 0x0113
mem[X,0x0000000080036722] -> 0x0031
[8868] [M]: 0x0000000080036720 (0x00310113) addi sp, sp, 3
x2 <- 0x0000000000000003
mem[X,0x0000000080036724] -> 0x006F
mem[X,0x0000000080036726] -> 0x0040
[8869] [M]: 0x0000000080036724 (0x0040006F) jal zero, 4
mem[X,0x0000000080036728] -> 0xB423
mem[X,0x000000008003672A] -> 0x0420
[8870] [M]: 0x0000000080036728 (0x0420B423) sd sp, 72(ra)
mem[0x0000000080046220] <- 0x0000000000000003
mem[X,0x000000008003672C] -> 0xB537
mem[X,0x000000008003672E] -> 0xAAAA
[8871] [M]: 0x000000008003672C (0xAAAAB537) lui a0, 699051
x10 <- 0xFFFFFFFFAAAAB000
mem[X,0x0000000080036730] -> 0x0513
mem[X,0x0000000080036732] -> 0xAAA5
[8872] [M]: 0x0000000080036730 (0xAAA50513) addi a0, a0, 2730
x10 <- 0xFFFFFFFFAAAAAAAA
mem[X,0x0000000080036734] -> 0x1513
mem[X,0x0000000080036736] -> 0x00B5
[8873] [M]: 0x0000000080036734 (0x00B51513) slli a0, a0, 11
x10 <- 0xFFFFFD5555555000
mem[X,0x0000000080036738] -> 0x0513
mem[X,0x000000008003673A] -> 0x5555
[8874] [M]: 0x0000000080036738 (0x55550513) addi a0, a0, 1365
x10 <- 0xFFFFFD5555555555
mem[X,0x000000008003673C] -> 0x1513
mem[X,0x000000008003673E] -> 0x00B5
[8875] [M]: 0x000000008003673C (0x00B51513) slli a0, a0, 11
x10 <- 0xFFEAAAAAAAAAA800
mem[X,0x0000000080036740] -> 0x0513
mem[X,0x0000000080036742] -> 0x2AA5
[8876] [M]: 0x0000000080036740 (0x2AA50513) addi a0, a0, 682
x10 <- 0xFFEAAAAAAAAAAAAA
mem[X,0x0000000080036744] -> 0x1513
mem[X,0x0000000080036746] -> 0x00A5
[8877] [M]: 0x0000000080036744 (0x00A51513) slli a0, a0, 10
x10 <- 0xAAAAAAAAAAAAA800
mem[X,0x0000000080036748] -> 0x0513
mem[X,0x000000008003674A] -> 0x2AB5
[8878] [M]: 0x0000000080036748 (0x2AB50513) addi a0, a0, 683
x10 <- 0xAAAAAAAAAAAAAAAB
mem[X,0x000000008003674C] -> 0xB5B7
mem[X,0x000000008003674E] -> 0xAAAA
[8879] [M]: 0x000000008003674C (0xAAAAB5B7) lui a1, 699051
x11 <- 0xFFFFFFFFAAAAB000
mem[X,0x0000000080036750] -> 0x8593
mem[X,0x0000000080036752] -> 0xAAA5
[8880] [M]: 0x0000000080036750 (0xAAA58593) addi a1, a1, 2730
x11 <- 0xFFFFFFFFAAAAAAAA
mem[X,0x0000000080036754] -> 0x9593
mem[X,0x0000000080036756] -> 0x00B5
[8881] [M]: 0x0000000080036754 (0x00B59593) slli a1, a1, 11
x11 <- 0xFFFFFD5555555000
mem[X,0x0000000080036758] -> 0x8593
mem[X,0x000000008003675A] -> 0x5555
[8882] [M]: 0x0000000080036758 (0x55558593) addi a1, a1, 1365
x11 <- 0xFFFFFD5555555555
mem[X,0x000000008003675C] -> 0x9593
mem[X,0x000000008003675E] -> 0x00B5
[8883] [M]: 0x000000008003675C (0x00B59593) slli a1, a1, 11
x11 <- 0xFFEAAAAAAAAAA800
mem[X,0x0000000080036760] -> 0x8593
mem[X,0x0000000080036762] -> 0x2AA5
[8884] [M]: 0x0000000080036760 (0x2AA58593) addi a1, a1, 682
x11 <- 0xFFEAAAAAAAAAAAAA
mem[X,0x0000000080036764] -> 0x9593
mem[X,0x0000000080036766] -> 0x00A5
[8885] [M]: 0x0000000080036764 (0x00A59593) slli a1, a1, 10
x11 <- 0xAAAAAAAAAAAAA800
mem[X,0x0000000080036768] -> 0x8593
mem[X,0x000000008003676A] -> 0x2AB5
[8886] [M]: 0x0000000080036768 (0x2AB58593) addi a1, a1, 683
x11 <- 0xAAAAAAAAAAAAAAAB
mem[X,0x000000008003676C] -> 0x0113
mem[X,0x000000008003676E] -> 0x0000
[8887] [M]: 0x000000008003676C (0x00000113) addi sp, zero, 0
x2 <- 0x0000000000000000
mem[X,0x0000000080036770] -> 0x006F
mem[X,0x0000000080036772] -> 0x00C0
[8888] [M]: 0x0000000080036770 (0x00C0006F) jal zero, 12
mem[X,0x000000008003677C] -> 0x1063
mem[X,0x000000008003677E] -> 0x10B5
[8889] [M]: 0x000000008003677C (0x10B51063) bne a0, a1, 256
mem[X,0x0000000080036780] -> 0x0113
mem[X,0x0000000080036782] -> 0x0021
[8890] [M]: 0x0000000080036780 (0x00210113) addi sp, sp, 2
x2 <- 0x0000000000000002
mem[X,0x0000000080036784] -> 0x006F
mem[X,0x0000000080036786] -> 0x1000
[8891] [M]: 0x0000000080036784 (0x1000006F) jal zero, 256
mem[X,0x0000000080036884] -> 0xB823
mem[X,0x0000000080036886] -> 0x0420
[8892] [M]: 0x0000000080036884 (0x0420B823) sd sp, 80(ra)
mem[0x0000000080046228] <- 0x0000000000000002
mem[X,0x0000000080036888] -> 0xB537
mem[X,0x000000008003688A] -> 0xAAAA
[8893] [M]: 0x0000000080036888 (0xAAAAB537) lui a0, 699051
x10 <- 0xFFFFFFFFAAAAB000
mem[X,0x000000008003688C] -> 0x0513
mem[X,0x000000008003688E] -> 0xAAA5
[8894] [M]: 0x000000008003688C (0xAAA50513) addi a0, a0, 2730
x10 <- 0xFFFFFFFFAAAAAAAA
mem[X,0x0000000080036890] -> 0x1513
mem[X,0x0000000080036892] -> 0x00B5
[8895] [M]: 0x0000000080036890 (0x00B51513) slli a0, a0, 11
x10 <- 0xFFFFFD5555555000
mem[X,0x0000000080036894] -> 0x0513
mem[X,0x0000000080036896] -> 0x5555
[8896] [M]: 0x0000000080036894 (0x55550513) addi a0, a0, 1365
x10 <- 0xFFFFFD5555555555
mem[X,0x0000000080036898] -> 0x1513
mem[X,0x000000008003689A] -> 0x00B5
[8897] [M]: 0x0000000080036898 (0x00B51513) slli a0, a0, 11
x10 <- 0xFFEAAAAAAAAAA800
mem[X,0x000000008003689C] -> 0x0513
mem[X,0x000000008003689E] -> 0x2AA5
[8898] [M]: 0x000000008003689C (0x2AA50513) addi a0, a0, 682
x10 <- 0xFFEAAAAAAAAAAAAA
mem[X,0x00000000800368A0] -> 0x1513
mem[X,0x00000000800368A2] -> 0x00A5
[8899] [M]: 0x00000000800368A0 (0x00A51513) slli a0, a0, 10
x10 <- 0xAAAAAAAAAAAAA800
clint::tick mtime <- 0x0000000000000059
 clint timer pending at mtime 0x0000000000000059
htif::tick 0x0000000000000000
mem[X,0x00000000800368A4] -> 0x0513
mem[X,0x00000000800368A6] -> 0x2AB5
[8900] [M]: 0x00000000800368A4 (0x2AB50513) addi a0, a0, 683
x10 <- 0xAAAAAAAAAAAAAAAB
mem[X,0x00000000800368A8] -> 0x0593
mem[X,0x00000000800368AA] -> 0x0060
[8901] [M]: 0x00000000800368A8 (0x00600593) addi a1, zero, 6
x11 <- 0x0000000000000006
mem[X,0x00000000800368AC] -> 0x0113
mem[X,0x00000000800368AE] -> 0x0000
[8902] [M]: 0x00000000800368AC (0x00000113) addi sp, zero, 0
x2 <- 0x0000000000000000
mem[X,0x00000000800368B0] -> 0x006F
mem[X,0x00000000800368B2] -> 0x00C0
[8903] [M]: 0x00000000800368B0 (0x00C0006F) jal zero, 12
mem[X,0x00000000800368BC] -> 0x1063
mem[X,0x00000000800368BE] -> 0x08B5
[8904] [M]: 0x00000000800368BC (0x08B51063) bne a0, a1, 128
mem[X,0x000000008003693C] -> 0x0113
mem[X,0x000000008003693E] -> 0x0031
[8905] [M]: 0x000000008003693C (0x00310113) addi sp, sp, 3
x2 <- 0x0000000000000003
mem[X,0x0000000080036940] -> 0x006F
mem[X,0x0000000080036942] -> 0x0040
[8906] [M]: 0x0000000080036940 (0x0040006F) jal zero, 4
mem[X,0x0000000080036944] -> 0xBC23
mem[X,0x0000000080036946] -> 0x0420
[8907] [M]: 0x0000000080036944 (0x0420BC23) sd sp, 88(ra)
mem[0x0000000080046230] <- 0x0000000000000003
mem[X,0x0000000080036948] -> 0xB537
mem[X,0x000000008003694A] -> 0xAAAA
[8908] [M]: 0x0000000080036948 (0xAAAAB537) lui a0, 699051
x10 <- 0xFFFFFFFFAAAAB000
mem[X,0x000000008003694C] -> 0x0513
mem[X,0x000000008003694E] -> 0xAAA5
[8909] [M]: 0x000000008003694C (0xAAA50513) addi a0, a0, 2730
x10 <- 0xFFFFFFFFAAAAAAAA
mem[X,0x0000000080036950] -> 0x1513
mem[X,0x0000000080036952] -> 0x00B5
[8910] [M]: 0x0000000080036950 (0x00B51513) slli a0, a0, 11
x10 <- 0xFFFFFD5555555000
mem[X,0x0000000080036954] -> 0x0513
mem[X,0x0000000080036956] -> 0x5555
[8911] [M]: 0x0000000080036954 (0x55550513) addi a0, a0, 1365
x10 <- 0xFFFFFD5555555555
mem[X,0x0000000080036958] -> 0x1513
mem[X,0x000000008003695A] -> 0x00B5
[8912] [M]: 0x0000000080036958 (0x00B51513) slli a0, a0, 11
x10 <- 0xFFEAAAAAAAAAA800
mem[X,0x000000008003695C] -> 0x0513
mem[X,0x000000008003695E] -> 0x2AA5
[8913] [M]: 0x000000008003695C (0x2AA50513) addi a0, a0, 682
x10 <- 0xFFEAAAAAAAAAAAAA
mem[X,0x0000000080036960] -> 0x1513
mem[X,0x0000000080036962] -> 0x00A5
[8914] [M]: 0x0000000080036960 (0x00A51513) slli a0, a0, 10
x10 <- 0xAAAAAAAAAAAAA800
mem[X,0x0000000080036964] -> 0x0513
mem[X,0x0000000080036966] -> 0x2AB5
[8915] [M]: 0x0000000080036964 (0x2AB50513) addi a0, a0, 683
x10 <- 0xAAAAAAAAAAAAAAAB
mem[X,0x0000000080036968] -> 0x35B7
mem[X,0x000000008003696A] -> 0x3333
[8916] [M]: 0x0000000080036968 (0x333335B7) lui a1, 209715
x11 <- 0x0000000033333000
mem[X,0x000000008003696C] -> 0x8593
mem[X,0x000000008003696E] -> 0x3335
[8917] [M]: 0x000000008003696C (0x33358593) addi a1, a1, 819
x11 <- 0x0000000033333333
mem[X,0x0000000080036970] -> 0x9593
mem[X,0x0000000080036972] -> 0x00B5
[8918] [M]: 0x0000000080036970 (0x00B59593) slli a1, a1, 11
x11 <- 0x0000019999999800
mem[X,0x0000000080036974] -> 0x8593
mem[X,0x0000000080036976] -> 0x1995
[8919] [M]: 0x0000000080036974 (0x19958593) addi a1, a1, 409
x11 <- 0x0000019999999999
mem[X,0x0000000080036978] -> 0x9593
mem[X,0x000000008003697A] -> 0x00B5
[8920] [M]: 0x0000000080036978 (0x00B59593) slli a1, a1, 11
x11 <- 0x000CCCCCCCCCC800
mem[X,0x000000008003697C] -> 0x8593
mem[X,0x000000008003697E] -> 0x4CC5
[8921] [M]: 0x000000008003697C (0x4CC58593) addi a1, a1, 1228
x11 <- 0x000CCCCCCCCCCCCC
mem[X,0x0000000080036980] -> 0x9593
mem[X,0x0000000080036982] -> 0x00A5
[8922] [M]: 0x0000000080036980 (0x00A59593) slli a1, a1, 10
x11 <- 0x3333333333333000
mem[X,0x0000000080036984] -> 0x8593
mem[X,0x0000000080036986] -> 0x3345
[8923] [M]: 0x0000000080036984 (0x33458593) addi a1, a1, 820
x11 <- 0x3333333333333334
mem[X,0x0000000080036988] -> 0x0113
mem[X,0x000000008003698A] -> 0x0000
[8924] [M]: 0x0000000080036988 (0x00000113) addi sp, zero, 0
x2 <- 0x0000000000000000
mem[X,0x000000008003698C] -> 0x006F
mem[X,0x000000008003698E] -> 0x00C0
[8925] [M]: 0x000000008003698C (0x00C0006F) jal zero, 12
mem[X,0x0000000080036998] -> 0x1663
mem[X,0x000000008003699A] -> 0x00B5
[8926] [M]: 0x0000000080036998 (0x00B51663) bne a0, a1, 12
mem[X,0x00000000800369A4] -> 0x0113
mem[X,0x00000000800369A6] -> 0x0031
[8927] [M]: 0x00000000800369A4 (0x00310113) addi sp, sp, 3
x2 <- 0x0000000000000003
mem[X,0x00000000800369A8] -> 0x006F
mem[X,0x00000000800369AA] -> 0x0040
[8928] [M]: 0x00000000800369A8 (0x0040006F) jal zero, 4
mem[X,0x00000000800369AC] -> 0xB023
mem[X,0x00000000800369AE] -> 0x0620
[8929] [M]: 0x00000000800369AC (0x0620B023) sd sp, 96(ra)
mem[0x0000000080046238] <- 0x0000000000000003
mem[X,0x00000000800369B0] -> 0x0513
mem[X,0x00000000800369B2] -> 0x0000
[8930] [M]: 0x00000000800369B0 (0x00000513) addi a0, zero, 0
x10 <- 0x0000000000000000
mem[X,0x00000000800369B4] -> 0x65B7
mem[X,0x00000000800369B6] -> 0x6666
[8931] [M]: 0x00000000800369B4 (0x666665B7) lui a1, 419430
x11 <- 0x0000000066666000
mem[X,0x00000000800369B8] -> 0x8593
mem[X,0x00000000800369BA] -> 0x6665
[8932] [M]: 0x00000000800369B8 (0x66658593) addi a1, a1, 1638
x11 <- 0x0000000066666666
mem[X,0x00000000800369BC] -> 0x9593
mem[X,0x00000000800369BE] -> 0x00B5
[8933] [M]: 0x00000000800369BC (0x00B59593) slli a1, a1, 11
x11 <- 0x0000033333333000
mem[X,0x00000000800369C0] -> 0x8593
mem[X,0x00000000800369C2] -> 0x3335
[8934] [M]: 0x00000000800369C0 (0x33358593) addi a1, a1, 819
x11 <- 0x0000033333333333
mem[X,0x00000000800369C4] -> 0x9593
mem[X,0x00000000800369C6] -> 0x00B5
[8935] [M]: 0x00000000800369C4 (0x00B59593) slli a1, a1, 11
x11 <- 0x0019999999999800
mem[X,0x00000000800369C8] -> 0x8593
mem[X,0x00000000800369CA] -> 0x1995
[8936] [M]: 0x00000000800369C8 (0x19958593) addi a1, a1, 409
x11 <- 0x0019999999999999
mem[X,0x00000000800369CC] -> 0x9593
mem[X,0x00000000800369CE] -> 0x00A5
[8937] [M]: 0x00000000800369CC (0x00A59593) slli a1, a1, 10
x11 <- 0x6666666666666400
mem[X,0x00000000800369D0] -> 0x8593
mem[X,0x00000000800369D2] -> 0x2655
[8938] [M]: 0x00000000800369D0 (0x26558593) addi a1, a1, 613
x11 <- 0x6666666666666665
mem[X,0x00000000800369D4] -> 0x0113
mem[X,0x00000000800369D6] -> 0x0000
[8939] [M]: 0x00000000800369D4 (0x00000113) addi sp, zero, 0
x2 <- 0x0000000000000000
mem[X,0x00000000800369D8] -> 0x006F
mem[X,0x00000000800369DA] -> 0x0140
[8940] [M]: 0x00000000800369D8 (0x0140006F) jal zero, 20
mem[X,0x00000000800369EC] -> 0x18E3
mem[X,0x00000000800369EE] -> 0xFEB5
[8941] [M]: 0x00000000800369EC (0xFEB518E3) bne a0, a1, 8176
mem[X,0x00000000800369DC] -> 0x0113
mem[X,0x00000000800369DE] -> 0x0011
[8942] [M]: 0x00000000800369DC (0x00110113) addi sp, sp, 1
x2 <- 0x0000000000000001
mem[X,0x00000000800369E0] -> 0x006F
mem[X,0x00000000800369E2] -> 0x0200
[8943] [M]: 0x00000000800369E0 (0x0200006F) jal zero, 32
mem[X,0x0000000080036A00] -> 0xB423
mem[X,0x0000000080036A02] -> 0x0620
[8944] [M]: 0x0000000080036A00 (0x0620B423) sd sp, 104(ra)
mem[0x0000000080046240] <- 0x0000000000000001
mem[X,0x0000000080036A04] -> 0xB537
mem[X,0x0000000080036A06] -> 0xAAAA
[8945] [M]: 0x0000000080036A04 (0xAAAAB537) lui a0, 699051
x10 <- 0xFFFFFFFFAAAAB000
mem[X,0x0000000080036A08] -> 0x0513
mem[X,0x0000000080036A0A] -> 0xAAA5
[8946] [M]: 0x0000000080036A08 (0xAAA50513) addi a0, a0, 2730
x10 <- 0xFFFFFFFFAAAAAAAA
mem[X,0x0000000080036A0C] -> 0x1513
mem[X,0x0000000080036A0E] -> 0x00B5
[8947] [M]: 0x0000000080036A0C (0x00B51513) slli a0, a0, 11
x10 <- 0xFFFFFD5555555000
mem[X,0x0000000080036A10] -> 0x0513
mem[X,0x0000000080036A12] -> 0x5555
[8948] [M]: 0x0000000080036A10 (0x55550513) addi a0, a0, 1365
x10 <- 0xFFFFFD5555555555
mem[X,0x0000000080036A14] -> 0x1513
mem[X,0x0000000080036A16] -> 0x00B5
[8949] [M]: 0x0000000080036A14 (0x00B51513) slli a0, a0, 11
x10 <- 0xFFEAAAAAAAAAA800
mem[X,0x0000000080036A18] -> 0x0513
mem[X,0x0000000080036A1A] -> 0x2AA5
[8950] [M]: 0x0000000080036A18 (0x2AA50513) addi a0, a0, 682
x10 <- 0xFFEAAAAAAAAAAAAA
mem[X,0x0000000080036A1C] -> 0x1513
mem[X,0x0000000080036A1E] -> 0x00A5
[8951] [M]: 0x0000000080036A1C (0x00A51513) slli a0, a0, 10
x10 <- 0xAAAAAAAAAAAAA800
mem[X,0x0000000080036A20] -> 0x0513
mem[X,0x0000000080036A22] -> 0x2AB5
[8952] [M]: 0x0000000080036A20 (0x2AB50513) addi a0, a0, 683
x10 <- 0xAAAAAAAAAAAAAAAB
mem[X,0x0000000080036A24] -> 0x65B7
mem[X,0x0000000080036A26] -> 0x6666
[8953] [M]: 0x0000000080036A24 (0x666665B7) lui a1, 419430
x11 <- 0x0000000066666000
mem[X,0x0000000080036A28] -> 0x8593
mem[X,0x0000000080036A2A] -> 0x6665
[8954] [M]: 0x0000000080036A28 (0x66658593) addi a1, a1, 1638
x11 <- 0x0000000066666666
mem[X,0x0000000080036A2C] -> 0x9593
mem[X,0x0000000080036A2E] -> 0x00B5
[8955] [M]: 0x0000000080036A2C (0x00B59593) slli a1, a1, 11
x11 <- 0x0000033333333000
mem[X,0x0000000080036A30] -> 0x8593
mem[X,0x0000000080036A32] -> 0x3335
[8956] [M]: 0x0000000080036A30 (0x33358593) addi a1, a1, 819
x11 <- 0x0000033333333333
mem[X,0x0000000080036A34] -> 0x9593
mem[X,0x0000000080036A36] -> 0x00B5
[8957] [M]: 0x0000000080036A34 (0x00B59593) slli a1, a1, 11
x11 <- 0x0019999999999800
mem[X,0x0000000080036A38] -> 0x8593
mem[X,0x0000000080036A3A] -> 0x1995
[8958] [M]: 0x0000000080036A38 (0x19958593) addi a1, a1, 409
x11 <- 0x0019999999999999
mem[X,0x0000000080036A3C] -> 0x9593
mem[X,0x0000000080036A3E] -> 0x00A5
[8959] [M]: 0x0000000080036A3C (0x00A59593) slli a1, a1, 10
x11 <- 0x6666666666666400
mem[X,0x0000000080036A40] -> 0x8593
mem[X,0x0000000080036A42] -> 0x2675
[8960] [M]: 0x0000000080036A40 (0x26758593) addi a1, a1, 615
x11 <- 0x6666666666666667
mem[X,0x0000000080036A44] -> 0x0113
mem[X,0x0000000080036A46] -> 0x0000
[8961] [M]: 0x0000000080036A44 (0x00000113) addi sp, zero, 0
x2 <- 0x0000000000000000
mem[X,0x0000000080036A48] -> 0x006F
mem[X,0x0000000080036A4A] -> 0x00C0
[8962] [M]: 0x0000000080036A48 (0x00C0006F) jal zero, 12
mem[X,0x0000000080036A54] -> 0x1863
mem[X,0x0000000080036A56] -> 0x00B5
[8963] [M]: 0x0000000080036A54 (0x00B51863) bne a0, a1, 16
mem[X,0x0000000080036A64] -> 0x0113
mem[X,0x0000000080036A66] -> 0x0031
[8964] [M]: 0x0000000080036A64 (0x00310113) addi sp, sp, 3
x2 <- 0x0000000000000003
mem[X,0x0000000080036A68] -> 0x006F
mem[X,0x0000000080036A6A] -> 0x0040
[8965] [M]: 0x0000000080036A68 (0x0040006F) jal zero, 4
mem[X,0x0000000080036A6C] -> 0xB823
mem[X,0x0000000080036A6E] -> 0x0620
[8966] [M]: 0x0000000080036A6C (0x0620B823) sd sp, 112(ra)
mem[0x0000000080046248] <- 0x0000000000000003
mem[X,0x0000000080036A70] -> 0xB537
mem[X,0x0000000080036A72] -> 0xAAAA
[8967] [M]: 0x0000000080036A70 (0xAAAAB537) lui a0, 699051
x10 <- 0xFFFFFFFFAAAAB000
mem[X,0x0000000080036A74] -> 0x0513
mem[X,0x0000000080036A76] -> 0xAAA5
[8968] [M]: 0x0000000080036A74 (0xAAA50513) addi a0, a0, 2730
x10 <- 0xFFFFFFFFAAAAAAAA
mem[X,0x0000000080036A78] -> 0x1513
mem[X,0x0000000080036A7A] -> 0x00B5
[8969] [M]: 0x0000000080036A78 (0x00B51513) slli a0, a0, 11
x10 <- 0xFFFFFD5555555000
mem[X,0x0000000080036A7C] -> 0x0513
mem[X,0x0000000080036A7E] -> 0x5555
[8970] [M]: 0x0000000080036A7C (0x55550513) addi a0, a0, 1365
x10 <- 0xFFFFFD5555555555
mem[X,0x0000000080036A80] -> 0x1513
mem[X,0x0000000080036A82] -> 0x00B5
[8971] [M]: 0x0000000080036A80 (0x00B51513) slli a0, a0, 11
x10 <- 0xFFEAAAAAAAAAA800
mem[X,0x0000000080036A84] -> 0x0513
mem[X,0x0000000080036A86] -> 0x2AA5
[8972] [M]: 0x0000000080036A84 (0x2AA50513) addi a0, a0, 682
x10 <- 0xFFEAAAAAAAAAAAAA
mem[X,0x0000000080036A88] -> 0x1513
mem[X,0x0000000080036A8A] -> 0x00A5
[8973] [M]: 0x0000000080036A88 (0x00A51513) slli a0, a0, 10
x10 <- 0xAAAAAAAAAAAAA800
mem[X,0x0000000080036A8C] -> 0x0513
mem[X,0x0000000080036A8E] -> 0x2AB5
[8974] [M]: 0x0000000080036A8C (0x2AB50513) addi a0, a0, 683
x10 <- 0xAAAAAAAAAAAAAAAB
mem[X,0x0000000080036A90] -> 0x05B7
mem[X,0x0000000080036A92] -> 0x0000
[8975] [M]: 0x0000000080036A90 (0x000005B7) lui a1, 0
x11 <- 0x0000000000000000
mem[X,0x0000000080036A94] -> 0x8593
mem[X,0x0000000080036A96] -> 0xFFF5
[8976] [M]: 0x0000000080036A94 (0xFFF58593) addi a1, a1, 4095
x11 <- 0xFFFFFFFFFFFFFFFF
mem[X,0x0000000080036A98] -> 0x9593
mem[X,0x0000000080036A9A] -> 0x00B5
[8977] [M]: 0x0000000080036A98 (0x00B59593) slli a1, a1, 11
x11 <- 0xFFFFFFFFFFFFF800
mem[X,0x0000000080036A9C] -> 0x8593
mem[X,0x0000000080036A9E] -> 0x2575
[8978] [M]: 0x0000000080036A9C (0x25758593) addi a1, a1, 599
x11 <- 0xFFFFFFFFFFFFFA57
mem[X,0x0000000080036AA0] -> 0x9593
mem[X,0x0000000080036AA2] -> 0x00B5
[8979] [M]: 0x0000000080036AA0 (0x00B59593) slli a1, a1, 11
x11 <- 0xFFFFFFFFFFD2B800
mem[X,0x0000000080036AA4] -> 0x8593
mem[X,0x0000000080036AA6] -> 0x6C35
[8980] [M]: 0x0000000080036AA4 (0x6C358593) addi a1, a1, 1731
x11 <- 0xFFFFFFFFFFD2BEC3
mem[X,0x0000000080036AA8] -> 0x9593
mem[X,0x0000000080036AAA] -> 0x00A5
[8981] [M]: 0x0000000080036AA8 (0x00A59593) slli a1, a1, 10
x11 <- 0xFFFFFFFF4AFB0C00
mem[X,0x0000000080036AAC] -> 0x8593
mem[X,0x0000000080036AAE] -> 0x0CE5
[8982] [M]: 0x0000000080036AAC (0x0CE58593) addi a1, a1, 206
x11 <- 0xFFFFFFFF4AFB0CCE
mem[X,0x0000000080036AB0] -> 0x0113
mem[X,0x0000000080036AB2] -> 0x0000
[8983] [M]: 0x0000000080036AB0 (0x00000113) addi sp, zero, 0
x2 <- 0x0000000000000000
mem[X,0x0000000080036AB4] -> 0x006F
mem[X,0x0000000080036AB6] -> 0x00C0
[8984] [M]: 0x0000000080036AB4 (0x00C0006F) jal zero, 12
mem[X,0x0000000080036AC0] -> 0x1663
mem[X,0x0000000080036AC2] -> 0x00B5
[8985] [M]: 0x0000000080036AC0 (0x00B51663) bne a0, a1, 12
mem[X,0x0000000080036ACC] -> 0x0113
mem[X,0x0000000080036ACE] -> 0x0031
[8986] [M]: 0x0000000080036ACC (0x00310113) addi sp, sp, 3
x2 <- 0x0000000000000003
mem[X,0x0000000080036AD0] -> 0x006F
mem[X,0x0000000080036AD2] -> 0x0040
[8987] [M]: 0x0000000080036AD0 (0x0040006F) jal zero, 4
mem[X,0x0000000080036AD4] -> 0xBC23
mem[X,0x0000000080036AD6] -> 0x0620
[8988] [M]: 0x0000000080036AD4 (0x0620BC23) sd sp, 120(ra)
mem[0x0000000080046250] <- 0x0000000000000003
mem[X,0x0000000080036AD8] -> 0xB537
mem[X,0x0000000080036ADA] -> 0xAAAA
[8989] [M]: 0x0000000080036AD8 (0xAAAAB537) lui a0, 699051
x10 <- 0xFFFFFFFFAAAAB000
mem[X,0x0000000080036ADC] -> 0x0513
mem[X,0x0000000080036ADE] -> 0xAAA5
[8990] [M]: 0x0000000080036ADC (0xAAA50513) addi a0, a0, 2730
x10 <- 0xFFFFFFFFAAAAAAAA
mem[X,0x0000000080036AE0] -> 0x1513
mem[X,0x0000000080036AE2] -> 0x00B5
[8991] [M]: 0x0000000080036AE0 (0x00B51513) slli a0, a0, 11
x10 <- 0xFFFFFD5555555000
mem[X,0x0000000080036AE4] -> 0x0513
mem[X,0x0000000080036AE6] -> 0x5555
[8992] [M]: 0x0000000080036AE4 (0x55550513) addi a0, a0, 1365
x10 <- 0xFFFFFD5555555555
mem[X,0x0000000080036AE8] -> 0x1513
mem[X,0x0000000080036AEA] -> 0x00B5
[8993] [M]: 0x0000000080036AE8 (0x00B51513) slli a0, a0, 11
x10 <- 0xFFEAAAAAAAAAA800
mem[X,0x0000000080036AEC] -> 0x0513
mem[X,0x0000000080036AEE] -> 0x2AA5
[8994] [M]: 0x0000000080036AEC (0x2AA50513) addi a0, a0, 682
x10 <- 0xFFEAAAAAAAAAAAAA
mem[X,0x0000000080036AF0] -> 0x1513
mem[X,0x0000000080036AF2] -> 0x00A5
[8995] [M]: 0x0000000080036AF0 (0x00A51513) slli a0, a0, 10
x10 <- 0xAAAAAAAAAAAAA800
mem[X,0x0000000080036AF4] -> 0x0513
mem[X,0x0000000080036AF6] -> 0x2AB5
[8996] [M]: 0x0000000080036AF4 (0x2AB50513) addi a0, a0, 683
x10 <- 0xAAAAAAAAAAAAAAAB
mem[X,0x0000000080036AF8] -> 0x05B7
mem[X,0x0000000080036AFA] -> 0x0000
[8997] [M]: 0x0000000080036AF8 (0x000005B7) lui a1, 0
x11 <- 0x0000000000000000
mem[X,0x0000000080036AFC] -> 0x8593
mem[X,0x0000000080036AFE] -> 0x0005
[8998] [M]: 0x0000000080036AFC (0x00058593) addi a1, a1, 0
x11 <- 0x0000000000000000
mem[X,0x0000000080036B00] -> 0x9593
mem[X,0x0000000080036B02] -> 0x00B5
[8999] [M]: 0x0000000080036B00 (0x00B59593) slli a1, a1, 11
x11 <- 0x0000000000000000
clint::tick mtime <- 0x000000000000005A
 clint timer pending at mtime 0x000000000000005A
htif::tick 0x0000000000000000
mem[X,0x0000000080036B04] -> 0x8593
mem[X,0x0000000080036B06] -> 0x5A85
[9000] [M]: 0x0000000080036B04 (0x5A858593) addi a1, a1, 1448
x11 <- 0x00000000000005A8
mem[X,0x0000000080036B08] -> 0x9593
mem[X,0x0000000080036B0A] -> 0x00B5
[9001] [M]: 0x0000000080036B08 (0x00B59593) slli a1, a1, 11
x11 <- 0x00000000002D4000
mem[X,0x0000000080036B0C] -> 0x8593
mem[X,0x0000000080036B0E] -> 0x13C5
[9002] [M]: 0x0000000080036B0C (0x13C58593) addi a1, a1, 316
x11 <- 0x00000000002D413C
mem[X,0x0000000080036B10] -> 0x9593
mem[X,0x0000000080036B12] -> 0x00A5
[9003] [M]: 0x0000000080036B10 (0x00A59593) slli a1, a1, 10
x11 <- 0x00000000B504F000
mem[X,0x0000000080036B14] -> 0x8593
mem[X,0x0000000080036B16] -> 0x3345
[9004] [M]: 0x0000000080036B14 (0x33458593) addi a1, a1, 820
x11 <- 0x00000000B504F334
mem[X,0x0000000080036B18] -> 0x0113
mem[X,0x0000000080036B1A] -> 0x0000
[9005] [M]: 0x0000000080036B18 (0x00000113) addi sp, zero, 0
x2 <- 0x0000000000000000
mem[X,0x0000000080036B1C] -> 0x006F
mem[X,0x0000000080036B1E] -> 0x00C0
[9006] [M]: 0x0000000080036B1C (0x00C0006F) jal zero, 12
mem[X,0x0000000080036B28] -> 0x1CE3
mem[X,0x0000000080036B2A] -> 0xFEB5
[9007] [M]: 0x0000000080036B28 (0xFEB51CE3) bne a0, a1, 8184
mem[X,0x0000000080036B20] -> 0x0113
mem[X,0x0000000080036B22] -> 0x0011
[9008] [M]: 0x0000000080036B20 (0x00110113) addi sp, sp, 1
x2 <- 0x0000000000000001
mem[X,0x0000000080036B24] -> 0x006F
mem[X,0x0000000080036B26] -> 0x0180
[9009] [M]: 0x0000000080036B24 (0x0180006F) jal zero, 24
mem[X,0x0000000080036B3C] -> 0xB023
mem[X,0x0000000080036B3E] -> 0x0820
[9010] [M]: 0x0000000080036B3C (0x0820B023) sd sp, 128(ra)
mem[0x0000000080046258] <- 0x0000000000000001
mem[X,0x0000000080036B40] -> 0x0513
mem[X,0x0000000080036B42] -> 0x0060
[9011] [M]: 0x0000000080036B40 (0x00600513) addi a0, zero, 6
x10 <- 0x0000000000000006
mem[X,0x0000000080036B44] -> 0x0593
mem[X,0x0000000080036B46] -> 0x0030
[9012] [M]: 0x0000000080036B44 (0x00300593) addi a1, zero, 3
x11 <- 0x0000000000000003
mem[X,0x0000000080036B48] -> 0x0113
mem[X,0x0000000080036B4A] -> 0x0000
[9013] [M]: 0x0000000080036B48 (0x00000113) addi sp, zero, 0
x2 <- 0x0000000000000000
mem[X,0x0000000080036B4C] -> 0x006F
mem[X,0x0000000080036B4E] -> 0x0140
[9014] [M]: 0x0000000080036B4C (0x0140006F) jal zero, 20
mem[X,0x0000000080036B60] -> 0x18E3
mem[X,0x0000000080036B62] -> 0xFEB5
[9015] [M]: 0x0000000080036B60 (0xFEB518E3) bne a0, a1, 8176
mem[X,0x0000000080036B50] -> 0x0113
mem[X,0x0000000080036B52] -> 0x0011
[9016] [M]: 0x0000000080036B50 (0x00110113) addi sp, sp, 1
x2 <- 0x0000000000000001
mem[X,0x0000000080036B54] -> 0x006F
mem[X,0x0000000080036B56] -> 0x0200
[9017] [M]: 0x0000000080036B54 (0x0200006F) jal zero, 32
mem[X,0x0000000080036B74] -> 0xB423
mem[X,0x0000000080036B76] -> 0x0820
[9018] [M]: 0x0000000080036B74 (0x0820B423) sd sp, 136(ra)
mem[0x0000000080046260] <- 0x0000000000000001
mem[X,0x0000000080036B78] -> 0x0513
mem[X,0x0000000080036B7A] -> 0x0060
[9019] [M]: 0x0000000080036B78 (0x00600513) addi a0, zero, 6
x10 <- 0x0000000000000006
mem[X,0x0000000080036B7C] -> 0x55B7
mem[X,0x0000000080036B7E] -> 0x5555
[9020] [M]: 0x0000000080036B7C (0x555555B7) lui a1, 349525
x11 <- 0x0000000055555000
mem[X,0x0000000080036B80] -> 0x8593
mem[X,0x0000000080036B82] -> 0x5555
[9021] [M]: 0x0000000080036B80 (0x55558593) addi a1, a1, 1365
x11 <- 0x0000000055555555
mem[X,0x0000000080036B84] -> 0x9593
mem[X,0x0000000080036B86] -> 0x00B5
[9022] [M]: 0x0000000080036B84 (0x00B59593) slli a1, a1, 11
x11 <- 0x000002AAAAAAA800
mem[X,0x0000000080036B88] -> 0x8593
mem[X,0x0000000080036B8A] -> 0x2AA5
[9023] [M]: 0x0000000080036B88 (0x2AA58593) addi a1, a1, 682
x11 <- 0x000002AAAAAAAAAA
mem[X,0x0000000080036B8C] -> 0x9593
mem[X,0x0000000080036B8E] -> 0x00B5
[9024] [M]: 0x0000000080036B8C (0x00B59593) slli a1, a1, 11
x11 <- 0x0015555555555000
mem[X,0x0000000080036B90] -> 0x8593
mem[X,0x0000000080036B92] -> 0x5555
[9025] [M]: 0x0000000080036B90 (0x55558593) addi a1, a1, 1365
x11 <- 0x0015555555555555
mem[X,0x0000000080036B94] -> 0x9593
mem[X,0x0000000080036B96] -> 0x00A5
[9026] [M]: 0x0000000080036B94 (0x00A59593) slli a1, a1, 10
x11 <- 0x5555555555555400
mem[X,0x0000000080036B98] -> 0x8593
mem[X,0x0000000080036B9A] -> 0x1555
[9027] [M]: 0x0000000080036B98 (0x15558593) addi a1, a1, 341
x11 <- 0x5555555555555555
mem[X,0x0000000080036B9C] -> 0x0113
mem[X,0x0000000080036B9E] -> 0x0000
[9028] [M]: 0x0000000080036B9C (0x00000113) addi sp, zero, 0
x2 <- 0x0000000000000000
mem[X,0x0000000080036BA0] -> 0x006F
mem[X,0x0000000080036BA2] -> 0x00C0
[9029] [M]: 0x0000000080036BA0 (0x00C0006F) jal zero, 12
mem[X,0x0000000080036BAC] -> 0x1063
mem[X,0x0000000080036BAE] -> 0x10B5
[9030] [M]: 0x0000000080036BAC (0x10B51063) bne a0, a1, 256
mem[X,0x0000000080036CAC] -> 0x0113
mem[X,0x0000000080036CAE] -> 0x0031
[9031] [M]: 0x0000000080036CAC (0x00310113) addi sp, sp, 3
x2 <- 0x0000000000000003
mem[X,0x0000000080036CB0] -> 0x006F
mem[X,0x0000000080036CB2] -> 0x0040
[9032] [M]: 0x0000000080036CB0 (0x0040006F) jal zero, 4
mem[X,0x0000000080036CB4] -> 0xB823
mem[X,0x0000000080036CB6] -> 0x0820
[9033] [M]: 0x0000000080036CB4 (0x0820B823) sd sp, 144(ra)
mem[0x0000000080046268] <- 0x0000000000000003
mem[X,0x0000000080036CB8] -> 0x0513
mem[X,0x0000000080036CBA] -> 0x0060
[9034] [M]: 0x0000000080036CB8 (0x00600513) addi a0, zero, 6
x10 <- 0x0000000000000006
mem[X,0x0000000080036CBC] -> 0x0593
mem[X,0x0000000080036CBE] -> 0x0050
[9035] [M]: 0x0000000080036CBC (0x00500593) addi a1, zero, 5
x11 <- 0x0000000000000005
mem[X,0x0000000080036CC0] -> 0x0113
mem[X,0x0000000080036CC2] -> 0x0000
[9036] [M]: 0x0000000080036CC0 (0x00000113) addi sp, zero, 0
x2 <- 0x0000000000000000
mem[X,0x0000000080036CC4] -> 0x006F
mem[X,0x0000000080036CC6] -> 0x00C0
[9037] [M]: 0x0000000080036CC4 (0x00C0006F) jal zero, 12
mem[X,0x0000000080036CD0] -> 0x1CE3
mem[X,0x0000000080036CD2] -> 0xFEB5
[9038] [M]: 0x0000000080036CD0 (0xFEB51CE3) bne a0, a1, 8184
mem[X,0x0000000080036CC8] -> 0x0113
mem[X,0x0000000080036CCA] -> 0x0011
[9039] [M]: 0x0000000080036CC8 (0x00110113) addi sp, sp, 1
x2 <- 0x0000000000000001
mem[X,0x0000000080036CCC] -> 0x006F
mem[X,0x0000000080036CCE] -> 0x0180
[9040] [M]: 0x0000000080036CCC (0x0180006F) jal zero, 24
mem[X,0x0000000080036CE4] -> 0xBC23
mem[X,0x0000000080036CE6] -> 0x0820
[9041] [M]: 0x0000000080036CE4 (0x0820BC23) sd sp, 152(ra)
mem[0x0000000080046270] <- 0x0000000000000001
mem[X,0x0000000080036CE8] -> 0x0513
mem[X,0x0000000080036CEA] -> 0x0060
[9042] [M]: 0x0000000080036CE8 (0x00600513) addi a0, zero, 6
x10 <- 0x0000000000000006
mem[X,0x0000000080036CEC] -> 0x35B7
mem[X,0x0000000080036CEE] -> 0x3333
[9043] [M]: 0x0000000080036CEC (0x333335B7) lui a1, 209715
x11 <- 0x0000000033333000
mem[X,0x0000000080036CF0] -> 0x8593
mem[X,0x0000000080036CF2] -> 0x3335
[9044] [M]: 0x0000000080036CF0 (0x33358593) addi a1, a1, 819
x11 <- 0x0000000033333333
mem[X,0x0000000080036CF4] -> 0x9593
mem[X,0x0000000080036CF6] -> 0x00B5
[9045] [M]: 0x0000000080036CF4 (0x00B59593) slli a1, a1, 11
x11 <- 0x0000019999999800
mem[X,0x0000000080036CF8] -> 0x8593
mem[X,0x0000000080036CFA] -> 0x1995
[9046] [M]: 0x0000000080036CF8 (0x19958593) addi a1, a1, 409
x11 <- 0x0000019999999999
mem[X,0x0000000080036CFC] -> 0x9593
mem[X,0x0000000080036CFE] -> 0x00B5
[9047] [M]: 0x0000000080036CFC (0x00B59593) slli a1, a1, 11
x11 <- 0x000CCCCCCCCCC800
mem[X,0x0000000080036D00] -> 0x8593
mem[X,0x0000000080036D02] -> 0x4CC5
[9048] [M]: 0x0000000080036D00 (0x4CC58593) addi a1, a1, 1228
x11 <- 0x000CCCCCCCCCCCCC
mem[X,0x0000000080036D04] -> 0x9593
mem[X,0x0000000080036D06] -> 0x00A5
[9049] [M]: 0x0000000080036D04 (0x00A59593) slli a1, a1, 10
x11 <- 0x3333333333333000
mem[X,0x0000000080036D08] -> 0x8593
mem[X,0x0000000080036D0A] -> 0x3335
[9050] [M]: 0x0000000080036D08 (0x33358593) addi a1, a1, 819
x11 <- 0x3333333333333333
mem[X,0x0000000080036D0C] -> 0x0113
mem[X,0x0000000080036D0E] -> 0x0000
[9051] [M]: 0x0000000080036D0C (0x00000113) addi sp, zero, 0
x2 <- 0x0000000000000000
mem[X,0x0000000080036D10] -> 0x006F
mem[X,0x0000000080036D12] -> 0x00C0
[9052] [M]: 0x0000000080036D10 (0x00C0006F) jal zero, 12
mem[X,0x0000000080036D1C] -> 0x1063
mem[X,0x0000000080036D1E] -> 0x04B5
[9053] [M]: 0x0000000080036D1C (0x04B51063) bne a0, a1, 64
mem[X,0x0000000080036D5C] -> 0x0113
mem[X,0x0000000080036D5E] -> 0x0031
[9054] [M]: 0x0000000080036D5C (0x00310113) addi sp, sp, 3
x2 <- 0x0000000000000003
mem[X,0x0000000080036D60] -> 0x006F
mem[X,0x0000000080036D62] -> 0x0040
[9055] [M]: 0x0000000080036D60 (0x0040006F) jal zero, 4
mem[X,0x0000000080036D64] -> 0xB023
mem[X,0x0000000080036D66] -> 0x0A20
[9056] [M]: 0x0000000080036D64 (0x0A20B023) sd sp, 160(ra)
mem[0x0000000080046278] <- 0x0000000000000003
mem[X,0x0000000080036D68] -> 0x0513
mem[X,0x0000000080036D6A] -> 0x0060
[9057] [M]: 0x0000000080036D68 (0x00600513) addi a0, zero, 6
x10 <- 0x0000000000000006
mem[X,0x0000000080036D6C] -> 0x65B7
mem[X,0x0000000080036D6E] -> 0x6666
[9058] [M]: 0x0000000080036D6C (0x666665B7) lui a1, 419430
x11 <- 0x0000000066666000
mem[X,0x0000000080036D70] -> 0x8593
mem[X,0x0000000080036D72] -> 0x6665
[9059] [M]: 0x0000000080036D70 (0x66658593) addi a1, a1, 1638
x11 <- 0x0000000066666666
mem[X,0x0000000080036D74] -> 0x9593
mem[X,0x0000000080036D76] -> 0x00B5
[9060] [M]: 0x0000000080036D74 (0x00B59593) slli a1, a1, 11
x11 <- 0x0000033333333000
mem[X,0x0000000080036D78] -> 0x8593
mem[X,0x0000000080036D7A] -> 0x3335
[9061] [M]: 0x0000000080036D78 (0x33358593) addi a1, a1, 819
x11 <- 0x0000033333333333
mem[X,0x0000000080036D7C] -> 0x9593
mem[X,0x0000000080036D7E] -> 0x00B5
[9062] [M]: 0x0000000080036D7C (0x00B59593) slli a1, a1, 11
x11 <- 0x0019999999999800
mem[X,0x0000000080036D80] -> 0x8593
mem[X,0x0000000080036D82] -> 0x1995
[9063] [M]: 0x0000000080036D80 (0x19958593) addi a1, a1, 409
x11 <- 0x0019999999999999
mem[X,0x0000000080036D84] -> 0x9593
mem[X,0x0000000080036D86] -> 0x00A5
[9064] [M]: 0x0000000080036D84 (0x00A59593) slli a1, a1, 10
x11 <- 0x6666666666666400
mem[X,0x0000000080036D88] -> 0x8593
mem[X,0x0000000080036D8A] -> 0x2665
[9065] [M]: 0x0000000080036D88 (0x26658593) addi a1, a1, 614
x11 <- 0x6666666666666666
mem[X,0x0000000080036D8C] -> 0x0113
mem[X,0x0000000080036D8E] -> 0x0000
[9066] [M]: 0x0000000080036D8C (0x00000113) addi sp, zero, 0
x2 <- 0x0000000000000000
mem[X,0x0000000080036D90] -> 0x006F
mem[X,0x0000000080036D92] -> 0x0100
[9067] [M]: 0x0000000080036D90 (0x0100006F) jal zero, 16
mem[X,0x0000000080036DA0] -> 0x1AE3
mem[X,0x0000000080036DA2] -> 0xFEB5
[9068] [M]: 0x0000000080036DA0 (0xFEB51AE3) bne a0, a1, 8180
mem[X,0x0000000080036D94] -> 0x0113
mem[X,0x0000000080036D96] -> 0x0011
[9069] [M]: 0x0000000080036D94 (0x00110113) addi sp, sp, 1
x2 <- 0x0000000000000001
mem[X,0x0000000080036D98] -> 0x006F
mem[X,0x0000000080036D9A] -> 0x01C0
[9070] [M]: 0x0000000080036D98 (0x01C0006F) jal zero, 28
mem[X,0x0000000080036DB4] -> 0xB423
mem[X,0x0000000080036DB6] -> 0x0A20
[9071] [M]: 0x0000000080036DB4 (0x0A20B423) sd sp, 168(ra)
mem[0x0000000080046280] <- 0x0000000000000001
mem[X,0x0000000080036DB8] -> 0x0513
mem[X,0x0000000080036DBA] -> 0x0060
[9072] [M]: 0x0000000080036DB8 (0x00600513) addi a0, zero, 6
x10 <- 0x0000000000000006
mem[X,0x0000000080036DBC] -> 0x05B7
mem[X,0x0000000080036DBE] -> 0x0000
[9073] [M]: 0x0000000080036DBC (0x000005B7) lui a1, 0
x11 <- 0x0000000000000000
mem[X,0x0000000080036DC0] -> 0x8593
mem[X,0x0000000080036DC2] -> 0xFFF5
[9074] [M]: 0x0000000080036DC0 (0xFFF58593) addi a1, a1, 4095
x11 <- 0xFFFFFFFFFFFFFFFF
mem[X,0x0000000080036DC4] -> 0x9593
mem[X,0x0000000080036DC6] -> 0x00B5
[9075] [M]: 0x0000000080036DC4 (0x00B59593) slli a1, a1, 11
x11 <- 0xFFFFFFFFFFFFF800
mem[X,0x0000000080036DC8] -> 0x8593
mem[X,0x0000000080036DCA] -> 0x2575
[9076] [M]: 0x0000000080036DC8 (0x25758593) addi a1, a1, 599
x11 <- 0xFFFFFFFFFFFFFA57
mem[X,0x0000000080036DCC] -> 0x9593
mem[X,0x0000000080036DCE] -> 0x00B5
[9077] [M]: 0x0000000080036DCC (0x00B59593) slli a1, a1, 11
x11 <- 0xFFFFFFFFFFD2B800
mem[X,0x0000000080036DD0] -> 0x8593
mem[X,0x0000000080036DD2] -> 0x6C35
[9078] [M]: 0x0000000080036DD0 (0x6C358593) addi a1, a1, 1731
x11 <- 0xFFFFFFFFFFD2BEC3
mem[X,0x0000000080036DD4] -> 0x9593
mem[X,0x0000000080036DD6] -> 0x00A5
[9079] [M]: 0x0000000080036DD4 (0x00A59593) slli a1, a1, 10
x11 <- 0xFFFFFFFF4AFB0C00
mem[X,0x0000000080036DD8] -> 0x8593
mem[X,0x0000000080036DDA] -> 0x0CD5
[9080] [M]: 0x0000000080036DD8 (0x0CD58593) addi a1, a1, 205
x11 <- 0xFFFFFFFF4AFB0CCD
mem[X,0x0000000080036DDC] -> 0x0113
mem[X,0x0000000080036DDE] -> 0x0000
[9081] [M]: 0x0000000080036DDC (0x00000113) addi sp, zero, 0
x2 <- 0x0000000000000000
mem[X,0x0000000080036DE0] -> 0x006F
mem[X,0x0000000080036DE2] -> 0x00C0
[9082] [M]: 0x0000000080036DE0 (0x00C0006F) jal zero, 12
mem[X,0x0000000080036DEC] -> 0x1663
mem[X,0x0000000080036DEE] -> 0x00B5
[9083] [M]: 0x0000000080036DEC (0x00B51663) bne a0, a1, 12
mem[X,0x0000000080036DF8] -> 0x0113
mem[X,0x0000000080036DFA] -> 0x0031
[9084] [M]: 0x0000000080036DF8 (0x00310113) addi sp, sp, 3
x2 <- 0x0000000000000003
mem[X,0x0000000080036DFC] -> 0x006F
mem[X,0x0000000080036DFE] -> 0x0040
[9085] [M]: 0x0000000080036DFC (0x0040006F) jal zero, 4
mem[X,0x0000000080036E00] -> 0xB823
mem[X,0x0000000080036E02] -> 0x0A20
[9086] [M]: 0x0000000080036E00 (0x0A20B823) sd sp, 176(ra)
mem[0x0000000080046288] <- 0x0000000000000003
mem[X,0x0000000080036E04] -> 0x0513
mem[X,0x0000000080036E06] -> 0x0060
[9087] [M]: 0x0000000080036E04 (0x00600513) addi a0, zero, 6
x10 <- 0x0000000000000006
mem[X,0x0000000080036E08] -> 0x05B7
mem[X,0x0000000080036E0A] -> 0x0000
[9088] [M]: 0x0000000080036E08 (0x000005B7) lui a1, 0
x11 <- 0x0000000000000000
mem[X,0x0000000080036E0C] -> 0x8593
mem[X,0x0000000080036E0E] -> 0x0005
[9089] [M]: 0x0000000080036E0C (0x00058593) addi a1, a1, 0
x11 <- 0x0000000000000000
mem[X,0x0000000080036E10] -> 0x9593
mem[X,0x0000000080036E12] -> 0x00B5
[9090] [M]: 0x0000000080036E10 (0x00B59593) slli a1, a1, 11
x11 <- 0x0000000000000000
mem[X,0x0000000080036E14] -> 0x8593
mem[X,0x0000000080036E16] -> 0x5A85
[9091] [M]: 0x0000000080036E14 (0x5A858593) addi a1, a1, 1448
x11 <- 0x00000000000005A8
mem[X,0x0000000080036E18] -> 0x9593
mem[X,0x0000000080036E1A] -> 0x00B5
[9092] [M]: 0x0000000080036E18 (0x00B59593) slli a1, a1, 11
x11 <- 0x00000000002D4000
mem[X,0x0000000080036E1C] -> 0x8593
mem[X,0x0000000080036E1E] -> 0x13C5
[9093] [M]: 0x0000000080036E1C (0x13C58593) addi a1, a1, 316
x11 <- 0x00000000002D413C
mem[X,0x0000000080036E20] -> 0x9593
mem[X,0x0000000080036E22] -> 0x00A5
[9094] [M]: 0x0000000080036E20 (0x00A59593) slli a1, a1, 10
x11 <- 0x00000000B504F000
mem[X,0x0000000080036E24] -> 0x8593
mem[X,0x0000000080036E26] -> 0x3335
[9095] [M]: 0x0000000080036E24 (0x33358593) addi a1, a1, 819
x11 <- 0x00000000B504F333
mem[X,0x0000000080036E28] -> 0x0113
mem[X,0x0000000080036E2A] -> 0x0000
[9096] [M]: 0x0000000080036E28 (0x00000113) addi sp, zero, 0
x2 <- 0x0000000000000000
mem[X,0x0000000080036E2C] -> 0x006F
mem[X,0x0000000080036E2E] -> 0x00C0
[9097] [M]: 0x0000000080036E2C (0x00C0006F) jal zero, 12
mem[X,0x0000000080036E38] -> 0x1063
mem[X,0x0000000080036E3A] -> 0x10B5
[9098] [M]: 0x0000000080036E38 (0x10B51063) bne a0, a1, 256
mem[X,0x0000000080036F38] -> 0x0113
mem[X,0x0000000080036F3A] -> 0x0031
[9099] [M]: 0x0000000080036F38 (0x00310113) addi sp, sp, 3
x2 <- 0x0000000000000003
clint::tick mtime <- 0x000000000000005B
 clint timer pending at mtime 0x000000000000005B
htif::tick 0x0000000000000000
mem[X,0x0000000080036F3C] -> 0x006F
mem[X,0x0000000080036F3E] -> 0x0040
[9100] [M]: 0x0000000080036F3C (0x0040006F) jal zero, 4
mem[X,0x0000000080036F40] -> 0xBC23
mem[X,0x0000000080036F42] -> 0x0A20
[9101] [M]: 0x0000000080036F40 (0x0A20BC23) sd sp, 184(ra)
mem[0x0000000080046290] <- 0x0000000000000003
mem[X,0x0000000080036F44] -> 0x0513
mem[X,0x0000000080036F46] -> 0x0060
[9102] [M]: 0x0000000080036F44 (0x00600513) addi a0, zero, 6
x10 <- 0x0000000000000006
mem[X,0x0000000080036F48] -> 0x0593
mem[X,0x0000000080036F4A] -> 0x0020
[9103] [M]: 0x0000000080036F48 (0x00200593) addi a1, zero, 2
x11 <- 0x0000000000000002
mem[X,0x0000000080036F4C] -> 0x0113
mem[X,0x0000000080036F4E] -> 0x0000
[9104] [M]: 0x0000000080036F4C (0x00000113) addi sp, zero, 0
x2 <- 0x0000000000000000
mem[X,0x0000000080036F50] -> 0x006F
mem[X,0x0000000080036F52] -> 0x00C0
[9105] [M]: 0x0000000080036F50 (0x00C0006F) jal zero, 12
mem[X,0x0000000080036F5C] -> 0x1063
mem[X,0x0000000080036F5E] -> 0x10B5
[9106] [M]: 0x0000000080036F5C (0x10B51063) bne a0, a1, 256
mem[X,0x000000008003705C] -> 0x0113
mem[X,0x000000008003705E] -> 0x0031
[9107] [M]: 0x000000008003705C (0x00310113) addi sp, sp, 3
x2 <- 0x0000000000000003
mem[X,0x0000000080037060] -> 0x006F
mem[X,0x0000000080037062] -> 0x0040
[9108] [M]: 0x0000000080037060 (0x0040006F) jal zero, 4
mem[X,0x0000000080037064] -> 0xB023
mem[X,0x0000000080037066] -> 0x0C20
[9109] [M]: 0x0000000080037064 (0x0C20B023) sd sp, 192(ra)
mem[0x0000000080046298] <- 0x0000000000000003
mem[X,0x0000000080037068] -> 0x0513
mem[X,0x000000008003706A] -> 0x0060
[9110] [M]: 0x0000000080037068 (0x00600513) addi a0, zero, 6
x10 <- 0x0000000000000006
mem[X,0x000000008003706C] -> 0x55B7
mem[X,0x000000008003706E] -> 0x5555
[9111] [M]: 0x000000008003706C (0x555555B7) lui a1, 349525
x11 <- 0x0000000055555000
mem[X,0x0000000080037070] -> 0x8593
mem[X,0x0000000080037072] -> 0x5555
[9112] [M]: 0x0000000080037070 (0x55558593) addi a1, a1, 1365
x11 <- 0x0000000055555555
mem[X,0x0000000080037074] -> 0x9593
mem[X,0x0000000080037076] -> 0x00B5
[9113] [M]: 0x0000000080037074 (0x00B59593) slli a1, a1, 11
x11 <- 0x000002AAAAAAA800
mem[X,0x0000000080037078] -> 0x8593
mem[X,0x000000008003707A] -> 0x2AA5
[9114] [M]: 0x0000000080037078 (0x2AA58593) addi a1, a1, 682
x11 <- 0x000002AAAAAAAAAA
mem[X,0x000000008003707C] -> 0x9593
mem[X,0x000000008003707E] -> 0x00B5
[9115] [M]: 0x000000008003707C (0x00B59593) slli a1, a1, 11
x11 <- 0x0015555555555000
mem[X,0x0000000080037080] -> 0x8593
mem[X,0x0000000080037082] -> 0x5555
[9116] [M]: 0x0000000080037080 (0x55558593) addi a1, a1, 1365
x11 <- 0x0015555555555555
mem[X,0x0000000080037084] -> 0x9593
mem[X,0x0000000080037086] -> 0x00A5
[9117] [M]: 0x0000000080037084 (0x00A59593) slli a1, a1, 10
x11 <- 0x5555555555555400
mem[X,0x0000000080037088] -> 0x8593
mem[X,0x000000008003708A] -> 0x1545
[9118] [M]: 0x0000000080037088 (0x15458593) addi a1, a1, 340
x11 <- 0x5555555555555554
mem[X,0x000000008003708C] -> 0x0113
mem[X,0x000000008003708E] -> 0x0000
[9119] [M]: 0x000000008003708C (0x00000113) addi sp, zero, 0
x2 <- 0x0000000000000000
mem[X,0x0000000080037090] -> 0x006F
mem[X,0x0000000080037092] -> 0x00C0
[9120] [M]: 0x0000000080037090 (0x00C0006F) jal zero, 12
mem[X,0x000000008003709C] -> 0x1063
mem[X,0x000000008003709E] -> 0x20B5
[9121] [M]: 0x000000008003709C (0x20B51063) bne a0, a1, 512
mem[X,0x000000008003729C] -> 0x0113
mem[X,0x000000008003729E] -> 0x0031
[9122] [M]: 0x000000008003729C (0x00310113) addi sp, sp, 3
x2 <- 0x0000000000000003
mem[X,0x00000000800372A0] -> 0x006F
mem[X,0x00000000800372A2] -> 0x0040
[9123] [M]: 0x00000000800372A0 (0x0040006F) jal zero, 4
mem[X,0x00000000800372A4] -> 0xB423
mem[X,0x00000000800372A6] -> 0x0C20
[9124] [M]: 0x00000000800372A4 (0x0C20B423) sd sp, 200(ra)
mem[0x00000000800462A0] <- 0x0000000000000003
mem[X,0x00000000800372A8] -> 0x0513
mem[X,0x00000000800372AA] -> 0x0060
[9125] [M]: 0x00000000800372A8 (0x00600513) addi a0, zero, 6
x10 <- 0x0000000000000006
mem[X,0x00000000800372AC] -> 0x0593
mem[X,0x00000000800372AE] -> 0x0000
[9126] [M]: 0x00000000800372AC (0x00000593) addi a1, zero, 0
x11 <- 0x0000000000000000
mem[X,0x00000000800372B0] -> 0x0113
mem[X,0x00000000800372B2] -> 0x0000
[9127] [M]: 0x00000000800372B0 (0x00000113) addi sp, zero, 0
x2 <- 0x0000000000000000
mem[X,0x00000000800372B4] -> 0x006F
mem[X,0x00000000800372B6] -> 0x00C0
[9128] [M]: 0x00000000800372B4 (0x00C0006F) jal zero, 12
mem[X,0x00000000800372C0] -> 0x1663
mem[X,0x00000000800372C2] -> 0x00B5
[9129] [M]: 0x00000000800372C0 (0x00B51663) bne a0, a1, 12
mem[X,0x00000000800372CC] -> 0x0113
mem[X,0x00000000800372CE] -> 0x0031
[9130] [M]: 0x00000000800372CC (0x00310113) addi sp, sp, 3
x2 <- 0x0000000000000003
mem[X,0x00000000800372D0] -> 0x006F
mem[X,0x00000000800372D2] -> 0x0040
[9131] [M]: 0x00000000800372D0 (0x0040006F) jal zero, 4
mem[X,0x00000000800372D4] -> 0xB823
mem[X,0x00000000800372D6] -> 0x0C20
[9132] [M]: 0x00000000800372D4 (0x0C20B823) sd sp, 208(ra)
mem[0x00000000800462A8] <- 0x0000000000000003
mem[X,0x00000000800372D8] -> 0x0513
mem[X,0x00000000800372DA] -> 0x0060
[9133] [M]: 0x00000000800372D8 (0x00600513) addi a0, zero, 6
x10 <- 0x0000000000000006
mem[X,0x00000000800372DC] -> 0x0593
mem[X,0x00000000800372DE] -> 0x0040
[9134] [M]: 0x00000000800372DC (0x00400593) addi a1, zero, 4
x11 <- 0x0000000000000004
mem[X,0x00000000800372E0] -> 0x0113
mem[X,0x00000000800372E2] -> 0x0000
[9135] [M]: 0x00000000800372E0 (0x00000113) addi sp, zero, 0
x2 <- 0x0000000000000000
mem[X,0x00000000800372E4] -> 0x006F
mem[X,0x00000000800372E6] -> 0x00C0
[9136] [M]: 0x00000000800372E4 (0x00C0006F) jal zero, 12
mem[X,0x00000000800372F0] -> 0x1063
mem[X,0x00000000800372F2] -> 0x40B5
[9137] [M]: 0x00000000800372F0 (0x40B51063) bne a0, a1, 1024
mem[X,0x00000000800376F0] -> 0x0113
mem[X,0x00000000800376F2] -> 0x0031
[9138] [M]: 0x00000000800376F0 (0x00310113) addi sp, sp, 3
x2 <- 0x0000000000000003
mem[X,0x00000000800376F4] -> 0x006F
mem[X,0x00000000800376F6] -> 0x0040
[9139] [M]: 0x00000000800376F4 (0x0040006F) jal zero, 4
mem[X,0x00000000800376F8] -> 0xBC23
mem[X,0x00000000800376FA] -> 0x0C20
[9140] [M]: 0x00000000800376F8 (0x0C20BC23) sd sp, 216(ra)
mem[0x00000000800462B0] <- 0x0000000000000003
mem[X,0x00000000800376FC] -> 0x0513
mem[X,0x00000000800376FE] -> 0x0060
[9141] [M]: 0x00000000800376FC (0x00600513) addi a0, zero, 6
x10 <- 0x0000000000000006
mem[X,0x0000000080037700] -> 0x35B7
mem[X,0x0000000080037702] -> 0x3333
[9142] [M]: 0x0000000080037700 (0x333335B7) lui a1, 209715
x11 <- 0x0000000033333000
mem[X,0x0000000080037704] -> 0x8593
mem[X,0x0000000080037706] -> 0x3335
[9143] [M]: 0x0000000080037704 (0x33358593) addi a1, a1, 819
x11 <- 0x0000000033333333
mem[X,0x0000000080037708] -> 0x9593
mem[X,0x000000008003770A] -> 0x00B5
[9144] [M]: 0x0000000080037708 (0x00B59593) slli a1, a1, 11
x11 <- 0x0000019999999800
mem[X,0x000000008003770C] -> 0x8593
mem[X,0x000000008003770E] -> 0x1995
[9145] [M]: 0x000000008003770C (0x19958593) addi a1, a1, 409
x11 <- 0x0000019999999999
mem[X,0x0000000080037710] -> 0x9593
mem[X,0x0000000080037712] -> 0x00B5
[9146] [M]: 0x0000000080037710 (0x00B59593) slli a1, a1, 11
x11 <- 0x000CCCCCCCCCC800
mem[X,0x0000000080037714] -> 0x8593
mem[X,0x0000000080037716] -> 0x4CC5
[9147] [M]: 0x0000000080037714 (0x4CC58593) addi a1, a1, 1228
x11 <- 0x000CCCCCCCCCCCCC
mem[X,0x0000000080037718] -> 0x9593
mem[X,0x000000008003771A] -> 0x00A5
[9148] [M]: 0x0000000080037718 (0x00A59593) slli a1, a1, 10
x11 <- 0x3333333333333000
mem[X,0x000000008003771C] -> 0x8593
mem[X,0x000000008003771E] -> 0x3325
[9149] [M]: 0x000000008003771C (0x33258593) addi a1, a1, 818
x11 <- 0x3333333333333332
mem[X,0x0000000080037720] -> 0x0113
mem[X,0x0000000080037722] -> 0x0000
[9150] [M]: 0x0000000080037720 (0x00000113) addi sp, zero, 0
x2 <- 0x0000000000000000
mem[X,0x0000000080037724] -> 0x006F
mem[X,0x0000000080037726] -> 0x00C0
[9151] [M]: 0x0000000080037724 (0x00C0006F) jal zero, 12
mem[X,0x0000000080037730] -> 0x1663
mem[X,0x0000000080037732] -> 0x00B5
[9152] [M]: 0x0000000080037730 (0x00B51663) bne a0, a1, 12
mem[X,0x000000008003773C] -> 0x0113
mem[X,0x000000008003773E] -> 0x0031
[9153] [M]: 0x000000008003773C (0x00310113) addi sp, sp, 3
x2 <- 0x0000000000000003
mem[X,0x0000000080037740] -> 0x006F
mem[X,0x0000000080037742] -> 0x0040
[9154] [M]: 0x0000000080037740 (0x0040006F) jal zero, 4
mem[X,0x0000000080037744] -> 0xB023
mem[X,0x0000000080037746] -> 0x0E20
[9155] [M]: 0x0000000080037744 (0x0E20B023) sd sp, 224(ra)
mem[0x00000000800462B8] <- 0x0000000000000003
mem[X,0x0000000080037748] -> 0x0513
mem[X,0x000000008003774A] -> 0x0060
[9156] [M]: 0x0000000080037748 (0x00600513) addi a0, zero, 6
x10 <- 0x0000000000000006
mem[X,0x000000008003774C] -> 0x65B7
mem[X,0x000000008003774E] -> 0x6666
[9157] [M]: 0x000000008003774C (0x666665B7) lui a1, 419430
x11 <- 0x0000000066666000
mem[X,0x0000000080037750] -> 0x8593
mem[X,0x0000000080037752] -> 0x6665
[9158] [M]: 0x0000000080037750 (0x66658593) addi a1, a1, 1638
x11 <- 0x0000000066666666
mem[X,0x0000000080037754] -> 0x9593
mem[X,0x0000000080037756] -> 0x00B5
[9159] [M]: 0x0000000080037754 (0x00B59593) slli a1, a1, 11
x11 <- 0x0000033333333000
mem[X,0x0000000080037758] -> 0x8593
mem[X,0x000000008003775A] -> 0x3335
[9160] [M]: 0x0000000080037758 (0x33358593) addi a1, a1, 819
x11 <- 0x0000033333333333
mem[X,0x000000008003775C] -> 0x9593
mem[X,0x000000008003775E] -> 0x00B5
[9161] [M]: 0x000000008003775C (0x00B59593) slli a1, a1, 11
x11 <- 0x0019999999999800
mem[X,0x0000000080037760] -> 0x8593
mem[X,0x0000000080037762] -> 0x1995
[9162] [M]: 0x0000000080037760 (0x19958593) addi a1, a1, 409
x11 <- 0x0019999999999999
mem[X,0x0000000080037764] -> 0x9593
mem[X,0x0000000080037766] -> 0x00A5
[9163] [M]: 0x0000000080037764 (0x00A59593) slli a1, a1, 10
x11 <- 0x6666666666666400
mem[X,0x0000000080037768] -> 0x8593
mem[X,0x000000008003776A] -> 0x2655
[9164] [M]: 0x0000000080037768 (0x26558593) addi a1, a1, 613
x11 <- 0x6666666666666665
mem[X,0x000000008003776C] -> 0x0113
mem[X,0x000000008003776E] -> 0x0000
[9165] [M]: 0x000000008003776C (0x00000113) addi sp, zero, 0
x2 <- 0x0000000000000000
mem[X,0x0000000080037770] -> 0x006F
mem[X,0x0000000080037772] -> 0x00C0
[9166] [M]: 0x0000000080037770 (0x00C0006F) jal zero, 12
mem[X,0x000000008003777C] -> 0x1CE3
mem[X,0x000000008003777E] -> 0xFEB5
[9167] [M]: 0x000000008003777C (0xFEB51CE3) bne a0, a1, 8184
mem[X,0x0000000080037774] -> 0x0113
mem[X,0x0000000080037776] -> 0x0011
[9168] [M]: 0x0000000080037774 (0x00110113) addi sp, sp, 1
x2 <- 0x0000000000000001
mem[X,0x0000000080037778] -> 0x006F
mem[X,0x000000008003777A] -> 0x0180
[9169] [M]: 0x0000000080037778 (0x0180006F) jal zero, 24
mem[X,0x0000000080037790] -> 0xB423
mem[X,0x0000000080037792] -> 0x0E20
[9170] [M]: 0x0000000080037790 (0x0E20B423) sd sp, 232(ra)
mem[0x00000000800462C0] <- 0x0000000000000001
mem[X,0x0000000080037794] -> 0x0513
mem[X,0x0000000080037796] -> 0x0060
[9171] [M]: 0x0000000080037794 (0x00600513) addi a0, zero, 6
x10 <- 0x0000000000000006
mem[X,0x0000000080037798] -> 0x05B7
mem[X,0x000000008003779A] -> 0x0000
[9172] [M]: 0x0000000080037798 (0x000005B7) lui a1, 0
x11 <- 0x0000000000000000
mem[X,0x000000008003779C] -> 0x8593
mem[X,0x000000008003779E] -> 0x0005
[9173] [M]: 0x000000008003779C (0x00058593) addi a1, a1, 0
x11 <- 0x0000000000000000
mem[X,0x00000000800377A0] -> 0x9593
mem[X,0x00000000800377A2] -> 0x00B5
[9174] [M]: 0x00000000800377A0 (0x00B59593) slli a1, a1, 11
x11 <- 0x0000000000000000
mem[X,0x00000000800377A4] -> 0x8593
mem[X,0x00000000800377A6] -> 0x5A85
[9175] [M]: 0x00000000800377A4 (0x5A858593) addi a1, a1, 1448
x11 <- 0x00000000000005A8
mem[X,0x00000000800377A8] -> 0x9593
mem[X,0x00000000800377AA] -> 0x00B5
[9176] [M]: 0x00000000800377A8 (0x00B59593) slli a1, a1, 11
x11 <- 0x00000000002D4000
mem[X,0x00000000800377AC] -> 0x8593
mem[X,0x00000000800377AE] -> 0x13C5
[9177] [M]: 0x00000000800377AC (0x13C58593) addi a1, a1, 316
x11 <- 0x00000000002D413C
mem[X,0x00000000800377B0] -> 0x9593
mem[X,0x00000000800377B2] -> 0x00A5
[9178] [M]: 0x00000000800377B0 (0x00A59593) slli a1, a1, 10
x11 <- 0x00000000B504F000
mem[X,0x00000000800377B4] -> 0x8593
mem[X,0x00000000800377B6] -> 0x3325
[9179] [M]: 0x00000000800377B4 (0x33258593) addi a1, a1, 818
x11 <- 0x00000000B504F332
mem[X,0x00000000800377B8] -> 0x0113
mem[X,0x00000000800377BA] -> 0x0000
[9180] [M]: 0x00000000800377B8 (0x00000113) addi sp, zero, 0
x2 <- 0x0000000000000000
mem[X,0x00000000800377BC] -> 0x006F
mem[X,0x00000000800377BE] -> 0x00C0
[9181] [M]: 0x00000000800377BC (0x00C0006F) jal zero, 12
mem[X,0x00000000800377C8] -> 0x1663
mem[X,0x00000000800377CA] -> 0x00B5
[9182] [M]: 0x00000000800377C8 (0x00B51663) bne a0, a1, 12
mem[X,0x00000000800377D4] -> 0x0113
mem[X,0x00000000800377D6] -> 0x0031
[9183] [M]: 0x00000000800377D4 (0x00310113) addi sp, sp, 3
x2 <- 0x0000000000000003
mem[X,0x00000000800377D8] -> 0x006F
mem[X,0x00000000800377DA] -> 0x0040
[9184] [M]: 0x00000000800377D8 (0x0040006F) jal zero, 4
mem[X,0x00000000800377DC] -> 0xB823
mem[X,0x00000000800377DE] -> 0x0E20
[9185] [M]: 0x00000000800377DC (0x0E20B823) sd sp, 240(ra)
mem[0x00000000800462C8] <- 0x0000000000000003
mem[X,0x00000000800377E0] -> 0x0513
mem[X,0x00000000800377E2] -> 0x0060
[9186] [M]: 0x00000000800377E0 (0x00600513) addi a0, zero, 6
x10 <- 0x0000000000000006
mem[X,0x00000000800377E4] -> 0x55B7
mem[X,0x00000000800377E6] -> 0x5555
[9187] [M]: 0x00000000800377E4 (0x555555B7) lui a1, 349525
x11 <- 0x0000000055555000
mem[X,0x00000000800377E8] -> 0x8593
mem[X,0x00000000800377EA] -> 0x5555
[9188] [M]: 0x00000000800377E8 (0x55558593) addi a1, a1, 1365
x11 <- 0x0000000055555555
mem[X,0x00000000800377EC] -> 0x9593
mem[X,0x00000000800377EE] -> 0x00B5
[9189] [M]: 0x00000000800377EC (0x00B59593) slli a1, a1, 11
x11 <- 0x000002AAAAAAA800
mem[X,0x00000000800377F0] -> 0x8593
mem[X,0x00000000800377F2] -> 0x2AA5
[9190] [M]: 0x00000000800377F0 (0x2AA58593) addi a1, a1, 682
x11 <- 0x000002AAAAAAAAAA
mem[X,0x00000000800377F4] -> 0x9593
mem[X,0x00000000800377F6] -> 0x00B5
[9191] [M]: 0x00000000800377F4 (0x00B59593) slli a1, a1, 11
x11 <- 0x0015555555555000
mem[X,0x00000000800377F8] -> 0x8593
mem[X,0x00000000800377FA] -> 0x5555
[9192] [M]: 0x00000000800377F8 (0x55558593) addi a1, a1, 1365
x11 <- 0x0015555555555555
mem[X,0x00000000800377FC] -> 0x9593
mem[X,0x00000000800377FE] -> 0x00A5
[9193] [M]: 0x00000000800377FC (0x00A59593) slli a1, a1, 10
x11 <- 0x5555555555555400
mem[X,0x0000000080037800] -> 0x8593
mem[X,0x0000000080037802] -> 0x1565
[9194] [M]: 0x0000000080037800 (0x15658593) addi a1, a1, 342
x11 <- 0x5555555555555556
mem[X,0x0000000080037804] -> 0x0113
mem[X,0x0000000080037806] -> 0x0000
[9195] [M]: 0x0000000080037804 (0x00000113) addi sp, zero, 0
x2 <- 0x0000000000000000
mem[X,0x0000000080037808] -> 0x006F
mem[X,0x000000008003780A] -> 0x0140
[9196] [M]: 0x0000000080037808 (0x0140006F) jal zero, 20
mem[X,0x000000008003781C] -> 0x18E3
mem[X,0x000000008003781E] -> 0xFEB5
[9197] [M]: 0x000000008003781C (0xFEB518E3) bne a0, a1, 8176
mem[X,0x000000008003780C] -> 0x0113
mem[X,0x000000008003780E] -> 0x0011
[9198] [M]: 0x000000008003780C (0x00110113) addi sp, sp, 1
x2 <- 0x0000000000000001
mem[X,0x0000000080037810] -> 0x006F
mem[X,0x0000000080037812] -> 0x0200
[9199] [M]: 0x0000000080037810 (0x0200006F) jal zero, 32
clint::tick mtime <- 0x000000000000005C
 clint timer pending at mtime 0x000000000000005C
htif::tick 0x0000000000000000
mem[X,0x0000000080037830] -> 0xBC23
mem[X,0x0000000080037832] -> 0x0E20
[9200] [M]: 0x0000000080037830 (0x0E20BC23) sd sp, 248(ra)
mem[0x00000000800462D0] <- 0x0000000000000001
mem[X,0x0000000080037834] -> 0x0513
mem[X,0x0000000080037836] -> 0x0060
[9201] [M]: 0x0000000080037834 (0x00600513) addi a0, zero, 6
x10 <- 0x0000000000000006
mem[X,0x0000000080037838] -> 0xB5B7
mem[X,0x000000008003783A] -> 0xAAAA
[9202] [M]: 0x0000000080037838 (0xAAAAB5B7) lui a1, 699051
x11 <- 0xFFFFFFFFAAAAB000
mem[X,0x000000008003783C] -> 0x8593
mem[X,0x000000008003783E] -> 0xAAA5
[9203] [M]: 0x000000008003783C (0xAAA58593) addi a1, a1, 2730
x11 <- 0xFFFFFFFFAAAAAAAA
mem[X,0x0000000080037840] -> 0x9593
mem[X,0x0000000080037842] -> 0x00B5
[9204] [M]: 0x0000000080037840 (0x00B59593) slli a1, a1, 11
x11 <- 0xFFFFFD5555555000
mem[X,0x0000000080037844] -> 0x8593
mem[X,0x0000000080037846] -> 0x5555
[9205] [M]: 0x0000000080037844 (0x55558593) addi a1, a1, 1365
x11 <- 0xFFFFFD5555555555
mem[X,0x0000000080037848] -> 0x9593
mem[X,0x000000008003784A] -> 0x00B5
[9206] [M]: 0x0000000080037848 (0x00B59593) slli a1, a1, 11
x11 <- 0xFFEAAAAAAAAAA800
mem[X,0x000000008003784C] -> 0x8593
mem[X,0x000000008003784E] -> 0x2AA5
[9207] [M]: 0x000000008003784C (0x2AA58593) addi a1, a1, 682
x11 <- 0xFFEAAAAAAAAAAAAA
mem[X,0x0000000080037850] -> 0x9593
mem[X,0x0000000080037852] -> 0x00A5
[9208] [M]: 0x0000000080037850 (0x00A59593) slli a1, a1, 10
x11 <- 0xAAAAAAAAAAAAA800
mem[X,0x0000000080037854] -> 0x8593
mem[X,0x0000000080037856] -> 0x2AB5
[9209] [M]: 0x0000000080037854 (0x2AB58593) addi a1, a1, 683
x11 <- 0xAAAAAAAAAAAAAAAB
mem[X,0x0000000080037858] -> 0x0113
mem[X,0x000000008003785A] -> 0x0000
[9210] [M]: 0x0000000080037858 (0x00000113) addi sp, zero, 0
x2 <- 0x0000000000000000
mem[X,0x000000008003785C] -> 0x006F
mem[X,0x000000008003785E] -> 0x00C0
[9211] [M]: 0x000000008003785C (0x00C0006F) jal zero, 12
mem[X,0x0000000080037868] -> 0x1663
mem[X,0x000000008003786A] -> 0x00B5
[9212] [M]: 0x0000000080037868 (0x00B51663) bne a0, a1, 12
mem[X,0x0000000080037874] -> 0x0113
mem[X,0x0000000080037876] -> 0x0031
[9213] [M]: 0x0000000080037874 (0x00310113) addi sp, sp, 3
x2 <- 0x0000000000000003
mem[X,0x0000000080037878] -> 0x006F
mem[X,0x000000008003787A] -> 0x0040
[9214] [M]: 0x0000000080037878 (0x0040006F) jal zero, 4
mem[X,0x000000008003787C] -> 0xB023
mem[X,0x000000008003787E] -> 0x1020
[9215] [M]: 0x000000008003787C (0x1020B023) sd sp, 256(ra)
mem[0x00000000800462D8] <- 0x0000000000000003
mem[X,0x0000000080037880] -> 0x0513
mem[X,0x0000000080037882] -> 0x0060
[9216] [M]: 0x0000000080037880 (0x00600513) addi a0, zero, 6
x10 <- 0x0000000000000006
mem[X,0x0000000080037884] -> 0x0593
mem[X,0x0000000080037886] -> 0x0060
[9217] [M]: 0x0000000080037884 (0x00600593) addi a1, zero, 6
x11 <- 0x0000000000000006
mem[X,0x0000000080037888] -> 0x0113
mem[X,0x000000008003788A] -> 0x0000
[9218] [M]: 0x0000000080037888 (0x00000113) addi sp, zero, 0
x2 <- 0x0000000000000000
mem[X,0x000000008003788C] -> 0x006F
mem[X,0x000000008003788E] -> 0x00C0
[9219] [M]: 0x000000008003788C (0x00C0006F) jal zero, 12
mem[X,0x0000000080037898] -> 0x1063
mem[X,0x000000008003789A] -> 0x08B5
[9220] [M]: 0x0000000080037898 (0x08B51063) bne a0, a1, 128
mem[X,0x000000008003789C] -> 0x0113
mem[X,0x000000008003789E] -> 0x0021
[9221] [M]: 0x000000008003789C (0x00210113) addi sp, sp, 2
x2 <- 0x0000000000000002
mem[X,0x00000000800378A0] -> 0x006F
mem[X,0x00000000800378A2] -> 0x0800
[9222] [M]: 0x00000000800378A0 (0x0800006F) jal zero, 128
mem[X,0x0000000080037920] -> 0xB423
mem[X,0x0000000080037922] -> 0x1020
[9223] [M]: 0x0000000080037920 (0x1020B423) sd sp, 264(ra)
mem[0x00000000800462E0] <- 0x0000000000000002
mem[X,0x0000000080037924] -> 0x0513
mem[X,0x0000000080037926] -> 0x0060
[9224] [M]: 0x0000000080037924 (0x00600513) addi a0, zero, 6
x10 <- 0x0000000000000006
mem[X,0x0000000080037928] -> 0x35B7
mem[X,0x000000008003792A] -> 0x3333
[9225] [M]: 0x0000000080037928 (0x333335B7) lui a1, 209715
x11 <- 0x0000000033333000
mem[X,0x000000008003792C] -> 0x8593
mem[X,0x000000008003792E] -> 0x3335
[9226] [M]: 0x000000008003792C (0x33358593) addi a1, a1, 819
x11 <- 0x0000000033333333
mem[X,0x0000000080037930] -> 0x9593
mem[X,0x0000000080037932] -> 0x00B5
[9227] [M]: 0x0000000080037930 (0x00B59593) slli a1, a1, 11
x11 <- 0x0000019999999800
mem[X,0x0000000080037934] -> 0x8593
mem[X,0x0000000080037936] -> 0x1995
[9228] [M]: 0x0000000080037934 (0x19958593) addi a1, a1, 409
x11 <- 0x0000019999999999
mem[X,0x0000000080037938] -> 0x9593
mem[X,0x000000008003793A] -> 0x00B5
[9229] [M]: 0x0000000080037938 (0x00B59593) slli a1, a1, 11
x11 <- 0x000CCCCCCCCCC800
mem[X,0x000000008003793C] -> 0x8593
mem[X,0x000000008003793E] -> 0x4CC5
[9230] [M]: 0x000000008003793C (0x4CC58593) addi a1, a1, 1228
x11 <- 0x000CCCCCCCCCCCCC
mem[X,0x0000000080037940] -> 0x9593
mem[X,0x0000000080037942] -> 0x00A5
[9231] [M]: 0x0000000080037940 (0x00A59593) slli a1, a1, 10
x11 <- 0x3333333333333000
mem[X,0x0000000080037944] -> 0x8593
mem[X,0x0000000080037946] -> 0x3345
[9232] [M]: 0x0000000080037944 (0x33458593) addi a1, a1, 820
x11 <- 0x3333333333333334
mem[X,0x0000000080037948] -> 0x0113
mem[X,0x000000008003794A] -> 0x0000
[9233] [M]: 0x0000000080037948 (0x00000113) addi sp, zero, 0
x2 <- 0x0000000000000000
mem[X,0x000000008003794C] -> 0x006F
mem[X,0x000000008003794E] -> 0x00C0
[9234] [M]: 0x000000008003794C (0x00C0006F) jal zero, 12
mem[X,0x0000000080037958] -> 0x1663
mem[X,0x000000008003795A] -> 0x00B5
[9235] [M]: 0x0000000080037958 (0x00B51663) bne a0, a1, 12
mem[X,0x0000000080037964] -> 0x0113
mem[X,0x0000000080037966] -> 0x0031
[9236] [M]: 0x0000000080037964 (0x00310113) addi sp, sp, 3
x2 <- 0x0000000000000003
mem[X,0x0000000080037968] -> 0x006F
mem[X,0x000000008003796A] -> 0x0040
[9237] [M]: 0x0000000080037968 (0x0040006F) jal zero, 4
mem[X,0x000000008003796C] -> 0xB823
mem[X,0x000000008003796E] -> 0x1020
[9238] [M]: 0x000000008003796C (0x1020B823) sd sp, 272(ra)
mem[0x00000000800462E8] <- 0x0000000000000003
mem[X,0x0000000080037970] -> 0x0513
mem[X,0x0000000080037972] -> 0x0060
[9239] [M]: 0x0000000080037970 (0x00600513) addi a0, zero, 6
x10 <- 0x0000000000000006
mem[X,0x0000000080037974] -> 0x65B7
mem[X,0x0000000080037976] -> 0x6666
[9240] [M]: 0x0000000080037974 (0x666665B7) lui a1, 419430
x11 <- 0x0000000066666000
mem[X,0x0000000080037978] -> 0x8593
mem[X,0x000000008003797A] -> 0x6665
[9241] [M]: 0x0000000080037978 (0x66658593) addi a1, a1, 1638
x11 <- 0x0000000066666666
mem[X,0x000000008003797C] -> 0x9593
mem[X,0x000000008003797E] -> 0x00B5
[9242] [M]: 0x000000008003797C (0x00B59593) slli a1, a1, 11
x11 <- 0x0000033333333000
mem[X,0x0000000080037980] -> 0x8593
mem[X,0x0000000080037982] -> 0x3335
[9243] [M]: 0x0000000080037980 (0x33358593) addi a1, a1, 819
x11 <- 0x0000033333333333
mem[X,0x0000000080037984] -> 0x9593
mem[X,0x0000000080037986] -> 0x00B5
[9244] [M]: 0x0000000080037984 (0x00B59593) slli a1, a1, 11
x11 <- 0x0019999999999800
mem[X,0x0000000080037988] -> 0x8593
mem[X,0x000000008003798A] -> 0x1995
[9245] [M]: 0x0000000080037988 (0x19958593) addi a1, a1, 409
x11 <- 0x0019999999999999
mem[X,0x000000008003798C] -> 0x9593
mem[X,0x000000008003798E] -> 0x00A5
[9246] [M]: 0x000000008003798C (0x00A59593) slli a1, a1, 10
x11 <- 0x6666666666666400
mem[X,0x0000000080037990] -> 0x8593
mem[X,0x0000000080037992] -> 0x2675
[9247] [M]: 0x0000000080037990 (0x26758593) addi a1, a1, 615
x11 <- 0x6666666666666667
mem[X,0x0000000080037994] -> 0x0113
mem[X,0x0000000080037996] -> 0x0000
[9248] [M]: 0x0000000080037994 (0x00000113) addi sp, zero, 0
x2 <- 0x0000000000000000
mem[X,0x0000000080037998] -> 0x006F
mem[X,0x000000008003799A] -> 0x0100
[9249] [M]: 0x0000000080037998 (0x0100006F) jal zero, 16
mem[X,0x00000000800379A8] -> 0x1AE3
mem[X,0x00000000800379AA] -> 0xFEB5
[9250] [M]: 0x00000000800379A8 (0xFEB51AE3) bne a0, a1, 8180
mem[X,0x000000008003799C] -> 0x0113
mem[X,0x000000008003799E] -> 0x0011
[9251] [M]: 0x000000008003799C (0x00110113) addi sp, sp, 1
x2 <- 0x0000000000000001
mem[X,0x00000000800379A0] -> 0x006F
mem[X,0x00000000800379A2] -> 0x01C0
[9252] [M]: 0x00000000800379A0 (0x01C0006F) jal zero, 28
mem[X,0x00000000800379BC] -> 0xBC23
mem[X,0x00000000800379BE] -> 0x1020
[9253] [M]: 0x00000000800379BC (0x1020BC23) sd sp, 280(ra)
mem[0x00000000800462F0] <- 0x0000000000000001
mem[X,0x00000000800379C0] -> 0x0513
mem[X,0x00000000800379C2] -> 0x0060
[9254] [M]: 0x00000000800379C0 (0x00600513) addi a0, zero, 6
x10 <- 0x0000000000000006
mem[X,0x00000000800379C4] -> 0x05B7
mem[X,0x00000000800379C6] -> 0x0000
[9255] [M]: 0x00000000800379C4 (0x000005B7) lui a1, 0
x11 <- 0x0000000000000000
mem[X,0x00000000800379C8] -> 0x8593
mem[X,0x00000000800379CA] -> 0xFFF5
[9256] [M]: 0x00000000800379C8 (0xFFF58593) addi a1, a1, 4095
x11 <- 0xFFFFFFFFFFFFFFFF
mem[X,0x00000000800379CC] -> 0x9593
mem[X,0x00000000800379CE] -> 0x00B5
[9257] [M]: 0x00000000800379CC (0x00B59593) slli a1, a1, 11
x11 <- 0xFFFFFFFFFFFFF800
mem[X,0x00000000800379D0] -> 0x8593
mem[X,0x00000000800379D2] -> 0x2575
[9258] [M]: 0x00000000800379D0 (0x25758593) addi a1, a1, 599
x11 <- 0xFFFFFFFFFFFFFA57
mem[X,0x00000000800379D4] -> 0x9593
mem[X,0x00000000800379D6] -> 0x00B5
[9259] [M]: 0x00000000800379D4 (0x00B59593) slli a1, a1, 11
x11 <- 0xFFFFFFFFFFD2B800
mem[X,0x00000000800379D8] -> 0x8593
mem[X,0x00000000800379DA] -> 0x6C35
[9260] [M]: 0x00000000800379D8 (0x6C358593) addi a1, a1, 1731
x11 <- 0xFFFFFFFFFFD2BEC3
mem[X,0x00000000800379DC] -> 0x9593
mem[X,0x00000000800379DE] -> 0x00A5
[9261] [M]: 0x00000000800379DC (0x00A59593) slli a1, a1, 10
x11 <- 0xFFFFFFFF4AFB0C00
mem[X,0x00000000800379E0] -> 0x8593
mem[X,0x00000000800379E2] -> 0x0CE5
[9262] [M]: 0x00000000800379E0 (0x0CE58593) addi a1, a1, 206
x11 <- 0xFFFFFFFF4AFB0CCE
mem[X,0x00000000800379E4] -> 0x0113
mem[X,0x00000000800379E6] -> 0x0000
[9263] [M]: 0x00000000800379E4 (0x00000113) addi sp, zero, 0
x2 <- 0x0000000000000000
mem[X,0x00000000800379E8] -> 0x006F
mem[X,0x00000000800379EA] -> 0x0100
[9264] [M]: 0x00000000800379E8 (0x0100006F) jal zero, 16
mem[X,0x00000000800379F8] -> 0x1AE3
mem[X,0x00000000800379FA] -> 0xFEB5
[9265] [M]: 0x00000000800379F8 (0xFEB51AE3) bne a0, a1, 8180
mem[X,0x00000000800379EC] -> 0x0113
mem[X,0x00000000800379EE] -> 0x0011
[9266] [M]: 0x00000000800379EC (0x00110113) addi sp, sp, 1
x2 <- 0x0000000000000001
mem[X,0x00000000800379F0] -> 0x006F
mem[X,0x00000000800379F2] -> 0x01C0
[9267] [M]: 0x00000000800379F0 (0x01C0006F) jal zero, 28
mem[X,0x0000000080037A0C] -> 0xB023
mem[X,0x0000000080037A0E] -> 0x1220
[9268] [M]: 0x0000000080037A0C (0x1220B023) sd sp, 288(ra)
mem[0x00000000800462F8] <- 0x0000000000000001
mem[X,0x0000000080037A10] -> 0x0513
mem[X,0x0000000080037A12] -> 0x0060
[9269] [M]: 0x0000000080037A10 (0x00600513) addi a0, zero, 6
x10 <- 0x0000000000000006
mem[X,0x0000000080037A14] -> 0x05B7
mem[X,0x0000000080037A16] -> 0x0000
[9270] [M]: 0x0000000080037A14 (0x000005B7) lui a1, 0
x11 <- 0x0000000000000000
mem[X,0x0000000080037A18] -> 0x8593
mem[X,0x0000000080037A1A] -> 0x0005
[9271] [M]: 0x0000000080037A18 (0x00058593) addi a1, a1, 0
x11 <- 0x0000000000000000
mem[X,0x0000000080037A1C] -> 0x9593
mem[X,0x0000000080037A1E] -> 0x00B5
[9272] [M]: 0x0000000080037A1C (0x00B59593) slli a1, a1, 11
x11 <- 0x0000000000000000
mem[X,0x0000000080037A20] -> 0x8593
mem[X,0x0000000080037A22] -> 0x5A85
[9273] [M]: 0x0000000080037A20 (0x5A858593) addi a1, a1, 1448
x11 <- 0x00000000000005A8
mem[X,0x0000000080037A24] -> 0x9593
mem[X,0x0000000080037A26] -> 0x00B5
[9274] [M]: 0x0000000080037A24 (0x00B59593) slli a1, a1, 11
x11 <- 0x00000000002D4000
mem[X,0x0000000080037A28] -> 0x8593
mem[X,0x0000000080037A2A] -> 0x13C5
[9275] [M]: 0x0000000080037A28 (0x13C58593) addi a1, a1, 316
x11 <- 0x00000000002D413C
mem[X,0x0000000080037A2C] -> 0x9593
mem[X,0x0000000080037A2E] -> 0x00A5
[9276] [M]: 0x0000000080037A2C (0x00A59593) slli a1, a1, 10
x11 <- 0x00000000B504F000
mem[X,0x0000000080037A30] -> 0x8593
mem[X,0x0000000080037A32] -> 0x3345
[9277] [M]: 0x0000000080037A30 (0x33458593) addi a1, a1, 820
x11 <- 0x00000000B504F334
mem[X,0x0000000080037A34] -> 0x0113
mem[X,0x0000000080037A36] -> 0x0000
[9278] [M]: 0x0000000080037A34 (0x00000113) addi sp, zero, 0
x2 <- 0x0000000000000000
mem[X,0x0000000080037A38] -> 0x006F
mem[X,0x0000000080037A3A] -> 0x00C0
[9279] [M]: 0x0000000080037A38 (0x00C0006F) jal zero, 12
mem[X,0x0000000080037A44] -> 0x1063
mem[X,0x0000000080037A46] -> 0x04B5
[9280] [M]: 0x0000000080037A44 (0x04B51063) bne a0, a1, 64
mem[X,0x0000000080037A84] -> 0x0113
mem[X,0x0000000080037A86] -> 0x0031
[9281] [M]: 0x0000000080037A84 (0x00310113) addi sp, sp, 3
x2 <- 0x0000000000000003
mem[X,0x0000000080037A88] -> 0x006F
mem[X,0x0000000080037A8A] -> 0x0040
[9282] [M]: 0x0000000080037A88 (0x0040006F) jal zero, 4
mem[X,0x0000000080037A8C] -> 0xB423
mem[X,0x0000000080037A8E] -> 0x1220
[9283] [M]: 0x0000000080037A8C (0x1220B423) sd sp, 296(ra)
mem[0x0000000080046300] <- 0x0000000000000003
mem[X,0x0000000080037A90] -> 0x3537
mem[X,0x0000000080037A92] -> 0x3333
[9284] [M]: 0x0000000080037A90 (0x33333537) lui a0, 209715
x10 <- 0x0000000033333000
mem[X,0x0000000080037A94] -> 0x0513
mem[X,0x0000000080037A96] -> 0x3335
[9285] [M]: 0x0000000080037A94 (0x33350513) addi a0, a0, 819
x10 <- 0x0000000033333333
mem[X,0x0000000080037A98] -> 0x1513
mem[X,0x0000000080037A9A] -> 0x00B5
[9286] [M]: 0x0000000080037A98 (0x00B51513) slli a0, a0, 11
x10 <- 0x0000019999999800
mem[X,0x0000000080037A9C] -> 0x0513
mem[X,0x0000000080037A9E] -> 0x1995
[9287] [M]: 0x0000000080037A9C (0x19950513) addi a0, a0, 409
x10 <- 0x0000019999999999
mem[X,0x0000000080037AA0] -> 0x1513
mem[X,0x0000000080037AA2] -> 0x00B5
[9288] [M]: 0x0000000080037AA0 (0x00B51513) slli a0, a0, 11
x10 <- 0x000CCCCCCCCCC800
mem[X,0x0000000080037AA4] -> 0x0513
mem[X,0x0000000080037AA6] -> 0x4CC5
[9289] [M]: 0x0000000080037AA4 (0x4CC50513) addi a0, a0, 1228
x10 <- 0x000CCCCCCCCCCCCC
mem[X,0x0000000080037AA8] -> 0x1513
mem[X,0x0000000080037AAA] -> 0x00A5
[9290] [M]: 0x0000000080037AA8 (0x00A51513) slli a0, a0, 10
x10 <- 0x3333333333333000
mem[X,0x0000000080037AAC] -> 0x0513
mem[X,0x0000000080037AAE] -> 0x3345
[9291] [M]: 0x0000000080037AAC (0x33450513) addi a0, a0, 820
x10 <- 0x3333333333333334
mem[X,0x0000000080037AB0] -> 0x0593
mem[X,0x0000000080037AB2] -> 0x0030
[9292] [M]: 0x0000000080037AB0 (0x00300593) addi a1, zero, 3
x11 <- 0x0000000000000003
mem[X,0x0000000080037AB4] -> 0x0113
mem[X,0x0000000080037AB6] -> 0x0000
[9293] [M]: 0x0000000080037AB4 (0x00000113) addi sp, zero, 0
x2 <- 0x0000000000000000
mem[X,0x0000000080037AB8] -> 0x006F
mem[X,0x0000000080037ABA] -> 0x00C0
[9294] [M]: 0x0000000080037AB8 (0x00C0006F) jal zero, 12
mem[X,0x0000000080037AC4] -> 0x1663
mem[X,0x0000000080037AC6] -> 0x00B5
[9295] [M]: 0x0000000080037AC4 (0x00B51663) bne a0, a1, 12
mem[X,0x0000000080037AD0] -> 0x0113
mem[X,0x0000000080037AD2] -> 0x0031
[9296] [M]: 0x0000000080037AD0 (0x00310113) addi sp, sp, 3
x2 <- 0x0000000000000003
mem[X,0x0000000080037AD4] -> 0x006F
mem[X,0x0000000080037AD6] -> 0x0040
[9297] [M]: 0x0000000080037AD4 (0x0040006F) jal zero, 4
mem[X,0x0000000080037AD8] -> 0xB823
mem[X,0x0000000080037ADA] -> 0x1220
[9298] [M]: 0x0000000080037AD8 (0x1220B823) sd sp, 304(ra)
mem[0x0000000080046308] <- 0x0000000000000003
mem[X,0x0000000080037ADC] -> 0x3537
mem[X,0x0000000080037ADE] -> 0x3333
[9299] [M]: 0x0000000080037ADC (0x33333537) lui a0, 209715
x10 <- 0x0000000033333000
clint::tick mtime <- 0x000000000000005D
 clint timer pending at mtime 0x000000000000005D
htif::tick 0x0000000000000000
mem[X,0x0000000080037AE0] -> 0x0513
mem[X,0x0000000080037AE2] -> 0x3335
[9300] [M]: 0x0000000080037AE0 (0x33350513) addi a0, a0, 819
x10 <- 0x0000000033333333
mem[X,0x0000000080037AE4] -> 0x1513
mem[X,0x0000000080037AE6] -> 0x00B5
[9301] [M]: 0x0000000080037AE4 (0x00B51513) slli a0, a0, 11
x10 <- 0x0000019999999800
mem[X,0x0000000080037AE8] -> 0x0513
mem[X,0x0000000080037AEA] -> 0x1995
[9302] [M]: 0x0000000080037AE8 (0x19950513) addi a0, a0, 409
x10 <- 0x0000019999999999
mem[X,0x0000000080037AEC] -> 0x1513
mem[X,0x0000000080037AEE] -> 0x00B5
[9303] [M]: 0x0000000080037AEC (0x00B51513) slli a0, a0, 11
x10 <- 0x000CCCCCCCCCC800
mem[X,0x0000000080037AF0] -> 0x0513
mem[X,0x0000000080037AF2] -> 0x4CC5
[9304] [M]: 0x0000000080037AF0 (0x4CC50513) addi a0, a0, 1228
x10 <- 0x000CCCCCCCCCCCCC
mem[X,0x0000000080037AF4] -> 0x1513
mem[X,0x0000000080037AF6] -> 0x00A5
[9305] [M]: 0x0000000080037AF4 (0x00A51513) slli a0, a0, 10
x10 <- 0x3333333333333000
mem[X,0x0000000080037AF8] -> 0x0513
mem[X,0x0000000080037AFA] -> 0x3345
[9306] [M]: 0x0000000080037AF8 (0x33450513) addi a0, a0, 820
x10 <- 0x3333333333333334
mem[X,0x0000000080037AFC] -> 0x55B7
mem[X,0x0000000080037AFE] -> 0x5555
[9307] [M]: 0x0000000080037AFC (0x555555B7) lui a1, 349525
x11 <- 0x0000000055555000
mem[X,0x0000000080037B00] -> 0x8593
mem[X,0x0000000080037B02] -> 0x5555
[9308] [M]: 0x0000000080037B00 (0x55558593) addi a1, a1, 1365
x11 <- 0x0000000055555555
mem[X,0x0000000080037B04] -> 0x9593
mem[X,0x0000000080037B06] -> 0x00B5
[9309] [M]: 0x0000000080037B04 (0x00B59593) slli a1, a1, 11
x11 <- 0x000002AAAAAAA800
mem[X,0x0000000080037B08] -> 0x8593
mem[X,0x0000000080037B0A] -> 0x2AA5
[9310] [M]: 0x0000000080037B08 (0x2AA58593) addi a1, a1, 682
x11 <- 0x000002AAAAAAAAAA
mem[X,0x0000000080037B0C] -> 0x9593
mem[X,0x0000000080037B0E] -> 0x00B5
[9311] [M]: 0x0000000080037B0C (0x00B59593) slli a1, a1, 11
x11 <- 0x0015555555555000
mem[X,0x0000000080037B10] -> 0x8593
mem[X,0x0000000080037B12] -> 0x5555
[9312] [M]: 0x0000000080037B10 (0x55558593) addi a1, a1, 1365
x11 <- 0x0015555555555555
mem[X,0x0000000080037B14] -> 0x9593
mem[X,0x0000000080037B16] -> 0x00A5
[9313] [M]: 0x0000000080037B14 (0x00A59593) slli a1, a1, 10
x11 <- 0x5555555555555400
mem[X,0x0000000080037B18] -> 0x8593
mem[X,0x0000000080037B1A] -> 0x1555
[9314] [M]: 0x0000000080037B18 (0x15558593) addi a1, a1, 341
x11 <- 0x5555555555555555
mem[X,0x0000000080037B1C] -> 0x0113
mem[X,0x0000000080037B1E] -> 0x0000
[9315] [M]: 0x0000000080037B1C (0x00000113) addi sp, zero, 0
x2 <- 0x0000000000000000
mem[X,0x0000000080037B20] -> 0x006F
mem[X,0x0000000080037B22] -> 0x00C0
[9316] [M]: 0x0000000080037B20 (0x00C0006F) jal zero, 12
mem[X,0x0000000080037B2C] -> 0x1063
mem[X,0x0000000080037B2E] -> 0x40B5
[9317] [M]: 0x0000000080037B2C (0x40B51063) bne a0, a1, 1024
mem[X,0x0000000080037F2C] -> 0x0113
mem[X,0x0000000080037F2E] -> 0x0031
[9318] [M]: 0x0000000080037F2C (0x00310113) addi sp, sp, 3
x2 <- 0x0000000000000003
mem[X,0x0000000080037F30] -> 0x006F
mem[X,0x0000000080037F32] -> 0x0040
[9319] [M]: 0x0000000080037F30 (0x0040006F) jal zero, 4
mem[X,0x0000000080037F34] -> 0xBC23
mem[X,0x0000000080037F36] -> 0x1220
[9320] [M]: 0x0000000080037F34 (0x1220BC23) sd sp, 312(ra)
mem[0x0000000080046310] <- 0x0000000000000003
mem[X,0x0000000080037F38] -> 0x3537
mem[X,0x0000000080037F3A] -> 0x3333
[9321] [M]: 0x0000000080037F38 (0x33333537) lui a0, 209715
x10 <- 0x0000000033333000
mem[X,0x0000000080037F3C] -> 0x0513
mem[X,0x0000000080037F3E] -> 0x3335
[9322] [M]: 0x0000000080037F3C (0x33350513) addi a0, a0, 819
x10 <- 0x0000000033333333
mem[X,0x0000000080037F40] -> 0x1513
mem[X,0x0000000080037F42] -> 0x00B5
[9323] [M]: 0x0000000080037F40 (0x00B51513) slli a0, a0, 11
x10 <- 0x0000019999999800
mem[X,0x0000000080037F44] -> 0x0513
mem[X,0x0000000080037F46] -> 0x1995
[9324] [M]: 0x0000000080037F44 (0x19950513) addi a0, a0, 409
x10 <- 0x0000019999999999
mem[X,0x0000000080037F48] -> 0x1513
mem[X,0x0000000080037F4A] -> 0x00B5
[9325] [M]: 0x0000000080037F48 (0x00B51513) slli a0, a0, 11
x10 <- 0x000CCCCCCCCCC800
mem[X,0x0000000080037F4C] -> 0x0513
mem[X,0x0000000080037F4E] -> 0x4CC5
[9326] [M]: 0x0000000080037F4C (0x4CC50513) addi a0, a0, 1228
x10 <- 0x000CCCCCCCCCCCCC
mem[X,0x0000000080037F50] -> 0x1513
mem[X,0x0000000080037F52] -> 0x00A5
[9327] [M]: 0x0000000080037F50 (0x00A51513) slli a0, a0, 10
x10 <- 0x3333333333333000
mem[X,0x0000000080037F54] -> 0x0513
mem[X,0x0000000080037F56] -> 0x3345
[9328] [M]: 0x0000000080037F54 (0x33450513) addi a0, a0, 820
x10 <- 0x3333333333333334
mem[X,0x0000000080037F58] -> 0xB5B7
mem[X,0x0000000080037F5A] -> 0xAAAA
[9329] [M]: 0x0000000080037F58 (0xAAAAB5B7) lui a1, 699051
x11 <- 0xFFFFFFFFAAAAB000
mem[X,0x0000000080037F5C] -> 0x8593
mem[X,0x0000000080037F5E] -> 0xAAA5
[9330] [M]: 0x0000000080037F5C (0xAAA58593) addi a1, a1, 2730
x11 <- 0xFFFFFFFFAAAAAAAA
mem[X,0x0000000080037F60] -> 0x9593
mem[X,0x0000000080037F62] -> 0x00B5
[9331] [M]: 0x0000000080037F60 (0x00B59593) slli a1, a1, 11
x11 <- 0xFFFFFD5555555000
mem[X,0x0000000080037F64] -> 0x8593
mem[X,0x0000000080037F66] -> 0x5555
[9332] [M]: 0x0000000080037F64 (0x55558593) addi a1, a1, 1365
x11 <- 0xFFFFFD5555555555
mem[X,0x0000000080037F68] -> 0x9593
mem[X,0x0000000080037F6A] -> 0x00B5
[9333] [M]: 0x0000000080037F68 (0x00B59593) slli a1, a1, 11
x11 <- 0xFFEAAAAAAAAAA800
mem[X,0x0000000080037F6C] -> 0x8593
mem[X,0x0000000080037F6E] -> 0x2AA5
[9334] [M]: 0x0000000080037F6C (0x2AA58593) addi a1, a1, 682
x11 <- 0xFFEAAAAAAAAAAAAA
mem[X,0x0000000080037F70] -> 0x9593
mem[X,0x0000000080037F72] -> 0x00A5
[9335] [M]: 0x0000000080037F70 (0x00A59593) slli a1, a1, 10
x11 <- 0xAAAAAAAAAAAAA800
mem[X,0x0000000080037F74] -> 0x8593
mem[X,0x0000000080037F76] -> 0x2AA5
[9336] [M]: 0x0000000080037F74 (0x2AA58593) addi a1, a1, 682
x11 <- 0xAAAAAAAAAAAAAAAA
mem[X,0x0000000080037F78] -> 0x0113
mem[X,0x0000000080037F7A] -> 0x0000
[9337] [M]: 0x0000000080037F78 (0x00000113) addi sp, zero, 0
x2 <- 0x0000000000000000
mem[X,0x0000000080037F7C] -> 0x006F
mem[X,0x0000000080037F7E] -> 0x0050
[9338] [M]: 0x0000000080037F7C (0x0050006F) jal zero, 2052
mem[X,0x0000000080038780] -> 0x10E3
mem[X,0x0000000080038782] -> 0x80B5
[9339] [M]: 0x0000000080038780 (0x80B510E3) bne a0, a1, 6144
mem[X,0x0000000080037F80] -> 0x0113
mem[X,0x0000000080037F82] -> 0x0011
[9340] [M]: 0x0000000080037F80 (0x00110113) addi sp, sp, 1
x2 <- 0x0000000000000001
mem[X,0x0000000080037F84] -> 0x006F
mem[X,0x0000000080037F86] -> 0x0110
[9341] [M]: 0x0000000080037F84 (0x0110006F) jal zero, 2064
mem[X,0x0000000080038794] -> 0xB023
mem[X,0x0000000080038796] -> 0x1420
[9342] [M]: 0x0000000080038794 (0x1420B023) sd sp, 320(ra)
mem[0x0000000080046318] <- 0x0000000000000001
mem[X,0x0000000080038798] -> 0x3537
mem[X,0x000000008003879A] -> 0x3333
[9343] [M]: 0x0000000080038798 (0x33333537) lui a0, 209715
x10 <- 0x0000000033333000
mem[X,0x000000008003879C] -> 0x0513
mem[X,0x000000008003879E] -> 0x3335
[9344] [M]: 0x000000008003879C (0x33350513) addi a0, a0, 819
x10 <- 0x0000000033333333
mem[X,0x00000000800387A0] -> 0x1513
mem[X,0x00000000800387A2] -> 0x00B5
[9345] [M]: 0x00000000800387A0 (0x00B51513) slli a0, a0, 11
x10 <- 0x0000019999999800
mem[X,0x00000000800387A4] -> 0x0513
mem[X,0x00000000800387A6] -> 0x1995
[9346] [M]: 0x00000000800387A4 (0x19950513) addi a0, a0, 409
x10 <- 0x0000019999999999
mem[X,0x00000000800387A8] -> 0x1513
mem[X,0x00000000800387AA] -> 0x00B5
[9347] [M]: 0x00000000800387A8 (0x00B51513) slli a0, a0, 11
x10 <- 0x000CCCCCCCCCC800
mem[X,0x00000000800387AC] -> 0x0513
mem[X,0x00000000800387AE] -> 0x4CC5
[9348] [M]: 0x00000000800387AC (0x4CC50513) addi a0, a0, 1228
x10 <- 0x000CCCCCCCCCCCCC
mem[X,0x00000000800387B0] -> 0x1513
mem[X,0x00000000800387B2] -> 0x00A5
[9349] [M]: 0x00000000800387B0 (0x00A51513) slli a0, a0, 10
x10 <- 0x3333333333333000
mem[X,0x00000000800387B4] -> 0x0513
mem[X,0x00000000800387B6] -> 0x3345
[9350] [M]: 0x00000000800387B4 (0x33450513) addi a0, a0, 820
x10 <- 0x3333333333333334
mem[X,0x00000000800387B8] -> 0x0593
mem[X,0x00000000800387BA] -> 0x0050
[9351] [M]: 0x00000000800387B8 (0x00500593) addi a1, zero, 5
x11 <- 0x0000000000000005
mem[X,0x00000000800387BC] -> 0x0113
mem[X,0x00000000800387BE] -> 0x0000
[9352] [M]: 0x00000000800387BC (0x00000113) addi sp, zero, 0
x2 <- 0x0000000000000000
mem[X,0x00000000800387C0] -> 0x006F
mem[X,0x00000000800387C2] -> 0x00C0
[9353] [M]: 0x00000000800387C0 (0x00C0006F) jal zero, 12
mem[X,0x00000000800387CC] -> 0x1063
mem[X,0x00000000800387CE] -> 0x04B5
[9354] [M]: 0x00000000800387CC (0x04B51063) bne a0, a1, 64
mem[X,0x000000008003880C] -> 0x0113
mem[X,0x000000008003880E] -> 0x0031
[9355] [M]: 0x000000008003880C (0x00310113) addi sp, sp, 3
x2 <- 0x0000000000000003
mem[X,0x0000000080038810] -> 0x006F
mem[X,0x0000000080038812] -> 0x0040
[9356] [M]: 0x0000000080038810 (0x0040006F) jal zero, 4
mem[X,0x0000000080038814] -> 0xB423
mem[X,0x0000000080038816] -> 0x1420
[9357] [M]: 0x0000000080038814 (0x1420B423) sd sp, 328(ra)
mem[0x0000000080046320] <- 0x0000000000000003
mem[X,0x0000000080038818] -> 0x3537
mem[X,0x000000008003881A] -> 0x3333
[9358] [M]: 0x0000000080038818 (0x33333537) lui a0, 209715
x10 <- 0x0000000033333000
mem[X,0x000000008003881C] -> 0x0513
mem[X,0x000000008003881E] -> 0x3335
[9359] [M]: 0x000000008003881C (0x33350513) addi a0, a0, 819
x10 <- 0x0000000033333333
mem[X,0x0000000080038820] -> 0x1513
mem[X,0x0000000080038822] -> 0x00B5
[9360] [M]: 0x0000000080038820 (0x00B51513) slli a0, a0, 11
x10 <- 0x0000019999999800
mem[X,0x0000000080038824] -> 0x0513
mem[X,0x0000000080038826] -> 0x1995
[9361] [M]: 0x0000000080038824 (0x19950513) addi a0, a0, 409
x10 <- 0x0000019999999999
mem[X,0x0000000080038828] -> 0x1513
mem[X,0x000000008003882A] -> 0x00B5
[9362] [M]: 0x0000000080038828 (0x00B51513) slli a0, a0, 11
x10 <- 0x000CCCCCCCCCC800
mem[X,0x000000008003882C] -> 0x0513
mem[X,0x000000008003882E] -> 0x4CC5
[9363] [M]: 0x000000008003882C (0x4CC50513) addi a0, a0, 1228
x10 <- 0x000CCCCCCCCCCCCC
mem[X,0x0000000080038830] -> 0x1513
mem[X,0x0000000080038832] -> 0x00A5
[9364] [M]: 0x0000000080038830 (0x00A51513) slli a0, a0, 10
x10 <- 0x3333333333333000
mem[X,0x0000000080038834] -> 0x0513
mem[X,0x0000000080038836] -> 0x3345
[9365] [M]: 0x0000000080038834 (0x33450513) addi a0, a0, 820
x10 <- 0x3333333333333334
mem[X,0x0000000080038838] -> 0x35B7
mem[X,0x000000008003883A] -> 0x3333
[9366] [M]: 0x0000000080038838 (0x333335B7) lui a1, 209715
x11 <- 0x0000000033333000
mem[X,0x000000008003883C] -> 0x8593
mem[X,0x000000008003883E] -> 0x3335
[9367] [M]: 0x000000008003883C (0x33358593) addi a1, a1, 819
x11 <- 0x0000000033333333
mem[X,0x0000000080038840] -> 0x9593
mem[X,0x0000000080038842] -> 0x00B5
[9368] [M]: 0x0000000080038840 (0x00B59593) slli a1, a1, 11
x11 <- 0x0000019999999800
mem[X,0x0000000080038844] -> 0x8593
mem[X,0x0000000080038846] -> 0x1995
[9369] [M]: 0x0000000080038844 (0x19958593) addi a1, a1, 409
x11 <- 0x0000019999999999
mem[X,0x0000000080038848] -> 0x9593
mem[X,0x000000008003884A] -> 0x00B5
[9370] [M]: 0x0000000080038848 (0x00B59593) slli a1, a1, 11
x11 <- 0x000CCCCCCCCCC800
mem[X,0x000000008003884C] -> 0x8593
mem[X,0x000000008003884E] -> 0x4CC5
[9371] [M]: 0x000000008003884C (0x4CC58593) addi a1, a1, 1228
x11 <- 0x000CCCCCCCCCCCCC
mem[X,0x0000000080038850] -> 0x9593
mem[X,0x0000000080038852] -> 0x00A5
[9372] [M]: 0x0000000080038850 (0x00A59593) slli a1, a1, 10
x11 <- 0x3333333333333000
mem[X,0x0000000080038854] -> 0x8593
mem[X,0x0000000080038856] -> 0x3335
[9373] [M]: 0x0000000080038854 (0x33358593) addi a1, a1, 819
x11 <- 0x3333333333333333
mem[X,0x0000000080038858] -> 0x0113
mem[X,0x000000008003885A] -> 0x0000
[9374] [M]: 0x0000000080038858 (0x00000113) addi sp, zero, 0
x2 <- 0x0000000000000000
mem[X,0x000000008003885C] -> 0x006F
mem[X,0x000000008003885E] -> 0x00C0
[9375] [M]: 0x000000008003885C (0x00C0006F) jal zero, 12
mem[X,0x0000000080038868] -> 0x1063
mem[X,0x000000008003886A] -> 0x40B5
[9376] [M]: 0x0000000080038868 (0x40B51063) bne a0, a1, 1024
mem[X,0x0000000080038C68] -> 0x0113
mem[X,0x0000000080038C6A] -> 0x0031
[9377] [M]: 0x0000000080038C68 (0x00310113) addi sp, sp, 3
x2 <- 0x0000000000000003
mem[X,0x0000000080038C6C] -> 0x006F
mem[X,0x0000000080038C6E] -> 0x0040
[9378] [M]: 0x0000000080038C6C (0x0040006F) jal zero, 4
mem[X,0x0000000080038C70] -> 0xB823
mem[X,0x0000000080038C72] -> 0x1420
[9379] [M]: 0x0000000080038C70 (0x1420B823) sd sp, 336(ra)
mem[0x0000000080046328] <- 0x0000000000000003
mem[X,0x0000000080038C74] -> 0x3537
mem[X,0x0000000080038C76] -> 0x3333
[9380] [M]: 0x0000000080038C74 (0x33333537) lui a0, 209715
x10 <- 0x0000000033333000
mem[X,0x0000000080038C78] -> 0x0513
mem[X,0x0000000080038C7A] -> 0x3335
[9381] [M]: 0x0000000080038C78 (0x33350513) addi a0, a0, 819
x10 <- 0x0000000033333333
mem[X,0x0000000080038C7C] -> 0x1513
mem[X,0x0000000080038C7E] -> 0x00B5
[9382] [M]: 0x0000000080038C7C (0x00B51513) slli a0, a0, 11
x10 <- 0x0000019999999800
mem[X,0x0000000080038C80] -> 0x0513
mem[X,0x0000000080038C82] -> 0x1995
[9383] [M]: 0x0000000080038C80 (0x19950513) addi a0, a0, 409
x10 <- 0x0000019999999999
mem[X,0x0000000080038C84] -> 0x1513
mem[X,0x0000000080038C86] -> 0x00B5
[9384] [M]: 0x0000000080038C84 (0x00B51513) slli a0, a0, 11
x10 <- 0x000CCCCCCCCCC800
mem[X,0x0000000080038C88] -> 0x0513
mem[X,0x0000000080038C8A] -> 0x4CC5
[9385] [M]: 0x0000000080038C88 (0x4CC50513) addi a0, a0, 1228
x10 <- 0x000CCCCCCCCCCCCC
mem[X,0x0000000080038C8C] -> 0x1513
mem[X,0x0000000080038C8E] -> 0x00A5
[9386] [M]: 0x0000000080038C8C (0x00A51513) slli a0, a0, 10
x10 <- 0x3333333333333000
mem[X,0x0000000080038C90] -> 0x0513
mem[X,0x0000000080038C92] -> 0x3345
[9387] [M]: 0x0000000080038C90 (0x33450513) addi a0, a0, 820
x10 <- 0x3333333333333334
mem[X,0x0000000080038C94] -> 0x65B7
mem[X,0x0000000080038C96] -> 0x6666
[9388] [M]: 0x0000000080038C94 (0x666665B7) lui a1, 419430
x11 <- 0x0000000066666000
mem[X,0x0000000080038C98] -> 0x8593
mem[X,0x0000000080038C9A] -> 0x6665
[9389] [M]: 0x0000000080038C98 (0x66658593) addi a1, a1, 1638
x11 <- 0x0000000066666666
mem[X,0x0000000080038C9C] -> 0x9593
mem[X,0x0000000080038C9E] -> 0x00B5
[9390] [M]: 0x0000000080038C9C (0x00B59593) slli a1, a1, 11
x11 <- 0x0000033333333000
mem[X,0x0000000080038CA0] -> 0x8593
mem[X,0x0000000080038CA2] -> 0x3335
[9391] [M]: 0x0000000080038CA0 (0x33358593) addi a1, a1, 819
x11 <- 0x0000033333333333
mem[X,0x0000000080038CA4] -> 0x9593
mem[X,0x0000000080038CA6] -> 0x00B5
[9392] [M]: 0x0000000080038CA4 (0x00B59593) slli a1, a1, 11
x11 <- 0x0019999999999800
mem[X,0x0000000080038CA8] -> 0x8593
mem[X,0x0000000080038CAA] -> 0x1995
[9393] [M]: 0x0000000080038CA8 (0x19958593) addi a1, a1, 409
x11 <- 0x0019999999999999
mem[X,0x0000000080038CAC] -> 0x9593
mem[X,0x0000000080038CAE] -> 0x00A5
[9394] [M]: 0x0000000080038CAC (0x00A59593) slli a1, a1, 10
x11 <- 0x6666666666666400
mem[X,0x0000000080038CB0] -> 0x8593
mem[X,0x0000000080038CB2] -> 0x2665
[9395] [M]: 0x0000000080038CB0 (0x26658593) addi a1, a1, 614
x11 <- 0x6666666666666666
mem[X,0x0000000080038CB4] -> 0x0113
mem[X,0x0000000080038CB6] -> 0x0000
[9396] [M]: 0x0000000080038CB4 (0x00000113) addi sp, zero, 0
x2 <- 0x0000000000000000
mem[X,0x0000000080038CB8] -> 0x006F
mem[X,0x0000000080038CBA] -> 0x00C0
[9397] [M]: 0x0000000080038CB8 (0x00C0006F) jal zero, 12
mem[X,0x0000000080038CC4] -> 0x1663
mem[X,0x0000000080038CC6] -> 0x00B5
[9398] [M]: 0x0000000080038CC4 (0x00B51663) bne a0, a1, 12
mem[X,0x0000000080038CD0] -> 0x0113
mem[X,0x0000000080038CD2] -> 0x0031
[9399] [M]: 0x0000000080038CD0 (0x00310113) addi sp, sp, 3
x2 <- 0x0000000000000003
clint::tick mtime <- 0x000000000000005E
 clint timer pending at mtime 0x000000000000005E
htif::tick 0x0000000000000000
mem[X,0x0000000080038CD4] -> 0x006F
mem[X,0x0000000080038CD6] -> 0x0040
[9400] [M]: 0x0000000080038CD4 (0x0040006F) jal zero, 4
mem[X,0x0000000080038CD8] -> 0xBC23
mem[X,0x0000000080038CDA] -> 0x1420
[9401] [M]: 0x0000000080038CD8 (0x1420BC23) sd sp, 344(ra)
mem[0x0000000080046330] <- 0x0000000000000003
mem[X,0x0000000080038CDC] -> 0x3537
mem[X,0x0000000080038CDE] -> 0x3333
[9402] [M]: 0x0000000080038CDC (0x33333537) lui a0, 209715
x10 <- 0x0000000033333000
mem[X,0x0000000080038CE0] -> 0x0513
mem[X,0x0000000080038CE2] -> 0x3335
[9403] [M]: 0x0000000080038CE0 (0x33350513) addi a0, a0, 819
x10 <- 0x0000000033333333
mem[X,0x0000000080038CE4] -> 0x1513
mem[X,0x0000000080038CE6] -> 0x00B5
[9404] [M]: 0x0000000080038CE4 (0x00B51513) slli a0, a0, 11
x10 <- 0x0000019999999800
mem[X,0x0000000080038CE8] -> 0x0513
mem[X,0x0000000080038CEA] -> 0x1995
[9405] [M]: 0x0000000080038CE8 (0x19950513) addi a0, a0, 409
x10 <- 0x0000019999999999
mem[X,0x0000000080038CEC] -> 0x1513
mem[X,0x0000000080038CEE] -> 0x00B5
[9406] [M]: 0x0000000080038CEC (0x00B51513) slli a0, a0, 11
x10 <- 0x000CCCCCCCCCC800
mem[X,0x0000000080038CF0] -> 0x0513
mem[X,0x0000000080038CF2] -> 0x4CC5
[9407] [M]: 0x0000000080038CF0 (0x4CC50513) addi a0, a0, 1228
x10 <- 0x000CCCCCCCCCCCCC
mem[X,0x0000000080038CF4] -> 0x1513
mem[X,0x0000000080038CF6] -> 0x00A5
[9408] [M]: 0x0000000080038CF4 (0x00A51513) slli a0, a0, 10
x10 <- 0x3333333333333000
mem[X,0x0000000080038CF8] -> 0x0513
mem[X,0x0000000080038CFA] -> 0x3345
[9409] [M]: 0x0000000080038CF8 (0x33450513) addi a0, a0, 820
x10 <- 0x3333333333333334
mem[X,0x0000000080038CFC] -> 0x05B7
mem[X,0x0000000080038CFE] -> 0x0000
[9410] [M]: 0x0000000080038CFC (0x000005B7) lui a1, 0
x11 <- 0x0000000000000000
mem[X,0x0000000080038D00] -> 0x8593
mem[X,0x0000000080038D02] -> 0xFFF5
[9411] [M]: 0x0000000080038D00 (0xFFF58593) addi a1, a1, 4095
x11 <- 0xFFFFFFFFFFFFFFFF
mem[X,0x0000000080038D04] -> 0x9593
mem[X,0x0000000080038D06] -> 0x00B5
[9412] [M]: 0x0000000080038D04 (0x00B59593) slli a1, a1, 11
x11 <- 0xFFFFFFFFFFFFF800
mem[X,0x0000000080038D08] -> 0x8593
mem[X,0x0000000080038D0A] -> 0x2575
[9413] [M]: 0x0000000080038D08 (0x25758593) addi a1, a1, 599
x11 <- 0xFFFFFFFFFFFFFA57
mem[X,0x0000000080038D0C] -> 0x9593
mem[X,0x0000000080038D0E] -> 0x00B5
[9414] [M]: 0x0000000080038D0C (0x00B59593) slli a1, a1, 11
x11 <- 0xFFFFFFFFFFD2B800
mem[X,0x0000000080038D10] -> 0x8593
mem[X,0x0000000080038D12] -> 0x6C35
[9415] [M]: 0x0000000080038D10 (0x6C358593) addi a1, a1, 1731
x11 <- 0xFFFFFFFFFFD2BEC3
mem[X,0x0000000080038D14] -> 0x9593
mem[X,0x0000000080038D16] -> 0x00A5
[9416] [M]: 0x0000000080038D14 (0x00A59593) slli a1, a1, 10
x11 <- 0xFFFFFFFF4AFB0C00
mem[X,0x0000000080038D18] -> 0x8593
mem[X,0x0000000080038D1A] -> 0x0CD5
[9417] [M]: 0x0000000080038D18 (0x0CD58593) addi a1, a1, 205
x11 <- 0xFFFFFFFF4AFB0CCD
mem[X,0x0000000080038D1C] -> 0x0113
mem[X,0x0000000080038D1E] -> 0x0000
[9418] [M]: 0x0000000080038D1C (0x00000113) addi sp, zero, 0
x2 <- 0x0000000000000000
mem[X,0x0000000080038D20] -> 0x006F
mem[X,0x0000000080038D22] -> 0x00C0
[9419] [M]: 0x0000000080038D20 (0x00C0006F) jal zero, 12
mem[X,0x0000000080038D2C] -> 0x1663
mem[X,0x0000000080038D2E] -> 0x00B5
[9420] [M]: 0x0000000080038D2C (0x00B51663) bne a0, a1, 12
mem[X,0x0000000080038D38] -> 0x0113
mem[X,0x0000000080038D3A] -> 0x0031
[9421] [M]: 0x0000000080038D38 (0x00310113) addi sp, sp, 3
x2 <- 0x0000000000000003
mem[X,0x0000000080038D3C] -> 0x006F
mem[X,0x0000000080038D3E] -> 0x0040
[9422] [M]: 0x0000000080038D3C (0x0040006F) jal zero, 4
mem[X,0x0000000080038D40] -> 0xB023
mem[X,0x0000000080038D42] -> 0x1620
[9423] [M]: 0x0000000080038D40 (0x1620B023) sd sp, 352(ra)
mem[0x0000000080046338] <- 0x0000000000000003
mem[X,0x0000000080038D44] -> 0x3537
mem[X,0x0000000080038D46] -> 0x3333
[9424] [M]: 0x0000000080038D44 (0x33333537) lui a0, 209715
x10 <- 0x0000000033333000
mem[X,0x0000000080038D48] -> 0x0513
mem[X,0x0000000080038D4A] -> 0x3335
[9425] [M]: 0x0000000080038D48 (0x33350513) addi a0, a0, 819
x10 <- 0x0000000033333333
mem[X,0x0000000080038D4C] -> 0x1513
mem[X,0x0000000080038D4E] -> 0x00B5
[9426] [M]: 0x0000000080038D4C (0x00B51513) slli a0, a0, 11
x10 <- 0x0000019999999800
mem[X,0x0000000080038D50] -> 0x0513
mem[X,0x0000000080038D52] -> 0x1995
[9427] [M]: 0x0000000080038D50 (0x19950513) addi a0, a0, 409
x10 <- 0x0000019999999999
mem[X,0x0000000080038D54] -> 0x1513
mem[X,0x0000000080038D56] -> 0x00B5
[9428] [M]: 0x0000000080038D54 (0x00B51513) slli a0, a0, 11
x10 <- 0x000CCCCCCCCCC800
mem[X,0x0000000080038D58] -> 0x0513
mem[X,0x0000000080038D5A] -> 0x4CC5
[9429] [M]: 0x0000000080038D58 (0x4CC50513) addi a0, a0, 1228
x10 <- 0x000CCCCCCCCCCCCC
mem[X,0x0000000080038D5C] -> 0x1513
mem[X,0x0000000080038D5E] -> 0x00A5
[9430] [M]: 0x0000000080038D5C (0x00A51513) slli a0, a0, 10
x10 <- 0x3333333333333000
mem[X,0x0000000080038D60] -> 0x0513
mem[X,0x0000000080038D62] -> 0x3345
[9431] [M]: 0x0000000080038D60 (0x33450513) addi a0, a0, 820
x10 <- 0x3333333333333334
mem[X,0x0000000080038D64] -> 0x05B7
mem[X,0x0000000080038D66] -> 0x0000
[9432] [M]: 0x0000000080038D64 (0x000005B7) lui a1, 0
x11 <- 0x0000000000000000
mem[X,0x0000000080038D68] -> 0x8593
mem[X,0x0000000080038D6A] -> 0x0005
[9433] [M]: 0x0000000080038D68 (0x00058593) addi a1, a1, 0
x11 <- 0x0000000000000000
mem[X,0x0000000080038D6C] -> 0x9593
mem[X,0x0000000080038D6E] -> 0x00B5
[9434] [M]: 0x0000000080038D6C (0x00B59593) slli a1, a1, 11
x11 <- 0x0000000000000000
mem[X,0x0000000080038D70] -> 0x8593
mem[X,0x0000000080038D72] -> 0x5A85
[9435] [M]: 0x0000000080038D70 (0x5A858593) addi a1, a1, 1448
x11 <- 0x00000000000005A8
mem[X,0x0000000080038D74] -> 0x9593
mem[X,0x0000000080038D76] -> 0x00B5
[9436] [M]: 0x0000000080038D74 (0x00B59593) slli a1, a1, 11
x11 <- 0x00000000002D4000
mem[X,0x0000000080038D78] -> 0x8593
mem[X,0x0000000080038D7A] -> 0x13C5
[9437] [M]: 0x0000000080038D78 (0x13C58593) addi a1, a1, 316
x11 <- 0x00000000002D413C
mem[X,0x0000000080038D7C] -> 0x9593
mem[X,0x0000000080038D7E] -> 0x00A5
[9438] [M]: 0x0000000080038D7C (0x00A59593) slli a1, a1, 10
x11 <- 0x00000000B504F000
mem[X,0x0000000080038D80] -> 0x8593
mem[X,0x0000000080038D82] -> 0x3335
[9439] [M]: 0x0000000080038D80 (0x33358593) addi a1, a1, 819
x11 <- 0x00000000B504F333
mem[X,0x0000000080038D84] -> 0x0113
mem[X,0x0000000080038D86] -> 0x0000
[9440] [M]: 0x0000000080038D84 (0x00000113) addi sp, zero, 0
x2 <- 0x0000000000000000
mem[X,0x0000000080038D88] -> 0x006F
mem[X,0x0000000080038D8A] -> 0x00C0
[9441] [M]: 0x0000000080038D88 (0x00C0006F) jal zero, 12
mem[X,0x0000000080038D94] -> 0x1663
mem[X,0x0000000080038D96] -> 0x00B5
[9442] [M]: 0x0000000080038D94 (0x00B51663) bne a0, a1, 12
mem[X,0x0000000080038DA0] -> 0x0113
mem[X,0x0000000080038DA2] -> 0x0031
[9443] [M]: 0x0000000080038DA0 (0x00310113) addi sp, sp, 3
x2 <- 0x0000000000000003
mem[X,0x0000000080038DA4] -> 0x006F
mem[X,0x0000000080038DA6] -> 0x0040
[9444] [M]: 0x0000000080038DA4 (0x0040006F) jal zero, 4
mem[X,0x0000000080038DA8] -> 0xB423
mem[X,0x0000000080038DAA] -> 0x1620
[9445] [M]: 0x0000000080038DA8 (0x1620B423) sd sp, 360(ra)
mem[0x0000000080046340] <- 0x0000000000000003
mem[X,0x0000000080038DAC] -> 0x3537
mem[X,0x0000000080038DAE] -> 0x3333
[9446] [M]: 0x0000000080038DAC (0x33333537) lui a0, 209715
x10 <- 0x0000000033333000
mem[X,0x0000000080038DB0] -> 0x0513
mem[X,0x0000000080038DB2] -> 0x3335
[9447] [M]: 0x0000000080038DB0 (0x33350513) addi a0, a0, 819
x10 <- 0x0000000033333333
mem[X,0x0000000080038DB4] -> 0x1513
mem[X,0x0000000080038DB6] -> 0x00B5
[9448] [M]: 0x0000000080038DB4 (0x00B51513) slli a0, a0, 11
x10 <- 0x0000019999999800
mem[X,0x0000000080038DB8] -> 0x0513
mem[X,0x0000000080038DBA] -> 0x1995
[9449] [M]: 0x0000000080038DB8 (0x19950513) addi a0, a0, 409
x10 <- 0x0000019999999999
mem[X,0x0000000080038DBC] -> 0x1513
mem[X,0x0000000080038DBE] -> 0x00B5
[9450] [M]: 0x0000000080038DBC (0x00B51513) slli a0, a0, 11
x10 <- 0x000CCCCCCCCCC800
mem[X,0x0000000080038DC0] -> 0x0513
mem[X,0x0000000080038DC2] -> 0x4CC5
[9451] [M]: 0x0000000080038DC0 (0x4CC50513) addi a0, a0, 1228
x10 <- 0x000CCCCCCCCCCCCC
mem[X,0x0000000080038DC4] -> 0x1513
mem[X,0x0000000080038DC6] -> 0x00A5
[9452] [M]: 0x0000000080038DC4 (0x00A51513) slli a0, a0, 10
x10 <- 0x3333333333333000
mem[X,0x0000000080038DC8] -> 0x0513
mem[X,0x0000000080038DCA] -> 0x3345
[9453] [M]: 0x0000000080038DC8 (0x33450513) addi a0, a0, 820
x10 <- 0x3333333333333334
mem[X,0x0000000080038DCC] -> 0x0593
mem[X,0x0000000080038DCE] -> 0x0020
[9454] [M]: 0x0000000080038DCC (0x00200593) addi a1, zero, 2
x11 <- 0x0000000000000002
mem[X,0x0000000080038DD0] -> 0x0113
mem[X,0x0000000080038DD2] -> 0x0000
[9455] [M]: 0x0000000080038DD0 (0x00000113) addi sp, zero, 0
x2 <- 0x0000000000000000
mem[X,0x0000000080038DD4] -> 0x006F
mem[X,0x0000000080038DD6] -> 0x00C0
[9456] [M]: 0x0000000080038DD4 (0x00C0006F) jal zero, 12
mem[X,0x0000000080038DE0] -> 0x1063
mem[X,0x0000000080038DE2] -> 0x10B5
[9457] [M]: 0x0000000080038DE0 (0x10B51063) bne a0, a1, 256
mem[X,0x0000000080038EE0] -> 0x0113
mem[X,0x0000000080038EE2] -> 0x0031
[9458] [M]: 0x0000000080038EE0 (0x00310113) addi sp, sp, 3
x2 <- 0x0000000000000003
mem[X,0x0000000080038EE4] -> 0x006F
mem[X,0x0000000080038EE6] -> 0x0040
[9459] [M]: 0x0000000080038EE4 (0x0040006F) jal zero, 4
mem[X,0x0000000080038EE8] -> 0xB823
mem[X,0x0000000080038EEA] -> 0x1620
[9460] [M]: 0x0000000080038EE8 (0x1620B823) sd sp, 368(ra)
mem[0x0000000080046348] <- 0x0000000000000003
mem[X,0x0000000080038EEC] -> 0x3537
mem[X,0x0000000080038EEE] -> 0x3333
[9461] [M]: 0x0000000080038EEC (0x33333537) lui a0, 209715
x10 <- 0x0000000033333000
mem[X,0x0000000080038EF0] -> 0x0513
mem[X,0x0000000080038EF2] -> 0x3335
[9462] [M]: 0x0000000080038EF0 (0x33350513) addi a0, a0, 819
x10 <- 0x0000000033333333
mem[X,0x0000000080038EF4] -> 0x1513
mem[X,0x0000000080038EF6] -> 0x00B5
[9463] [M]: 0x0000000080038EF4 (0x00B51513) slli a0, a0, 11
x10 <- 0x0000019999999800
mem[X,0x0000000080038EF8] -> 0x0513
mem[X,0x0000000080038EFA] -> 0x1995
[9464] [M]: 0x0000000080038EF8 (0x19950513) addi a0, a0, 409
x10 <- 0x0000019999999999
mem[X,0x0000000080038EFC] -> 0x1513
mem[X,0x0000000080038EFE] -> 0x00B5
[9465] [M]: 0x0000000080038EFC (0x00B51513) slli a0, a0, 11
x10 <- 0x000CCCCCCCCCC800
mem[X,0x0000000080038F00] -> 0x0513
mem[X,0x0000000080038F02] -> 0x4CC5
[9466] [M]: 0x0000000080038F00 (0x4CC50513) addi a0, a0, 1228
x10 <- 0x000CCCCCCCCCCCCC
mem[X,0x0000000080038F04] -> 0x1513
mem[X,0x0000000080038F06] -> 0x00A5
[9467] [M]: 0x0000000080038F04 (0x00A51513) slli a0, a0, 10
x10 <- 0x3333333333333000
mem[X,0x0000000080038F08] -> 0x0513
mem[X,0x0000000080038F0A] -> 0x3345
[9468] [M]: 0x0000000080038F08 (0x33450513) addi a0, a0, 820
x10 <- 0x3333333333333334
mem[X,0x0000000080038F0C] -> 0x55B7
mem[X,0x0000000080038F0E] -> 0x5555
[9469] [M]: 0x0000000080038F0C (0x555555B7) lui a1, 349525
x11 <- 0x0000000055555000
mem[X,0x0000000080038F10] -> 0x8593
mem[X,0x0000000080038F12] -> 0x5555
[9470] [M]: 0x0000000080038F10 (0x55558593) addi a1, a1, 1365
x11 <- 0x0000000055555555
mem[X,0x0000000080038F14] -> 0x9593
mem[X,0x0000000080038F16] -> 0x00B5
[9471] [M]: 0x0000000080038F14 (0x00B59593) slli a1, a1, 11
x11 <- 0x000002AAAAAAA800
mem[X,0x0000000080038F18] -> 0x8593
mem[X,0x0000000080038F1A] -> 0x2AA5
[9472] [M]: 0x0000000080038F18 (0x2AA58593) addi a1, a1, 682
x11 <- 0x000002AAAAAAAAAA
mem[X,0x0000000080038F1C] -> 0x9593
mem[X,0x0000000080038F1E] -> 0x00B5
[9473] [M]: 0x0000000080038F1C (0x00B59593) slli a1, a1, 11
x11 <- 0x0015555555555000
mem[X,0x0000000080038F20] -> 0x8593
mem[X,0x0000000080038F22] -> 0x5555
[9474] [M]: 0x0000000080038F20 (0x55558593) addi a1, a1, 1365
x11 <- 0x0015555555555555
mem[X,0x0000000080038F24] -> 0x9593
mem[X,0x0000000080038F26] -> 0x00A5
[9475] [M]: 0x0000000080038F24 (0x00A59593) slli a1, a1, 10
x11 <- 0x5555555555555400
mem[X,0x0000000080038F28] -> 0x8593
mem[X,0x0000000080038F2A] -> 0x1545
[9476] [M]: 0x0000000080038F28 (0x15458593) addi a1, a1, 340
x11 <- 0x5555555555555554
mem[X,0x0000000080038F2C] -> 0x0113
mem[X,0x0000000080038F2E] -> 0x0000
[9477] [M]: 0x0000000080038F2C (0x00000113) addi sp, zero, 0
x2 <- 0x0000000000000000
mem[X,0x0000000080038F30] -> 0x006F
mem[X,0x0000000080038F32] -> 0x00C0
[9478] [M]: 0x0000000080038F30 (0x00C0006F) jal zero, 12
mem[X,0x0000000080038F3C] -> 0x1CE3
mem[X,0x0000000080038F3E] -> 0xFEB5
[9479] [M]: 0x0000000080038F3C (0xFEB51CE3) bne a0, a1, 8184
mem[X,0x0000000080038F34] -> 0x0113
mem[X,0x0000000080038F36] -> 0x0011
[9480] [M]: 0x0000000080038F34 (0x00110113) addi sp, sp, 1
x2 <- 0x0000000000000001
mem[X,0x0000000080038F38] -> 0x006F
mem[X,0x0000000080038F3A] -> 0x0180
[9481] [M]: 0x0000000080038F38 (0x0180006F) jal zero, 24
mem[X,0x0000000080038F50] -> 0xBC23
mem[X,0x0000000080038F52] -> 0x1620
[9482] [M]: 0x0000000080038F50 (0x1620BC23) sd sp, 376(ra)
mem[0x0000000080046350] <- 0x0000000000000001
mem[X,0x0000000080038F54] -> 0x3537
mem[X,0x0000000080038F56] -> 0x3333
[9483] [M]: 0x0000000080038F54 (0x33333537) lui a0, 209715
x10 <- 0x0000000033333000
mem[X,0x0000000080038F58] -> 0x0513
mem[X,0x0000000080038F5A] -> 0x3335
[9484] [M]: 0x0000000080038F58 (0x33350513) addi a0, a0, 819
x10 <- 0x0000000033333333
mem[X,0x0000000080038F5C] -> 0x1513
mem[X,0x0000000080038F5E] -> 0x00B5
[9485] [M]: 0x0000000080038F5C (0x00B51513) slli a0, a0, 11
x10 <- 0x0000019999999800
mem[X,0x0000000080038F60] -> 0x0513
mem[X,0x0000000080038F62] -> 0x1995
[9486] [M]: 0x0000000080038F60 (0x19950513) addi a0, a0, 409
x10 <- 0x0000019999999999
mem[X,0x0000000080038F64] -> 0x1513
mem[X,0x0000000080038F66] -> 0x00B5
[9487] [M]: 0x0000000080038F64 (0x00B51513) slli a0, a0, 11
x10 <- 0x000CCCCCCCCCC800
mem[X,0x0000000080038F68] -> 0x0513
mem[X,0x0000000080038F6A] -> 0x4CC5
[9488] [M]: 0x0000000080038F68 (0x4CC50513) addi a0, a0, 1228
x10 <- 0x000CCCCCCCCCCCCC
mem[X,0x0000000080038F6C] -> 0x1513
mem[X,0x0000000080038F6E] -> 0x00A5
[9489] [M]: 0x0000000080038F6C (0x00A51513) slli a0, a0, 10
x10 <- 0x3333333333333000
mem[X,0x0000000080038F70] -> 0x0513
mem[X,0x0000000080038F72] -> 0x3345
[9490] [M]: 0x0000000080038F70 (0x33450513) addi a0, a0, 820
x10 <- 0x3333333333333334
mem[X,0x0000000080038F74] -> 0x0593
mem[X,0x0000000080038F76] -> 0x0000
[9491] [M]: 0x0000000080038F74 (0x00000593) addi a1, zero, 0
x11 <- 0x0000000000000000
mem[X,0x0000000080038F78] -> 0x0113
mem[X,0x0000000080038F7A] -> 0x0000
[9492] [M]: 0x0000000080038F78 (0x00000113) addi sp, zero, 0
x2 <- 0x0000000000000000
mem[X,0x0000000080038F7C] -> 0x006F
mem[X,0x0000000080038F7E] -> 0x00C0
[9493] [M]: 0x0000000080038F7C (0x00C0006F) jal zero, 12
mem[X,0x0000000080038F88] -> 0x1CE3
mem[X,0x0000000080038F8A] -> 0xFEB5
[9494] [M]: 0x0000000080038F88 (0xFEB51CE3) bne a0, a1, 8184
mem[X,0x0000000080038F80] -> 0x0113
mem[X,0x0000000080038F82] -> 0x0011
[9495] [M]: 0x0000000080038F80 (0x00110113) addi sp, sp, 1
x2 <- 0x0000000000000001
mem[X,0x0000000080038F84] -> 0x006F
mem[X,0x0000000080038F86] -> 0x0180
[9496] [M]: 0x0000000080038F84 (0x0180006F) jal zero, 24
mem[X,0x0000000080038F9C] -> 0xB023
mem[X,0x0000000080038F9E] -> 0x1820
[9497] [M]: 0x0000000080038F9C (0x1820B023) sd sp, 384(ra)
mem[0x0000000080046358] <- 0x0000000000000001
mem[X,0x0000000080038FA0] -> 0x3537
mem[X,0x0000000080038FA2] -> 0x3333
[9498] [M]: 0x0000000080038FA0 (0x33333537) lui a0, 209715
x10 <- 0x0000000033333000
mem[X,0x0000000080038FA4] -> 0x0513
mem[X,0x0000000080038FA6] -> 0x3335
[9499] [M]: 0x0000000080038FA4 (0x33350513) addi a0, a0, 819
x10 <- 0x0000000033333333
clint::tick mtime <- 0x000000000000005F
 clint timer pending at mtime 0x000000000000005F
htif::tick 0x0000000000000000
mem[X,0x0000000080038FA8] -> 0x1513
mem[X,0x0000000080038FAA] -> 0x00B5
[9500] [M]: 0x0000000080038FA8 (0x00B51513) slli a0, a0, 11
x10 <- 0x0000019999999800
mem[X,0x0000000080038FAC] -> 0x0513
mem[X,0x0000000080038FAE] -> 0x1995
[9501] [M]: 0x0000000080038FAC (0x19950513) addi a0, a0, 409
x10 <- 0x0000019999999999
mem[X,0x0000000080038FB0] -> 0x1513
mem[X,0x0000000080038FB2] -> 0x00B5
[9502] [M]: 0x0000000080038FB0 (0x00B51513) slli a0, a0, 11
x10 <- 0x000CCCCCCCCCC800
mem[X,0x0000000080038FB4] -> 0x0513
mem[X,0x0000000080038FB6] -> 0x4CC5
[9503] [M]: 0x0000000080038FB4 (0x4CC50513) addi a0, a0, 1228
x10 <- 0x000CCCCCCCCCCCCC
mem[X,0x0000000080038FB8] -> 0x1513
mem[X,0x0000000080038FBA] -> 0x00A5
[9504] [M]: 0x0000000080038FB8 (0x00A51513) slli a0, a0, 10
x10 <- 0x3333333333333000
mem[X,0x0000000080038FBC] -> 0x0513
mem[X,0x0000000080038FBE] -> 0x3345
[9505] [M]: 0x0000000080038FBC (0x33450513) addi a0, a0, 820
x10 <- 0x3333333333333334
mem[X,0x0000000080038FC0] -> 0x0593
mem[X,0x0000000080038FC2] -> 0x0040
[9506] [M]: 0x0000000080038FC0 (0x00400593) addi a1, zero, 4
x11 <- 0x0000000000000004
mem[X,0x0000000080038FC4] -> 0x0113
mem[X,0x0000000080038FC6] -> 0x0000
[9507] [M]: 0x0000000080038FC4 (0x00000113) addi sp, zero, 0
x2 <- 0x0000000000000000
mem[X,0x0000000080038FC8] -> 0x006F
mem[X,0x0000000080038FCA] -> 0x00C0
[9508] [M]: 0x0000000080038FC8 (0x00C0006F) jal zero, 12
mem[X,0x0000000080038FD4] -> 0x1063
mem[X,0x0000000080038FD6] -> 0x02B5
[9509] [M]: 0x0000000080038FD4 (0x02B51063) bne a0, a1, 32
mem[X,0x0000000080038FF4] -> 0x0113
mem[X,0x0000000080038FF6] -> 0x0031
[9510] [M]: 0x0000000080038FF4 (0x00310113) addi sp, sp, 3
x2 <- 0x0000000000000003
mem[X,0x0000000080038FF8] -> 0x006F
mem[X,0x0000000080038FFA] -> 0x0040
[9511] [M]: 0x0000000080038FF8 (0x0040006F) jal zero, 4
mem[X,0x0000000080038FFC] -> 0xB423
mem[X,0x0000000080038FFE] -> 0x1820
[9512] [M]: 0x0000000080038FFC (0x1820B423) sd sp, 392(ra)
mem[0x0000000080046360] <- 0x0000000000000003
mem[X,0x0000000080039000] -> 0x3537
mem[X,0x0000000080039002] -> 0x3333
[9513] [M]: 0x0000000080039000 (0x33333537) lui a0, 209715
x10 <- 0x0000000033333000
mem[X,0x0000000080039004] -> 0x0513
mem[X,0x0000000080039006] -> 0x3335
[9514] [M]: 0x0000000080039004 (0x33350513) addi a0, a0, 819
x10 <- 0x0000000033333333
mem[X,0x0000000080039008] -> 0x1513
mem[X,0x000000008003900A] -> 0x00B5
[9515] [M]: 0x0000000080039008 (0x00B51513) slli a0, a0, 11
x10 <- 0x0000019999999800
mem[X,0x000000008003900C] -> 0x0513
mem[X,0x000000008003900E] -> 0x1995
[9516] [M]: 0x000000008003900C (0x19950513) addi a0, a0, 409
x10 <- 0x0000019999999999
mem[X,0x0000000080039010] -> 0x1513
mem[X,0x0000000080039012] -> 0x00B5
[9517] [M]: 0x0000000080039010 (0x00B51513) slli a0, a0, 11
x10 <- 0x000CCCCCCCCCC800
mem[X,0x0000000080039014] -> 0x0513
mem[X,0x0000000080039016] -> 0x4CC5
[9518] [M]: 0x0000000080039014 (0x4CC50513) addi a0, a0, 1228
x10 <- 0x000CCCCCCCCCCCCC
mem[X,0x0000000080039018] -> 0x1513
mem[X,0x000000008003901A] -> 0x00A5
[9519] [M]: 0x0000000080039018 (0x00A51513) slli a0, a0, 10
x10 <- 0x3333333333333000
mem[X,0x000000008003901C] -> 0x0513
mem[X,0x000000008003901E] -> 0x3345
[9520] [M]: 0x000000008003901C (0x33450513) addi a0, a0, 820
x10 <- 0x3333333333333334
mem[X,0x0000000080039020] -> 0x35B7
mem[X,0x0000000080039022] -> 0x3333
[9521] [M]: 0x0000000080039020 (0x333335B7) lui a1, 209715
x11 <- 0x0000000033333000
mem[X,0x0000000080039024] -> 0x8593
mem[X,0x0000000080039026] -> 0x3335
[9522] [M]: 0x0000000080039024 (0x33358593) addi a1, a1, 819
x11 <- 0x0000000033333333
mem[X,0x0000000080039028] -> 0x9593
mem[X,0x000000008003902A] -> 0x00B5
[9523] [M]: 0x0000000080039028 (0x00B59593) slli a1, a1, 11
x11 <- 0x0000019999999800
mem[X,0x000000008003902C] -> 0x8593
mem[X,0x000000008003902E] -> 0x1995
[9524] [M]: 0x000000008003902C (0x19958593) addi a1, a1, 409
x11 <- 0x0000019999999999
mem[X,0x0000000080039030] -> 0x9593
mem[X,0x0000000080039032] -> 0x00B5
[9525] [M]: 0x0000000080039030 (0x00B59593) slli a1, a1, 11
x11 <- 0x000CCCCCCCCCC800
mem[X,0x0000000080039034] -> 0x8593
mem[X,0x0000000080039036] -> 0x4CC5
[9526] [M]: 0x0000000080039034 (0x4CC58593) addi a1, a1, 1228
x11 <- 0x000CCCCCCCCCCCCC
mem[X,0x0000000080039038] -> 0x9593
mem[X,0x000000008003903A] -> 0x00A5
[9527] [M]: 0x0000000080039038 (0x00A59593) slli a1, a1, 10
x11 <- 0x3333333333333000
mem[X,0x000000008003903C] -> 0x8593
mem[X,0x000000008003903E] -> 0x3325
[9528] [M]: 0x000000008003903C (0x33258593) addi a1, a1, 818
x11 <- 0x3333333333333332
mem[X,0x0000000080039040] -> 0x0113
mem[X,0x0000000080039042] -> 0x0000
[9529] [M]: 0x0000000080039040 (0x00000113) addi sp, zero, 0
x2 <- 0x0000000000000000
mem[X,0x0000000080039044] -> 0x006F
mem[X,0x0000000080039046] -> 0x00C0
[9530] [M]: 0x0000000080039044 (0x00C0006F) jal zero, 12
mem[X,0x0000000080039050] -> 0x1663
mem[X,0x0000000080039052] -> 0x00B5
[9531] [M]: 0x0000000080039050 (0x00B51663) bne a0, a1, 12
mem[X,0x000000008003905C] -> 0x0113
mem[X,0x000000008003905E] -> 0x0031
[9532] [M]: 0x000000008003905C (0x00310113) addi sp, sp, 3
x2 <- 0x0000000000000003
mem[X,0x0000000080039060] -> 0x006F
mem[X,0x0000000080039062] -> 0x0040
[9533] [M]: 0x0000000080039060 (0x0040006F) jal zero, 4
mem[X,0x0000000080039064] -> 0xB823
mem[X,0x0000000080039066] -> 0x1820
[9534] [M]: 0x0000000080039064 (0x1820B823) sd sp, 400(ra)
mem[0x0000000080046368] <- 0x0000000000000003
mem[X,0x0000000080039068] -> 0x3537
mem[X,0x000000008003906A] -> 0x3333
[9535] [M]: 0x0000000080039068 (0x33333537) lui a0, 209715
x10 <- 0x0000000033333000
mem[X,0x000000008003906C] -> 0x0513
mem[X,0x000000008003906E] -> 0x3335
[9536] [M]: 0x000000008003906C (0x33350513) addi a0, a0, 819
x10 <- 0x0000000033333333
mem[X,0x0000000080039070] -> 0x1513
mem[X,0x0000000080039072] -> 0x00B5
[9537] [M]: 0x0000000080039070 (0x00B51513) slli a0, a0, 11
x10 <- 0x0000019999999800
mem[X,0x0000000080039074] -> 0x0513
mem[X,0x0000000080039076] -> 0x1995
[9538] [M]: 0x0000000080039074 (0x19950513) addi a0, a0, 409
x10 <- 0x0000019999999999
mem[X,0x0000000080039078] -> 0x1513
mem[X,0x000000008003907A] -> 0x00B5
[9539] [M]: 0x0000000080039078 (0x00B51513) slli a0, a0, 11
x10 <- 0x000CCCCCCCCCC800
mem[X,0x000000008003907C] -> 0x0513
mem[X,0x000000008003907E] -> 0x4CC5
[9540] [M]: 0x000000008003907C (0x4CC50513) addi a0, a0, 1228
x10 <- 0x000CCCCCCCCCCCCC
mem[X,0x0000000080039080] -> 0x1513
mem[X,0x0000000080039082] -> 0x00A5
[9541] [M]: 0x0000000080039080 (0x00A51513) slli a0, a0, 10
x10 <- 0x3333333333333000
mem[X,0x0000000080039084] -> 0x0513
mem[X,0x0000000080039086] -> 0x3345
[9542] [M]: 0x0000000080039084 (0x33450513) addi a0, a0, 820
x10 <- 0x3333333333333334
mem[X,0x0000000080039088] -> 0x65B7
mem[X,0x000000008003908A] -> 0x6666
[9543] [M]: 0x0000000080039088 (0x666665B7) lui a1, 419430
x11 <- 0x0000000066666000
mem[X,0x000000008003908C] -> 0x8593
mem[X,0x000000008003908E] -> 0x6665
[9544] [M]: 0x000000008003908C (0x66658593) addi a1, a1, 1638
x11 <- 0x0000000066666666
mem[X,0x0000000080039090] -> 0x9593
mem[X,0x0000000080039092] -> 0x00B5
[9545] [M]: 0x0000000080039090 (0x00B59593) slli a1, a1, 11
x11 <- 0x0000033333333000
mem[X,0x0000000080039094] -> 0x8593
mem[X,0x0000000080039096] -> 0x3335
[9546] [M]: 0x0000000080039094 (0x33358593) addi a1, a1, 819
x11 <- 0x0000033333333333
mem[X,0x0000000080039098] -> 0x9593
mem[X,0x000000008003909A] -> 0x00B5
[9547] [M]: 0x0000000080039098 (0x00B59593) slli a1, a1, 11
x11 <- 0x0019999999999800
mem[X,0x000000008003909C] -> 0x8593
mem[X,0x000000008003909E] -> 0x1995
[9548] [M]: 0x000000008003909C (0x19958593) addi a1, a1, 409
x11 <- 0x0019999999999999
mem[X,0x00000000800390A0] -> 0x9593
mem[X,0x00000000800390A2] -> 0x00A5
[9549] [M]: 0x00000000800390A0 (0x00A59593) slli a1, a1, 10
x11 <- 0x6666666666666400
mem[X,0x00000000800390A4] -> 0x8593
mem[X,0x00000000800390A6] -> 0x2655
[9550] [M]: 0x00000000800390A4 (0x26558593) addi a1, a1, 613
x11 <- 0x6666666666666665
mem[X,0x00000000800390A8] -> 0x0113
mem[X,0x00000000800390AA] -> 0x0000
[9551] [M]: 0x00000000800390A8 (0x00000113) addi sp, zero, 0
x2 <- 0x0000000000000000
mem[X,0x00000000800390AC] -> 0x006F
mem[X,0x00000000800390AE] -> 0x00C0
[9552] [M]: 0x00000000800390AC (0x00C0006F) jal zero, 12
mem[X,0x00000000800390B8] -> 0x1CE3
mem[X,0x00000000800390BA] -> 0xFEB5
[9553] [M]: 0x00000000800390B8 (0xFEB51CE3) bne a0, a1, 8184
mem[X,0x00000000800390B0] -> 0x0113
mem[X,0x00000000800390B2] -> 0x0011
[9554] [M]: 0x00000000800390B0 (0x00110113) addi sp, sp, 1
x2 <- 0x0000000000000001
mem[X,0x00000000800390B4] -> 0x006F
mem[X,0x00000000800390B6] -> 0x0180
[9555] [M]: 0x00000000800390B4 (0x0180006F) jal zero, 24
mem[X,0x00000000800390CC] -> 0xBC23
mem[X,0x00000000800390CE] -> 0x1820
[9556] [M]: 0x00000000800390CC (0x1820BC23) sd sp, 408(ra)
mem[0x0000000080046370] <- 0x0000000000000001
mem[X,0x00000000800390D0] -> 0x3537
mem[X,0x00000000800390D2] -> 0x3333
[9557] [M]: 0x00000000800390D0 (0x33333537) lui a0, 209715
x10 <- 0x0000000033333000
mem[X,0x00000000800390D4] -> 0x0513
mem[X,0x00000000800390D6] -> 0x3335
[9558] [M]: 0x00000000800390D4 (0x33350513) addi a0, a0, 819
x10 <- 0x0000000033333333
mem[X,0x00000000800390D8] -> 0x1513
mem[X,0x00000000800390DA] -> 0x00B5
[9559] [M]: 0x00000000800390D8 (0x00B51513) slli a0, a0, 11
x10 <- 0x0000019999999800
mem[X,0x00000000800390DC] -> 0x0513
mem[X,0x00000000800390DE] -> 0x1995
[9560] [M]: 0x00000000800390DC (0x19950513) addi a0, a0, 409
x10 <- 0x0000019999999999
mem[X,0x00000000800390E0] -> 0x1513
mem[X,0x00000000800390E2] -> 0x00B5
[9561] [M]: 0x00000000800390E0 (0x00B51513) slli a0, a0, 11
x10 <- 0x000CCCCCCCCCC800
mem[X,0x00000000800390E4] -> 0x0513
mem[X,0x00000000800390E6] -> 0x4CC5
[9562] [M]: 0x00000000800390E4 (0x4CC50513) addi a0, a0, 1228
x10 <- 0x000CCCCCCCCCCCCC
mem[X,0x00000000800390E8] -> 0x1513
mem[X,0x00000000800390EA] -> 0x00A5
[9563] [M]: 0x00000000800390E8 (0x00A51513) slli a0, a0, 10
x10 <- 0x3333333333333000
mem[X,0x00000000800390EC] -> 0x0513
mem[X,0x00000000800390EE] -> 0x3345
[9564] [M]: 0x00000000800390EC (0x33450513) addi a0, a0, 820
x10 <- 0x3333333333333334
mem[X,0x00000000800390F0] -> 0x05B7
mem[X,0x00000000800390F2] -> 0x0000
[9565] [M]: 0x00000000800390F0 (0x000005B7) lui a1, 0
x11 <- 0x0000000000000000
mem[X,0x00000000800390F4] -> 0x8593
mem[X,0x00000000800390F6] -> 0x0005
[9566] [M]: 0x00000000800390F4 (0x00058593) addi a1, a1, 0
x11 <- 0x0000000000000000
mem[X,0x00000000800390F8] -> 0x9593
mem[X,0x00000000800390FA] -> 0x00B5
[9567] [M]: 0x00000000800390F8 (0x00B59593) slli a1, a1, 11
x11 <- 0x0000000000000000
mem[X,0x00000000800390FC] -> 0x8593
mem[X,0x00000000800390FE] -> 0x5A85
[9568] [M]: 0x00000000800390FC (0x5A858593) addi a1, a1, 1448
x11 <- 0x00000000000005A8
mem[X,0x0000000080039100] -> 0x9593
mem[X,0x0000000080039102] -> 0x00B5
[9569] [M]: 0x0000000080039100 (0x00B59593) slli a1, a1, 11
x11 <- 0x00000000002D4000
mem[X,0x0000000080039104] -> 0x8593
mem[X,0x0000000080039106] -> 0x13C5
[9570] [M]: 0x0000000080039104 (0x13C58593) addi a1, a1, 316
x11 <- 0x00000000002D413C
mem[X,0x0000000080039108] -> 0x9593
mem[X,0x000000008003910A] -> 0x00A5
[9571] [M]: 0x0000000080039108 (0x00A59593) slli a1, a1, 10
x11 <- 0x00000000B504F000
mem[X,0x000000008003910C] -> 0x8593
mem[X,0x000000008003910E] -> 0x3325
[9572] [M]: 0x000000008003910C (0x33258593) addi a1, a1, 818
x11 <- 0x00000000B504F332
mem[X,0x0000000080039110] -> 0x0113
mem[X,0x0000000080039112] -> 0x0000
[9573] [M]: 0x0000000080039110 (0x00000113) addi sp, zero, 0
x2 <- 0x0000000000000000
mem[X,0x0000000080039114] -> 0x006F
mem[X,0x0000000080039116] -> 0x00C0
[9574] [M]: 0x0000000080039114 (0x00C0006F) jal zero, 12
mem[X,0x0000000080039120] -> 0x1063
mem[X,0x0000000080039122] -> 0x02B5
[9575] [M]: 0x0000000080039120 (0x02B51063) bne a0, a1, 32
mem[X,0x0000000080039140] -> 0x0113
mem[X,0x0000000080039142] -> 0x0031
[9576] [M]: 0x0000000080039140 (0x00310113) addi sp, sp, 3
x2 <- 0x0000000000000003
mem[X,0x0000000080039144] -> 0x006F
mem[X,0x0000000080039146] -> 0x0040
[9577] [M]: 0x0000000080039144 (0x0040006F) jal zero, 4
mem[X,0x0000000080039148] -> 0xB023
mem[X,0x000000008003914A] -> 0x1A20
[9578] [M]: 0x0000000080039148 (0x1A20B023) sd sp, 416(ra)
mem[0x0000000080046378] <- 0x0000000000000003
mem[X,0x000000008003914C] -> 0x3537
mem[X,0x000000008003914E] -> 0x3333
[9579] [M]: 0x000000008003914C (0x33333537) lui a0, 209715
x10 <- 0x0000000033333000
mem[X,0x0000000080039150] -> 0x0513
mem[X,0x0000000080039152] -> 0x3335
[9580] [M]: 0x0000000080039150 (0x33350513) addi a0, a0, 819
x10 <- 0x0000000033333333
mem[X,0x0000000080039154] -> 0x1513
mem[X,0x0000000080039156] -> 0x00B5
[9581] [M]: 0x0000000080039154 (0x00B51513) slli a0, a0, 11
x10 <- 0x0000019999999800
mem[X,0x0000000080039158] -> 0x0513
mem[X,0x000000008003915A] -> 0x1995
[9582] [M]: 0x0000000080039158 (0x19950513) addi a0, a0, 409
x10 <- 0x0000019999999999
mem[X,0x000000008003915C] -> 0x1513
mem[X,0x000000008003915E] -> 0x00B5
[9583] [M]: 0x000000008003915C (0x00B51513) slli a0, a0, 11
x10 <- 0x000CCCCCCCCCC800
mem[X,0x0000000080039160] -> 0x0513
mem[X,0x0000000080039162] -> 0x4CC5
[9584] [M]: 0x0000000080039160 (0x4CC50513) addi a0, a0, 1228
x10 <- 0x000CCCCCCCCCCCCC
mem[X,0x0000000080039164] -> 0x1513
mem[X,0x0000000080039166] -> 0x00A5
[9585] [M]: 0x0000000080039164 (0x00A51513) slli a0, a0, 10
x10 <- 0x3333333333333000
mem[X,0x0000000080039168] -> 0x0513
mem[X,0x000000008003916A] -> 0x3345
[9586] [M]: 0x0000000080039168 (0x33450513) addi a0, a0, 820
x10 <- 0x3333333333333334
mem[X,0x000000008003916C] -> 0x55B7
mem[X,0x000000008003916E] -> 0x5555
[9587] [M]: 0x000000008003916C (0x555555B7) lui a1, 349525
x11 <- 0x0000000055555000
mem[X,0x0000000080039170] -> 0x8593
mem[X,0x0000000080039172] -> 0x5555
[9588] [M]: 0x0000000080039170 (0x55558593) addi a1, a1, 1365
x11 <- 0x0000000055555555
mem[X,0x0000000080039174] -> 0x9593
mem[X,0x0000000080039176] -> 0x00B5
[9589] [M]: 0x0000000080039174 (0x00B59593) slli a1, a1, 11
x11 <- 0x000002AAAAAAA800
mem[X,0x0000000080039178] -> 0x8593
mem[X,0x000000008003917A] -> 0x2AA5
[9590] [M]: 0x0000000080039178 (0x2AA58593) addi a1, a1, 682
x11 <- 0x000002AAAAAAAAAA
mem[X,0x000000008003917C] -> 0x9593
mem[X,0x000000008003917E] -> 0x00B5
[9591] [M]: 0x000000008003917C (0x00B59593) slli a1, a1, 11
x11 <- 0x0015555555555000
mem[X,0x0000000080039180] -> 0x8593
mem[X,0x0000000080039182] -> 0x5555
[9592] [M]: 0x0000000080039180 (0x55558593) addi a1, a1, 1365
x11 <- 0x0015555555555555
mem[X,0x0000000080039184] -> 0x9593
mem[X,0x0000000080039186] -> 0x00A5
[9593] [M]: 0x0000000080039184 (0x00A59593) slli a1, a1, 10
x11 <- 0x5555555555555400
mem[X,0x0000000080039188] -> 0x8593
mem[X,0x000000008003918A] -> 0x1565
[9594] [M]: 0x0000000080039188 (0x15658593) addi a1, a1, 342
x11 <- 0x5555555555555556
mem[X,0x000000008003918C] -> 0x0113
mem[X,0x000000008003918E] -> 0x0000
[9595] [M]: 0x000000008003918C (0x00000113) addi sp, zero, 0
x2 <- 0x0000000000000000
mem[X,0x0000000080039190] -> 0x006F
mem[X,0x0000000080039192] -> 0x00C0
[9596] [M]: 0x0000000080039190 (0x00C0006F) jal zero, 12
mem[X,0x000000008003919C] -> 0x1063
mem[X,0x000000008003919E] -> 0x20B5
[9597] [M]: 0x000000008003919C (0x20B51063) bne a0, a1, 512
mem[X,0x000000008003939C] -> 0x0113
mem[X,0x000000008003939E] -> 0x0031
[9598] [M]: 0x000000008003939C (0x00310113) addi sp, sp, 3
x2 <- 0x0000000000000003
mem[X,0x00000000800393A0] -> 0x006F
mem[X,0x00000000800393A2] -> 0x0040
[9599] [M]: 0x00000000800393A0 (0x0040006F) jal zero, 4
clint::tick mtime <- 0x0000000000000060
 clint timer pending at mtime 0x0000000000000060
htif::tick 0x0000000000000000
mem[X,0x00000000800393A4] -> 0xB423
mem[X,0x00000000800393A6] -> 0x1A20
[9600] [M]: 0x00000000800393A4 (0x1A20B423) sd sp, 424(ra)
mem[0x0000000080046380] <- 0x0000000000000003
mem[X,0x00000000800393A8] -> 0x3537
mem[X,0x00000000800393AA] -> 0x3333
[9601] [M]: 0x00000000800393A8 (0x33333537) lui a0, 209715
x10 <- 0x0000000033333000
mem[X,0x00000000800393AC] -> 0x0513
mem[X,0x00000000800393AE] -> 0x3335
[9602] [M]: 0x00000000800393AC (0x33350513) addi a0, a0, 819
x10 <- 0x0000000033333333
mem[X,0x00000000800393B0] -> 0x1513
mem[X,0x00000000800393B2] -> 0x00B5
[9603] [M]: 0x00000000800393B0 (0x00B51513) slli a0, a0, 11
x10 <- 0x0000019999999800
mem[X,0x00000000800393B4] -> 0x0513
mem[X,0x00000000800393B6] -> 0x1995
[9604] [M]: 0x00000000800393B4 (0x19950513) addi a0, a0, 409
x10 <- 0x0000019999999999
mem[X,0x00000000800393B8] -> 0x1513
mem[X,0x00000000800393BA] -> 0x00B5
[9605] [M]: 0x00000000800393B8 (0x00B51513) slli a0, a0, 11
x10 <- 0x000CCCCCCCCCC800
mem[X,0x00000000800393BC] -> 0x0513
mem[X,0x00000000800393BE] -> 0x4CC5
[9606] [M]: 0x00000000800393BC (0x4CC50513) addi a0, a0, 1228
x10 <- 0x000CCCCCCCCCCCCC
mem[X,0x00000000800393C0] -> 0x1513
mem[X,0x00000000800393C2] -> 0x00A5
[9607] [M]: 0x00000000800393C0 (0x00A51513) slli a0, a0, 10
x10 <- 0x3333333333333000
mem[X,0x00000000800393C4] -> 0x0513
mem[X,0x00000000800393C6] -> 0x3345
[9608] [M]: 0x00000000800393C4 (0x33450513) addi a0, a0, 820
x10 <- 0x3333333333333334
mem[X,0x00000000800393C8] -> 0xB5B7
mem[X,0x00000000800393CA] -> 0xAAAA
[9609] [M]: 0x00000000800393C8 (0xAAAAB5B7) lui a1, 699051
x11 <- 0xFFFFFFFFAAAAB000
mem[X,0x00000000800393CC] -> 0x8593
mem[X,0x00000000800393CE] -> 0xAAA5
[9610] [M]: 0x00000000800393CC (0xAAA58593) addi a1, a1, 2730
x11 <- 0xFFFFFFFFAAAAAAAA
mem[X,0x00000000800393D0] -> 0x9593
mem[X,0x00000000800393D2] -> 0x00B5
[9611] [M]: 0x00000000800393D0 (0x00B59593) slli a1, a1, 11
x11 <- 0xFFFFFD5555555000
mem[X,0x00000000800393D4] -> 0x8593
mem[X,0x00000000800393D6] -> 0x5555
[9612] [M]: 0x00000000800393D4 (0x55558593) addi a1, a1, 1365
x11 <- 0xFFFFFD5555555555
mem[X,0x00000000800393D8] -> 0x9593
mem[X,0x00000000800393DA] -> 0x00B5
[9613] [M]: 0x00000000800393D8 (0x00B59593) slli a1, a1, 11
x11 <- 0xFFEAAAAAAAAAA800
mem[X,0x00000000800393DC] -> 0x8593
mem[X,0x00000000800393DE] -> 0x2AA5
[9614] [M]: 0x00000000800393DC (0x2AA58593) addi a1, a1, 682
x11 <- 0xFFEAAAAAAAAAAAAA
mem[X,0x00000000800393E0] -> 0x9593
mem[X,0x00000000800393E2] -> 0x00A5
[9615] [M]: 0x00000000800393E0 (0x00A59593) slli a1, a1, 10
x11 <- 0xAAAAAAAAAAAAA800
mem[X,0x00000000800393E4] -> 0x8593
mem[X,0x00000000800393E6] -> 0x2AB5
[9616] [M]: 0x00000000800393E4 (0x2AB58593) addi a1, a1, 683
x11 <- 0xAAAAAAAAAAAAAAAB
mem[X,0x00000000800393E8] -> 0x0113
mem[X,0x00000000800393EA] -> 0x0000
[9617] [M]: 0x00000000800393E8 (0x00000113) addi sp, zero, 0
x2 <- 0x0000000000000000
mem[X,0x00000000800393EC] -> 0x006F
mem[X,0x00000000800393EE] -> 0x00C0
[9618] [M]: 0x00000000800393EC (0x00C0006F) jal zero, 12
mem[X,0x00000000800393F8] -> 0x1063
mem[X,0x00000000800393FA] -> 0x20B5
[9619] [M]: 0x00000000800393F8 (0x20B51063) bne a0, a1, 512
mem[X,0x00000000800395F8] -> 0x0113
mem[X,0x00000000800395FA] -> 0x0031
[9620] [M]: 0x00000000800395F8 (0x00310113) addi sp, sp, 3
x2 <- 0x0000000000000003
mem[X,0x00000000800395FC] -> 0x006F
mem[X,0x00000000800395FE] -> 0x0040
[9621] [M]: 0x00000000800395FC (0x0040006F) jal zero, 4
mem[X,0x0000000080039600] -> 0xB823
mem[X,0x0000000080039602] -> 0x1A20
[9622] [M]: 0x0000000080039600 (0x1A20B823) sd sp, 432(ra)
mem[0x0000000080046388] <- 0x0000000000000003
mem[X,0x0000000080039604] -> 0x3537
mem[X,0x0000000080039606] -> 0x3333
[9623] [M]: 0x0000000080039604 (0x33333537) lui a0, 209715
x10 <- 0x0000000033333000
mem[X,0x0000000080039608] -> 0x0513
mem[X,0x000000008003960A] -> 0x3335
[9624] [M]: 0x0000000080039608 (0x33350513) addi a0, a0, 819
x10 <- 0x0000000033333333
mem[X,0x000000008003960C] -> 0x1513
mem[X,0x000000008003960E] -> 0x00B5
[9625] [M]: 0x000000008003960C (0x00B51513) slli a0, a0, 11
x10 <- 0x0000019999999800
mem[X,0x0000000080039610] -> 0x0513
mem[X,0x0000000080039612] -> 0x1995
[9626] [M]: 0x0000000080039610 (0x19950513) addi a0, a0, 409
x10 <- 0x0000019999999999
mem[X,0x0000000080039614] -> 0x1513
mem[X,0x0000000080039616] -> 0x00B5
[9627] [M]: 0x0000000080039614 (0x00B51513) slli a0, a0, 11
x10 <- 0x000CCCCCCCCCC800
mem[X,0x0000000080039618] -> 0x0513
mem[X,0x000000008003961A] -> 0x4CC5
[9628] [M]: 0x0000000080039618 (0x4CC50513) addi a0, a0, 1228
x10 <- 0x000CCCCCCCCCCCCC
mem[X,0x000000008003961C] -> 0x1513
mem[X,0x000000008003961E] -> 0x00A5
[9629] [M]: 0x000000008003961C (0x00A51513) slli a0, a0, 10
x10 <- 0x3333333333333000
mem[X,0x0000000080039620] -> 0x0513
mem[X,0x0000000080039622] -> 0x3345
[9630] [M]: 0x0000000080039620 (0x33450513) addi a0, a0, 820
x10 <- 0x3333333333333334
mem[X,0x0000000080039624] -> 0x0593
mem[X,0x0000000080039626] -> 0x0060
[9631] [M]: 0x0000000080039624 (0x00600593) addi a1, zero, 6
x11 <- 0x0000000000000006
mem[X,0x0000000080039628] -> 0x0113
mem[X,0x000000008003962A] -> 0x0000
[9632] [M]: 0x0000000080039628 (0x00000113) addi sp, zero, 0
x2 <- 0x0000000000000000
mem[X,0x000000008003962C] -> 0x006F
mem[X,0x000000008003962E] -> 0x00C0
[9633] [M]: 0x000000008003962C (0x00C0006F) jal zero, 12
mem[X,0x0000000080039638] -> 0x1663
mem[X,0x000000008003963A] -> 0x00B5
[9634] [M]: 0x0000000080039638 (0x00B51663) bne a0, a1, 12
mem[X,0x0000000080039644] -> 0x0113
mem[X,0x0000000080039646] -> 0x0031
[9635] [M]: 0x0000000080039644 (0x00310113) addi sp, sp, 3
x2 <- 0x0000000000000003
mem[X,0x0000000080039648] -> 0x006F
mem[X,0x000000008003964A] -> 0x0040
[9636] [M]: 0x0000000080039648 (0x0040006F) jal zero, 4
mem[X,0x000000008003964C] -> 0xBC23
mem[X,0x000000008003964E] -> 0x1A20
[9637] [M]: 0x000000008003964C (0x1A20BC23) sd sp, 440(ra)
mem[0x0000000080046390] <- 0x0000000000000003
mem[X,0x0000000080039650] -> 0x3537
mem[X,0x0000000080039652] -> 0x3333
[9638] [M]: 0x0000000080039650 (0x33333537) lui a0, 209715
x10 <- 0x0000000033333000
mem[X,0x0000000080039654] -> 0x0513
mem[X,0x0000000080039656] -> 0x3335
[9639] [M]: 0x0000000080039654 (0x33350513) addi a0, a0, 819
x10 <- 0x0000000033333333
mem[X,0x0000000080039658] -> 0x1513
mem[X,0x000000008003965A] -> 0x00B5
[9640] [M]: 0x0000000080039658 (0x00B51513) slli a0, a0, 11
x10 <- 0x0000019999999800
mem[X,0x000000008003965C] -> 0x0513
mem[X,0x000000008003965E] -> 0x1995
[9641] [M]: 0x000000008003965C (0x19950513) addi a0, a0, 409
x10 <- 0x0000019999999999
mem[X,0x0000000080039660] -> 0x1513
mem[X,0x0000000080039662] -> 0x00B5
[9642] [M]: 0x0000000080039660 (0x00B51513) slli a0, a0, 11
x10 <- 0x000CCCCCCCCCC800
mem[X,0x0000000080039664] -> 0x0513
mem[X,0x0000000080039666] -> 0x4CC5
[9643] [M]: 0x0000000080039664 (0x4CC50513) addi a0, a0, 1228
x10 <- 0x000CCCCCCCCCCCCC
mem[X,0x0000000080039668] -> 0x1513
mem[X,0x000000008003966A] -> 0x00A5
[9644] [M]: 0x0000000080039668 (0x00A51513) slli a0, a0, 10
x10 <- 0x3333333333333000
mem[X,0x000000008003966C] -> 0x0513
mem[X,0x000000008003966E] -> 0x3345
[9645] [M]: 0x000000008003966C (0x33450513) addi a0, a0, 820
x10 <- 0x3333333333333334
mem[X,0x0000000080039670] -> 0x35B7
mem[X,0x0000000080039672] -> 0x3333
[9646] [M]: 0x0000000080039670 (0x333335B7) lui a1, 209715
x11 <- 0x0000000033333000
mem[X,0x0000000080039674] -> 0x8593
mem[X,0x0000000080039676] -> 0x3335
[9647] [M]: 0x0000000080039674 (0x33358593) addi a1, a1, 819
x11 <- 0x0000000033333333
mem[X,0x0000000080039678] -> 0x9593
mem[X,0x000000008003967A] -> 0x00B5
[9648] [M]: 0x0000000080039678 (0x00B59593) slli a1, a1, 11
x11 <- 0x0000019999999800
mem[X,0x000000008003967C] -> 0x8593
mem[X,0x000000008003967E] -> 0x1995
[9649] [M]: 0x000000008003967C (0x19958593) addi a1, a1, 409
x11 <- 0x0000019999999999
mem[X,0x0000000080039680] -> 0x9593
mem[X,0x0000000080039682] -> 0x00B5
[9650] [M]: 0x0000000080039680 (0x00B59593) slli a1, a1, 11
x11 <- 0x000CCCCCCCCCC800
mem[X,0x0000000080039684] -> 0x8593
mem[X,0x0000000080039686] -> 0x4CC5
[9651] [M]: 0x0000000080039684 (0x4CC58593) addi a1, a1, 1228
x11 <- 0x000CCCCCCCCCCCCC
mem[X,0x0000000080039688] -> 0x9593
mem[X,0x000000008003968A] -> 0x00A5
[9652] [M]: 0x0000000080039688 (0x00A59593) slli a1, a1, 10
x11 <- 0x3333333333333000
mem[X,0x000000008003968C] -> 0x8593
mem[X,0x000000008003968E] -> 0x3345
[9653] [M]: 0x000000008003968C (0x33458593) addi a1, a1, 820
x11 <- 0x3333333333333334
mem[X,0x0000000080039690] -> 0x0113
mem[X,0x0000000080039692] -> 0x0000
[9654] [M]: 0x0000000080039690 (0x00000113) addi sp, zero, 0
x2 <- 0x0000000000000000
mem[X,0x0000000080039694] -> 0x006F
mem[X,0x0000000080039696] -> 0x00C0
[9655] [M]: 0x0000000080039694 (0x00C0006F) jal zero, 12
mem[X,0x00000000800396A0] -> 0x1063
mem[X,0x00000000800396A2] -> 0x04B5
[9656] [M]: 0x00000000800396A0 (0x04B51063) bne a0, a1, 64
mem[X,0x00000000800396A4] -> 0x0113
mem[X,0x00000000800396A6] -> 0x0021
[9657] [M]: 0x00000000800396A4 (0x00210113) addi sp, sp, 2
x2 <- 0x0000000000000002
mem[X,0x00000000800396A8] -> 0x006F
mem[X,0x00000000800396AA] -> 0x0400
[9658] [M]: 0x00000000800396A8 (0x0400006F) jal zero, 64
mem[X,0x00000000800396E8] -> 0xB023
mem[X,0x00000000800396EA] -> 0x1C20
[9659] [M]: 0x00000000800396E8 (0x1C20B023) sd sp, 448(ra)
mem[0x0000000080046398] <- 0x0000000000000002
mem[X,0x00000000800396EC] -> 0x3537
mem[X,0x00000000800396EE] -> 0x3333
[9660] [M]: 0x00000000800396EC (0x33333537) lui a0, 209715
x10 <- 0x0000000033333000
mem[X,0x00000000800396F0] -> 0x0513
mem[X,0x00000000800396F2] -> 0x3335
[9661] [M]: 0x00000000800396F0 (0x33350513) addi a0, a0, 819
x10 <- 0x0000000033333333
mem[X,0x00000000800396F4] -> 0x1513
mem[X,0x00000000800396F6] -> 0x00B5
[9662] [M]: 0x00000000800396F4 (0x00B51513) slli a0, a0, 11
x10 <- 0x0000019999999800
mem[X,0x00000000800396F8] -> 0x0513
mem[X,0x00000000800396FA] -> 0x1995
[9663] [M]: 0x00000000800396F8 (0x19950513) addi a0, a0, 409
x10 <- 0x0000019999999999
mem[X,0x00000000800396FC] -> 0x1513
mem[X,0x00000000800396FE] -> 0x00B5
[9664] [M]: 0x00000000800396FC (0x00B51513) slli a0, a0, 11
x10 <- 0x000CCCCCCCCCC800
mem[X,0x0000000080039700] -> 0x0513
mem[X,0x0000000080039702] -> 0x4CC5
[9665] [M]: 0x0000000080039700 (0x4CC50513) addi a0, a0, 1228
x10 <- 0x000CCCCCCCCCCCCC
mem[X,0x0000000080039704] -> 0x1513
mem[X,0x0000000080039706] -> 0x00A5
[9666] [M]: 0x0000000080039704 (0x00A51513) slli a0, a0, 10
x10 <- 0x3333333333333000
mem[X,0x0000000080039708] -> 0x0513
mem[X,0x000000008003970A] -> 0x3345
[9667] [M]: 0x0000000080039708 (0x33450513) addi a0, a0, 820
x10 <- 0x3333333333333334
mem[X,0x000000008003970C] -> 0x65B7
mem[X,0x000000008003970E] -> 0x6666
[9668] [M]: 0x000000008003970C (0x666665B7) lui a1, 419430
x11 <- 0x0000000066666000
mem[X,0x0000000080039710] -> 0x8593
mem[X,0x0000000080039712] -> 0x6665
[9669] [M]: 0x0000000080039710 (0x66658593) addi a1, a1, 1638
x11 <- 0x0000000066666666
mem[X,0x0000000080039714] -> 0x9593
mem[X,0x0000000080039716] -> 0x00B5
[9670] [M]: 0x0000000080039714 (0x00B59593) slli a1, a1, 11
x11 <- 0x0000033333333000
mem[X,0x0000000080039718] -> 0x8593
mem[X,0x000000008003971A] -> 0x3335
[9671] [M]: 0x0000000080039718 (0x33358593) addi a1, a1, 819
x11 <- 0x0000033333333333
mem[X,0x000000008003971C] -> 0x9593
mem[X,0x000000008003971E] -> 0x00B5
[9672] [M]: 0x000000008003971C (0x00B59593) slli a1, a1, 11
x11 <- 0x0019999999999800
mem[X,0x0000000080039720] -> 0x8593
mem[X,0x0000000080039722] -> 0x1995
[9673] [M]: 0x0000000080039720 (0x19958593) addi a1, a1, 409
x11 <- 0x0019999999999999
mem[X,0x0000000080039724] -> 0x9593
mem[X,0x0000000080039726] -> 0x00A5
[9674] [M]: 0x0000000080039724 (0x00A59593) slli a1, a1, 10
x11 <- 0x6666666666666400
mem[X,0x0000000080039728] -> 0x8593
mem[X,0x000000008003972A] -> 0x2675
[9675] [M]: 0x0000000080039728 (0x26758593) addi a1, a1, 615
x11 <- 0x6666666666666667
mem[X,0x000000008003972C] -> 0x0113
mem[X,0x000000008003972E] -> 0x0000
[9676] [M]: 0x000000008003972C (0x00000113) addi sp, zero, 0
x2 <- 0x0000000000000000
mem[X,0x0000000080039730] -> 0x006F
mem[X,0x0000000080039732] -> 0x0180
[9677] [M]: 0x0000000080039730 (0x0180006F) jal zero, 24
mem[X,0x0000000080039748] -> 0x16E3
mem[X,0x000000008003974A] -> 0xFEB5
[9678] [M]: 0x0000000080039748 (0xFEB516E3) bne a0, a1, 8172
mem[X,0x0000000080039734] -> 0x0113
mem[X,0x0000000080039736] -> 0x0011
[9679] [M]: 0x0000000080039734 (0x00110113) addi sp, sp, 1
x2 <- 0x0000000000000001
mem[X,0x0000000080039738] -> 0x006F
mem[X,0x000000008003973A] -> 0x0240
[9680] [M]: 0x0000000080039738 (0x0240006F) jal zero, 36
mem[X,0x000000008003975C] -> 0xB423
mem[X,0x000000008003975E] -> 0x1C20
[9681] [M]: 0x000000008003975C (0x1C20B423) sd sp, 456(ra)
mem[0x00000000800463A0] <- 0x0000000000000001
mem[X,0x0000000080039760] -> 0x3537
mem[X,0x0000000080039762] -> 0x3333
[9682] [M]: 0x0000000080039760 (0x33333537) lui a0, 209715
x10 <- 0x0000000033333000
mem[X,0x0000000080039764] -> 0x0513
mem[X,0x0000000080039766] -> 0x3335
[9683] [M]: 0x0000000080039764 (0x33350513) addi a0, a0, 819
x10 <- 0x0000000033333333
mem[X,0x0000000080039768] -> 0x1513
mem[X,0x000000008003976A] -> 0x00B5
[9684] [M]: 0x0000000080039768 (0x00B51513) slli a0, a0, 11
x10 <- 0x0000019999999800
mem[X,0x000000008003976C] -> 0x0513
mem[X,0x000000008003976E] -> 0x1995
[9685] [M]: 0x000000008003976C (0x19950513) addi a0, a0, 409
x10 <- 0x0000019999999999
mem[X,0x0000000080039770] -> 0x1513
mem[X,0x0000000080039772] -> 0x00B5
[9686] [M]: 0x0000000080039770 (0x00B51513) slli a0, a0, 11
x10 <- 0x000CCCCCCCCCC800
mem[X,0x0000000080039774] -> 0x0513
mem[X,0x0000000080039776] -> 0x4CC5
[9687] [M]: 0x0000000080039774 (0x4CC50513) addi a0, a0, 1228
x10 <- 0x000CCCCCCCCCCCCC
mem[X,0x0000000080039778] -> 0x1513
mem[X,0x000000008003977A] -> 0x00A5
[9688] [M]: 0x0000000080039778 (0x00A51513) slli a0, a0, 10
x10 <- 0x3333333333333000
mem[X,0x000000008003977C] -> 0x0513
mem[X,0x000000008003977E] -> 0x3345
[9689] [M]: 0x000000008003977C (0x33450513) addi a0, a0, 820
x10 <- 0x3333333333333334
mem[X,0x0000000080039780] -> 0x05B7
mem[X,0x0000000080039782] -> 0x0000
[9690] [M]: 0x0000000080039780 (0x000005B7) lui a1, 0
x11 <- 0x0000000000000000
mem[X,0x0000000080039784] -> 0x8593
mem[X,0x0000000080039786] -> 0xFFF5
[9691] [M]: 0x0000000080039784 (0xFFF58593) addi a1, a1, 4095
x11 <- 0xFFFFFFFFFFFFFFFF
mem[X,0x0000000080039788] -> 0x9593
mem[X,0x000000008003978A] -> 0x00B5
[9692] [M]: 0x0000000080039788 (0x00B59593) slli a1, a1, 11
x11 <- 0xFFFFFFFFFFFFF800
mem[X,0x000000008003978C] -> 0x8593
mem[X,0x000000008003978E] -> 0x2575
[9693] [M]: 0x000000008003978C (0x25758593) addi a1, a1, 599
x11 <- 0xFFFFFFFFFFFFFA57
mem[X,0x0000000080039790] -> 0x9593
mem[X,0x0000000080039792] -> 0x00B5
[9694] [M]: 0x0000000080039790 (0x00B59593) slli a1, a1, 11
x11 <- 0xFFFFFFFFFFD2B800
mem[X,0x0000000080039794] -> 0x8593
mem[X,0x0000000080039796] -> 0x6C35
[9695] [M]: 0x0000000080039794 (0x6C358593) addi a1, a1, 1731
x11 <- 0xFFFFFFFFFFD2BEC3
mem[X,0x0000000080039798] -> 0x9593
mem[X,0x000000008003979A] -> 0x00A5
[9696] [M]: 0x0000000080039798 (0x00A59593) slli a1, a1, 10
x11 <- 0xFFFFFFFF4AFB0C00
mem[X,0x000000008003979C] -> 0x8593
mem[X,0x000000008003979E] -> 0x0CE5
[9697] [M]: 0x000000008003979C (0x0CE58593) addi a1, a1, 206
x11 <- 0xFFFFFFFF4AFB0CCE
mem[X,0x00000000800397A0] -> 0x0113
mem[X,0x00000000800397A2] -> 0x0000
[9698] [M]: 0x00000000800397A0 (0x00000113) addi sp, zero, 0
x2 <- 0x0000000000000000
mem[X,0x00000000800397A4] -> 0x006F
mem[X,0x00000000800397A6] -> 0x00C0
[9699] [M]: 0x00000000800397A4 (0x00C0006F) jal zero, 12
clint::tick mtime <- 0x0000000000000061
 clint timer pending at mtime 0x0000000000000061
htif::tick 0x0000000000000000
mem[X,0x00000000800397B0] -> 0x1663
mem[X,0x00000000800397B2] -> 0x00B5
[9700] [M]: 0x00000000800397B0 (0x00B51663) bne a0, a1, 12
mem[X,0x00000000800397BC] -> 0x0113
mem[X,0x00000000800397BE] -> 0x0031
[9701] [M]: 0x00000000800397BC (0x00310113) addi sp, sp, 3
x2 <- 0x0000000000000003
mem[X,0x00000000800397C0] -> 0x006F
mem[X,0x00000000800397C2] -> 0x0040
[9702] [M]: 0x00000000800397C0 (0x0040006F) jal zero, 4
mem[X,0x00000000800397C4] -> 0xB823
mem[X,0x00000000800397C6] -> 0x1C20
[9703] [M]: 0x00000000800397C4 (0x1C20B823) sd sp, 464(ra)
mem[0x00000000800463A8] <- 0x0000000000000003
mem[X,0x00000000800397C8] -> 0x3537
mem[X,0x00000000800397CA] -> 0x3333
[9704] [M]: 0x00000000800397C8 (0x33333537) lui a0, 209715
x10 <- 0x0000000033333000
mem[X,0x00000000800397CC] -> 0x0513
mem[X,0x00000000800397CE] -> 0x3335
[9705] [M]: 0x00000000800397CC (0x33350513) addi a0, a0, 819
x10 <- 0x0000000033333333
mem[X,0x00000000800397D0] -> 0x1513
mem[X,0x00000000800397D2] -> 0x00B5
[9706] [M]: 0x00000000800397D0 (0x00B51513) slli a0, a0, 11
x10 <- 0x0000019999999800
mem[X,0x00000000800397D4] -> 0x0513
mem[X,0x00000000800397D6] -> 0x1995
[9707] [M]: 0x00000000800397D4 (0x19950513) addi a0, a0, 409
x10 <- 0x0000019999999999
mem[X,0x00000000800397D8] -> 0x1513
mem[X,0x00000000800397DA] -> 0x00B5
[9708] [M]: 0x00000000800397D8 (0x00B51513) slli a0, a0, 11
x10 <- 0x000CCCCCCCCCC800
mem[X,0x00000000800397DC] -> 0x0513
mem[X,0x00000000800397DE] -> 0x4CC5
[9709] [M]: 0x00000000800397DC (0x4CC50513) addi a0, a0, 1228
x10 <- 0x000CCCCCCCCCCCCC
mem[X,0x00000000800397E0] -> 0x1513
mem[X,0x00000000800397E2] -> 0x00A5
[9710] [M]: 0x00000000800397E0 (0x00A51513) slli a0, a0, 10
x10 <- 0x3333333333333000
mem[X,0x00000000800397E4] -> 0x0513
mem[X,0x00000000800397E6] -> 0x3345
[9711] [M]: 0x00000000800397E4 (0x33450513) addi a0, a0, 820
x10 <- 0x3333333333333334
mem[X,0x00000000800397E8] -> 0x05B7
mem[X,0x00000000800397EA] -> 0x0000
[9712] [M]: 0x00000000800397E8 (0x000005B7) lui a1, 0
x11 <- 0x0000000000000000
mem[X,0x00000000800397EC] -> 0x8593
mem[X,0x00000000800397EE] -> 0x0005
[9713] [M]: 0x00000000800397EC (0x00058593) addi a1, a1, 0
x11 <- 0x0000000000000000
mem[X,0x00000000800397F0] -> 0x9593
mem[X,0x00000000800397F2] -> 0x00B5
[9714] [M]: 0x00000000800397F0 (0x00B59593) slli a1, a1, 11
x11 <- 0x0000000000000000
mem[X,0x00000000800397F4] -> 0x8593
mem[X,0x00000000800397F6] -> 0x5A85
[9715] [M]: 0x00000000800397F4 (0x5A858593) addi a1, a1, 1448
x11 <- 0x00000000000005A8
mem[X,0x00000000800397F8] -> 0x9593
mem[X,0x00000000800397FA] -> 0x00B5
[9716] [M]: 0x00000000800397F8 (0x00B59593) slli a1, a1, 11
x11 <- 0x00000000002D4000
mem[X,0x00000000800397FC] -> 0x8593
mem[X,0x00000000800397FE] -> 0x13C5
[9717] [M]: 0x00000000800397FC (0x13C58593) addi a1, a1, 316
x11 <- 0x00000000002D413C
mem[X,0x0000000080039800] -> 0x9593
mem[X,0x0000000080039802] -> 0x00A5
[9718] [M]: 0x0000000080039800 (0x00A59593) slli a1, a1, 10
x11 <- 0x00000000B504F000
mem[X,0x0000000080039804] -> 0x8593
mem[X,0x0000000080039806] -> 0x3345
[9719] [M]: 0x0000000080039804 (0x33458593) addi a1, a1, 820
x11 <- 0x00000000B504F334
mem[X,0x0000000080039808] -> 0x0113
mem[X,0x000000008003980A] -> 0x0000
[9720] [M]: 0x0000000080039808 (0x00000113) addi sp, zero, 0
x2 <- 0x0000000000000000
mem[X,0x000000008003980C] -> 0x006F
mem[X,0x000000008003980E] -> 0x00C0
[9721] [M]: 0x000000008003980C (0x00C0006F) jal zero, 12
mem[X,0x0000000080039818] -> 0x1CE3
mem[X,0x000000008003981A] -> 0xFEB5
[9722] [M]: 0x0000000080039818 (0xFEB51CE3) bne a0, a1, 8184
mem[X,0x0000000080039810] -> 0x0113
mem[X,0x0000000080039812] -> 0x0011
[9723] [M]: 0x0000000080039810 (0x00110113) addi sp, sp, 1
x2 <- 0x0000000000000001
mem[X,0x0000000080039814] -> 0x006F
mem[X,0x0000000080039816] -> 0x0180
[9724] [M]: 0x0000000080039814 (0x0180006F) jal zero, 24
mem[X,0x000000008003982C] -> 0xBC23
mem[X,0x000000008003982E] -> 0x1C20
[9725] [M]: 0x000000008003982C (0x1C20BC23) sd sp, 472(ra)
mem[0x00000000800463B0] <- 0x0000000000000001
mem[X,0x0000000080039830] -> 0x6537
mem[X,0x0000000080039832] -> 0x6666
[9726] [M]: 0x0000000080039830 (0x66666537) lui a0, 419430
x10 <- 0x0000000066666000
mem[X,0x0000000080039834] -> 0x0513
mem[X,0x0000000080039836] -> 0x6665
[9727] [M]: 0x0000000080039834 (0x66650513) addi a0, a0, 1638
x10 <- 0x0000000066666666
mem[X,0x0000000080039838] -> 0x1513
mem[X,0x000000008003983A] -> 0x00B5
[9728] [M]: 0x0000000080039838 (0x00B51513) slli a0, a0, 11
x10 <- 0x0000033333333000
mem[X,0x000000008003983C] -> 0x0513
mem[X,0x000000008003983E] -> 0x3335
[9729] [M]: 0x000000008003983C (0x33350513) addi a0, a0, 819
x10 <- 0x0000033333333333
mem[X,0x0000000080039840] -> 0x1513
mem[X,0x0000000080039842] -> 0x00B5
[9730] [M]: 0x0000000080039840 (0x00B51513) slli a0, a0, 11
x10 <- 0x0019999999999800
mem[X,0x0000000080039844] -> 0x0513
mem[X,0x0000000080039846] -> 0x1995
[9731] [M]: 0x0000000080039844 (0x19950513) addi a0, a0, 409
x10 <- 0x0019999999999999
mem[X,0x0000000080039848] -> 0x1513
mem[X,0x000000008003984A] -> 0x00A5
[9732] [M]: 0x0000000080039848 (0x00A51513) slli a0, a0, 10
x10 <- 0x6666666666666400
mem[X,0x000000008003984C] -> 0x0513
mem[X,0x000000008003984E] -> 0x2675
[9733] [M]: 0x000000008003984C (0x26750513) addi a0, a0, 615
x10 <- 0x6666666666666667
mem[X,0x0000000080039850] -> 0x0593
mem[X,0x0000000080039852] -> 0x0030
[9734] [M]: 0x0000000080039850 (0x00300593) addi a1, zero, 3
x11 <- 0x0000000000000003
mem[X,0x0000000080039854] -> 0x0113
mem[X,0x0000000080039856] -> 0x0000
[9735] [M]: 0x0000000080039854 (0x00000113) addi sp, zero, 0
x2 <- 0x0000000000000000
mem[X,0x0000000080039858] -> 0x006F
mem[X,0x000000008003985A] -> 0x00C0
[9736] [M]: 0x0000000080039858 (0x00C0006F) jal zero, 12
mem[X,0x0000000080039864] -> 0x1063
mem[X,0x0000000080039866] -> 0x20B5
[9737] [M]: 0x0000000080039864 (0x20B51063) bne a0, a1, 512
mem[X,0x0000000080039A64] -> 0x0113
mem[X,0x0000000080039A66] -> 0x0031
[9738] [M]: 0x0000000080039A64 (0x00310113) addi sp, sp, 3
x2 <- 0x0000000000000003
mem[X,0x0000000080039A68] -> 0x006F
mem[X,0x0000000080039A6A] -> 0x0040
[9739] [M]: 0x0000000080039A68 (0x0040006F) jal zero, 4
mem[X,0x0000000080039A6C] -> 0xB023
mem[X,0x0000000080039A6E] -> 0x1E20
[9740] [M]: 0x0000000080039A6C (0x1E20B023) sd sp, 480(ra)
mem[0x00000000800463B8] <- 0x0000000000000003
mem[X,0x0000000080039A70] -> 0x6537
mem[X,0x0000000080039A72] -> 0x6666
[9741] [M]: 0x0000000080039A70 (0x66666537) lui a0, 419430
x10 <- 0x0000000066666000
mem[X,0x0000000080039A74] -> 0x0513
mem[X,0x0000000080039A76] -> 0x6665
[9742] [M]: 0x0000000080039A74 (0x66650513) addi a0, a0, 1638
x10 <- 0x0000000066666666
mem[X,0x0000000080039A78] -> 0x1513
mem[X,0x0000000080039A7A] -> 0x00B5
[9743] [M]: 0x0000000080039A78 (0x00B51513) slli a0, a0, 11
x10 <- 0x0000033333333000
mem[X,0x0000000080039A7C] -> 0x0513
mem[X,0x0000000080039A7E] -> 0x3335
[9744] [M]: 0x0000000080039A7C (0x33350513) addi a0, a0, 819
x10 <- 0x0000033333333333
mem[X,0x0000000080039A80] -> 0x1513
mem[X,0x0000000080039A82] -> 0x00B5
[9745] [M]: 0x0000000080039A80 (0x00B51513) slli a0, a0, 11
x10 <- 0x0019999999999800
mem[X,0x0000000080039A84] -> 0x0513
mem[X,0x0000000080039A86] -> 0x1995
[9746] [M]: 0x0000000080039A84 (0x19950513) addi a0, a0, 409
x10 <- 0x0019999999999999
mem[X,0x0000000080039A88] -> 0x1513
mem[X,0x0000000080039A8A] -> 0x00A5
[9747] [M]: 0x0000000080039A88 (0x00A51513) slli a0, a0, 10
x10 <- 0x6666666666666400
mem[X,0x0000000080039A8C] -> 0x0513
mem[X,0x0000000080039A8E] -> 0x2675
[9748] [M]: 0x0000000080039A8C (0x26750513) addi a0, a0, 615
x10 <- 0x6666666666666667
mem[X,0x0000000080039A90] -> 0x55B7
mem[X,0x0000000080039A92] -> 0x5555
[9749] [M]: 0x0000000080039A90 (0x555555B7) lui a1, 349525
x11 <- 0x0000000055555000
mem[X,0x0000000080039A94] -> 0x8593
mem[X,0x0000000080039A96] -> 0x5555
[9750] [M]: 0x0000000080039A94 (0x55558593) addi a1, a1, 1365
x11 <- 0x0000000055555555
mem[X,0x0000000080039A98] -> 0x9593
mem[X,0x0000000080039A9A] -> 0x00B5
[9751] [M]: 0x0000000080039A98 (0x00B59593) slli a1, a1, 11
x11 <- 0x000002AAAAAAA800
mem[X,0x0000000080039A9C] -> 0x8593
mem[X,0x0000000080039A9E] -> 0x2AA5
[9752] [M]: 0x0000000080039A9C (0x2AA58593) addi a1, a1, 682
x11 <- 0x000002AAAAAAAAAA
mem[X,0x0000000080039AA0] -> 0x9593
mem[X,0x0000000080039AA2] -> 0x00B5
[9753] [M]: 0x0000000080039AA0 (0x00B59593) slli a1, a1, 11
x11 <- 0x0015555555555000
mem[X,0x0000000080039AA4] -> 0x8593
mem[X,0x0000000080039AA6] -> 0x5555
[9754] [M]: 0x0000000080039AA4 (0x55558593) addi a1, a1, 1365
x11 <- 0x0015555555555555
mem[X,0x0000000080039AA8] -> 0x9593
mem[X,0x0000000080039AAA] -> 0x00A5
[9755] [M]: 0x0000000080039AA8 (0x00A59593) slli a1, a1, 10
x11 <- 0x5555555555555400
mem[X,0x0000000080039AAC] -> 0x8593
mem[X,0x0000000080039AAE] -> 0x1555
[9756] [M]: 0x0000000080039AAC (0x15558593) addi a1, a1, 341
x11 <- 0x5555555555555555
mem[X,0x0000000080039AB0] -> 0x0113
mem[X,0x0000000080039AB2] -> 0x0000
[9757] [M]: 0x0000000080039AB0 (0x00000113) addi sp, zero, 0
x2 <- 0x0000000000000000
mem[X,0x0000000080039AB4] -> 0x006F
mem[X,0x0000000080039AB6] -> 0x00C0
[9758] [M]: 0x0000000080039AB4 (0x00C0006F) jal zero, 12
mem[X,0x0000000080039AC0] -> 0x1CE3
mem[X,0x0000000080039AC2] -> 0xFEB5
[9759] [M]: 0x0000000080039AC0 (0xFEB51CE3) bne a0, a1, 8184
mem[X,0x0000000080039AB8] -> 0x0113
mem[X,0x0000000080039ABA] -> 0x0011
[9760] [M]: 0x0000000080039AB8 (0x00110113) addi sp, sp, 1
x2 <- 0x0000000000000001
mem[X,0x0000000080039ABC] -> 0x006F
mem[X,0x0000000080039ABE] -> 0x0180
[9761] [M]: 0x0000000080039ABC (0x0180006F) jal zero, 24
mem[X,0x0000000080039AD4] -> 0xB423
mem[X,0x0000000080039AD6] -> 0x1E20
[9762] [M]: 0x0000000080039AD4 (0x1E20B423) sd sp, 488(ra)
mem[0x00000000800463C0] <- 0x0000000000000001
mem[X,0x0000000080039AD8] -> 0x6537
mem[X,0x0000000080039ADA] -> 0x6666
[9763] [M]: 0x0000000080039AD8 (0x66666537) lui a0, 419430
x10 <- 0x0000000066666000
mem[X,0x0000000080039ADC] -> 0x0513
mem[X,0x0000000080039ADE] -> 0x6665
[9764] [M]: 0x0000000080039ADC (0x66650513) addi a0, a0, 1638
x10 <- 0x0000000066666666
mem[X,0x0000000080039AE0] -> 0x1513
mem[X,0x0000000080039AE2] -> 0x00B5
[9765] [M]: 0x0000000080039AE0 (0x00B51513) slli a0, a0, 11
x10 <- 0x0000033333333000
mem[X,0x0000000080039AE4] -> 0x0513
mem[X,0x0000000080039AE6] -> 0x3335
[9766] [M]: 0x0000000080039AE4 (0x33350513) addi a0, a0, 819
x10 <- 0x0000033333333333
mem[X,0x0000000080039AE8] -> 0x1513
mem[X,0x0000000080039AEA] -> 0x00B5
[9767] [M]: 0x0000000080039AE8 (0x00B51513) slli a0, a0, 11
x10 <- 0x0019999999999800
mem[X,0x0000000080039AEC] -> 0x0513
mem[X,0x0000000080039AEE] -> 0x1995
[9768] [M]: 0x0000000080039AEC (0x19950513) addi a0, a0, 409
x10 <- 0x0019999999999999
mem[X,0x0000000080039AF0] -> 0x1513
mem[X,0x0000000080039AF2] -> 0x00A5
[9769] [M]: 0x0000000080039AF0 (0x00A51513) slli a0, a0, 10
x10 <- 0x6666666666666400
mem[X,0x0000000080039AF4] -> 0x0513
mem[X,0x0000000080039AF6] -> 0x2675
[9770] [M]: 0x0000000080039AF4 (0x26750513) addi a0, a0, 615
x10 <- 0x6666666666666667
mem[X,0x0000000080039AF8] -> 0xB5B7
mem[X,0x0000000080039AFA] -> 0xAAAA
[9771] [M]: 0x0000000080039AF8 (0xAAAAB5B7) lui a1, 699051
x11 <- 0xFFFFFFFFAAAAB000
mem[X,0x0000000080039AFC] -> 0x8593
mem[X,0x0000000080039AFE] -> 0xAAA5
[9772] [M]: 0x0000000080039AFC (0xAAA58593) addi a1, a1, 2730
x11 <- 0xFFFFFFFFAAAAAAAA
mem[X,0x0000000080039B00] -> 0x9593
mem[X,0x0000000080039B02] -> 0x00B5
[9773] [M]: 0x0000000080039B00 (0x00B59593) slli a1, a1, 11
x11 <- 0xFFFFFD5555555000
mem[X,0x0000000080039B04] -> 0x8593
mem[X,0x0000000080039B06] -> 0x5555
[9774] [M]: 0x0000000080039B04 (0x55558593) addi a1, a1, 1365
x11 <- 0xFFFFFD5555555555
mem[X,0x0000000080039B08] -> 0x9593
mem[X,0x0000000080039B0A] -> 0x00B5
[9775] [M]: 0x0000000080039B08 (0x00B59593) slli a1, a1, 11
x11 <- 0xFFEAAAAAAAAAA800
mem[X,0x0000000080039B0C] -> 0x8593
mem[X,0x0000000080039B0E] -> 0x2AA5
[9776] [M]: 0x0000000080039B0C (0x2AA58593) addi a1, a1, 682
x11 <- 0xFFEAAAAAAAAAAAAA
mem[X,0x0000000080039B10] -> 0x9593
mem[X,0x0000000080039B12] -> 0x00A5
[9777] [M]: 0x0000000080039B10 (0x00A59593) slli a1, a1, 10
x11 <- 0xAAAAAAAAAAAAA800
mem[X,0x0000000080039B14] -> 0x8593
mem[X,0x0000000080039B16] -> 0x2AA5
[9778] [M]: 0x0000000080039B14 (0x2AA58593) addi a1, a1, 682
x11 <- 0xAAAAAAAAAAAAAAAA
mem[X,0x0000000080039B18] -> 0x0113
mem[X,0x0000000080039B1A] -> 0x0000
[9779] [M]: 0x0000000080039B18 (0x00000113) addi sp, zero, 0
x2 <- 0x0000000000000000
mem[X,0x0000000080039B1C] -> 0x006F
mem[X,0x0000000080039B1E] -> 0x00C0
[9780] [M]: 0x0000000080039B1C (0x00C0006F) jal zero, 12
mem[X,0x0000000080039B28] -> 0x1063
mem[X,0x0000000080039B2A] -> 0x04B5
[9781] [M]: 0x0000000080039B28 (0x04B51063) bne a0, a1, 64
mem[X,0x0000000080039B68] -> 0x0113
mem[X,0x0000000080039B6A] -> 0x0031
[9782] [M]: 0x0000000080039B68 (0x00310113) addi sp, sp, 3
x2 <- 0x0000000000000003
mem[X,0x0000000080039B6C] -> 0x006F
mem[X,0x0000000080039B6E] -> 0x0040
[9783] [M]: 0x0000000080039B6C (0x0040006F) jal zero, 4
mem[X,0x0000000080039B70] -> 0xB823
mem[X,0x0000000080039B72] -> 0x1E20
[9784] [M]: 0x0000000080039B70 (0x1E20B823) sd sp, 496(ra)
mem[0x00000000800463C8] <- 0x0000000000000003
mem[X,0x0000000080039B74] -> 0x6537
mem[X,0x0000000080039B76] -> 0x6666
[9785] [M]: 0x0000000080039B74 (0x66666537) lui a0, 419430
x10 <- 0x0000000066666000
mem[X,0x0000000080039B78] -> 0x0513
mem[X,0x0000000080039B7A] -> 0x6665
[9786] [M]: 0x0000000080039B78 (0x66650513) addi a0, a0, 1638
x10 <- 0x0000000066666666
mem[X,0x0000000080039B7C] -> 0x1513
mem[X,0x0000000080039B7E] -> 0x00B5
[9787] [M]: 0x0000000080039B7C (0x00B51513) slli a0, a0, 11
x10 <- 0x0000033333333000
mem[X,0x0000000080039B80] -> 0x0513
mem[X,0x0000000080039B82] -> 0x3335
[9788] [M]: 0x0000000080039B80 (0x33350513) addi a0, a0, 819
x10 <- 0x0000033333333333
mem[X,0x0000000080039B84] -> 0x1513
mem[X,0x0000000080039B86] -> 0x00B5
[9789] [M]: 0x0000000080039B84 (0x00B51513) slli a0, a0, 11
x10 <- 0x0019999999999800
mem[X,0x0000000080039B88] -> 0x0513
mem[X,0x0000000080039B8A] -> 0x1995
[9790] [M]: 0x0000000080039B88 (0x19950513) addi a0, a0, 409
x10 <- 0x0019999999999999
mem[X,0x0000000080039B8C] -> 0x1513
mem[X,0x0000000080039B8E] -> 0x00A5
[9791] [M]: 0x0000000080039B8C (0x00A51513) slli a0, a0, 10
x10 <- 0x6666666666666400
mem[X,0x0000000080039B90] -> 0x0513
mem[X,0x0000000080039B92] -> 0x2675
[9792] [M]: 0x0000000080039B90 (0x26750513) addi a0, a0, 615
x10 <- 0x6666666666666667
mem[X,0x0000000080039B94] -> 0x0593
mem[X,0x0000000080039B96] -> 0x0050
[9793] [M]: 0x0000000080039B94 (0x00500593) addi a1, zero, 5
x11 <- 0x0000000000000005
mem[X,0x0000000080039B98] -> 0x0113
mem[X,0x0000000080039B9A] -> 0x0000
[9794] [M]: 0x0000000080039B98 (0x00000113) addi sp, zero, 0
x2 <- 0x0000000000000000
mem[X,0x0000000080039B9C] -> 0x006F
mem[X,0x0000000080039B9E] -> 0x00C0
[9795] [M]: 0x0000000080039B9C (0x00C0006F) jal zero, 12
mem[X,0x0000000080039BA8] -> 0x1663
mem[X,0x0000000080039BAA] -> 0x00B5
[9796] [M]: 0x0000000080039BA8 (0x00B51663) bne a0, a1, 12
mem[X,0x0000000080039BB4] -> 0x0113
mem[X,0x0000000080039BB6] -> 0x0031
[9797] [M]: 0x0000000080039BB4 (0x00310113) addi sp, sp, 3
x2 <- 0x0000000000000003
mem[X,0x0000000080039BB8] -> 0x006F
mem[X,0x0000000080039BBA] -> 0x0040
[9798] [M]: 0x0000000080039BB8 (0x0040006F) jal zero, 4
mem[X,0x0000000080039BBC] -> 0xBC23
mem[X,0x0000000080039BBE] -> 0x1E20
[9799] [M]: 0x0000000080039BBC (0x1E20BC23) sd sp, 504(ra)
mem[0x00000000800463D0] <- 0x0000000000000003
clint::tick mtime <- 0x0000000000000062
 clint timer pending at mtime 0x0000000000000062
htif::tick 0x0000000000000000
mem[X,0x0000000080039BC0] -> 0x6537
mem[X,0x0000000080039BC2] -> 0x6666
[9800] [M]: 0x0000000080039BC0 (0x66666537) lui a0, 419430
x10 <- 0x0000000066666000
mem[X,0x0000000080039BC4] -> 0x0513
mem[X,0x0000000080039BC6] -> 0x6665
[9801] [M]: 0x0000000080039BC4 (0x66650513) addi a0, a0, 1638
x10 <- 0x0000000066666666
mem[X,0x0000000080039BC8] -> 0x1513
mem[X,0x0000000080039BCA] -> 0x00B5
[9802] [M]: 0x0000000080039BC8 (0x00B51513) slli a0, a0, 11
x10 <- 0x0000033333333000
mem[X,0x0000000080039BCC] -> 0x0513
mem[X,0x0000000080039BCE] -> 0x3335
[9803] [M]: 0x0000000080039BCC (0x33350513) addi a0, a0, 819
x10 <- 0x0000033333333333
mem[X,0x0000000080039BD0] -> 0x1513
mem[X,0x0000000080039BD2] -> 0x00B5
[9804] [M]: 0x0000000080039BD0 (0x00B51513) slli a0, a0, 11
x10 <- 0x0019999999999800
mem[X,0x0000000080039BD4] -> 0x0513
mem[X,0x0000000080039BD6] -> 0x1995
[9805] [M]: 0x0000000080039BD4 (0x19950513) addi a0, a0, 409
x10 <- 0x0019999999999999
mem[X,0x0000000080039BD8] -> 0x1513
mem[X,0x0000000080039BDA] -> 0x00A5
[9806] [M]: 0x0000000080039BD8 (0x00A51513) slli a0, a0, 10
x10 <- 0x6666666666666400
mem[X,0x0000000080039BDC] -> 0x0513
mem[X,0x0000000080039BDE] -> 0x2675
[9807] [M]: 0x0000000080039BDC (0x26750513) addi a0, a0, 615
x10 <- 0x6666666666666667
mem[X,0x0000000080039BE0] -> 0x35B7
mem[X,0x0000000080039BE2] -> 0x3333
[9808] [M]: 0x0000000080039BE0 (0x333335B7) lui a1, 209715
x11 <- 0x0000000033333000
mem[X,0x0000000080039BE4] -> 0x8593
mem[X,0x0000000080039BE6] -> 0x3335
[9809] [M]: 0x0000000080039BE4 (0x33358593) addi a1, a1, 819
x11 <- 0x0000000033333333
mem[X,0x0000000080039BE8] -> 0x9593
mem[X,0x0000000080039BEA] -> 0x00B5
[9810] [M]: 0x0000000080039BE8 (0x00B59593) slli a1, a1, 11
x11 <- 0x0000019999999800
mem[X,0x0000000080039BEC] -> 0x8593
mem[X,0x0000000080039BEE] -> 0x1995
[9811] [M]: 0x0000000080039BEC (0x19958593) addi a1, a1, 409
x11 <- 0x0000019999999999
mem[X,0x0000000080039BF0] -> 0x9593
mem[X,0x0000000080039BF2] -> 0x00B5
[9812] [M]: 0x0000000080039BF0 (0x00B59593) slli a1, a1, 11
x11 <- 0x000CCCCCCCCCC800
mem[X,0x0000000080039BF4] -> 0x8593
mem[X,0x0000000080039BF6] -> 0x4CC5
[9813] [M]: 0x0000000080039BF4 (0x4CC58593) addi a1, a1, 1228
x11 <- 0x000CCCCCCCCCCCCC
mem[X,0x0000000080039BF8] -> 0x9593
mem[X,0x0000000080039BFA] -> 0x00A5
[9814] [M]: 0x0000000080039BF8 (0x00A59593) slli a1, a1, 10
x11 <- 0x3333333333333000
mem[X,0x0000000080039BFC] -> 0x8593
mem[X,0x0000000080039BFE] -> 0x3335
[9815] [M]: 0x0000000080039BFC (0x33358593) addi a1, a1, 819
x11 <- 0x3333333333333333
mem[X,0x0000000080039C00] -> 0x0113
mem[X,0x0000000080039C02] -> 0x0000
[9816] [M]: 0x0000000080039C00 (0x00000113) addi sp, zero, 0
x2 <- 0x0000000000000000
mem[X,0x0000000080039C04] -> 0x006F
mem[X,0x0000000080039C06] -> 0x0100
[9817] [M]: 0x0000000080039C04 (0x0100006F) jal zero, 16
mem[X,0x0000000080039C14] -> 0x1AE3
mem[X,0x0000000080039C16] -> 0xFEB5
[9818] [M]: 0x0000000080039C14 (0xFEB51AE3) bne a0, a1, 8180
mem[X,0x0000000080039C08] -> 0x0113
mem[X,0x0000000080039C0A] -> 0x0011
[9819] [M]: 0x0000000080039C08 (0x00110113) addi sp, sp, 1
x2 <- 0x0000000000000001
mem[X,0x0000000080039C0C] -> 0x006F
mem[X,0x0000000080039C0E] -> 0x01C0
[9820] [M]: 0x0000000080039C0C (0x01C0006F) jal zero, 28
mem[X,0x0000000080039C28] -> 0xB023
mem[X,0x0000000080039C2A] -> 0x2020
[9821] [M]: 0x0000000080039C28 (0x2020B023) sd sp, 512(ra)
mem[0x00000000800463D8] <- 0x0000000000000001
mem[X,0x0000000080039C2C] -> 0x6537
mem[X,0x0000000080039C2E] -> 0x6666
[9822] [M]: 0x0000000080039C2C (0x66666537) lui a0, 419430
x10 <- 0x0000000066666000
mem[X,0x0000000080039C30] -> 0x0513
mem[X,0x0000000080039C32] -> 0x6665
[9823] [M]: 0x0000000080039C30 (0x66650513) addi a0, a0, 1638
x10 <- 0x0000000066666666
mem[X,0x0000000080039C34] -> 0x1513
mem[X,0x0000000080039C36] -> 0x00B5
[9824] [M]: 0x0000000080039C34 (0x00B51513) slli a0, a0, 11
x10 <- 0x0000033333333000
mem[X,0x0000000080039C38] -> 0x0513
mem[X,0x0000000080039C3A] -> 0x3335
[9825] [M]: 0x0000000080039C38 (0x33350513) addi a0, a0, 819
x10 <- 0x0000033333333333
mem[X,0x0000000080039C3C] -> 0x1513
mem[X,0x0000000080039C3E] -> 0x00B5
[9826] [M]: 0x0000000080039C3C (0x00B51513) slli a0, a0, 11
x10 <- 0x0019999999999800
mem[X,0x0000000080039C40] -> 0x0513
mem[X,0x0000000080039C42] -> 0x1995
[9827] [M]: 0x0000000080039C40 (0x19950513) addi a0, a0, 409
x10 <- 0x0019999999999999
mem[X,0x0000000080039C44] -> 0x1513
mem[X,0x0000000080039C46] -> 0x00A5
[9828] [M]: 0x0000000080039C44 (0x00A51513) slli a0, a0, 10
x10 <- 0x6666666666666400
mem[X,0x0000000080039C48] -> 0x0513
mem[X,0x0000000080039C4A] -> 0x2675
[9829] [M]: 0x0000000080039C48 (0x26750513) addi a0, a0, 615
x10 <- 0x6666666666666667
mem[X,0x0000000080039C4C] -> 0x65B7
mem[X,0x0000000080039C4E] -> 0x6666
[9830] [M]: 0x0000000080039C4C (0x666665B7) lui a1, 419430
x11 <- 0x0000000066666000
mem[X,0x0000000080039C50] -> 0x8593
mem[X,0x0000000080039C52] -> 0x6665
[9831] [M]: 0x0000000080039C50 (0x66658593) addi a1, a1, 1638
x11 <- 0x0000000066666666
mem[X,0x0000000080039C54] -> 0x9593
mem[X,0x0000000080039C56] -> 0x00B5
[9832] [M]: 0x0000000080039C54 (0x00B59593) slli a1, a1, 11
x11 <- 0x0000033333333000
mem[X,0x0000000080039C58] -> 0x8593
mem[X,0x0000000080039C5A] -> 0x3335
[9833] [M]: 0x0000000080039C58 (0x33358593) addi a1, a1, 819
x11 <- 0x0000033333333333
mem[X,0x0000000080039C5C] -> 0x9593
mem[X,0x0000000080039C5E] -> 0x00B5
[9834] [M]: 0x0000000080039C5C (0x00B59593) slli a1, a1, 11
x11 <- 0x0019999999999800
mem[X,0x0000000080039C60] -> 0x8593
mem[X,0x0000000080039C62] -> 0x1995
[9835] [M]: 0x0000000080039C60 (0x19958593) addi a1, a1, 409
x11 <- 0x0019999999999999
mem[X,0x0000000080039C64] -> 0x9593
mem[X,0x0000000080039C66] -> 0x00A5
[9836] [M]: 0x0000000080039C64 (0x00A59593) slli a1, a1, 10
x11 <- 0x6666666666666400
mem[X,0x0000000080039C68] -> 0x8593
mem[X,0x0000000080039C6A] -> 0x2665
[9837] [M]: 0x0000000080039C68 (0x26658593) addi a1, a1, 614
x11 <- 0x6666666666666666
mem[X,0x0000000080039C6C] -> 0x0113
mem[X,0x0000000080039C6E] -> 0x0000
[9838] [M]: 0x0000000080039C6C (0x00000113) addi sp, zero, 0
x2 <- 0x0000000000000000
mem[X,0x0000000080039C70] -> 0x006F
mem[X,0x0000000080039C72] -> 0x0100
[9839] [M]: 0x0000000080039C70 (0x0100006F) jal zero, 16
mem[X,0x0000000080039C80] -> 0x1AE3
mem[X,0x0000000080039C82] -> 0xFEB5
[9840] [M]: 0x0000000080039C80 (0xFEB51AE3) bne a0, a1, 8180
mem[X,0x0000000080039C74] -> 0x0113
mem[X,0x0000000080039C76] -> 0x0011
[9841] [M]: 0x0000000080039C74 (0x00110113) addi sp, sp, 1
x2 <- 0x0000000000000001
mem[X,0x0000000080039C78] -> 0x006F
mem[X,0x0000000080039C7A] -> 0x01C0
[9842] [M]: 0x0000000080039C78 (0x01C0006F) jal zero, 28
mem[X,0x0000000080039C94] -> 0xB423
mem[X,0x0000000080039C96] -> 0x2020
[9843] [M]: 0x0000000080039C94 (0x2020B423) sd sp, 520(ra)
mem[0x00000000800463E0] <- 0x0000000000000001
mem[X,0x0000000080039C98] -> 0x6537
mem[X,0x0000000080039C9A] -> 0x6666
[9844] [M]: 0x0000000080039C98 (0x66666537) lui a0, 419430
x10 <- 0x0000000066666000
mem[X,0x0000000080039C9C] -> 0x0513
mem[X,0x0000000080039C9E] -> 0x6665
[9845] [M]: 0x0000000080039C9C (0x66650513) addi a0, a0, 1638
x10 <- 0x0000000066666666
mem[X,0x0000000080039CA0] -> 0x1513
mem[X,0x0000000080039CA2] -> 0x00B5
[9846] [M]: 0x0000000080039CA0 (0x00B51513) slli a0, a0, 11
x10 <- 0x0000033333333000
mem[X,0x0000000080039CA4] -> 0x0513
mem[X,0x0000000080039CA6] -> 0x3335
[9847] [M]: 0x0000000080039CA4 (0x33350513) addi a0, a0, 819
x10 <- 0x0000033333333333
mem[X,0x0000000080039CA8] -> 0x1513
mem[X,0x0000000080039CAA] -> 0x00B5
[9848] [M]: 0x0000000080039CA8 (0x00B51513) slli a0, a0, 11
x10 <- 0x0019999999999800
mem[X,0x0000000080039CAC] -> 0x0513
mem[X,0x0000000080039CAE] -> 0x1995
[9849] [M]: 0x0000000080039CAC (0x19950513) addi a0, a0, 409
x10 <- 0x0019999999999999
mem[X,0x0000000080039CB0] -> 0x1513
mem[X,0x0000000080039CB2] -> 0x00A5
[9850] [M]: 0x0000000080039CB0 (0x00A51513) slli a0, a0, 10
x10 <- 0x6666666666666400
mem[X,0x0000000080039CB4] -> 0x0513
mem[X,0x0000000080039CB6] -> 0x2675
[9851] [M]: 0x0000000080039CB4 (0x26750513) addi a0, a0, 615
x10 <- 0x6666666666666667
mem[X,0x0000000080039CB8] -> 0x05B7
mem[X,0x0000000080039CBA] -> 0x0000
[9852] [M]: 0x0000000080039CB8 (0x000005B7) lui a1, 0
x11 <- 0x0000000000000000
mem[X,0x0000000080039CBC] -> 0x8593
mem[X,0x0000000080039CBE] -> 0xFFF5
[9853] [M]: 0x0000000080039CBC (0xFFF58593) addi a1, a1, 4095
x11 <- 0xFFFFFFFFFFFFFFFF
mem[X,0x0000000080039CC0] -> 0x9593
mem[X,0x0000000080039CC2] -> 0x00B5
[9854] [M]: 0x0000000080039CC0 (0x00B59593) slli a1, a1, 11
x11 <- 0xFFFFFFFFFFFFF800
mem[X,0x0000000080039CC4] -> 0x8593
mem[X,0x0000000080039CC6] -> 0x2575
[9855] [M]: 0x0000000080039CC4 (0x25758593) addi a1, a1, 599
x11 <- 0xFFFFFFFFFFFFFA57
mem[X,0x0000000080039CC8] -> 0x9593
mem[X,0x0000000080039CCA] -> 0x00B5
[9856] [M]: 0x0000000080039CC8 (0x00B59593) slli a1, a1, 11
x11 <- 0xFFFFFFFFFFD2B800
mem[X,0x0000000080039CCC] -> 0x8593
mem[X,0x0000000080039CCE] -> 0x6C35
[9857] [M]: 0x0000000080039CCC (0x6C358593) addi a1, a1, 1731
x11 <- 0xFFFFFFFFFFD2BEC3
mem[X,0x0000000080039CD0] -> 0x9593
mem[X,0x0000000080039CD2] -> 0x00A5
[9858] [M]: 0x0000000080039CD0 (0x00A59593) slli a1, a1, 10
x11 <- 0xFFFFFFFF4AFB0C00
mem[X,0x0000000080039CD4] -> 0x8593
mem[X,0x0000000080039CD6] -> 0x0CD5
[9859] [M]: 0x0000000080039CD4 (0x0CD58593) addi a1, a1, 205
x11 <- 0xFFFFFFFF4AFB0CCD
mem[X,0x0000000080039CD8] -> 0x0113
mem[X,0x0000000080039CDA] -> 0x0000
[9860] [M]: 0x0000000080039CD8 (0x00000113) addi sp, zero, 0
x2 <- 0x0000000000000000
mem[X,0x0000000080039CDC] -> 0x006F
mem[X,0x0000000080039CDE] -> 0x0180
[9861] [M]: 0x0000000080039CDC (0x0180006F) jal zero, 24
mem[X,0x0000000080039CF4] -> 0x16E3
mem[X,0x0000000080039CF6] -> 0xFEB5
[9862] [M]: 0x0000000080039CF4 (0xFEB516E3) bne a0, a1, 8172
mem[X,0x0000000080039CE0] -> 0x0113
mem[X,0x0000000080039CE2] -> 0x0011
[9863] [M]: 0x0000000080039CE0 (0x00110113) addi sp, sp, 1
x2 <- 0x0000000000000001
mem[X,0x0000000080039CE4] -> 0x006F
mem[X,0x0000000080039CE6] -> 0x0240
[9864] [M]: 0x0000000080039CE4 (0x0240006F) jal zero, 36
mem[X,0x0000000080039D08] -> 0xB823
mem[X,0x0000000080039D0A] -> 0x2020
[9865] [M]: 0x0000000080039D08 (0x2020B823) sd sp, 528(ra)
mem[0x00000000800463E8] <- 0x0000000000000001
mem[X,0x0000000080039D0C] -> 0x6537
mem[X,0x0000000080039D0E] -> 0x6666
[9866] [M]: 0x0000000080039D0C (0x66666537) lui a0, 419430
x10 <- 0x0000000066666000
mem[X,0x0000000080039D10] -> 0x0513
mem[X,0x0000000080039D12] -> 0x6665
[9867] [M]: 0x0000000080039D10 (0x66650513) addi a0, a0, 1638
x10 <- 0x0000000066666666
mem[X,0x0000000080039D14] -> 0x1513
mem[X,0x0000000080039D16] -> 0x00B5
[9868] [M]: 0x0000000080039D14 (0x00B51513) slli a0, a0, 11
x10 <- 0x0000033333333000
mem[X,0x0000000080039D18] -> 0x0513
mem[X,0x0000000080039D1A] -> 0x3335
[9869] [M]: 0x0000000080039D18 (0x33350513) addi a0, a0, 819
x10 <- 0x0000033333333333
mem[X,0x0000000080039D1C] -> 0x1513
mem[X,0x0000000080039D1E] -> 0x00B5
[9870] [M]: 0x0000000080039D1C (0x00B51513) slli a0, a0, 11
x10 <- 0x0019999999999800
mem[X,0x0000000080039D20] -> 0x0513
mem[X,0x0000000080039D22] -> 0x1995
[9871] [M]: 0x0000000080039D20 (0x19950513) addi a0, a0, 409
x10 <- 0x0019999999999999
mem[X,0x0000000080039D24] -> 0x1513
mem[X,0x0000000080039D26] -> 0x00A5
[9872] [M]: 0x0000000080039D24 (0x00A51513) slli a0, a0, 10
x10 <- 0x6666666666666400
mem[X,0x0000000080039D28] -> 0x0513
mem[X,0x0000000080039D2A] -> 0x2675
[9873] [M]: 0x0000000080039D28 (0x26750513) addi a0, a0, 615
x10 <- 0x6666666666666667
mem[X,0x0000000080039D2C] -> 0x05B7
mem[X,0x0000000080039D2E] -> 0x0000
[9874] [M]: 0x0000000080039D2C (0x000005B7) lui a1, 0
x11 <- 0x0000000000000000
mem[X,0x0000000080039D30] -> 0x8593
mem[X,0x0000000080039D32] -> 0x0005
[9875] [M]: 0x0000000080039D30 (0x00058593) addi a1, a1, 0
x11 <- 0x0000000000000000
mem[X,0x0000000080039D34] -> 0x9593
mem[X,0x0000000080039D36] -> 0x00B5
[9876] [M]: 0x0000000080039D34 (0x00B59593) slli a1, a1, 11
x11 <- 0x0000000000000000
mem[X,0x0000000080039D38] -> 0x8593
mem[X,0x0000000080039D3A] -> 0x5A85
[9877] [M]: 0x0000000080039D38 (0x5A858593) addi a1, a1, 1448
x11 <- 0x00000000000005A8
mem[X,0x0000000080039D3C] -> 0x9593
mem[X,0x0000000080039D3E] -> 0x00B5
[9878] [M]: 0x0000000080039D3C (0x00B59593) slli a1, a1, 11
x11 <- 0x00000000002D4000
mem[X,0x0000000080039D40] -> 0x8593
mem[X,0x0000000080039D42] -> 0x13C5
[9879] [M]: 0x0000000080039D40 (0x13C58593) addi a1, a1, 316
x11 <- 0x00000000002D413C
mem[X,0x0000000080039D44] -> 0x9593
mem[X,0x0000000080039D46] -> 0x00A5
[9880] [M]: 0x0000000080039D44 (0x00A59593) slli a1, a1, 10
x11 <- 0x00000000B504F000
mem[X,0x0000000080039D48] -> 0x8593
mem[X,0x0000000080039D4A] -> 0x3335
[9881] [M]: 0x0000000080039D48 (0x33358593) addi a1, a1, 819
x11 <- 0x00000000B504F333
mem[X,0x0000000080039D4C] -> 0x0113
mem[X,0x0000000080039D4E] -> 0x0000
[9882] [M]: 0x0000000080039D4C (0x00000113) addi sp, zero, 0
x2 <- 0x0000000000000000
mem[X,0x0000000080039D50] -> 0x006F
mem[X,0x0000000080039D52] -> 0x00C0
[9883] [M]: 0x0000000080039D50 (0x00C0006F) jal zero, 12
mem[X,0x0000000080039D5C] -> 0x1CE3
mem[X,0x0000000080039D5E] -> 0xFEB5
[9884] [M]: 0x0000000080039D5C (0xFEB51CE3) bne a0, a1, 8184
mem[X,0x0000000080039D54] -> 0x0113
mem[X,0x0000000080039D56] -> 0x0011
[9885] [M]: 0x0000000080039D54 (0x00110113) addi sp, sp, 1
x2 <- 0x0000000000000001
mem[X,0x0000000080039D58] -> 0x006F
mem[X,0x0000000080039D5A] -> 0x0180
[9886] [M]: 0x0000000080039D58 (0x0180006F) jal zero, 24
mem[X,0x0000000080039D70] -> 0xBC23
mem[X,0x0000000080039D72] -> 0x2020
[9887] [M]: 0x0000000080039D70 (0x2020BC23) sd sp, 536(ra)
mem[0x00000000800463F0] <- 0x0000000000000001
mem[X,0x0000000080039D74] -> 0x6537
mem[X,0x0000000080039D76] -> 0x6666
[9888] [M]: 0x0000000080039D74 (0x66666537) lui a0, 419430
x10 <- 0x0000000066666000
mem[X,0x0000000080039D78] -> 0x0513
mem[X,0x0000000080039D7A] -> 0x6665
[9889] [M]: 0x0000000080039D78 (0x66650513) addi a0, a0, 1638
x10 <- 0x0000000066666666
mem[X,0x0000000080039D7C] -> 0x1513
mem[X,0x0000000080039D7E] -> 0x00B5
[9890] [M]: 0x0000000080039D7C (0x00B51513) slli a0, a0, 11
x10 <- 0x0000033333333000
mem[X,0x0000000080039D80] -> 0x0513
mem[X,0x0000000080039D82] -> 0x3335
[9891] [M]: 0x0000000080039D80 (0x33350513) addi a0, a0, 819
x10 <- 0x0000033333333333
mem[X,0x0000000080039D84] -> 0x1513
mem[X,0x0000000080039D86] -> 0x00B5
[9892] [M]: 0x0000000080039D84 (0x00B51513) slli a0, a0, 11
x10 <- 0x0019999999999800
mem[X,0x0000000080039D88] -> 0x0513
mem[X,0x0000000080039D8A] -> 0x1995
[9893] [M]: 0x0000000080039D88 (0x19950513) addi a0, a0, 409
x10 <- 0x0019999999999999
mem[X,0x0000000080039D8C] -> 0x1513
mem[X,0x0000000080039D8E] -> 0x00A5
[9894] [M]: 0x0000000080039D8C (0x00A51513) slli a0, a0, 10
x10 <- 0x6666666666666400
mem[X,0x0000000080039D90] -> 0x0513
mem[X,0x0000000080039D92] -> 0x2675
[9895] [M]: 0x0000000080039D90 (0x26750513) addi a0, a0, 615
x10 <- 0x6666666666666667
mem[X,0x0000000080039D94] -> 0x0593
mem[X,0x0000000080039D96] -> 0x0020
[9896] [M]: 0x0000000080039D94 (0x00200593) addi a1, zero, 2
x11 <- 0x0000000000000002
mem[X,0x0000000080039D98] -> 0x0113
mem[X,0x0000000080039D9A] -> 0x0000
[9897] [M]: 0x0000000080039D98 (0x00000113) addi sp, zero, 0
x2 <- 0x0000000000000000
mem[X,0x0000000080039D9C] -> 0x006F
mem[X,0x0000000080039D9E] -> 0x00C0
[9898] [M]: 0x0000000080039D9C (0x00C0006F) jal zero, 12
mem[X,0x0000000080039DA8] -> 0x1CE3
mem[X,0x0000000080039DAA] -> 0xFEB5
[9899] [M]: 0x0000000080039DA8 (0xFEB51CE3) bne a0, a1, 8184
clint::tick mtime <- 0x0000000000000063
 clint timer pending at mtime 0x0000000000000063
htif::tick 0x0000000000000000
mem[X,0x0000000080039DA0] -> 0x0113
mem[X,0x0000000080039DA2] -> 0x0011
[9900] [M]: 0x0000000080039DA0 (0x00110113) addi sp, sp, 1
x2 <- 0x0000000000000001
mem[X,0x0000000080039DA4] -> 0x006F
mem[X,0x0000000080039DA6] -> 0x0180
[9901] [M]: 0x0000000080039DA4 (0x0180006F) jal zero, 24
mem[X,0x0000000080039DBC] -> 0xB023
mem[X,0x0000000080039DBE] -> 0x2220
[9902] [M]: 0x0000000080039DBC (0x2220B023) sd sp, 544(ra)
mem[0x00000000800463F8] <- 0x0000000000000001
mem[X,0x0000000080039DC0] -> 0x6537
mem[X,0x0000000080039DC2] -> 0x6666
[9903] [M]: 0x0000000080039DC0 (0x66666537) lui a0, 419430
x10 <- 0x0000000066666000
mem[X,0x0000000080039DC4] -> 0x0513
mem[X,0x0000000080039DC6] -> 0x6665
[9904] [M]: 0x0000000080039DC4 (0x66650513) addi a0, a0, 1638
x10 <- 0x0000000066666666
mem[X,0x0000000080039DC8] -> 0x1513
mem[X,0x0000000080039DCA] -> 0x00B5
[9905] [M]: 0x0000000080039DC8 (0x00B51513) slli a0, a0, 11
x10 <- 0x0000033333333000
mem[X,0x0000000080039DCC] -> 0x0513
mem[X,0x0000000080039DCE] -> 0x3335
[9906] [M]: 0x0000000080039DCC (0x33350513) addi a0, a0, 819
x10 <- 0x0000033333333333
mem[X,0x0000000080039DD0] -> 0x1513
mem[X,0x0000000080039DD2] -> 0x00B5
[9907] [M]: 0x0000000080039DD0 (0x00B51513) slli a0, a0, 11
x10 <- 0x0019999999999800
mem[X,0x0000000080039DD4] -> 0x0513
mem[X,0x0000000080039DD6] -> 0x1995
[9908] [M]: 0x0000000080039DD4 (0x19950513) addi a0, a0, 409
x10 <- 0x0019999999999999
mem[X,0x0000000080039DD8] -> 0x1513
mem[X,0x0000000080039DDA] -> 0x00A5
[9909] [M]: 0x0000000080039DD8 (0x00A51513) slli a0, a0, 10
x10 <- 0x6666666666666400
mem[X,0x0000000080039DDC] -> 0x0513
mem[X,0x0000000080039DDE] -> 0x2675
[9910] [M]: 0x0000000080039DDC (0x26750513) addi a0, a0, 615
x10 <- 0x6666666666666667
mem[X,0x0000000080039DE0] -> 0x55B7
mem[X,0x0000000080039DE2] -> 0x5555
[9911] [M]: 0x0000000080039DE0 (0x555555B7) lui a1, 349525
x11 <- 0x0000000055555000
mem[X,0x0000000080039DE4] -> 0x8593
mem[X,0x0000000080039DE6] -> 0x5555
[9912] [M]: 0x0000000080039DE4 (0x55558593) addi a1, a1, 1365
x11 <- 0x0000000055555555
mem[X,0x0000000080039DE8] -> 0x9593
mem[X,0x0000000080039DEA] -> 0x00B5
[9913] [M]: 0x0000000080039DE8 (0x00B59593) slli a1, a1, 11
x11 <- 0x000002AAAAAAA800
mem[X,0x0000000080039DEC] -> 0x8593
mem[X,0x0000000080039DEE] -> 0x2AA5
[9914] [M]: 0x0000000080039DEC (0x2AA58593) addi a1, a1, 682
x11 <- 0x000002AAAAAAAAAA
mem[X,0x0000000080039DF0] -> 0x9593
mem[X,0x0000000080039DF2] -> 0x00B5
[9915] [M]: 0x0000000080039DF0 (0x00B59593) slli a1, a1, 11
x11 <- 0x0015555555555000
mem[X,0x0000000080039DF4] -> 0x8593
mem[X,0x0000000080039DF6] -> 0x5555
[9916] [M]: 0x0000000080039DF4 (0x55558593) addi a1, a1, 1365
x11 <- 0x0015555555555555
mem[X,0x0000000080039DF8] -> 0x9593
mem[X,0x0000000080039DFA] -> 0x00A5
[9917] [M]: 0x0000000080039DF8 (0x00A59593) slli a1, a1, 10
x11 <- 0x5555555555555400
mem[X,0x0000000080039DFC] -> 0x8593
mem[X,0x0000000080039DFE] -> 0x1545
[9918] [M]: 0x0000000080039DFC (0x15458593) addi a1, a1, 340
x11 <- 0x5555555555555554
mem[X,0x0000000080039E00] -> 0x0113
mem[X,0x0000000080039E02] -> 0x0000
[9919] [M]: 0x0000000080039E00 (0x00000113) addi sp, zero, 0
x2 <- 0x0000000000000000
mem[X,0x0000000080039E04] -> 0x006F
mem[X,0x0000000080039E06] -> 0x00C0
[9920] [M]: 0x0000000080039E04 (0x00C0006F) jal zero, 12
mem[X,0x0000000080039E10] -> 0x1CE3
mem[X,0x0000000080039E12] -> 0xFEB5
[9921] [M]: 0x0000000080039E10 (0xFEB51CE3) bne a0, a1, 8184
mem[X,0x0000000080039E08] -> 0x0113
mem[X,0x0000000080039E0A] -> 0x0011
[9922] [M]: 0x0000000080039E08 (0x00110113) addi sp, sp, 1
x2 <- 0x0000000000000001
mem[X,0x0000000080039E0C] -> 0x006F
mem[X,0x0000000080039E0E] -> 0x0180
[9923] [M]: 0x0000000080039E0C (0x0180006F) jal zero, 24
mem[X,0x0000000080039E24] -> 0xB423
mem[X,0x0000000080039E26] -> 0x2220
[9924] [M]: 0x0000000080039E24 (0x2220B423) sd sp, 552(ra)
mem[0x0000000080046400] <- 0x0000000000000001
mem[X,0x0000000080039E28] -> 0x6537
mem[X,0x0000000080039E2A] -> 0x6666
[9925] [M]: 0x0000000080039E28 (0x66666537) lui a0, 419430
x10 <- 0x0000000066666000
mem[X,0x0000000080039E2C] -> 0x0513
mem[X,0x0000000080039E2E] -> 0x6665
[9926] [M]: 0x0000000080039E2C (0x66650513) addi a0, a0, 1638
x10 <- 0x0000000066666666
mem[X,0x0000000080039E30] -> 0x1513
mem[X,0x0000000080039E32] -> 0x00B5
[9927] [M]: 0x0000000080039E30 (0x00B51513) slli a0, a0, 11
x10 <- 0x0000033333333000
mem[X,0x0000000080039E34] -> 0x0513
mem[X,0x0000000080039E36] -> 0x3335
[9928] [M]: 0x0000000080039E34 (0x33350513) addi a0, a0, 819
x10 <- 0x0000033333333333
mem[X,0x0000000080039E38] -> 0x1513
mem[X,0x0000000080039E3A] -> 0x00B5
[9929] [M]: 0x0000000080039E38 (0x00B51513) slli a0, a0, 11
x10 <- 0x0019999999999800
mem[X,0x0000000080039E3C] -> 0x0513
mem[X,0x0000000080039E3E] -> 0x1995
[9930] [M]: 0x0000000080039E3C (0x19950513) addi a0, a0, 409
x10 <- 0x0019999999999999
mem[X,0x0000000080039E40] -> 0x1513
mem[X,0x0000000080039E42] -> 0x00A5
[9931] [M]: 0x0000000080039E40 (0x00A51513) slli a0, a0, 10
x10 <- 0x6666666666666400
mem[X,0x0000000080039E44] -> 0x0513
mem[X,0x0000000080039E46] -> 0x2675
[9932] [M]: 0x0000000080039E44 (0x26750513) addi a0, a0, 615
x10 <- 0x6666666666666667
mem[X,0x0000000080039E48] -> 0x0593
mem[X,0x0000000080039E4A] -> 0x0000
[9933] [M]: 0x0000000080039E48 (0x00000593) addi a1, zero, 0
x11 <- 0x0000000000000000
mem[X,0x0000000080039E4C] -> 0x0113
mem[X,0x0000000080039E4E] -> 0x0000
[9934] [M]: 0x0000000080039E4C (0x00000113) addi sp, zero, 0
x2 <- 0x0000000000000000
mem[X,0x0000000080039E50] -> 0x006F
mem[X,0x0000000080039E52] -> 0x00C0
[9935] [M]: 0x0000000080039E50 (0x00C0006F) jal zero, 12
mem[X,0x0000000080039E5C] -> 0x1663
mem[X,0x0000000080039E5E] -> 0x00B5
[9936] [M]: 0x0000000080039E5C (0x00B51663) bne a0, a1, 12
mem[X,0x0000000080039E68] -> 0x0113
mem[X,0x0000000080039E6A] -> 0x0031
[9937] [M]: 0x0000000080039E68 (0x00310113) addi sp, sp, 3
x2 <- 0x0000000000000003
mem[X,0x0000000080039E6C] -> 0x006F
mem[X,0x0000000080039E6E] -> 0x0040
[9938] [M]: 0x0000000080039E6C (0x0040006F) jal zero, 4
mem[X,0x0000000080039E70] -> 0xB823
mem[X,0x0000000080039E72] -> 0x2220
[9939] [M]: 0x0000000080039E70 (0x2220B823) sd sp, 560(ra)
mem[0x0000000080046408] <- 0x0000000000000003
mem[X,0x0000000080039E74] -> 0x6537
mem[X,0x0000000080039E76] -> 0x6666
[9940] [M]: 0x0000000080039E74 (0x66666537) lui a0, 419430
x10 <- 0x0000000066666000
mem[X,0x0000000080039E78] -> 0x0513
mem[X,0x0000000080039E7A] -> 0x6665
[9941] [M]: 0x0000000080039E78 (0x66650513) addi a0, a0, 1638
x10 <- 0x0000000066666666
mem[X,0x0000000080039E7C] -> 0x1513
mem[X,0x0000000080039E7E] -> 0x00B5
[9942] [M]: 0x0000000080039E7C (0x00B51513) slli a0, a0, 11
x10 <- 0x0000033333333000
mem[X,0x0000000080039E80] -> 0x0513
mem[X,0x0000000080039E82] -> 0x3335
[9943] [M]: 0x0000000080039E80 (0x33350513) addi a0, a0, 819
x10 <- 0x0000033333333333
mem[X,0x0000000080039E84] -> 0x1513
mem[X,0x0000000080039E86] -> 0x00B5
[9944] [M]: 0x0000000080039E84 (0x00B51513) slli a0, a0, 11
x10 <- 0x0019999999999800
mem[X,0x0000000080039E88] -> 0x0513
mem[X,0x0000000080039E8A] -> 0x1995
[9945] [M]: 0x0000000080039E88 (0x19950513) addi a0, a0, 409
x10 <- 0x0019999999999999
mem[X,0x0000000080039E8C] -> 0x1513
mem[X,0x0000000080039E8E] -> 0x00A5
[9946] [M]: 0x0000000080039E8C (0x00A51513) slli a0, a0, 10
x10 <- 0x6666666666666400
mem[X,0x0000000080039E90] -> 0x0513
mem[X,0x0000000080039E92] -> 0x2675
[9947] [M]: 0x0000000080039E90 (0x26750513) addi a0, a0, 615
x10 <- 0x6666666666666667
mem[X,0x0000000080039E94] -> 0x0593
mem[X,0x0000000080039E96] -> 0x0040
[9948] [M]: 0x0000000080039E94 (0x00400593) addi a1, zero, 4
x11 <- 0x0000000000000004
mem[X,0x0000000080039E98] -> 0x0113
mem[X,0x0000000080039E9A] -> 0x0000
[9949] [M]: 0x0000000080039E98 (0x00000113) addi sp, zero, 0
x2 <- 0x0000000000000000
mem[X,0x0000000080039E9C] -> 0x006F
mem[X,0x0000000080039E9E] -> 0x00C0
[9950] [M]: 0x0000000080039E9C (0x00C0006F) jal zero, 12
mem[X,0x0000000080039EA8] -> 0x1663
mem[X,0x0000000080039EAA] -> 0x00B5
[9951] [M]: 0x0000000080039EA8 (0x00B51663) bne a0, a1, 12
mem[X,0x0000000080039EB4] -> 0x0113
mem[X,0x0000000080039EB6] -> 0x0031
[9952] [M]: 0x0000000080039EB4 (0x00310113) addi sp, sp, 3
x2 <- 0x0000000000000003
mem[X,0x0000000080039EB8] -> 0x006F
mem[X,0x0000000080039EBA] -> 0x0040
[9953] [M]: 0x0000000080039EB8 (0x0040006F) jal zero, 4
mem[X,0x0000000080039EBC] -> 0xBC23
mem[X,0x0000000080039EBE] -> 0x2220
[9954] [M]: 0x0000000080039EBC (0x2220BC23) sd sp, 568(ra)
mem[0x0000000080046410] <- 0x0000000000000003
mem[X,0x0000000080039EC0] -> 0x6537
mem[X,0x0000000080039EC2] -> 0x6666
[9955] [M]: 0x0000000080039EC0 (0x66666537) lui a0, 419430
x10 <- 0x0000000066666000
mem[X,0x0000000080039EC4] -> 0x0513
mem[X,0x0000000080039EC6] -> 0x6665
[9956] [M]: 0x0000000080039EC4 (0x66650513) addi a0, a0, 1638
x10 <- 0x0000000066666666
mem[X,0x0000000080039EC8] -> 0x1513
mem[X,0x0000000080039ECA] -> 0x00B5
[9957] [M]: 0x0000000080039EC8 (0x00B51513) slli a0, a0, 11
x10 <- 0x0000033333333000
mem[X,0x0000000080039ECC] -> 0x0513
mem[X,0x0000000080039ECE] -> 0x3335
[9958] [M]: 0x0000000080039ECC (0x33350513) addi a0, a0, 819
x10 <- 0x0000033333333333
mem[X,0x0000000080039ED0] -> 0x1513
mem[X,0x0000000080039ED2] -> 0x00B5
[9959] [M]: 0x0000000080039ED0 (0x00B51513) slli a0, a0, 11
x10 <- 0x0019999999999800
mem[X,0x0000000080039ED4] -> 0x0513
mem[X,0x0000000080039ED6] -> 0x1995
[9960] [M]: 0x0000000080039ED4 (0x19950513) addi a0, a0, 409
x10 <- 0x0019999999999999
mem[X,0x0000000080039ED8] -> 0x1513
mem[X,0x0000000080039EDA] -> 0x00A5
[9961] [M]: 0x0000000080039ED8 (0x00A51513) slli a0, a0, 10
x10 <- 0x6666666666666400
mem[X,0x0000000080039EDC] -> 0x0513
mem[X,0x0000000080039EDE] -> 0x2675
[9962] [M]: 0x0000000080039EDC (0x26750513) addi a0, a0, 615
x10 <- 0x6666666666666667
mem[X,0x0000000080039EE0] -> 0x35B7
mem[X,0x0000000080039EE2] -> 0x3333
[9963] [M]: 0x0000000080039EE0 (0x333335B7) lui a1, 209715
x11 <- 0x0000000033333000
mem[X,0x0000000080039EE4] -> 0x8593
mem[X,0x0000000080039EE6] -> 0x3335
[9964] [M]: 0x0000000080039EE4 (0x33358593) addi a1, a1, 819
x11 <- 0x0000000033333333
mem[X,0x0000000080039EE8] -> 0x9593
mem[X,0x0000000080039EEA] -> 0x00B5
[9965] [M]: 0x0000000080039EE8 (0x00B59593) slli a1, a1, 11
x11 <- 0x0000019999999800
mem[X,0x0000000080039EEC] -> 0x8593
mem[X,0x0000000080039EEE] -> 0x1995
[9966] [M]: 0x0000000080039EEC (0x19958593) addi a1, a1, 409
x11 <- 0x0000019999999999
mem[X,0x0000000080039EF0] -> 0x9593
mem[X,0x0000000080039EF2] -> 0x00B5
[9967] [M]: 0x0000000080039EF0 (0x00B59593) slli a1, a1, 11
x11 <- 0x000CCCCCCCCCC800
mem[X,0x0000000080039EF4] -> 0x8593
mem[X,0x0000000080039EF6] -> 0x4CC5
[9968] [M]: 0x0000000080039EF4 (0x4CC58593) addi a1, a1, 1228
x11 <- 0x000CCCCCCCCCCCCC
mem[X,0x0000000080039EF8] -> 0x9593
mem[X,0x0000000080039EFA] -> 0x00A5
[9969] [M]: 0x0000000080039EF8 (0x00A59593) slli a1, a1, 10
x11 <- 0x3333333333333000
mem[X,0x0000000080039EFC] -> 0x8593
mem[X,0x0000000080039EFE] -> 0x3325
[9970] [M]: 0x0000000080039EFC (0x33258593) addi a1, a1, 818
x11 <- 0x3333333333333332
mem[X,0x0000000080039F00] -> 0x0113
mem[X,0x0000000080039F02] -> 0x0000
[9971] [M]: 0x0000000080039F00 (0x00000113) addi sp, zero, 0
x2 <- 0x0000000000000000
mem[X,0x0000000080039F04] -> 0x006F
mem[X,0x0000000080039F06] -> 0x00C0
[9972] [M]: 0x0000000080039F04 (0x00C0006F) jal zero, 12
mem[X,0x0000000080039F10] -> 0x1CE3
mem[X,0x0000000080039F12] -> 0xFEB5
[9973] [M]: 0x0000000080039F10 (0xFEB51CE3) bne a0, a1, 8184
mem[X,0x0000000080039F08] -> 0x0113
mem[X,0x0000000080039F0A] -> 0x0011
[9974] [M]: 0x0000000080039F08 (0x00110113) addi sp, sp, 1
x2 <- 0x0000000000000001
mem[X,0x0000000080039F0C] -> 0x006F
mem[X,0x0000000080039F0E] -> 0x0180
[9975] [M]: 0x0000000080039F0C (0x0180006F) jal zero, 24
mem[X,0x0000000080039F24] -> 0xB023
mem[X,0x0000000080039F26] -> 0x2420
[9976] [M]: 0x0000000080039F24 (0x2420B023) sd sp, 576(ra)
mem[0x0000000080046418] <- 0x0000000000000001
mem[X,0x0000000080039F28] -> 0x6537
mem[X,0x0000000080039F2A] -> 0x6666
[9977] [M]: 0x0000000080039F28 (0x66666537) lui a0, 419430
x10 <- 0x0000000066666000
mem[X,0x0000000080039F2C] -> 0x0513
mem[X,0x0000000080039F2E] -> 0x6665
[9978] [M]: 0x0000000080039F2C (0x66650513) addi a0, a0, 1638
x10 <- 0x0000000066666666
mem[X,0x0000000080039F30] -> 0x1513
mem[X,0x0000000080039F32] -> 0x00B5
[9979] [M]: 0x0000000080039F30 (0x00B51513) slli a0, a0, 11
x10 <- 0x0000033333333000
mem[X,0x0000000080039F34] -> 0x0513
mem[X,0x0000000080039F36] -> 0x3335
[9980] [M]: 0x0000000080039F34 (0x33350513) addi a0, a0, 819
x10 <- 0x0000033333333333
mem[X,0x0000000080039F38] -> 0x1513
mem[X,0x0000000080039F3A] -> 0x00B5
[9981] [M]: 0x0000000080039F38 (0x00B51513) slli a0, a0, 11
x10 <- 0x0019999999999800
mem[X,0x0000000080039F3C] -> 0x0513
mem[X,0x0000000080039F3E] -> 0x1995
[9982] [M]: 0x0000000080039F3C (0x19950513) addi a0, a0, 409
x10 <- 0x0019999999999999
mem[X,0x0000000080039F40] -> 0x1513
mem[X,0x0000000080039F42] -> 0x00A5
[9983] [M]: 0x0000000080039F40 (0x00A51513) slli a0, a0, 10
x10 <- 0x6666666666666400
mem[X,0x0000000080039F44] -> 0x0513
mem[X,0x0000000080039F46] -> 0x2675
[9984] [M]: 0x0000000080039F44 (0x26750513) addi a0, a0, 615
x10 <- 0x6666666666666667
mem[X,0x0000000080039F48] -> 0x65B7
mem[X,0x0000000080039F4A] -> 0x6666
[9985] [M]: 0x0000000080039F48 (0x666665B7) lui a1, 419430
x11 <- 0x0000000066666000
mem[X,0x0000000080039F4C] -> 0x8593
mem[X,0x0000000080039F4E] -> 0x6665
[9986] [M]: 0x0000000080039F4C (0x66658593) addi a1, a1, 1638
x11 <- 0x0000000066666666
mem[X,0x0000000080039F50] -> 0x9593
mem[X,0x0000000080039F52] -> 0x00B5
[9987] [M]: 0x0000000080039F50 (0x00B59593) slli a1, a1, 11
x11 <- 0x0000033333333000
mem[X,0x0000000080039F54] -> 0x8593
mem[X,0x0000000080039F56] -> 0x3335
[9988] [M]: 0x0000000080039F54 (0x33358593) addi a1, a1, 819
x11 <- 0x0000033333333333
mem[X,0x0000000080039F58] -> 0x9593
mem[X,0x0000000080039F5A] -> 0x00B5
[9989] [M]: 0x0000000080039F58 (0x00B59593) slli a1, a1, 11
x11 <- 0x0019999999999800
mem[X,0x0000000080039F5C] -> 0x8593
mem[X,0x0000000080039F5E] -> 0x1995
[9990] [M]: 0x0000000080039F5C (0x19958593) addi a1, a1, 409
x11 <- 0x0019999999999999
mem[X,0x0000000080039F60] -> 0x9593
mem[X,0x0000000080039F62] -> 0x00A5
[9991] [M]: 0x0000000080039F60 (0x00A59593) slli a1, a1, 10
x11 <- 0x6666666666666400
mem[X,0x0000000080039F64] -> 0x8593
mem[X,0x0000000080039F66] -> 0x2655
[9992] [M]: 0x0000000080039F64 (0x26558593) addi a1, a1, 613
x11 <- 0x6666666666666665
mem[X,0x0000000080039F68] -> 0x0113
mem[X,0x0000000080039F6A] -> 0x0000
[9993] [M]: 0x0000000080039F68 (0x00000113) addi sp, zero, 0
x2 <- 0x0000000000000000
mem[X,0x0000000080039F6C] -> 0x006F
mem[X,0x0000000080039F6E] -> 0x00C0
[9994] [M]: 0x0000000080039F6C (0x00C0006F) jal zero, 12
mem[X,0x0000000080039F78] -> 0x1063
mem[X,0x0000000080039F7A] -> 0x20B5
[9995] [M]: 0x0000000080039F78 (0x20B51063) bne a0, a1, 512
mem[X,0x000000008003A178] -> 0x0113
mem[X,0x000000008003A17A] -> 0x0031
[9996] [M]: 0x000000008003A178 (0x00310113) addi sp, sp, 3
x2 <- 0x0000000000000003
mem[X,0x000000008003A17C] -> 0x006F
mem[X,0x000000008003A17E] -> 0x0040
[9997] [M]: 0x000000008003A17C (0x0040006F) jal zero, 4
mem[X,0x000000008003A180] -> 0xB423
mem[X,0x000000008003A182] -> 0x2420
[9998] [M]: 0x000000008003A180 (0x2420B423) sd sp, 584(ra)
mem[0x0000000080046420] <- 0x0000000000000003
mem[X,0x000000008003A184] -> 0x6537
mem[X,0x000000008003A186] -> 0x6666
[9999] [M]: 0x000000008003A184 (0x66666537) lui a0, 419430
x10 <- 0x0000000066666000
clint::tick mtime <- 0x0000000000000064
 clint timer pending at mtime 0x0000000000000064
htif::tick 0x0000000000000000
mem[X,0x000000008003A188] -> 0x0513
mem[X,0x000000008003A18A] -> 0x6665
[10000] [M]: 0x000000008003A188 (0x66650513) addi a0, a0, 1638
x10 <- 0x0000000066666666
mem[X,0x000000008003A18C] -> 0x1513
mem[X,0x000000008003A18E] -> 0x00B5
[10001] [M]: 0x000000008003A18C (0x00B51513) slli a0, a0, 11
x10 <- 0x0000033333333000
mem[X,0x000000008003A190] -> 0x0513
mem[X,0x000000008003A192] -> 0x3335
[10002] [M]: 0x000000008003A190 (0x33350513) addi a0, a0, 819
x10 <- 0x0000033333333333
mem[X,0x000000008003A194] -> 0x1513
mem[X,0x000000008003A196] -> 0x00B5
[10003] [M]: 0x000000008003A194 (0x00B51513) slli a0, a0, 11
x10 <- 0x0019999999999800
mem[X,0x000000008003A198] -> 0x0513
mem[X,0x000000008003A19A] -> 0x1995
[10004] [M]: 0x000000008003A198 (0x19950513) addi a0, a0, 409
x10 <- 0x0019999999999999
mem[X,0x000000008003A19C] -> 0x1513
mem[X,0x000000008003A19E] -> 0x00A5
[10005] [M]: 0x000000008003A19C (0x00A51513) slli a0, a0, 10
x10 <- 0x6666666666666400
mem[X,0x000000008003A1A0] -> 0x0513
mem[X,0x000000008003A1A2] -> 0x2675
[10006] [M]: 0x000000008003A1A0 (0x26750513) addi a0, a0, 615
x10 <- 0x6666666666666667
mem[X,0x000000008003A1A4] -> 0x05B7
mem[X,0x000000008003A1A6] -> 0x0000
[10007] [M]: 0x000000008003A1A4 (0x000005B7) lui a1, 0
x11 <- 0x0000000000000000
mem[X,0x000000008003A1A8] -> 0x8593
mem[X,0x000000008003A1AA] -> 0x0005
[10008] [M]: 0x000000008003A1A8 (0x00058593) addi a1, a1, 0
x11 <- 0x0000000000000000
mem[X,0x000000008003A1AC] -> 0x9593
mem[X,0x000000008003A1AE] -> 0x00B5
[10009] [M]: 0x000000008003A1AC (0x00B59593) slli a1, a1, 11
x11 <- 0x0000000000000000
mem[X,0x000000008003A1B0] -> 0x8593
mem[X,0x000000008003A1B2] -> 0x5A85
[10010] [M]: 0x000000008003A1B0 (0x5A858593) addi a1, a1, 1448
x11 <- 0x00000000000005A8
mem[X,0x000000008003A1B4] -> 0x9593
mem[X,0x000000008003A1B6] -> 0x00B5
[10011] [M]: 0x000000008003A1B4 (0x00B59593) slli a1, a1, 11
x11 <- 0x00000000002D4000
mem[X,0x000000008003A1B8] -> 0x8593
mem[X,0x000000008003A1BA] -> 0x13C5
[10012] [M]: 0x000000008003A1B8 (0x13C58593) addi a1, a1, 316
x11 <- 0x00000000002D413C
mem[X,0x000000008003A1BC] -> 0x9593
mem[X,0x000000008003A1BE] -> 0x00A5
[10013] [M]: 0x000000008003A1BC (0x00A59593) slli a1, a1, 10
x11 <- 0x00000000B504F000
mem[X,0x000000008003A1C0] -> 0x8593
mem[X,0x000000008003A1C2] -> 0x3325
[10014] [M]: 0x000000008003A1C0 (0x33258593) addi a1, a1, 818
x11 <- 0x00000000B504F332
mem[X,0x000000008003A1C4] -> 0x0113
mem[X,0x000000008003A1C6] -> 0x0000
[10015] [M]: 0x000000008003A1C4 (0x00000113) addi sp, zero, 0
x2 <- 0x0000000000000000
mem[X,0x000000008003A1C8] -> 0x006F
mem[X,0x000000008003A1CA] -> 0x00C0
[10016] [M]: 0x000000008003A1C8 (0x00C0006F) jal zero, 12
mem[X,0x000000008003A1D4] -> 0x1063
mem[X,0x000000008003A1D6] -> 0x40B5
[10017] [M]: 0x000000008003A1D4 (0x40B51063) bne a0, a1, 1024
mem[X,0x000000008003A5D4] -> 0x0113
mem[X,0x000000008003A5D6] -> 0x0031
[10018] [M]: 0x000000008003A5D4 (0x00310113) addi sp, sp, 3
x2 <- 0x0000000000000003
mem[X,0x000000008003A5D8] -> 0x006F
mem[X,0x000000008003A5DA] -> 0x0040
[10019] [M]: 0x000000008003A5D8 (0x0040006F) jal zero, 4
mem[X,0x000000008003A5DC] -> 0xB823
mem[X,0x000000008003A5DE] -> 0x2420
[10020] [M]: 0x000000008003A5DC (0x2420B823) sd sp, 592(ra)
mem[0x0000000080046428] <- 0x0000000000000003
mem[X,0x000000008003A5E0] -> 0x6537
mem[X,0x000000008003A5E2] -> 0x6666
[10021] [M]: 0x000000008003A5E0 (0x66666537) lui a0, 419430
x10 <- 0x0000000066666000
mem[X,0x000000008003A5E4] -> 0x0513
mem[X,0x000000008003A5E6] -> 0x6665
[10022] [M]: 0x000000008003A5E4 (0x66650513) addi a0, a0, 1638
x10 <- 0x0000000066666666
mem[X,0x000000008003A5E8] -> 0x1513
mem[X,0x000000008003A5EA] -> 0x00B5
[10023] [M]: 0x000000008003A5E8 (0x00B51513) slli a0, a0, 11
x10 <- 0x0000033333333000
mem[X,0x000000008003A5EC] -> 0x0513
mem[X,0x000000008003A5EE] -> 0x3335
[10024] [M]: 0x000000008003A5EC (0x33350513) addi a0, a0, 819
x10 <- 0x0000033333333333
mem[X,0x000000008003A5F0] -> 0x1513
mem[X,0x000000008003A5F2] -> 0x00B5
[10025] [M]: 0x000000008003A5F0 (0x00B51513) slli a0, a0, 11
x10 <- 0x0019999999999800
mem[X,0x000000008003A5F4] -> 0x0513
mem[X,0x000000008003A5F6] -> 0x1995
[10026] [M]: 0x000000008003A5F4 (0x19950513) addi a0, a0, 409
x10 <- 0x0019999999999999
mem[X,0x000000008003A5F8] -> 0x1513
mem[X,0x000000008003A5FA] -> 0x00A5
[10027] [M]: 0x000000008003A5F8 (0x00A51513) slli a0, a0, 10
x10 <- 0x6666666666666400
mem[X,0x000000008003A5FC] -> 0x0513
mem[X,0x000000008003A5FE] -> 0x2675
[10028] [M]: 0x000000008003A5FC (0x26750513) addi a0, a0, 615
x10 <- 0x6666666666666667
mem[X,0x000000008003A600] -> 0x55B7
mem[X,0x000000008003A602] -> 0x5555
[10029] [M]: 0x000000008003A600 (0x555555B7) lui a1, 349525
x11 <- 0x0000000055555000
mem[X,0x000000008003A604] -> 0x8593
mem[X,0x000000008003A606] -> 0x5555
[10030] [M]: 0x000000008003A604 (0x55558593) addi a1, a1, 1365
x11 <- 0x0000000055555555
mem[X,0x000000008003A608] -> 0x9593
mem[X,0x000000008003A60A] -> 0x00B5
[10031] [M]: 0x000000008003A608 (0x00B59593) slli a1, a1, 11
x11 <- 0x000002AAAAAAA800
mem[X,0x000000008003A60C] -> 0x8593
mem[X,0x000000008003A60E] -> 0x2AA5
[10032] [M]: 0x000000008003A60C (0x2AA58593) addi a1, a1, 682
x11 <- 0x000002AAAAAAAAAA
mem[X,0x000000008003A610] -> 0x9593
mem[X,0x000000008003A612] -> 0x00B5
[10033] [M]: 0x000000008003A610 (0x00B59593) slli a1, a1, 11
x11 <- 0x0015555555555000
mem[X,0x000000008003A614] -> 0x8593
mem[X,0x000000008003A616] -> 0x5555
[10034] [M]: 0x000000008003A614 (0x55558593) addi a1, a1, 1365
x11 <- 0x0015555555555555
mem[X,0x000000008003A618] -> 0x9593
mem[X,0x000000008003A61A] -> 0x00A5
[10035] [M]: 0x000000008003A618 (0x00A59593) slli a1, a1, 10
x11 <- 0x5555555555555400
mem[X,0x000000008003A61C] -> 0x8593
mem[X,0x000000008003A61E] -> 0x1565
[10036] [M]: 0x000000008003A61C (0x15658593) addi a1, a1, 342
x11 <- 0x5555555555555556
mem[X,0x000000008003A620] -> 0x0113
mem[X,0x000000008003A622] -> 0x0000
[10037] [M]: 0x000000008003A620 (0x00000113) addi sp, zero, 0
x2 <- 0x0000000000000000
mem[X,0x000000008003A624] -> 0x006F
mem[X,0x000000008003A626] -> 0x00C0
[10038] [M]: 0x000000008003A624 (0x00C0006F) jal zero, 12
mem[X,0x000000008003A630] -> 0x1CE3
mem[X,0x000000008003A632] -> 0xFEB5
[10039] [M]: 0x000000008003A630 (0xFEB51CE3) bne a0, a1, 8184
mem[X,0x000000008003A628] -> 0x0113
mem[X,0x000000008003A62A] -> 0x0011
[10040] [M]: 0x000000008003A628 (0x00110113) addi sp, sp, 1
x2 <- 0x0000000000000001
mem[X,0x000000008003A62C] -> 0x006F
mem[X,0x000000008003A62E] -> 0x0180
[10041] [M]: 0x000000008003A62C (0x0180006F) jal zero, 24
mem[X,0x000000008003A644] -> 0xBC23
mem[X,0x000000008003A646] -> 0x2420
[10042] [M]: 0x000000008003A644 (0x2420BC23) sd sp, 600(ra)
mem[0x0000000080046430] <- 0x0000000000000001
mem[X,0x000000008003A648] -> 0x6537
mem[X,0x000000008003A64A] -> 0x6666
[10043] [M]: 0x000000008003A648 (0x66666537) lui a0, 419430
x10 <- 0x0000000066666000
mem[X,0x000000008003A64C] -> 0x0513
mem[X,0x000000008003A64E] -> 0x6665
[10044] [M]: 0x000000008003A64C (0x66650513) addi a0, a0, 1638
x10 <- 0x0000000066666666
mem[X,0x000000008003A650] -> 0x1513
mem[X,0x000000008003A652] -> 0x00B5
[10045] [M]: 0x000000008003A650 (0x00B51513) slli a0, a0, 11
x10 <- 0x0000033333333000
mem[X,0x000000008003A654] -> 0x0513
mem[X,0x000000008003A656] -> 0x3335
[10046] [M]: 0x000000008003A654 (0x33350513) addi a0, a0, 819
x10 <- 0x0000033333333333
mem[X,0x000000008003A658] -> 0x1513
mem[X,0x000000008003A65A] -> 0x00B5
[10047] [M]: 0x000000008003A658 (0x00B51513) slli a0, a0, 11
x10 <- 0x0019999999999800
mem[X,0x000000008003A65C] -> 0x0513
mem[X,0x000000008003A65E] -> 0x1995
[10048] [M]: 0x000000008003A65C (0x19950513) addi a0, a0, 409
x10 <- 0x0019999999999999
mem[X,0x000000008003A660] -> 0x1513
mem[X,0x000000008003A662] -> 0x00A5
[10049] [M]: 0x000000008003A660 (0x00A51513) slli a0, a0, 10
x10 <- 0x6666666666666400
mem[X,0x000000008003A664] -> 0x0513
mem[X,0x000000008003A666] -> 0x2675
[10050] [M]: 0x000000008003A664 (0x26750513) addi a0, a0, 615
x10 <- 0x6666666666666667
mem[X,0x000000008003A668] -> 0xB5B7
mem[X,0x000000008003A66A] -> 0xAAAA
[10051] [M]: 0x000000008003A668 (0xAAAAB5B7) lui a1, 699051
x11 <- 0xFFFFFFFFAAAAB000
mem[X,0x000000008003A66C] -> 0x8593
mem[X,0x000000008003A66E] -> 0xAAA5
[10052] [M]: 0x000000008003A66C (0xAAA58593) addi a1, a1, 2730
x11 <- 0xFFFFFFFFAAAAAAAA
mem[X,0x000000008003A670] -> 0x9593
mem[X,0x000000008003A672] -> 0x00B5
[10053] [M]: 0x000000008003A670 (0x00B59593) slli a1, a1, 11
x11 <- 0xFFFFFD5555555000
mem[X,0x000000008003A674] -> 0x8593
mem[X,0x000000008003A676] -> 0x5555
[10054] [M]: 0x000000008003A674 (0x55558593) addi a1, a1, 1365
x11 <- 0xFFFFFD5555555555
mem[X,0x000000008003A678] -> 0x9593
mem[X,0x000000008003A67A] -> 0x00B5
[10055] [M]: 0x000000008003A678 (0x00B59593) slli a1, a1, 11
x11 <- 0xFFEAAAAAAAAAA800
mem[X,0x000000008003A67C] -> 0x8593
mem[X,0x000000008003A67E] -> 0x2AA5
[10056] [M]: 0x000000008003A67C (0x2AA58593) addi a1, a1, 682
x11 <- 0xFFEAAAAAAAAAAAAA
mem[X,0x000000008003A680] -> 0x9593
mem[X,0x000000008003A682] -> 0x00A5
[10057] [M]: 0x000000008003A680 (0x00A59593) slli a1, a1, 10
x11 <- 0xAAAAAAAAAAAAA800
mem[X,0x000000008003A684] -> 0x8593
mem[X,0x000000008003A686] -> 0x2AB5
[10058] [M]: 0x000000008003A684 (0x2AB58593) addi a1, a1, 683
x11 <- 0xAAAAAAAAAAAAAAAB
mem[X,0x000000008003A688] -> 0x0113
mem[X,0x000000008003A68A] -> 0x0000
[10059] [M]: 0x000000008003A688 (0x00000113) addi sp, zero, 0
x2 <- 0x0000000000000000
mem[X,0x000000008003A68C] -> 0x006F
mem[X,0x000000008003A68E] -> 0x00C0
[10060] [M]: 0x000000008003A68C (0x00C0006F) jal zero, 12
mem[X,0x000000008003A698] -> 0x1063
mem[X,0x000000008003A69A] -> 0x10B5
[10061] [M]: 0x000000008003A698 (0x10B51063) bne a0, a1, 256
mem[X,0x000000008003A798] -> 0x0113
mem[X,0x000000008003A79A] -> 0x0031
[10062] [M]: 0x000000008003A798 (0x00310113) addi sp, sp, 3
x2 <- 0x0000000000000003
mem[X,0x000000008003A79C] -> 0x006F
mem[X,0x000000008003A79E] -> 0x0040
[10063] [M]: 0x000000008003A79C (0x0040006F) jal zero, 4
mem[X,0x000000008003A7A0] -> 0xB023
mem[X,0x000000008003A7A2] -> 0x2620
[10064] [M]: 0x000000008003A7A0 (0x2620B023) sd sp, 608(ra)
mem[0x0000000080046438] <- 0x0000000000000003
mem[X,0x000000008003A7A4] -> 0x6537
mem[X,0x000000008003A7A6] -> 0x6666
[10065] [M]: 0x000000008003A7A4 (0x66666537) lui a0, 419430
x10 <- 0x0000000066666000
mem[X,0x000000008003A7A8] -> 0x0513
mem[X,0x000000008003A7AA] -> 0x6665
[10066] [M]: 0x000000008003A7A8 (0x66650513) addi a0, a0, 1638
x10 <- 0x0000000066666666
mem[X,0x000000008003A7AC] -> 0x1513
mem[X,0x000000008003A7AE] -> 0x00B5
[10067] [M]: 0x000000008003A7AC (0x00B51513) slli a0, a0, 11
x10 <- 0x0000033333333000
mem[X,0x000000008003A7B0] -> 0x0513
mem[X,0x000000008003A7B2] -> 0x3335
[10068] [M]: 0x000000008003A7B0 (0x33350513) addi a0, a0, 819
x10 <- 0x0000033333333333
mem[X,0x000000008003A7B4] -> 0x1513
mem[X,0x000000008003A7B6] -> 0x00B5
[10069] [M]: 0x000000008003A7B4 (0x00B51513) slli a0, a0, 11
x10 <- 0x0019999999999800
mem[X,0x000000008003A7B8] -> 0x0513
mem[X,0x000000008003A7BA] -> 0x1995
[10070] [M]: 0x000000008003A7B8 (0x19950513) addi a0, a0, 409
x10 <- 0x0019999999999999
mem[X,0x000000008003A7BC] -> 0x1513
mem[X,0x000000008003A7BE] -> 0x00A5
[10071] [M]: 0x000000008003A7BC (0x00A51513) slli a0, a0, 10
x10 <- 0x6666666666666400
mem[X,0x000000008003A7C0] -> 0x0513
mem[X,0x000000008003A7C2] -> 0x2675
[10072] [M]: 0x000000008003A7C0 (0x26750513) addi a0, a0, 615
x10 <- 0x6666666666666667
mem[X,0x000000008003A7C4] -> 0x0593
mem[X,0x000000008003A7C6] -> 0x0060
[10073] [M]: 0x000000008003A7C4 (0x00600593) addi a1, zero, 6
x11 <- 0x0000000000000006
mem[X,0x000000008003A7C8] -> 0x0113
mem[X,0x000000008003A7CA] -> 0x0000
[10074] [M]: 0x000000008003A7C8 (0x00000113) addi sp, zero, 0
x2 <- 0x0000000000000000
mem[X,0x000000008003A7CC] -> 0x006F
mem[X,0x000000008003A7CE] -> 0x2B10
[10075] [M]: 0x000000008003A7CC (0x2B10006F) jal zero, 2736
mem[X,0x000000008003B27C] -> 0x1A63
mem[X,0x000000008003B27E] -> 0xD4B5
[10076] [M]: 0x000000008003B27C (0xD4B51A63) bne a0, a1, 5460
mem[X,0x000000008003A7D0] -> 0x0113
mem[X,0x000000008003A7D2] -> 0x0011
[10077] [M]: 0x000000008003A7D0 (0x00110113) addi sp, sp, 1
x2 <- 0x0000000000000001
mem[X,0x000000008003A7D4] -> 0x006F
mem[X,0x000000008003A7D6] -> 0x2BD0
[10078] [M]: 0x000000008003A7D4 (0x2BD0006F) jal zero, 2748
mem[X,0x000000008003B290] -> 0xB423
mem[X,0x000000008003B292] -> 0x2620
[10079] [M]: 0x000000008003B290 (0x2620B423) sd sp, 616(ra)
mem[0x0000000080046440] <- 0x0000000000000001
mem[X,0x000000008003B294] -> 0x6537
mem[X,0x000000008003B296] -> 0x6666
[10080] [M]: 0x000000008003B294 (0x66666537) lui a0, 419430
x10 <- 0x0000000066666000
mem[X,0x000000008003B298] -> 0x0513
mem[X,0x000000008003B29A] -> 0x6665
[10081] [M]: 0x000000008003B298 (0x66650513) addi a0, a0, 1638
x10 <- 0x0000000066666666
mem[X,0x000000008003B29C] -> 0x1513
mem[X,0x000000008003B29E] -> 0x00B5
[10082] [M]: 0x000000008003B29C (0x00B51513) slli a0, a0, 11
x10 <- 0x0000033333333000
mem[X,0x000000008003B2A0] -> 0x0513
mem[X,0x000000008003B2A2] -> 0x3335
[10083] [M]: 0x000000008003B2A0 (0x33350513) addi a0, a0, 819
x10 <- 0x0000033333333333
mem[X,0x000000008003B2A4] -> 0x1513
mem[X,0x000000008003B2A6] -> 0x00B5
[10084] [M]: 0x000000008003B2A4 (0x00B51513) slli a0, a0, 11
x10 <- 0x0019999999999800
mem[X,0x000000008003B2A8] -> 0x0513
mem[X,0x000000008003B2AA] -> 0x1995
[10085] [M]: 0x000000008003B2A8 (0x19950513) addi a0, a0, 409
x10 <- 0x0019999999999999
mem[X,0x000000008003B2AC] -> 0x1513
mem[X,0x000000008003B2AE] -> 0x00A5
[10086] [M]: 0x000000008003B2AC (0x00A51513) slli a0, a0, 10
x10 <- 0x6666666666666400
mem[X,0x000000008003B2B0] -> 0x0513
mem[X,0x000000008003B2B2] -> 0x2675
[10087] [M]: 0x000000008003B2B0 (0x26750513) addi a0, a0, 615
x10 <- 0x6666666666666667
mem[X,0x000000008003B2B4] -> 0x35B7
mem[X,0x000000008003B2B6] -> 0x3333
[10088] [M]: 0x000000008003B2B4 (0x333335B7) lui a1, 209715
x11 <- 0x0000000033333000
mem[X,0x000000008003B2B8] -> 0x8593
mem[X,0x000000008003B2BA] -> 0x3335
[10089] [M]: 0x000000008003B2B8 (0x33358593) addi a1, a1, 819
x11 <- 0x0000000033333333
mem[X,0x000000008003B2BC] -> 0x9593
mem[X,0x000000008003B2BE] -> 0x00B5
[10090] [M]: 0x000000008003B2BC (0x00B59593) slli a1, a1, 11
x11 <- 0x0000019999999800
mem[X,0x000000008003B2C0] -> 0x8593
mem[X,0x000000008003B2C2] -> 0x1995
[10091] [M]: 0x000000008003B2C0 (0x19958593) addi a1, a1, 409
x11 <- 0x0000019999999999
mem[X,0x000000008003B2C4] -> 0x9593
mem[X,0x000000008003B2C6] -> 0x00B5
[10092] [M]: 0x000000008003B2C4 (0x00B59593) slli a1, a1, 11
x11 <- 0x000CCCCCCCCCC800
mem[X,0x000000008003B2C8] -> 0x8593
mem[X,0x000000008003B2CA] -> 0x4CC5
[10093] [M]: 0x000000008003B2C8 (0x4CC58593) addi a1, a1, 1228
x11 <- 0x000CCCCCCCCCCCCC
mem[X,0x000000008003B2CC] -> 0x9593
mem[X,0x000000008003B2CE] -> 0x00A5
[10094] [M]: 0x000000008003B2CC (0x00A59593) slli a1, a1, 10
x11 <- 0x3333333333333000
mem[X,0x000000008003B2D0] -> 0x8593
mem[X,0x000000008003B2D2] -> 0x3345
[10095] [M]: 0x000000008003B2D0 (0x33458593) addi a1, a1, 820
x11 <- 0x3333333333333334
mem[X,0x000000008003B2D4] -> 0x0113
mem[X,0x000000008003B2D6] -> 0x0000
[10096] [M]: 0x000000008003B2D4 (0x00000113) addi sp, zero, 0
x2 <- 0x0000000000000000
mem[X,0x000000008003B2D8] -> 0x006F
mem[X,0x000000008003B2DA] -> 0x00C0
[10097] [M]: 0x000000008003B2D8 (0x00C0006F) jal zero, 12
mem[X,0x000000008003B2E4] -> 0x1063
mem[X,0x000000008003B2E6] -> 0x08B5
[10098] [M]: 0x000000008003B2E4 (0x08B51063) bne a0, a1, 128
mem[X,0x000000008003B364] -> 0x0113
mem[X,0x000000008003B366] -> 0x0031
[10099] [M]: 0x000000008003B364 (0x00310113) addi sp, sp, 3
x2 <- 0x0000000000000003
clint::tick mtime <- 0x0000000000000065
 clint timer pending at mtime 0x0000000000000065
htif::tick 0x0000000000000000
mem[X,0x000000008003B368] -> 0x006F
mem[X,0x000000008003B36A] -> 0x0040
[10100] [M]: 0x000000008003B368 (0x0040006F) jal zero, 4
mem[X,0x000000008003B36C] -> 0xB823
mem[X,0x000000008003B36E] -> 0x2620
[10101] [M]: 0x000000008003B36C (0x2620B823) sd sp, 624(ra)
mem[0x0000000080046448] <- 0x0000000000000003
mem[X,0x000000008003B370] -> 0x6537
mem[X,0x000000008003B372] -> 0x6666
[10102] [M]: 0x000000008003B370 (0x66666537) lui a0, 419430
x10 <- 0x0000000066666000
mem[X,0x000000008003B374] -> 0x0513
mem[X,0x000000008003B376] -> 0x6665
[10103] [M]: 0x000000008003B374 (0x66650513) addi a0, a0, 1638
x10 <- 0x0000000066666666
mem[X,0x000000008003B378] -> 0x1513
mem[X,0x000000008003B37A] -> 0x00B5
[10104] [M]: 0x000000008003B378 (0x00B51513) slli a0, a0, 11
x10 <- 0x0000033333333000
mem[X,0x000000008003B37C] -> 0x0513
mem[X,0x000000008003B37E] -> 0x3335
[10105] [M]: 0x000000008003B37C (0x33350513) addi a0, a0, 819
x10 <- 0x0000033333333333
mem[X,0x000000008003B380] -> 0x1513
mem[X,0x000000008003B382] -> 0x00B5
[10106] [M]: 0x000000008003B380 (0x00B51513) slli a0, a0, 11
x10 <- 0x0019999999999800
mem[X,0x000000008003B384] -> 0x0513
mem[X,0x000000008003B386] -> 0x1995
[10107] [M]: 0x000000008003B384 (0x19950513) addi a0, a0, 409
x10 <- 0x0019999999999999
mem[X,0x000000008003B388] -> 0x1513
mem[X,0x000000008003B38A] -> 0x00A5
[10108] [M]: 0x000000008003B388 (0x00A51513) slli a0, a0, 10
x10 <- 0x6666666666666400
mem[X,0x000000008003B38C] -> 0x0513
mem[X,0x000000008003B38E] -> 0x2675
[10109] [M]: 0x000000008003B38C (0x26750513) addi a0, a0, 615
x10 <- 0x6666666666666667
mem[X,0x000000008003B390] -> 0x65B7
mem[X,0x000000008003B392] -> 0x6666
[10110] [M]: 0x000000008003B390 (0x666665B7) lui a1, 419430
x11 <- 0x0000000066666000
mem[X,0x000000008003B394] -> 0x8593
mem[X,0x000000008003B396] -> 0x6665
[10111] [M]: 0x000000008003B394 (0x66658593) addi a1, a1, 1638
x11 <- 0x0000000066666666
mem[X,0x000000008003B398] -> 0x9593
mem[X,0x000000008003B39A] -> 0x00B5
[10112] [M]: 0x000000008003B398 (0x00B59593) slli a1, a1, 11
x11 <- 0x0000033333333000
mem[X,0x000000008003B39C] -> 0x8593
mem[X,0x000000008003B39E] -> 0x3335
[10113] [M]: 0x000000008003B39C (0x33358593) addi a1, a1, 819
x11 <- 0x0000033333333333
mem[X,0x000000008003B3A0] -> 0x9593
mem[X,0x000000008003B3A2] -> 0x00B5
[10114] [M]: 0x000000008003B3A0 (0x00B59593) slli a1, a1, 11
x11 <- 0x0019999999999800
mem[X,0x000000008003B3A4] -> 0x8593
mem[X,0x000000008003B3A6] -> 0x1995
[10115] [M]: 0x000000008003B3A4 (0x19958593) addi a1, a1, 409
x11 <- 0x0019999999999999
mem[X,0x000000008003B3A8] -> 0x9593
mem[X,0x000000008003B3AA] -> 0x00A5
[10116] [M]: 0x000000008003B3A8 (0x00A59593) slli a1, a1, 10
x11 <- 0x6666666666666400
mem[X,0x000000008003B3AC] -> 0x8593
mem[X,0x000000008003B3AE] -> 0x2675
[10117] [M]: 0x000000008003B3AC (0x26758593) addi a1, a1, 615
x11 <- 0x6666666666666667
mem[X,0x000000008003B3B0] -> 0x0113
mem[X,0x000000008003B3B2] -> 0x0000
[10118] [M]: 0x000000008003B3B0 (0x00000113) addi sp, zero, 0
x2 <- 0x0000000000000000
mem[X,0x000000008003B3B4] -> 0x006F
mem[X,0x000000008003B3B6] -> 0x00C0
[10119] [M]: 0x000000008003B3B4 (0x00C0006F) jal zero, 12
mem[X,0x000000008003B3C0] -> 0x1063
mem[X,0x000000008003B3C2] -> 0x02B5
[10120] [M]: 0x000000008003B3C0 (0x02B51063) bne a0, a1, 32
mem[X,0x000000008003B3C4] -> 0x0113
mem[X,0x000000008003B3C6] -> 0x0021
[10121] [M]: 0x000000008003B3C4 (0x00210113) addi sp, sp, 2
x2 <- 0x0000000000000002
mem[X,0x000000008003B3C8] -> 0x006F
mem[X,0x000000008003B3CA] -> 0x0200
[10122] [M]: 0x000000008003B3C8 (0x0200006F) jal zero, 32
mem[X,0x000000008003B3E8] -> 0xBC23
mem[X,0x000000008003B3EA] -> 0x2620
[10123] [M]: 0x000000008003B3E8 (0x2620BC23) sd sp, 632(ra)
mem[0x0000000080046450] <- 0x0000000000000002
mem[X,0x000000008003B3EC] -> 0x6537
mem[X,0x000000008003B3EE] -> 0x6666
[10124] [M]: 0x000000008003B3EC (0x66666537) lui a0, 419430
x10 <- 0x0000000066666000
mem[X,0x000000008003B3F0] -> 0x0513
mem[X,0x000000008003B3F2] -> 0x6665
[10125] [M]: 0x000000008003B3F0 (0x66650513) addi a0, a0, 1638
x10 <- 0x0000000066666666
mem[X,0x000000008003B3F4] -> 0x1513
mem[X,0x000000008003B3F6] -> 0x00B5
[10126] [M]: 0x000000008003B3F4 (0x00B51513) slli a0, a0, 11
x10 <- 0x0000033333333000
mem[X,0x000000008003B3F8] -> 0x0513
mem[X,0x000000008003B3FA] -> 0x3335
[10127] [M]: 0x000000008003B3F8 (0x33350513) addi a0, a0, 819
x10 <- 0x0000033333333333
mem[X,0x000000008003B3FC] -> 0x1513
mem[X,0x000000008003B3FE] -> 0x00B5
[10128] [M]: 0x000000008003B3FC (0x00B51513) slli a0, a0, 11
x10 <- 0x0019999999999800
mem[X,0x000000008003B400] -> 0x0513
mem[X,0x000000008003B402] -> 0x1995
[10129] [M]: 0x000000008003B400 (0x19950513) addi a0, a0, 409
x10 <- 0x0019999999999999
mem[X,0x000000008003B404] -> 0x1513
mem[X,0x000000008003B406] -> 0x00A5
[10130] [M]: 0x000000008003B404 (0x00A51513) slli a0, a0, 10
x10 <- 0x6666666666666400
mem[X,0x000000008003B408] -> 0x0513
mem[X,0x000000008003B40A] -> 0x2675
[10131] [M]: 0x000000008003B408 (0x26750513) addi a0, a0, 615
x10 <- 0x6666666666666667
mem[X,0x000000008003B40C] -> 0x05B7
mem[X,0x000000008003B40E] -> 0x0000
[10132] [M]: 0x000000008003B40C (0x000005B7) lui a1, 0
x11 <- 0x0000000000000000
mem[X,0x000000008003B410] -> 0x8593
mem[X,0x000000008003B412] -> 0xFFF5
[10133] [M]: 0x000000008003B410 (0xFFF58593) addi a1, a1, 4095
x11 <- 0xFFFFFFFFFFFFFFFF
mem[X,0x000000008003B414] -> 0x9593
mem[X,0x000000008003B416] -> 0x00B5
[10134] [M]: 0x000000008003B414 (0x00B59593) slli a1, a1, 11
x11 <- 0xFFFFFFFFFFFFF800
mem[X,0x000000008003B418] -> 0x8593
mem[X,0x000000008003B41A] -> 0x2575
[10135] [M]: 0x000000008003B418 (0x25758593) addi a1, a1, 599
x11 <- 0xFFFFFFFFFFFFFA57
mem[X,0x000000008003B41C] -> 0x9593
mem[X,0x000000008003B41E] -> 0x00B5
[10136] [M]: 0x000000008003B41C (0x00B59593) slli a1, a1, 11
x11 <- 0xFFFFFFFFFFD2B800
mem[X,0x000000008003B420] -> 0x8593
mem[X,0x000000008003B422] -> 0x6C35
[10137] [M]: 0x000000008003B420 (0x6C358593) addi a1, a1, 1731
x11 <- 0xFFFFFFFFFFD2BEC3
mem[X,0x000000008003B424] -> 0x9593
mem[X,0x000000008003B426] -> 0x00A5
[10138] [M]: 0x000000008003B424 (0x00A59593) slli a1, a1, 10
x11 <- 0xFFFFFFFF4AFB0C00
mem[X,0x000000008003B428] -> 0x8593
mem[X,0x000000008003B42A] -> 0x0CE5
[10139] [M]: 0x000000008003B428 (0x0CE58593) addi a1, a1, 206
x11 <- 0xFFFFFFFF4AFB0CCE
mem[X,0x000000008003B42C] -> 0x0113
mem[X,0x000000008003B42E] -> 0x0000
[10140] [M]: 0x000000008003B42C (0x00000113) addi sp, zero, 0
x2 <- 0x0000000000000000
mem[X,0x000000008003B430] -> 0x006F
mem[X,0x000000008003B432] -> 0x0100
[10141] [M]: 0x000000008003B430 (0x0100006F) jal zero, 16
mem[X,0x000000008003B440] -> 0x1AE3
mem[X,0x000000008003B442] -> 0xFEB5
[10142] [M]: 0x000000008003B440 (0xFEB51AE3) bne a0, a1, 8180
mem[X,0x000000008003B434] -> 0x0113
mem[X,0x000000008003B436] -> 0x0011
[10143] [M]: 0x000000008003B434 (0x00110113) addi sp, sp, 1
x2 <- 0x0000000000000001
mem[X,0x000000008003B438] -> 0x006F
mem[X,0x000000008003B43A] -> 0x01C0
[10144] [M]: 0x000000008003B438 (0x01C0006F) jal zero, 28
mem[X,0x000000008003B454] -> 0xB023
mem[X,0x000000008003B456] -> 0x2820
[10145] [M]: 0x000000008003B454 (0x2820B023) sd sp, 640(ra)
mem[0x0000000080046458] <- 0x0000000000000001
mem[X,0x000000008003B458] -> 0x6537
mem[X,0x000000008003B45A] -> 0x6666
[10146] [M]: 0x000000008003B458 (0x66666537) lui a0, 419430
x10 <- 0x0000000066666000
mem[X,0x000000008003B45C] -> 0x0513
mem[X,0x000000008003B45E] -> 0x6665
[10147] [M]: 0x000000008003B45C (0x66650513) addi a0, a0, 1638
x10 <- 0x0000000066666666
mem[X,0x000000008003B460] -> 0x1513
mem[X,0x000000008003B462] -> 0x00B5
[10148] [M]: 0x000000008003B460 (0x00B51513) slli a0, a0, 11
x10 <- 0x0000033333333000
mem[X,0x000000008003B464] -> 0x0513
mem[X,0x000000008003B466] -> 0x3335
[10149] [M]: 0x000000008003B464 (0x33350513) addi a0, a0, 819
x10 <- 0x0000033333333333
mem[X,0x000000008003B468] -> 0x1513
mem[X,0x000000008003B46A] -> 0x00B5
[10150] [M]: 0x000000008003B468 (0x00B51513) slli a0, a0, 11
x10 <- 0x0019999999999800
mem[X,0x000000008003B46C] -> 0x0513
mem[X,0x000000008003B46E] -> 0x1995
[10151] [M]: 0x000000008003B46C (0x19950513) addi a0, a0, 409
x10 <- 0x0019999999999999
mem[X,0x000000008003B470] -> 0x1513
mem[X,0x000000008003B472] -> 0x00A5
[10152] [M]: 0x000000008003B470 (0x00A51513) slli a0, a0, 10
x10 <- 0x6666666666666400
mem[X,0x000000008003B474] -> 0x0513
mem[X,0x000000008003B476] -> 0x2675
[10153] [M]: 0x000000008003B474 (0x26750513) addi a0, a0, 615
x10 <- 0x6666666666666667
mem[X,0x000000008003B478] -> 0x05B7
mem[X,0x000000008003B47A] -> 0x0000
[10154] [M]: 0x000000008003B478 (0x000005B7) lui a1, 0
x11 <- 0x0000000000000000
mem[X,0x000000008003B47C] -> 0x8593
mem[X,0x000000008003B47E] -> 0x0005
[10155] [M]: 0x000000008003B47C (0x00058593) addi a1, a1, 0
x11 <- 0x0000000000000000
mem[X,0x000000008003B480] -> 0x9593
mem[X,0x000000008003B482] -> 0x00B5
[10156] [M]: 0x000000008003B480 (0x00B59593) slli a1, a1, 11
x11 <- 0x0000000000000000
mem[X,0x000000008003B484] -> 0x8593
mem[X,0x000000008003B486] -> 0x5A85
[10157] [M]: 0x000000008003B484 (0x5A858593) addi a1, a1, 1448
x11 <- 0x00000000000005A8
mem[X,0x000000008003B488] -> 0x9593
mem[X,0x000000008003B48A] -> 0x00B5
[10158] [M]: 0x000000008003B488 (0x00B59593) slli a1, a1, 11
x11 <- 0x00000000002D4000
mem[X,0x000000008003B48C] -> 0x8593
mem[X,0x000000008003B48E] -> 0x13C5
[10159] [M]: 0x000000008003B48C (0x13C58593) addi a1, a1, 316
x11 <- 0x00000000002D413C
mem[X,0x000000008003B490] -> 0x9593
mem[X,0x000000008003B492] -> 0x00A5
[10160] [M]: 0x000000008003B490 (0x00A59593) slli a1, a1, 10
x11 <- 0x00000000B504F000
mem[X,0x000000008003B494] -> 0x8593
mem[X,0x000000008003B496] -> 0x3345
[10161] [M]: 0x000000008003B494 (0x33458593) addi a1, a1, 820
x11 <- 0x00000000B504F334
mem[X,0x000000008003B498] -> 0x0113
mem[X,0x000000008003B49A] -> 0x0000
[10162] [M]: 0x000000008003B498 (0x00000113) addi sp, zero, 0
x2 <- 0x0000000000000000
mem[X,0x000000008003B49C] -> 0x006F
mem[X,0x000000008003B49E] -> 0x00C0
[10163] [M]: 0x000000008003B49C (0x00C0006F) jal zero, 12
mem[X,0x000000008003B4A8] -> 0x1063
mem[X,0x000000008003B4AA] -> 0x20B5
[10164] [M]: 0x000000008003B4A8 (0x20B51063) bne a0, a1, 512
mem[X,0x000000008003B6A8] -> 0x0113
mem[X,0x000000008003B6AA] -> 0x0031
[10165] [M]: 0x000000008003B6A8 (0x00310113) addi sp, sp, 3
x2 <- 0x0000000000000003
mem[X,0x000000008003B6AC] -> 0x006F
mem[X,0x000000008003B6AE] -> 0x0040
[10166] [M]: 0x000000008003B6AC (0x0040006F) jal zero, 4
mem[X,0x000000008003B6B0] -> 0xB423
mem[X,0x000000008003B6B2] -> 0x2820
[10167] [M]: 0x000000008003B6B0 (0x2820B423) sd sp, 648(ra)
mem[0x0000000080046460] <- 0x0000000000000003
mem[X,0x000000008003B6B4] -> 0x0537
mem[X,0x000000008003B6B6] -> 0x0000
[10168] [M]: 0x000000008003B6B4 (0x00000537) lui a0, 0
x10 <- 0x0000000000000000
mem[X,0x000000008003B6B8] -> 0x0513
mem[X,0x000000008003B6BA] -> 0xFFF5
[10169] [M]: 0x000000008003B6B8 (0xFFF50513) addi a0, a0, 4095
x10 <- 0xFFFFFFFFFFFFFFFF
mem[X,0x000000008003B6BC] -> 0x1513
mem[X,0x000000008003B6BE] -> 0x00B5
[10170] [M]: 0x000000008003B6BC (0x00B51513) slli a0, a0, 11
x10 <- 0xFFFFFFFFFFFFF800
mem[X,0x000000008003B6C0] -> 0x0513
mem[X,0x000000008003B6C2] -> 0x2575
[10171] [M]: 0x000000008003B6C0 (0x25750513) addi a0, a0, 599
x10 <- 0xFFFFFFFFFFFFFA57
mem[X,0x000000008003B6C4] -> 0x1513
mem[X,0x000000008003B6C6] -> 0x00B5
[10172] [M]: 0x000000008003B6C4 (0x00B51513) slli a0, a0, 11
x10 <- 0xFFFFFFFFFFD2B800
mem[X,0x000000008003B6C8] -> 0x0513
mem[X,0x000000008003B6CA] -> 0x6C35
[10173] [M]: 0x000000008003B6C8 (0x6C350513) addi a0, a0, 1731
x10 <- 0xFFFFFFFFFFD2BEC3
mem[X,0x000000008003B6CC] -> 0x1513
mem[X,0x000000008003B6CE] -> 0x00A5
[10174] [M]: 0x000000008003B6CC (0x00A51513) slli a0, a0, 10
x10 <- 0xFFFFFFFF4AFB0C00
mem[X,0x000000008003B6D0] -> 0x0513
mem[X,0x000000008003B6D2] -> 0x0CE5
[10175] [M]: 0x000000008003B6D0 (0x0CE50513) addi a0, a0, 206
x10 <- 0xFFFFFFFF4AFB0CCE
mem[X,0x000000008003B6D4] -> 0x0593
mem[X,0x000000008003B6D6] -> 0x0030
[10176] [M]: 0x000000008003B6D4 (0x00300593) addi a1, zero, 3
x11 <- 0x0000000000000003
mem[X,0x000000008003B6D8] -> 0x0113
mem[X,0x000000008003B6DA] -> 0x0000
[10177] [M]: 0x000000008003B6D8 (0x00000113) addi sp, zero, 0
x2 <- 0x0000000000000000
mem[X,0x000000008003B6DC] -> 0x006F
mem[X,0x000000008003B6DE] -> 0x00C0
[10178] [M]: 0x000000008003B6DC (0x00C0006F) jal zero, 12
mem[X,0x000000008003B6E8] -> 0x1063
mem[X,0x000000008003B6EA] -> 0x02B5
[10179] [M]: 0x000000008003B6E8 (0x02B51063) bne a0, a1, 32
mem[X,0x000000008003B708] -> 0x0113
mem[X,0x000000008003B70A] -> 0x0031
[10180] [M]: 0x000000008003B708 (0x00310113) addi sp, sp, 3
x2 <- 0x0000000000000003
mem[X,0x000000008003B70C] -> 0x006F
mem[X,0x000000008003B70E] -> 0x0040
[10181] [M]: 0x000000008003B70C (0x0040006F) jal zero, 4
mem[X,0x000000008003B710] -> 0xB823
mem[X,0x000000008003B712] -> 0x2820
[10182] [M]: 0x000000008003B710 (0x2820B823) sd sp, 656(ra)
mem[0x0000000080046468] <- 0x0000000000000003
mem[X,0x000000008003B714] -> 0x0537
mem[X,0x000000008003B716] -> 0x0000
[10183] [M]: 0x000000008003B714 (0x00000537) lui a0, 0
x10 <- 0x0000000000000000
mem[X,0x000000008003B718] -> 0x0513
mem[X,0x000000008003B71A] -> 0xFFF5
[10184] [M]: 0x000000008003B718 (0xFFF50513) addi a0, a0, 4095
x10 <- 0xFFFFFFFFFFFFFFFF
mem[X,0x000000008003B71C] -> 0x1513
mem[X,0x000000008003B71E] -> 0x00B5
[10185] [M]: 0x000000008003B71C (0x00B51513) slli a0, a0, 11
x10 <- 0xFFFFFFFFFFFFF800
mem[X,0x000000008003B720] -> 0x0513
mem[X,0x000000008003B722] -> 0x2575
[10186] [M]: 0x000000008003B720 (0x25750513) addi a0, a0, 599
x10 <- 0xFFFFFFFFFFFFFA57
mem[X,0x000000008003B724] -> 0x1513
mem[X,0x000000008003B726] -> 0x00B5
[10187] [M]: 0x000000008003B724 (0x00B51513) slli a0, a0, 11
x10 <- 0xFFFFFFFFFFD2B800
mem[X,0x000000008003B728] -> 0x0513
mem[X,0x000000008003B72A] -> 0x6C35
[10188] [M]: 0x000000008003B728 (0x6C350513) addi a0, a0, 1731
x10 <- 0xFFFFFFFFFFD2BEC3
mem[X,0x000000008003B72C] -> 0x1513
mem[X,0x000000008003B72E] -> 0x00A5
[10189] [M]: 0x000000008003B72C (0x00A51513) slli a0, a0, 10
x10 <- 0xFFFFFFFF4AFB0C00
mem[X,0x000000008003B730] -> 0x0513
mem[X,0x000000008003B732] -> 0x0CE5
[10190] [M]: 0x000000008003B730 (0x0CE50513) addi a0, a0, 206
x10 <- 0xFFFFFFFF4AFB0CCE
mem[X,0x000000008003B734] -> 0x55B7
mem[X,0x000000008003B736] -> 0x5555
[10191] [M]: 0x000000008003B734 (0x555555B7) lui a1, 349525
x11 <- 0x0000000055555000
mem[X,0x000000008003B738] -> 0x8593
mem[X,0x000000008003B73A] -> 0x5555
[10192] [M]: 0x000000008003B738 (0x55558593) addi a1, a1, 1365
x11 <- 0x0000000055555555
mem[X,0x000000008003B73C] -> 0x9593
mem[X,0x000000008003B73E] -> 0x00B5
[10193] [M]: 0x000000008003B73C (0x00B59593) slli a1, a1, 11
x11 <- 0x000002AAAAAAA800
mem[X,0x000000008003B740] -> 0x8593
mem[X,0x000000008003B742] -> 0x2AA5
[10194] [M]: 0x000000008003B740 (0x2AA58593) addi a1, a1, 682
x11 <- 0x000002AAAAAAAAAA
mem[X,0x000000008003B744] -> 0x9593
mem[X,0x000000008003B746] -> 0x00B5
[10195] [M]: 0x000000008003B744 (0x00B59593) slli a1, a1, 11
x11 <- 0x0015555555555000
mem[X,0x000000008003B748] -> 0x8593
mem[X,0x000000008003B74A] -> 0x5555
[10196] [M]: 0x000000008003B748 (0x55558593) addi a1, a1, 1365
x11 <- 0x0015555555555555
mem[X,0x000000008003B74C] -> 0x9593
mem[X,0x000000008003B74E] -> 0x00A5
[10197] [M]: 0x000000008003B74C (0x00A59593) slli a1, a1, 10
x11 <- 0x5555555555555400
mem[X,0x000000008003B750] -> 0x8593
mem[X,0x000000008003B752] -> 0x1555
[10198] [M]: 0x000000008003B750 (0x15558593) addi a1, a1, 341
x11 <- 0x5555555555555555
mem[X,0x000000008003B754] -> 0x0113
mem[X,0x000000008003B756] -> 0x0000
[10199] [M]: 0x000000008003B754 (0x00000113) addi sp, zero, 0
x2 <- 0x0000000000000000
clint::tick mtime <- 0x0000000000000066
 clint timer pending at mtime 0x0000000000000066
htif::tick 0x0000000000000000
mem[X,0x000000008003B758] -> 0x006F
mem[X,0x000000008003B75A] -> 0x0050
[10200] [M]: 0x000000008003B758 (0x0050006F) jal zero, 2052
mem[X,0x000000008003BF5C] -> 0x10E3
mem[X,0x000000008003BF5E] -> 0x80B5
[10201] [M]: 0x000000008003BF5C (0x80B510E3) bne a0, a1, 6144
mem[X,0x000000008003B75C] -> 0x0113
mem[X,0x000000008003B75E] -> 0x0011
[10202] [M]: 0x000000008003B75C (0x00110113) addi sp, sp, 1
x2 <- 0x0000000000000001
mem[X,0x000000008003B760] -> 0x006F
mem[X,0x000000008003B762] -> 0x0110
[10203] [M]: 0x000000008003B760 (0x0110006F) jal zero, 2064
mem[X,0x000000008003BF70] -> 0xBC23
mem[X,0x000000008003BF72] -> 0x2820
[10204] [M]: 0x000000008003BF70 (0x2820BC23) sd sp, 664(ra)
mem[0x0000000080046470] <- 0x0000000000000001
mem[X,0x000000008003BF74] -> 0x0537
mem[X,0x000000008003BF76] -> 0x0000
[10205] [M]: 0x000000008003BF74 (0x00000537) lui a0, 0
x10 <- 0x0000000000000000
mem[X,0x000000008003BF78] -> 0x0513
mem[X,0x000000008003BF7A] -> 0xFFF5
[10206] [M]: 0x000000008003BF78 (0xFFF50513) addi a0, a0, 4095
x10 <- 0xFFFFFFFFFFFFFFFF
mem[X,0x000000008003BF7C] -> 0x1513
mem[X,0x000000008003BF7E] -> 0x00B5
[10207] [M]: 0x000000008003BF7C (0x00B51513) slli a0, a0, 11
x10 <- 0xFFFFFFFFFFFFF800
mem[X,0x000000008003BF80] -> 0x0513
mem[X,0x000000008003BF82] -> 0x2575
[10208] [M]: 0x000000008003BF80 (0x25750513) addi a0, a0, 599
x10 <- 0xFFFFFFFFFFFFFA57
mem[X,0x000000008003BF84] -> 0x1513
mem[X,0x000000008003BF86] -> 0x00B5
[10209] [M]: 0x000000008003BF84 (0x00B51513) slli a0, a0, 11
x10 <- 0xFFFFFFFFFFD2B800
mem[X,0x000000008003BF88] -> 0x0513
mem[X,0x000000008003BF8A] -> 0x6C35
[10210] [M]: 0x000000008003BF88 (0x6C350513) addi a0, a0, 1731
x10 <- 0xFFFFFFFFFFD2BEC3
mem[X,0x000000008003BF8C] -> 0x1513
mem[X,0x000000008003BF8E] -> 0x00A5
[10211] [M]: 0x000000008003BF8C (0x00A51513) slli a0, a0, 10
x10 <- 0xFFFFFFFF4AFB0C00
mem[X,0x000000008003BF90] -> 0x0513
mem[X,0x000000008003BF92] -> 0x0CE5
[10212] [M]: 0x000000008003BF90 (0x0CE50513) addi a0, a0, 206
x10 <- 0xFFFFFFFF4AFB0CCE
mem[X,0x000000008003BF94] -> 0xB5B7
mem[X,0x000000008003BF96] -> 0xAAAA
[10213] [M]: 0x000000008003BF94 (0xAAAAB5B7) lui a1, 699051
x11 <- 0xFFFFFFFFAAAAB000
mem[X,0x000000008003BF98] -> 0x8593
mem[X,0x000000008003BF9A] -> 0xAAA5
[10214] [M]: 0x000000008003BF98 (0xAAA58593) addi a1, a1, 2730
x11 <- 0xFFFFFFFFAAAAAAAA
mem[X,0x000000008003BF9C] -> 0x9593
mem[X,0x000000008003BF9E] -> 0x00B5
[10215] [M]: 0x000000008003BF9C (0x00B59593) slli a1, a1, 11
x11 <- 0xFFFFFD5555555000
mem[X,0x000000008003BFA0] -> 0x8593
mem[X,0x000000008003BFA2] -> 0x5555
[10216] [M]: 0x000000008003BFA0 (0x55558593) addi a1, a1, 1365
x11 <- 0xFFFFFD5555555555
mem[X,0x000000008003BFA4] -> 0x9593
mem[X,0x000000008003BFA6] -> 0x00B5
[10217] [M]: 0x000000008003BFA4 (0x00B59593) slli a1, a1, 11
x11 <- 0xFFEAAAAAAAAAA800
mem[X,0x000000008003BFA8] -> 0x8593
mem[X,0x000000008003BFAA] -> 0x2AA5
[10218] [M]: 0x000000008003BFA8 (0x2AA58593) addi a1, a1, 682
x11 <- 0xFFEAAAAAAAAAAAAA
mem[X,0x000000008003BFAC] -> 0x9593
mem[X,0x000000008003BFAE] -> 0x00A5
[10219] [M]: 0x000000008003BFAC (0x00A59593) slli a1, a1, 10
x11 <- 0xAAAAAAAAAAAAA800
mem[X,0x000000008003BFB0] -> 0x8593
mem[X,0x000000008003BFB2] -> 0x2AA5
[10220] [M]: 0x000000008003BFB0 (0x2AA58593) addi a1, a1, 682
x11 <- 0xAAAAAAAAAAAAAAAA
mem[X,0x000000008003BFB4] -> 0x0113
mem[X,0x000000008003BFB6] -> 0x0000
[10221] [M]: 0x000000008003BFB4 (0x00000113) addi sp, zero, 0
x2 <- 0x0000000000000000
mem[X,0x000000008003BFB8] -> 0x006F
mem[X,0x000000008003BFBA] -> 0x2B10
[10222] [M]: 0x000000008003BFB8 (0x2B10006F) jal zero, 2736
mem[X,0x000000008003CA68] -> 0x1A63
mem[X,0x000000008003CA6A] -> 0xD4B5
[10223] [M]: 0x000000008003CA68 (0xD4B51A63) bne a0, a1, 5460
mem[X,0x000000008003BFBC] -> 0x0113
mem[X,0x000000008003BFBE] -> 0x0011
[10224] [M]: 0x000000008003BFBC (0x00110113) addi sp, sp, 1
x2 <- 0x0000000000000001
mem[X,0x000000008003BFC0] -> 0x006F
mem[X,0x000000008003BFC2] -> 0x2BD0
[10225] [M]: 0x000000008003BFC0 (0x2BD0006F) jal zero, 2748
mem[X,0x000000008003CA7C] -> 0xB023
mem[X,0x000000008003CA7E] -> 0x2A20
[10226] [M]: 0x000000008003CA7C (0x2A20B023) sd sp, 672(ra)
mem[0x0000000080046478] <- 0x0000000000000001
mem[X,0x000000008003CA80] -> 0x0537
mem[X,0x000000008003CA82] -> 0x0000
[10227] [M]: 0x000000008003CA80 (0x00000537) lui a0, 0
x10 <- 0x0000000000000000
mem[X,0x000000008003CA84] -> 0x0513
mem[X,0x000000008003CA86] -> 0xFFF5
[10228] [M]: 0x000000008003CA84 (0xFFF50513) addi a0, a0, 4095
x10 <- 0xFFFFFFFFFFFFFFFF
mem[X,0x000000008003CA88] -> 0x1513
mem[X,0x000000008003CA8A] -> 0x00B5
[10229] [M]: 0x000000008003CA88 (0x00B51513) slli a0, a0, 11
x10 <- 0xFFFFFFFFFFFFF800
mem[X,0x000000008003CA8C] -> 0x0513
mem[X,0x000000008003CA8E] -> 0x2575
[10230] [M]: 0x000000008003CA8C (0x25750513) addi a0, a0, 599
x10 <- 0xFFFFFFFFFFFFFA57
mem[X,0x000000008003CA90] -> 0x1513
mem[X,0x000000008003CA92] -> 0x00B5
[10231] [M]: 0x000000008003CA90 (0x00B51513) slli a0, a0, 11
x10 <- 0xFFFFFFFFFFD2B800
mem[X,0x000000008003CA94] -> 0x0513
mem[X,0x000000008003CA96] -> 0x6C35
[10232] [M]: 0x000000008003CA94 (0x6C350513) addi a0, a0, 1731
x10 <- 0xFFFFFFFFFFD2BEC3
mem[X,0x000000008003CA98] -> 0x1513
mem[X,0x000000008003CA9A] -> 0x00A5
[10233] [M]: 0x000000008003CA98 (0x00A51513) slli a0, a0, 10
x10 <- 0xFFFFFFFF4AFB0C00
mem[X,0x000000008003CA9C] -> 0x0513
mem[X,0x000000008003CA9E] -> 0x0CE5
[10234] [M]: 0x000000008003CA9C (0x0CE50513) addi a0, a0, 206
x10 <- 0xFFFFFFFF4AFB0CCE
mem[X,0x000000008003CAA0] -> 0x0593
mem[X,0x000000008003CAA2] -> 0x0050
[10235] [M]: 0x000000008003CAA0 (0x00500593) addi a1, zero, 5
x11 <- 0x0000000000000005
mem[X,0x000000008003CAA4] -> 0x0113
mem[X,0x000000008003CAA6] -> 0x0000
[10236] [M]: 0x000000008003CAA4 (0x00000113) addi sp, zero, 0
x2 <- 0x0000000000000000
mem[X,0x000000008003CAA8] -> 0x006F
mem[X,0x000000008003CAAA] -> 0x00C0
[10237] [M]: 0x000000008003CAA8 (0x00C0006F) jal zero, 12
mem[X,0x000000008003CAB4] -> 0x1663
mem[X,0x000000008003CAB6] -> 0x00B5
[10238] [M]: 0x000000008003CAB4 (0x00B51663) bne a0, a1, 12
mem[X,0x000000008003CAC0] -> 0x0113
mem[X,0x000000008003CAC2] -> 0x0031
[10239] [M]: 0x000000008003CAC0 (0x00310113) addi sp, sp, 3
x2 <- 0x0000000000000003
mem[X,0x000000008003CAC4] -> 0x006F
mem[X,0x000000008003CAC6] -> 0x0040
[10240] [M]: 0x000000008003CAC4 (0x0040006F) jal zero, 4
mem[X,0x000000008003CAC8] -> 0xB423
mem[X,0x000000008003CACA] -> 0x2A20
[10241] [M]: 0x000000008003CAC8 (0x2A20B423) sd sp, 680(ra)
mem[0x0000000080046480] <- 0x0000000000000003
mem[X,0x000000008003CACC] -> 0x0537
mem[X,0x000000008003CACE] -> 0x0000
[10242] [M]: 0x000000008003CACC (0x00000537) lui a0, 0
x10 <- 0x0000000000000000
mem[X,0x000000008003CAD0] -> 0x0513
mem[X,0x000000008003CAD2] -> 0xFFF5
[10243] [M]: 0x000000008003CAD0 (0xFFF50513) addi a0, a0, 4095
x10 <- 0xFFFFFFFFFFFFFFFF
mem[X,0x000000008003CAD4] -> 0x1513
mem[X,0x000000008003CAD6] -> 0x00B5
[10244] [M]: 0x000000008003CAD4 (0x00B51513) slli a0, a0, 11
x10 <- 0xFFFFFFFFFFFFF800
mem[X,0x000000008003CAD8] -> 0x0513
mem[X,0x000000008003CADA] -> 0x2575
[10245] [M]: 0x000000008003CAD8 (0x25750513) addi a0, a0, 599
x10 <- 0xFFFFFFFFFFFFFA57
mem[X,0x000000008003CADC] -> 0x1513
mem[X,0x000000008003CADE] -> 0x00B5
[10246] [M]: 0x000000008003CADC (0x00B51513) slli a0, a0, 11
x10 <- 0xFFFFFFFFFFD2B800
mem[X,0x000000008003CAE0] -> 0x0513
mem[X,0x000000008003CAE2] -> 0x6C35
[10247] [M]: 0x000000008003CAE0 (0x6C350513) addi a0, a0, 1731
x10 <- 0xFFFFFFFFFFD2BEC3
mem[X,0x000000008003CAE4] -> 0x1513
mem[X,0x000000008003CAE6] -> 0x00A5
[10248] [M]: 0x000000008003CAE4 (0x00A51513) slli a0, a0, 10
x10 <- 0xFFFFFFFF4AFB0C00
mem[X,0x000000008003CAE8] -> 0x0513
mem[X,0x000000008003CAEA] -> 0x0CE5
[10249] [M]: 0x000000008003CAE8 (0x0CE50513) addi a0, a0, 206
x10 <- 0xFFFFFFFF4AFB0CCE
mem[X,0x000000008003CAEC] -> 0x35B7
mem[X,0x000000008003CAEE] -> 0x3333
[10250] [M]: 0x000000008003CAEC (0x333335B7) lui a1, 209715
x11 <- 0x0000000033333000
mem[X,0x000000008003CAF0] -> 0x8593
mem[X,0x000000008003CAF2] -> 0x3335
[10251] [M]: 0x000000008003CAF0 (0x33358593) addi a1, a1, 819
x11 <- 0x0000000033333333
mem[X,0x000000008003CAF4] -> 0x9593
mem[X,0x000000008003CAF6] -> 0x00B5
[10252] [M]: 0x000000008003CAF4 (0x00B59593) slli a1, a1, 11
x11 <- 0x0000019999999800
mem[X,0x000000008003CAF8] -> 0x8593
mem[X,0x000000008003CAFA] -> 0x1995
[10253] [M]: 0x000000008003CAF8 (0x19958593) addi a1, a1, 409
x11 <- 0x0000019999999999
mem[X,0x000000008003CAFC] -> 0x9593
mem[X,0x000000008003CAFE] -> 0x00B5
[10254] [M]: 0x000000008003CAFC (0x00B59593) slli a1, a1, 11
x11 <- 0x000CCCCCCCCCC800
mem[X,0x000000008003CB00] -> 0x8593
mem[X,0x000000008003CB02] -> 0x4CC5
[10255] [M]: 0x000000008003CB00 (0x4CC58593) addi a1, a1, 1228
x11 <- 0x000CCCCCCCCCCCCC
mem[X,0x000000008003CB04] -> 0x9593
mem[X,0x000000008003CB06] -> 0x00A5
[10256] [M]: 0x000000008003CB04 (0x00A59593) slli a1, a1, 10
x11 <- 0x3333333333333000
mem[X,0x000000008003CB08] -> 0x8593
mem[X,0x000000008003CB0A] -> 0x3335
[10257] [M]: 0x000000008003CB08 (0x33358593) addi a1, a1, 819
x11 <- 0x3333333333333333
mem[X,0x000000008003CB0C] -> 0x0113
mem[X,0x000000008003CB0E] -> 0x0000
[10258] [M]: 0x000000008003CB0C (0x00000113) addi sp, zero, 0
x2 <- 0x0000000000000000
mem[X,0x000000008003CB10] -> 0x006F
mem[X,0x000000008003CB12] -> 0x2B10
[10259] [M]: 0x000000008003CB10 (0x2B10006F) jal zero, 2736
mem[X,0x000000008003D5C0] -> 0x1A63
mem[X,0x000000008003D5C2] -> 0xD4B5
[10260] [M]: 0x000000008003D5C0 (0xD4B51A63) bne a0, a1, 5460
mem[X,0x000000008003CB14] -> 0x0113
mem[X,0x000000008003CB16] -> 0x0011
[10261] [M]: 0x000000008003CB14 (0x00110113) addi sp, sp, 1
x2 <- 0x0000000000000001
mem[X,0x000000008003CB18] -> 0x006F
mem[X,0x000000008003CB1A] -> 0x2BD0
[10262] [M]: 0x000000008003CB18 (0x2BD0006F) jal zero, 2748
mem[X,0x000000008003D5D4] -> 0xB823
mem[X,0x000000008003D5D6] -> 0x2A20
[10263] [M]: 0x000000008003D5D4 (0x2A20B823) sd sp, 688(ra)
mem[0x0000000080046488] <- 0x0000000000000001
mem[X,0x000000008003D5D8] -> 0x0537
mem[X,0x000000008003D5DA] -> 0x0000
[10264] [M]: 0x000000008003D5D8 (0x00000537) lui a0, 0
x10 <- 0x0000000000000000
mem[X,0x000000008003D5DC] -> 0x0513
mem[X,0x000000008003D5DE] -> 0xFFF5
[10265] [M]: 0x000000008003D5DC (0xFFF50513) addi a0, a0, 4095
x10 <- 0xFFFFFFFFFFFFFFFF
mem[X,0x000000008003D5E0] -> 0x1513
mem[X,0x000000008003D5E2] -> 0x00B5
[10266] [M]: 0x000000008003D5E0 (0x00B51513) slli a0, a0, 11
x10 <- 0xFFFFFFFFFFFFF800
mem[X,0x000000008003D5E4] -> 0x0513
mem[X,0x000000008003D5E6] -> 0x2575
[10267] [M]: 0x000000008003D5E4 (0x25750513) addi a0, a0, 599
x10 <- 0xFFFFFFFFFFFFFA57
mem[X,0x000000008003D5E8] -> 0x1513
mem[X,0x000000008003D5EA] -> 0x00B5
[10268] [M]: 0x000000008003D5E8 (0x00B51513) slli a0, a0, 11
x10 <- 0xFFFFFFFFFFD2B800
mem[X,0x000000008003D5EC] -> 0x0513
mem[X,0x000000008003D5EE] -> 0x6C35
[10269] [M]: 0x000000008003D5EC (0x6C350513) addi a0, a0, 1731
x10 <- 0xFFFFFFFFFFD2BEC3
mem[X,0x000000008003D5F0] -> 0x1513
mem[X,0x000000008003D5F2] -> 0x00A5
[10270] [M]: 0x000000008003D5F0 (0x00A51513) slli a0, a0, 10
x10 <- 0xFFFFFFFF4AFB0C00
mem[X,0x000000008003D5F4] -> 0x0513
mem[X,0x000000008003D5F6] -> 0x0CE5
[10271] [M]: 0x000000008003D5F4 (0x0CE50513) addi a0, a0, 206
x10 <- 0xFFFFFFFF4AFB0CCE
mem[X,0x000000008003D5F8] -> 0x65B7
mem[X,0x000000008003D5FA] -> 0x6666
[10272] [M]: 0x000000008003D5F8 (0x666665B7) lui a1, 419430
x11 <- 0x0000000066666000
mem[X,0x000000008003D5FC] -> 0x8593
mem[X,0x000000008003D5FE] -> 0x6665
[10273] [M]: 0x000000008003D5FC (0x66658593) addi a1, a1, 1638
x11 <- 0x0000000066666666
mem[X,0x000000008003D600] -> 0x9593
mem[X,0x000000008003D602] -> 0x00B5
[10274] [M]: 0x000000008003D600 (0x00B59593) slli a1, a1, 11
x11 <- 0x0000033333333000
mem[X,0x000000008003D604] -> 0x8593
mem[X,0x000000008003D606] -> 0x3335
[10275] [M]: 0x000000008003D604 (0x33358593) addi a1, a1, 819
x11 <- 0x0000033333333333
mem[X,0x000000008003D608] -> 0x9593
mem[X,0x000000008003D60A] -> 0x00B5
[10276] [M]: 0x000000008003D608 (0x00B59593) slli a1, a1, 11
x11 <- 0x0019999999999800
mem[X,0x000000008003D60C] -> 0x8593
mem[X,0x000000008003D60E] -> 0x1995
[10277] [M]: 0x000000008003D60C (0x19958593) addi a1, a1, 409
x11 <- 0x0019999999999999
mem[X,0x000000008003D610] -> 0x9593
mem[X,0x000000008003D612] -> 0x00A5
[10278] [M]: 0x000000008003D610 (0x00A59593) slli a1, a1, 10
x11 <- 0x6666666666666400
mem[X,0x000000008003D614] -> 0x8593
mem[X,0x000000008003D616] -> 0x2665
[10279] [M]: 0x000000008003D614 (0x26658593) addi a1, a1, 614
x11 <- 0x6666666666666666
mem[X,0x000000008003D618] -> 0x0113
mem[X,0x000000008003D61A] -> 0x0000
[10280] [M]: 0x000000008003D618 (0x00000113) addi sp, zero, 0
x2 <- 0x0000000000000000
mem[X,0x000000008003D61C] -> 0x006F
mem[X,0x000000008003D61E] -> 0x2B10
[10281] [M]: 0x000000008003D61C (0x2B10006F) jal zero, 2736
mem[X,0x000000008003E0CC] -> 0x1A63
mem[X,0x000000008003E0CE] -> 0xD4B5
[10282] [M]: 0x000000008003E0CC (0xD4B51A63) bne a0, a1, 5460
mem[X,0x000000008003D620] -> 0x0113
mem[X,0x000000008003D622] -> 0x0011
[10283] [M]: 0x000000008003D620 (0x00110113) addi sp, sp, 1
x2 <- 0x0000000000000001
mem[X,0x000000008003D624] -> 0x006F
mem[X,0x000000008003D626] -> 0x2BD0
[10284] [M]: 0x000000008003D624 (0x2BD0006F) jal zero, 2748
mem[X,0x000000008003E0E0] -> 0xBC23
mem[X,0x000000008003E0E2] -> 0x2A20
[10285] [M]: 0x000000008003E0E0 (0x2A20BC23) sd sp, 696(ra)
mem[0x0000000080046490] <- 0x0000000000000001
mem[X,0x000000008003E0E4] -> 0x0537
mem[X,0x000000008003E0E6] -> 0x0000
[10286] [M]: 0x000000008003E0E4 (0x00000537) lui a0, 0
x10 <- 0x0000000000000000
mem[X,0x000000008003E0E8] -> 0x0513
mem[X,0x000000008003E0EA] -> 0xFFF5
[10287] [M]: 0x000000008003E0E8 (0xFFF50513) addi a0, a0, 4095
x10 <- 0xFFFFFFFFFFFFFFFF
mem[X,0x000000008003E0EC] -> 0x1513
mem[X,0x000000008003E0EE] -> 0x00B5
[10288] [M]: 0x000000008003E0EC (0x00B51513) slli a0, a0, 11
x10 <- 0xFFFFFFFFFFFFF800
mem[X,0x000000008003E0F0] -> 0x0513
mem[X,0x000000008003E0F2] -> 0x2575
[10289] [M]: 0x000000008003E0F0 (0x25750513) addi a0, a0, 599
x10 <- 0xFFFFFFFFFFFFFA57
mem[X,0x000000008003E0F4] -> 0x1513
mem[X,0x000000008003E0F6] -> 0x00B5
[10290] [M]: 0x000000008003E0F4 (0x00B51513) slli a0, a0, 11
x10 <- 0xFFFFFFFFFFD2B800
mem[X,0x000000008003E0F8] -> 0x0513
mem[X,0x000000008003E0FA] -> 0x6C35
[10291] [M]: 0x000000008003E0F8 (0x6C350513) addi a0, a0, 1731
x10 <- 0xFFFFFFFFFFD2BEC3
mem[X,0x000000008003E0FC] -> 0x1513
mem[X,0x000000008003E0FE] -> 0x00A5
[10292] [M]: 0x000000008003E0FC (0x00A51513) slli a0, a0, 10
x10 <- 0xFFFFFFFF4AFB0C00
mem[X,0x000000008003E100] -> 0x0513
mem[X,0x000000008003E102] -> 0x0CE5
[10293] [M]: 0x000000008003E100 (0x0CE50513) addi a0, a0, 206
x10 <- 0xFFFFFFFF4AFB0CCE
mem[X,0x000000008003E104] -> 0x05B7
mem[X,0x000000008003E106] -> 0x0000
[10294] [M]: 0x000000008003E104 (0x000005B7) lui a1, 0
x11 <- 0x0000000000000000
mem[X,0x000000008003E108] -> 0x8593
mem[X,0x000000008003E10A] -> 0xFFF5
[10295] [M]: 0x000000008003E108 (0xFFF58593) addi a1, a1, 4095
x11 <- 0xFFFFFFFFFFFFFFFF
mem[X,0x000000008003E10C] -> 0x9593
mem[X,0x000000008003E10E] -> 0x00B5
[10296] [M]: 0x000000008003E10C (0x00B59593) slli a1, a1, 11
x11 <- 0xFFFFFFFFFFFFF800
mem[X,0x000000008003E110] -> 0x8593
mem[X,0x000000008003E112] -> 0x2575
[10297] [M]: 0x000000008003E110 (0x25758593) addi a1, a1, 599
x11 <- 0xFFFFFFFFFFFFFA57
mem[X,0x000000008003E114] -> 0x9593
mem[X,0x000000008003E116] -> 0x00B5
[10298] [M]: 0x000000008003E114 (0x00B59593) slli a1, a1, 11
x11 <- 0xFFFFFFFFFFD2B800
mem[X,0x000000008003E118] -> 0x8593
mem[X,0x000000008003E11A] -> 0x6C35
[10299] [M]: 0x000000008003E118 (0x6C358593) addi a1, a1, 1731
x11 <- 0xFFFFFFFFFFD2BEC3
clint::tick mtime <- 0x0000000000000067
 clint timer pending at mtime 0x0000000000000067
htif::tick 0x0000000000000000
mem[X,0x000000008003E11C] -> 0x9593
mem[X,0x000000008003E11E] -> 0x00A5
[10300] [M]: 0x000000008003E11C (0x00A59593) slli a1, a1, 10
x11 <- 0xFFFFFFFF4AFB0C00
mem[X,0x000000008003E120] -> 0x8593
mem[X,0x000000008003E122] -> 0x0CD5
[10301] [M]: 0x000000008003E120 (0x0CD58593) addi a1, a1, 205
x11 <- 0xFFFFFFFF4AFB0CCD
mem[X,0x000000008003E124] -> 0x0113
mem[X,0x000000008003E126] -> 0x0000
[10302] [M]: 0x000000008003E124 (0x00000113) addi sp, zero, 0
x2 <- 0x0000000000000000
mem[X,0x000000008003E128] -> 0x006F
mem[X,0x000000008003E12A] -> 0x00C0
[10303] [M]: 0x000000008003E128 (0x00C0006F) jal zero, 12
mem[X,0x000000008003E134] -> 0x1663
mem[X,0x000000008003E136] -> 0x00B5
[10304] [M]: 0x000000008003E134 (0x00B51663) bne a0, a1, 12
mem[X,0x000000008003E140] -> 0x0113
mem[X,0x000000008003E142] -> 0x0031
[10305] [M]: 0x000000008003E140 (0x00310113) addi sp, sp, 3
x2 <- 0x0000000000000003
mem[X,0x000000008003E144] -> 0x006F
mem[X,0x000000008003E146] -> 0x0040
[10306] [M]: 0x000000008003E144 (0x0040006F) jal zero, 4
mem[X,0x000000008003E148] -> 0xB023
mem[X,0x000000008003E14A] -> 0x2C20
[10307] [M]: 0x000000008003E148 (0x2C20B023) sd sp, 704(ra)
mem[0x0000000080046498] <- 0x0000000000000003
mem[X,0x000000008003E14C] -> 0x0537
mem[X,0x000000008003E14E] -> 0x0000
[10308] [M]: 0x000000008003E14C (0x00000537) lui a0, 0
x10 <- 0x0000000000000000
mem[X,0x000000008003E150] -> 0x0513
mem[X,0x000000008003E152] -> 0xFFF5
[10309] [M]: 0x000000008003E150 (0xFFF50513) addi a0, a0, 4095
x10 <- 0xFFFFFFFFFFFFFFFF
mem[X,0x000000008003E154] -> 0x1513
mem[X,0x000000008003E156] -> 0x00B5
[10310] [M]: 0x000000008003E154 (0x00B51513) slli a0, a0, 11
x10 <- 0xFFFFFFFFFFFFF800
mem[X,0x000000008003E158] -> 0x0513
mem[X,0x000000008003E15A] -> 0x2575
[10311] [M]: 0x000000008003E158 (0x25750513) addi a0, a0, 599
x10 <- 0xFFFFFFFFFFFFFA57
mem[X,0x000000008003E15C] -> 0x1513
mem[X,0x000000008003E15E] -> 0x00B5
[10312] [M]: 0x000000008003E15C (0x00B51513) slli a0, a0, 11
x10 <- 0xFFFFFFFFFFD2B800
mem[X,0x000000008003E160] -> 0x0513
mem[X,0x000000008003E162] -> 0x6C35
[10313] [M]: 0x000000008003E160 (0x6C350513) addi a0, a0, 1731
x10 <- 0xFFFFFFFFFFD2BEC3
mem[X,0x000000008003E164] -> 0x1513
mem[X,0x000000008003E166] -> 0x00A5
[10314] [M]: 0x000000008003E164 (0x00A51513) slli a0, a0, 10
x10 <- 0xFFFFFFFF4AFB0C00
mem[X,0x000000008003E168] -> 0x0513
mem[X,0x000000008003E16A] -> 0x0CE5
[10315] [M]: 0x000000008003E168 (0x0CE50513) addi a0, a0, 206
x10 <- 0xFFFFFFFF4AFB0CCE
mem[X,0x000000008003E16C] -> 0x05B7
mem[X,0x000000008003E16E] -> 0x0000
[10316] [M]: 0x000000008003E16C (0x000005B7) lui a1, 0
x11 <- 0x0000000000000000
mem[X,0x000000008003E170] -> 0x8593
mem[X,0x000000008003E172] -> 0x0005
[10317] [M]: 0x000000008003E170 (0x00058593) addi a1, a1, 0
x11 <- 0x0000000000000000
mem[X,0x000000008003E174] -> 0x9593
mem[X,0x000000008003E176] -> 0x00B5
[10318] [M]: 0x000000008003E174 (0x00B59593) slli a1, a1, 11
x11 <- 0x0000000000000000
mem[X,0x000000008003E178] -> 0x8593
mem[X,0x000000008003E17A] -> 0x5A85
[10319] [M]: 0x000000008003E178 (0x5A858593) addi a1, a1, 1448
x11 <- 0x00000000000005A8
mem[X,0x000000008003E17C] -> 0x9593
mem[X,0x000000008003E17E] -> 0x00B5
[10320] [M]: 0x000000008003E17C (0x00B59593) slli a1, a1, 11
x11 <- 0x00000000002D4000
mem[X,0x000000008003E180] -> 0x8593
mem[X,0x000000008003E182] -> 0x13C5
[10321] [M]: 0x000000008003E180 (0x13C58593) addi a1, a1, 316
x11 <- 0x00000000002D413C
mem[X,0x000000008003E184] -> 0x9593
mem[X,0x000000008003E186] -> 0x00A5
[10322] [M]: 0x000000008003E184 (0x00A59593) slli a1, a1, 10
x11 <- 0x00000000B504F000
mem[X,0x000000008003E188] -> 0x8593
mem[X,0x000000008003E18A] -> 0x3335
[10323] [M]: 0x000000008003E188 (0x33358593) addi a1, a1, 819
x11 <- 0x00000000B504F333
mem[X,0x000000008003E18C] -> 0x0113
mem[X,0x000000008003E18E] -> 0x0000
[10324] [M]: 0x000000008003E18C (0x00000113) addi sp, zero, 0
x2 <- 0x0000000000000000
mem[X,0x000000008003E190] -> 0x006F
mem[X,0x000000008003E192] -> 0x00C0
[10325] [M]: 0x000000008003E190 (0x00C0006F) jal zero, 12
mem[X,0x000000008003E19C] -> 0x1CE3
mem[X,0x000000008003E19E] -> 0xFEB5
[10326] [M]: 0x000000008003E19C (0xFEB51CE3) bne a0, a1, 8184
mem[X,0x000000008003E194] -> 0x0113
mem[X,0x000000008003E196] -> 0x0011
[10327] [M]: 0x000000008003E194 (0x00110113) addi sp, sp, 1
x2 <- 0x0000000000000001
mem[X,0x000000008003E198] -> 0x006F
mem[X,0x000000008003E19A] -> 0x0180
[10328] [M]: 0x000000008003E198 (0x0180006F) jal zero, 24
mem[X,0x000000008003E1B0] -> 0xB423
mem[X,0x000000008003E1B2] -> 0x2C20
[10329] [M]: 0x000000008003E1B0 (0x2C20B423) sd sp, 712(ra)
mem[0x00000000800464A0] <- 0x0000000000000001
mem[X,0x000000008003E1B4] -> 0x0537
mem[X,0x000000008003E1B6] -> 0x0000
[10330] [M]: 0x000000008003E1B4 (0x00000537) lui a0, 0
x10 <- 0x0000000000000000
mem[X,0x000000008003E1B8] -> 0x0513
mem[X,0x000000008003E1BA] -> 0xFFF5
[10331] [M]: 0x000000008003E1B8 (0xFFF50513) addi a0, a0, 4095
x10 <- 0xFFFFFFFFFFFFFFFF
mem[X,0x000000008003E1BC] -> 0x1513
mem[X,0x000000008003E1BE] -> 0x00B5
[10332] [M]: 0x000000008003E1BC (0x00B51513) slli a0, a0, 11
x10 <- 0xFFFFFFFFFFFFF800
mem[X,0x000000008003E1C0] -> 0x0513
mem[X,0x000000008003E1C2] -> 0x2575
[10333] [M]: 0x000000008003E1C0 (0x25750513) addi a0, a0, 599
x10 <- 0xFFFFFFFFFFFFFA57
mem[X,0x000000008003E1C4] -> 0x1513
mem[X,0x000000008003E1C6] -> 0x00B5
[10334] [M]: 0x000000008003E1C4 (0x00B51513) slli a0, a0, 11
x10 <- 0xFFFFFFFFFFD2B800
mem[X,0x000000008003E1C8] -> 0x0513
mem[X,0x000000008003E1CA] -> 0x6C35
[10335] [M]: 0x000000008003E1C8 (0x6C350513) addi a0, a0, 1731
x10 <- 0xFFFFFFFFFFD2BEC3
mem[X,0x000000008003E1CC] -> 0x1513
mem[X,0x000000008003E1CE] -> 0x00A5
[10336] [M]: 0x000000008003E1CC (0x00A51513) slli a0, a0, 10
x10 <- 0xFFFFFFFF4AFB0C00
mem[X,0x000000008003E1D0] -> 0x0513
mem[X,0x000000008003E1D2] -> 0x0CE5
[10337] [M]: 0x000000008003E1D0 (0x0CE50513) addi a0, a0, 206
x10 <- 0xFFFFFFFF4AFB0CCE
mem[X,0x000000008003E1D4] -> 0x0593
mem[X,0x000000008003E1D6] -> 0x0020
[10338] [M]: 0x000000008003E1D4 (0x00200593) addi a1, zero, 2
x11 <- 0x0000000000000002
mem[X,0x000000008003E1D8] -> 0x0113
mem[X,0x000000008003E1DA] -> 0x0000
[10339] [M]: 0x000000008003E1D8 (0x00000113) addi sp, zero, 0
x2 <- 0x0000000000000000
mem[X,0x000000008003E1DC] -> 0x006F
mem[X,0x000000008003E1DE] -> 0x0180
[10340] [M]: 0x000000008003E1DC (0x0180006F) jal zero, 24
mem[X,0x000000008003E1F4] -> 0x16E3
mem[X,0x000000008003E1F6] -> 0xFEB5
[10341] [M]: 0x000000008003E1F4 (0xFEB516E3) bne a0, a1, 8172
mem[X,0x000000008003E1E0] -> 0x0113
mem[X,0x000000008003E1E2] -> 0x0011
[10342] [M]: 0x000000008003E1E0 (0x00110113) addi sp, sp, 1
x2 <- 0x0000000000000001
mem[X,0x000000008003E1E4] -> 0x006F
mem[X,0x000000008003E1E6] -> 0x0240
[10343] [M]: 0x000000008003E1E4 (0x0240006F) jal zero, 36
mem[X,0x000000008003E208] -> 0xB823
mem[X,0x000000008003E20A] -> 0x2C20
[10344] [M]: 0x000000008003E208 (0x2C20B823) sd sp, 720(ra)
mem[0x00000000800464A8] <- 0x0000000000000001
mem[X,0x000000008003E20C] -> 0x0537
mem[X,0x000000008003E20E] -> 0x0000
[10345] [M]: 0x000000008003E20C (0x00000537) lui a0, 0
x10 <- 0x0000000000000000
mem[X,0x000000008003E210] -> 0x0513
mem[X,0x000000008003E212] -> 0xFFF5
[10346] [M]: 0x000000008003E210 (0xFFF50513) addi a0, a0, 4095
x10 <- 0xFFFFFFFFFFFFFFFF
mem[X,0x000000008003E214] -> 0x1513
mem[X,0x000000008003E216] -> 0x00B5
[10347] [M]: 0x000000008003E214 (0x00B51513) slli a0, a0, 11
x10 <- 0xFFFFFFFFFFFFF800
mem[X,0x000000008003E218] -> 0x0513
mem[X,0x000000008003E21A] -> 0x2575
[10348] [M]: 0x000000008003E218 (0x25750513) addi a0, a0, 599
x10 <- 0xFFFFFFFFFFFFFA57
mem[X,0x000000008003E21C] -> 0x1513
mem[X,0x000000008003E21E] -> 0x00B5
[10349] [M]: 0x000000008003E21C (0x00B51513) slli a0, a0, 11
x10 <- 0xFFFFFFFFFFD2B800
mem[X,0x000000008003E220] -> 0x0513
mem[X,0x000000008003E222] -> 0x6C35
[10350] [M]: 0x000000008003E220 (0x6C350513) addi a0, a0, 1731
x10 <- 0xFFFFFFFFFFD2BEC3
mem[X,0x000000008003E224] -> 0x1513
mem[X,0x000000008003E226] -> 0x00A5
[10351] [M]: 0x000000008003E224 (0x00A51513) slli a0, a0, 10
x10 <- 0xFFFFFFFF4AFB0C00
mem[X,0x000000008003E228] -> 0x0513
mem[X,0x000000008003E22A] -> 0x0CE5
[10352] [M]: 0x000000008003E228 (0x0CE50513) addi a0, a0, 206
x10 <- 0xFFFFFFFF4AFB0CCE
mem[X,0x000000008003E22C] -> 0x55B7
mem[X,0x000000008003E22E] -> 0x5555
[10353] [M]: 0x000000008003E22C (0x555555B7) lui a1, 349525
x11 <- 0x0000000055555000
mem[X,0x000000008003E230] -> 0x8593
mem[X,0x000000008003E232] -> 0x5555
[10354] [M]: 0x000000008003E230 (0x55558593) addi a1, a1, 1365
x11 <- 0x0000000055555555
mem[X,0x000000008003E234] -> 0x9593
mem[X,0x000000008003E236] -> 0x00B5
[10355] [M]: 0x000000008003E234 (0x00B59593) slli a1, a1, 11
x11 <- 0x000002AAAAAAA800
mem[X,0x000000008003E238] -> 0x8593
mem[X,0x000000008003E23A] -> 0x2AA5
[10356] [M]: 0x000000008003E238 (0x2AA58593) addi a1, a1, 682
x11 <- 0x000002AAAAAAAAAA
mem[X,0x000000008003E23C] -> 0x9593
mem[X,0x000000008003E23E] -> 0x00B5
[10357] [M]: 0x000000008003E23C (0x00B59593) slli a1, a1, 11
x11 <- 0x0015555555555000
mem[X,0x000000008003E240] -> 0x8593
mem[X,0x000000008003E242] -> 0x5555
[10358] [M]: 0x000000008003E240 (0x55558593) addi a1, a1, 1365
x11 <- 0x0015555555555555
mem[X,0x000000008003E244] -> 0x9593
mem[X,0x000000008003E246] -> 0x00A5
[10359] [M]: 0x000000008003E244 (0x00A59593) slli a1, a1, 10
x11 <- 0x5555555555555400
mem[X,0x000000008003E248] -> 0x8593
mem[X,0x000000008003E24A] -> 0x1545
[10360] [M]: 0x000000008003E248 (0x15458593) addi a1, a1, 340
x11 <- 0x5555555555555554
mem[X,0x000000008003E24C] -> 0x0113
mem[X,0x000000008003E24E] -> 0x0000
[10361] [M]: 0x000000008003E24C (0x00000113) addi sp, zero, 0
x2 <- 0x0000000000000000
mem[X,0x000000008003E250] -> 0x006F
mem[X,0x000000008003E252] -> 0x00C0
[10362] [M]: 0x000000008003E250 (0x00C0006F) jal zero, 12
mem[X,0x000000008003E25C] -> 0x1063
mem[X,0x000000008003E25E] -> 0x20B5
[10363] [M]: 0x000000008003E25C (0x20B51063) bne a0, a1, 512
mem[X,0x000000008003E45C] -> 0x0113
mem[X,0x000000008003E45E] -> 0x0031
[10364] [M]: 0x000000008003E45C (0x00310113) addi sp, sp, 3
x2 <- 0x0000000000000003
mem[X,0x000000008003E460] -> 0x006F
mem[X,0x000000008003E462] -> 0x0040
[10365] [M]: 0x000000008003E460 (0x0040006F) jal zero, 4
mem[X,0x000000008003E464] -> 0xBC23
mem[X,0x000000008003E466] -> 0x2C20
[10366] [M]: 0x000000008003E464 (0x2C20BC23) sd sp, 728(ra)
mem[0x00000000800464B0] <- 0x0000000000000003
mem[X,0x000000008003E468] -> 0x0537
mem[X,0x000000008003E46A] -> 0x0000
[10367] [M]: 0x000000008003E468 (0x00000537) lui a0, 0
x10 <- 0x0000000000000000
mem[X,0x000000008003E46C] -> 0x0513
mem[X,0x000000008003E46E] -> 0xFFF5
[10368] [M]: 0x000000008003E46C (0xFFF50513) addi a0, a0, 4095
x10 <- 0xFFFFFFFFFFFFFFFF
mem[X,0x000000008003E470] -> 0x1513
mem[X,0x000000008003E472] -> 0x00B5
[10369] [M]: 0x000000008003E470 (0x00B51513) slli a0, a0, 11
x10 <- 0xFFFFFFFFFFFFF800
mem[X,0x000000008003E474] -> 0x0513
mem[X,0x000000008003E476] -> 0x2575
[10370] [M]: 0x000000008003E474 (0x25750513) addi a0, a0, 599
x10 <- 0xFFFFFFFFFFFFFA57
mem[X,0x000000008003E478] -> 0x1513
mem[X,0x000000008003E47A] -> 0x00B5
[10371] [M]: 0x000000008003E478 (0x00B51513) slli a0, a0, 11
x10 <- 0xFFFFFFFFFFD2B800
mem[X,0x000000008003E47C] -> 0x0513
mem[X,0x000000008003E47E] -> 0x6C35
[10372] [M]: 0x000000008003E47C (0x6C350513) addi a0, a0, 1731
x10 <- 0xFFFFFFFFFFD2BEC3
mem[X,0x000000008003E480] -> 0x1513
mem[X,0x000000008003E482] -> 0x00A5
[10373] [M]: 0x000000008003E480 (0x00A51513) slli a0, a0, 10
x10 <- 0xFFFFFFFF4AFB0C00
mem[X,0x000000008003E484] -> 0x0513
mem[X,0x000000008003E486] -> 0x0CE5
[10374] [M]: 0x000000008003E484 (0x0CE50513) addi a0, a0, 206
x10 <- 0xFFFFFFFF4AFB0CCE
mem[X,0x000000008003E488] -> 0x0593
mem[X,0x000000008003E48A] -> 0x0000
[10375] [M]: 0x000000008003E488 (0x00000593) addi a1, zero, 0
x11 <- 0x0000000000000000
mem[X,0x000000008003E48C] -> 0x0113
mem[X,0x000000008003E48E] -> 0x0000
[10376] [M]: 0x000000008003E48C (0x00000113) addi sp, zero, 0
x2 <- 0x0000000000000000
mem[X,0x000000008003E490] -> 0x006F
mem[X,0x000000008003E492] -> 0x2B10
[10377] [M]: 0x000000008003E490 (0x2B10006F) jal zero, 2736
mem[X,0x000000008003EF40] -> 0x1A63
mem[X,0x000000008003EF42] -> 0xD4B5
[10378] [M]: 0x000000008003EF40 (0xD4B51A63) bne a0, a1, 5460
mem[X,0x000000008003E494] -> 0x0113
mem[X,0x000000008003E496] -> 0x0011
[10379] [M]: 0x000000008003E494 (0x00110113) addi sp, sp, 1
x2 <- 0x0000000000000001
mem[X,0x000000008003E498] -> 0x006F
mem[X,0x000000008003E49A] -> 0x2BD0
[10380] [M]: 0x000000008003E498 (0x2BD0006F) jal zero, 2748
mem[X,0x000000008003EF54] -> 0xB023
mem[X,0x000000008003EF56] -> 0x2E20
[10381] [M]: 0x000000008003EF54 (0x2E20B023) sd sp, 736(ra)
mem[0x00000000800464B8] <- 0x0000000000000001
mem[X,0x000000008003EF58] -> 0x0537
mem[X,0x000000008003EF5A] -> 0x0000
[10382] [M]: 0x000000008003EF58 (0x00000537) lui a0, 0
x10 <- 0x0000000000000000
mem[X,0x000000008003EF5C] -> 0x0513
mem[X,0x000000008003EF5E] -> 0xFFF5
[10383] [M]: 0x000000008003EF5C (0xFFF50513) addi a0, a0, 4095
x10 <- 0xFFFFFFFFFFFFFFFF
mem[X,0x000000008003EF60] -> 0x1513
mem[X,0x000000008003EF62] -> 0x00B5
[10384] [M]: 0x000000008003EF60 (0x00B51513) slli a0, a0, 11
x10 <- 0xFFFFFFFFFFFFF800
mem[X,0x000000008003EF64] -> 0x0513
mem[X,0x000000008003EF66] -> 0x2575
[10385] [M]: 0x000000008003EF64 (0x25750513) addi a0, a0, 599
x10 <- 0xFFFFFFFFFFFFFA57
mem[X,0x000000008003EF68] -> 0x1513
mem[X,0x000000008003EF6A] -> 0x00B5
[10386] [M]: 0x000000008003EF68 (0x00B51513) slli a0, a0, 11
x10 <- 0xFFFFFFFFFFD2B800
mem[X,0x000000008003EF6C] -> 0x0513
mem[X,0x000000008003EF6E] -> 0x6C35
[10387] [M]: 0x000000008003EF6C (0x6C350513) addi a0, a0, 1731
x10 <- 0xFFFFFFFFFFD2BEC3
mem[X,0x000000008003EF70] -> 0x1513
mem[X,0x000000008003EF72] -> 0x00A5
[10388] [M]: 0x000000008003EF70 (0x00A51513) slli a0, a0, 10
x10 <- 0xFFFFFFFF4AFB0C00
mem[X,0x000000008003EF74] -> 0x0513
mem[X,0x000000008003EF76] -> 0x0CE5
[10389] [M]: 0x000000008003EF74 (0x0CE50513) addi a0, a0, 206
x10 <- 0xFFFFFFFF4AFB0CCE
mem[X,0x000000008003EF78] -> 0x0593
mem[X,0x000000008003EF7A] -> 0x0040
[10390] [M]: 0x000000008003EF78 (0x00400593) addi a1, zero, 4
x11 <- 0x0000000000000004
mem[X,0x000000008003EF7C] -> 0x0113
mem[X,0x000000008003EF7E] -> 0x0000
[10391] [M]: 0x000000008003EF7C (0x00000113) addi sp, zero, 0
x2 <- 0x0000000000000000
mem[X,0x000000008003EF80] -> 0x006F
mem[X,0x000000008003EF82] -> 0x00C0
[10392] [M]: 0x000000008003EF80 (0x00C0006F) jal zero, 12
mem[X,0x000000008003EF8C] -> 0x1063
mem[X,0x000000008003EF8E] -> 0x02B5
[10393] [M]: 0x000000008003EF8C (0x02B51063) bne a0, a1, 32
mem[X,0x000000008003EFAC] -> 0x0113
mem[X,0x000000008003EFAE] -> 0x0031
[10394] [M]: 0x000000008003EFAC (0x00310113) addi sp, sp, 3
x2 <- 0x0000000000000003
mem[X,0x000000008003EFB0] -> 0x006F
mem[X,0x000000008003EFB2] -> 0x0040
[10395] [M]: 0x000000008003EFB0 (0x0040006F) jal zero, 4
mem[X,0x000000008003EFB4] -> 0xB423
mem[X,0x000000008003EFB6] -> 0x2E20
[10396] [M]: 0x000000008003EFB4 (0x2E20B423) sd sp, 744(ra)
mem[0x00000000800464C0] <- 0x0000000000000003
mem[X,0x000000008003EFB8] -> 0x0537
mem[X,0x000000008003EFBA] -> 0x0000
[10397] [M]: 0x000000008003EFB8 (0x00000537) lui a0, 0
x10 <- 0x0000000000000000
mem[X,0x000000008003EFBC] -> 0x0513
mem[X,0x000000008003EFBE] -> 0xFFF5
[10398] [M]: 0x000000008003EFBC (0xFFF50513) addi a0, a0, 4095
x10 <- 0xFFFFFFFFFFFFFFFF
mem[X,0x000000008003EFC0] -> 0x1513
mem[X,0x000000008003EFC2] -> 0x00B5
[10399] [M]: 0x000000008003EFC0 (0x00B51513) slli a0, a0, 11
x10 <- 0xFFFFFFFFFFFFF800
clint::tick mtime <- 0x0000000000000068
 clint timer pending at mtime 0x0000000000000068
htif::tick 0x0000000000000000
mem[X,0x000000008003EFC4] -> 0x0513
mem[X,0x000000008003EFC6] -> 0x2575
[10400] [M]: 0x000000008003EFC4 (0x25750513) addi a0, a0, 599
x10 <- 0xFFFFFFFFFFFFFA57
mem[X,0x000000008003EFC8] -> 0x1513
mem[X,0x000000008003EFCA] -> 0x00B5
[10401] [M]: 0x000000008003EFC8 (0x00B51513) slli a0, a0, 11
x10 <- 0xFFFFFFFFFFD2B800
mem[X,0x000000008003EFCC] -> 0x0513
mem[X,0x000000008003EFCE] -> 0x6C35
[10402] [M]: 0x000000008003EFCC (0x6C350513) addi a0, a0, 1731
x10 <- 0xFFFFFFFFFFD2BEC3
mem[X,0x000000008003EFD0] -> 0x1513
mem[X,0x000000008003EFD2] -> 0x00A5
[10403] [M]: 0x000000008003EFD0 (0x00A51513) slli a0, a0, 10
x10 <- 0xFFFFFFFF4AFB0C00
mem[X,0x000000008003EFD4] -> 0x0513
mem[X,0x000000008003EFD6] -> 0x0CE5
[10404] [M]: 0x000000008003EFD4 (0x0CE50513) addi a0, a0, 206
x10 <- 0xFFFFFFFF4AFB0CCE
mem[X,0x000000008003EFD8] -> 0x35B7
mem[X,0x000000008003EFDA] -> 0x3333
[10405] [M]: 0x000000008003EFD8 (0x333335B7) lui a1, 209715
x11 <- 0x0000000033333000
mem[X,0x000000008003EFDC] -> 0x8593
mem[X,0x000000008003EFDE] -> 0x3335
[10406] [M]: 0x000000008003EFDC (0x33358593) addi a1, a1, 819
x11 <- 0x0000000033333333
mem[X,0x000000008003EFE0] -> 0x9593
mem[X,0x000000008003EFE2] -> 0x00B5
[10407] [M]: 0x000000008003EFE0 (0x00B59593) slli a1, a1, 11
x11 <- 0x0000019999999800
mem[X,0x000000008003EFE4] -> 0x8593
mem[X,0x000000008003EFE6] -> 0x1995
[10408] [M]: 0x000000008003EFE4 (0x19958593) addi a1, a1, 409
x11 <- 0x0000019999999999
mem[X,0x000000008003EFE8] -> 0x9593
mem[X,0x000000008003EFEA] -> 0x00B5
[10409] [M]: 0x000000008003EFE8 (0x00B59593) slli a1, a1, 11
x11 <- 0x000CCCCCCCCCC800
mem[X,0x000000008003EFEC] -> 0x8593
mem[X,0x000000008003EFEE] -> 0x4CC5
[10410] [M]: 0x000000008003EFEC (0x4CC58593) addi a1, a1, 1228
x11 <- 0x000CCCCCCCCCCCCC
mem[X,0x000000008003EFF0] -> 0x9593
mem[X,0x000000008003EFF2] -> 0x00A5
[10411] [M]: 0x000000008003EFF0 (0x00A59593) slli a1, a1, 10
x11 <- 0x3333333333333000
mem[X,0x000000008003EFF4] -> 0x8593
mem[X,0x000000008003EFF6] -> 0x3325
[10412] [M]: 0x000000008003EFF4 (0x33258593) addi a1, a1, 818
x11 <- 0x3333333333333332
mem[X,0x000000008003EFF8] -> 0x0113
mem[X,0x000000008003EFFA] -> 0x0000
[10413] [M]: 0x000000008003EFF8 (0x00000113) addi sp, zero, 0
x2 <- 0x0000000000000000
mem[X,0x000000008003EFFC] -> 0x006F
mem[X,0x000000008003EFFE] -> 0x00C0
[10414] [M]: 0x000000008003EFFC (0x00C0006F) jal zero, 12
mem[X,0x000000008003F008] -> 0x1063
mem[X,0x000000008003F00A] -> 0x08B5
[10415] [M]: 0x000000008003F008 (0x08B51063) bne a0, a1, 128
mem[X,0x000000008003F088] -> 0x0113
mem[X,0x000000008003F08A] -> 0x0031
[10416] [M]: 0x000000008003F088 (0x00310113) addi sp, sp, 3
x2 <- 0x0000000000000003
mem[X,0x000000008003F08C] -> 0x006F
mem[X,0x000000008003F08E] -> 0x0040
[10417] [M]: 0x000000008003F08C (0x0040006F) jal zero, 4
mem[X,0x000000008003F090] -> 0xB823
mem[X,0x000000008003F092] -> 0x2E20
[10418] [M]: 0x000000008003F090 (0x2E20B823) sd sp, 752(ra)
mem[0x00000000800464C8] <- 0x0000000000000003
mem[X,0x000000008003F094] -> 0x0537
mem[X,0x000000008003F096] -> 0x0000
[10419] [M]: 0x000000008003F094 (0x00000537) lui a0, 0
x10 <- 0x0000000000000000
mem[X,0x000000008003F098] -> 0x0513
mem[X,0x000000008003F09A] -> 0xFFF5
[10420] [M]: 0x000000008003F098 (0xFFF50513) addi a0, a0, 4095
x10 <- 0xFFFFFFFFFFFFFFFF
mem[X,0x000000008003F09C] -> 0x1513
mem[X,0x000000008003F09E] -> 0x00B5
[10421] [M]: 0x000000008003F09C (0x00B51513) slli a0, a0, 11
x10 <- 0xFFFFFFFFFFFFF800
mem[X,0x000000008003F0A0] -> 0x0513
mem[X,0x000000008003F0A2] -> 0x2575
[10422] [M]: 0x000000008003F0A0 (0x25750513) addi a0, a0, 599
x10 <- 0xFFFFFFFFFFFFFA57
mem[X,0x000000008003F0A4] -> 0x1513
mem[X,0x000000008003F0A6] -> 0x00B5
[10423] [M]: 0x000000008003F0A4 (0x00B51513) slli a0, a0, 11
x10 <- 0xFFFFFFFFFFD2B800
mem[X,0x000000008003F0A8] -> 0x0513
mem[X,0x000000008003F0AA] -> 0x6C35
[10424] [M]: 0x000000008003F0A8 (0x6C350513) addi a0, a0, 1731
x10 <- 0xFFFFFFFFFFD2BEC3
mem[X,0x000000008003F0AC] -> 0x1513
mem[X,0x000000008003F0AE] -> 0x00A5
[10425] [M]: 0x000000008003F0AC (0x00A51513) slli a0, a0, 10
x10 <- 0xFFFFFFFF4AFB0C00
mem[X,0x000000008003F0B0] -> 0x0513
mem[X,0x000000008003F0B2] -> 0x0CE5
[10426] [M]: 0x000000008003F0B0 (0x0CE50513) addi a0, a0, 206
x10 <- 0xFFFFFFFF4AFB0CCE
mem[X,0x000000008003F0B4] -> 0x65B7
mem[X,0x000000008003F0B6] -> 0x6666
[10427] [M]: 0x000000008003F0B4 (0x666665B7) lui a1, 419430
x11 <- 0x0000000066666000
mem[X,0x000000008003F0B8] -> 0x8593
mem[X,0x000000008003F0BA] -> 0x6665
[10428] [M]: 0x000000008003F0B8 (0x66658593) addi a1, a1, 1638
x11 <- 0x0000000066666666
mem[X,0x000000008003F0BC] -> 0x9593
mem[X,0x000000008003F0BE] -> 0x00B5
[10429] [M]: 0x000000008003F0BC (0x00B59593) slli a1, a1, 11
x11 <- 0x0000033333333000
mem[X,0x000000008003F0C0] -> 0x8593
mem[X,0x000000008003F0C2] -> 0x3335
[10430] [M]: 0x000000008003F0C0 (0x33358593) addi a1, a1, 819
x11 <- 0x0000033333333333
mem[X,0x000000008003F0C4] -> 0x9593
mem[X,0x000000008003F0C6] -> 0x00B5
[10431] [M]: 0x000000008003F0C4 (0x00B59593) slli a1, a1, 11
x11 <- 0x0019999999999800
mem[X,0x000000008003F0C8] -> 0x8593
mem[X,0x000000008003F0CA] -> 0x1995
[10432] [M]: 0x000000008003F0C8 (0x19958593) addi a1, a1, 409
x11 <- 0x0019999999999999
mem[X,0x000000008003F0CC] -> 0x9593
mem[X,0x000000008003F0CE] -> 0x00A5
[10433] [M]: 0x000000008003F0CC (0x00A59593) slli a1, a1, 10
x11 <- 0x6666666666666400
mem[X,0x000000008003F0D0] -> 0x8593
mem[X,0x000000008003F0D2] -> 0x2655
[10434] [M]: 0x000000008003F0D0 (0x26558593) addi a1, a1, 613
x11 <- 0x6666666666666665
mem[X,0x000000008003F0D4] -> 0x0113
mem[X,0x000000008003F0D6] -> 0x0000
[10435] [M]: 0x000000008003F0D4 (0x00000113) addi sp, zero, 0
x2 <- 0x0000000000000000
mem[X,0x000000008003F0D8] -> 0x006F
mem[X,0x000000008003F0DA] -> 0x00C0
[10436] [M]: 0x000000008003F0D8 (0x00C0006F) jal zero, 12
mem[X,0x000000008003F0E4] -> 0x1CE3
mem[X,0x000000008003F0E6] -> 0xFEB5
[10437] [M]: 0x000000008003F0E4 (0xFEB51CE3) bne a0, a1, 8184
mem[X,0x000000008003F0DC] -> 0x0113
mem[X,0x000000008003F0DE] -> 0x0011
[10438] [M]: 0x000000008003F0DC (0x00110113) addi sp, sp, 1
x2 <- 0x0000000000000001
mem[X,0x000000008003F0E0] -> 0x006F
mem[X,0x000000008003F0E2] -> 0x0180
[10439] [M]: 0x000000008003F0E0 (0x0180006F) jal zero, 24
mem[X,0x000000008003F0F8] -> 0xBC23
mem[X,0x000000008003F0FA] -> 0x2E20
[10440] [M]: 0x000000008003F0F8 (0x2E20BC23) sd sp, 760(ra)
mem[0x00000000800464D0] <- 0x0000000000000001
mem[X,0x000000008003F0FC] -> 0x0537
mem[X,0x000000008003F0FE] -> 0x0000
[10441] [M]: 0x000000008003F0FC (0x00000537) lui a0, 0
x10 <- 0x0000000000000000
mem[X,0x000000008003F100] -> 0x0513
mem[X,0x000000008003F102] -> 0xFFF5
[10442] [M]: 0x000000008003F100 (0xFFF50513) addi a0, a0, 4095
x10 <- 0xFFFFFFFFFFFFFFFF
mem[X,0x000000008003F104] -> 0x1513
mem[X,0x000000008003F106] -> 0x00B5
[10443] [M]: 0x000000008003F104 (0x00B51513) slli a0, a0, 11
x10 <- 0xFFFFFFFFFFFFF800
mem[X,0x000000008003F108] -> 0x0513
mem[X,0x000000008003F10A] -> 0x2575
[10444] [M]: 0x000000008003F108 (0x25750513) addi a0, a0, 599
x10 <- 0xFFFFFFFFFFFFFA57
mem[X,0x000000008003F10C] -> 0x1513
mem[X,0x000000008003F10E] -> 0x00B5
[10445] [M]: 0x000000008003F10C (0x00B51513) slli a0, a0, 11
x10 <- 0xFFFFFFFFFFD2B800
mem[X,0x000000008003F110] -> 0x0513
mem[X,0x000000008003F112] -> 0x6C35
[10446] [M]: 0x000000008003F110 (0x6C350513) addi a0, a0, 1731
x10 <- 0xFFFFFFFFFFD2BEC3
mem[X,0x000000008003F114] -> 0x1513
mem[X,0x000000008003F116] -> 0x00A5
[10447] [M]: 0x000000008003F114 (0x00A51513) slli a0, a0, 10
x10 <- 0xFFFFFFFF4AFB0C00
mem[X,0x000000008003F118] -> 0x0513
mem[X,0x000000008003F11A] -> 0x0CE5
[10448] [M]: 0x000000008003F118 (0x0CE50513) addi a0, a0, 206
x10 <- 0xFFFFFFFF4AFB0CCE
mem[X,0x000000008003F11C] -> 0x05B7
mem[X,0x000000008003F11E] -> 0x0000
[10449] [M]: 0x000000008003F11C (0x000005B7) lui a1, 0
x11 <- 0x0000000000000000
mem[X,0x000000008003F120] -> 0x8593
mem[X,0x000000008003F122] -> 0x0005
[10450] [M]: 0x000000008003F120 (0x00058593) addi a1, a1, 0
x11 <- 0x0000000000000000
mem[X,0x000000008003F124] -> 0x9593
mem[X,0x000000008003F126] -> 0x00B5
[10451] [M]: 0x000000008003F124 (0x00B59593) slli a1, a1, 11
x11 <- 0x0000000000000000
mem[X,0x000000008003F128] -> 0x8593
mem[X,0x000000008003F12A] -> 0x5A85
[10452] [M]: 0x000000008003F128 (0x5A858593) addi a1, a1, 1448
x11 <- 0x00000000000005A8
mem[X,0x000000008003F12C] -> 0x9593
mem[X,0x000000008003F12E] -> 0x00B5
[10453] [M]: 0x000000008003F12C (0x00B59593) slli a1, a1, 11
x11 <- 0x00000000002D4000
mem[X,0x000000008003F130] -> 0x8593
mem[X,0x000000008003F132] -> 0x13C5
[10454] [M]: 0x000000008003F130 (0x13C58593) addi a1, a1, 316
x11 <- 0x00000000002D413C
mem[X,0x000000008003F134] -> 0x9593
mem[X,0x000000008003F136] -> 0x00A5
[10455] [M]: 0x000000008003F134 (0x00A59593) slli a1, a1, 10
x11 <- 0x00000000B504F000
mem[X,0x000000008003F138] -> 0x8593
mem[X,0x000000008003F13A] -> 0x3325
[10456] [M]: 0x000000008003F138 (0x33258593) addi a1, a1, 818
x11 <- 0x00000000B504F332
mem[X,0x000000008003F13C] -> 0x0113
mem[X,0x000000008003F13E] -> 0x0000
[10457] [M]: 0x000000008003F13C (0x00000113) addi sp, zero, 0
x2 <- 0x0000000000000000
mem[X,0x000000008003F140] -> 0x006F
mem[X,0x000000008003F142] -> 0x0050
[10458] [M]: 0x000000008003F140 (0x0050006F) jal zero, 2052
mem[X,0x000000008003F944] -> 0x10E3
mem[X,0x000000008003F946] -> 0x80B5
[10459] [M]: 0x000000008003F944 (0x80B510E3) bne a0, a1, 6144
mem[X,0x000000008003F144] -> 0x0113
mem[X,0x000000008003F146] -> 0x0011
[10460] [M]: 0x000000008003F144 (0x00110113) addi sp, sp, 1
x2 <- 0x0000000000000001
mem[X,0x000000008003F148] -> 0x006F
mem[X,0x000000008003F14A] -> 0x0110
[10461] [M]: 0x000000008003F148 (0x0110006F) jal zero, 2064
mem[X,0x000000008003F958] -> 0xB023
mem[X,0x000000008003F95A] -> 0x3020
[10462] [M]: 0x000000008003F958 (0x3020B023) sd sp, 768(ra)
mem[0x00000000800464D8] <- 0x0000000000000001
mem[X,0x000000008003F95C] -> 0x0537
mem[X,0x000000008003F95E] -> 0x0000
[10463] [M]: 0x000000008003F95C (0x00000537) lui a0, 0
x10 <- 0x0000000000000000
mem[X,0x000000008003F960] -> 0x0513
mem[X,0x000000008003F962] -> 0xFFF5
[10464] [M]: 0x000000008003F960 (0xFFF50513) addi a0, a0, 4095
x10 <- 0xFFFFFFFFFFFFFFFF
mem[X,0x000000008003F964] -> 0x1513
mem[X,0x000000008003F966] -> 0x00B5
[10465] [M]: 0x000000008003F964 (0x00B51513) slli a0, a0, 11
x10 <- 0xFFFFFFFFFFFFF800
mem[X,0x000000008003F968] -> 0x0513
mem[X,0x000000008003F96A] -> 0x2575
[10466] [M]: 0x000000008003F968 (0x25750513) addi a0, a0, 599
x10 <- 0xFFFFFFFFFFFFFA57
mem[X,0x000000008003F96C] -> 0x1513
mem[X,0x000000008003F96E] -> 0x00B5
[10467] [M]: 0x000000008003F96C (0x00B51513) slli a0, a0, 11
x10 <- 0xFFFFFFFFFFD2B800
mem[X,0x000000008003F970] -> 0x0513
mem[X,0x000000008003F972] -> 0x6C35
[10468] [M]: 0x000000008003F970 (0x6C350513) addi a0, a0, 1731
x10 <- 0xFFFFFFFFFFD2BEC3
mem[X,0x000000008003F974] -> 0x1513
mem[X,0x000000008003F976] -> 0x00A5
[10469] [M]: 0x000000008003F974 (0x00A51513) slli a0, a0, 10
x10 <- 0xFFFFFFFF4AFB0C00
mem[X,0x000000008003F978] -> 0x0513
mem[X,0x000000008003F97A] -> 0x0CE5
[10470] [M]: 0x000000008003F978 (0x0CE50513) addi a0, a0, 206
x10 <- 0xFFFFFFFF4AFB0CCE
mem[X,0x000000008003F97C] -> 0x55B7
mem[X,0x000000008003F97E] -> 0x5555
[10471] [M]: 0x000000008003F97C (0x555555B7) lui a1, 349525
x11 <- 0x0000000055555000
mem[X,0x000000008003F980] -> 0x8593
mem[X,0x000000008003F982] -> 0x5555
[10472] [M]: 0x000000008003F980 (0x55558593) addi a1, a1, 1365
x11 <- 0x0000000055555555
mem[X,0x000000008003F984] -> 0x9593
mem[X,0x000000008003F986] -> 0x00B5
[10473] [M]: 0x000000008003F984 (0x00B59593) slli a1, a1, 11
x11 <- 0x000002AAAAAAA800
mem[X,0x000000008003F988] -> 0x8593
mem[X,0x000000008003F98A] -> 0x2AA5
[10474] [M]: 0x000000008003F988 (0x2AA58593) addi a1, a1, 682
x11 <- 0x000002AAAAAAAAAA
mem[X,0x000000008003F98C] -> 0x9593
mem[X,0x000000008003F98E] -> 0x00B5
[10475] [M]: 0x000000008003F98C (0x00B59593) slli a1, a1, 11
x11 <- 0x0015555555555000
mem[X,0x000000008003F990] -> 0x8593
mem[X,0x000000008003F992] -> 0x5555
[10476] [M]: 0x000000008003F990 (0x55558593) addi a1, a1, 1365
x11 <- 0x0015555555555555
mem[X,0x000000008003F994] -> 0x9593
mem[X,0x000000008003F996] -> 0x00A5
[10477] [M]: 0x000000008003F994 (0x00A59593) slli a1, a1, 10
x11 <- 0x5555555555555400
mem[X,0x000000008003F998] -> 0x8593
mem[X,0x000000008003F99A] -> 0x1565
[10478] [M]: 0x000000008003F998 (0x15658593) addi a1, a1, 342
x11 <- 0x5555555555555556
mem[X,0x000000008003F99C] -> 0x0113
mem[X,0x000000008003F99E] -> 0x0000
[10479] [M]: 0x000000008003F99C (0x00000113) addi sp, zero, 0
x2 <- 0x0000000000000000
mem[X,0x000000008003F9A0] -> 0x006F
mem[X,0x000000008003F9A2] -> 0x00C0
[10480] [M]: 0x000000008003F9A0 (0x00C0006F) jal zero, 12
mem[X,0x000000008003F9AC] -> 0x1863
mem[X,0x000000008003F9AE] -> 0x00B5
[10481] [M]: 0x000000008003F9AC (0x00B51863) bne a0, a1, 16
mem[X,0x000000008003F9BC] -> 0x0113
mem[X,0x000000008003F9BE] -> 0x0031
[10482] [M]: 0x000000008003F9BC (0x00310113) addi sp, sp, 3
x2 <- 0x0000000000000003
mem[X,0x000000008003F9C0] -> 0x006F
mem[X,0x000000008003F9C2] -> 0x0040
[10483] [M]: 0x000000008003F9C0 (0x0040006F) jal zero, 4
mem[X,0x000000008003F9C4] -> 0xB423
mem[X,0x000000008003F9C6] -> 0x3020
[10484] [M]: 0x000000008003F9C4 (0x3020B423) sd sp, 776(ra)
mem[0x00000000800464E0] <- 0x0000000000000003
mem[X,0x000000008003F9C8] -> 0x0537
mem[X,0x000000008003F9CA] -> 0x0000
[10485] [M]: 0x000000008003F9C8 (0x00000537) lui a0, 0
x10 <- 0x0000000000000000
mem[X,0x000000008003F9CC] -> 0x0513
mem[X,0x000000008003F9CE] -> 0xFFF5
[10486] [M]: 0x000000008003F9CC (0xFFF50513) addi a0, a0, 4095
x10 <- 0xFFFFFFFFFFFFFFFF
mem[X,0x000000008003F9D0] -> 0x1513
mem[X,0x000000008003F9D2] -> 0x00B5
[10487] [M]: 0x000000008003F9D0 (0x00B51513) slli a0, a0, 11
x10 <- 0xFFFFFFFFFFFFF800
mem[X,0x000000008003F9D4] -> 0x0513
mem[X,0x000000008003F9D6] -> 0x2575
[10488] [M]: 0x000000008003F9D4 (0x25750513) addi a0, a0, 599
x10 <- 0xFFFFFFFFFFFFFA57
mem[X,0x000000008003F9D8] -> 0x1513
mem[X,0x000000008003F9DA] -> 0x00B5
[10489] [M]: 0x000000008003F9D8 (0x00B51513) slli a0, a0, 11
x10 <- 0xFFFFFFFFFFD2B800
mem[X,0x000000008003F9DC] -> 0x0513
mem[X,0x000000008003F9DE] -> 0x6C35
[10490] [M]: 0x000000008003F9DC (0x6C350513) addi a0, a0, 1731
x10 <- 0xFFFFFFFFFFD2BEC3
mem[X,0x000000008003F9E0] -> 0x1513
mem[X,0x000000008003F9E2] -> 0x00A5
[10491] [M]: 0x000000008003F9E0 (0x00A51513) slli a0, a0, 10
x10 <- 0xFFFFFFFF4AFB0C00
mem[X,0x000000008003F9E4] -> 0x0513
mem[X,0x000000008003F9E6] -> 0x0CE5
[10492] [M]: 0x000000008003F9E4 (0x0CE50513) addi a0, a0, 206
x10 <- 0xFFFFFFFF4AFB0CCE
mem[X,0x000000008003F9E8] -> 0xB5B7
mem[X,0x000000008003F9EA] -> 0xAAAA
[10493] [M]: 0x000000008003F9E8 (0xAAAAB5B7) lui a1, 699051
x11 <- 0xFFFFFFFFAAAAB000
mem[X,0x000000008003F9EC] -> 0x8593
mem[X,0x000000008003F9EE] -> 0xAAA5
[10494] [M]: 0x000000008003F9EC (0xAAA58593) addi a1, a1, 2730
x11 <- 0xFFFFFFFFAAAAAAAA
mem[X,0x000000008003F9F0] -> 0x9593
mem[X,0x000000008003F9F2] -> 0x00B5
[10495] [M]: 0x000000008003F9F0 (0x00B59593) slli a1, a1, 11
x11 <- 0xFFFFFD5555555000
mem[X,0x000000008003F9F4] -> 0x8593
mem[X,0x000000008003F9F6] -> 0x5555
[10496] [M]: 0x000000008003F9F4 (0x55558593) addi a1, a1, 1365
x11 <- 0xFFFFFD5555555555
mem[X,0x000000008003F9F8] -> 0x9593
mem[X,0x000000008003F9FA] -> 0x00B5
[10497] [M]: 0x000000008003F9F8 (0x00B59593) slli a1, a1, 11
x11 <- 0xFFEAAAAAAAAAA800
mem[X,0x000000008003F9FC] -> 0x8593
mem[X,0x000000008003F9FE] -> 0x2AA5
[10498] [M]: 0x000000008003F9FC (0x2AA58593) addi a1, a1, 682
x11 <- 0xFFEAAAAAAAAAAAAA
mem[X,0x000000008003FA00] -> 0x9593
mem[X,0x000000008003FA02] -> 0x00A5
[10499] [M]: 0x000000008003FA00 (0x00A59593) slli a1, a1, 10
x11 <- 0xAAAAAAAAAAAAA800
clint::tick mtime <- 0x0000000000000069
 clint timer pending at mtime 0x0000000000000069
htif::tick 0x0000000000000000
mem[X,0x000000008003FA04] -> 0x8593
mem[X,0x000000008003FA06] -> 0x2AB5
[10500] [M]: 0x000000008003FA04 (0x2AB58593) addi a1, a1, 683
x11 <- 0xAAAAAAAAAAAAAAAB
mem[X,0x000000008003FA08] -> 0x0113
mem[X,0x000000008003FA0A] -> 0x0000
[10501] [M]: 0x000000008003FA08 (0x00000113) addi sp, zero, 0
x2 <- 0x0000000000000000
mem[X,0x000000008003FA0C] -> 0x006F
mem[X,0x000000008003FA0E] -> 0x00C0
[10502] [M]: 0x000000008003FA0C (0x00C0006F) jal zero, 12
mem[X,0x000000008003FA18] -> 0x1063
mem[X,0x000000008003FA1A] -> 0x20B5
[10503] [M]: 0x000000008003FA18 (0x20B51063) bne a0, a1, 512
mem[X,0x000000008003FC18] -> 0x0113
mem[X,0x000000008003FC1A] -> 0x0031
[10504] [M]: 0x000000008003FC18 (0x00310113) addi sp, sp, 3
x2 <- 0x0000000000000003
mem[X,0x000000008003FC1C] -> 0x006F
mem[X,0x000000008003FC1E] -> 0x0040
[10505] [M]: 0x000000008003FC1C (0x0040006F) jal zero, 4
mem[X,0x000000008003FC20] -> 0xB823
mem[X,0x000000008003FC22] -> 0x3020
[10506] [M]: 0x000000008003FC20 (0x3020B823) sd sp, 784(ra)
mem[0x00000000800464E8] <- 0x0000000000000003
mem[X,0x000000008003FC24] -> 0x0537
mem[X,0x000000008003FC26] -> 0x0000
[10507] [M]: 0x000000008003FC24 (0x00000537) lui a0, 0
x10 <- 0x0000000000000000
mem[X,0x000000008003FC28] -> 0x0513
mem[X,0x000000008003FC2A] -> 0xFFF5
[10508] [M]: 0x000000008003FC28 (0xFFF50513) addi a0, a0, 4095
x10 <- 0xFFFFFFFFFFFFFFFF
mem[X,0x000000008003FC2C] -> 0x1513
mem[X,0x000000008003FC2E] -> 0x00B5
[10509] [M]: 0x000000008003FC2C (0x00B51513) slli a0, a0, 11
x10 <- 0xFFFFFFFFFFFFF800
mem[X,0x000000008003FC30] -> 0x0513
mem[X,0x000000008003FC32] -> 0x2575
[10510] [M]: 0x000000008003FC30 (0x25750513) addi a0, a0, 599
x10 <- 0xFFFFFFFFFFFFFA57
mem[X,0x000000008003FC34] -> 0x1513
mem[X,0x000000008003FC36] -> 0x00B5
[10511] [M]: 0x000000008003FC34 (0x00B51513) slli a0, a0, 11
x10 <- 0xFFFFFFFFFFD2B800
mem[X,0x000000008003FC38] -> 0x0513
mem[X,0x000000008003FC3A] -> 0x6C35
[10512] [M]: 0x000000008003FC38 (0x6C350513) addi a0, a0, 1731
x10 <- 0xFFFFFFFFFFD2BEC3
mem[X,0x000000008003FC3C] -> 0x1513
mem[X,0x000000008003FC3E] -> 0x00A5
[10513] [M]: 0x000000008003FC3C (0x00A51513) slli a0, a0, 10
x10 <- 0xFFFFFFFF4AFB0C00
mem[X,0x000000008003FC40] -> 0x0513
mem[X,0x000000008003FC42] -> 0x0CE5
[10514] [M]: 0x000000008003FC40 (0x0CE50513) addi a0, a0, 206
x10 <- 0xFFFFFFFF4AFB0CCE
mem[X,0x000000008003FC44] -> 0x0593
mem[X,0x000000008003FC46] -> 0x0060
[10515] [M]: 0x000000008003FC44 (0x00600593) addi a1, zero, 6
x11 <- 0x0000000000000006
mem[X,0x000000008003FC48] -> 0x0113
mem[X,0x000000008003FC4A] -> 0x0000
[10516] [M]: 0x000000008003FC48 (0x00000113) addi sp, zero, 0
x2 <- 0x0000000000000000
mem[X,0x000000008003FC4C] -> 0x006F
mem[X,0x000000008003FC4E] -> 0x00C0
[10517] [M]: 0x000000008003FC4C (0x00C0006F) jal zero, 12
mem[X,0x000000008003FC58] -> 0x1663
mem[X,0x000000008003FC5A] -> 0x00B5
[10518] [M]: 0x000000008003FC58 (0x00B51663) bne a0, a1, 12
mem[X,0x000000008003FC64] -> 0x0113
mem[X,0x000000008003FC66] -> 0x0031
[10519] [M]: 0x000000008003FC64 (0x00310113) addi sp, sp, 3
x2 <- 0x0000000000000003
mem[X,0x000000008003FC68] -> 0x006F
mem[X,0x000000008003FC6A] -> 0x0040
[10520] [M]: 0x000000008003FC68 (0x0040006F) jal zero, 4
mem[X,0x000000008003FC6C] -> 0xBC23
mem[X,0x000000008003FC6E] -> 0x3020
[10521] [M]: 0x000000008003FC6C (0x3020BC23) sd sp, 792(ra)
mem[0x00000000800464F0] <- 0x0000000000000003
mem[X,0x000000008003FC70] -> 0x0537
mem[X,0x000000008003FC72] -> 0x0000
[10522] [M]: 0x000000008003FC70 (0x00000537) lui a0, 0
x10 <- 0x0000000000000000
mem[X,0x000000008003FC74] -> 0x0513
mem[X,0x000000008003FC76] -> 0xFFF5
[10523] [M]: 0x000000008003FC74 (0xFFF50513) addi a0, a0, 4095
x10 <- 0xFFFFFFFFFFFFFFFF
mem[X,0x000000008003FC78] -> 0x1513
mem[X,0x000000008003FC7A] -> 0x00B5
[10524] [M]: 0x000000008003FC78 (0x00B51513) slli a0, a0, 11
x10 <- 0xFFFFFFFFFFFFF800
mem[X,0x000000008003FC7C] -> 0x0513
mem[X,0x000000008003FC7E] -> 0x2575
[10525] [M]: 0x000000008003FC7C (0x25750513) addi a0, a0, 599
x10 <- 0xFFFFFFFFFFFFFA57
mem[X,0x000000008003FC80] -> 0x1513
mem[X,0x000000008003FC82] -> 0x00B5
[10526] [M]: 0x000000008003FC80 (0x00B51513) slli a0, a0, 11
x10 <- 0xFFFFFFFFFFD2B800
mem[X,0x000000008003FC84] -> 0x0513
mem[X,0x000000008003FC86] -> 0x6C35
[10527] [M]: 0x000000008003FC84 (0x6C350513) addi a0, a0, 1731
x10 <- 0xFFFFFFFFFFD2BEC3
mem[X,0x000000008003FC88] -> 0x1513
mem[X,0x000000008003FC8A] -> 0x00A5
[10528] [M]: 0x000000008003FC88 (0x00A51513) slli a0, a0, 10
x10 <- 0xFFFFFFFF4AFB0C00
mem[X,0x000000008003FC8C] -> 0x0513
mem[X,0x000000008003FC8E] -> 0x0CE5
[10529] [M]: 0x000000008003FC8C (0x0CE50513) addi a0, a0, 206
x10 <- 0xFFFFFFFF4AFB0CCE
mem[X,0x000000008003FC90] -> 0x35B7
mem[X,0x000000008003FC92] -> 0x3333
[10530] [M]: 0x000000008003FC90 (0x333335B7) lui a1, 209715
x11 <- 0x0000000033333000
mem[X,0x000000008003FC94] -> 0x8593
mem[X,0x000000008003FC96] -> 0x3335
[10531] [M]: 0x000000008003FC94 (0x33358593) addi a1, a1, 819
x11 <- 0x0000000033333333
mem[X,0x000000008003FC98] -> 0x9593
mem[X,0x000000008003FC9A] -> 0x00B5
[10532] [M]: 0x000000008003FC98 (0x00B59593) slli a1, a1, 11
x11 <- 0x0000019999999800
mem[X,0x000000008003FC9C] -> 0x8593
mem[X,0x000000008003FC9E] -> 0x1995
[10533] [M]: 0x000000008003FC9C (0x19958593) addi a1, a1, 409
x11 <- 0x0000019999999999
mem[X,0x000000008003FCA0] -> 0x9593
mem[X,0x000000008003FCA2] -> 0x00B5
[10534] [M]: 0x000000008003FCA0 (0x00B59593) slli a1, a1, 11
x11 <- 0x000CCCCCCCCCC800
mem[X,0x000000008003FCA4] -> 0x8593
mem[X,0x000000008003FCA6] -> 0x4CC5
[10535] [M]: 0x000000008003FCA4 (0x4CC58593) addi a1, a1, 1228
x11 <- 0x000CCCCCCCCCCCCC
mem[X,0x000000008003FCA8] -> 0x9593
mem[X,0x000000008003FCAA] -> 0x00A5
[10536] [M]: 0x000000008003FCA8 (0x00A59593) slli a1, a1, 10
x11 <- 0x3333333333333000
mem[X,0x000000008003FCAC] -> 0x8593
mem[X,0x000000008003FCAE] -> 0x3345
[10537] [M]: 0x000000008003FCAC (0x33458593) addi a1, a1, 820
x11 <- 0x3333333333333334
mem[X,0x000000008003FCB0] -> 0x0113
mem[X,0x000000008003FCB2] -> 0x0000
[10538] [M]: 0x000000008003FCB0 (0x00000113) addi sp, zero, 0
x2 <- 0x0000000000000000
mem[X,0x000000008003FCB4] -> 0x006F
mem[X,0x000000008003FCB6] -> 0x00C0
[10539] [M]: 0x000000008003FCB4 (0x00C0006F) jal zero, 12
mem[X,0x000000008003FCC0] -> 0x1663
mem[X,0x000000008003FCC2] -> 0x00B5
[10540] [M]: 0x000000008003FCC0 (0x00B51663) bne a0, a1, 12
mem[X,0x000000008003FCCC] -> 0x0113
mem[X,0x000000008003FCCE] -> 0x0031
[10541] [M]: 0x000000008003FCCC (0x00310113) addi sp, sp, 3
x2 <- 0x0000000000000003
mem[X,0x000000008003FCD0] -> 0x006F
mem[X,0x000000008003FCD2] -> 0x0040
[10542] [M]: 0x000000008003FCD0 (0x0040006F) jal zero, 4
mem[X,0x000000008003FCD4] -> 0xB023
mem[X,0x000000008003FCD6] -> 0x3220
[10543] [M]: 0x000000008003FCD4 (0x3220B023) sd sp, 800(ra)
mem[0x00000000800464F8] <- 0x0000000000000003
mem[X,0x000000008003FCD8] -> 0x0537
mem[X,0x000000008003FCDA] -> 0x0000
[10544] [M]: 0x000000008003FCD8 (0x00000537) lui a0, 0
x10 <- 0x0000000000000000
mem[X,0x000000008003FCDC] -> 0x0513
mem[X,0x000000008003FCDE] -> 0xFFF5
[10545] [M]: 0x000000008003FCDC (0xFFF50513) addi a0, a0, 4095
x10 <- 0xFFFFFFFFFFFFFFFF
mem[X,0x000000008003FCE0] -> 0x1513
mem[X,0x000000008003FCE2] -> 0x00B5
[10546] [M]: 0x000000008003FCE0 (0x00B51513) slli a0, a0, 11
x10 <- 0xFFFFFFFFFFFFF800
mem[X,0x000000008003FCE4] -> 0x0513
mem[X,0x000000008003FCE6] -> 0x2575
[10547] [M]: 0x000000008003FCE4 (0x25750513) addi a0, a0, 599
x10 <- 0xFFFFFFFFFFFFFA57
mem[X,0x000000008003FCE8] -> 0x1513
mem[X,0x000000008003FCEA] -> 0x00B5
[10548] [M]: 0x000000008003FCE8 (0x00B51513) slli a0, a0, 11
x10 <- 0xFFFFFFFFFFD2B800
mem[X,0x000000008003FCEC] -> 0x0513
mem[X,0x000000008003FCEE] -> 0x6C35
[10549] [M]: 0x000000008003FCEC (0x6C350513) addi a0, a0, 1731
x10 <- 0xFFFFFFFFFFD2BEC3
mem[X,0x000000008003FCF0] -> 0x1513
mem[X,0x000000008003FCF2] -> 0x00A5
[10550] [M]: 0x000000008003FCF0 (0x00A51513) slli a0, a0, 10
x10 <- 0xFFFFFFFF4AFB0C00
mem[X,0x000000008003FCF4] -> 0x0513
mem[X,0x000000008003FCF6] -> 0x0CE5
[10551] [M]: 0x000000008003FCF4 (0x0CE50513) addi a0, a0, 206
x10 <- 0xFFFFFFFF4AFB0CCE
mem[X,0x000000008003FCF8] -> 0x65B7
mem[X,0x000000008003FCFA] -> 0x6666
[10552] [M]: 0x000000008003FCF8 (0x666665B7) lui a1, 419430
x11 <- 0x0000000066666000
mem[X,0x000000008003FCFC] -> 0x8593
mem[X,0x000000008003FCFE] -> 0x6665
[10553] [M]: 0x000000008003FCFC (0x66658593) addi a1, a1, 1638
x11 <- 0x0000000066666666
mem[X,0x000000008003FD00] -> 0x9593
mem[X,0x000000008003FD02] -> 0x00B5
[10554] [M]: 0x000000008003FD00 (0x00B59593) slli a1, a1, 11
x11 <- 0x0000033333333000
mem[X,0x000000008003FD04] -> 0x8593
mem[X,0x000000008003FD06] -> 0x3335
[10555] [M]: 0x000000008003FD04 (0x33358593) addi a1, a1, 819
x11 <- 0x0000033333333333
mem[X,0x000000008003FD08] -> 0x9593
mem[X,0x000000008003FD0A] -> 0x00B5
[10556] [M]: 0x000000008003FD08 (0x00B59593) slli a1, a1, 11
x11 <- 0x0019999999999800
mem[X,0x000000008003FD0C] -> 0x8593
mem[X,0x000000008003FD0E] -> 0x1995
[10557] [M]: 0x000000008003FD0C (0x19958593) addi a1, a1, 409
x11 <- 0x0019999999999999
mem[X,0x000000008003FD10] -> 0x9593
mem[X,0x000000008003FD12] -> 0x00A5
[10558] [M]: 0x000000008003FD10 (0x00A59593) slli a1, a1, 10
x11 <- 0x6666666666666400
mem[X,0x000000008003FD14] -> 0x8593
mem[X,0x000000008003FD16] -> 0x2675
[10559] [M]: 0x000000008003FD14 (0x26758593) addi a1, a1, 615
x11 <- 0x6666666666666667
mem[X,0x000000008003FD18] -> 0x0113
mem[X,0x000000008003FD1A] -> 0x0000
[10560] [M]: 0x000000008003FD18 (0x00000113) addi sp, zero, 0
x2 <- 0x0000000000000000
mem[X,0x000000008003FD1C] -> 0x006F
mem[X,0x000000008003FD1E] -> 0x00C0
[10561] [M]: 0x000000008003FD1C (0x00C0006F) jal zero, 12
mem[X,0x000000008003FD28] -> 0x1663
mem[X,0x000000008003FD2A] -> 0x00B5
[10562] [M]: 0x000000008003FD28 (0x00B51663) bne a0, a1, 12
mem[X,0x000000008003FD34] -> 0x0113
mem[X,0x000000008003FD36] -> 0x0031
[10563] [M]: 0x000000008003FD34 (0x00310113) addi sp, sp, 3
x2 <- 0x0000000000000003
mem[X,0x000000008003FD38] -> 0x006F
mem[X,0x000000008003FD3A] -> 0x0040
[10564] [M]: 0x000000008003FD38 (0x0040006F) jal zero, 4
mem[X,0x000000008003FD3C] -> 0xB423
mem[X,0x000000008003FD3E] -> 0x3220
[10565] [M]: 0x000000008003FD3C (0x3220B423) sd sp, 808(ra)
mem[0x0000000080046500] <- 0x0000000000000003
mem[X,0x000000008003FD40] -> 0x0537
mem[X,0x000000008003FD42] -> 0x0000
[10566] [M]: 0x000000008003FD40 (0x00000537) lui a0, 0
x10 <- 0x0000000000000000
mem[X,0x000000008003FD44] -> 0x0513
mem[X,0x000000008003FD46] -> 0xFFF5
[10567] [M]: 0x000000008003FD44 (0xFFF50513) addi a0, a0, 4095
x10 <- 0xFFFFFFFFFFFFFFFF
mem[X,0x000000008003FD48] -> 0x1513
mem[X,0x000000008003FD4A] -> 0x00B5
[10568] [M]: 0x000000008003FD48 (0x00B51513) slli a0, a0, 11
x10 <- 0xFFFFFFFFFFFFF800
mem[X,0x000000008003FD4C] -> 0x0513
mem[X,0x000000008003FD4E] -> 0x2575
[10569] [M]: 0x000000008003FD4C (0x25750513) addi a0, a0, 599
x10 <- 0xFFFFFFFFFFFFFA57
mem[X,0x000000008003FD50] -> 0x1513
mem[X,0x000000008003FD52] -> 0x00B5
[10570] [M]: 0x000000008003FD50 (0x00B51513) slli a0, a0, 11
x10 <- 0xFFFFFFFFFFD2B800
mem[X,0x000000008003FD54] -> 0x0513
mem[X,0x000000008003FD56] -> 0x6C35
[10571] [M]: 0x000000008003FD54 (0x6C350513) addi a0, a0, 1731
x10 <- 0xFFFFFFFFFFD2BEC3
mem[X,0x000000008003FD58] -> 0x1513
mem[X,0x000000008003FD5A] -> 0x00A5
[10572] [M]: 0x000000008003FD58 (0x00A51513) slli a0, a0, 10
x10 <- 0xFFFFFFFF4AFB0C00
mem[X,0x000000008003FD5C] -> 0x0513
mem[X,0x000000008003FD5E] -> 0x0CE5
[10573] [M]: 0x000000008003FD5C (0x0CE50513) addi a0, a0, 206
x10 <- 0xFFFFFFFF4AFB0CCE
mem[X,0x000000008003FD60] -> 0x05B7
mem[X,0x000000008003FD62] -> 0x0000
[10574] [M]: 0x000000008003FD60 (0x000005B7) lui a1, 0
x11 <- 0x0000000000000000
mem[X,0x000000008003FD64] -> 0x8593
mem[X,0x000000008003FD66] -> 0xFFF5
[10575] [M]: 0x000000008003FD64 (0xFFF58593) addi a1, a1, 4095
x11 <- 0xFFFFFFFFFFFFFFFF
mem[X,0x000000008003FD68] -> 0x9593
mem[X,0x000000008003FD6A] -> 0x00B5
[10576] [M]: 0x000000008003FD68 (0x00B59593) slli a1, a1, 11
x11 <- 0xFFFFFFFFFFFFF800
mem[X,0x000000008003FD6C] -> 0x8593
mem[X,0x000000008003FD6E] -> 0x2575
[10577] [M]: 0x000000008003FD6C (0x25758593) addi a1, a1, 599
x11 <- 0xFFFFFFFFFFFFFA57
mem[X,0x000000008003FD70] -> 0x9593
mem[X,0x000000008003FD72] -> 0x00B5
[10578] [M]: 0x000000008003FD70 (0x00B59593) slli a1, a1, 11
x11 <- 0xFFFFFFFFFFD2B800
mem[X,0x000000008003FD74] -> 0x8593
mem[X,0x000000008003FD76] -> 0x6C35
[10579] [M]: 0x000000008003FD74 (0x6C358593) addi a1, a1, 1731
x11 <- 0xFFFFFFFFFFD2BEC3
mem[X,0x000000008003FD78] -> 0x9593
mem[X,0x000000008003FD7A] -> 0x00A5
[10580] [M]: 0x000000008003FD78 (0x00A59593) slli a1, a1, 10
x11 <- 0xFFFFFFFF4AFB0C00
mem[X,0x000000008003FD7C] -> 0x8593
mem[X,0x000000008003FD7E] -> 0x0CE5
[10581] [M]: 0x000000008003FD7C (0x0CE58593) addi a1, a1, 206
x11 <- 0xFFFFFFFF4AFB0CCE
mem[X,0x000000008003FD80] -> 0x0113
mem[X,0x000000008003FD82] -> 0x0000
[10582] [M]: 0x000000008003FD80 (0x00000113) addi sp, zero, 0
x2 <- 0x0000000000000000
mem[X,0x000000008003FD84] -> 0x006F
mem[X,0x000000008003FD86] -> 0x0050
[10583] [M]: 0x000000008003FD84 (0x0050006F) jal zero, 2052
mem[X,0x0000000080040588] -> 0x10E3
mem[X,0x000000008004058A] -> 0x80B5
[10584] [M]: 0x0000000080040588 (0x80B510E3) bne a0, a1, 6144
mem[X,0x000000008004058C] -> 0x0113
mem[X,0x000000008004058E] -> 0x0021
[10585] [M]: 0x000000008004058C (0x00210113) addi sp, sp, 2
x2 <- 0x0000000000000002
mem[X,0x0000000080040590] -> 0x006F
mem[X,0x0000000080040592] -> 0x00C0
[10586] [M]: 0x0000000080040590 (0x00C0006F) jal zero, 12
mem[X,0x000000008004059C] -> 0xB823
mem[X,0x000000008004059E] -> 0x3220
[10587] [M]: 0x000000008004059C (0x3220B823) sd sp, 816(ra)
mem[0x0000000080046508] <- 0x0000000000000002
mem[X,0x00000000800405A0] -> 0x0537
mem[X,0x00000000800405A2] -> 0x0000
[10588] [M]: 0x00000000800405A0 (0x00000537) lui a0, 0
x10 <- 0x0000000000000000
mem[X,0x00000000800405A4] -> 0x0513
mem[X,0x00000000800405A6] -> 0xFFF5
[10589] [M]: 0x00000000800405A4 (0xFFF50513) addi a0, a0, 4095
x10 <- 0xFFFFFFFFFFFFFFFF
mem[X,0x00000000800405A8] -> 0x1513
mem[X,0x00000000800405AA] -> 0x00B5
[10590] [M]: 0x00000000800405A8 (0x00B51513) slli a0, a0, 11
x10 <- 0xFFFFFFFFFFFFF800
mem[X,0x00000000800405AC] -> 0x0513
mem[X,0x00000000800405AE] -> 0x2575
[10591] [M]: 0x00000000800405AC (0x25750513) addi a0, a0, 599
x10 <- 0xFFFFFFFFFFFFFA57
mem[X,0x00000000800405B0] -> 0x1513
mem[X,0x00000000800405B2] -> 0x00B5
[10592] [M]: 0x00000000800405B0 (0x00B51513) slli a0, a0, 11
x10 <- 0xFFFFFFFFFFD2B800
mem[X,0x00000000800405B4] -> 0x0513
mem[X,0x00000000800405B6] -> 0x6C35
[10593] [M]: 0x00000000800405B4 (0x6C350513) addi a0, a0, 1731
x10 <- 0xFFFFFFFFFFD2BEC3
mem[X,0x00000000800405B8] -> 0x1513
mem[X,0x00000000800405BA] -> 0x00A5
[10594] [M]: 0x00000000800405B8 (0x00A51513) slli a0, a0, 10
x10 <- 0xFFFFFFFF4AFB0C00
mem[X,0x00000000800405BC] -> 0x0513
mem[X,0x00000000800405BE] -> 0x0CE5
[10595] [M]: 0x00000000800405BC (0x0CE50513) addi a0, a0, 206
x10 <- 0xFFFFFFFF4AFB0CCE
mem[X,0x00000000800405C0] -> 0x05B7
mem[X,0x00000000800405C2] -> 0x0000
[10596] [M]: 0x00000000800405C0 (0x000005B7) lui a1, 0
x11 <- 0x0000000000000000
mem[X,0x00000000800405C4] -> 0x8593
mem[X,0x00000000800405C6] -> 0x0005
[10597] [M]: 0x00000000800405C4 (0x00058593) addi a1, a1, 0
x11 <- 0x0000000000000000
mem[X,0x00000000800405C8] -> 0x9593
mem[X,0x00000000800405CA] -> 0x00B5
[10598] [M]: 0x00000000800405C8 (0x00B59593) slli a1, a1, 11
x11 <- 0x0000000000000000
mem[X,0x00000000800405CC] -> 0x8593
mem[X,0x00000000800405CE] -> 0x5A85
[10599] [M]: 0x00000000800405CC (0x5A858593) addi a1, a1, 1448
x11 <- 0x00000000000005A8
clint::tick mtime <- 0x000000000000006A
 clint timer pending at mtime 0x000000000000006A
htif::tick 0x0000000000000000
mem[X,0x00000000800405D0] -> 0x9593
mem[X,0x00000000800405D2] -> 0x00B5
[10600] [M]: 0x00000000800405D0 (0x00B59593) slli a1, a1, 11
x11 <- 0x00000000002D4000
mem[X,0x00000000800405D4] -> 0x8593
mem[X,0x00000000800405D6] -> 0x13C5
[10601] [M]: 0x00000000800405D4 (0x13C58593) addi a1, a1, 316
x11 <- 0x00000000002D413C
mem[X,0x00000000800405D8] -> 0x9593
mem[X,0x00000000800405DA] -> 0x00A5
[10602] [M]: 0x00000000800405D8 (0x00A59593) slli a1, a1, 10
x11 <- 0x00000000B504F000
mem[X,0x00000000800405DC] -> 0x8593
mem[X,0x00000000800405DE] -> 0x3345
[10603] [M]: 0x00000000800405DC (0x33458593) addi a1, a1, 820
x11 <- 0x00000000B504F334
mem[X,0x00000000800405E0] -> 0x0113
mem[X,0x00000000800405E2] -> 0x0000
[10604] [M]: 0x00000000800405E0 (0x00000113) addi sp, zero, 0
x2 <- 0x0000000000000000
mem[X,0x00000000800405E4] -> 0x006F
mem[X,0x00000000800405E6] -> 0x00C0
[10605] [M]: 0x00000000800405E4 (0x00C0006F) jal zero, 12
mem[X,0x00000000800405F0] -> 0x1063
mem[X,0x00000000800405F2] -> 0x02B5
[10606] [M]: 0x00000000800405F0 (0x02B51063) bne a0, a1, 32
mem[X,0x0000000080040610] -> 0x0113
mem[X,0x0000000080040612] -> 0x0031
[10607] [M]: 0x0000000080040610 (0x00310113) addi sp, sp, 3
x2 <- 0x0000000000000003
mem[X,0x0000000080040614] -> 0x006F
mem[X,0x0000000080040616] -> 0x0040
[10608] [M]: 0x0000000080040614 (0x0040006F) jal zero, 4
mem[X,0x0000000080040618] -> 0xBC23
mem[X,0x000000008004061A] -> 0x3220
[10609] [M]: 0x0000000080040618 (0x3220BC23) sd sp, 824(ra)
mem[0x0000000080046510] <- 0x0000000000000003
mem[X,0x000000008004061C] -> 0x0537
mem[X,0x000000008004061E] -> 0x0000
[10610] [M]: 0x000000008004061C (0x00000537) lui a0, 0
x10 <- 0x0000000000000000
mem[X,0x0000000080040620] -> 0x0513
mem[X,0x0000000080040622] -> 0x0005
[10611] [M]: 0x0000000080040620 (0x00050513) addi a0, a0, 0
x10 <- 0x0000000000000000
mem[X,0x0000000080040624] -> 0x1513
mem[X,0x0000000080040626] -> 0x00B5
[10612] [M]: 0x0000000080040624 (0x00B51513) slli a0, a0, 11
x10 <- 0x0000000000000000
mem[X,0x0000000080040628] -> 0x0513
mem[X,0x000000008004062A] -> 0x5A85
[10613] [M]: 0x0000000080040628 (0x5A850513) addi a0, a0, 1448
x10 <- 0x00000000000005A8
mem[X,0x000000008004062C] -> 0x1513
mem[X,0x000000008004062E] -> 0x00B5
[10614] [M]: 0x000000008004062C (0x00B51513) slli a0, a0, 11
x10 <- 0x00000000002D4000
mem[X,0x0000000080040630] -> 0x0513
mem[X,0x0000000080040632] -> 0x13C5
[10615] [M]: 0x0000000080040630 (0x13C50513) addi a0, a0, 316
x10 <- 0x00000000002D413C
mem[X,0x0000000080040634] -> 0x1513
mem[X,0x0000000080040636] -> 0x00A5
[10616] [M]: 0x0000000080040634 (0x00A51513) slli a0, a0, 10
x10 <- 0x00000000B504F000
mem[X,0x0000000080040638] -> 0x0513
mem[X,0x000000008004063A] -> 0x3345
[10617] [M]: 0x0000000080040638 (0x33450513) addi a0, a0, 820
x10 <- 0x00000000B504F334
mem[X,0x000000008004063C] -> 0x0593
mem[X,0x000000008004063E] -> 0x0030
[10618] [M]: 0x000000008004063C (0x00300593) addi a1, zero, 3
x11 <- 0x0000000000000003
mem[X,0x0000000080040640] -> 0x0113
mem[X,0x0000000080040642] -> 0x0000
[10619] [M]: 0x0000000080040640 (0x00000113) addi sp, zero, 0
x2 <- 0x0000000000000000
mem[X,0x0000000080040644] -> 0x006F
mem[X,0x0000000080040646] -> 0x0100
[10620] [M]: 0x0000000080040644 (0x0100006F) jal zero, 16
mem[X,0x0000000080040654] -> 0x1AE3
mem[X,0x0000000080040656] -> 0xFEB5
[10621] [M]: 0x0000000080040654 (0xFEB51AE3) bne a0, a1, 8180
mem[X,0x0000000080040648] -> 0x0113
mem[X,0x000000008004064A] -> 0x0011
[10622] [M]: 0x0000000080040648 (0x00110113) addi sp, sp, 1
x2 <- 0x0000000000000001
mem[X,0x000000008004064C] -> 0x006F
mem[X,0x000000008004064E] -> 0x01C0
[10623] [M]: 0x000000008004064C (0x01C0006F) jal zero, 28
mem[X,0x0000000080040668] -> 0xB023
mem[X,0x000000008004066A] -> 0x3420
[10624] [M]: 0x0000000080040668 (0x3420B023) sd sp, 832(ra)
mem[0x0000000080046518] <- 0x0000000000000001
mem[X,0x000000008004066C] -> 0x0537
mem[X,0x000000008004066E] -> 0x0000
[10625] [M]: 0x000000008004066C (0x00000537) lui a0, 0
x10 <- 0x0000000000000000
mem[X,0x0000000080040670] -> 0x0513
mem[X,0x0000000080040672] -> 0x0005
[10626] [M]: 0x0000000080040670 (0x00050513) addi a0, a0, 0
x10 <- 0x0000000000000000
mem[X,0x0000000080040674] -> 0x1513
mem[X,0x0000000080040676] -> 0x00B5
[10627] [M]: 0x0000000080040674 (0x00B51513) slli a0, a0, 11
x10 <- 0x0000000000000000
mem[X,0x0000000080040678] -> 0x0513
mem[X,0x000000008004067A] -> 0x5A85
[10628] [M]: 0x0000000080040678 (0x5A850513) addi a0, a0, 1448
x10 <- 0x00000000000005A8
mem[X,0x000000008004067C] -> 0x1513
mem[X,0x000000008004067E] -> 0x00B5
[10629] [M]: 0x000000008004067C (0x00B51513) slli a0, a0, 11
x10 <- 0x00000000002D4000
mem[X,0x0000000080040680] -> 0x0513
mem[X,0x0000000080040682] -> 0x13C5
[10630] [M]: 0x0000000080040680 (0x13C50513) addi a0, a0, 316
x10 <- 0x00000000002D413C
mem[X,0x0000000080040684] -> 0x1513
mem[X,0x0000000080040686] -> 0x00A5
[10631] [M]: 0x0000000080040684 (0x00A51513) slli a0, a0, 10
x10 <- 0x00000000B504F000
mem[X,0x0000000080040688] -> 0x0513
mem[X,0x000000008004068A] -> 0x3345
[10632] [M]: 0x0000000080040688 (0x33450513) addi a0, a0, 820
x10 <- 0x00000000B504F334
mem[X,0x000000008004068C] -> 0x55B7
mem[X,0x000000008004068E] -> 0x5555
[10633] [M]: 0x000000008004068C (0x555555B7) lui a1, 349525
x11 <- 0x0000000055555000
mem[X,0x0000000080040690] -> 0x8593
mem[X,0x0000000080040692] -> 0x5555
[10634] [M]: 0x0000000080040690 (0x55558593) addi a1, a1, 1365
x11 <- 0x0000000055555555
mem[X,0x0000000080040694] -> 0x9593
mem[X,0x0000000080040696] -> 0x00B5
[10635] [M]: 0x0000000080040694 (0x00B59593) slli a1, a1, 11
x11 <- 0x000002AAAAAAA800
mem[X,0x0000000080040698] -> 0x8593
mem[X,0x000000008004069A] -> 0x2AA5
[10636] [M]: 0x0000000080040698 (0x2AA58593) addi a1, a1, 682
x11 <- 0x000002AAAAAAAAAA
mem[X,0x000000008004069C] -> 0x9593
mem[X,0x000000008004069E] -> 0x00B5
[10637] [M]: 0x000000008004069C (0x00B59593) slli a1, a1, 11
x11 <- 0x0015555555555000
mem[X,0x00000000800406A0] -> 0x8593
mem[X,0x00000000800406A2] -> 0x5555
[10638] [M]: 0x00000000800406A0 (0x55558593) addi a1, a1, 1365
x11 <- 0x0015555555555555
mem[X,0x00000000800406A4] -> 0x9593
mem[X,0x00000000800406A6] -> 0x00A5
[10639] [M]: 0x00000000800406A4 (0x00A59593) slli a1, a1, 10
x11 <- 0x5555555555555400
mem[X,0x00000000800406A8] -> 0x8593
mem[X,0x00000000800406AA] -> 0x1555
[10640] [M]: 0x00000000800406A8 (0x15558593) addi a1, a1, 341
x11 <- 0x5555555555555555
mem[X,0x00000000800406AC] -> 0x0113
mem[X,0x00000000800406AE] -> 0x0000
[10641] [M]: 0x00000000800406AC (0x00000113) addi sp, zero, 0
x2 <- 0x0000000000000000
mem[X,0x00000000800406B0] -> 0x006F
mem[X,0x00000000800406B2] -> 0x0100
[10642] [M]: 0x00000000800406B0 (0x0100006F) jal zero, 16
mem[X,0x00000000800406C0] -> 0x1AE3
mem[X,0x00000000800406C2] -> 0xFEB5
[10643] [M]: 0x00000000800406C0 (0xFEB51AE3) bne a0, a1, 8180
mem[X,0x00000000800406B4] -> 0x0113
mem[X,0x00000000800406B6] -> 0x0011
[10644] [M]: 0x00000000800406B4 (0x00110113) addi sp, sp, 1
x2 <- 0x0000000000000001
mem[X,0x00000000800406B8] -> 0x006F
mem[X,0x00000000800406BA] -> 0x01C0
[10645] [M]: 0x00000000800406B8 (0x01C0006F) jal zero, 28
mem[X,0x00000000800406D4] -> 0xB423
mem[X,0x00000000800406D6] -> 0x3420
[10646] [M]: 0x00000000800406D4 (0x3420B423) sd sp, 840(ra)
mem[0x0000000080046520] <- 0x0000000000000001
mem[X,0x00000000800406D8] -> 0x0537
mem[X,0x00000000800406DA] -> 0x0000
[10647] [M]: 0x00000000800406D8 (0x00000537) lui a0, 0
x10 <- 0x0000000000000000
mem[X,0x00000000800406DC] -> 0x0513
mem[X,0x00000000800406DE] -> 0x0005
[10648] [M]: 0x00000000800406DC (0x00050513) addi a0, a0, 0
x10 <- 0x0000000000000000
mem[X,0x00000000800406E0] -> 0x1513
mem[X,0x00000000800406E2] -> 0x00B5
[10649] [M]: 0x00000000800406E0 (0x00B51513) slli a0, a0, 11
x10 <- 0x0000000000000000
mem[X,0x00000000800406E4] -> 0x0513
mem[X,0x00000000800406E6] -> 0x5A85
[10650] [M]: 0x00000000800406E4 (0x5A850513) addi a0, a0, 1448
x10 <- 0x00000000000005A8
mem[X,0x00000000800406E8] -> 0x1513
mem[X,0x00000000800406EA] -> 0x00B5
[10651] [M]: 0x00000000800406E8 (0x00B51513) slli a0, a0, 11
x10 <- 0x00000000002D4000
mem[X,0x00000000800406EC] -> 0x0513
mem[X,0x00000000800406EE] -> 0x13C5
[10652] [M]: 0x00000000800406EC (0x13C50513) addi a0, a0, 316
x10 <- 0x00000000002D413C
mem[X,0x00000000800406F0] -> 0x1513
mem[X,0x00000000800406F2] -> 0x00A5
[10653] [M]: 0x00000000800406F0 (0x00A51513) slli a0, a0, 10
x10 <- 0x00000000B504F000
mem[X,0x00000000800406F4] -> 0x0513
mem[X,0x00000000800406F6] -> 0x3345
[10654] [M]: 0x00000000800406F4 (0x33450513) addi a0, a0, 820
x10 <- 0x00000000B504F334
mem[X,0x00000000800406F8] -> 0xB5B7
mem[X,0x00000000800406FA] -> 0xAAAA
[10655] [M]: 0x00000000800406F8 (0xAAAAB5B7) lui a1, 699051
x11 <- 0xFFFFFFFFAAAAB000
mem[X,0x00000000800406FC] -> 0x8593
mem[X,0x00000000800406FE] -> 0xAAA5
[10656] [M]: 0x00000000800406FC (0xAAA58593) addi a1, a1, 2730
x11 <- 0xFFFFFFFFAAAAAAAA
mem[X,0x0000000080040700] -> 0x9593
mem[X,0x0000000080040702] -> 0x00B5
[10657] [M]: 0x0000000080040700 (0x00B59593) slli a1, a1, 11
x11 <- 0xFFFFFD5555555000
mem[X,0x0000000080040704] -> 0x8593
mem[X,0x0000000080040706] -> 0x5555
[10658] [M]: 0x0000000080040704 (0x55558593) addi a1, a1, 1365
x11 <- 0xFFFFFD5555555555
mem[X,0x0000000080040708] -> 0x9593
mem[X,0x000000008004070A] -> 0x00B5
[10659] [M]: 0x0000000080040708 (0x00B59593) slli a1, a1, 11
x11 <- 0xFFEAAAAAAAAAA800
mem[X,0x000000008004070C] -> 0x8593
mem[X,0x000000008004070E] -> 0x2AA5
[10660] [M]: 0x000000008004070C (0x2AA58593) addi a1, a1, 682
x11 <- 0xFFEAAAAAAAAAAAAA
mem[X,0x0000000080040710] -> 0x9593
mem[X,0x0000000080040712] -> 0x00A5
[10661] [M]: 0x0000000080040710 (0x00A59593) slli a1, a1, 10
x11 <- 0xAAAAAAAAAAAAA800
mem[X,0x0000000080040714] -> 0x8593
mem[X,0x0000000080040716] -> 0x2AA5
[10662] [M]: 0x0000000080040714 (0x2AA58593) addi a1, a1, 682
x11 <- 0xAAAAAAAAAAAAAAAA
mem[X,0x0000000080040718] -> 0x0113
mem[X,0x000000008004071A] -> 0x0000
[10663] [M]: 0x0000000080040718 (0x00000113) addi sp, zero, 0
x2 <- 0x0000000000000000
mem[X,0x000000008004071C] -> 0x006F
mem[X,0x000000008004071E] -> 0x00C0
[10664] [M]: 0x000000008004071C (0x00C0006F) jal zero, 12
mem[X,0x0000000080040728] -> 0x1CE3
mem[X,0x000000008004072A] -> 0xFEB5
[10665] [M]: 0x0000000080040728 (0xFEB51CE3) bne a0, a1, 8184
mem[X,0x0000000080040720] -> 0x0113
mem[X,0x0000000080040722] -> 0x0011
[10666] [M]: 0x0000000080040720 (0x00110113) addi sp, sp, 1
x2 <- 0x0000000000000001
mem[X,0x0000000080040724] -> 0x006F
mem[X,0x0000000080040726] -> 0x0180
[10667] [M]: 0x0000000080040724 (0x0180006F) jal zero, 24
mem[X,0x000000008004073C] -> 0xB823
mem[X,0x000000008004073E] -> 0x3420
[10668] [M]: 0x000000008004073C (0x3420B823) sd sp, 848(ra)
mem[0x0000000080046528] <- 0x0000000000000001
mem[X,0x0000000080040740] -> 0x0537
mem[X,0x0000000080040742] -> 0x0000
[10669] [M]: 0x0000000080040740 (0x00000537) lui a0, 0
x10 <- 0x0000000000000000
mem[X,0x0000000080040744] -> 0x0513
mem[X,0x0000000080040746] -> 0x0005
[10670] [M]: 0x0000000080040744 (0x00050513) addi a0, a0, 0
x10 <- 0x0000000000000000
mem[X,0x0000000080040748] -> 0x1513
mem[X,0x000000008004074A] -> 0x00B5
[10671] [M]: 0x0000000080040748 (0x00B51513) slli a0, a0, 11
x10 <- 0x0000000000000000
mem[X,0x000000008004074C] -> 0x0513
mem[X,0x000000008004074E] -> 0x5A85
[10672] [M]: 0x000000008004074C (0x5A850513) addi a0, a0, 1448
x10 <- 0x00000000000005A8
mem[X,0x0000000080040750] -> 0x1513
mem[X,0x0000000080040752] -> 0x00B5
[10673] [M]: 0x0000000080040750 (0x00B51513) slli a0, a0, 11
x10 <- 0x00000000002D4000
mem[X,0x0000000080040754] -> 0x0513
mem[X,0x0000000080040756] -> 0x13C5
[10674] [M]: 0x0000000080040754 (0x13C50513) addi a0, a0, 316
x10 <- 0x00000000002D413C
mem[X,0x0000000080040758] -> 0x1513
mem[X,0x000000008004075A] -> 0x00A5
[10675] [M]: 0x0000000080040758 (0x00A51513) slli a0, a0, 10
x10 <- 0x00000000B504F000
mem[X,0x000000008004075C] -> 0x0513
mem[X,0x000000008004075E] -> 0x3345
[10676] [M]: 0x000000008004075C (0x33450513) addi a0, a0, 820
x10 <- 0x00000000B504F334
mem[X,0x0000000080040760] -> 0x0593
mem[X,0x0000000080040762] -> 0x0050
[10677] [M]: 0x0000000080040760 (0x00500593) addi a1, zero, 5
x11 <- 0x0000000000000005
mem[X,0x0000000080040764] -> 0x0113
mem[X,0x0000000080040766] -> 0x0000
[10678] [M]: 0x0000000080040764 (0x00000113) addi sp, zero, 0
x2 <- 0x0000000000000000
mem[X,0x0000000080040768] -> 0x006F
mem[X,0x000000008004076A] -> 0x00C0
[10679] [M]: 0x0000000080040768 (0x00C0006F) jal zero, 12
mem[X,0x0000000080040774] -> 0x1063
mem[X,0x0000000080040776] -> 0x10B5
[10680] [M]: 0x0000000080040774 (0x10B51063) bne a0, a1, 256
mem[X,0x0000000080040874] -> 0x0113
mem[X,0x0000000080040876] -> 0x0031
[10681] [M]: 0x0000000080040874 (0x00310113) addi sp, sp, 3
x2 <- 0x0000000000000003
mem[X,0x0000000080040878] -> 0x006F
mem[X,0x000000008004087A] -> 0x0040
[10682] [M]: 0x0000000080040878 (0x0040006F) jal zero, 4
mem[X,0x000000008004087C] -> 0xBC23
mem[X,0x000000008004087E] -> 0x3420
[10683] [M]: 0x000000008004087C (0x3420BC23) sd sp, 856(ra)
mem[0x0000000080046530] <- 0x0000000000000003
mem[X,0x0000000080040880] -> 0x0537
mem[X,0x0000000080040882] -> 0x0000
[10684] [M]: 0x0000000080040880 (0x00000537) lui a0, 0
x10 <- 0x0000000000000000
mem[X,0x0000000080040884] -> 0x0513
mem[X,0x0000000080040886] -> 0x0005
[10685] [M]: 0x0000000080040884 (0x00050513) addi a0, a0, 0
x10 <- 0x0000000000000000
mem[X,0x0000000080040888] -> 0x1513
mem[X,0x000000008004088A] -> 0x00B5
[10686] [M]: 0x0000000080040888 (0x00B51513) slli a0, a0, 11
x10 <- 0x0000000000000000
mem[X,0x000000008004088C] -> 0x0513
mem[X,0x000000008004088E] -> 0x5A85
[10687] [M]: 0x000000008004088C (0x5A850513) addi a0, a0, 1448
x10 <- 0x00000000000005A8
mem[X,0x0000000080040890] -> 0x1513
mem[X,0x0000000080040892] -> 0x00B5
[10688] [M]: 0x0000000080040890 (0x00B51513) slli a0, a0, 11
x10 <- 0x00000000002D4000
mem[X,0x0000000080040894] -> 0x0513
mem[X,0x0000000080040896] -> 0x13C5
[10689] [M]: 0x0000000080040894 (0x13C50513) addi a0, a0, 316
x10 <- 0x00000000002D413C
mem[X,0x0000000080040898] -> 0x1513
mem[X,0x000000008004089A] -> 0x00A5
[10690] [M]: 0x0000000080040898 (0x00A51513) slli a0, a0, 10
x10 <- 0x00000000B504F000
mem[X,0x000000008004089C] -> 0x0513
mem[X,0x000000008004089E] -> 0x3345
[10691] [M]: 0x000000008004089C (0x33450513) addi a0, a0, 820
x10 <- 0x00000000B504F334
mem[X,0x00000000800408A0] -> 0x35B7
mem[X,0x00000000800408A2] -> 0x3333
[10692] [M]: 0x00000000800408A0 (0x333335B7) lui a1, 209715
x11 <- 0x0000000033333000
mem[X,0x00000000800408A4] -> 0x8593
mem[X,0x00000000800408A6] -> 0x3335
[10693] [M]: 0x00000000800408A4 (0x33358593) addi a1, a1, 819
x11 <- 0x0000000033333333
mem[X,0x00000000800408A8] -> 0x9593
mem[X,0x00000000800408AA] -> 0x00B5
[10694] [M]: 0x00000000800408A8 (0x00B59593) slli a1, a1, 11
x11 <- 0x0000019999999800
mem[X,0x00000000800408AC] -> 0x8593
mem[X,0x00000000800408AE] -> 0x1995
[10695] [M]: 0x00000000800408AC (0x19958593) addi a1, a1, 409
x11 <- 0x0000019999999999
mem[X,0x00000000800408B0] -> 0x9593
mem[X,0x00000000800408B2] -> 0x00B5
[10696] [M]: 0x00000000800408B0 (0x00B59593) slli a1, a1, 11
x11 <- 0x000CCCCCCCCCC800
mem[X,0x00000000800408B4] -> 0x8593
mem[X,0x00000000800408B6] -> 0x4CC5
[10697] [M]: 0x00000000800408B4 (0x4CC58593) addi a1, a1, 1228
x11 <- 0x000CCCCCCCCCCCCC
mem[X,0x00000000800408B8] -> 0x9593
mem[X,0x00000000800408BA] -> 0x00A5
[10698] [M]: 0x00000000800408B8 (0x00A59593) slli a1, a1, 10
x11 <- 0x3333333333333000
mem[X,0x00000000800408BC] -> 0x8593
mem[X,0x00000000800408BE] -> 0x3335
[10699] [M]: 0x00000000800408BC (0x33358593) addi a1, a1, 819
x11 <- 0x3333333333333333
clint::tick mtime <- 0x000000000000006B
 clint timer pending at mtime 0x000000000000006B
htif::tick 0x0000000000000000
mem[X,0x00000000800408C0] -> 0x0113
mem[X,0x00000000800408C2] -> 0x0000
[10700] [M]: 0x00000000800408C0 (0x00000113) addi sp, zero, 0
x2 <- 0x0000000000000000
mem[X,0x00000000800408C4] -> 0x006F
mem[X,0x00000000800408C6] -> 0x00C0
[10701] [M]: 0x00000000800408C4 (0x00C0006F) jal zero, 12
mem[X,0x00000000800408D0] -> 0x1063
mem[X,0x00000000800408D2] -> 0x02B5
[10702] [M]: 0x00000000800408D0 (0x02B51063) bne a0, a1, 32
mem[X,0x00000000800408F0] -> 0x0113
mem[X,0x00000000800408F2] -> 0x0031
[10703] [M]: 0x00000000800408F0 (0x00310113) addi sp, sp, 3
x2 <- 0x0000000000000003
mem[X,0x00000000800408F4] -> 0x006F
mem[X,0x00000000800408F6] -> 0x0040
[10704] [M]: 0x00000000800408F4 (0x0040006F) jal zero, 4
mem[X,0x00000000800408F8] -> 0xB023
mem[X,0x00000000800408FA] -> 0x3620
[10705] [M]: 0x00000000800408F8 (0x3620B023) sd sp, 864(ra)
mem[0x0000000080046538] <- 0x0000000000000003
mem[X,0x00000000800408FC] -> 0x0537
mem[X,0x00000000800408FE] -> 0x0000
[10706] [M]: 0x00000000800408FC (0x00000537) lui a0, 0
x10 <- 0x0000000000000000
mem[X,0x0000000080040900] -> 0x0513
mem[X,0x0000000080040902] -> 0x0005
[10707] [M]: 0x0000000080040900 (0x00050513) addi a0, a0, 0
x10 <- 0x0000000000000000
mem[X,0x0000000080040904] -> 0x1513
mem[X,0x0000000080040906] -> 0x00B5
[10708] [M]: 0x0000000080040904 (0x00B51513) slli a0, a0, 11
x10 <- 0x0000000000000000
mem[X,0x0000000080040908] -> 0x0513
mem[X,0x000000008004090A] -> 0x5A85
[10709] [M]: 0x0000000080040908 (0x5A850513) addi a0, a0, 1448
x10 <- 0x00000000000005A8
mem[X,0x000000008004090C] -> 0x1513
mem[X,0x000000008004090E] -> 0x00B5
[10710] [M]: 0x000000008004090C (0x00B51513) slli a0, a0, 11
x10 <- 0x00000000002D4000
mem[X,0x0000000080040910] -> 0x0513
mem[X,0x0000000080040912] -> 0x13C5
[10711] [M]: 0x0000000080040910 (0x13C50513) addi a0, a0, 316
x10 <- 0x00000000002D413C
mem[X,0x0000000080040914] -> 0x1513
mem[X,0x0000000080040916] -> 0x00A5
[10712] [M]: 0x0000000080040914 (0x00A51513) slli a0, a0, 10
x10 <- 0x00000000B504F000
mem[X,0x0000000080040918] -> 0x0513
mem[X,0x000000008004091A] -> 0x3345
[10713] [M]: 0x0000000080040918 (0x33450513) addi a0, a0, 820
x10 <- 0x00000000B504F334
mem[X,0x000000008004091C] -> 0x65B7
mem[X,0x000000008004091E] -> 0x6666
[10714] [M]: 0x000000008004091C (0x666665B7) lui a1, 419430
x11 <- 0x0000000066666000
mem[X,0x0000000080040920] -> 0x8593
mem[X,0x0000000080040922] -> 0x6665
[10715] [M]: 0x0000000080040920 (0x66658593) addi a1, a1, 1638
x11 <- 0x0000000066666666
mem[X,0x0000000080040924] -> 0x9593
mem[X,0x0000000080040926] -> 0x00B5
[10716] [M]: 0x0000000080040924 (0x00B59593) slli a1, a1, 11
x11 <- 0x0000033333333000
mem[X,0x0000000080040928] -> 0x8593
mem[X,0x000000008004092A] -> 0x3335
[10717] [M]: 0x0000000080040928 (0x33358593) addi a1, a1, 819
x11 <- 0x0000033333333333
mem[X,0x000000008004092C] -> 0x9593
mem[X,0x000000008004092E] -> 0x00B5
[10718] [M]: 0x000000008004092C (0x00B59593) slli a1, a1, 11
x11 <- 0x0019999999999800
mem[X,0x0000000080040930] -> 0x8593
mem[X,0x0000000080040932] -> 0x1995
[10719] [M]: 0x0000000080040930 (0x19958593) addi a1, a1, 409
x11 <- 0x0019999999999999
mem[X,0x0000000080040934] -> 0x9593
mem[X,0x0000000080040936] -> 0x00A5
[10720] [M]: 0x0000000080040934 (0x00A59593) slli a1, a1, 10
x11 <- 0x6666666666666400
mem[X,0x0000000080040938] -> 0x8593
mem[X,0x000000008004093A] -> 0x2665
[10721] [M]: 0x0000000080040938 (0x26658593) addi a1, a1, 614
x11 <- 0x6666666666666666
mem[X,0x000000008004093C] -> 0x0113
mem[X,0x000000008004093E] -> 0x0000
[10722] [M]: 0x000000008004093C (0x00000113) addi sp, zero, 0
x2 <- 0x0000000000000000
mem[X,0x0000000080040940] -> 0x006F
mem[X,0x0000000080040942] -> 0x0180
[10723] [M]: 0x0000000080040940 (0x0180006F) jal zero, 24
mem[X,0x0000000080040958] -> 0x16E3
mem[X,0x000000008004095A] -> 0xFEB5
[10724] [M]: 0x0000000080040958 (0xFEB516E3) bne a0, a1, 8172
mem[X,0x0000000080040944] -> 0x0113
mem[X,0x0000000080040946] -> 0x0011
[10725] [M]: 0x0000000080040944 (0x00110113) addi sp, sp, 1
x2 <- 0x0000000000000001
mem[X,0x0000000080040948] -> 0x006F
mem[X,0x000000008004094A] -> 0x0240
[10726] [M]: 0x0000000080040948 (0x0240006F) jal zero, 36
mem[X,0x000000008004096C] -> 0xB423
mem[X,0x000000008004096E] -> 0x3620
[10727] [M]: 0x000000008004096C (0x3620B423) sd sp, 872(ra)
mem[0x0000000080046540] <- 0x0000000000000001
mem[X,0x0000000080040970] -> 0x0537
mem[X,0x0000000080040972] -> 0x0000
[10728] [M]: 0x0000000080040970 (0x00000537) lui a0, 0
x10 <- 0x0000000000000000
mem[X,0x0000000080040974] -> 0x0513
mem[X,0x0000000080040976] -> 0x0005
[10729] [M]: 0x0000000080040974 (0x00050513) addi a0, a0, 0
x10 <- 0x0000000000000000
mem[X,0x0000000080040978] -> 0x1513
mem[X,0x000000008004097A] -> 0x00B5
[10730] [M]: 0x0000000080040978 (0x00B51513) slli a0, a0, 11
x10 <- 0x0000000000000000
mem[X,0x000000008004097C] -> 0x0513
mem[X,0x000000008004097E] -> 0x5A85
[10731] [M]: 0x000000008004097C (0x5A850513) addi a0, a0, 1448
x10 <- 0x00000000000005A8
mem[X,0x0000000080040980] -> 0x1513
mem[X,0x0000000080040982] -> 0x00B5
[10732] [M]: 0x0000000080040980 (0x00B51513) slli a0, a0, 11
x10 <- 0x00000000002D4000
mem[X,0x0000000080040984] -> 0x0513
mem[X,0x0000000080040986] -> 0x13C5
[10733] [M]: 0x0000000080040984 (0x13C50513) addi a0, a0, 316
x10 <- 0x00000000002D413C
mem[X,0x0000000080040988] -> 0x1513
mem[X,0x000000008004098A] -> 0x00A5
[10734] [M]: 0x0000000080040988 (0x00A51513) slli a0, a0, 10
x10 <- 0x00000000B504F000
mem[X,0x000000008004098C] -> 0x0513
mem[X,0x000000008004098E] -> 0x3345
[10735] [M]: 0x000000008004098C (0x33450513) addi a0, a0, 820
x10 <- 0x00000000B504F334
mem[X,0x0000000080040990] -> 0x05B7
mem[X,0x0000000080040992] -> 0x0000
[10736] [M]: 0x0000000080040990 (0x000005B7) lui a1, 0
x11 <- 0x0000000000000000
mem[X,0x0000000080040994] -> 0x8593
mem[X,0x0000000080040996] -> 0xFFF5
[10737] [M]: 0x0000000080040994 (0xFFF58593) addi a1, a1, 4095
x11 <- 0xFFFFFFFFFFFFFFFF
mem[X,0x0000000080040998] -> 0x9593
mem[X,0x000000008004099A] -> 0x00B5
[10738] [M]: 0x0000000080040998 (0x00B59593) slli a1, a1, 11
x11 <- 0xFFFFFFFFFFFFF800
mem[X,0x000000008004099C] -> 0x8593
mem[X,0x000000008004099E] -> 0x2575
[10739] [M]: 0x000000008004099C (0x25758593) addi a1, a1, 599
x11 <- 0xFFFFFFFFFFFFFA57
mem[X,0x00000000800409A0] -> 0x9593
mem[X,0x00000000800409A2] -> 0x00B5
[10740] [M]: 0x00000000800409A0 (0x00B59593) slli a1, a1, 11
x11 <- 0xFFFFFFFFFFD2B800
mem[X,0x00000000800409A4] -> 0x8593
mem[X,0x00000000800409A6] -> 0x6C35
[10741] [M]: 0x00000000800409A4 (0x6C358593) addi a1, a1, 1731
x11 <- 0xFFFFFFFFFFD2BEC3
mem[X,0x00000000800409A8] -> 0x9593
mem[X,0x00000000800409AA] -> 0x00A5
[10742] [M]: 0x00000000800409A8 (0x00A59593) slli a1, a1, 10
x11 <- 0xFFFFFFFF4AFB0C00
mem[X,0x00000000800409AC] -> 0x8593
mem[X,0x00000000800409AE] -> 0x0CD5
[10743] [M]: 0x00000000800409AC (0x0CD58593) addi a1, a1, 205
x11 <- 0xFFFFFFFF4AFB0CCD
mem[X,0x00000000800409B0] -> 0x0113
mem[X,0x00000000800409B2] -> 0x0000
[10744] [M]: 0x00000000800409B0 (0x00000113) addi sp, zero, 0
x2 <- 0x0000000000000000
mem[X,0x00000000800409B4] -> 0x006F
mem[X,0x00000000800409B6] -> 0x00C0
[10745] [M]: 0x00000000800409B4 (0x00C0006F) jal zero, 12
mem[X,0x00000000800409C0] -> 0x1063
mem[X,0x00000000800409C2] -> 0x04B5
[10746] [M]: 0x00000000800409C0 (0x04B51063) bne a0, a1, 64
mem[X,0x0000000080040A00] -> 0x0113
mem[X,0x0000000080040A02] -> 0x0031
[10747] [M]: 0x0000000080040A00 (0x00310113) addi sp, sp, 3
x2 <- 0x0000000000000003
mem[X,0x0000000080040A04] -> 0x006F
mem[X,0x0000000080040A06] -> 0x0040
[10748] [M]: 0x0000000080040A04 (0x0040006F) jal zero, 4
mem[X,0x0000000080040A08] -> 0xB823
mem[X,0x0000000080040A0A] -> 0x3620
[10749] [M]: 0x0000000080040A08 (0x3620B823) sd sp, 880(ra)
mem[0x0000000080046548] <- 0x0000000000000003
mem[X,0x0000000080040A0C] -> 0x0537
mem[X,0x0000000080040A0E] -> 0x0000
[10750] [M]: 0x0000000080040A0C (0x00000537) lui a0, 0
x10 <- 0x0000000000000000
mem[X,0x0000000080040A10] -> 0x0513
mem[X,0x0000000080040A12] -> 0x0005
[10751] [M]: 0x0000000080040A10 (0x00050513) addi a0, a0, 0
x10 <- 0x0000000000000000
mem[X,0x0000000080040A14] -> 0x1513
mem[X,0x0000000080040A16] -> 0x00B5
[10752] [M]: 0x0000000080040A14 (0x00B51513) slli a0, a0, 11
x10 <- 0x0000000000000000
mem[X,0x0000000080040A18] -> 0x0513
mem[X,0x0000000080040A1A] -> 0x5A85
[10753] [M]: 0x0000000080040A18 (0x5A850513) addi a0, a0, 1448
x10 <- 0x00000000000005A8
mem[X,0x0000000080040A1C] -> 0x1513
mem[X,0x0000000080040A1E] -> 0x00B5
[10754] [M]: 0x0000000080040A1C (0x00B51513) slli a0, a0, 11
x10 <- 0x00000000002D4000
mem[X,0x0000000080040A20] -> 0x0513
mem[X,0x0000000080040A22] -> 0x13C5
[10755] [M]: 0x0000000080040A20 (0x13C50513) addi a0, a0, 316
x10 <- 0x00000000002D413C
mem[X,0x0000000080040A24] -> 0x1513
mem[X,0x0000000080040A26] -> 0x00A5
[10756] [M]: 0x0000000080040A24 (0x00A51513) slli a0, a0, 10
x10 <- 0x00000000B504F000
mem[X,0x0000000080040A28] -> 0x0513
mem[X,0x0000000080040A2A] -> 0x3345
[10757] [M]: 0x0000000080040A28 (0x33450513) addi a0, a0, 820
x10 <- 0x00000000B504F334
mem[X,0x0000000080040A2C] -> 0x05B7
mem[X,0x0000000080040A2E] -> 0x0000
[10758] [M]: 0x0000000080040A2C (0x000005B7) lui a1, 0
x11 <- 0x0000000000000000
mem[X,0x0000000080040A30] -> 0x8593
mem[X,0x0000000080040A32] -> 0x0005
[10759] [M]: 0x0000000080040A30 (0x00058593) addi a1, a1, 0
x11 <- 0x0000000000000000
mem[X,0x0000000080040A34] -> 0x9593
mem[X,0x0000000080040A36] -> 0x00B5
[10760] [M]: 0x0000000080040A34 (0x00B59593) slli a1, a1, 11
x11 <- 0x0000000000000000
mem[X,0x0000000080040A38] -> 0x8593
mem[X,0x0000000080040A3A] -> 0x5A85
[10761] [M]: 0x0000000080040A38 (0x5A858593) addi a1, a1, 1448
x11 <- 0x00000000000005A8
mem[X,0x0000000080040A3C] -> 0x9593
mem[X,0x0000000080040A3E] -> 0x00B5
[10762] [M]: 0x0000000080040A3C (0x00B59593) slli a1, a1, 11
x11 <- 0x00000000002D4000
mem[X,0x0000000080040A40] -> 0x8593
mem[X,0x0000000080040A42] -> 0x13C5
[10763] [M]: 0x0000000080040A40 (0x13C58593) addi a1, a1, 316
x11 <- 0x00000000002D413C
mem[X,0x0000000080040A44] -> 0x9593
mem[X,0x0000000080040A46] -> 0x00A5
[10764] [M]: 0x0000000080040A44 (0x00A59593) slli a1, a1, 10
x11 <- 0x00000000B504F000
mem[X,0x0000000080040A48] -> 0x8593
mem[X,0x0000000080040A4A] -> 0x3335
[10765] [M]: 0x0000000080040A48 (0x33358593) addi a1, a1, 819
x11 <- 0x00000000B504F333
mem[X,0x0000000080040A4C] -> 0x0113
mem[X,0x0000000080040A4E] -> 0x0000
[10766] [M]: 0x0000000080040A4C (0x00000113) addi sp, zero, 0
x2 <- 0x0000000000000000
mem[X,0x0000000080040A50] -> 0x006F
mem[X,0x0000000080040A52] -> 0x00C0
[10767] [M]: 0x0000000080040A50 (0x00C0006F) jal zero, 12
mem[X,0x0000000080040A5C] -> 0x1663
mem[X,0x0000000080040A5E] -> 0x00B5
[10768] [M]: 0x0000000080040A5C (0x00B51663) bne a0, a1, 12
mem[X,0x0000000080040A68] -> 0x0113
mem[X,0x0000000080040A6A] -> 0x0031
[10769] [M]: 0x0000000080040A68 (0x00310113) addi sp, sp, 3
x2 <- 0x0000000000000003
mem[X,0x0000000080040A6C] -> 0x006F
mem[X,0x0000000080040A6E] -> 0x0040
[10770] [M]: 0x0000000080040A6C (0x0040006F) jal zero, 4
mem[X,0x0000000080040A70] -> 0xBC23
mem[X,0x0000000080040A72] -> 0x3620
[10771] [M]: 0x0000000080040A70 (0x3620BC23) sd sp, 888(ra)
mem[0x0000000080046550] <- 0x0000000000000003
mem[X,0x0000000080040A74] -> 0x0537
mem[X,0x0000000080040A76] -> 0x0000
[10772] [M]: 0x0000000080040A74 (0x00000537) lui a0, 0
x10 <- 0x0000000000000000
mem[X,0x0000000080040A78] -> 0x0513
mem[X,0x0000000080040A7A] -> 0x0005
[10773] [M]: 0x0000000080040A78 (0x00050513) addi a0, a0, 0
x10 <- 0x0000000000000000
mem[X,0x0000000080040A7C] -> 0x1513
mem[X,0x0000000080040A7E] -> 0x00B5
[10774] [M]: 0x0000000080040A7C (0x00B51513) slli a0, a0, 11
x10 <- 0x0000000000000000
mem[X,0x0000000080040A80] -> 0x0513
mem[X,0x0000000080040A82] -> 0x5A85
[10775] [M]: 0x0000000080040A80 (0x5A850513) addi a0, a0, 1448
x10 <- 0x00000000000005A8
mem[X,0x0000000080040A84] -> 0x1513
mem[X,0x0000000080040A86] -> 0x00B5
[10776] [M]: 0x0000000080040A84 (0x00B51513) slli a0, a0, 11
x10 <- 0x00000000002D4000
mem[X,0x0000000080040A88] -> 0x0513
mem[X,0x0000000080040A8A] -> 0x13C5
[10777] [M]: 0x0000000080040A88 (0x13C50513) addi a0, a0, 316
x10 <- 0x00000000002D413C
mem[X,0x0000000080040A8C] -> 0x1513
mem[X,0x0000000080040A8E] -> 0x00A5
[10778] [M]: 0x0000000080040A8C (0x00A51513) slli a0, a0, 10
x10 <- 0x00000000B504F000
mem[X,0x0000000080040A90] -> 0x0513
mem[X,0x0000000080040A92] -> 0x3345
[10779] [M]: 0x0000000080040A90 (0x33450513) addi a0, a0, 820
x10 <- 0x00000000B504F334
mem[X,0x0000000080040A94] -> 0x0593
mem[X,0x0000000080040A96] -> 0x0020
[10780] [M]: 0x0000000080040A94 (0x00200593) addi a1, zero, 2
x11 <- 0x0000000000000002
mem[X,0x0000000080040A98] -> 0x0113
mem[X,0x0000000080040A9A] -> 0x0000
[10781] [M]: 0x0000000080040A98 (0x00000113) addi sp, zero, 0
x2 <- 0x0000000000000000
mem[X,0x0000000080040A9C] -> 0x006F
mem[X,0x0000000080040A9E] -> 0x00C0
[10782] [M]: 0x0000000080040A9C (0x00C0006F) jal zero, 12
mem[X,0x0000000080040AA8] -> 0x1663
mem[X,0x0000000080040AAA] -> 0x00B5
[10783] [M]: 0x0000000080040AA8 (0x00B51663) bne a0, a1, 12
mem[X,0x0000000080040AB4] -> 0x0113
mem[X,0x0000000080040AB6] -> 0x0031
[10784] [M]: 0x0000000080040AB4 (0x00310113) addi sp, sp, 3
x2 <- 0x0000000000000003
mem[X,0x0000000080040AB8] -> 0x006F
mem[X,0x0000000080040ABA] -> 0x0040
[10785] [M]: 0x0000000080040AB8 (0x0040006F) jal zero, 4
mem[X,0x0000000080040ABC] -> 0xB023
mem[X,0x0000000080040ABE] -> 0x3820
[10786] [M]: 0x0000000080040ABC (0x3820B023) sd sp, 896(ra)
mem[0x0000000080046558] <- 0x0000000000000003
mem[X,0x0000000080040AC0] -> 0x0537
mem[X,0x0000000080040AC2] -> 0x0000
[10787] [M]: 0x0000000080040AC0 (0x00000537) lui a0, 0
x10 <- 0x0000000000000000
mem[X,0x0000000080040AC4] -> 0x0513
mem[X,0x0000000080040AC6] -> 0x0005
[10788] [M]: 0x0000000080040AC4 (0x00050513) addi a0, a0, 0
x10 <- 0x0000000000000000
mem[X,0x0000000080040AC8] -> 0x1513
mem[X,0x0000000080040ACA] -> 0x00B5
[10789] [M]: 0x0000000080040AC8 (0x00B51513) slli a0, a0, 11
x10 <- 0x0000000000000000
mem[X,0x0000000080040ACC] -> 0x0513
mem[X,0x0000000080040ACE] -> 0x5A85
[10790] [M]: 0x0000000080040ACC (0x5A850513) addi a0, a0, 1448
x10 <- 0x00000000000005A8
mem[X,0x0000000080040AD0] -> 0x1513
mem[X,0x0000000080040AD2] -> 0x00B5
[10791] [M]: 0x0000000080040AD0 (0x00B51513) slli a0, a0, 11
x10 <- 0x00000000002D4000
mem[X,0x0000000080040AD4] -> 0x0513
mem[X,0x0000000080040AD6] -> 0x13C5
[10792] [M]: 0x0000000080040AD4 (0x13C50513) addi a0, a0, 316
x10 <- 0x00000000002D413C
mem[X,0x0000000080040AD8] -> 0x1513
mem[X,0x0000000080040ADA] -> 0x00A5
[10793] [M]: 0x0000000080040AD8 (0x00A51513) slli a0, a0, 10
x10 <- 0x00000000B504F000
mem[X,0x0000000080040ADC] -> 0x0513
mem[X,0x0000000080040ADE] -> 0x3345
[10794] [M]: 0x0000000080040ADC (0x33450513) addi a0, a0, 820
x10 <- 0x00000000B504F334
mem[X,0x0000000080040AE0] -> 0x55B7
mem[X,0x0000000080040AE2] -> 0x5555
[10795] [M]: 0x0000000080040AE0 (0x555555B7) lui a1, 349525
x11 <- 0x0000000055555000
mem[X,0x0000000080040AE4] -> 0x8593
mem[X,0x0000000080040AE6] -> 0x5555
[10796] [M]: 0x0000000080040AE4 (0x55558593) addi a1, a1, 1365
x11 <- 0x0000000055555555
mem[X,0x0000000080040AE8] -> 0x9593
mem[X,0x0000000080040AEA] -> 0x00B5
[10797] [M]: 0x0000000080040AE8 (0x00B59593) slli a1, a1, 11
x11 <- 0x000002AAAAAAA800
mem[X,0x0000000080040AEC] -> 0x8593
mem[X,0x0000000080040AEE] -> 0x2AA5
[10798] [M]: 0x0000000080040AEC (0x2AA58593) addi a1, a1, 682
x11 <- 0x000002AAAAAAAAAA
mem[X,0x0000000080040AF0] -> 0x9593
mem[X,0x0000000080040AF2] -> 0x00B5
[10799] [M]: 0x0000000080040AF0 (0x00B59593) slli a1, a1, 11
x11 <- 0x0015555555555000
clint::tick mtime <- 0x000000000000006C
 clint timer pending at mtime 0x000000000000006C
htif::tick 0x0000000000000000
mem[X,0x0000000080040AF4] -> 0x8593
mem[X,0x0000000080040AF6] -> 0x5555
[10800] [M]: 0x0000000080040AF4 (0x55558593) addi a1, a1, 1365
x11 <- 0x0015555555555555
mem[X,0x0000000080040AF8] -> 0x9593
mem[X,0x0000000080040AFA] -> 0x00A5
[10801] [M]: 0x0000000080040AF8 (0x00A59593) slli a1, a1, 10
x11 <- 0x5555555555555400
mem[X,0x0000000080040AFC] -> 0x8593
mem[X,0x0000000080040AFE] -> 0x1545
[10802] [M]: 0x0000000080040AFC (0x15458593) addi a1, a1, 340
x11 <- 0x5555555555555554
mem[X,0x0000000080040B00] -> 0x0113
mem[X,0x0000000080040B02] -> 0x0000
[10803] [M]: 0x0000000080040B00 (0x00000113) addi sp, zero, 0
x2 <- 0x0000000000000000
mem[X,0x0000000080040B04] -> 0x006F
mem[X,0x0000000080040B06] -> 0x00C0
[10804] [M]: 0x0000000080040B04 (0x00C0006F) jal zero, 12
mem[X,0x0000000080040B10] -> 0x1663
mem[X,0x0000000080040B12] -> 0x00B5
[10805] [M]: 0x0000000080040B10 (0x00B51663) bne a0, a1, 12
mem[X,0x0000000080040B1C] -> 0x0113
mem[X,0x0000000080040B1E] -> 0x0031
[10806] [M]: 0x0000000080040B1C (0x00310113) addi sp, sp, 3
x2 <- 0x0000000000000003
mem[X,0x0000000080040B20] -> 0x006F
mem[X,0x0000000080040B22] -> 0x0040
[10807] [M]: 0x0000000080040B20 (0x0040006F) jal zero, 4
mem[X,0x0000000080040B24] -> 0xB423
mem[X,0x0000000080040B26] -> 0x3820
[10808] [M]: 0x0000000080040B24 (0x3820B423) sd sp, 904(ra)
mem[0x0000000080046560] <- 0x0000000000000003
mem[X,0x0000000080040B28] -> 0x0537
mem[X,0x0000000080040B2A] -> 0x0000
[10809] [M]: 0x0000000080040B28 (0x00000537) lui a0, 0
x10 <- 0x0000000000000000
mem[X,0x0000000080040B2C] -> 0x0513
mem[X,0x0000000080040B2E] -> 0x0005
[10810] [M]: 0x0000000080040B2C (0x00050513) addi a0, a0, 0
x10 <- 0x0000000000000000
mem[X,0x0000000080040B30] -> 0x1513
mem[X,0x0000000080040B32] -> 0x00B5
[10811] [M]: 0x0000000080040B30 (0x00B51513) slli a0, a0, 11
x10 <- 0x0000000000000000
mem[X,0x0000000080040B34] -> 0x0513
mem[X,0x0000000080040B36] -> 0x5A85
[10812] [M]: 0x0000000080040B34 (0x5A850513) addi a0, a0, 1448
x10 <- 0x00000000000005A8
mem[X,0x0000000080040B38] -> 0x1513
mem[X,0x0000000080040B3A] -> 0x00B5
[10813] [M]: 0x0000000080040B38 (0x00B51513) slli a0, a0, 11
x10 <- 0x00000000002D4000
mem[X,0x0000000080040B3C] -> 0x0513
mem[X,0x0000000080040B3E] -> 0x13C5
[10814] [M]: 0x0000000080040B3C (0x13C50513) addi a0, a0, 316
x10 <- 0x00000000002D413C
mem[X,0x0000000080040B40] -> 0x1513
mem[X,0x0000000080040B42] -> 0x00A5
[10815] [M]: 0x0000000080040B40 (0x00A51513) slli a0, a0, 10
x10 <- 0x00000000B504F000
mem[X,0x0000000080040B44] -> 0x0513
mem[X,0x0000000080040B46] -> 0x3345
[10816] [M]: 0x0000000080040B44 (0x33450513) addi a0, a0, 820
x10 <- 0x00000000B504F334
mem[X,0x0000000080040B48] -> 0x0593
mem[X,0x0000000080040B4A] -> 0x0000
[10817] [M]: 0x0000000080040B48 (0x00000593) addi a1, zero, 0
x11 <- 0x0000000000000000
mem[X,0x0000000080040B4C] -> 0x0113
mem[X,0x0000000080040B4E] -> 0x0000
[10818] [M]: 0x0000000080040B4C (0x00000113) addi sp, zero, 0
x2 <- 0x0000000000000000
mem[X,0x0000000080040B50] -> 0x006F
mem[X,0x0000000080040B52] -> 0x00C0
[10819] [M]: 0x0000000080040B50 (0x00C0006F) jal zero, 12
mem[X,0x0000000080040B5C] -> 0x1063
mem[X,0x0000000080040B5E] -> 0x20B5
[10820] [M]: 0x0000000080040B5C (0x20B51063) bne a0, a1, 512
mem[X,0x0000000080040D5C] -> 0x0113
mem[X,0x0000000080040D5E] -> 0x0031
[10821] [M]: 0x0000000080040D5C (0x00310113) addi sp, sp, 3
x2 <- 0x0000000000000003
mem[X,0x0000000080040D60] -> 0x006F
mem[X,0x0000000080040D62] -> 0x0040
[10822] [M]: 0x0000000080040D60 (0x0040006F) jal zero, 4
mem[X,0x0000000080040D64] -> 0xB823
mem[X,0x0000000080040D66] -> 0x3820
[10823] [M]: 0x0000000080040D64 (0x3820B823) sd sp, 912(ra)
mem[0x0000000080046568] <- 0x0000000000000003
mem[X,0x0000000080040D68] -> 0x0537
mem[X,0x0000000080040D6A] -> 0x0000
[10824] [M]: 0x0000000080040D68 (0x00000537) lui a0, 0
x10 <- 0x0000000000000000
mem[X,0x0000000080040D6C] -> 0x0513
mem[X,0x0000000080040D6E] -> 0x0005
[10825] [M]: 0x0000000080040D6C (0x00050513) addi a0, a0, 0
x10 <- 0x0000000000000000
mem[X,0x0000000080040D70] -> 0x1513
mem[X,0x0000000080040D72] -> 0x00B5
[10826] [M]: 0x0000000080040D70 (0x00B51513) slli a0, a0, 11
x10 <- 0x0000000000000000
mem[X,0x0000000080040D74] -> 0x0513
mem[X,0x0000000080040D76] -> 0x5A85
[10827] [M]: 0x0000000080040D74 (0x5A850513) addi a0, a0, 1448
x10 <- 0x00000000000005A8
mem[X,0x0000000080040D78] -> 0x1513
mem[X,0x0000000080040D7A] -> 0x00B5
[10828] [M]: 0x0000000080040D78 (0x00B51513) slli a0, a0, 11
x10 <- 0x00000000002D4000
mem[X,0x0000000080040D7C] -> 0x0513
mem[X,0x0000000080040D7E] -> 0x13C5
[10829] [M]: 0x0000000080040D7C (0x13C50513) addi a0, a0, 316
x10 <- 0x00000000002D413C
mem[X,0x0000000080040D80] -> 0x1513
mem[X,0x0000000080040D82] -> 0x00A5
[10830] [M]: 0x0000000080040D80 (0x00A51513) slli a0, a0, 10
x10 <- 0x00000000B504F000
mem[X,0x0000000080040D84] -> 0x0513
mem[X,0x0000000080040D86] -> 0x3345
[10831] [M]: 0x0000000080040D84 (0x33450513) addi a0, a0, 820
x10 <- 0x00000000B504F334
mem[X,0x0000000080040D88] -> 0x0593
mem[X,0x0000000080040D8A] -> 0x0040
[10832] [M]: 0x0000000080040D88 (0x00400593) addi a1, zero, 4
x11 <- 0x0000000000000004
mem[X,0x0000000080040D8C] -> 0x0113
mem[X,0x0000000080040D8E] -> 0x0000
[10833] [M]: 0x0000000080040D8C (0x00000113) addi sp, zero, 0
x2 <- 0x0000000000000000
mem[X,0x0000000080040D90] -> 0x006F
mem[X,0x0000000080040D92] -> 0x0180
[10834] [M]: 0x0000000080040D90 (0x0180006F) jal zero, 24
mem[X,0x0000000080040DA8] -> 0x16E3
mem[X,0x0000000080040DAA] -> 0xFEB5
[10835] [M]: 0x0000000080040DA8 (0xFEB516E3) bne a0, a1, 8172
mem[X,0x0000000080040D94] -> 0x0113
mem[X,0x0000000080040D96] -> 0x0011
[10836] [M]: 0x0000000080040D94 (0x00110113) addi sp, sp, 1
x2 <- 0x0000000000000001
mem[X,0x0000000080040D98] -> 0x006F
mem[X,0x0000000080040D9A] -> 0x0240
[10837] [M]: 0x0000000080040D98 (0x0240006F) jal zero, 36
mem[X,0x0000000080040DBC] -> 0xBC23
mem[X,0x0000000080040DBE] -> 0x3820
[10838] [M]: 0x0000000080040DBC (0x3820BC23) sd sp, 920(ra)
mem[0x0000000080046570] <- 0x0000000000000001
mem[X,0x0000000080040DC0] -> 0x0537
mem[X,0x0000000080040DC2] -> 0x0000
[10839] [M]: 0x0000000080040DC0 (0x00000537) lui a0, 0
x10 <- 0x0000000000000000
mem[X,0x0000000080040DC4] -> 0x0513
mem[X,0x0000000080040DC6] -> 0x0005
[10840] [M]: 0x0000000080040DC4 (0x00050513) addi a0, a0, 0
x10 <- 0x0000000000000000
mem[X,0x0000000080040DC8] -> 0x1513
mem[X,0x0000000080040DCA] -> 0x00B5
[10841] [M]: 0x0000000080040DC8 (0x00B51513) slli a0, a0, 11
x10 <- 0x0000000000000000
mem[X,0x0000000080040DCC] -> 0x0513
mem[X,0x0000000080040DCE] -> 0x5A85
[10842] [M]: 0x0000000080040DCC (0x5A850513) addi a0, a0, 1448
x10 <- 0x00000000000005A8
mem[X,0x0000000080040DD0] -> 0x1513
mem[X,0x0000000080040DD2] -> 0x00B5
[10843] [M]: 0x0000000080040DD0 (0x00B51513) slli a0, a0, 11
x10 <- 0x00000000002D4000
mem[X,0x0000000080040DD4] -> 0x0513
mem[X,0x0000000080040DD6] -> 0x13C5
[10844] [M]: 0x0000000080040DD4 (0x13C50513) addi a0, a0, 316
x10 <- 0x00000000002D413C
mem[X,0x0000000080040DD8] -> 0x1513
mem[X,0x0000000080040DDA] -> 0x00A5
[10845] [M]: 0x0000000080040DD8 (0x00A51513) slli a0, a0, 10
x10 <- 0x00000000B504F000
mem[X,0x0000000080040DDC] -> 0x0513
mem[X,0x0000000080040DDE] -> 0x3345
[10846] [M]: 0x0000000080040DDC (0x33450513) addi a0, a0, 820
x10 <- 0x00000000B504F334
mem[X,0x0000000080040DE0] -> 0x35B7
mem[X,0x0000000080040DE2] -> 0x3333
[10847] [M]: 0x0000000080040DE0 (0x333335B7) lui a1, 209715
x11 <- 0x0000000033333000
mem[X,0x0000000080040DE4] -> 0x8593
mem[X,0x0000000080040DE6] -> 0x3335
[10848] [M]: 0x0000000080040DE4 (0x33358593) addi a1, a1, 819
x11 <- 0x0000000033333333
mem[X,0x0000000080040DE8] -> 0x9593
mem[X,0x0000000080040DEA] -> 0x00B5
[10849] [M]: 0x0000000080040DE8 (0x00B59593) slli a1, a1, 11
x11 <- 0x0000019999999800
mem[X,0x0000000080040DEC] -> 0x8593
mem[X,0x0000000080040DEE] -> 0x1995
[10850] [M]: 0x0000000080040DEC (0x19958593) addi a1, a1, 409
x11 <- 0x0000019999999999
mem[X,0x0000000080040DF0] -> 0x9593
mem[X,0x0000000080040DF2] -> 0x00B5
[10851] [M]: 0x0000000080040DF0 (0x00B59593) slli a1, a1, 11
x11 <- 0x000CCCCCCCCCC800
mem[X,0x0000000080040DF4] -> 0x8593
mem[X,0x0000000080040DF6] -> 0x4CC5
[10852] [M]: 0x0000000080040DF4 (0x4CC58593) addi a1, a1, 1228
x11 <- 0x000CCCCCCCCCCCCC
mem[X,0x0000000080040DF8] -> 0x9593
mem[X,0x0000000080040DFA] -> 0x00A5
[10853] [M]: 0x0000000080040DF8 (0x00A59593) slli a1, a1, 10
x11 <- 0x3333333333333000
mem[X,0x0000000080040DFC] -> 0x8593
mem[X,0x0000000080040DFE] -> 0x3325
[10854] [M]: 0x0000000080040DFC (0x33258593) addi a1, a1, 818
x11 <- 0x3333333333333332
mem[X,0x0000000080040E00] -> 0x0113
mem[X,0x0000000080040E02] -> 0x0000
[10855] [M]: 0x0000000080040E00 (0x00000113) addi sp, zero, 0
x2 <- 0x0000000000000000
mem[X,0x0000000080040E04] -> 0x006F
mem[X,0x0000000080040E06] -> 0x0180
[10856] [M]: 0x0000000080040E04 (0x0180006F) jal zero, 24
mem[X,0x0000000080040E1C] -> 0x16E3
mem[X,0x0000000080040E1E] -> 0xFEB5
[10857] [M]: 0x0000000080040E1C (0xFEB516E3) bne a0, a1, 8172
mem[X,0x0000000080040E08] -> 0x0113
mem[X,0x0000000080040E0A] -> 0x0011
[10858] [M]: 0x0000000080040E08 (0x00110113) addi sp, sp, 1
x2 <- 0x0000000000000001
mem[X,0x0000000080040E0C] -> 0x006F
mem[X,0x0000000080040E0E] -> 0x0240
[10859] [M]: 0x0000000080040E0C (0x0240006F) jal zero, 36
mem[X,0x0000000080040E30] -> 0xB023
mem[X,0x0000000080040E32] -> 0x3A20
[10860] [M]: 0x0000000080040E30 (0x3A20B023) sd sp, 928(ra)
mem[0x0000000080046578] <- 0x0000000000000001
mem[X,0x0000000080040E34] -> 0x0537
mem[X,0x0000000080040E36] -> 0x0000
[10861] [M]: 0x0000000080040E34 (0x00000537) lui a0, 0
x10 <- 0x0000000000000000
mem[X,0x0000000080040E38] -> 0x0513
mem[X,0x0000000080040E3A] -> 0x0005
[10862] [M]: 0x0000000080040E38 (0x00050513) addi a0, a0, 0
x10 <- 0x0000000000000000
mem[X,0x0000000080040E3C] -> 0x1513
mem[X,0x0000000080040E3E] -> 0x00B5
[10863] [M]: 0x0000000080040E3C (0x00B51513) slli a0, a0, 11
x10 <- 0x0000000000000000
mem[X,0x0000000080040E40] -> 0x0513
mem[X,0x0000000080040E42] -> 0x5A85
[10864] [M]: 0x0000000080040E40 (0x5A850513) addi a0, a0, 1448
x10 <- 0x00000000000005A8
mem[X,0x0000000080040E44] -> 0x1513
mem[X,0x0000000080040E46] -> 0x00B5
[10865] [M]: 0x0000000080040E44 (0x00B51513) slli a0, a0, 11
x10 <- 0x00000000002D4000
mem[X,0x0000000080040E48] -> 0x0513
mem[X,0x0000000080040E4A] -> 0x13C5
[10866] [M]: 0x0000000080040E48 (0x13C50513) addi a0, a0, 316
x10 <- 0x00000000002D413C
mem[X,0x0000000080040E4C] -> 0x1513
mem[X,0x0000000080040E4E] -> 0x00A5
[10867] [M]: 0x0000000080040E4C (0x00A51513) slli a0, a0, 10
x10 <- 0x00000000B504F000
mem[X,0x0000000080040E50] -> 0x0513
mem[X,0x0000000080040E52] -> 0x3345
[10868] [M]: 0x0000000080040E50 (0x33450513) addi a0, a0, 820
x10 <- 0x00000000B504F334
mem[X,0x0000000080040E54] -> 0x65B7
mem[X,0x0000000080040E56] -> 0x6666
[10869] [M]: 0x0000000080040E54 (0x666665B7) lui a1, 419430
x11 <- 0x0000000066666000
mem[X,0x0000000080040E58] -> 0x8593
mem[X,0x0000000080040E5A] -> 0x6665
[10870] [M]: 0x0000000080040E58 (0x66658593) addi a1, a1, 1638
x11 <- 0x0000000066666666
mem[X,0x0000000080040E5C] -> 0x9593
mem[X,0x0000000080040E5E] -> 0x00B5
[10871] [M]: 0x0000000080040E5C (0x00B59593) slli a1, a1, 11
x11 <- 0x0000033333333000
mem[X,0x0000000080040E60] -> 0x8593
mem[X,0x0000000080040E62] -> 0x3335
[10872] [M]: 0x0000000080040E60 (0x33358593) addi a1, a1, 819
x11 <- 0x0000033333333333
mem[X,0x0000000080040E64] -> 0x9593
mem[X,0x0000000080040E66] -> 0x00B5
[10873] [M]: 0x0000000080040E64 (0x00B59593) slli a1, a1, 11
x11 <- 0x0019999999999800
mem[X,0x0000000080040E68] -> 0x8593
mem[X,0x0000000080040E6A] -> 0x1995
[10874] [M]: 0x0000000080040E68 (0x19958593) addi a1, a1, 409
x11 <- 0x0019999999999999
mem[X,0x0000000080040E6C] -> 0x9593
mem[X,0x0000000080040E6E] -> 0x00A5
[10875] [M]: 0x0000000080040E6C (0x00A59593) slli a1, a1, 10
x11 <- 0x6666666666666400
mem[X,0x0000000080040E70] -> 0x8593
mem[X,0x0000000080040E72] -> 0x2655
[10876] [M]: 0x0000000080040E70 (0x26558593) addi a1, a1, 613
x11 <- 0x6666666666666665
mem[X,0x0000000080040E74] -> 0x0113
mem[X,0x0000000080040E76] -> 0x0000
[10877] [M]: 0x0000000080040E74 (0x00000113) addi sp, zero, 0
x2 <- 0x0000000000000000
mem[X,0x0000000080040E78] -> 0x006F
mem[X,0x0000000080040E7A] -> 0x00C0
[10878] [M]: 0x0000000080040E78 (0x00C0006F) jal zero, 12
mem[X,0x0000000080040E84] -> 0x1663
mem[X,0x0000000080040E86] -> 0x00B5
[10879] [M]: 0x0000000080040E84 (0x00B51663) bne a0, a1, 12
mem[X,0x0000000080040E90] -> 0x0113
mem[X,0x0000000080040E92] -> 0x0031
[10880] [M]: 0x0000000080040E90 (0x00310113) addi sp, sp, 3
x2 <- 0x0000000000000003
mem[X,0x0000000080040E94] -> 0x006F
mem[X,0x0000000080040E96] -> 0x0040
[10881] [M]: 0x0000000080040E94 (0x0040006F) jal zero, 4
mem[X,0x0000000080040E98] -> 0xB423
mem[X,0x0000000080040E9A] -> 0x3A20
[10882] [M]: 0x0000000080040E98 (0x3A20B423) sd sp, 936(ra)
mem[0x0000000080046580] <- 0x0000000000000003
mem[X,0x0000000080040E9C] -> 0x0537
mem[X,0x0000000080040E9E] -> 0x0000
[10883] [M]: 0x0000000080040E9C (0x00000537) lui a0, 0
x10 <- 0x0000000000000000
mem[X,0x0000000080040EA0] -> 0x0513
mem[X,0x0000000080040EA2] -> 0x0005
[10884] [M]: 0x0000000080040EA0 (0x00050513) addi a0, a0, 0
x10 <- 0x0000000000000000
mem[X,0x0000000080040EA4] -> 0x1513
mem[X,0x0000000080040EA6] -> 0x00B5
[10885] [M]: 0x0000000080040EA4 (0x00B51513) slli a0, a0, 11
x10 <- 0x0000000000000000
mem[X,0x0000000080040EA8] -> 0x0513
mem[X,0x0000000080040EAA] -> 0x5A85
[10886] [M]: 0x0000000080040EA8 (0x5A850513) addi a0, a0, 1448
x10 <- 0x00000000000005A8
mem[X,0x0000000080040EAC] -> 0x1513
mem[X,0x0000000080040EAE] -> 0x00B5
[10887] [M]: 0x0000000080040EAC (0x00B51513) slli a0, a0, 11
x10 <- 0x00000000002D4000
mem[X,0x0000000080040EB0] -> 0x0513
mem[X,0x0000000080040EB2] -> 0x13C5
[10888] [M]: 0x0000000080040EB0 (0x13C50513) addi a0, a0, 316
x10 <- 0x00000000002D413C
mem[X,0x0000000080040EB4] -> 0x1513
mem[X,0x0000000080040EB6] -> 0x00A5
[10889] [M]: 0x0000000080040EB4 (0x00A51513) slli a0, a0, 10
x10 <- 0x00000000B504F000
mem[X,0x0000000080040EB8] -> 0x0513
mem[X,0x0000000080040EBA] -> 0x3345
[10890] [M]: 0x0000000080040EB8 (0x33450513) addi a0, a0, 820
x10 <- 0x00000000B504F334
mem[X,0x0000000080040EBC] -> 0x05B7
mem[X,0x0000000080040EBE] -> 0x0000
[10891] [M]: 0x0000000080040EBC (0x000005B7) lui a1, 0
x11 <- 0x0000000000000000
mem[X,0x0000000080040EC0] -> 0x8593
mem[X,0x0000000080040EC2] -> 0x0005
[10892] [M]: 0x0000000080040EC0 (0x00058593) addi a1, a1, 0
x11 <- 0x0000000000000000
mem[X,0x0000000080040EC4] -> 0x9593
mem[X,0x0000000080040EC6] -> 0x00B5
[10893] [M]: 0x0000000080040EC4 (0x00B59593) slli a1, a1, 11
x11 <- 0x0000000000000000
mem[X,0x0000000080040EC8] -> 0x8593
mem[X,0x0000000080040ECA] -> 0x5A85
[10894] [M]: 0x0000000080040EC8 (0x5A858593) addi a1, a1, 1448
x11 <- 0x00000000000005A8
mem[X,0x0000000080040ECC] -> 0x9593
mem[X,0x0000000080040ECE] -> 0x00B5
[10895] [M]: 0x0000000080040ECC (0x00B59593) slli a1, a1, 11
x11 <- 0x00000000002D4000
mem[X,0x0000000080040ED0] -> 0x8593
mem[X,0x0000000080040ED2] -> 0x13C5
[10896] [M]: 0x0000000080040ED0 (0x13C58593) addi a1, a1, 316
x11 <- 0x00000000002D413C
mem[X,0x0000000080040ED4] -> 0x9593
mem[X,0x0000000080040ED6] -> 0x00A5
[10897] [M]: 0x0000000080040ED4 (0x00A59593) slli a1, a1, 10
x11 <- 0x00000000B504F000
mem[X,0x0000000080040ED8] -> 0x8593
mem[X,0x0000000080040EDA] -> 0x3325
[10898] [M]: 0x0000000080040ED8 (0x33258593) addi a1, a1, 818
x11 <- 0x00000000B504F332
mem[X,0x0000000080040EDC] -> 0x0113
mem[X,0x0000000080040EDE] -> 0x0000
[10899] [M]: 0x0000000080040EDC (0x00000113) addi sp, zero, 0
x2 <- 0x0000000000000000
clint::tick mtime <- 0x000000000000006D
 clint timer pending at mtime 0x000000000000006D
htif::tick 0x0000000000000000
mem[X,0x0000000080040EE0] -> 0x006F
mem[X,0x0000000080040EE2] -> 0x00C0
[10900] [M]: 0x0000000080040EE0 (0x00C0006F) jal zero, 12
mem[X,0x0000000080040EEC] -> 0x1863
mem[X,0x0000000080040EEE] -> 0x00B5
[10901] [M]: 0x0000000080040EEC (0x00B51863) bne a0, a1, 16
mem[X,0x0000000080040EFC] -> 0x0113
mem[X,0x0000000080040EFE] -> 0x0031
[10902] [M]: 0x0000000080040EFC (0x00310113) addi sp, sp, 3
x2 <- 0x0000000000000003
mem[X,0x0000000080040F00] -> 0x006F
mem[X,0x0000000080040F02] -> 0x0040
[10903] [M]: 0x0000000080040F00 (0x0040006F) jal zero, 4
mem[X,0x0000000080040F04] -> 0xB823
mem[X,0x0000000080040F06] -> 0x3A20
[10904] [M]: 0x0000000080040F04 (0x3A20B823) sd sp, 944(ra)
mem[0x0000000080046588] <- 0x0000000000000003
mem[X,0x0000000080040F08] -> 0x0537
mem[X,0x0000000080040F0A] -> 0x0000
[10905] [M]: 0x0000000080040F08 (0x00000537) lui a0, 0
x10 <- 0x0000000000000000
mem[X,0x0000000080040F0C] -> 0x0513
mem[X,0x0000000080040F0E] -> 0x0005
[10906] [M]: 0x0000000080040F0C (0x00050513) addi a0, a0, 0
x10 <- 0x0000000000000000
mem[X,0x0000000080040F10] -> 0x1513
mem[X,0x0000000080040F12] -> 0x00B5
[10907] [M]: 0x0000000080040F10 (0x00B51513) slli a0, a0, 11
x10 <- 0x0000000000000000
mem[X,0x0000000080040F14] -> 0x0513
mem[X,0x0000000080040F16] -> 0x5A85
[10908] [M]: 0x0000000080040F14 (0x5A850513) addi a0, a0, 1448
x10 <- 0x00000000000005A8
mem[X,0x0000000080040F18] -> 0x1513
mem[X,0x0000000080040F1A] -> 0x00B5
[10909] [M]: 0x0000000080040F18 (0x00B51513) slli a0, a0, 11
x10 <- 0x00000000002D4000
mem[X,0x0000000080040F1C] -> 0x0513
mem[X,0x0000000080040F1E] -> 0x13C5
[10910] [M]: 0x0000000080040F1C (0x13C50513) addi a0, a0, 316
x10 <- 0x00000000002D413C
mem[X,0x0000000080040F20] -> 0x1513
mem[X,0x0000000080040F22] -> 0x00A5
[10911] [M]: 0x0000000080040F20 (0x00A51513) slli a0, a0, 10
x10 <- 0x00000000B504F000
mem[X,0x0000000080040F24] -> 0x0513
mem[X,0x0000000080040F26] -> 0x3345
[10912] [M]: 0x0000000080040F24 (0x33450513) addi a0, a0, 820
x10 <- 0x00000000B504F334
mem[X,0x0000000080040F28] -> 0x55B7
mem[X,0x0000000080040F2A] -> 0x5555
[10913] [M]: 0x0000000080040F28 (0x555555B7) lui a1, 349525
x11 <- 0x0000000055555000
mem[X,0x0000000080040F2C] -> 0x8593
mem[X,0x0000000080040F2E] -> 0x5555
[10914] [M]: 0x0000000080040F2C (0x55558593) addi a1, a1, 1365
x11 <- 0x0000000055555555
mem[X,0x0000000080040F30] -> 0x9593
mem[X,0x0000000080040F32] -> 0x00B5
[10915] [M]: 0x0000000080040F30 (0x00B59593) slli a1, a1, 11
x11 <- 0x000002AAAAAAA800
mem[X,0x0000000080040F34] -> 0x8593
mem[X,0x0000000080040F36] -> 0x2AA5
[10916] [M]: 0x0000000080040F34 (0x2AA58593) addi a1, a1, 682
x11 <- 0x000002AAAAAAAAAA
mem[X,0x0000000080040F38] -> 0x9593
mem[X,0x0000000080040F3A] -> 0x00B5
[10917] [M]: 0x0000000080040F38 (0x00B59593) slli a1, a1, 11
x11 <- 0x0015555555555000
mem[X,0x0000000080040F3C] -> 0x8593
mem[X,0x0000000080040F3E] -> 0x5555
[10918] [M]: 0x0000000080040F3C (0x55558593) addi a1, a1, 1365
x11 <- 0x0015555555555555
mem[X,0x0000000080040F40] -> 0x9593
mem[X,0x0000000080040F42] -> 0x00A5
[10919] [M]: 0x0000000080040F40 (0x00A59593) slli a1, a1, 10
x11 <- 0x5555555555555400
mem[X,0x0000000080040F44] -> 0x8593
mem[X,0x0000000080040F46] -> 0x1565
[10920] [M]: 0x0000000080040F44 (0x15658593) addi a1, a1, 342
x11 <- 0x5555555555555556
mem[X,0x0000000080040F48] -> 0x0113
mem[X,0x0000000080040F4A] -> 0x0000
[10921] [M]: 0x0000000080040F48 (0x00000113) addi sp, zero, 0
x2 <- 0x0000000000000000
mem[X,0x0000000080040F4C] -> 0x006F
mem[X,0x0000000080040F4E] -> 0x0180
[10922] [M]: 0x0000000080040F4C (0x0180006F) jal zero, 24
mem[X,0x0000000080040F64] -> 0x16E3
mem[X,0x0000000080040F66] -> 0xFEB5
[10923] [M]: 0x0000000080040F64 (0xFEB516E3) bne a0, a1, 8172
mem[X,0x0000000080040F50] -> 0x0113
mem[X,0x0000000080040F52] -> 0x0011
[10924] [M]: 0x0000000080040F50 (0x00110113) addi sp, sp, 1
x2 <- 0x0000000000000001
mem[X,0x0000000080040F54] -> 0x006F
mem[X,0x0000000080040F56] -> 0x0240
[10925] [M]: 0x0000000080040F54 (0x0240006F) jal zero, 36
mem[X,0x0000000080040F78] -> 0xBC23
mem[X,0x0000000080040F7A] -> 0x3A20
[10926] [M]: 0x0000000080040F78 (0x3A20BC23) sd sp, 952(ra)
mem[0x0000000080046590] <- 0x0000000000000001
mem[X,0x0000000080040F7C] -> 0x0537
mem[X,0x0000000080040F7E] -> 0x0000
[10927] [M]: 0x0000000080040F7C (0x00000537) lui a0, 0
x10 <- 0x0000000000000000
mem[X,0x0000000080040F80] -> 0x0513
mem[X,0x0000000080040F82] -> 0x0005
[10928] [M]: 0x0000000080040F80 (0x00050513) addi a0, a0, 0
x10 <- 0x0000000000000000
mem[X,0x0000000080040F84] -> 0x1513
mem[X,0x0000000080040F86] -> 0x00B5
[10929] [M]: 0x0000000080040F84 (0x00B51513) slli a0, a0, 11
x10 <- 0x0000000000000000
mem[X,0x0000000080040F88] -> 0x0513
mem[X,0x0000000080040F8A] -> 0x5A85
[10930] [M]: 0x0000000080040F88 (0x5A850513) addi a0, a0, 1448
x10 <- 0x00000000000005A8
mem[X,0x0000000080040F8C] -> 0x1513
mem[X,0x0000000080040F8E] -> 0x00B5
[10931] [M]: 0x0000000080040F8C (0x00B51513) slli a0, a0, 11
x10 <- 0x00000000002D4000
mem[X,0x0000000080040F90] -> 0x0513
mem[X,0x0000000080040F92] -> 0x13C5
[10932] [M]: 0x0000000080040F90 (0x13C50513) addi a0, a0, 316
x10 <- 0x00000000002D413C
mem[X,0x0000000080040F94] -> 0x1513
mem[X,0x0000000080040F96] -> 0x00A5
[10933] [M]: 0x0000000080040F94 (0x00A51513) slli a0, a0, 10
x10 <- 0x00000000B504F000
mem[X,0x0000000080040F98] -> 0x0513
mem[X,0x0000000080040F9A] -> 0x3345
[10934] [M]: 0x0000000080040F98 (0x33450513) addi a0, a0, 820
x10 <- 0x00000000B504F334
mem[X,0x0000000080040F9C] -> 0xB5B7
mem[X,0x0000000080040F9E] -> 0xAAAA
[10935] [M]: 0x0000000080040F9C (0xAAAAB5B7) lui a1, 699051
x11 <- 0xFFFFFFFFAAAAB000
mem[X,0x0000000080040FA0] -> 0x8593
mem[X,0x0000000080040FA2] -> 0xAAA5
[10936] [M]: 0x0000000080040FA0 (0xAAA58593) addi a1, a1, 2730
x11 <- 0xFFFFFFFFAAAAAAAA
mem[X,0x0000000080040FA4] -> 0x9593
mem[X,0x0000000080040FA6] -> 0x00B5
[10937] [M]: 0x0000000080040FA4 (0x00B59593) slli a1, a1, 11
x11 <- 0xFFFFFD5555555000
mem[X,0x0000000080040FA8] -> 0x8593
mem[X,0x0000000080040FAA] -> 0x5555
[10938] [M]: 0x0000000080040FA8 (0x55558593) addi a1, a1, 1365
x11 <- 0xFFFFFD5555555555
mem[X,0x0000000080040FAC] -> 0x9593
mem[X,0x0000000080040FAE] -> 0x00B5
[10939] [M]: 0x0000000080040FAC (0x00B59593) slli a1, a1, 11
x11 <- 0xFFEAAAAAAAAAA800
mem[X,0x0000000080040FB0] -> 0x8593
mem[X,0x0000000080040FB2] -> 0x2AA5
[10940] [M]: 0x0000000080040FB0 (0x2AA58593) addi a1, a1, 682
x11 <- 0xFFEAAAAAAAAAAAAA
mem[X,0x0000000080040FB4] -> 0x9593
mem[X,0x0000000080040FB6] -> 0x00A5
[10941] [M]: 0x0000000080040FB4 (0x00A59593) slli a1, a1, 10
x11 <- 0xAAAAAAAAAAAAA800
mem[X,0x0000000080040FB8] -> 0x8593
mem[X,0x0000000080040FBA] -> 0x2AB5
[10942] [M]: 0x0000000080040FB8 (0x2AB58593) addi a1, a1, 683
x11 <- 0xAAAAAAAAAAAAAAAB
mem[X,0x0000000080040FBC] -> 0x0113
mem[X,0x0000000080040FBE] -> 0x0000
[10943] [M]: 0x0000000080040FBC (0x00000113) addi sp, zero, 0
x2 <- 0x0000000000000000
mem[X,0x0000000080040FC0] -> 0x006F
mem[X,0x0000000080040FC2] -> 0x00C0
[10944] [M]: 0x0000000080040FC0 (0x00C0006F) jal zero, 12
mem[X,0x0000000080040FCC] -> 0x1CE3
mem[X,0x0000000080040FCE] -> 0xFEB5
[10945] [M]: 0x0000000080040FCC (0xFEB51CE3) bne a0, a1, 8184
mem[X,0x0000000080040FC4] -> 0x0113
mem[X,0x0000000080040FC6] -> 0x0011
[10946] [M]: 0x0000000080040FC4 (0x00110113) addi sp, sp, 1
x2 <- 0x0000000000000001
mem[X,0x0000000080040FC8] -> 0x006F
mem[X,0x0000000080040FCA] -> 0x0180
[10947] [M]: 0x0000000080040FC8 (0x0180006F) jal zero, 24
mem[X,0x0000000080040FE0] -> 0xB023
mem[X,0x0000000080040FE2] -> 0x3C20
[10948] [M]: 0x0000000080040FE0 (0x3C20B023) sd sp, 960(ra)
mem[0x0000000080046598] <- 0x0000000000000001
mem[X,0x0000000080040FE4] -> 0x0537
mem[X,0x0000000080040FE6] -> 0x0000
[10949] [M]: 0x0000000080040FE4 (0x00000537) lui a0, 0
x10 <- 0x0000000000000000
mem[X,0x0000000080040FE8] -> 0x0513
mem[X,0x0000000080040FEA] -> 0x0005
[10950] [M]: 0x0000000080040FE8 (0x00050513) addi a0, a0, 0
x10 <- 0x0000000000000000
mem[X,0x0000000080040FEC] -> 0x1513
mem[X,0x0000000080040FEE] -> 0x00B5
[10951] [M]: 0x0000000080040FEC (0x00B51513) slli a0, a0, 11
x10 <- 0x0000000000000000
mem[X,0x0000000080040FF0] -> 0x0513
mem[X,0x0000000080040FF2] -> 0x5A85
[10952] [M]: 0x0000000080040FF0 (0x5A850513) addi a0, a0, 1448
x10 <- 0x00000000000005A8
mem[X,0x0000000080040FF4] -> 0x1513
mem[X,0x0000000080040FF6] -> 0x00B5
[10953] [M]: 0x0000000080040FF4 (0x00B51513) slli a0, a0, 11
x10 <- 0x00000000002D4000
mem[X,0x0000000080040FF8] -> 0x0513
mem[X,0x0000000080040FFA] -> 0x13C5
[10954] [M]: 0x0000000080040FF8 (0x13C50513) addi a0, a0, 316
x10 <- 0x00000000002D413C
mem[X,0x0000000080040FFC] -> 0x1513
mem[X,0x0000000080040FFE] -> 0x00A5
[10955] [M]: 0x0000000080040FFC (0x00A51513) slli a0, a0, 10
x10 <- 0x00000000B504F000
mem[X,0x0000000080041000] -> 0x0513
mem[X,0x0000000080041002] -> 0x3345
[10956] [M]: 0x0000000080041000 (0x33450513) addi a0, a0, 820
x10 <- 0x00000000B504F334
mem[X,0x0000000080041004] -> 0x0593
mem[X,0x0000000080041006] -> 0x0060
[10957] [M]: 0x0000000080041004 (0x00600593) addi a1, zero, 6
x11 <- 0x0000000000000006
mem[X,0x0000000080041008] -> 0x0113
mem[X,0x000000008004100A] -> 0x0000
[10958] [M]: 0x0000000080041008 (0x00000113) addi sp, zero, 0
x2 <- 0x0000000000000000
mem[X,0x000000008004100C] -> 0x006F
mem[X,0x000000008004100E] -> 0x00C0
[10959] [M]: 0x000000008004100C (0x00C0006F) jal zero, 12
mem[X,0x0000000080041018] -> 0x1063
mem[X,0x000000008004101A] -> 0x10B5
[10960] [M]: 0x0000000080041018 (0x10B51063) bne a0, a1, 256
mem[X,0x0000000080041118] -> 0x0113
mem[X,0x000000008004111A] -> 0x0031
[10961] [M]: 0x0000000080041118 (0x00310113) addi sp, sp, 3
x2 <- 0x0000000000000003
mem[X,0x000000008004111C] -> 0x006F
mem[X,0x000000008004111E] -> 0x0040
[10962] [M]: 0x000000008004111C (0x0040006F) jal zero, 4
mem[X,0x0000000080041120] -> 0xB423
mem[X,0x0000000080041122] -> 0x3C20
[10963] [M]: 0x0000000080041120 (0x3C20B423) sd sp, 968(ra)
mem[0x00000000800465A0] <- 0x0000000000000003
mem[X,0x0000000080041124] -> 0x0537
mem[X,0x0000000080041126] -> 0x0000
[10964] [M]: 0x0000000080041124 (0x00000537) lui a0, 0
x10 <- 0x0000000000000000
mem[X,0x0000000080041128] -> 0x0513
mem[X,0x000000008004112A] -> 0x0005
[10965] [M]: 0x0000000080041128 (0x00050513) addi a0, a0, 0
x10 <- 0x0000000000000000
mem[X,0x000000008004112C] -> 0x1513
mem[X,0x000000008004112E] -> 0x00B5
[10966] [M]: 0x000000008004112C (0x00B51513) slli a0, a0, 11
x10 <- 0x0000000000000000
mem[X,0x0000000080041130] -> 0x0513
mem[X,0x0000000080041132] -> 0x5A85
[10967] [M]: 0x0000000080041130 (0x5A850513) addi a0, a0, 1448
x10 <- 0x00000000000005A8
mem[X,0x0000000080041134] -> 0x1513
mem[X,0x0000000080041136] -> 0x00B5
[10968] [M]: 0x0000000080041134 (0x00B51513) slli a0, a0, 11
x10 <- 0x00000000002D4000
mem[X,0x0000000080041138] -> 0x0513
mem[X,0x000000008004113A] -> 0x13C5
[10969] [M]: 0x0000000080041138 (0x13C50513) addi a0, a0, 316
x10 <- 0x00000000002D413C
mem[X,0x000000008004113C] -> 0x1513
mem[X,0x000000008004113E] -> 0x00A5
[10970] [M]: 0x000000008004113C (0x00A51513) slli a0, a0, 10
x10 <- 0x00000000B504F000
mem[X,0x0000000080041140] -> 0x0513
mem[X,0x0000000080041142] -> 0x3345
[10971] [M]: 0x0000000080041140 (0x33450513) addi a0, a0, 820
x10 <- 0x00000000B504F334
mem[X,0x0000000080041144] -> 0x35B7
mem[X,0x0000000080041146] -> 0x3333
[10972] [M]: 0x0000000080041144 (0x333335B7) lui a1, 209715
x11 <- 0x0000000033333000
mem[X,0x0000000080041148] -> 0x8593
mem[X,0x000000008004114A] -> 0x3335
[10973] [M]: 0x0000000080041148 (0x33358593) addi a1, a1, 819
x11 <- 0x0000000033333333
mem[X,0x000000008004114C] -> 0x9593
mem[X,0x000000008004114E] -> 0x00B5
[10974] [M]: 0x000000008004114C (0x00B59593) slli a1, a1, 11
x11 <- 0x0000019999999800
mem[X,0x0000000080041150] -> 0x8593
mem[X,0x0000000080041152] -> 0x1995
[10975] [M]: 0x0000000080041150 (0x19958593) addi a1, a1, 409
x11 <- 0x0000019999999999
mem[X,0x0000000080041154] -> 0x9593
mem[X,0x0000000080041156] -> 0x00B5
[10976] [M]: 0x0000000080041154 (0x00B59593) slli a1, a1, 11
x11 <- 0x000CCCCCCCCCC800
mem[X,0x0000000080041158] -> 0x8593
mem[X,0x000000008004115A] -> 0x4CC5
[10977] [M]: 0x0000000080041158 (0x4CC58593) addi a1, a1, 1228
x11 <- 0x000CCCCCCCCCCCCC
mem[X,0x000000008004115C] -> 0x9593
mem[X,0x000000008004115E] -> 0x00A5
[10978] [M]: 0x000000008004115C (0x00A59593) slli a1, a1, 10
x11 <- 0x3333333333333000
mem[X,0x0000000080041160] -> 0x8593
mem[X,0x0000000080041162] -> 0x3345
[10979] [M]: 0x0000000080041160 (0x33458593) addi a1, a1, 820
x11 <- 0x3333333333333334
mem[X,0x0000000080041164] -> 0x0113
mem[X,0x0000000080041166] -> 0x0000
[10980] [M]: 0x0000000080041164 (0x00000113) addi sp, zero, 0
x2 <- 0x0000000000000000
mem[X,0x0000000080041168] -> 0x006F
mem[X,0x000000008004116A] -> 0x00C0
[10981] [M]: 0x0000000080041168 (0x00C0006F) jal zero, 12
mem[X,0x0000000080041174] -> 0x1063
mem[X,0x0000000080041176] -> 0x40B5
[10982] [M]: 0x0000000080041174 (0x40B51063) bne a0, a1, 1024
mem[X,0x0000000080041574] -> 0x0113
mem[X,0x0000000080041576] -> 0x0031
[10983] [M]: 0x0000000080041574 (0x00310113) addi sp, sp, 3
x2 <- 0x0000000000000003
mem[X,0x0000000080041578] -> 0x006F
mem[X,0x000000008004157A] -> 0x0040
[10984] [M]: 0x0000000080041578 (0x0040006F) jal zero, 4
mem[X,0x000000008004157C] -> 0xB823
mem[X,0x000000008004157E] -> 0x3C20
[10985] [M]: 0x000000008004157C (0x3C20B823) sd sp, 976(ra)
mem[0x00000000800465A8] <- 0x0000000000000003
mem[X,0x0000000080041580] -> 0x0537
mem[X,0x0000000080041582] -> 0x0000
[10986] [M]: 0x0000000080041580 (0x00000537) lui a0, 0
x10 <- 0x0000000000000000
mem[X,0x0000000080041584] -> 0x0513
mem[X,0x0000000080041586] -> 0x0005
[10987] [M]: 0x0000000080041584 (0x00050513) addi a0, a0, 0
x10 <- 0x0000000000000000
mem[X,0x0000000080041588] -> 0x1513
mem[X,0x000000008004158A] -> 0x00B5
[10988] [M]: 0x0000000080041588 (0x00B51513) slli a0, a0, 11
x10 <- 0x0000000000000000
mem[X,0x000000008004158C] -> 0x0513
mem[X,0x000000008004158E] -> 0x5A85
[10989] [M]: 0x000000008004158C (0x5A850513) addi a0, a0, 1448
x10 <- 0x00000000000005A8
mem[X,0x0000000080041590] -> 0x1513
mem[X,0x0000000080041592] -> 0x00B5
[10990] [M]: 0x0000000080041590 (0x00B51513) slli a0, a0, 11
x10 <- 0x00000000002D4000
mem[X,0x0000000080041594] -> 0x0513
mem[X,0x0000000080041596] -> 0x13C5
[10991] [M]: 0x0000000080041594 (0x13C50513) addi a0, a0, 316
x10 <- 0x00000000002D413C
mem[X,0x0000000080041598] -> 0x1513
mem[X,0x000000008004159A] -> 0x00A5
[10992] [M]: 0x0000000080041598 (0x00A51513) slli a0, a0, 10
x10 <- 0x00000000B504F000
mem[X,0x000000008004159C] -> 0x0513
mem[X,0x000000008004159E] -> 0x3345
[10993] [M]: 0x000000008004159C (0x33450513) addi a0, a0, 820
x10 <- 0x00000000B504F334
mem[X,0x00000000800415A0] -> 0x65B7
mem[X,0x00000000800415A2] -> 0x6666
[10994] [M]: 0x00000000800415A0 (0x666665B7) lui a1, 419430
x11 <- 0x0000000066666000
mem[X,0x00000000800415A4] -> 0x8593
mem[X,0x00000000800415A6] -> 0x6665
[10995] [M]: 0x00000000800415A4 (0x66658593) addi a1, a1, 1638
x11 <- 0x0000000066666666
mem[X,0x00000000800415A8] -> 0x9593
mem[X,0x00000000800415AA] -> 0x00B5
[10996] [M]: 0x00000000800415A8 (0x00B59593) slli a1, a1, 11
x11 <- 0x0000033333333000
mem[X,0x00000000800415AC] -> 0x8593
mem[X,0x00000000800415AE] -> 0x3335
[10997] [M]: 0x00000000800415AC (0x33358593) addi a1, a1, 819
x11 <- 0x0000033333333333
mem[X,0x00000000800415B0] -> 0x9593
mem[X,0x00000000800415B2] -> 0x00B5
[10998] [M]: 0x00000000800415B0 (0x00B59593) slli a1, a1, 11
x11 <- 0x0019999999999800
mem[X,0x00000000800415B4] -> 0x8593
mem[X,0x00000000800415B6] -> 0x1995
[10999] [M]: 0x00000000800415B4 (0x19958593) addi a1, a1, 409
x11 <- 0x0019999999999999
clint::tick mtime <- 0x000000000000006E
 clint timer pending at mtime 0x000000000000006E
htif::tick 0x0000000000000000
mem[X,0x00000000800415B8] -> 0x9593
mem[X,0x00000000800415BA] -> 0x00A5
[11000] [M]: 0x00000000800415B8 (0x00A59593) slli a1, a1, 10
x11 <- 0x6666666666666400
mem[X,0x00000000800415BC] -> 0x8593
mem[X,0x00000000800415BE] -> 0x2675
[11001] [M]: 0x00000000800415BC (0x26758593) addi a1, a1, 615
x11 <- 0x6666666666666667
mem[X,0x00000000800415C0] -> 0x0113
mem[X,0x00000000800415C2] -> 0x0000
[11002] [M]: 0x00000000800415C0 (0x00000113) addi sp, zero, 0
x2 <- 0x0000000000000000
mem[X,0x00000000800415C4] -> 0x006F
mem[X,0x00000000800415C6] -> 0x00C0
[11003] [M]: 0x00000000800415C4 (0x00C0006F) jal zero, 12
mem[X,0x00000000800415D0] -> 0x1063
mem[X,0x00000000800415D2] -> 0x10B5
[11004] [M]: 0x00000000800415D0 (0x10B51063) bne a0, a1, 256
mem[X,0x00000000800416D0] -> 0x0113
mem[X,0x00000000800416D2] -> 0x0031
[11005] [M]: 0x00000000800416D0 (0x00310113) addi sp, sp, 3
x2 <- 0x0000000000000003
mem[X,0x00000000800416D4] -> 0x006F
mem[X,0x00000000800416D6] -> 0x0040
[11006] [M]: 0x00000000800416D4 (0x0040006F) jal zero, 4
mem[X,0x00000000800416D8] -> 0xBC23
mem[X,0x00000000800416DA] -> 0x3C20
[11007] [M]: 0x00000000800416D8 (0x3C20BC23) sd sp, 984(ra)
mem[0x00000000800465B0] <- 0x0000000000000003
mem[X,0x00000000800416DC] -> 0x0537
mem[X,0x00000000800416DE] -> 0x0000
[11008] [M]: 0x00000000800416DC (0x00000537) lui a0, 0
x10 <- 0x0000000000000000
mem[X,0x00000000800416E0] -> 0x0513
mem[X,0x00000000800416E2] -> 0x0005
[11009] [M]: 0x00000000800416E0 (0x00050513) addi a0, a0, 0
x10 <- 0x0000000000000000
mem[X,0x00000000800416E4] -> 0x1513
mem[X,0x00000000800416E6] -> 0x00B5
[11010] [M]: 0x00000000800416E4 (0x00B51513) slli a0, a0, 11
x10 <- 0x0000000000000000
mem[X,0x00000000800416E8] -> 0x0513
mem[X,0x00000000800416EA] -> 0x5A85
[11011] [M]: 0x00000000800416E8 (0x5A850513) addi a0, a0, 1448
x10 <- 0x00000000000005A8
mem[X,0x00000000800416EC] -> 0x1513
mem[X,0x00000000800416EE] -> 0x00B5
[11012] [M]: 0x00000000800416EC (0x00B51513) slli a0, a0, 11
x10 <- 0x00000000002D4000
mem[X,0x00000000800416F0] -> 0x0513
mem[X,0x00000000800416F2] -> 0x13C5
[11013] [M]: 0x00000000800416F0 (0x13C50513) addi a0, a0, 316
x10 <- 0x00000000002D413C
mem[X,0x00000000800416F4] -> 0x1513
mem[X,0x00000000800416F6] -> 0x00A5
[11014] [M]: 0x00000000800416F4 (0x00A51513) slli a0, a0, 10
x10 <- 0x00000000B504F000
mem[X,0x00000000800416F8] -> 0x0513
mem[X,0x00000000800416FA] -> 0x3345
[11015] [M]: 0x00000000800416F8 (0x33450513) addi a0, a0, 820
x10 <- 0x00000000B504F334
mem[X,0x00000000800416FC] -> 0x05B7
mem[X,0x00000000800416FE] -> 0x0000
[11016] [M]: 0x00000000800416FC (0x000005B7) lui a1, 0
x11 <- 0x0000000000000000
mem[X,0x0000000080041700] -> 0x8593
mem[X,0x0000000080041702] -> 0xFFF5
[11017] [M]: 0x0000000080041700 (0xFFF58593) addi a1, a1, 4095
x11 <- 0xFFFFFFFFFFFFFFFF
mem[X,0x0000000080041704] -> 0x9593
mem[X,0x0000000080041706] -> 0x00B5
[11018] [M]: 0x0000000080041704 (0x00B59593) slli a1, a1, 11
x11 <- 0xFFFFFFFFFFFFF800
mem[X,0x0000000080041708] -> 0x8593
mem[X,0x000000008004170A] -> 0x2575
[11019] [M]: 0x0000000080041708 (0x25758593) addi a1, a1, 599
x11 <- 0xFFFFFFFFFFFFFA57
mem[X,0x000000008004170C] -> 0x9593
mem[X,0x000000008004170E] -> 0x00B5
[11020] [M]: 0x000000008004170C (0x00B59593) slli a1, a1, 11
x11 <- 0xFFFFFFFFFFD2B800
mem[X,0x0000000080041710] -> 0x8593
mem[X,0x0000000080041712] -> 0x6C35
[11021] [M]: 0x0000000080041710 (0x6C358593) addi a1, a1, 1731
x11 <- 0xFFFFFFFFFFD2BEC3
mem[X,0x0000000080041714] -> 0x9593
mem[X,0x0000000080041716] -> 0x00A5
[11022] [M]: 0x0000000080041714 (0x00A59593) slli a1, a1, 10
x11 <- 0xFFFFFFFF4AFB0C00
mem[X,0x0000000080041718] -> 0x8593
mem[X,0x000000008004171A] -> 0x0CE5
[11023] [M]: 0x0000000080041718 (0x0CE58593) addi a1, a1, 206
x11 <- 0xFFFFFFFF4AFB0CCE
mem[X,0x000000008004171C] -> 0x0113
mem[X,0x000000008004171E] -> 0x0000
[11024] [M]: 0x000000008004171C (0x00000113) addi sp, zero, 0
x2 <- 0x0000000000000000
mem[X,0x0000000080041720] -> 0x006F
mem[X,0x0000000080041722] -> 0x00C0
[11025] [M]: 0x0000000080041720 (0x00C0006F) jal zero, 12
mem[X,0x000000008004172C] -> 0x1063
mem[X,0x000000008004172E] -> 0x10B5
[11026] [M]: 0x000000008004172C (0x10B51063) bne a0, a1, 256
mem[X,0x000000008004182C] -> 0x0113
mem[X,0x000000008004182E] -> 0x0031
[11027] [M]: 0x000000008004182C (0x00310113) addi sp, sp, 3
x2 <- 0x0000000000000003
mem[X,0x0000000080041830] -> 0x006F
mem[X,0x0000000080041832] -> 0x0040
[11028] [M]: 0x0000000080041830 (0x0040006F) jal zero, 4
mem[X,0x0000000080041834] -> 0xB023
mem[X,0x0000000080041836] -> 0x3E20
[11029] [M]: 0x0000000080041834 (0x3E20B023) sd sp, 992(ra)
mem[0x00000000800465B8] <- 0x0000000000000003
mem[X,0x0000000080041838] -> 0x0537
mem[X,0x000000008004183A] -> 0x0000
[11030] [M]: 0x0000000080041838 (0x00000537) lui a0, 0
x10 <- 0x0000000000000000
mem[X,0x000000008004183C] -> 0x0513
mem[X,0x000000008004183E] -> 0x0005
[11031] [M]: 0x000000008004183C (0x00050513) addi a0, a0, 0
x10 <- 0x0000000000000000
mem[X,0x0000000080041840] -> 0x1513
mem[X,0x0000000080041842] -> 0x00B5
[11032] [M]: 0x0000000080041840 (0x00B51513) slli a0, a0, 11
x10 <- 0x0000000000000000
mem[X,0x0000000080041844] -> 0x0513
mem[X,0x0000000080041846] -> 0x5A85
[11033] [M]: 0x0000000080041844 (0x5A850513) addi a0, a0, 1448
x10 <- 0x00000000000005A8
mem[X,0x0000000080041848] -> 0x1513
mem[X,0x000000008004184A] -> 0x00B5
[11034] [M]: 0x0000000080041848 (0x00B51513) slli a0, a0, 11
x10 <- 0x00000000002D4000
mem[X,0x000000008004184C] -> 0x0513
mem[X,0x000000008004184E] -> 0x13C5
[11035] [M]: 0x000000008004184C (0x13C50513) addi a0, a0, 316
x10 <- 0x00000000002D413C
mem[X,0x0000000080041850] -> 0x1513
mem[X,0x0000000080041852] -> 0x00A5
[11036] [M]: 0x0000000080041850 (0x00A51513) slli a0, a0, 10
x10 <- 0x00000000B504F000
mem[X,0x0000000080041854] -> 0x0513
mem[X,0x0000000080041856] -> 0x3345
[11037] [M]: 0x0000000080041854 (0x33450513) addi a0, a0, 820
x10 <- 0x00000000B504F334
mem[X,0x0000000080041858] -> 0x05B7
mem[X,0x000000008004185A] -> 0x0000
[11038] [M]: 0x0000000080041858 (0x000005B7) lui a1, 0
x11 <- 0x0000000000000000
mem[X,0x000000008004185C] -> 0x8593
mem[X,0x000000008004185E] -> 0x0005
[11039] [M]: 0x000000008004185C (0x00058593) addi a1, a1, 0
x11 <- 0x0000000000000000
mem[X,0x0000000080041860] -> 0x9593
mem[X,0x0000000080041862] -> 0x00B5
[11040] [M]: 0x0000000080041860 (0x00B59593) slli a1, a1, 11
x11 <- 0x0000000000000000
mem[X,0x0000000080041864] -> 0x8593
mem[X,0x0000000080041866] -> 0x5A85
[11041] [M]: 0x0000000080041864 (0x5A858593) addi a1, a1, 1448
x11 <- 0x00000000000005A8
mem[X,0x0000000080041868] -> 0x9593
mem[X,0x000000008004186A] -> 0x00B5
[11042] [M]: 0x0000000080041868 (0x00B59593) slli a1, a1, 11
x11 <- 0x00000000002D4000
mem[X,0x000000008004186C] -> 0x8593
mem[X,0x000000008004186E] -> 0x13C5
[11043] [M]: 0x000000008004186C (0x13C58593) addi a1, a1, 316
x11 <- 0x00000000002D413C
mem[X,0x0000000080041870] -> 0x9593
mem[X,0x0000000080041872] -> 0x00A5
[11044] [M]: 0x0000000080041870 (0x00A59593) slli a1, a1, 10
x11 <- 0x00000000B504F000
mem[X,0x0000000080041874] -> 0x8593
mem[X,0x0000000080041876] -> 0x3345
[11045] [M]: 0x0000000080041874 (0x33458593) addi a1, a1, 820
x11 <- 0x00000000B504F334
mem[X,0x0000000080041878] -> 0x0113
mem[X,0x000000008004187A] -> 0x0000
[11046] [M]: 0x0000000080041878 (0x00000113) addi sp, zero, 0
x2 <- 0x0000000000000000
mem[X,0x000000008004187C] -> 0x006F
mem[X,0x000000008004187E] -> 0x00C0
[11047] [M]: 0x000000008004187C (0x00C0006F) jal zero, 12
mem[X,0x0000000080041888] -> 0x1063
mem[X,0x000000008004188A] -> 0x10B5
[11048] [M]: 0x0000000080041888 (0x10B51063) bne a0, a1, 256
mem[X,0x000000008004188C] -> 0x0113
mem[X,0x000000008004188E] -> 0x0021
[11049] [M]: 0x000000008004188C (0x00210113) addi sp, sp, 2
x2 <- 0x0000000000000002
mem[X,0x0000000080041890] -> 0x006F
mem[X,0x0000000080041892] -> 0x1000
[11050] [M]: 0x0000000080041890 (0x1000006F) jal zero, 256
mem[X,0x0000000080041990] -> 0xB423
mem[X,0x0000000080041992] -> 0x3E20
[11051] [M]: 0x0000000080041990 (0x3E20B423) sd sp, 1000(ra)
mem[0x00000000800465C0] <- 0x0000000000000002
mem[X,0x0000000080041994] -> 0x0513
mem[X,0x0000000080041996] -> 0x0000
[11052] [M]: 0x0000000080041994 (0x00000513) addi a0, zero, 0
x10 <- 0x0000000000000000
mem[X,0x0000000080041998] -> 0x05B7
mem[X,0x000000008004199A] -> 0x0000
[11053] [M]: 0x0000000080041998 (0x000005B7) lui a1, 0
x11 <- 0x0000000000000000
mem[X,0x000000008004199C] -> 0x8593
mem[X,0x000000008004199E] -> 0x0005
[11054] [M]: 0x000000008004199C (0x00058593) addi a1, a1, 0
x11 <- 0x0000000000000000
mem[X,0x00000000800419A0] -> 0x9593
mem[X,0x00000000800419A2] -> 0x00B5
[11055] [M]: 0x00000000800419A0 (0x00B59593) slli a1, a1, 11
x11 <- 0x0000000000000000
mem[X,0x00000000800419A4] -> 0x8593
mem[X,0x00000000800419A6] -> 0x5A85
[11056] [M]: 0x00000000800419A4 (0x5A858593) addi a1, a1, 1448
x11 <- 0x00000000000005A8
mem[X,0x00000000800419A8] -> 0x9593
mem[X,0x00000000800419AA] -> 0x00B5
[11057] [M]: 0x00000000800419A8 (0x00B59593) slli a1, a1, 11
x11 <- 0x00000000002D4000
mem[X,0x00000000800419AC] -> 0x8593
mem[X,0x00000000800419AE] -> 0x13C5
[11058] [M]: 0x00000000800419AC (0x13C58593) addi a1, a1, 316
x11 <- 0x00000000002D413C
mem[X,0x00000000800419B0] -> 0x9593
mem[X,0x00000000800419B2] -> 0x00A5
[11059] [M]: 0x00000000800419B0 (0x00A59593) slli a1, a1, 10
x11 <- 0x00000000B504F000
mem[X,0x00000000800419B4] -> 0x8593
mem[X,0x00000000800419B6] -> 0x3335
[11060] [M]: 0x00000000800419B4 (0x33358593) addi a1, a1, 819
x11 <- 0x00000000B504F333
mem[X,0x00000000800419B8] -> 0x0113
mem[X,0x00000000800419BA] -> 0x0000
[11061] [M]: 0x00000000800419B8 (0x00000113) addi sp, zero, 0
x2 <- 0x0000000000000000
mem[X,0x00000000800419BC] -> 0x006F
mem[X,0x00000000800419BE] -> 0x0140
[11062] [M]: 0x00000000800419BC (0x0140006F) jal zero, 20
mem[X,0x00000000800419D0] -> 0x18E3
mem[X,0x00000000800419D2] -> 0xFEB5
[11063] [M]: 0x00000000800419D0 (0xFEB518E3) bne a0, a1, 8176
mem[X,0x00000000800419C0] -> 0x0113
mem[X,0x00000000800419C2] -> 0x0011
[11064] [M]: 0x00000000800419C0 (0x00110113) addi sp, sp, 1
x2 <- 0x0000000000000001
mem[X,0x00000000800419C4] -> 0x006F
mem[X,0x00000000800419C6] -> 0x0200
[11065] [M]: 0x00000000800419C4 (0x0200006F) jal zero, 32
mem[X,0x00000000800419E4] -> 0xB823
mem[X,0x00000000800419E6] -> 0x3E20
[11066] [M]: 0x00000000800419E4 (0x3E20B823) sd sp, 1008(ra)
mem[0x00000000800465C8] <- 0x0000000000000001
mem[X,0x00000000800419E8] -> 0x0513
mem[X,0x00000000800419EA] -> 0x0000
[11067] [M]: 0x00000000800419E8 (0x00000513) addi a0, zero, 0
x10 <- 0x0000000000000000
mem[X,0x00000000800419EC] -> 0x0593
mem[X,0x00000000800419EE] -> 0x0020
[11068] [M]: 0x00000000800419EC (0x00200593) addi a1, zero, 2
x11 <- 0x0000000000000002
mem[X,0x00000000800419F0] -> 0x0113
mem[X,0x00000000800419F2] -> 0x0000
[11069] [M]: 0x00000000800419F0 (0x00000113) addi sp, zero, 0
x2 <- 0x0000000000000000
mem[X,0x00000000800419F4] -> 0x006F
mem[X,0x00000000800419F6] -> 0x00C0
[11070] [M]: 0x00000000800419F4 (0x00C0006F) jal zero, 12
mem[X,0x0000000080041A00] -> 0x1CE3
mem[X,0x0000000080041A02] -> 0xFEB5
[11071] [M]: 0x0000000080041A00 (0xFEB51CE3) bne a0, a1, 8184
mem[X,0x00000000800419F8] -> 0x0113
mem[X,0x00000000800419FA] -> 0x0011
[11072] [M]: 0x00000000800419F8 (0x00110113) addi sp, sp, 1
x2 <- 0x0000000000000001
mem[X,0x00000000800419FC] -> 0x006F
mem[X,0x00000000800419FE] -> 0x0180
[11073] [M]: 0x00000000800419FC (0x0180006F) jal zero, 24
mem[X,0x0000000080041A14] -> 0xBC23
mem[X,0x0000000080041A16] -> 0x3E20
[11074] [M]: 0x0000000080041A14 (0x3E20BC23) sd sp, 1016(ra)
mem[0x00000000800465D0] <- 0x0000000000000001
mem[X,0x0000000080041A18] -> 0x0513
mem[X,0x0000000080041A1A] -> 0x0000
[11075] [M]: 0x0000000080041A18 (0x00000513) addi a0, zero, 0
x10 <- 0x0000000000000000
mem[X,0x0000000080041A1C] -> 0x55B7
mem[X,0x0000000080041A1E] -> 0x5555
[11076] [M]: 0x0000000080041A1C (0x555555B7) lui a1, 349525
x11 <- 0x0000000055555000
mem[X,0x0000000080041A20] -> 0x8593
mem[X,0x0000000080041A22] -> 0x5555
[11077] [M]: 0x0000000080041A20 (0x55558593) addi a1, a1, 1365
x11 <- 0x0000000055555555
mem[X,0x0000000080041A24] -> 0x9593
mem[X,0x0000000080041A26] -> 0x00B5
[11078] [M]: 0x0000000080041A24 (0x00B59593) slli a1, a1, 11
x11 <- 0x000002AAAAAAA800
mem[X,0x0000000080041A28] -> 0x8593
mem[X,0x0000000080041A2A] -> 0x2AA5
[11079] [M]: 0x0000000080041A28 (0x2AA58593) addi a1, a1, 682
x11 <- 0x000002AAAAAAAAAA
mem[X,0x0000000080041A2C] -> 0x9593
mem[X,0x0000000080041A2E] -> 0x00B5
[11080] [M]: 0x0000000080041A2C (0x00B59593) slli a1, a1, 11
x11 <- 0x0015555555555000
mem[X,0x0000000080041A30] -> 0x8593
mem[X,0x0000000080041A32] -> 0x5555
[11081] [M]: 0x0000000080041A30 (0x55558593) addi a1, a1, 1365
x11 <- 0x0015555555555555
mem[X,0x0000000080041A34] -> 0x9593
mem[X,0x0000000080041A36] -> 0x00A5
[11082] [M]: 0x0000000080041A34 (0x00A59593) slli a1, a1, 10
x11 <- 0x5555555555555400
mem[X,0x0000000080041A38] -> 0x8593
mem[X,0x0000000080041A3A] -> 0x1545
[11083] [M]: 0x0000000080041A38 (0x15458593) addi a1, a1, 340
x11 <- 0x5555555555555554
mem[X,0x0000000080041A3C] -> 0x0113
mem[X,0x0000000080041A3E] -> 0x0000
[11084] [M]: 0x0000000080041A3C (0x00000113) addi sp, zero, 0
x2 <- 0x0000000000000000
mem[X,0x0000000080041A40] -> 0x006F
mem[X,0x0000000080041A42] -> 0x00C0
[11085] [M]: 0x0000000080041A40 (0x00C0006F) jal zero, 12
mem[X,0x0000000080041A4C] -> 0x1063
mem[X,0x0000000080041A4E] -> 0x10B5
[11086] [M]: 0x0000000080041A4C (0x10B51063) bne a0, a1, 256
mem[X,0x0000000080041B4C] -> 0x0113
mem[X,0x0000000080041B4E] -> 0x0031
[11087] [M]: 0x0000000080041B4C (0x00310113) addi sp, sp, 3
x2 <- 0x0000000000000003
mem[X,0x0000000080041B50] -> 0x006F
mem[X,0x0000000080041B52] -> 0x0040
[11088] [M]: 0x0000000080041B50 (0x0040006F) jal zero, 4
mem[X,0x0000000080041B54] -> 0xB023
mem[X,0x0000000080041B56] -> 0x4020
[11089] [M]: 0x0000000080041B54 (0x4020B023) sd sp, 1024(ra)
mem[0x00000000800465D8] <- 0x0000000000000003
mem[X,0x0000000080041B58] -> 0x0513
mem[X,0x0000000080041B5A] -> 0x0000
[11090] [M]: 0x0000000080041B58 (0x00000513) addi a0, zero, 0
x10 <- 0x0000000000000000
mem[X,0x0000000080041B5C] -> 0x0593
mem[X,0x0000000080041B5E] -> 0x0000
[11091] [M]: 0x0000000080041B5C (0x00000593) addi a1, zero, 0
x11 <- 0x0000000000000000
mem[X,0x0000000080041B60] -> 0x0113
mem[X,0x0000000080041B62] -> 0x0000
[11092] [M]: 0x0000000080041B60 (0x00000113) addi sp, zero, 0
x2 <- 0x0000000000000000
mem[X,0x0000000080041B64] -> 0x006F
mem[X,0x0000000080041B66] -> 0x00C0
[11093] [M]: 0x0000000080041B64 (0x00C0006F) jal zero, 12
mem[X,0x0000000080041B70] -> 0x1063
mem[X,0x0000000080041B72] -> 0x04B5
[11094] [M]: 0x0000000080041B70 (0x04B51063) bne a0, a1, 64
mem[X,0x0000000080041B74] -> 0x0113
mem[X,0x0000000080041B76] -> 0x0021
[11095] [M]: 0x0000000080041B74 (0x00210113) addi sp, sp, 2
x2 <- 0x0000000000000002
mem[X,0x0000000080041B78] -> 0x006F
mem[X,0x0000000080041B7A] -> 0x0400
[11096] [M]: 0x0000000080041B78 (0x0400006F) jal zero, 64
mem[X,0x0000000080041BB8] -> 0xB423
mem[X,0x0000000080041BBA] -> 0x4020
[11097] [M]: 0x0000000080041BB8 (0x4020B423) sd sp, 1032(ra)
mem[0x00000000800465E0] <- 0x0000000000000002
mem[X,0x0000000080041BBC] -> 0x0513
mem[X,0x0000000080041BBE] -> 0x0000
[11098] [M]: 0x0000000080041BBC (0x00000513) addi a0, zero, 0
x10 <- 0x0000000000000000
mem[X,0x0000000080041BC0] -> 0x0593
mem[X,0x0000000080041BC2] -> 0x0040
[11099] [M]: 0x0000000080041BC0 (0x00400593) addi a1, zero, 4
x11 <- 0x0000000000000004
clint::tick mtime <- 0x000000000000006F
 clint timer pending at mtime 0x000000000000006F
htif::tick 0x0000000000000000
mem[X,0x0000000080041BC4] -> 0x0113
mem[X,0x0000000080041BC6] -> 0x0000
[11100] [M]: 0x0000000080041BC4 (0x00000113) addi sp, zero, 0
x2 <- 0x0000000000000000
mem[X,0x0000000080041BC8] -> 0x006F
mem[X,0x0000000080041BCA] -> 0x00C0
[11101] [M]: 0x0000000080041BC8 (0x00C0006F) jal zero, 12
mem[X,0x0000000080041BD4] -> 0x1063
mem[X,0x0000000080041BD6] -> 0x04B5
[11102] [M]: 0x0000000080041BD4 (0x04B51063) bne a0, a1, 64
mem[X,0x0000000080041C14] -> 0x0113
mem[X,0x0000000080041C16] -> 0x0031
[11103] [M]: 0x0000000080041C14 (0x00310113) addi sp, sp, 3
x2 <- 0x0000000000000003
mem[X,0x0000000080041C18] -> 0x006F
mem[X,0x0000000080041C1A] -> 0x0040
[11104] [M]: 0x0000000080041C18 (0x0040006F) jal zero, 4
mem[X,0x0000000080041C1C] -> 0xB823
mem[X,0x0000000080041C1E] -> 0x4020
[11105] [M]: 0x0000000080041C1C (0x4020B823) sd sp, 1040(ra)
mem[0x00000000800465E8] <- 0x0000000000000003
mem[X,0x0000000080041C20] -> 0x0513
mem[X,0x0000000080041C22] -> 0x0000
[11106] [M]: 0x0000000080041C20 (0x00000513) addi a0, zero, 0
x10 <- 0x0000000000000000
mem[X,0x0000000080041C24] -> 0x35B7
mem[X,0x0000000080041C26] -> 0x3333
[11107] [M]: 0x0000000080041C24 (0x333335B7) lui a1, 209715
x11 <- 0x0000000033333000
mem[X,0x0000000080041C28] -> 0x8593
mem[X,0x0000000080041C2A] -> 0x3335
[11108] [M]: 0x0000000080041C28 (0x33358593) addi a1, a1, 819
x11 <- 0x0000000033333333
mem[X,0x0000000080041C2C] -> 0x9593
mem[X,0x0000000080041C2E] -> 0x00B5
[11109] [M]: 0x0000000080041C2C (0x00B59593) slli a1, a1, 11
x11 <- 0x0000019999999800
mem[X,0x0000000080041C30] -> 0x8593
mem[X,0x0000000080041C32] -> 0x1995
[11110] [M]: 0x0000000080041C30 (0x19958593) addi a1, a1, 409
x11 <- 0x0000019999999999
mem[X,0x0000000080041C34] -> 0x9593
mem[X,0x0000000080041C36] -> 0x00B5
[11111] [M]: 0x0000000080041C34 (0x00B59593) slli a1, a1, 11
x11 <- 0x000CCCCCCCCCC800
mem[X,0x0000000080041C38] -> 0x8593
mem[X,0x0000000080041C3A] -> 0x4CC5
[11112] [M]: 0x0000000080041C38 (0x4CC58593) addi a1, a1, 1228
x11 <- 0x000CCCCCCCCCCCCC
mem[X,0x0000000080041C3C] -> 0x9593
mem[X,0x0000000080041C3E] -> 0x00A5
[11113] [M]: 0x0000000080041C3C (0x00A59593) slli a1, a1, 10
x11 <- 0x3333333333333000
mem[X,0x0000000080041C40] -> 0x8593
mem[X,0x0000000080041C42] -> 0x3325
[11114] [M]: 0x0000000080041C40 (0x33258593) addi a1, a1, 818
x11 <- 0x3333333333333332
mem[X,0x0000000080041C44] -> 0x0113
mem[X,0x0000000080041C46] -> 0x0000
[11115] [M]: 0x0000000080041C44 (0x00000113) addi sp, zero, 0
x2 <- 0x0000000000000000
mem[X,0x0000000080041C48] -> 0x006F
mem[X,0x0000000080041C4A] -> 0x00C0
[11116] [M]: 0x0000000080041C48 (0x00C0006F) jal zero, 12
mem[X,0x0000000080041C54] -> 0x1063
mem[X,0x0000000080041C56] -> 0x40B5
[11117] [M]: 0x0000000080041C54 (0x40B51063) bne a0, a1, 1024
mem[X,0x0000000080042054] -> 0x0113
mem[X,0x0000000080042056] -> 0x0031
[11118] [M]: 0x0000000080042054 (0x00310113) addi sp, sp, 3
x2 <- 0x0000000000000003
mem[X,0x0000000080042058] -> 0x006F
mem[X,0x000000008004205A] -> 0x0040
[11119] [M]: 0x0000000080042058 (0x0040006F) jal zero, 4
mem[X,0x000000008004205C] -> 0xBC23
mem[X,0x000000008004205E] -> 0x4020
[11120] [M]: 0x000000008004205C (0x4020BC23) sd sp, 1048(ra)
mem[0x00000000800465F0] <- 0x0000000000000003
mem[X,0x0000000080042060] -> 0x0513
mem[X,0x0000000080042062] -> 0x0000
[11121] [M]: 0x0000000080042060 (0x00000513) addi a0, zero, 0
x10 <- 0x0000000000000000
mem[X,0x0000000080042064] -> 0x05B7
mem[X,0x0000000080042066] -> 0x0000
[11122] [M]: 0x0000000080042064 (0x000005B7) lui a1, 0
x11 <- 0x0000000000000000
mem[X,0x0000000080042068] -> 0x8593
mem[X,0x000000008004206A] -> 0x0005
[11123] [M]: 0x0000000080042068 (0x00058593) addi a1, a1, 0
x11 <- 0x0000000000000000
mem[X,0x000000008004206C] -> 0x9593
mem[X,0x000000008004206E] -> 0x00B5
[11124] [M]: 0x000000008004206C (0x00B59593) slli a1, a1, 11
x11 <- 0x0000000000000000
mem[X,0x0000000080042070] -> 0x8593
mem[X,0x0000000080042072] -> 0x5A85
[11125] [M]: 0x0000000080042070 (0x5A858593) addi a1, a1, 1448
x11 <- 0x00000000000005A8
mem[X,0x0000000080042074] -> 0x9593
mem[X,0x0000000080042076] -> 0x00B5
[11126] [M]: 0x0000000080042074 (0x00B59593) slli a1, a1, 11
x11 <- 0x00000000002D4000
mem[X,0x0000000080042078] -> 0x8593
mem[X,0x000000008004207A] -> 0x13C5
[11127] [M]: 0x0000000080042078 (0x13C58593) addi a1, a1, 316
x11 <- 0x00000000002D413C
mem[X,0x000000008004207C] -> 0x9593
mem[X,0x000000008004207E] -> 0x00A5
[11128] [M]: 0x000000008004207C (0x00A59593) slli a1, a1, 10
x11 <- 0x00000000B504F000
mem[X,0x0000000080042080] -> 0x8593
mem[X,0x0000000080042082] -> 0x3325
[11129] [M]: 0x0000000080042080 (0x33258593) addi a1, a1, 818
x11 <- 0x00000000B504F332
mem[X,0x0000000080042084] -> 0x0113
mem[X,0x0000000080042086] -> 0x0000
[11130] [M]: 0x0000000080042084 (0x00000113) addi sp, zero, 0
x2 <- 0x0000000000000000
mem[X,0x0000000080042088] -> 0x006F
mem[X,0x000000008004208A] -> 0x00C0
[11131] [M]: 0x0000000080042088 (0x00C0006F) jal zero, 12
mem[X,0x0000000080042094] -> 0x1663
mem[X,0x0000000080042096] -> 0x00B5
[11132] [M]: 0x0000000080042094 (0x00B51663) bne a0, a1, 12
mem[X,0x00000000800420A0] -> 0x0113
mem[X,0x00000000800420A2] -> 0x0031
[11133] [M]: 0x00000000800420A0 (0x00310113) addi sp, sp, 3
x2 <- 0x0000000000000003
mem[X,0x00000000800420A4] -> 0x006F
mem[X,0x00000000800420A6] -> 0x0040
[11134] [M]: 0x00000000800420A4 (0x0040006F) jal zero, 4
mem[X,0x00000000800420A8] -> 0xB023
mem[X,0x00000000800420AA] -> 0x4220
[11135] [M]: 0x00000000800420A8 (0x4220B023) sd sp, 1056(ra)
mem[0x00000000800465F8] <- 0x0000000000000003
mem[X,0x00000000800420AC] -> 0x0513
mem[X,0x00000000800420AE] -> 0x0000
[11136] [M]: 0x00000000800420AC (0x00000513) addi a0, zero, 0
x10 <- 0x0000000000000000
mem[X,0x00000000800420B0] -> 0x55B7
mem[X,0x00000000800420B2] -> 0x5555
[11137] [M]: 0x00000000800420B0 (0x555555B7) lui a1, 349525
x11 <- 0x0000000055555000
mem[X,0x00000000800420B4] -> 0x8593
mem[X,0x00000000800420B6] -> 0x5555
[11138] [M]: 0x00000000800420B4 (0x55558593) addi a1, a1, 1365
x11 <- 0x0000000055555555
mem[X,0x00000000800420B8] -> 0x9593
mem[X,0x00000000800420BA] -> 0x00B5
[11139] [M]: 0x00000000800420B8 (0x00B59593) slli a1, a1, 11
x11 <- 0x000002AAAAAAA800
mem[X,0x00000000800420BC] -> 0x8593
mem[X,0x00000000800420BE] -> 0x2AA5
[11140] [M]: 0x00000000800420BC (0x2AA58593) addi a1, a1, 682
x11 <- 0x000002AAAAAAAAAA
mem[X,0x00000000800420C0] -> 0x9593
mem[X,0x00000000800420C2] -> 0x00B5
[11141] [M]: 0x00000000800420C0 (0x00B59593) slli a1, a1, 11
x11 <- 0x0015555555555000
mem[X,0x00000000800420C4] -> 0x8593
mem[X,0x00000000800420C6] -> 0x5555
[11142] [M]: 0x00000000800420C4 (0x55558593) addi a1, a1, 1365
x11 <- 0x0015555555555555
mem[X,0x00000000800420C8] -> 0x9593
mem[X,0x00000000800420CA] -> 0x00A5
[11143] [M]: 0x00000000800420C8 (0x00A59593) slli a1, a1, 10
x11 <- 0x5555555555555400
mem[X,0x00000000800420CC] -> 0x8593
mem[X,0x00000000800420CE] -> 0x1565
[11144] [M]: 0x00000000800420CC (0x15658593) addi a1, a1, 342
x11 <- 0x5555555555555556
mem[X,0x00000000800420D0] -> 0x0113
mem[X,0x00000000800420D2] -> 0x0000
[11145] [M]: 0x00000000800420D0 (0x00000113) addi sp, zero, 0
x2 <- 0x0000000000000000
mem[X,0x00000000800420D4] -> 0x006F
mem[X,0x00000000800420D6] -> 0x0100
[11146] [M]: 0x00000000800420D4 (0x0100006F) jal zero, 16
mem[X,0x00000000800420E4] -> 0x1AE3
mem[X,0x00000000800420E6] -> 0xFEB5
[11147] [M]: 0x00000000800420E4 (0xFEB51AE3) bne a0, a1, 8180
mem[X,0x00000000800420D8] -> 0x0113
mem[X,0x00000000800420DA] -> 0x0011
[11148] [M]: 0x00000000800420D8 (0x00110113) addi sp, sp, 1
x2 <- 0x0000000000000001
mem[X,0x00000000800420DC] -> 0x006F
mem[X,0x00000000800420DE] -> 0x01C0
[11149] [M]: 0x00000000800420DC (0x01C0006F) jal zero, 28
mem[X,0x00000000800420F8] -> 0xB423
mem[X,0x00000000800420FA] -> 0x4220
[11150] [M]: 0x00000000800420F8 (0x4220B423) sd sp, 1064(ra)
mem[0x0000000080046600] <- 0x0000000000000001
mem[X,0x00000000800420FC] -> 0x0513
mem[X,0x00000000800420FE] -> 0x0000
[11151] [M]: 0x00000000800420FC (0x00000513) addi a0, zero, 0
x10 <- 0x0000000000000000
mem[X,0x0000000080042100] -> 0xB5B7
mem[X,0x0000000080042102] -> 0xAAAA
[11152] [M]: 0x0000000080042100 (0xAAAAB5B7) lui a1, 699051
x11 <- 0xFFFFFFFFAAAAB000
mem[X,0x0000000080042104] -> 0x8593
mem[X,0x0000000080042106] -> 0xAAA5
[11153] [M]: 0x0000000080042104 (0xAAA58593) addi a1, a1, 2730
x11 <- 0xFFFFFFFFAAAAAAAA
mem[X,0x0000000080042108] -> 0x9593
mem[X,0x000000008004210A] -> 0x00B5
[11154] [M]: 0x0000000080042108 (0x00B59593) slli a1, a1, 11
x11 <- 0xFFFFFD5555555000
mem[X,0x000000008004210C] -> 0x8593
mem[X,0x000000008004210E] -> 0x5555
[11155] [M]: 0x000000008004210C (0x55558593) addi a1, a1, 1365
x11 <- 0xFFFFFD5555555555
mem[X,0x0000000080042110] -> 0x9593
mem[X,0x0000000080042112] -> 0x00B5
[11156] [M]: 0x0000000080042110 (0x00B59593) slli a1, a1, 11
x11 <- 0xFFEAAAAAAAAAA800
mem[X,0x0000000080042114] -> 0x8593
mem[X,0x0000000080042116] -> 0x2AA5
[11157] [M]: 0x0000000080042114 (0x2AA58593) addi a1, a1, 682
x11 <- 0xFFEAAAAAAAAAAAAA
mem[X,0x0000000080042118] -> 0x9593
mem[X,0x000000008004211A] -> 0x00A5
[11158] [M]: 0x0000000080042118 (0x00A59593) slli a1, a1, 10
x11 <- 0xAAAAAAAAAAAAA800
mem[X,0x000000008004211C] -> 0x8593
mem[X,0x000000008004211E] -> 0x2AB5
[11159] [M]: 0x000000008004211C (0x2AB58593) addi a1, a1, 683
x11 <- 0xAAAAAAAAAAAAAAAB
mem[X,0x0000000080042120] -> 0x0113
mem[X,0x0000000080042122] -> 0x0000
[11160] [M]: 0x0000000080042120 (0x00000113) addi sp, zero, 0
x2 <- 0x0000000000000000
mem[X,0x0000000080042124] -> 0x006F
mem[X,0x0000000080042126] -> 0x00C0
[11161] [M]: 0x0000000080042124 (0x00C0006F) jal zero, 12
mem[X,0x0000000080042130] -> 0x1063
mem[X,0x0000000080042132] -> 0x20B5
[11162] [M]: 0x0000000080042130 (0x20B51063) bne a0, a1, 512
mem[X,0x0000000080042330] -> 0x0113
mem[X,0x0000000080042332] -> 0x0031
[11163] [M]: 0x0000000080042330 (0x00310113) addi sp, sp, 3
x2 <- 0x0000000000000003
mem[X,0x0000000080042334] -> 0x006F
mem[X,0x0000000080042336] -> 0x0040
[11164] [M]: 0x0000000080042334 (0x0040006F) jal zero, 4
mem[X,0x0000000080042338] -> 0xB823
mem[X,0x000000008004233A] -> 0x4220
[11165] [M]: 0x0000000080042338 (0x4220B823) sd sp, 1072(ra)
mem[0x0000000080046608] <- 0x0000000000000003
mem[X,0x000000008004233C] -> 0x0513
mem[X,0x000000008004233E] -> 0x0000
[11166] [M]: 0x000000008004233C (0x00000513) addi a0, zero, 0
x10 <- 0x0000000000000000
mem[X,0x0000000080042340] -> 0x0593
mem[X,0x0000000080042342] -> 0x0060
[11167] [M]: 0x0000000080042340 (0x00600593) addi a1, zero, 6
x11 <- 0x0000000000000006
mem[X,0x0000000080042344] -> 0x0113
mem[X,0x0000000080042346] -> 0x0000
[11168] [M]: 0x0000000080042344 (0x00000113) addi sp, zero, 0
x2 <- 0x0000000000000000
mem[X,0x0000000080042348] -> 0x006F
mem[X,0x000000008004234A] -> 0x00C0
[11169] [M]: 0x0000000080042348 (0x00C0006F) jal zero, 12
mem[X,0x0000000080042354] -> 0x1063
mem[X,0x0000000080042356] -> 0x02B5
[11170] [M]: 0x0000000080042354 (0x02B51063) bne a0, a1, 32
mem[X,0x0000000080042374] -> 0x0113
mem[X,0x0000000080042376] -> 0x0031
[11171] [M]: 0x0000000080042374 (0x00310113) addi sp, sp, 3
x2 <- 0x0000000000000003
mem[X,0x0000000080042378] -> 0x006F
mem[X,0x000000008004237A] -> 0x0040
[11172] [M]: 0x0000000080042378 (0x0040006F) jal zero, 4
mem[X,0x000000008004237C] -> 0xBC23
mem[X,0x000000008004237E] -> 0x4220
[11173] [M]: 0x000000008004237C (0x4220BC23) sd sp, 1080(ra)
mem[0x0000000080046610] <- 0x0000000000000003
mem[X,0x0000000080042380] -> 0x0513
mem[X,0x0000000080042382] -> 0x0000
[11174] [M]: 0x0000000080042380 (0x00000513) addi a0, zero, 0
x10 <- 0x0000000000000000
mem[X,0x0000000080042384] -> 0x35B7
mem[X,0x0000000080042386] -> 0x3333
[11175] [M]: 0x0000000080042384 (0x333335B7) lui a1, 209715
x11 <- 0x0000000033333000
mem[X,0x0000000080042388] -> 0x8593
mem[X,0x000000008004238A] -> 0x3335
[11176] [M]: 0x0000000080042388 (0x33358593) addi a1, a1, 819
x11 <- 0x0000000033333333
mem[X,0x000000008004238C] -> 0x9593
mem[X,0x000000008004238E] -> 0x00B5
[11177] [M]: 0x000000008004238C (0x00B59593) slli a1, a1, 11
x11 <- 0x0000019999999800
mem[X,0x0000000080042390] -> 0x8593
mem[X,0x0000000080042392] -> 0x1995
[11178] [M]: 0x0000000080042390 (0x19958593) addi a1, a1, 409
x11 <- 0x0000019999999999
mem[X,0x0000000080042394] -> 0x9593
mem[X,0x0000000080042396] -> 0x00B5
[11179] [M]: 0x0000000080042394 (0x00B59593) slli a1, a1, 11
x11 <- 0x000CCCCCCCCCC800
mem[X,0x0000000080042398] -> 0x8593
mem[X,0x000000008004239A] -> 0x4CC5
[11180] [M]: 0x0000000080042398 (0x4CC58593) addi a1, a1, 1228
x11 <- 0x000CCCCCCCCCCCCC
mem[X,0x000000008004239C] -> 0x9593
mem[X,0x000000008004239E] -> 0x00A5
[11181] [M]: 0x000000008004239C (0x00A59593) slli a1, a1, 10
x11 <- 0x3333333333333000
mem[X,0x00000000800423A0] -> 0x8593
mem[X,0x00000000800423A2] -> 0x3345
[11182] [M]: 0x00000000800423A0 (0x33458593) addi a1, a1, 820
x11 <- 0x3333333333333334
mem[X,0x00000000800423A4] -> 0x0113
mem[X,0x00000000800423A6] -> 0x0000
[11183] [M]: 0x00000000800423A4 (0x00000113) addi sp, zero, 0
x2 <- 0x0000000000000000
mem[X,0x00000000800423A8] -> 0x006F
mem[X,0x00000000800423AA] -> 0x0140
[11184] [M]: 0x00000000800423A8 (0x0140006F) jal zero, 20
mem[X,0x00000000800423BC] -> 0x18E3
mem[X,0x00000000800423BE] -> 0xFEB5
[11185] [M]: 0x00000000800423BC (0xFEB518E3) bne a0, a1, 8176
mem[X,0x00000000800423AC] -> 0x0113
mem[X,0x00000000800423AE] -> 0x0011
[11186] [M]: 0x00000000800423AC (0x00110113) addi sp, sp, 1
x2 <- 0x0000000000000001
mem[X,0x00000000800423B0] -> 0x006F
mem[X,0x00000000800423B2] -> 0x0200
[11187] [M]: 0x00000000800423B0 (0x0200006F) jal zero, 32
mem[X,0x00000000800423D0] -> 0xB023
mem[X,0x00000000800423D2] -> 0x4420
[11188] [M]: 0x00000000800423D0 (0x4420B023) sd sp, 1088(ra)
mem[0x0000000080046618] <- 0x0000000000000001
mem[X,0x00000000800423D4] -> 0x0513
mem[X,0x00000000800423D6] -> 0x0000
[11189] [M]: 0x00000000800423D4 (0x00000513) addi a0, zero, 0
x10 <- 0x0000000000000000
mem[X,0x00000000800423D8] -> 0x65B7
mem[X,0x00000000800423DA] -> 0x6666
[11190] [M]: 0x00000000800423D8 (0x666665B7) lui a1, 419430
x11 <- 0x0000000066666000
mem[X,0x00000000800423DC] -> 0x8593
mem[X,0x00000000800423DE] -> 0x6665
[11191] [M]: 0x00000000800423DC (0x66658593) addi a1, a1, 1638
x11 <- 0x0000000066666666
mem[X,0x00000000800423E0] -> 0x9593
mem[X,0x00000000800423E2] -> 0x00B5
[11192] [M]: 0x00000000800423E0 (0x00B59593) slli a1, a1, 11
x11 <- 0x0000033333333000
mem[X,0x00000000800423E4] -> 0x8593
mem[X,0x00000000800423E6] -> 0x3335
[11193] [M]: 0x00000000800423E4 (0x33358593) addi a1, a1, 819
x11 <- 0x0000033333333333
mem[X,0x00000000800423E8] -> 0x9593
mem[X,0x00000000800423EA] -> 0x00B5
[11194] [M]: 0x00000000800423E8 (0x00B59593) slli a1, a1, 11
x11 <- 0x0019999999999800
mem[X,0x00000000800423EC] -> 0x8593
mem[X,0x00000000800423EE] -> 0x1995
[11195] [M]: 0x00000000800423EC (0x19958593) addi a1, a1, 409
x11 <- 0x0019999999999999
mem[X,0x00000000800423F0] -> 0x9593
mem[X,0x00000000800423F2] -> 0x00A5
[11196] [M]: 0x00000000800423F0 (0x00A59593) slli a1, a1, 10
x11 <- 0x6666666666666400
mem[X,0x00000000800423F4] -> 0x8593
mem[X,0x00000000800423F6] -> 0x2675
[11197] [M]: 0x00000000800423F4 (0x26758593) addi a1, a1, 615
x11 <- 0x6666666666666667
mem[X,0x00000000800423F8] -> 0x0113
mem[X,0x00000000800423FA] -> 0x0000
[11198] [M]: 0x00000000800423F8 (0x00000113) addi sp, zero, 0
x2 <- 0x0000000000000000
mem[X,0x00000000800423FC] -> 0x006F
mem[X,0x00000000800423FE] -> 0x00C0
[11199] [M]: 0x00000000800423FC (0x00C0006F) jal zero, 12
clint::tick mtime <- 0x0000000000000070
 clint timer pending at mtime 0x0000000000000070
htif::tick 0x0000000000000000
mem[X,0x0000000080042408] -> 0x1663
mem[X,0x000000008004240A] -> 0x00B5
[11200] [M]: 0x0000000080042408 (0x00B51663) bne a0, a1, 12
mem[X,0x0000000080042414] -> 0x0113
mem[X,0x0000000080042416] -> 0x0031
[11201] [M]: 0x0000000080042414 (0x00310113) addi sp, sp, 3
x2 <- 0x0000000000000003
mem[X,0x0000000080042418] -> 0x006F
mem[X,0x000000008004241A] -> 0x0040
[11202] [M]: 0x0000000080042418 (0x0040006F) jal zero, 4
mem[X,0x000000008004241C] -> 0xB423
mem[X,0x000000008004241E] -> 0x4420
[11203] [M]: 0x000000008004241C (0x4420B423) sd sp, 1096(ra)
mem[0x0000000080046620] <- 0x0000000000000003
mem[X,0x0000000080042420] -> 0x0513
mem[X,0x0000000080042422] -> 0x0000
[11204] [M]: 0x0000000080042420 (0x00000513) addi a0, zero, 0
x10 <- 0x0000000000000000
mem[X,0x0000000080042424] -> 0x05B7
mem[X,0x0000000080042426] -> 0x0000
[11205] [M]: 0x0000000080042424 (0x000005B7) lui a1, 0
x11 <- 0x0000000000000000
mem[X,0x0000000080042428] -> 0x8593
mem[X,0x000000008004242A] -> 0xFFF5
[11206] [M]: 0x0000000080042428 (0xFFF58593) addi a1, a1, 4095
x11 <- 0xFFFFFFFFFFFFFFFF
mem[X,0x000000008004242C] -> 0x9593
mem[X,0x000000008004242E] -> 0x00B5
[11207] [M]: 0x000000008004242C (0x00B59593) slli a1, a1, 11
x11 <- 0xFFFFFFFFFFFFF800
mem[X,0x0000000080042430] -> 0x8593
mem[X,0x0000000080042432] -> 0x2575
[11208] [M]: 0x0000000080042430 (0x25758593) addi a1, a1, 599
x11 <- 0xFFFFFFFFFFFFFA57
mem[X,0x0000000080042434] -> 0x9593
mem[X,0x0000000080042436] -> 0x00B5
[11209] [M]: 0x0000000080042434 (0x00B59593) slli a1, a1, 11
x11 <- 0xFFFFFFFFFFD2B800
mem[X,0x0000000080042438] -> 0x8593
mem[X,0x000000008004243A] -> 0x6C35
[11210] [M]: 0x0000000080042438 (0x6C358593) addi a1, a1, 1731
x11 <- 0xFFFFFFFFFFD2BEC3
mem[X,0x000000008004243C] -> 0x9593
mem[X,0x000000008004243E] -> 0x00A5
[11211] [M]: 0x000000008004243C (0x00A59593) slli a1, a1, 10
x11 <- 0xFFFFFFFF4AFB0C00
mem[X,0x0000000080042440] -> 0x8593
mem[X,0x0000000080042442] -> 0x0CE5
[11212] [M]: 0x0000000080042440 (0x0CE58593) addi a1, a1, 206
x11 <- 0xFFFFFFFF4AFB0CCE
mem[X,0x0000000080042444] -> 0x0113
mem[X,0x0000000080042446] -> 0x0000
[11213] [M]: 0x0000000080042444 (0x00000113) addi sp, zero, 0
x2 <- 0x0000000000000000
mem[X,0x0000000080042448] -> 0x006F
mem[X,0x000000008004244A] -> 0x00C0
[11214] [M]: 0x0000000080042448 (0x00C0006F) jal zero, 12
mem[X,0x0000000080042454] -> 0x1063
mem[X,0x0000000080042456] -> 0x04B5
[11215] [M]: 0x0000000080042454 (0x04B51063) bne a0, a1, 64
mem[X,0x0000000080042494] -> 0x0113
mem[X,0x0000000080042496] -> 0x0031
[11216] [M]: 0x0000000080042494 (0x00310113) addi sp, sp, 3
x2 <- 0x0000000000000003
mem[X,0x0000000080042498] -> 0x006F
mem[X,0x000000008004249A] -> 0x0040
[11217] [M]: 0x0000000080042498 (0x0040006F) jal zero, 4
mem[X,0x000000008004249C] -> 0xB823
mem[X,0x000000008004249E] -> 0x4420
[11218] [M]: 0x000000008004249C (0x4420B823) sd sp, 1104(ra)
mem[0x0000000080046628] <- 0x0000000000000003
mem[X,0x00000000800424A0] -> 0x0513
mem[X,0x00000000800424A2] -> 0x0000
[11219] [M]: 0x00000000800424A0 (0x00000513) addi a0, zero, 0
x10 <- 0x0000000000000000
mem[X,0x00000000800424A4] -> 0x05B7
mem[X,0x00000000800424A6] -> 0x0000
[11220] [M]: 0x00000000800424A4 (0x000005B7) lui a1, 0
x11 <- 0x0000000000000000
mem[X,0x00000000800424A8] -> 0x8593
mem[X,0x00000000800424AA] -> 0x0005
[11221] [M]: 0x00000000800424A8 (0x00058593) addi a1, a1, 0
x11 <- 0x0000000000000000
mem[X,0x00000000800424AC] -> 0x9593
mem[X,0x00000000800424AE] -> 0x00B5
[11222] [M]: 0x00000000800424AC (0x00B59593) slli a1, a1, 11
x11 <- 0x0000000000000000
mem[X,0x00000000800424B0] -> 0x8593
mem[X,0x00000000800424B2] -> 0x5A85
[11223] [M]: 0x00000000800424B0 (0x5A858593) addi a1, a1, 1448
x11 <- 0x00000000000005A8
mem[X,0x00000000800424B4] -> 0x9593
mem[X,0x00000000800424B6] -> 0x00B5
[11224] [M]: 0x00000000800424B4 (0x00B59593) slli a1, a1, 11
x11 <- 0x00000000002D4000
mem[X,0x00000000800424B8] -> 0x8593
mem[X,0x00000000800424BA] -> 0x13C5
[11225] [M]: 0x00000000800424B8 (0x13C58593) addi a1, a1, 316
x11 <- 0x00000000002D413C
mem[X,0x00000000800424BC] -> 0x9593
mem[X,0x00000000800424BE] -> 0x00A5
[11226] [M]: 0x00000000800424BC (0x00A59593) slli a1, a1, 10
x11 <- 0x00000000B504F000
mem[X,0x00000000800424C0] -> 0x8593
mem[X,0x00000000800424C2] -> 0x3345
[11227] [M]: 0x00000000800424C0 (0x33458593) addi a1, a1, 820
x11 <- 0x00000000B504F334
mem[X,0x00000000800424C4] -> 0x0113
mem[X,0x00000000800424C6] -> 0x0000
[11228] [M]: 0x00000000800424C4 (0x00000113) addi sp, zero, 0
x2 <- 0x0000000000000000
mem[X,0x00000000800424C8] -> 0x006F
mem[X,0x00000000800424CA] -> 0x0100
[11229] [M]: 0x00000000800424C8 (0x0100006F) jal zero, 16
mem[X,0x00000000800424D8] -> 0x1AE3
mem[X,0x00000000800424DA] -> 0xFEB5
[11230] [M]: 0x00000000800424D8 (0xFEB51AE3) bne a0, a1, 8180
mem[X,0x00000000800424CC] -> 0x0113
mem[X,0x00000000800424CE] -> 0x0011
[11231] [M]: 0x00000000800424CC (0x00110113) addi sp, sp, 1
x2 <- 0x0000000000000001
mem[X,0x00000000800424D0] -> 0x006F
mem[X,0x00000000800424D2] -> 0x01C0
[11232] [M]: 0x00000000800424D0 (0x01C0006F) jal zero, 28
mem[X,0x00000000800424EC] -> 0xBC23
mem[X,0x00000000800424EE] -> 0x4420
[11233] [M]: 0x00000000800424EC (0x4420BC23) sd sp, 1112(ra)
mem[0x0000000080046630] <- 0x0000000000000001
mem[X,0x00000000800424F0] -> 0x0513
mem[X,0x00000000800424F2] -> 0x0060
[11234] [M]: 0x00000000800424F0 (0x00600513) addi a0, zero, 6
x10 <- 0x0000000000000006
mem[X,0x00000000800424F4] -> 0x0593
mem[X,0x00000000800424F6] -> 0x0010
[11235] [M]: 0x00000000800424F4 (0x00100593) addi a1, zero, 1
x11 <- 0x0000000000000001
mem[X,0x00000000800424F8] -> 0x9593
mem[X,0x00000000800424FA] -> 0x01E5
[11236] [M]: 0x00000000800424F8 (0x01E59593) slli a1, a1, 30
x11 <- 0x0000000040000000
mem[X,0x00000000800424FC] -> 0x0113
mem[X,0x00000000800424FE] -> 0x0000
[11237] [M]: 0x00000000800424FC (0x00000113) addi sp, zero, 0
x2 <- 0x0000000000000000
mem[X,0x0000000080042500] -> 0x006F
mem[X,0x0000000080042502] -> 0x00C0
[11238] [M]: 0x0000000080042500 (0x00C0006F) jal zero, 12
mem[X,0x000000008004250C] -> 0x1CE3
mem[X,0x000000008004250E] -> 0xFEB5
[11239] [M]: 0x000000008004250C (0xFEB51CE3) bne a0, a1, 8184
mem[X,0x0000000080042504] -> 0x0113
mem[X,0x0000000080042506] -> 0x0011
[11240] [M]: 0x0000000080042504 (0x00110113) addi sp, sp, 1
x2 <- 0x0000000000000001
mem[X,0x0000000080042508] -> 0x006F
mem[X,0x000000008004250A] -> 0x0180
[11241] [M]: 0x0000000080042508 (0x0180006F) jal zero, 24
mem[X,0x0000000080042520] -> 0xB023
mem[X,0x0000000080042522] -> 0x4620
[11242] [M]: 0x0000000080042520 (0x4620B023) sd sp, 1120(ra)
mem[0x0000000080046638] <- 0x0000000000000001
mem[X,0x0000000080042524] -> 0x0513
mem[X,0x0000000080042526] -> 0x0010
[11243] [M]: 0x0000000080042524 (0x00100513) addi a0, zero, 1
x10 <- 0x0000000000000001
mem[X,0x0000000080042528] -> 0x1513
mem[X,0x000000008004252A] -> 0x02D5
[11244] [M]: 0x0000000080042528 (0x02D51513) slli a0, a0, 45
x10 <- 0x0000200000000000
mem[X,0x000000008004252C] -> 0x0593
mem[X,0x000000008004252E] -> 0x0020
[11245] [M]: 0x000000008004252C (0x00200593) addi a1, zero, 2
x11 <- 0x0000000000000002
mem[X,0x0000000080042530] -> 0x0113
mem[X,0x0000000080042532] -> 0x0000
[11246] [M]: 0x0000000080042530 (0x00000113) addi sp, zero, 0
x2 <- 0x0000000000000000
mem[X,0x0000000080042534] -> 0x006F
mem[X,0x0000000080042536] -> 0x00C0
[11247] [M]: 0x0000000080042534 (0x00C0006F) jal zero, 12
mem[X,0x0000000080042540] -> 0x1063
mem[X,0x0000000080042542] -> 0x02B5
[11248] [M]: 0x0000000080042540 (0x02B51063) bne a0, a1, 32
mem[X,0x0000000080042560] -> 0x0113
mem[X,0x0000000080042562] -> 0x0031
[11249] [M]: 0x0000000080042560 (0x00310113) addi sp, sp, 3
x2 <- 0x0000000000000003
mem[X,0x0000000080042564] -> 0x006F
mem[X,0x0000000080042566] -> 0x0040
[11250] [M]: 0x0000000080042564 (0x0040006F) jal zero, 4
mem[X,0x0000000080042568] -> 0xB423
mem[X,0x000000008004256A] -> 0x4620
[11251] [M]: 0x0000000080042568 (0x4620B423) sd sp, 1128(ra)
mem[0x0000000080046640] <- 0x0000000000000003
mem[X,0x000000008004256C] -> 0x006F
mem[X,0x000000008004256E] -> 0x0380
[11252] [M]: 0x000000008004256C (0x0380006F) jal zero, 56
mem[X,0x00000000800425A4] -> 0x0093
mem[X,0x00000000800425A6] -> 0x0010
[11253] [M]: 0x00000000800425A4 (0x00100093) addi ra, zero, 1
x1 <- 0x0000000000000001
mem[X,0x00000000800425A8] -> 0x1F17
mem[X,0x00000000800425AA] -> 0x0000
[11254] [M]: 0x00000000800425A8 (0x00001F17) auipc t5, 1
x30 <- 0x00000000800435A8
mem[X,0x00000000800425AC] -> 0x2C23
mem[X,0x00000000800425AE] -> 0xA41F
[11255] [M]: 0x00000000800425AC (0xA41F2C23) sw ra, 2648(t5)
htif[0x0000000080043000] <- 0x00000001
mem[X,0x00000000800425B0] -> 0xF06F
mem[X,0x00000000800425B2] -> 0xFF9F
[11256] [M]: 0x00000000800425B0 (0xFF9FF06F) jal zero, 2097144
mem[X,0x00000000800425A8] -> 0x1F17
mem[X,0x00000000800425AA] -> 0x0000
[11257] [M]: 0x00000000800425A8 (0x00001F17) auipc t5, 1
x30 <- 0x00000000800435A8
mem[X,0x00000000800425AC] -> 0x2C23
mem[X,0x00000000800425AE] -> 0xA41F
[11258] [M]: 0x00000000800425AC (0xA41F2C23) sw ra, 2648(t5)
htif[0x0000000080043000] <- 0x00000001
mem[X,0x00000000800425B0] -> 0xF06F
mem[X,0x00000000800425B2] -> 0xFF9F
[11259] [M]: 0x00000000800425B0 (0xFF9FF06F) jal zero, 2097144
mem[X,0x00000000800425A8] -> 0x1F17
mem[X,0x00000000800425AA] -> 0x0000
[11260] [M]: 0x00000000800425A8 (0x00001F17) auipc t5, 1
x30 <- 0x00000000800435A8
mem[X,0x00000000800425AC] -> 0x2C23
mem[X,0x00000000800425AE] -> 0xA41F
[11261] [M]: 0x00000000800425AC (0xA41F2C23) sw ra, 2648(t5)
htif[0x0000000080043000] <- 0x00000001
htif-syscall-proxy cmd: 0x000000000001
SUCCESS
