using /home/minami/vscode/github/riscv-cof/test/riscof_work/rv64i_m/I/src/slli-01.S/ref/Reference-sail_c_simulator.signature for test-signature output.
tohost located at 0x80001000
Running file ref.elf.
ELF Entry @ 0x80000000
begin_signature: 0x80003110
end_signature: 0x800035e0
CSR mstatus <- 0x0000000A00000000 (input: 0x0000000000000000)
mem[X,0x0000000000001000] -> 0x0297
mem[X,0x0000000000001002] -> 0x0000
[0] [M]: 0x0000000000001000 (0x00000297) auipc t0, 0
x5 <- 0x0000000000001000
mem[X,0x0000000000001004] -> 0x8593
mem[X,0x0000000000001006] -> 0x0202
[1] [M]: 0x0000000000001004 (0x02028593) addi a1, t0, 32
x11 <- 0x0000000000001020
mem[X,0x0000000000001008] -> 0x2573
mem[X,0x000000000000100A] -> 0xF140
[2] [M]: 0x0000000000001008 (0xF1402573) csrrs a0, mhartid, zero
CSR mhartid -> 0x0000000000000000
x10 <- 0x0000000000000000
mem[X,0x000000000000100C] -> 0xB283
mem[X,0x000000000000100E] -> 0x0182
[3] [M]: 0x000000000000100C (0x0182B283) ld t0, 24(t0)
mem[R,0x0000000000001018] -> 0x0000000080000000
x5 <- 0x0000000080000000
mem[X,0x0000000000001010] -> 0x8067
mem[X,0x0000000000001012] -> 0x0002
[4] [M]: 0x0000000000001010 (0x00028067) jalr zero, t0, 0
mem[X,0x0000000080000000] -> 0xC0B7
mem[X,0x0000000080000002] -> 0xFEED
[5] [M]: 0x0000000080000000 (0xFEEDC0B7) lui ra, 1044188
x1 <- 0xFFFFFFFFFEEDC000
mem[X,0x0000000080000004] -> 0x8093
mem[X,0x0000000080000006] -> 0xEAD0
[6] [M]: 0x0000000080000004 (0xEAD08093) addi ra, ra, 3757
x1 <- 0xFFFFFFFFFEEDBEAD
mem[X,0x0000000080000008] -> 0x9093
mem[X,0x000000008000000A] -> 0x00B0
[7] [M]: 0x0000000080000008 (0x00B09093) slli ra, ra, 11
x1 <- 0xFFFFFFF76DF56800
mem[X,0x000000008000000C] -> 0x8093
mem[X,0x000000008000000E] -> 0x7F70
[8] [M]: 0x000000008000000C (0x7F708093) addi ra, ra, 2039
x1 <- 0xFFFFFFF76DF56FF7
mem[X,0x0000000080000010] -> 0x9093
mem[X,0x0000000080000012] -> 0x00B0
[9] [M]: 0x0000000080000010 (0x00B09093) slli ra, ra, 11
x1 <- 0xFFFFBB6FAB7FB800
mem[X,0x0000000080000014] -> 0x8093
mem[X,0x0000000080000016] -> 0x36F0
[10] [M]: 0x0000000080000014 (0x36F08093) addi ra, ra, 879
x1 <- 0xFFFFBB6FAB7FBB6F
mem[X,0x0000000080000018] -> 0x9093
mem[X,0x000000008000001A] -> 0x00A0
[11] [M]: 0x0000000080000018 (0x00A09093) slli ra, ra, 10
x1 <- 0xFEEDBEADFEEDBC00
mem[X,0x000000008000001C] -> 0x8093
mem[X,0x000000008000001E] -> 0x2AD0
[12] [M]: 0x000000008000001C (0x2AD08093) addi ra, ra, 685
x1 <- 0xFEEDBEADFEEDBEAD
mem[X,0x0000000080000020] -> 0xE137
mem[X,0x0000000080000022] -> 0xFF76
[13] [M]: 0x0000000080000020 (0xFF76E137) lui sp, 1046382
x2 <- 0xFFFFFFFFFF76E000
mem[X,0x0000000080000024] -> 0x0113
mem[X,0x0000000080000026] -> 0xF561
[14] [M]: 0x0000000080000024 (0xF5610113) addi sp, sp, 3926
x2 <- 0xFFFFFFFFFF76DF56
mem[X,0x0000000080000028] -> 0x1113
mem[X,0x000000008000002A] -> 0x00B1
[15] [M]: 0x0000000080000028 (0x00B11113) slli sp, sp, 11
x2 <- 0xFFFFFFFBB6FAB000
mem[X,0x000000008000002C] -> 0x0113
mem[X,0x000000008000002E] -> 0x7FB1
[16] [M]: 0x000000008000002C (0x7FB10113) addi sp, sp, 2043
x2 <- 0xFFFFFFFBB6FAB7FB
mem[X,0x0000000080000030] -> 0x1113
mem[X,0x0000000080000032] -> 0x00B1
[17] [M]: 0x0000000080000030 (0x00B11113) slli sp, sp, 11
x2 <- 0xFFFFDDB7D5BFD800
mem[X,0x0000000080000034] -> 0x0113
mem[X,0x0000000080000036] -> 0x5B71
[18] [M]: 0x0000000080000034 (0x5B710113) addi sp, sp, 1463
x2 <- 0xFFFFDDB7D5BFDDB7
mem[X,0x0000000080000038] -> 0x1113
mem[X,0x000000008000003A] -> 0x00A1
[19] [M]: 0x0000000080000038 (0x00A11113) slli sp, sp, 10
x2 <- 0xFF76DF56FF76DC00
mem[X,0x000000008000003C] -> 0x0113
mem[X,0x000000008000003E] -> 0x3561
[20] [M]: 0x000000008000003C (0x35610113) addi sp, sp, 854
x2 <- 0xFF76DF56FF76DF56
mem[X,0x0000000080000040] -> 0x71B7
mem[X,0x0000000080000042] -> 0x7FBB
[21] [M]: 0x0000000080000040 (0x7FBB71B7) lui gp, 523191
x3 <- 0x000000007FBB7000
mem[X,0x0000000080000044] -> 0x8193
mem[X,0x0000000080000046] -> 0xFAB1
[22] [M]: 0x0000000080000044 (0xFAB18193) addi gp, gp, 4011
x3 <- 0x000000007FBB6FAB
mem[X,0x0000000080000048] -> 0x9193
mem[X,0x000000008000004A] -> 0x00B1
[23] [M]: 0x0000000080000048 (0x00B19193) slli gp, gp, 11
x3 <- 0x000003FDDB7D5800
mem[X,0x000000008000004C] -> 0x8193
mem[X,0x000000008000004E] -> 0x3FD1
[24] [M]: 0x000000008000004C (0x3FD18193) addi gp, gp, 1021
x3 <- 0x000003FDDB7D5BFD
mem[X,0x0000000080000050] -> 0x9193
mem[X,0x0000000080000052] -> 0x00B1
[25] [M]: 0x0000000080000050 (0x00B19193) slli gp, gp, 11
x3 <- 0x001FEEDBEADFE800
mem[X,0x0000000080000054] -> 0x8193
mem[X,0x0000000080000056] -> 0x6DB1
[26] [M]: 0x0000000080000054 (0x6DB18193) addi gp, gp, 1755
x3 <- 0x001FEEDBEADFEEDB
mem[X,0x0000000080000058] -> 0x9193
mem[X,0x000000008000005A] -> 0x00A1
[27] [M]: 0x0000000080000058 (0x00A19193) slli gp, gp, 10
x3 <- 0x7FBB6FAB7FBB6C00
mem[X,0x000000008000005C] -> 0x8193
mem[X,0x000000008000005E] -> 0x3AB1
[28] [M]: 0x000000008000005C (0x3AB18193) addi gp, gp, 939
x3 <- 0x7FBB6FAB7FBB6FAB
mem[X,0x0000000080000060] -> 0xB237
mem[X,0x0000000080000062] -> 0xBFDD
[29] [M]: 0x0000000080000060 (0xBFDDB237) lui tp, 785883
x4 <- 0xFFFFFFFFBFDDB000
mem[X,0x0000000080000064] -> 0x0213
mem[X,0x0000000080000066] -> 0x7D52
[30] [M]: 0x0000000080000064 (0x7D520213) addi tp, tp, 2005
x4 <- 0xFFFFFFFFBFDDB7D5
mem[X,0x0000000080000068] -> 0x1213
mem[X,0x000000008000006A] -> 0x00B2
[31] [M]: 0x0000000080000068 (0x00B21213) slli tp, tp, 11
x4 <- 0xFFFFFDFEEDBEA800
mem[X,0x000000008000006C] -> 0x0213
mem[X,0x000000008000006E] -> 0x5FE2
[32] [M]: 0x000000008000006C (0x5FE20213) addi tp, tp, 1534
x4 <- 0xFFFFFDFEEDBEADFE
mem[X,0x0000000080000070] -> 0x1213
mem[X,0x0000000080000072] -> 0x00B2
[33] [M]: 0x0000000080000070 (0x00B21213) slli tp, tp, 11
x4 <- 0xFFEFF76DF56FF000
mem[X,0x0000000080000074] -> 0x0213
mem[X,0x0000000080000076] -> 0x76D2
[34] [M]: 0x0000000080000074 (0x76D20213) addi tp, tp, 1901
x4 <- 0xFFEFF76DF56FF76D
mem[X,0x0000000080000078] -> 0x1213
mem[X,0x000000008000007A] -> 0x00A2
[35] [M]: 0x0000000080000078 (0x00A21213) slli tp, tp, 10
x4 <- 0xBFDDB7D5BFDDB400
mem[X,0x000000008000007C] -> 0x0213
mem[X,0x000000008000007E] -> 0x3D52
[36] [M]: 0x000000008000007C (0x3D520213) addi tp, tp, 981
x4 <- 0xBFDDB7D5BFDDB7D5
mem[X,0x0000000080000080] -> 0xE2B7
mem[X,0x0000000080000082] -> 0xDFEE
[37] [M]: 0x0000000080000080 (0xDFEEE2B7) lui t0, 917230
x5 <- 0xFFFFFFFFDFEEE000
mem[X,0x0000000080000084] -> 0x8293
mem[X,0x0000000080000086] -> 0xBEA2
[38] [M]: 0x0000000080000084 (0xBEA28293) addi t0, t0, 3050
x5 <- 0xFFFFFFFFDFEEDBEA
mem[X,0x0000000080000088] -> 0x9293
mem[X,0x000000008000008A] -> 0x00B2
[39] [M]: 0x0000000080000088 (0x00B29293) slli t0, t0, 11
x5 <- 0xFFFFFEFF76DF5000
mem[X,0x000000008000008C] -> 0x8293
mem[X,0x000000008000008E] -> 0x6FF2
[40] [M]: 0x000000008000008C (0x6FF28293) addi t0, t0, 1791
x5 <- 0xFFFFFEFF76DF56FF
mem[X,0x0000000080000090] -> 0x9293
mem[X,0x0000000080000092] -> 0x00B2
[41] [M]: 0x0000000080000090 (0x00B29293) slli t0, t0, 11
x5 <- 0xFFF7FBB6FAB7F800
mem[X,0x0000000080000094] -> 0x8293
mem[X,0x0000000080000096] -> 0x3B62
[42] [M]: 0x0000000080000094 (0x3B628293) addi t0, t0, 950
x5 <- 0xFFF7FBB6FAB7FBB6
mem[X,0x0000000080000098] -> 0x9293
mem[X,0x000000008000009A] -> 0x00A2
[43] [M]: 0x0000000080000098 (0x00A29293) slli t0, t0, 10
x5 <- 0xDFEEDBEADFEED800
mem[X,0x000000008000009C] -> 0x8293
mem[X,0x000000008000009E] -> 0x3EA2
[44] [M]: 0x000000008000009C (0x3EA28293) addi t0, t0, 1002
x5 <- 0xDFEEDBEADFEEDBEA
mem[X,0x00000000800000A0] -> 0x7337
mem[X,0x00000000800000A2] -> 0x6FF7
[45] [M]: 0x00000000800000A0 (0x6FF77337) lui t1, 458615
x6 <- 0x000000006FF77000
mem[X,0x00000000800000A4] -> 0x0313
mem[X,0x00000000800000A6] -> 0xDF53
[46] [M]: 0x00000000800000A4 (0xDF530313) addi t1, t1, 3573
x6 <- 0x000000006FF76DF5
mem[X,0x00000000800000A8] -> 0x1313
mem[X,0x00000000800000AA] -> 0x00B3
[47] [M]: 0x00000000800000A8 (0x00B31313) slli t1, t1, 11
x6 <- 0x0000037FBB6FA800
mem[X,0x00000000800000AC] -> 0x0313
mem[X,0x00000000800000AE] -> 0x37F3
[48] [M]: 0x00000000800000AC (0x37F30313) addi t1, t1, 895
x6 <- 0x0000037FBB6FAB7F
mem[X,0x00000000800000B0] -> 0x1313
mem[X,0x00000000800000B2] -> 0x00B3
[49] [M]: 0x00000000800000B0 (0x00B31313) slli t1, t1, 11
x6 <- 0x001BFDDB7D5BF800
mem[X,0x00000000800000B4] -> 0x0313
mem[X,0x00000000800000B6] -> 0x5DB3
[50] [M]: 0x00000000800000B4 (0x5DB30313) addi t1, t1, 1499
x6 <- 0x001BFDDB7D5BFDDB
mem[X,0x00000000800000B8] -> 0x1313
mem[X,0x00000000800000BA] -> 0x00A3
[51] [M]: 0x00000000800000B8 (0x00A31313) slli t1, t1, 10
x6 <- 0x6FF76DF56FF76C00
mem[X,0x00000000800000BC] -> 0x0313
mem[X,0x00000000800000BE] -> 0x1F53
[52] [M]: 0x00000000800000BC (0x1F530313) addi t1, t1, 501
x6 <- 0x6FF76DF56FF76DF5
mem[X,0x00000000800000C0] -> 0xB3B7
mem[X,0x00000000800000C2] -> 0xB7FB
[53] [M]: 0x00000000800000C0 (0xB7FBB3B7) lui t2, 753595
x7 <- 0xFFFFFFFFB7FBB000
mem[X,0x00000000800000C4] -> 0x8393
mem[X,0x00000000800000C6] -> 0x6FA3
[54] [M]: 0x00000000800000C4 (0x6FA38393) addi t2, t2, 1786
x7 <- 0xFFFFFFFFB7FBB6FA
mem[X,0x00000000800000C8] -> 0x9393
mem[X,0x00000000800000CA] -> 0x00B3
[55] [M]: 0x00000000800000C8 (0x00B39393) slli t2, t2, 11
x7 <- 0xFFFFFDBFDDB7D000
mem[X,0x00000000800000CC] -> 0x8393
mem[X,0x00000000800000CE] -> 0x5BF3
[56] [M]: 0x00000000800000CC (0x5BF38393) addi t2, t2, 1471
x7 <- 0xFFFFFDBFDDB7D5BF
mem[X,0x00000000800000D0] -> 0x9393
mem[X,0x00000000800000D2] -> 0x00B3
[57] [M]: 0x00000000800000D0 (0x00B39393) slli t2, t2, 11
x7 <- 0xFFEDFEEDBEADF800
mem[X,0x00000000800000D4] -> 0x8393
mem[X,0x00000000800000D6] -> 0x6ED3
[58] [M]: 0x00000000800000D4 (0x6ED38393) addi t2, t2, 1773
x7 <- 0xFFEDFEEDBEADFEED
mem[X,0x00000000800000D8] -> 0x9393
mem[X,0x00000000800000DA] -> 0x00A3
[59] [M]: 0x00000000800000D8 (0x00A39393) slli t2, t2, 10
x7 <- 0xB7FBB6FAB7FBB400
mem[X,0x00000000800000DC] -> 0x8393
mem[X,0x00000000800000DE] -> 0x2FA3
[60] [M]: 0x00000000800000DC (0x2FA38393) addi t2, t2, 762
x7 <- 0xB7FBB6FAB7FBB6FA
mem[X,0x00000000800000E0] -> 0xE437
mem[X,0x00000000800000E2] -> 0x5BFD
[61] [M]: 0x00000000800000E0 (0x5BFDE437) lui fp, 376798
x8 <- 0x000000005BFDE000
mem[X,0x00000000800000E4] -> 0x0413
mem[X,0x00000000800000E6] -> 0xB7D4
[62] [M]: 0x00000000800000E4 (0xB7D40413) addi fp, fp, 2941
x8 <- 0x000000005BFDDB7D
mem[X,0x00000000800000E8] -> 0x1413
mem[X,0x00000000800000EA] -> 0x00B4
[63] [M]: 0x00000000800000E8 (0x00B41413) slli fp, fp, 11
x8 <- 0x000002DFEEDBE800
mem[X,0x00000000800000EC] -> 0x0413
mem[X,0x00000000800000EE] -> 0x2DF4
[64] [M]: 0x00000000800000EC (0x2DF40413) addi fp, fp, 735
x8 <- 0x000002DFEEDBEADF
mem[X,0x00000000800000F0] -> 0x1413
mem[X,0x00000000800000F2] -> 0x00B4
[65] [M]: 0x00000000800000F0 (0x00B41413) slli fp, fp, 11
x8 <- 0x0016FF76DF56F800
mem[X,0x00000000800000F4] -> 0x0413
mem[X,0x00000000800000F6] -> 0x7764
[66] [M]: 0x00000000800000F4 (0x77640413) addi fp, fp, 1910
x8 <- 0x0016FF76DF56FF76
mem[X,0x00000000800000F8] -> 0x1413
mem[X,0x00000000800000FA] -> 0x00A4
[67] [M]: 0x00000000800000F8 (0x00A41413) slli fp, fp, 10
x8 <- 0x5BFDDB7D5BFDD800
mem[X,0x00000000800000FC] -> 0x0413
mem[X,0x00000000800000FE] -> 0x37D4
[68] [M]: 0x00000000800000FC (0x37D40413) addi fp, fp, 893
x8 <- 0x5BFDDB7D5BFDDB7D
mem[X,0x0000000080000100] -> 0xF4B7
mem[X,0x0000000080000102] -> 0xADFE
[69] [M]: 0x0000000080000100 (0xADFEF4B7) lui s1, 712687
x9 <- 0xFFFFFFFFADFEF000
mem[X,0x0000000080000104] -> 0x8493
mem[X,0x0000000080000106] -> 0xDBE4
[70] [M]: 0x0000000080000104 (0xDBE48493) addi s1, s1, 3518
x9 <- 0xFFFFFFFFADFEEDBE
mem[X,0x0000000080000108] -> 0x9493
mem[X,0x000000008000010A] -> 0x00B4
[71] [M]: 0x0000000080000108 (0x00B49493) slli s1, s1, 11
x9 <- 0xFFFFFD6FF76DF000
mem[X,0x000000008000010C] -> 0x8493
mem[X,0x000000008000010E] -> 0x56F4
[72] [M]: 0x000000008000010C (0x56F48493) addi s1, s1, 1391
x9 <- 0xFFFFFD6FF76DF56F
mem[X,0x0000000080000110] -> 0x9493
mem[X,0x0000000080000112] -> 0x00B4
[73] [M]: 0x0000000080000110 (0x00B49493) slli s1, s1, 11
x9 <- 0xFFEB7FBB6FAB7800
mem[X,0x0000000080000114] -> 0x8493
mem[X,0x0000000080000116] -> 0x7BB4
[74] [M]: 0x0000000080000114 (0x7BB48493) addi s1, s1, 1979
x9 <- 0xFFEB7FBB6FAB7FBB
mem[X,0x0000000080000118] -> 0x9493
mem[X,0x000000008000011A] -> 0x00A4
[75] [M]: 0x0000000080000118 (0x00A49493) slli s1, s1, 10
x9 <- 0xADFEEDBEADFEEC00
mem[X,0x000000008000011C] -> 0x8493
mem[X,0x000000008000011E] -> 0x1BE4
[76] [M]: 0x000000008000011C (0x1BE48493) addi s1, s1, 446
x9 <- 0xADFEEDBEADFEEDBE
mem[X,0x0000000080000120] -> 0x7537
mem[X,0x0000000080000122] -> 0x56FF
[77] [M]: 0x0000000080000120 (0x56FF7537) lui a0, 356343
x10 <- 0x0000000056FF7000
mem[X,0x0000000080000124] -> 0x0513
mem[X,0x0000000080000126] -> 0x6DF5
[78] [M]: 0x0000000080000124 (0x6DF50513) addi a0, a0, 1759
x10 <- 0x0000000056FF76DF
mem[X,0x0000000080000128] -> 0x1513
mem[X,0x000000008000012A] -> 0x00B5
[79] [M]: 0x0000000080000128 (0x00B51513) slli a0, a0, 11
x10 <- 0x000002B7FBB6F800
mem[X,0x000000008000012C] -> 0x0513
mem[X,0x000000008000012E] -> 0x2B75
[80] [M]: 0x000000008000012C (0x2B750513) addi a0, a0, 695
x10 <- 0x000002B7FBB6FAB7
mem[X,0x0000000080000130] -> 0x1513
mem[X,0x0000000080000132] -> 0x00B5
[81] [M]: 0x0000000080000130 (0x00B51513) slli a0, a0, 11
x10 <- 0x0015BFDDB7D5B800
mem[X,0x0000000080000134] -> 0x0513
mem[X,0x0000000080000136] -> 0x7DD5
[82] [M]: 0x0000000080000134 (0x7DD50513) addi a0, a0, 2013
x10 <- 0x0015BFDDB7D5BFDD
mem[X,0x0000000080000138] -> 0x1513
mem[X,0x000000008000013A] -> 0x00A5
[83] [M]: 0x0000000080000138 (0x00A51513) slli a0, a0, 10
x10 <- 0x56FF76DF56FF7400
mem[X,0x000000008000013C] -> 0x0513
mem[X,0x000000008000013E] -> 0x2DF5
[84] [M]: 0x000000008000013C (0x2DF50513) addi a0, a0, 735
x10 <- 0x56FF76DF56FF76DF
mem[X,0x0000000080000140] -> 0xC5B7
mem[X,0x0000000080000142] -> 0xAB7F
[85] [M]: 0x0000000080000140 (0xAB7FC5B7) lui a1, 702460
x11 <- 0xFFFFFFFFAB7FC000
mem[X,0x0000000080000144] -> 0x8593
mem[X,0x0000000080000146] -> 0xB6F5
[86] [M]: 0x0000000080000144 (0xB6F58593) addi a1, a1, 2927
x11 <- 0xFFFFFFFFAB7FBB6F
mem[X,0x0000000080000148] -> 0x9593
mem[X,0x000000008000014A] -> 0x00B5
[87] [M]: 0x0000000080000148 (0x00B59593) slli a1, a1, 11
x11 <- 0xFFFFFD5BFDDB7800
mem[X,0x000000008000014C] -> 0x8593
mem[X,0x000000008000014E] -> 0x55B5
[88] [M]: 0x000000008000014C (0x55B58593) addi a1, a1, 1371
x11 <- 0xFFFFFD5BFDDB7D5B
mem[X,0x0000000080000150] -> 0x9593
mem[X,0x0000000080000152] -> 0x00B5
[89] [M]: 0x0000000080000150 (0x00B59593) slli a1, a1, 11
x11 <- 0xFFEADFEEDBEAD800
mem[X,0x0000000080000154] -> 0x8593
mem[X,0x0000000080000156] -> 0x7EE5
[90] [M]: 0x0000000080000154 (0x7EE58593) addi a1, a1, 2030
x11 <- 0xFFEADFEEDBEADFEE
mem[X,0x0000000080000158] -> 0x9593
mem[X,0x000000008000015A] -> 0x00A5
[91] [M]: 0x0000000080000158 (0x00A59593) slli a1, a1, 10
x11 <- 0xAB7FBB6FAB7FB800
mem[X,0x000000008000015C] -> 0x8593
mem[X,0x000000008000015E] -> 0x36F5
[92] [M]: 0x000000008000015C (0x36F58593) addi a1, a1, 879
x11 <- 0xAB7FBB6FAB7FBB6F
mem[X,0x0000000080000160] -> 0xE637
mem[X,0x0000000080000162] -> 0xD5BF
[93] [M]: 0x0000000080000160 (0xD5BFE637) lui a2, 875518
x12 <- 0xFFFFFFFFD5BFE000
mem[X,0x0000000080000164] -> 0x0613
mem[X,0x0000000080000166] -> 0xDB76
[94] [M]: 0x0000000080000164 (0xDB760613) addi a2, a2, 3511
x12 <- 0xFFFFFFFFD5BFDDB7
mem[X,0x0000000080000168] -> 0x1613
mem[X,0x000000008000016A] -> 0x00B6
[95] [M]: 0x0000000080000168 (0x00B61613) slli a2, a2, 11
x12 <- 0xFFFFFEADFEEDB800
mem[X,0x000000008000016C] -> 0x0613
mem[X,0x000000008000016E] -> 0x6AD6
[96] [M]: 0x000000008000016C (0x6AD60613) addi a2, a2, 1709
x12 <- 0xFFFFFEADFEEDBEAD
mem[X,0x0000000080000170] -> 0x1613
mem[X,0x0000000080000172] -> 0x00B6
[97] [M]: 0x0000000080000170 (0x00B61613) slli a2, a2, 11
x12 <- 0xFFF56FF76DF56800
mem[X,0x0000000080000174] -> 0x0613
mem[X,0x0000000080000176] -> 0x7F76
[98] [M]: 0x0000000080000174 (0x7F760613) addi a2, a2, 2039
x12 <- 0xFFF56FF76DF56FF7
mem[X,0x0000000080000178] -> 0x1613
mem[X,0x000000008000017A] -> 0x00A6
[99] [M]: 0x0000000080000178 (0x00A61613) slli a2, a2, 10
x12 <- 0xD5BFDDB7D5BFDC00
clint::tick mtime <- 0x0000000000000001
 clint timer pending at mtime 0x0000000000000001
htif::tick 0x0000000000000000
mem[X,0x000000008000017C] -> 0x0613
mem[X,0x000000008000017E] -> 0x1B76
[100] [M]: 0x000000008000017C (0x1B760613) addi a2, a2, 439
x12 <- 0xD5BFDDB7D5BFDDB7
mem[X,0x0000000080000180] -> 0xF6B7
mem[X,0x0000000080000182] -> 0xEADF
[101] [M]: 0x0000000080000180 (0xEADFF6B7) lui a3, 962047
x13 <- 0xFFFFFFFFEADFF000
mem[X,0x0000000080000184] -> 0x8693
mem[X,0x0000000080000186] -> 0xEDB6
[102] [M]: 0x0000000080000184 (0xEDB68693) addi a3, a3, 3803
x13 <- 0xFFFFFFFFEADFEEDB
mem[X,0x0000000080000188] -> 0x9693
mem[X,0x000000008000018A] -> 0x00B6
[103] [M]: 0x0000000080000188 (0x00B69693) slli a3, a3, 11
x13 <- 0xFFFFFF56FF76D800
mem[X,0x000000008000018C] -> 0x8693
mem[X,0x000000008000018E] -> 0x7566
[104] [M]: 0x000000008000018C (0x75668693) addi a3, a3, 1878
x13 <- 0xFFFFFF56FF76DF56
mem[X,0x0000000080000190] -> 0x9693
mem[X,0x0000000080000192] -> 0x00B6
[105] [M]: 0x0000000080000190 (0x00B69693) slli a3, a3, 11
x13 <- 0xFFFAB7FBB6FAB000
mem[X,0x0000000080000194] -> 0x8693
mem[X,0x0000000080000196] -> 0x7FB6
[106] [M]: 0x0000000080000194 (0x7FB68693) addi a3, a3, 2043
x13 <- 0xFFFAB7FBB6FAB7FB
mem[X,0x0000000080000198] -> 0x9693
mem[X,0x000000008000019A] -> 0x00A6
[107] [M]: 0x0000000080000198 (0x00A69693) slli a3, a3, 10
x13 <- 0xEADFEEDBEADFEC00
mem[X,0x000000008000019C] -> 0x8693
mem[X,0x000000008000019E] -> 0x2DB6
[108] [M]: 0x000000008000019C (0x2DB68693) addi a3, a3, 731
x13 <- 0xEADFEEDBEADFEEDB
mem[X,0x00000000800001A0] -> 0xF737
mem[X,0x00000000800001A2] -> 0xF56F
[109] [M]: 0x00000000800001A0 (0xF56FF737) lui a4, 1005311
x14 <- 0xFFFFFFFFF56FF000
mem[X,0x00000000800001A4] -> 0x0713
mem[X,0x00000000800001A6] -> 0x76D7
[110] [M]: 0x00000000800001A4 (0x76D70713) addi a4, a4, 1901
x14 <- 0xFFFFFFFFF56FF76D
mem[X,0x00000000800001A8] -> 0x1713
mem[X,0x00000000800001AA] -> 0x00B7
[111] [M]: 0x00000000800001A8 (0x00B71713) slli a4, a4, 11
x14 <- 0xFFFFFFAB7FBB6800
mem[X,0x00000000800001AC] -> 0x0713
mem[X,0x00000000800001AE] -> 0x7AB7
[112] [M]: 0x00000000800001AC (0x7AB70713) addi a4, a4, 1963
x14 <- 0xFFFFFFAB7FBB6FAB
mem[X,0x00000000800001B0] -> 0x1713
mem[X,0x00000000800001B2] -> 0x00B7
[113] [M]: 0x00000000800001B0 (0x00B71713) slli a4, a4, 11
x14 <- 0xFFFD5BFDDB7D5800
mem[X,0x00000000800001B4] -> 0x0713
mem[X,0x00000000800001B6] -> 0x3FD7
[114] [M]: 0x00000000800001B4 (0x3FD70713) addi a4, a4, 1021
x14 <- 0xFFFD5BFDDB7D5BFD
mem[X,0x00000000800001B8] -> 0x1713
mem[X,0x00000000800001BA] -> 0x00A7
[115] [M]: 0x00000000800001B8 (0x00A71713) slli a4, a4, 10
x14 <- 0xF56FF76DF56FF400
mem[X,0x00000000800001BC] -> 0x0713
mem[X,0x00000000800001BE] -> 0x36D7
[116] [M]: 0x00000000800001BC (0x36D70713) addi a4, a4, 877
x14 <- 0xF56FF76DF56FF76D
mem[X,0x00000000800001C0] -> 0x07B7
mem[X,0x00000000800001C2] -> 0xFAB8
[117] [M]: 0x00000000800001C0 (0xFAB807B7) lui a5, 1026944
x15 <- 0xFFFFFFFFFAB80000
mem[X,0x00000000800001C4] -> 0x8793
mem[X,0x00000000800001C6] -> 0xBB67
[118] [M]: 0x00000000800001C4 (0xBB678793) addi a5, a5, 2998
x15 <- 0xFFFFFFFFFAB7FBB6
mem[X,0x00000000800001C8] -> 0x9793
mem[X,0x00000000800001CA] -> 0x00B7
[119] [M]: 0x00000000800001C8 (0x00B79793) slli a5, a5, 11
x15 <- 0xFFFFFFD5BFDDB000
mem[X,0x00000000800001CC] -> 0x8793
mem[X,0x00000000800001CE] -> 0x7D57
[120] [M]: 0x00000000800001CC (0x7D578793) addi a5, a5, 2005
x15 <- 0xFFFFFFD5BFDDB7D5
mem[X,0x00000000800001D0] -> 0x9793
mem[X,0x00000000800001D2] -> 0x00B7
[121] [M]: 0x00000000800001D0 (0x00B79793) slli a5, a5, 11
x15 <- 0xFFFEADFEEDBEA800
mem[X,0x00000000800001D4] -> 0x8793
mem[X,0x00000000800001D6] -> 0x5FE7
[122] [M]: 0x00000000800001D4 (0x5FE78793) addi a5, a5, 1534
x15 <- 0xFFFEADFEEDBEADFE
mem[X,0x00000000800001D8] -> 0x9793
mem[X,0x00000000800001DA] -> 0x00A7
[123] [M]: 0x00000000800001D8 (0x00A79793) slli a5, a5, 10
x15 <- 0xFAB7FBB6FAB7F800
mem[X,0x00000000800001DC] -> 0x8793
mem[X,0x00000000800001DE] -> 0x3B67
[124] [M]: 0x00000000800001DC (0x3B678793) addi a5, a5, 950
x15 <- 0xFAB7FBB6FAB7FBB6
mem[X,0x00000000800001E0] -> 0x0837
mem[X,0x00000000800001E2] -> 0x7D5C
[125] [M]: 0x00000000800001E0 (0x7D5C0837) lui a6, 513472
x16 <- 0x000000007D5C0000
mem[X,0x00000000800001E4] -> 0x0813
mem[X,0x00000000800001E6] -> 0xDDB8
[126] [M]: 0x00000000800001E4 (0xDDB80813) addi a6, a6, 3547
x16 <- 0x000000007D5BFDDB
mem[X,0x00000000800001E8] -> 0x1813
mem[X,0x00000000800001EA] -> 0x00B8
[127] [M]: 0x00000000800001E8 (0x00B81813) slli a6, a6, 11
x16 <- 0x000003EADFEED800
mem[X,0x00000000800001EC] -> 0x0813
mem[X,0x00000000800001EE] -> 0x3EA8
[128] [M]: 0x00000000800001EC (0x3EA80813) addi a6, a6, 1002
x16 <- 0x000003EADFEEDBEA
mem[X,0x00000000800001F0] -> 0x1813
mem[X,0x00000000800001F2] -> 0x00B8
[129] [M]: 0x00000000800001F0 (0x00B81813) slli a6, a6, 11
x16 <- 0x001F56FF76DF5000
mem[X,0x00000000800001F4] -> 0x0813
mem[X,0x00000000800001F6] -> 0x6FF8
[130] [M]: 0x00000000800001F4 (0x6FF80813) addi a6, a6, 1791
x16 <- 0x001F56FF76DF56FF
mem[X,0x00000000800001F8] -> 0x1813
mem[X,0x00000000800001FA] -> 0x00A8
[131] [M]: 0x00000000800001F8 (0x00A81813) slli a6, a6, 10
x16 <- 0x7D5BFDDB7D5BFC00
mem[X,0x00000000800001FC] -> 0x0813
mem[X,0x00000000800001FE] -> 0x1DB8
[132] [M]: 0x00000000800001FC (0x1DB80813) addi a6, a6, 475
x16 <- 0x7D5BFDDB7D5BFDDB
mem[X,0x0000000080000200] -> 0x08B7
mem[X,0x0000000080000202] -> 0xBEAE
[133] [M]: 0x0000000080000200 (0xBEAE08B7) lui a7, 781024
x17 <- 0xFFFFFFFFBEAE0000
mem[X,0x0000000080000204] -> 0x8893
mem[X,0x0000000080000206] -> 0xEED8
[134] [M]: 0x0000000080000204 (0xEED88893) addi a7, a7, 3821
x17 <- 0xFFFFFFFFBEADFEED
mem[X,0x0000000080000208] -> 0x9893
mem[X,0x000000008000020A] -> 0x00B8
[135] [M]: 0x0000000080000208 (0x00B89893) slli a7, a7, 11
x17 <- 0xFFFFFDF56FF76800
mem[X,0x000000008000020C] -> 0x8893
mem[X,0x000000008000020E] -> 0x5F58
[136] [M]: 0x000000008000020C (0x5F588893) addi a7, a7, 1525
x17 <- 0xFFFFFDF56FF76DF5
mem[X,0x0000000080000210] -> 0x9893
mem[X,0x0000000080000212] -> 0x00B8
[137] [M]: 0x0000000080000210 (0x00B89893) slli a7, a7, 11
x17 <- 0xFFEFAB7FBB6FA800
mem[X,0x0000000080000214] -> 0x8893
mem[X,0x0000000080000216] -> 0x37F8
[138] [M]: 0x0000000080000214 (0x37F88893) addi a7, a7, 895
x17 <- 0xFFEFAB7FBB6FAB7F
mem[X,0x0000000080000218] -> 0x9893
mem[X,0x000000008000021A] -> 0x00A8
[139] [M]: 0x0000000080000218 (0x00A89893) slli a7, a7, 10
x17 <- 0xBEADFEEDBEADFC00
mem[X,0x000000008000021C] -> 0x8893
mem[X,0x000000008000021E] -> 0x2ED8
[140] [M]: 0x000000008000021C (0x2ED88893) addi a7, a7, 749
x17 <- 0xBEADFEEDBEADFEED
mem[X,0x0000000080000220] -> 0x0937
mem[X,0x0000000080000222] -> 0xDF57
[141] [M]: 0x0000000080000220 (0xDF570937) lui s2, 914800
x18 <- 0xFFFFFFFFDF570000
mem[X,0x0000000080000224] -> 0x0913
mem[X,0x0000000080000226] -> 0xF769
[142] [M]: 0x0000000080000224 (0xF7690913) addi s2, s2, 3958
x18 <- 0xFFFFFFFFDF56FF76
mem[X,0x0000000080000228] -> 0x1913
mem[X,0x000000008000022A] -> 0x00B9
[143] [M]: 0x0000000080000228 (0x00B91913) slli s2, s2, 11
x18 <- 0xFFFFFEFAB7FBB000
mem[X,0x000000008000022C] -> 0x0913
mem[X,0x000000008000022E] -> 0x6FA9
[144] [M]: 0x000000008000022C (0x6FA90913) addi s2, s2, 1786
x18 <- 0xFFFFFEFAB7FBB6FA
mem[X,0x0000000080000230] -> 0x1913
mem[X,0x0000000080000232] -> 0x00B9
[145] [M]: 0x0000000080000230 (0x00B91913) slli s2, s2, 11
x18 <- 0xFFF7D5BFDDB7D000
mem[X,0x0000000080000234] -> 0x0913
mem[X,0x0000000080000236] -> 0x5BF9
[146] [M]: 0x0000000080000234 (0x5BF90913) addi s2, s2, 1471
x18 <- 0xFFF7D5BFDDB7D5BF
mem[X,0x0000000080000238] -> 0x1913
mem[X,0x000000008000023A] -> 0x00A9
[147] [M]: 0x0000000080000238 (0x00A91913) slli s2, s2, 10
x18 <- 0xDF56FF76DF56FC00
mem[X,0x000000008000023C] -> 0x0913
mem[X,0x000000008000023E] -> 0x3769
[148] [M]: 0x000000008000023C (0x37690913) addi s2, s2, 886
x18 <- 0xDF56FF76DF56FF76
mem[X,0x0000000080000240] -> 0x89B7
mem[X,0x0000000080000242] -> 0x6FAB
[149] [M]: 0x0000000080000240 (0x6FAB89B7) lui s3, 457400
x19 <- 0x000000006FAB8000
mem[X,0x0000000080000244] -> 0x8993
mem[X,0x0000000080000246] -> 0xFBB9
[150] [M]: 0x0000000080000244 (0xFBB98993) addi s3, s3, 4027
x19 <- 0x000000006FAB7FBB
mem[X,0x0000000080000248] -> 0x9993
mem[X,0x000000008000024A] -> 0x00B9
[151] [M]: 0x0000000080000248 (0x00B99993) slli s3, s3, 11
x19 <- 0x0000037D5BFDD800
mem[X,0x000000008000024C] -> 0x8993
mem[X,0x000000008000024E] -> 0x37D9
[152] [M]: 0x000000008000024C (0x37D98993) addi s3, s3, 893
x19 <- 0x0000037D5BFDDB7D
mem[X,0x0000000080000250] -> 0x9993
mem[X,0x0000000080000252] -> 0x00B9
[153] [M]: 0x0000000080000250 (0x00B99993) slli s3, s3, 11
x19 <- 0x001BEADFEEDBE800
mem[X,0x0000000080000254] -> 0x8993
mem[X,0x0000000080000256] -> 0x2DF9
[154] [M]: 0x0000000080000254 (0x2DF98993) addi s3, s3, 735
x19 <- 0x001BEADFEEDBEADF
mem[X,0x0000000080000258] -> 0x9993
mem[X,0x000000008000025A] -> 0x00A9
[155] [M]: 0x0000000080000258 (0x00A99993) slli s3, s3, 10
x19 <- 0x6FAB7FBB6FAB7C00
mem[X,0x000000008000025C] -> 0x8993
mem[X,0x000000008000025E] -> 0x3BB9
[156] [M]: 0x000000008000025C (0x3BB98993) addi s3, s3, 955
x19 <- 0x6FAB7FBB6FAB7FBB
mem[X,0x0000000080000260] -> 0xCA37
mem[X,0x0000000080000262] -> 0xB7D5
[157] [M]: 0x0000000080000260 (0xB7D5CA37) lui s4, 752988
x20 <- 0xFFFFFFFFB7D5C000
mem[X,0x0000000080000264] -> 0x0A13
mem[X,0x0000000080000266] -> 0xFDDA
[158] [M]: 0x0000000080000264 (0xFDDA0A13) addi s4, s4, 4061
x20 <- 0xFFFFFFFFB7D5BFDD
mem[X,0x0000000080000268] -> 0x1A13
mem[X,0x000000008000026A] -> 0x00BA
[159] [M]: 0x0000000080000268 (0x00BA1A13) slli s4, s4, 11
x20 <- 0xFFFFFDBEADFEE800
mem[X,0x000000008000026C] -> 0x0A13
mem[X,0x000000008000026E] -> 0x5BEA
[160] [M]: 0x000000008000026C (0x5BEA0A13) addi s4, s4, 1470
x20 <- 0xFFFFFDBEADFEEDBE
mem[X,0x0000000080000270] -> 0x1A13
mem[X,0x0000000080000272] -> 0x00BA
[161] [M]: 0x0000000080000270 (0x00BA1A13) slli s4, s4, 11
x20 <- 0xFFEDF56FF76DF000
mem[X,0x0000000080000274] -> 0x0A13
mem[X,0x0000000080000276] -> 0x56FA
[162] [M]: 0x0000000080000274 (0x56FA0A13) addi s4, s4, 1391
x20 <- 0xFFEDF56FF76DF56F
mem[X,0x0000000080000278] -> 0x1A13
mem[X,0x000000008000027A] -> 0x00AA
[163] [M]: 0x0000000080000278 (0x00AA1A13) slli s4, s4, 10
x20 <- 0xB7D5BFDDB7D5BC00
mem[X,0x000000008000027C] -> 0x0A13
mem[X,0x000000008000027E] -> 0x3DDA
[164] [M]: 0x000000008000027C (0x3DDA0A13) addi s4, s4, 989
x20 <- 0xB7D5BFDDB7D5BFDD
mem[X,0x0000000080000280] -> 0xEAB7
mem[X,0x0000000080000282] -> 0xDBEA
[165] [M]: 0x0000000080000280 (0xDBEAEAB7) lui s5, 900782
x21 <- 0xFFFFFFFFDBEAE000
mem[X,0x0000000080000284] -> 0x8A93
mem[X,0x0000000080000286] -> 0xFEEA
[166] [M]: 0x0000000080000284 (0xFEEA8A93) addi s5, s5, 4078
x21 <- 0xFFFFFFFFDBEADFEE
mem[X,0x0000000080000288] -> 0x9A93
mem[X,0x000000008000028A] -> 0x00BA
[167] [M]: 0x0000000080000288 (0x00BA9A93) slli s5, s5, 11
x21 <- 0xFFFFFEDF56FF7000
mem[X,0x000000008000028C] -> 0x8A93
mem[X,0x000000008000028E] -> 0x6DFA
[168] [M]: 0x000000008000028C (0x6DFA8A93) addi s5, s5, 1759
x21 <- 0xFFFFFEDF56FF76DF
mem[X,0x0000000080000290] -> 0x9A93
mem[X,0x0000000080000292] -> 0x00BA
[169] [M]: 0x0000000080000290 (0x00BA9A93) slli s5, s5, 11
x21 <- 0xFFF6FAB7FBB6F800
mem[X,0x0000000080000294] -> 0x8A93
mem[X,0x0000000080000296] -> 0x2B7A
[170] [M]: 0x0000000080000294 (0x2B7A8A93) addi s5, s5, 695
x21 <- 0xFFF6FAB7FBB6FAB7
mem[X,0x0000000080000298] -> 0x9A93
mem[X,0x000000008000029A] -> 0x00AA
[171] [M]: 0x0000000080000298 (0x00AA9A93) slli s5, s5, 10
x21 <- 0xDBEADFEEDBEADC00
mem[X,0x000000008000029C] -> 0x8A93
mem[X,0x000000008000029E] -> 0x3EEA
[172] [M]: 0x000000008000029C (0x3EEA8A93) addi s5, s5, 1006
x21 <- 0xDBEADFEEDBEADFEE
mem[X,0x00000000800002A0] -> 0x7B37
mem[X,0x00000000800002A2] -> 0x6DF5
[173] [M]: 0x00000000800002A0 (0x6DF57B37) lui s6, 450391
x22 <- 0x000000006DF57000
mem[X,0x00000000800002A4] -> 0x0B13
mem[X,0x00000000800002A6] -> 0xFF7B
[174] [M]: 0x00000000800002A4 (0xFF7B0B13) addi s6, s6, 4087
x22 <- 0x000000006DF56FF7
mem[X,0x00000000800002A8] -> 0x1B13
mem[X,0x00000000800002AA] -> 0x00BB
[175] [M]: 0x00000000800002A8 (0x00BB1B13) slli s6, s6, 11
x22 <- 0x0000036FAB7FB800
mem[X,0x00000000800002AC] -> 0x0B13
mem[X,0x00000000800002AE] -> 0x36FB
[176] [M]: 0x00000000800002AC (0x36FB0B13) addi s6, s6, 879
x22 <- 0x0000036FAB7FBB6F
mem[X,0x00000000800002B0] -> 0x1B13
mem[X,0x00000000800002B2] -> 0x00BB
[177] [M]: 0x00000000800002B0 (0x00BB1B13) slli s6, s6, 11
x22 <- 0x001B7D5BFDDB7800
mem[X,0x00000000800002B4] -> 0x0B13
mem[X,0x00000000800002B6] -> 0x55BB
[178] [M]: 0x00000000800002B4 (0x55BB0B13) addi s6, s6, 1371
x22 <- 0x001B7D5BFDDB7D5B
mem[X,0x00000000800002B8] -> 0x1B13
mem[X,0x00000000800002BA] -> 0x00AB
[179] [M]: 0x00000000800002B8 (0x00AB1B13) slli s6, s6, 10
x22 <- 0x6DF56FF76DF56C00
mem[X,0x00000000800002BC] -> 0x0B13
mem[X,0x00000000800002BE] -> 0x3F7B
[180] [M]: 0x00000000800002BC (0x3F7B0B13) addi s6, s6, 1015
x22 <- 0x6DF56FF76DF56FF7
mem[X,0x00000000800002C0] -> 0xBBB7
mem[X,0x00000000800002C2] -> 0xB6FA
[181] [M]: 0x00000000800002C0 (0xB6FABBB7) lui s7, 749483
x23 <- 0xFFFFFFFFB6FAB000
mem[X,0x00000000800002C4] -> 0x8B93
mem[X,0x00000000800002C6] -> 0x7FBB
[182] [M]: 0x00000000800002C4 (0x7FBB8B93) addi s7, s7, 2043
x23 <- 0xFFFFFFFFB6FAB7FB
mem[X,0x00000000800002C8] -> 0x9B93
mem[X,0x00000000800002CA] -> 0x00BB
[183] [M]: 0x00000000800002C8 (0x00BB9B93) slli s7, s7, 11
x23 <- 0xFFFFFDB7D5BFD800
mem[X,0x00000000800002CC] -> 0x8B93
mem[X,0x00000000800002CE] -> 0x5B7B
[184] [M]: 0x00000000800002CC (0x5B7B8B93) addi s7, s7, 1463
x23 <- 0xFFFFFDB7D5BFDDB7
mem[X,0x00000000800002D0] -> 0x9B93
mem[X,0x00000000800002D2] -> 0x00BB
[185] [M]: 0x00000000800002D0 (0x00BB9B93) slli s7, s7, 11
x23 <- 0xFFEDBEADFEEDB800
mem[X,0x00000000800002D4] -> 0x8B93
mem[X,0x00000000800002D6] -> 0x6ADB
[186] [M]: 0x00000000800002D4 (0x6ADB8B93) addi s7, s7, 1709
x23 <- 0xFFEDBEADFEEDBEAD
mem[X,0x00000000800002D8] -> 0x9B93
mem[X,0x00000000800002DA] -> 0x00AB
[187] [M]: 0x00000000800002D8 (0x00AB9B93) slli s7, s7, 10
x23 <- 0xB6FAB7FBB6FAB400
mem[X,0x00000000800002DC] -> 0x8B93
mem[X,0x00000000800002DE] -> 0x3FBB
[188] [M]: 0x00000000800002DC (0x3FBB8B93) addi s7, s7, 1019
x23 <- 0xB6FAB7FBB6FAB7FB
mem[X,0x00000000800002E0] -> 0x6C37
mem[X,0x00000000800002E2] -> 0xDB7D
[189] [M]: 0x00000000800002E0 (0xDB7D6C37) lui s8, 899030
x24 <- 0xFFFFFFFFDB7D6000
mem[X,0x00000000800002E4] -> 0x0C13
mem[X,0x00000000800002E6] -> 0xBFDC
[190] [M]: 0x00000000800002E4 (0xBFDC0C13) addi s8, s8, 3069
x24 <- 0xFFFFFFFFDB7D5BFD
mem[X,0x00000000800002E8] -> 0x1C13
mem[X,0x00000000800002EA] -> 0x00BC
[191] [M]: 0x00000000800002E8 (0x00BC1C13) slli s8, s8, 11
x24 <- 0xFFFFFEDBEADFE800
mem[X,0x00000000800002EC] -> 0x0C13
mem[X,0x00000000800002EE] -> 0x6DBC
[192] [M]: 0x00000000800002EC (0x6DBC0C13) addi s8, s8, 1755
x24 <- 0xFFFFFEDBEADFEEDB
mem[X,0x00000000800002F0] -> 0x1C13
mem[X,0x00000000800002F2] -> 0x00BC
[193] [M]: 0x00000000800002F0 (0x00BC1C13) slli s8, s8, 11
x24 <- 0xFFF6DF56FF76D800
mem[X,0x00000000800002F4] -> 0x0C13
mem[X,0x00000000800002F6] -> 0x756C
[194] [M]: 0x00000000800002F4 (0x756C0C13) addi s8, s8, 1878
x24 <- 0xFFF6DF56FF76DF56
mem[X,0x00000000800002F8] -> 0x1C13
mem[X,0x00000000800002FA] -> 0x00AC
[195] [M]: 0x00000000800002F8 (0x00AC1C13) slli s8, s8, 10
x24 <- 0xDB7D5BFDDB7D5800
mem[X,0x00000000800002FC] -> 0x0C13
mem[X,0x00000000800002FE] -> 0x3FDC
[196] [M]: 0x00000000800002FC (0x3FDC0C13) addi s8, s8, 1021
x24 <- 0xDB7D5BFDDB7D5BFD
mem[X,0x0000000080000300] -> 0xBCB7
mem[X,0x0000000080000302] -> 0xEDBE
[197] [M]: 0x0000000080000300 (0xEDBEBCB7) lui s9, 973803
x25 <- 0xFFFFFFFFEDBEB000
mem[X,0x0000000080000304] -> 0x8C93
mem[X,0x0000000080000306] -> 0xDFEC
[198] [M]: 0x0000000080000304 (0xDFEC8C93) addi s9, s9, 3582
x25 <- 0xFFFFFFFFEDBEADFE
mem[X,0x0000000080000308] -> 0x9C93
mem[X,0x000000008000030A] -> 0x00BC
[199] [M]: 0x0000000080000308 (0x00BC9C93) slli s9, s9, 11
x25 <- 0xFFFFFF6DF56FF000
clint::tick mtime <- 0x0000000000000002
 clint timer pending at mtime 0x0000000000000002
htif::tick 0x0000000000000000
mem[X,0x000000008000030C] -> 0x8C93
mem[X,0x000000008000030E] -> 0x76DC
[200] [M]: 0x000000008000030C (0x76DC8C93) addi s9, s9, 1901
x25 <- 0xFFFFFF6DF56FF76D
mem[X,0x0000000080000310] -> 0x9C93
mem[X,0x0000000080000312] -> 0x00BC
[201] [M]: 0x0000000080000310 (0x00BC9C93) slli s9, s9, 11
x25 <- 0xFFFB6FAB7FBB6800
mem[X,0x0000000080000314] -> 0x8C93
mem[X,0x0000000080000316] -> 0x7ABC
[202] [M]: 0x0000000080000314 (0x7ABC8C93) addi s9, s9, 1963
x25 <- 0xFFFB6FAB7FBB6FAB
mem[X,0x0000000080000318] -> 0x9C93
mem[X,0x000000008000031A] -> 0x00AC
[203] [M]: 0x0000000080000318 (0x00AC9C93) slli s9, s9, 10
x25 <- 0xEDBEADFEEDBEAC00
mem[X,0x000000008000031C] -> 0x8C93
mem[X,0x000000008000031E] -> 0x1FEC
[204] [M]: 0x000000008000031C (0x1FEC8C93) addi s9, s9, 510
x25 <- 0xEDBEADFEEDBEADFE
mem[X,0x0000000080000320] -> 0x5D37
mem[X,0x0000000080000322] -> 0x76DF
[205] [M]: 0x0000000080000320 (0x76DF5D37) lui s10, 486901
x26 <- 0x0000000076DF5000
mem[X,0x0000000080000324] -> 0x0D13
mem[X,0x0000000080000326] -> 0x6FFD
[206] [M]: 0x0000000080000324 (0x6FFD0D13) addi s10, s10, 1791
x26 <- 0x0000000076DF56FF
mem[X,0x0000000080000328] -> 0x1D13
mem[X,0x000000008000032A] -> 0x00BD
[207] [M]: 0x0000000080000328 (0x00BD1D13) slli s10, s10, 11
x26 <- 0x000003B6FAB7F800
mem[X,0x000000008000032C] -> 0x0D13
mem[X,0x000000008000032E] -> 0x3B6D
[208] [M]: 0x000000008000032C (0x3B6D0D13) addi s10, s10, 950
x26 <- 0x000003B6FAB7FBB6
mem[X,0x0000000080000330] -> 0x1D13
mem[X,0x0000000080000332] -> 0x00BD
[209] [M]: 0x0000000080000330 (0x00BD1D13) slli s10, s10, 11
x26 <- 0x001DB7D5BFDDB000
mem[X,0x0000000080000334] -> 0x0D13
mem[X,0x0000000080000336] -> 0x7D5D
[210] [M]: 0x0000000080000334 (0x7D5D0D13) addi s10, s10, 2005
x26 <- 0x001DB7D5BFDDB7D5
mem[X,0x0000000080000338] -> 0x1D13
mem[X,0x000000008000033A] -> 0x00AD
[211] [M]: 0x0000000080000338 (0x00AD1D13) slli s10, s10, 10
x26 <- 0x76DF56FF76DF5400
mem[X,0x000000008000033C] -> 0x0D13
mem[X,0x000000008000033E] -> 0x2FFD
[212] [M]: 0x000000008000033C (0x2FFD0D13) addi s10, s10, 767
x26 <- 0x76DF56FF76DF56FF
mem[X,0x0000000080000340] -> 0xBDB7
mem[X,0x0000000080000342] -> 0xBB6F
[213] [M]: 0x0000000080000340 (0xBB6FBDB7) lui s11, 767739
x27 <- 0xFFFFFFFFBB6FB000
mem[X,0x0000000080000344] -> 0x8D93
mem[X,0x0000000080000346] -> 0xB7FD
[214] [M]: 0x0000000080000344 (0xB7FD8D93) addi s11, s11, 2943
x27 <- 0xFFFFFFFFBB6FAB7F
mem[X,0x0000000080000348] -> 0x9D93
mem[X,0x000000008000034A] -> 0x00BD
[215] [M]: 0x0000000080000348 (0x00BD9D93) slli s11, s11, 11
x27 <- 0xFFFFFDDB7D5BF800
mem[X,0x000000008000034C] -> 0x8D93
mem[X,0x000000008000034E] -> 0x5DBD
[216] [M]: 0x000000008000034C (0x5DBD8D93) addi s11, s11, 1499
x27 <- 0xFFFFFDDB7D5BFDDB
mem[X,0x0000000080000350] -> 0x9D93
mem[X,0x0000000080000352] -> 0x00BD
[217] [M]: 0x0000000080000350 (0x00BD9D93) slli s11, s11, 11
x27 <- 0xFFEEDBEADFEED800
mem[X,0x0000000080000354] -> 0x8D93
mem[X,0x0000000080000356] -> 0x3EAD
[218] [M]: 0x0000000080000354 (0x3EAD8D93) addi s11, s11, 1002
x27 <- 0xFFEEDBEADFEEDBEA
mem[X,0x0000000080000358] -> 0x9D93
mem[X,0x000000008000035A] -> 0x00AD
[219] [M]: 0x0000000080000358 (0x00AD9D93) slli s11, s11, 10
x27 <- 0xBB6FAB7FBB6FA800
mem[X,0x000000008000035C] -> 0x8D93
mem[X,0x000000008000035E] -> 0x37FD
[220] [M]: 0x000000008000035C (0x37FD8D93) addi s11, s11, 895
x27 <- 0xBB6FAB7FBB6FAB7F
mem[X,0x0000000080000360] -> 0xDE37
mem[X,0x0000000080000362] -> 0xDDB7
[221] [M]: 0x0000000080000360 (0xDDB7DE37) lui t3, 908157
x28 <- 0xFFFFFFFFDDB7D000
mem[X,0x0000000080000364] -> 0x0E13
mem[X,0x0000000080000366] -> 0x5BFE
[222] [M]: 0x0000000080000364 (0x5BFE0E13) addi t3, t3, 1471
x28 <- 0xFFFFFFFFDDB7D5BF
mem[X,0x0000000080000368] -> 0x1E13
mem[X,0x000000008000036A] -> 0x00BE
[223] [M]: 0x0000000080000368 (0x00BE1E13) slli t3, t3, 11
x28 <- 0xFFFFFEEDBEADF800
mem[X,0x000000008000036C] -> 0x0E13
mem[X,0x000000008000036E] -> 0x6EDE
[224] [M]: 0x000000008000036C (0x6EDE0E13) addi t3, t3, 1773
x28 <- 0xFFFFFEEDBEADFEED
mem[X,0x0000000080000370] -> 0x1E13
mem[X,0x0000000080000372] -> 0x00BE
[225] [M]: 0x0000000080000370 (0x00BE1E13) slli t3, t3, 11
x28 <- 0xFFF76DF56FF76800
mem[X,0x0000000080000374] -> 0x0E13
mem[X,0x0000000080000376] -> 0x5F5E
[226] [M]: 0x0000000080000374 (0x5F5E0E13) addi t3, t3, 1525
x28 <- 0xFFF76DF56FF76DF5
mem[X,0x0000000080000378] -> 0x1E13
mem[X,0x000000008000037A] -> 0x00AE
[227] [M]: 0x0000000080000378 (0x00AE1E13) slli t3, t3, 10
x28 <- 0xDDB7D5BFDDB7D400
mem[X,0x000000008000037C] -> 0x0E13
mem[X,0x000000008000037E] -> 0x1BFE
[228] [M]: 0x000000008000037C (0x1BFE0E13) addi t3, t3, 447
x28 <- 0xDDB7D5BFDDB7D5BF
mem[X,0x0000000080000380] -> 0xFEB7
mem[X,0x0000000080000382] -> 0xEEDB
[229] [M]: 0x0000000080000380 (0xEEDBFEB7) lui t4, 978367
x29 <- 0xFFFFFFFFEEDBF000
mem[X,0x0000000080000384] -> 0x8E93
mem[X,0x0000000080000386] -> 0xADFE
[230] [M]: 0x0000000080000384 (0xADFE8E93) addi t4, t4, 2783
x29 <- 0xFFFFFFFFEEDBEADF
mem[X,0x0000000080000388] -> 0x9E93
mem[X,0x000000008000038A] -> 0x00BE
[231] [M]: 0x0000000080000388 (0x00BE9E93) slli t4, t4, 11
x29 <- 0xFFFFFF76DF56F800
mem[X,0x000000008000038C] -> 0x8E93
mem[X,0x000000008000038E] -> 0x776E
[232] [M]: 0x000000008000038C (0x776E8E93) addi t4, t4, 1910
x29 <- 0xFFFFFF76DF56FF76
mem[X,0x0000000080000390] -> 0x9E93
mem[X,0x0000000080000392] -> 0x00BE
[233] [M]: 0x0000000080000390 (0x00BE9E93) slli t4, t4, 11
x29 <- 0xFFFBB6FAB7FBB000
mem[X,0x0000000080000394] -> 0x8E93
mem[X,0x0000000080000396] -> 0x6FAE
[234] [M]: 0x0000000080000394 (0x6FAE8E93) addi t4, t4, 1786
x29 <- 0xFFFBB6FAB7FBB6FA
mem[X,0x0000000080000398] -> 0x9E93
mem[X,0x000000008000039A] -> 0x00AE
[235] [M]: 0x0000000080000398 (0x00AE9E93) slli t4, t4, 10
x29 <- 0xEEDBEADFEEDBE800
mem[X,0x000000008000039C] -> 0x8E93
mem[X,0x000000008000039E] -> 0x2DFE
[236] [M]: 0x000000008000039C (0x2DFE8E93) addi t4, t4, 735
x29 <- 0xEEDBEADFEEDBEADF
mem[X,0x00000000800003A0] -> 0xFF37
mem[X,0x00000000800003A2] -> 0xF76D
[237] [M]: 0x00000000800003A0 (0xF76DFF37) lui t5, 1013471
x30 <- 0xFFFFFFFFF76DF000
mem[X,0x00000000800003A4] -> 0x0F13
mem[X,0x00000000800003A6] -> 0x56FF
[238] [M]: 0x00000000800003A4 (0x56FF0F13) addi t5, t5, 1391
x30 <- 0xFFFFFFFFF76DF56F
mem[X,0x00000000800003A8] -> 0x1F13
mem[X,0x00000000800003AA] -> 0x00BF
[239] [M]: 0x00000000800003A8 (0x00BF1F13) slli t5, t5, 11
x30 <- 0xFFFFFFBB6FAB7800
mem[X,0x00000000800003AC] -> 0x0F13
mem[X,0x00000000800003AE] -> 0x7BBF
[240] [M]: 0x00000000800003AC (0x7BBF0F13) addi t5, t5, 1979
x30 <- 0xFFFFFFBB6FAB7FBB
mem[X,0x00000000800003B0] -> 0x1F13
mem[X,0x00000000800003B2] -> 0x00BF
[241] [M]: 0x00000000800003B0 (0x00BF1F13) slli t5, t5, 11
x30 <- 0xFFFDDB7D5BFDD800
mem[X,0x00000000800003B4] -> 0x0F13
mem[X,0x00000000800003B6] -> 0x37DF
[242] [M]: 0x00000000800003B4 (0x37DF0F13) addi t5, t5, 893
x30 <- 0xFFFDDB7D5BFDDB7D
mem[X,0x00000000800003B8] -> 0x1F13
mem[X,0x00000000800003BA] -> 0x00AF
[243] [M]: 0x00000000800003B8 (0x00AF1F13) slli t5, t5, 10
x30 <- 0xF76DF56FF76DF400
mem[X,0x00000000800003BC] -> 0x0F13
mem[X,0x00000000800003BE] -> 0x16FF
[244] [M]: 0x00000000800003BC (0x16FF0F13) addi t5, t5, 367
x30 <- 0xF76DF56FF76DF56F
mem[X,0x00000000800003C0] -> 0x0FB7
mem[X,0x00000000800003C2] -> 0xFBB7
[245] [M]: 0x00000000800003C0 (0xFBB70FB7) lui t6, 1031024
x31 <- 0xFFFFFFFFFBB70000
mem[X,0x00000000800003C4] -> 0x8F93
mem[X,0x00000000800003C6] -> 0xAB7F
[246] [M]: 0x00000000800003C4 (0xAB7F8F93) addi t6, t6, 2743
x31 <- 0xFFFFFFFFFBB6FAB7
mem[X,0x00000000800003C8] -> 0x9F93
mem[X,0x00000000800003CA] -> 0x00BF
[247] [M]: 0x00000000800003C8 (0x00BF9F93) slli t6, t6, 11
x31 <- 0xFFFFFFDDB7D5B800
mem[X,0x00000000800003CC] -> 0x8F93
mem[X,0x00000000800003CE] -> 0x7DDF
[248] [M]: 0x00000000800003CC (0x7DDF8F93) addi t6, t6, 2013
x31 <- 0xFFFFFFDDB7D5BFDD
mem[X,0x00000000800003D0] -> 0x9F93
mem[X,0x00000000800003D2] -> 0x00BF
[249] [M]: 0x00000000800003D0 (0x00BF9F93) slli t6, t6, 11
x31 <- 0xFFFEEDBEADFEE800
mem[X,0x00000000800003D4] -> 0x8F93
mem[X,0x00000000800003D6] -> 0x5BEF
[250] [M]: 0x00000000800003D4 (0x5BEF8F93) addi t6, t6, 1470
x31 <- 0xFFFEEDBEADFEEDBE
mem[X,0x00000000800003D8] -> 0x9F93
mem[X,0x00000000800003DA] -> 0x00AF
[251] [M]: 0x00000000800003D8 (0x00AF9F93) slli t6, t6, 10
x31 <- 0xFBB6FAB7FBB6F800
mem[X,0x00000000800003DC] -> 0x8F93
mem[X,0x00000000800003DE] -> 0x2B7F
[252] [M]: 0x00000000800003DC (0x2B7F8F93) addi t6, t6, 695
x31 <- 0xFBB6FAB7FBB6FAB7
mem[X,0x00000000800003E0] -> 0x3197
mem[X,0x00000000800003E2] -> 0x0000
[253] [M]: 0x00000000800003E0 (0x00003197) auipc gp, 3
x3 <- 0x00000000800033E0
mem[X,0x00000000800003E4] -> 0x8193
mem[X,0x00000000800003E6] -> 0xD381
[254] [M]: 0x00000000800003E4 (0xD3818193) addi gp, gp, 3384
x3 <- 0x0000000080003118
mem[X,0x00000000800003E8] -> 0x0013
mem[X,0x00000000800003EA] -> 0x0000
[255] [M]: 0x00000000800003E8 (0x00000013) addi zero, zero, 0
mem[X,0x00000000800003EC] -> 0x0013
mem[X,0x00000000800003EE] -> 0x0000
[256] [M]: 0x00000000800003EC (0x00000013) addi zero, zero, 0
mem[X,0x00000000800003F0] -> 0x0013
mem[X,0x00000000800003F2] -> 0x0000
[257] [M]: 0x00000000800003F0 (0x00000013) addi zero, zero, 0
mem[X,0x00000000800003F4] -> 0x0013
mem[X,0x00000000800003F6] -> 0x0000
[258] [M]: 0x00000000800003F4 (0x00000013) addi zero, zero, 0
mem[X,0x00000000800003F8] -> 0x0013
mem[X,0x00000000800003FA] -> 0x0000
[259] [M]: 0x00000000800003F8 (0x00000013) addi zero, zero, 0
mem[X,0x00000000800003FC] -> 0x0013
mem[X,0x00000000800003FE] -> 0x0000
[260] [M]: 0x00000000800003FC (0x00000013) addi zero, zero, 0
mem[X,0x0000000080000400] -> 0x0293
mem[X,0x0000000080000402] -> 0xEFF0
[261] [M]: 0x0000000080000400 (0xEFF00293) addi t0, zero, 3839
x5 <- 0xFFFFFFFFFFFFFEFF
mem[X,0x0000000080000404] -> 0x9293
mem[X,0x0000000080000406] -> 0x00F2
[262] [M]: 0x0000000080000404 (0x00F29293) slli t0, t0, 15
x5 <- 0xFFFFFFFFFF7F8000
mem[X,0x0000000080000408] -> 0xB023
mem[X,0x000000008000040A] -> 0x0051
[263] [M]: 0x0000000080000408 (0x0051B023) sd t0, 0(gp)
mem[0x0000000080003118] <- 0xFFFFFFFFFF7F8000
mem[X,0x000000008000040C] -> 0x0413
mem[X,0x000000008000040E] -> 0x0040
[264] [M]: 0x000000008000040C (0x00400413) addi fp, zero, 4
x8 <- 0x0000000000000004
mem[X,0x0000000080000410] -> 0x1693
mem[X,0x0000000080000412] -> 0x00E4
[265] [M]: 0x0000000080000410 (0x00E41693) slli a3, fp, 14
x13 <- 0x0000000000010000
mem[X,0x0000000080000414] -> 0xB423
mem[X,0x0000000080000416] -> 0x00D1
[266] [M]: 0x0000000080000414 (0x00D1B423) sd a3, 8(gp)
mem[0x0000000080003120] <- 0x0000000000010000
mem[X,0x0000000080000418] -> 0x0E93
mem[X,0x000000008000041A] -> 0xFF70
[267] [M]: 0x0000000080000418 (0xFF700E93) addi t4, zero, 4087
x29 <- 0xFFFFFFFFFFFFFFF7
mem[X,0x000000008000041C] -> 0x9A93
mem[X,0x000000008000041E] -> 0x000E
[268] [M]: 0x000000008000041C (0x000E9A93) slli s5, t4, 0
x21 <- 0xFFFFFFFFFFFFFFF7
mem[X,0x0000000080000420] -> 0xB823
mem[X,0x0000000080000422] -> 0x0151
[269] [M]: 0x0000000080000420 (0x0151B823) sd s5, 16(gp)
mem[0x0000000080003128] <- 0xFFFFFFFFFFFFFFF7
mem[X,0x0000000080000424] -> 0x0E13
mem[X,0x0000000080000426] -> 0x0040
[270] [M]: 0x0000000080000424 (0x00400E13) addi t3, zero, 4
x28 <- 0x0000000000000004
mem[X,0x0000000080000428] -> 0x1813
mem[X,0x000000008000042A] -> 0x000E
[271] [M]: 0x0000000080000428 (0x000E1813) slli a6, t3, 0
x16 <- 0x0000000000000004
mem[X,0x000000008000042C] -> 0xBC23
mem[X,0x000000008000042E] -> 0x0101
[272] [M]: 0x000000008000042C (0x0101BC23) sd a6, 24(gp)
mem[0x0000000080003130] <- 0x0000000000000004
mem[X,0x0000000080000430] -> 0x0793
mem[X,0x0000000080000432] -> 0x0010
[273] [M]: 0x0000000080000430 (0x00100793) addi a5, zero, 1
x15 <- 0x0000000000000001
mem[X,0x0000000080000434] -> 0x9793
mem[X,0x0000000080000436] -> 0x01D7
[274] [M]: 0x0000000080000434 (0x01D79793) slli a5, a5, 29
x15 <- 0x0000000020000000
mem[X,0x0000000080000438] -> 0xC793
mem[X,0x000000008000043A] -> 0xFFF7
[275] [M]: 0x0000000080000438 (0xFFF7C793) xori a5, a5, 4095
x15 <- 0xFFFFFFFFDFFFFFFF
mem[X,0x000000008000043C] -> 0x9513
mem[X,0x000000008000043E] -> 0x03F7
[276] [M]: 0x000000008000043C (0x03F79513) slli a0, a5, 63
x10 <- 0x8000000000000000
mem[X,0x0000000080000440] -> 0xB023
mem[X,0x0000000080000442] -> 0x02A1
[277] [M]: 0x0000000080000440 (0x02A1B023) sd a0, 32(gp)
mem[0x0000000080003138] <- 0x8000000000000000
mem[X,0x0000000080000444] -> 0x0993
mem[X,0x0000000080000446] -> 0x0010
[278] [M]: 0x0000000080000444 (0x00100993) addi s3, zero, 1
x19 <- 0x0000000000000001
mem[X,0x0000000080000448] -> 0x9993
mem[X,0x000000008000044A] -> 0x0349
[279] [M]: 0x0000000080000448 (0x03499993) slli s3, s3, 52
x19 <- 0x0010000000000000
mem[X,0x000000008000044C] -> 0x9613
mem[X,0x000000008000044E] -> 0x03F9
[280] [M]: 0x000000008000044C (0x03F99613) slli a2, s3, 63
x12 <- 0x0000000000000000
mem[X,0x0000000080000450] -> 0xB423
mem[X,0x0000000080000452] -> 0x02C1
[281] [M]: 0x0000000080000450 (0x02C1B423) sd a2, 40(gp)
mem[0x0000000080003140] <- 0x0000000000000000
mem[X,0x0000000080000454] -> 0x0B13
mem[X,0x0000000080000456] -> 0x0020
[282] [M]: 0x0000000080000454 (0x00200B13) addi s6, zero, 2
x22 <- 0x0000000000000002
mem[X,0x0000000080000458] -> 0x1413
mem[X,0x000000008000045A] -> 0x002B
[283] [M]: 0x0000000080000458 (0x002B1413) slli fp, s6, 2
x8 <- 0x0000000000000008
mem[X,0x000000008000045C] -> 0xB823
mem[X,0x000000008000045E] -> 0x0281
[284] [M]: 0x000000008000045C (0x0281B823) sd fp, 48(gp)
mem[0x0000000080003148] <- 0x0000000000000008
mem[X,0x0000000080000460] -> 0x0313
mem[X,0x0000000080000462] -> 0xFFF0
[285] [M]: 0x0000000080000460 (0xFFF00313) addi t1, zero, 4095
x6 <- 0xFFFFFFFFFFFFFFFF
mem[X,0x0000000080000464] -> 0x1313
mem[X,0x0000000080000466] -> 0x03F3
[286] [M]: 0x0000000080000464 (0x03F31313) slli t1, t1, 63
x6 <- 0x8000000000000000
mem[X,0x0000000080000468] -> 0x1393
mem[X,0x000000008000046A] -> 0x00B3
[287] [M]: 0x0000000080000468 (0x00B31393) slli t2, t1, 11
x7 <- 0x0000000000000000
mem[X,0x000000008000046C] -> 0xBC23
mem[X,0x000000008000046E] -> 0x0271
[288] [M]: 0x000000008000046C (0x0271BC23) sd t2, 56(gp)
mem[0x0000000080003150] <- 0x0000000000000000
mem[X,0x0000000080000470] -> 0x0D93
mem[X,0x0000000080000472] -> 0x0000
[289] [M]: 0x0000000080000470 (0x00000D93) addi s11, zero, 0
x27 <- 0x0000000000000000
mem[X,0x0000000080000474] -> 0x9C13
mem[X,0x0000000080000476] -> 0x00FD
[290] [M]: 0x0000000080000474 (0x00FD9C13) slli s8, s11, 15
x24 <- 0x0000000000000000
mem[X,0x0000000080000478] -> 0xB023
mem[X,0x000000008000047A] -> 0x0581
[291] [M]: 0x0000000080000478 (0x0581B023) sd s8, 64(gp)
mem[0x0000000080003158] <- 0x0000000000000000
mem[X,0x000000008000047C] -> 0x0B93
mem[X,0x000000008000047E] -> 0xFFF0
[292] [M]: 0x000000008000047C (0xFFF00B93) addi s7, zero, 4095
x23 <- 0xFFFFFFFFFFFFFFFF
mem[X,0x0000000080000480] -> 0xDB93
mem[X,0x0000000080000482] -> 0x001B
[293] [M]: 0x0000000080000480 (0x001BDB93) srli s7, s7, 1
x23 <- 0x7FFFFFFFFFFFFFFF
mem[X,0x0000000080000484] -> 0x9593
mem[X,0x0000000080000486] -> 0x007B
[294] [M]: 0x0000000080000484 (0x007B9593) slli a1, s7, 7
x11 <- 0xFFFFFFFFFFFFFF80
mem[X,0x0000000080000488] -> 0xB423
mem[X,0x000000008000048A] -> 0x04B1
[295] [M]: 0x0000000080000488 (0x04B1B423) sd a1, 72(gp)
mem[0x0000000080003160] <- 0xFFFFFFFFFFFFFF80
mem[X,0x000000008000048C] -> 0x0713
mem[X,0x000000008000048E] -> 0x0010
[296] [M]: 0x000000008000048C (0x00100713) addi a4, zero, 1
x14 <- 0x0000000000000001
mem[X,0x0000000080000490] -> 0x1493
mem[X,0x0000000080000492] -> 0x03B7
[297] [M]: 0x0000000080000490 (0x03B71493) slli s1, a4, 59
x9 <- 0x0800000000000000
mem[X,0x0000000080000494] -> 0xB823
mem[X,0x0000000080000496] -> 0x0491
[298] [M]: 0x0000000080000494 (0x0491B823) sd s1, 80(gp)
mem[0x0000000080003168] <- 0x0800000000000000
mem[X,0x0000000080000498] -> 0x0D13
mem[X,0x000000008000049A] -> 0x0080
[299] [M]: 0x0000000080000498 (0x00800D13) addi s10, zero, 8
x26 <- 0x0000000000000008
clint::tick mtime <- 0x0000000000000003
 clint timer pending at mtime 0x0000000000000003
htif::tick 0x0000000000000000
mem[X,0x000000008000049C] -> 0x1713
mem[X,0x000000008000049E] -> 0x02FD
[300] [M]: 0x000000008000049C (0x02FD1713) slli a4, s10, 47
x14 <- 0x0004000000000000
mem[X,0x00000000800004A0] -> 0xBC23
mem[X,0x00000000800004A2] -> 0x04E1
[301] [M]: 0x00000000800004A0 (0x04E1BC23) sd a4, 88(gp)
mem[0x0000000080003170] <- 0x0004000000000000
mem[X,0x00000000800004A4] -> 0x0393
mem[X,0x00000000800004A6] -> 0x0100
[302] [M]: 0x00000000800004A4 (0x01000393) addi t2, zero, 16
x7 <- 0x0000000000000010
mem[X,0x00000000800004A8] -> 0x9013
mem[X,0x00000000800004AA] -> 0x00E3
[303] [M]: 0x00000000800004A8 (0x00E39013) slli zero, t2, 14
mem[X,0x00000000800004AC] -> 0xB023
mem[X,0x00000000800004AE] -> 0x0601
[304] [M]: 0x00000000800004AC (0x0601B023) sd zero, 96(gp)
mem[0x0000000080003178] <- 0x0000000000000000
mem[X,0x00000000800004B0] -> 0x0F13
mem[X,0x00000000800004B2] -> 0x0200
[305] [M]: 0x00000000800004B0 (0x02000F13) addi t5, zero, 32
x30 <- 0x0000000000000020
mem[X,0x00000000800004B4] -> 0x1913
mem[X,0x00000000800004B6] -> 0x005F
[306] [M]: 0x00000000800004B4 (0x005F1913) slli s2, t5, 5
x18 <- 0x0000000000000400
mem[X,0x00000000800004B8] -> 0xB423
mem[X,0x00000000800004BA] -> 0x0721
[307] [M]: 0x00000000800004B8 (0x0721B423) sd s2, 104(gp)
mem[0x0000000080003180] <- 0x0000000000000400
mem[X,0x00000000800004BC] -> 0x0C13
mem[X,0x00000000800004BE] -> 0x0400
[308] [M]: 0x00000000800004BC (0x04000C13) addi s8, zero, 64
x24 <- 0x0000000000000040
mem[X,0x00000000800004C0] -> 0x1E13
mem[X,0x00000000800004C2] -> 0x02FC
[309] [M]: 0x00000000800004C0 (0x02FC1E13) slli t3, s8, 47
x28 <- 0x0020000000000000
mem[X,0x00000000800004C4] -> 0xB823
mem[X,0x00000000800004C6] -> 0x07C1
[310] [M]: 0x00000000800004C4 (0x07C1B823) sd t3, 112(gp)
mem[0x0000000080003188] <- 0x0020000000000000
mem[X,0x00000000800004C8] -> 0x0213
mem[X,0x00000000800004CA] -> 0x0800
[311] [M]: 0x00000000800004C8 (0x08000213) addi tp, zero, 128
x4 <- 0x0000000000000080
mem[X,0x00000000800004CC] -> 0x1093
mem[X,0x00000000800004CE] -> 0x0122
[312] [M]: 0x00000000800004CC (0x01221093) slli ra, tp, 18
x1 <- 0x0000000002000000
mem[X,0x00000000800004D0] -> 0xBC23
mem[X,0x00000000800004D2] -> 0x0611
[313] [M]: 0x00000000800004D0 (0x0611BC23) sd ra, 120(gp)
mem[0x0000000080003190] <- 0x0000000002000000
mem[X,0x00000000800004D4] -> 0x0513
mem[X,0x00000000800004D6] -> 0x1000
[314] [M]: 0x00000000800004D4 (0x10000513) addi a0, zero, 256
x10 <- 0x0000000000000100
mem[X,0x00000000800004D8] -> 0x1C93
mem[X,0x00000000800004DA] -> 0x03D5
[315] [M]: 0x00000000800004D8 (0x03D51C93) slli s9, a0, 61
x25 <- 0x0000000000000000
mem[X,0x00000000800004DC] -> 0xB023
mem[X,0x00000000800004DE] -> 0x0991
[316] [M]: 0x00000000800004DC (0x0991B023) sd s9, 128(gp)
mem[0x0000000080003198] <- 0x0000000000000000
mem[X,0x00000000800004E0] -> 0x0813
mem[X,0x00000000800004E2] -> 0x2000
[317] [M]: 0x00000000800004E0 (0x20000813) addi a6, zero, 512
x16 <- 0x0000000000000200
mem[X,0x00000000800004E4] -> 0x1993
mem[X,0x00000000800004E6] -> 0x01F8
[318] [M]: 0x00000000800004E4 (0x01F81993) slli s3, a6, 31
x19 <- 0x0000010000000000
mem[X,0x00000000800004E8] -> 0xB423
mem[X,0x00000000800004EA] -> 0x0931
[319] [M]: 0x00000000800004E8 (0x0931B423) sd s3, 136(gp)
mem[0x00000000800031A0] <- 0x0000010000000000
mem[X,0x00000000800004EC] -> 0x0113
mem[X,0x00000000800004EE] -> 0x4000
[320] [M]: 0x00000000800004EC (0x40000113) addi sp, zero, 1024
x2 <- 0x0000000000000400
mem[X,0x00000000800004F0] -> 0x1F93
mem[X,0x00000000800004F2] -> 0x00A1
[321] [M]: 0x00000000800004F0 (0x00A11F93) slli t6, sp, 10
x31 <- 0x0000000000100000
mem[X,0x00000000800004F4] -> 0xB823
mem[X,0x00000000800004F6] -> 0x09F1
[322] [M]: 0x00000000800004F4 (0x09F1B823) sd t6, 144(gp)
mem[0x00000000800031A8] <- 0x0000000000100000
mem[X,0x00000000800004F8] -> 0x0013
mem[X,0x00000000800004FA] -> 0x0000
[323] [M]: 0x00000000800004F8 (0x00000013) addi zero, zero, 0
mem[X,0x00000000800004FC] -> 0x0013
mem[X,0x00000000800004FE] -> 0x0000
[324] [M]: 0x00000000800004FC (0x00000013) addi zero, zero, 0
mem[X,0x0000000080000500] -> 0x3297
mem[X,0x0000000080000502] -> 0x0000
[325] [M]: 0x0000000080000500 (0x00003297) auipc t0, 3
x5 <- 0x0000000080003500
mem[X,0x0000000080000504] -> 0x8293
mem[X,0x0000000080000506] -> 0xCB02
[326] [M]: 0x0000000080000504 (0xCB028293) addi t0, t0, 3248
x5 <- 0x00000000800031B0
mem[X,0x0000000080000508] -> 0x0013
mem[X,0x000000008000050A] -> 0x0000
[327] [M]: 0x0000000080000508 (0x00000013) addi zero, zero, 0
mem[X,0x000000008000050C] -> 0x0013
mem[X,0x000000008000050E] -> 0x0000
[328] [M]: 0x000000008000050C (0x00000013) addi zero, zero, 0
mem[X,0x0000000080000510] -> 0x0013
mem[X,0x0000000080000512] -> 0x0000
[329] [M]: 0x0000000080000510 (0x00000013) addi zero, zero, 0
mem[X,0x0000000080000514] -> 0x0013
mem[X,0x0000000080000516] -> 0x0000
[330] [M]: 0x0000000080000514 (0x00000013) addi zero, zero, 0
mem[X,0x0000000080000518] -> 0x0013
mem[X,0x000000008000051A] -> 0x0000
[331] [M]: 0x0000000080000518 (0x00000013) addi zero, zero, 0
mem[X,0x000000008000051C] -> 0x0013
mem[X,0x000000008000051E] -> 0x0000
[332] [M]: 0x000000008000051C (0x00000013) addi zero, zero, 0
mem[X,0x0000000080000520] -> 0x0093
mem[X,0x0000000080000522] -> 0x0010
[333] [M]: 0x0000000080000520 (0x00100093) addi ra, zero, 1
x1 <- 0x0000000000000001
mem[X,0x0000000080000524] -> 0x9093
mem[X,0x0000000080000526] -> 0x00B0
[334] [M]: 0x0000000080000524 (0x00B09093) slli ra, ra, 11
x1 <- 0x0000000000000800
mem[X,0x0000000080000528] -> 0x9213
mem[X,0x000000008000052A] -> 0x01F0
[335] [M]: 0x0000000080000528 (0x01F09213) slli tp, ra, 31
x4 <- 0x0000040000000000
mem[X,0x000000008000052C] -> 0xB023
mem[X,0x000000008000052E] -> 0x0042
[336] [M]: 0x000000008000052C (0x0042B023) sd tp, 0(t0)
mem[0x00000000800031B0] <- 0x0000040000000000
mem[X,0x0000000080000530] -> 0x0193
mem[X,0x0000000080000532] -> 0x0010
[337] [M]: 0x0000000080000530 (0x00100193) addi gp, zero, 1
x3 <- 0x0000000000000001
mem[X,0x0000000080000534] -> 0x9193
mem[X,0x0000000080000536] -> 0x00C1
[338] [M]: 0x0000000080000534 (0x00C19193) slli gp, gp, 12
x3 <- 0x0000000000001000
mem[X,0x0000000080000538] -> 0x9E93
mem[X,0x000000008000053A] -> 0x0001
[339] [M]: 0x0000000080000538 (0x00019E93) slli t4, gp, 0
x29 <- 0x0000000000001000
mem[X,0x000000008000053C] -> 0xB423
mem[X,0x000000008000053E] -> 0x01D2
[340] [M]: 0x000000008000053C (0x01D2B423) sd t4, 8(t0)
mem[0x00000000800031B8] <- 0x0000000000001000
mem[X,0x0000000080000540] -> 0x0C93
mem[X,0x0000000080000542] -> 0x0010
[341] [M]: 0x0000000080000540 (0x00100C93) addi s9, zero, 1
x25 <- 0x0000000000000001
mem[X,0x0000000080000544] -> 0x9C93
mem[X,0x0000000080000546] -> 0x00DC
[342] [M]: 0x0000000080000544 (0x00DC9C93) slli s9, s9, 13
x25 <- 0x0000000000002000
mem[X,0x0000000080000548] -> 0x9313
mem[X,0x000000008000054A] -> 0x00AC
[343] [M]: 0x0000000080000548 (0x00AC9313) slli t1, s9, 10
x6 <- 0x0000000000800000
mem[X,0x000000008000054C] -> 0xB823
mem[X,0x000000008000054E] -> 0x0062
[344] [M]: 0x000000008000054C (0x0062B823) sd t1, 16(t0)
mem[0x00000000800031C0] <- 0x0000000000800000
mem[X,0x0000000080000550] -> 0x0613
mem[X,0x0000000080000552] -> 0x0010
[345] [M]: 0x0000000080000550 (0x00100613) addi a2, zero, 1
x12 <- 0x0000000000000001
mem[X,0x0000000080000554] -> 0x1613
mem[X,0x0000000080000556] -> 0x00E6
[346] [M]: 0x0000000080000554 (0x00E61613) slli a2, a2, 14
x12 <- 0x0000000000004000
mem[X,0x0000000080000558] -> 0x1B93
mem[X,0x000000008000055A] -> 0x0096
[347] [M]: 0x0000000080000558 (0x00961B93) slli s7, a2, 9
x23 <- 0x0000000000800000
mem[X,0x000000008000055C] -> 0xBC23
mem[X,0x000000008000055E] -> 0x0172
[348] [M]: 0x000000008000055C (0x0172BC23) sd s7, 24(t0)
mem[0x00000000800031C8] <- 0x0000000000800000
mem[X,0x0000000080000560] -> 0x0A93
mem[X,0x0000000080000562] -> 0x0010
[349] [M]: 0x0000000080000560 (0x00100A93) addi s5, zero, 1
x21 <- 0x0000000000000001
mem[X,0x0000000080000564] -> 0x9A93
mem[X,0x0000000080000566] -> 0x00FA
[350] [M]: 0x0000000080000564 (0x00FA9A93) slli s5, s5, 15
x21 <- 0x0000000000008000
mem[X,0x0000000080000568] -> 0x9193
mem[X,0x000000008000056A] -> 0x00CA
[351] [M]: 0x0000000080000568 (0x00CA9193) slli gp, s5, 12
x3 <- 0x0000000008000000
mem[X,0x000000008000056C] -> 0xB023
mem[X,0x000000008000056E] -> 0x0232
[352] [M]: 0x000000008000056C (0x0232B023) sd gp, 32(t0)
mem[0x00000000800031D0] <- 0x0000000008000000
mem[X,0x0000000080000570] -> 0x0493
mem[X,0x0000000080000572] -> 0x0010
[353] [M]: 0x0000000080000570 (0x00100493) addi s1, zero, 1
x9 <- 0x0000000000000001
mem[X,0x0000000080000574] -> 0x9493
mem[X,0x0000000080000576] -> 0x0104
[354] [M]: 0x0000000080000574 (0x01049493) slli s1, s1, 16
x9 <- 0x0000000000010000
mem[X,0x0000000080000578] -> 0x9893
mem[X,0x000000008000057A] -> 0x03B4
[355] [M]: 0x0000000080000578 (0x03B49893) slli a7, s1, 59
x17 <- 0x0000000000000000
mem[X,0x000000008000057C] -> 0xB423
mem[X,0x000000008000057E] -> 0x0312
[356] [M]: 0x000000008000057C (0x0312B423) sd a7, 40(t0)
mem[0x00000000800031D8] <- 0x0000000000000000
mem[X,0x0000000080000580] -> 0x0693
mem[X,0x0000000080000582] -> 0x0010
[357] [M]: 0x0000000080000580 (0x00100693) addi a3, zero, 1
x13 <- 0x0000000000000001
mem[X,0x0000000080000584] -> 0x9693
mem[X,0x0000000080000586] -> 0x0116
[358] [M]: 0x0000000080000584 (0x01169693) slli a3, a3, 17
x13 <- 0x0000000000020000
mem[X,0x0000000080000588] -> 0x9793
mem[X,0x000000008000058A] -> 0x00E6
[359] [M]: 0x0000000080000588 (0x00E69793) slli a5, a3, 14
x15 <- 0x0000000080000000
mem[X,0x000000008000058C] -> 0xB823
mem[X,0x000000008000058E] -> 0x02F2
[360] [M]: 0x000000008000058C (0x02F2B823) sd a5, 48(t0)
mem[0x00000000800031E0] <- 0x0000000080000000
mem[X,0x0000000080000590] -> 0x0593
mem[X,0x0000000080000592] -> 0x0010
[361] [M]: 0x0000000080000590 (0x00100593) addi a1, zero, 1
x11 <- 0x0000000000000001
mem[X,0x0000000080000594] -> 0x9593
mem[X,0x0000000080000596] -> 0x0125
[362] [M]: 0x0000000080000594 (0x01259593) slli a1, a1, 18
x11 <- 0x0000000000040000
mem[X,0x0000000080000598] -> 0x9B13
mem[X,0x000000008000059A] -> 0x0135
[363] [M]: 0x0000000080000598 (0x01359B13) slli s6, a1, 19
x22 <- 0x0000002000000000
mem[X,0x000000008000059C] -> 0xBC23
mem[X,0x000000008000059E] -> 0x0362
[364] [M]: 0x000000008000059C (0x0362BC23) sd s6, 56(t0)
mem[0x00000000800031E8] <- 0x0000002000000000
mem[X,0x00000000800005A0] -> 0x0A13
mem[X,0x00000000800005A2] -> 0x0010
[365] [M]: 0x00000000800005A0 (0x00100A13) addi s4, zero, 1
x20 <- 0x0000000000000001
mem[X,0x00000000800005A4] -> 0x1A13
mem[X,0x00000000800005A6] -> 0x013A
[366] [M]: 0x00000000800005A4 (0x013A1A13) slli s4, s4, 19
x20 <- 0x0000000000080000
mem[X,0x00000000800005A8] -> 0x1D13
mem[X,0x00000000800005AA] -> 0x007A
[367] [M]: 0x00000000800005A8 (0x007A1D13) slli s10, s4, 7
x26 <- 0x0000000004000000
mem[X,0x00000000800005AC] -> 0xB023
mem[X,0x00000000800005AE] -> 0x05A2
[368] [M]: 0x00000000800005AC (0x05A2B023) sd s10, 64(t0)
mem[0x00000000800031F0] <- 0x0000000004000000
mem[X,0x00000000800005B0] -> 0x0F93
mem[X,0x00000000800005B2] -> 0x0010
[369] [M]: 0x00000000800005B0 (0x00100F93) addi t6, zero, 1
x31 <- 0x0000000000000001
mem[X,0x00000000800005B4] -> 0x9F93
mem[X,0x00000000800005B6] -> 0x014F
[370] [M]: 0x00000000800005B4 (0x014F9F93) slli t6, t6, 20
x31 <- 0x0000000000100000
mem[X,0x00000000800005B8] -> 0x9113
mem[X,0x00000000800005BA] -> 0x012F
[371] [M]: 0x00000000800005B8 (0x012F9113) slli sp, t6, 18
x2 <- 0x0000004000000000
mem[X,0x00000000800005BC] -> 0xB423
mem[X,0x00000000800005BE] -> 0x0422
[372] [M]: 0x00000000800005BC (0x0422B423) sd sp, 72(t0)
mem[0x00000000800031F8] <- 0x0000004000000000
mem[X,0x00000000800005C0] -> 0x0893
mem[X,0x00000000800005C2] -> 0x0010
[373] [M]: 0x00000000800005C0 (0x00100893) addi a7, zero, 1
x17 <- 0x0000000000000001
mem[X,0x00000000800005C4] -> 0x9893
mem[X,0x00000000800005C6] -> 0x0158
[374] [M]: 0x00000000800005C4 (0x01589893) slli a7, a7, 21
x17 <- 0x0000000000200000
mem[X,0x00000000800005C8] -> 0x9A13
mem[X,0x00000000800005CA] -> 0x00C8
[375] [M]: 0x00000000800005C8 (0x00C89A13) slli s4, a7, 12
x20 <- 0x0000000200000000
mem[X,0x00000000800005CC] -> 0xB823
mem[X,0x00000000800005CE] -> 0x0542
[376] [M]: 0x00000000800005CC (0x0542B823) sd s4, 80(t0)
mem[0x0000000080003200] <- 0x0000000200000000
mem[X,0x00000000800005D0] -> 0x0013
mem[X,0x00000000800005D2] -> 0x0000
[377] [M]: 0x00000000800005D0 (0x00000013) addi zero, zero, 0
mem[X,0x00000000800005D4] -> 0x1D93
mem[X,0x00000000800005D6] -> 0x01F0
[378] [M]: 0x00000000800005D4 (0x01F01D93) slli s11, zero, 31
x27 <- 0x0000000000000000
mem[X,0x00000000800005D8] -> 0xBC23
mem[X,0x00000000800005DA] -> 0x05B2
[379] [M]: 0x00000000800005D8 (0x05B2BC23) sd s11, 88(t0)
mem[0x0000000080003208] <- 0x0000000000000000
mem[X,0x00000000800005DC] -> 0x0913
mem[X,0x00000000800005DE] -> 0x0010
[380] [M]: 0x00000000800005DC (0x00100913) addi s2, zero, 1
x18 <- 0x0000000000000001
mem[X,0x00000000800005E0] -> 0x1913
mem[X,0x00000000800005E2] -> 0x0179
[381] [M]: 0x00000000800005E0 (0x01791913) slli s2, s2, 23
x18 <- 0x0000000000800000
mem[X,0x00000000800005E4] -> 0x1F13
mem[X,0x00000000800005E6] -> 0x0099
[382] [M]: 0x00000000800005E4 (0x00991F13) slli t5, s2, 9
x30 <- 0x0000000100000000
mem[X,0x00000000800005E8] -> 0xB023
mem[X,0x00000000800005EA] -> 0x07E2
[383] [M]: 0x00000000800005E8 (0x07E2B023) sd t5, 96(t0)
mem[0x0000000080003210] <- 0x0000000100000000
mem[X,0x00000000800005EC] -> 0x0513
mem[X,0x00000000800005EE] -> 0x0010
[384] [M]: 0x00000000800005EC (0x00100513) addi a0, zero, 1
x10 <- 0x0000000000000001
mem[X,0x00000000800005F0] -> 0x1513
mem[X,0x00000000800005F2] -> 0x0185
[385] [M]: 0x00000000800005F0 (0x01851513) slli a0, a0, 24
x10 <- 0x0000000001000000
mem[X,0x00000000800005F4] -> 0x1593
mem[X,0x00000000800005F6] -> 0x00E5
[386] [M]: 0x00000000800005F4 (0x00E51593) slli a1, a0, 14
x11 <- 0x0000004000000000
mem[X,0x00000000800005F8] -> 0xB423
mem[X,0x00000000800005FA] -> 0x06B2
[387] [M]: 0x00000000800005F8 (0x06B2B423) sd a1, 104(t0)
mem[0x0000000080003218] <- 0x0000004000000000
mem[X,0x00000000800005FC] -> 0x0513
mem[X,0x00000000800005FE] -> 0x0010
[388] [M]: 0x00000000800005FC (0x00100513) addi a0, zero, 1
x10 <- 0x0000000000000001
mem[X,0x0000000080000600] -> 0x1513
mem[X,0x0000000080000602] -> 0x0195
[389] [M]: 0x0000000080000600 (0x01951513) slli a0, a0, 25
x10 <- 0x0000000002000000
mem[X,0x0000000080000604] -> 0x1593
mem[X,0x0000000080000606] -> 0x0075
[390] [M]: 0x0000000080000604 (0x00751593) slli a1, a0, 7
x11 <- 0x0000000100000000
mem[X,0x0000000080000608] -> 0xB823
mem[X,0x000000008000060A] -> 0x06B2
[391] [M]: 0x0000000080000608 (0x06B2B823) sd a1, 112(t0)
mem[0x0000000080003220] <- 0x0000000100000000
mem[X,0x000000008000060C] -> 0x0513
mem[X,0x000000008000060E] -> 0x0010
[392] [M]: 0x000000008000060C (0x00100513) addi a0, zero, 1
x10 <- 0x0000000000000001
mem[X,0x0000000080000610] -> 0x1513
mem[X,0x0000000080000612] -> 0x01A5
[393] [M]: 0x0000000080000610 (0x01A51513) slli a0, a0, 26
x10 <- 0x0000000004000000
mem[X,0x0000000080000614] -> 0x1593
mem[X,0x0000000080000616] -> 0x0005
[394] [M]: 0x0000000080000614 (0x00051593) slli a1, a0, 0
x11 <- 0x0000000004000000
mem[X,0x0000000080000618] -> 0xBC23
mem[X,0x000000008000061A] -> 0x06B2
[395] [M]: 0x0000000080000618 (0x06B2BC23) sd a1, 120(t0)
mem[0x0000000080003228] <- 0x0000000004000000
mem[X,0x000000008000061C] -> 0x0513
mem[X,0x000000008000061E] -> 0x0010
[396] [M]: 0x000000008000061C (0x00100513) addi a0, zero, 1
x10 <- 0x0000000000000001
mem[X,0x0000000080000620] -> 0x1513
mem[X,0x0000000080000622] -> 0x01B5
[397] [M]: 0x0000000080000620 (0x01B51513) slli a0, a0, 27
x10 <- 0x0000000008000000
mem[X,0x0000000080000624] -> 0x1593
mem[X,0x0000000080000626] -> 0x03F5
[398] [M]: 0x0000000080000624 (0x03F51593) slli a1, a0, 63
x11 <- 0x0000000000000000
mem[X,0x0000000080000628] -> 0xB023
mem[X,0x000000008000062A] -> 0x08B2
[399] [M]: 0x0000000080000628 (0x08B2B023) sd a1, 128(t0)
mem[0x0000000080003230] <- 0x0000000000000000
clint::tick mtime <- 0x0000000000000004
 clint timer pending at mtime 0x0000000000000004
htif::tick 0x0000000000000000
mem[X,0x000000008000062C] -> 0x0513
mem[X,0x000000008000062E] -> 0x0010
[400] [M]: 0x000000008000062C (0x00100513) addi a0, zero, 1
x10 <- 0x0000000000000001
mem[X,0x0000000080000630] -> 0x1513
mem[X,0x0000000080000632] -> 0x01C5
[401] [M]: 0x0000000080000630 (0x01C51513) slli a0, a0, 28
x10 <- 0x0000000010000000
mem[X,0x0000000080000634] -> 0x1593
mem[X,0x0000000080000636] -> 0x0115
[402] [M]: 0x0000000080000634 (0x01151593) slli a1, a0, 17
x11 <- 0x0000200000000000
mem[X,0x0000000080000638] -> 0xB423
mem[X,0x000000008000063A] -> 0x08B2
[403] [M]: 0x0000000080000638 (0x08B2B423) sd a1, 136(t0)
mem[0x0000000080003238] <- 0x0000200000000000
mem[X,0x000000008000063C] -> 0x0513
mem[X,0x000000008000063E] -> 0x0010
[404] [M]: 0x000000008000063C (0x00100513) addi a0, zero, 1
x10 <- 0x0000000000000001
mem[X,0x0000000080000640] -> 0x1513
mem[X,0x0000000080000642] -> 0x01D5
[405] [M]: 0x0000000080000640 (0x01D51513) slli a0, a0, 29
x10 <- 0x0000000020000000
mem[X,0x0000000080000644] -> 0x1593
mem[X,0x0000000080000646] -> 0x00A5
[406] [M]: 0x0000000080000644 (0x00A51593) slli a1, a0, 10
x11 <- 0x0000008000000000
mem[X,0x0000000080000648] -> 0xB823
mem[X,0x000000008000064A] -> 0x08B2
[407] [M]: 0x0000000080000648 (0x08B2B823) sd a1, 144(t0)
mem[0x0000000080003240] <- 0x0000008000000000
mem[X,0x000000008000064C] -> 0x0513
mem[X,0x000000008000064E] -> 0x0010
[408] [M]: 0x000000008000064C (0x00100513) addi a0, zero, 1
x10 <- 0x0000000000000001
mem[X,0x0000000080000650] -> 0x1513
mem[X,0x0000000080000652] -> 0x01E5
[409] [M]: 0x0000000080000650 (0x01E51513) slli a0, a0, 30
x10 <- 0x0000000040000000
mem[X,0x0000000080000654] -> 0x1593
mem[X,0x0000000080000656] -> 0x0115
[410] [M]: 0x0000000080000654 (0x01151593) slli a1, a0, 17
x11 <- 0x0000800000000000
mem[X,0x0000000080000658] -> 0xBC23
mem[X,0x000000008000065A] -> 0x08B2
[411] [M]: 0x0000000080000658 (0x08B2BC23) sd a1, 152(t0)
mem[0x0000000080003248] <- 0x0000800000000000
mem[X,0x000000008000065C] -> 0x0513
mem[X,0x000000008000065E] -> 0x0010
[412] [M]: 0x000000008000065C (0x00100513) addi a0, zero, 1
x10 <- 0x0000000000000001
mem[X,0x0000000080000660] -> 0x1513
mem[X,0x0000000080000662] -> 0x01F5
[413] [M]: 0x0000000080000660 (0x01F51513) slli a0, a0, 31
x10 <- 0x0000000080000000
mem[X,0x0000000080000664] -> 0x1593
mem[X,0x0000000080000666] -> 0x0085
[414] [M]: 0x0000000080000664 (0x00851593) slli a1, a0, 8
x11 <- 0x0000008000000000
mem[X,0x0000000080000668] -> 0xB023
mem[X,0x000000008000066A] -> 0x0AB2
[415] [M]: 0x0000000080000668 (0x0AB2B023) sd a1, 160(t0)
mem[0x0000000080003250] <- 0x0000008000000000
mem[X,0x000000008000066C] -> 0x0513
mem[X,0x000000008000066E] -> 0x0010
[416] [M]: 0x000000008000066C (0x00100513) addi a0, zero, 1
x10 <- 0x0000000000000001
mem[X,0x0000000080000670] -> 0x1513
mem[X,0x0000000080000672] -> 0x0205
[417] [M]: 0x0000000080000670 (0x02051513) slli a0, a0, 32
x10 <- 0x0000000100000000
mem[X,0x0000000080000674] -> 0x1593
mem[X,0x0000000080000676] -> 0x00A5
[418] [M]: 0x0000000080000674 (0x00A51593) slli a1, a0, 10
x11 <- 0x0000040000000000
mem[X,0x0000000080000678] -> 0xB423
mem[X,0x000000008000067A] -> 0x0AB2
[419] [M]: 0x0000000080000678 (0x0AB2B423) sd a1, 168(t0)
mem[0x0000000080003258] <- 0x0000040000000000
mem[X,0x000000008000067C] -> 0x0513
mem[X,0x000000008000067E] -> 0x0010
[420] [M]: 0x000000008000067C (0x00100513) addi a0, zero, 1
x10 <- 0x0000000000000001
mem[X,0x0000000080000680] -> 0x1513
mem[X,0x0000000080000682] -> 0x0215
[421] [M]: 0x0000000080000680 (0x02151513) slli a0, a0, 33
x10 <- 0x0000000200000000
mem[X,0x0000000080000684] -> 0x1593
mem[X,0x0000000080000686] -> 0x0155
[422] [M]: 0x0000000080000684 (0x01551593) slli a1, a0, 21
x11 <- 0x0040000000000000
mem[X,0x0000000080000688] -> 0xB823
mem[X,0x000000008000068A] -> 0x0AB2
[423] [M]: 0x0000000080000688 (0x0AB2B823) sd a1, 176(t0)
mem[0x0000000080003260] <- 0x0040000000000000
mem[X,0x000000008000068C] -> 0x0513
mem[X,0x000000008000068E] -> 0x0010
[424] [M]: 0x000000008000068C (0x00100513) addi a0, zero, 1
x10 <- 0x0000000000000001
mem[X,0x0000000080000690] -> 0x1513
mem[X,0x0000000080000692] -> 0x0225
[425] [M]: 0x0000000080000690 (0x02251513) slli a0, a0, 34
x10 <- 0x0000000400000000
mem[X,0x0000000080000694] -> 0x1593
mem[X,0x0000000080000696] -> 0x0075
[426] [M]: 0x0000000080000694 (0x00751593) slli a1, a0, 7
x11 <- 0x0000020000000000
mem[X,0x0000000080000698] -> 0xBC23
mem[X,0x000000008000069A] -> 0x0AB2
[427] [M]: 0x0000000080000698 (0x0AB2BC23) sd a1, 184(t0)
mem[0x0000000080003268] <- 0x0000020000000000
mem[X,0x000000008000069C] -> 0x0513
mem[X,0x000000008000069E] -> 0x0010
[428] [M]: 0x000000008000069C (0x00100513) addi a0, zero, 1
x10 <- 0x0000000000000001
mem[X,0x00000000800006A0] -> 0x1513
mem[X,0x00000000800006A2] -> 0x0235
[429] [M]: 0x00000000800006A0 (0x02351513) slli a0, a0, 35
x10 <- 0x0000000800000000
mem[X,0x00000000800006A4] -> 0x1593
mem[X,0x00000000800006A6] -> 0x0375
[430] [M]: 0x00000000800006A4 (0x03751593) slli a1, a0, 55
x11 <- 0x0000000000000000
mem[X,0x00000000800006A8] -> 0xB023
mem[X,0x00000000800006AA] -> 0x0CB2
[431] [M]: 0x00000000800006A8 (0x0CB2B023) sd a1, 192(t0)
mem[0x0000000080003270] <- 0x0000000000000000
mem[X,0x00000000800006AC] -> 0x0513
mem[X,0x00000000800006AE] -> 0x0010
[432] [M]: 0x00000000800006AC (0x00100513) addi a0, zero, 1
x10 <- 0x0000000000000001
mem[X,0x00000000800006B0] -> 0x1513
mem[X,0x00000000800006B2] -> 0x0245
[433] [M]: 0x00000000800006B0 (0x02451513) slli a0, a0, 36
x10 <- 0x0000001000000000
mem[X,0x00000000800006B4] -> 0x1593
mem[X,0x00000000800006B6] -> 0x00F5
[434] [M]: 0x00000000800006B4 (0x00F51593) slli a1, a0, 15
x11 <- 0x0008000000000000
mem[X,0x00000000800006B8] -> 0xB423
mem[X,0x00000000800006BA] -> 0x0CB2
[435] [M]: 0x00000000800006B8 (0x0CB2B423) sd a1, 200(t0)
mem[0x0000000080003278] <- 0x0008000000000000
mem[X,0x00000000800006BC] -> 0x0513
mem[X,0x00000000800006BE] -> 0x0010
[436] [M]: 0x00000000800006BC (0x00100513) addi a0, zero, 1
x10 <- 0x0000000000000001
mem[X,0x00000000800006C0] -> 0x1513
mem[X,0x00000000800006C2] -> 0x0255
[437] [M]: 0x00000000800006C0 (0x02551513) slli a0, a0, 37
x10 <- 0x0000002000000000
mem[X,0x00000000800006C4] -> 0x1593
mem[X,0x00000000800006C6] -> 0x0155
[438] [M]: 0x00000000800006C4 (0x01551593) slli a1, a0, 21
x11 <- 0x0400000000000000
mem[X,0x00000000800006C8] -> 0xB823
mem[X,0x00000000800006CA] -> 0x0CB2
[439] [M]: 0x00000000800006C8 (0x0CB2B823) sd a1, 208(t0)
mem[0x0000000080003280] <- 0x0400000000000000
mem[X,0x00000000800006CC] -> 0x0513
mem[X,0x00000000800006CE] -> 0x0010
[440] [M]: 0x00000000800006CC (0x00100513) addi a0, zero, 1
x10 <- 0x0000000000000001
mem[X,0x00000000800006D0] -> 0x1513
mem[X,0x00000000800006D2] -> 0x0265
[441] [M]: 0x00000000800006D0 (0x02651513) slli a0, a0, 38
x10 <- 0x0000004000000000
mem[X,0x00000000800006D4] -> 0x1593
mem[X,0x00000000800006D6] -> 0x02A5
[442] [M]: 0x00000000800006D4 (0x02A51593) slli a1, a0, 42
x11 <- 0x0000000000000000
mem[X,0x00000000800006D8] -> 0xBC23
mem[X,0x00000000800006DA] -> 0x0CB2
[443] [M]: 0x00000000800006D8 (0x0CB2BC23) sd a1, 216(t0)
mem[0x0000000080003288] <- 0x0000000000000000
mem[X,0x00000000800006DC] -> 0x0513
mem[X,0x00000000800006DE] -> 0x0010
[444] [M]: 0x00000000800006DC (0x00100513) addi a0, zero, 1
x10 <- 0x0000000000000001
mem[X,0x00000000800006E0] -> 0x1513
mem[X,0x00000000800006E2] -> 0x0275
[445] [M]: 0x00000000800006E0 (0x02751513) slli a0, a0, 39
x10 <- 0x0000008000000000
mem[X,0x00000000800006E4] -> 0x1593
mem[X,0x00000000800006E6] -> 0x0035
[446] [M]: 0x00000000800006E4 (0x00351593) slli a1, a0, 3
x11 <- 0x0000040000000000
mem[X,0x00000000800006E8] -> 0xB023
mem[X,0x00000000800006EA] -> 0x0EB2
[447] [M]: 0x00000000800006E8 (0x0EB2B023) sd a1, 224(t0)
mem[0x0000000080003290] <- 0x0000040000000000
mem[X,0x00000000800006EC] -> 0x0513
mem[X,0x00000000800006EE] -> 0x0010
[448] [M]: 0x00000000800006EC (0x00100513) addi a0, zero, 1
x10 <- 0x0000000000000001
mem[X,0x00000000800006F0] -> 0x1513
mem[X,0x00000000800006F2] -> 0x0285
[449] [M]: 0x00000000800006F0 (0x02851513) slli a0, a0, 40
x10 <- 0x0000010000000000
mem[X,0x00000000800006F4] -> 0x1593
mem[X,0x00000000800006F6] -> 0x03F5
[450] [M]: 0x00000000800006F4 (0x03F51593) slli a1, a0, 63
x11 <- 0x0000000000000000
mem[X,0x00000000800006F8] -> 0xB423
mem[X,0x00000000800006FA] -> 0x0EB2
[451] [M]: 0x00000000800006F8 (0x0EB2B423) sd a1, 232(t0)
mem[0x0000000080003298] <- 0x0000000000000000
mem[X,0x00000000800006FC] -> 0x0513
mem[X,0x00000000800006FE] -> 0x0010
[452] [M]: 0x00000000800006FC (0x00100513) addi a0, zero, 1
x10 <- 0x0000000000000001
mem[X,0x0000000080000700] -> 0x1513
mem[X,0x0000000080000702] -> 0x0295
[453] [M]: 0x0000000080000700 (0x02951513) slli a0, a0, 41
x10 <- 0x0000020000000000
mem[X,0x0000000080000704] -> 0x1593
mem[X,0x0000000080000706] -> 0x0115
[454] [M]: 0x0000000080000704 (0x01151593) slli a1, a0, 17
x11 <- 0x0400000000000000
mem[X,0x0000000080000708] -> 0xB823
mem[X,0x000000008000070A] -> 0x0EB2
[455] [M]: 0x0000000080000708 (0x0EB2B823) sd a1, 240(t0)
mem[0x00000000800032A0] <- 0x0400000000000000
mem[X,0x000000008000070C] -> 0x0513
mem[X,0x000000008000070E] -> 0x0010
[456] [M]: 0x000000008000070C (0x00100513) addi a0, zero, 1
x10 <- 0x0000000000000001
mem[X,0x0000000080000710] -> 0x1513
mem[X,0x0000000080000712] -> 0x02A5
[457] [M]: 0x0000000080000710 (0x02A51513) slli a0, a0, 42
x10 <- 0x0000040000000000
mem[X,0x0000000080000714] -> 0x1593
mem[X,0x0000000080000716] -> 0x0075
[458] [M]: 0x0000000080000714 (0x00751593) slli a1, a0, 7
x11 <- 0x0002000000000000
mem[X,0x0000000080000718] -> 0xBC23
mem[X,0x000000008000071A] -> 0x0EB2
[459] [M]: 0x0000000080000718 (0x0EB2BC23) sd a1, 248(t0)
mem[0x00000000800032A8] <- 0x0002000000000000
mem[X,0x000000008000071C] -> 0x0513
mem[X,0x000000008000071E] -> 0x0010
[460] [M]: 0x000000008000071C (0x00100513) addi a0, zero, 1
x10 <- 0x0000000000000001
mem[X,0x0000000080000720] -> 0x1513
mem[X,0x0000000080000722] -> 0x02B5
[461] [M]: 0x0000000080000720 (0x02B51513) slli a0, a0, 43
x10 <- 0x0000080000000000
mem[X,0x0000000080000724] -> 0x1593
mem[X,0x0000000080000726] -> 0x0135
[462] [M]: 0x0000000080000724 (0x01351593) slli a1, a0, 19
x11 <- 0x4000000000000000
mem[X,0x0000000080000728] -> 0xB023
mem[X,0x000000008000072A] -> 0x10B2
[463] [M]: 0x0000000080000728 (0x10B2B023) sd a1, 256(t0)
mem[0x00000000800032B0] <- 0x4000000000000000
mem[X,0x000000008000072C] -> 0x0513
mem[X,0x000000008000072E] -> 0x0010
[464] [M]: 0x000000008000072C (0x00100513) addi a0, zero, 1
x10 <- 0x0000000000000001
mem[X,0x0000000080000730] -> 0x1513
mem[X,0x0000000080000732] -> 0x02C5
[465] [M]: 0x0000000080000730 (0x02C51513) slli a0, a0, 44
x10 <- 0x0000100000000000
mem[X,0x0000000080000734] -> 0x1593
mem[X,0x0000000080000736] -> 0x02F5
[466] [M]: 0x0000000080000734 (0x02F51593) slli a1, a0, 47
x11 <- 0x0000000000000000
mem[X,0x0000000080000738] -> 0xB423
mem[X,0x000000008000073A] -> 0x10B2
[467] [M]: 0x0000000080000738 (0x10B2B423) sd a1, 264(t0)
mem[0x00000000800032B8] <- 0x0000000000000000
mem[X,0x000000008000073C] -> 0x0513
mem[X,0x000000008000073E] -> 0x0010
[468] [M]: 0x000000008000073C (0x00100513) addi a0, zero, 1
x10 <- 0x0000000000000001
mem[X,0x0000000080000740] -> 0x1513
mem[X,0x0000000080000742] -> 0x02D5
[469] [M]: 0x0000000080000740 (0x02D51513) slli a0, a0, 45
x10 <- 0x0000200000000000
mem[X,0x0000000080000744] -> 0x1593
mem[X,0x0000000080000746] -> 0x03E5
[470] [M]: 0x0000000080000744 (0x03E51593) slli a1, a0, 62
x11 <- 0x0000000000000000
mem[X,0x0000000080000748] -> 0xB823
mem[X,0x000000008000074A] -> 0x10B2
[471] [M]: 0x0000000080000748 (0x10B2B823) sd a1, 272(t0)
mem[0x00000000800032C0] <- 0x0000000000000000
mem[X,0x000000008000074C] -> 0x0513
mem[X,0x000000008000074E] -> 0x0010
[472] [M]: 0x000000008000074C (0x00100513) addi a0, zero, 1
x10 <- 0x0000000000000001
mem[X,0x0000000080000750] -> 0x1513
mem[X,0x0000000080000752] -> 0x02E5
[473] [M]: 0x0000000080000750 (0x02E51513) slli a0, a0, 46
x10 <- 0x0000400000000000
mem[X,0x0000000080000754] -> 0x1593
mem[X,0x0000000080000756] -> 0x0095
[474] [M]: 0x0000000080000754 (0x00951593) slli a1, a0, 9
x11 <- 0x0080000000000000
mem[X,0x0000000080000758] -> 0xBC23
mem[X,0x000000008000075A] -> 0x10B2
[475] [M]: 0x0000000080000758 (0x10B2BC23) sd a1, 280(t0)
mem[0x00000000800032C8] <- 0x0080000000000000
mem[X,0x000000008000075C] -> 0x0513
mem[X,0x000000008000075E] -> 0x0010
[476] [M]: 0x000000008000075C (0x00100513) addi a0, zero, 1
x10 <- 0x0000000000000001
mem[X,0x0000000080000760] -> 0x1513
mem[X,0x0000000080000762] -> 0x02F5
[477] [M]: 0x0000000080000760 (0x02F51513) slli a0, a0, 47
x10 <- 0x0000800000000000
mem[X,0x0000000080000764] -> 0x1593
mem[X,0x0000000080000766] -> 0x0155
[478] [M]: 0x0000000080000764 (0x01551593) slli a1, a0, 21
x11 <- 0x0000000000000000
mem[X,0x0000000080000768] -> 0xB023
mem[X,0x000000008000076A] -> 0x12B2
[479] [M]: 0x0000000080000768 (0x12B2B023) sd a1, 288(t0)
mem[0x00000000800032D0] <- 0x0000000000000000
mem[X,0x000000008000076C] -> 0x0513
mem[X,0x000000008000076E] -> 0x0010
[480] [M]: 0x000000008000076C (0x00100513) addi a0, zero, 1
x10 <- 0x0000000000000001
mem[X,0x0000000080000770] -> 0x1513
mem[X,0x0000000080000772] -> 0x0305
[481] [M]: 0x0000000080000770 (0x03051513) slli a0, a0, 48
x10 <- 0x0001000000000000
mem[X,0x0000000080000774] -> 0x1593
mem[X,0x0000000080000776] -> 0x0015
[482] [M]: 0x0000000080000774 (0x00151593) slli a1, a0, 1
x11 <- 0x0002000000000000
mem[X,0x0000000080000778] -> 0xB423
mem[X,0x000000008000077A] -> 0x12B2
[483] [M]: 0x0000000080000778 (0x12B2B423) sd a1, 296(t0)
mem[0x00000000800032D8] <- 0x0002000000000000
mem[X,0x000000008000077C] -> 0x0513
mem[X,0x000000008000077E] -> 0x0010
[484] [M]: 0x000000008000077C (0x00100513) addi a0, zero, 1
x10 <- 0x0000000000000001
mem[X,0x0000000080000780] -> 0x1513
mem[X,0x0000000080000782] -> 0x0315
[485] [M]: 0x0000000080000780 (0x03151513) slli a0, a0, 49
x10 <- 0x0002000000000000
mem[X,0x0000000080000784] -> 0x1593
mem[X,0x0000000080000786] -> 0x0045
[486] [M]: 0x0000000080000784 (0x00451593) slli a1, a0, 4
x11 <- 0x0020000000000000
mem[X,0x0000000080000788] -> 0xB823
mem[X,0x000000008000078A] -> 0x12B2
[487] [M]: 0x0000000080000788 (0x12B2B823) sd a1, 304(t0)
mem[0x00000000800032E0] <- 0x0020000000000000
mem[X,0x000000008000078C] -> 0x0513
mem[X,0x000000008000078E] -> 0x0010
[488] [M]: 0x000000008000078C (0x00100513) addi a0, zero, 1
x10 <- 0x0000000000000001
mem[X,0x0000000080000790] -> 0x1513
mem[X,0x0000000080000792] -> 0x0325
[489] [M]: 0x0000000080000790 (0x03251513) slli a0, a0, 50
x10 <- 0x0004000000000000
mem[X,0x0000000080000794] -> 0x1593
mem[X,0x0000000080000796] -> 0x0015
[490] [M]: 0x0000000080000794 (0x00151593) slli a1, a0, 1
x11 <- 0x0008000000000000
mem[X,0x0000000080000798] -> 0xBC23
mem[X,0x000000008000079A] -> 0x12B2
[491] [M]: 0x0000000080000798 (0x12B2BC23) sd a1, 312(t0)
mem[0x00000000800032E8] <- 0x0008000000000000
mem[X,0x000000008000079C] -> 0x0513
mem[X,0x000000008000079E] -> 0x0010
[492] [M]: 0x000000008000079C (0x00100513) addi a0, zero, 1
x10 <- 0x0000000000000001
mem[X,0x00000000800007A0] -> 0x1513
mem[X,0x00000000800007A2] -> 0x0335
[493] [M]: 0x00000000800007A0 (0x03351513) slli a0, a0, 51
x10 <- 0x0008000000000000
mem[X,0x00000000800007A4] -> 0x1593
mem[X,0x00000000800007A6] -> 0x0065
[494] [M]: 0x00000000800007A4 (0x00651593) slli a1, a0, 6
x11 <- 0x0200000000000000
mem[X,0x00000000800007A8] -> 0xB023
mem[X,0x00000000800007AA] -> 0x14B2
[495] [M]: 0x00000000800007A8 (0x14B2B023) sd a1, 320(t0)
mem[0x00000000800032F0] <- 0x0200000000000000
mem[X,0x00000000800007AC] -> 0x0513
mem[X,0x00000000800007AE] -> 0x0010
[496] [M]: 0x00000000800007AC (0x00100513) addi a0, zero, 1
x10 <- 0x0000000000000001
mem[X,0x00000000800007B0] -> 0x1513
mem[X,0x00000000800007B2] -> 0x0355
[497] [M]: 0x00000000800007B0 (0x03551513) slli a0, a0, 53
x10 <- 0x0020000000000000
mem[X,0x00000000800007B4] -> 0x1593
mem[X,0x00000000800007B6] -> 0x00C5
[498] [M]: 0x00000000800007B4 (0x00C51593) slli a1, a0, 12
x11 <- 0x0000000000000000
mem[X,0x00000000800007B8] -> 0xB423
mem[X,0x00000000800007BA] -> 0x14B2
[499] [M]: 0x00000000800007B8 (0x14B2B423) sd a1, 328(t0)
mem[0x00000000800032F8] <- 0x0000000000000000
clint::tick mtime <- 0x0000000000000005
 clint timer pending at mtime 0x0000000000000005
htif::tick 0x0000000000000000
mem[X,0x00000000800007BC] -> 0x0513
mem[X,0x00000000800007BE] -> 0x0010
[500] [M]: 0x00000000800007BC (0x00100513) addi a0, zero, 1
x10 <- 0x0000000000000001
mem[X,0x00000000800007C0] -> 0x1513
mem[X,0x00000000800007C2] -> 0x0365
[501] [M]: 0x00000000800007C0 (0x03651513) slli a0, a0, 54
x10 <- 0x0040000000000000
mem[X,0x00000000800007C4] -> 0x1593
mem[X,0x00000000800007C6] -> 0x03F5
[502] [M]: 0x00000000800007C4 (0x03F51593) slli a1, a0, 63
x11 <- 0x0000000000000000
mem[X,0x00000000800007C8] -> 0xB823
mem[X,0x00000000800007CA] -> 0x14B2
[503] [M]: 0x00000000800007C8 (0x14B2B823) sd a1, 336(t0)
mem[0x0000000080003300] <- 0x0000000000000000
mem[X,0x00000000800007CC] -> 0x0513
mem[X,0x00000000800007CE] -> 0x0010
[504] [M]: 0x00000000800007CC (0x00100513) addi a0, zero, 1
x10 <- 0x0000000000000001
mem[X,0x00000000800007D0] -> 0x1513
mem[X,0x00000000800007D2] -> 0x0375
[505] [M]: 0x00000000800007D0 (0x03751513) slli a0, a0, 55
x10 <- 0x0080000000000000
mem[X,0x00000000800007D4] -> 0x1593
mem[X,0x00000000800007D6] -> 0x0025
[506] [M]: 0x00000000800007D4 (0x00251593) slli a1, a0, 2
x11 <- 0x0200000000000000
mem[X,0x00000000800007D8] -> 0xBC23
mem[X,0x00000000800007DA] -> 0x14B2
[507] [M]: 0x00000000800007D8 (0x14B2BC23) sd a1, 344(t0)
mem[0x0000000080003308] <- 0x0200000000000000
mem[X,0x00000000800007DC] -> 0x0513
mem[X,0x00000000800007DE] -> 0x0010
[508] [M]: 0x00000000800007DC (0x00100513) addi a0, zero, 1
x10 <- 0x0000000000000001
mem[X,0x00000000800007E0] -> 0x1513
mem[X,0x00000000800007E2] -> 0x0385
[509] [M]: 0x00000000800007E0 (0x03851513) slli a0, a0, 56
x10 <- 0x0100000000000000
mem[X,0x00000000800007E4] -> 0x1593
mem[X,0x00000000800007E6] -> 0x00F5
[510] [M]: 0x00000000800007E4 (0x00F51593) slli a1, a0, 15
x11 <- 0x0000000000000000
mem[X,0x00000000800007E8] -> 0xB023
mem[X,0x00000000800007EA] -> 0x16B2
[511] [M]: 0x00000000800007E8 (0x16B2B023) sd a1, 352(t0)
mem[0x0000000080003310] <- 0x0000000000000000
mem[X,0x00000000800007EC] -> 0x0513
mem[X,0x00000000800007EE] -> 0x0010
[512] [M]: 0x00000000800007EC (0x00100513) addi a0, zero, 1
x10 <- 0x0000000000000001
mem[X,0x00000000800007F0] -> 0x1513
mem[X,0x00000000800007F2] -> 0x0395
[513] [M]: 0x00000000800007F0 (0x03951513) slli a0, a0, 57
x10 <- 0x0200000000000000
mem[X,0x00000000800007F4] -> 0x1593
mem[X,0x00000000800007F6] -> 0x0055
[514] [M]: 0x00000000800007F4 (0x00551593) slli a1, a0, 5
x11 <- 0x4000000000000000
mem[X,0x00000000800007F8] -> 0xB423
mem[X,0x00000000800007FA] -> 0x16B2
[515] [M]: 0x00000000800007F8 (0x16B2B423) sd a1, 360(t0)
mem[0x0000000080003318] <- 0x4000000000000000
mem[X,0x00000000800007FC] -> 0x0513
mem[X,0x00000000800007FE] -> 0x0010
[516] [M]: 0x00000000800007FC (0x00100513) addi a0, zero, 1
x10 <- 0x0000000000000001
mem[X,0x0000000080000800] -> 0x1513
mem[X,0x0000000080000802] -> 0x03A5
[517] [M]: 0x0000000080000800 (0x03A51513) slli a0, a0, 58
x10 <- 0x0400000000000000
mem[X,0x0000000080000804] -> 0x1593
mem[X,0x0000000080000806] -> 0x02F5
[518] [M]: 0x0000000080000804 (0x02F51593) slli a1, a0, 47
x11 <- 0x0000000000000000
mem[X,0x0000000080000808] -> 0xB823
mem[X,0x000000008000080A] -> 0x16B2
[519] [M]: 0x0000000080000808 (0x16B2B823) sd a1, 368(t0)
mem[0x0000000080003320] <- 0x0000000000000000
mem[X,0x000000008000080C] -> 0x0513
mem[X,0x000000008000080E] -> 0x0010
[520] [M]: 0x000000008000080C (0x00100513) addi a0, zero, 1
x10 <- 0x0000000000000001
mem[X,0x0000000080000810] -> 0x1513
mem[X,0x0000000080000812] -> 0x03B5
[521] [M]: 0x0000000080000810 (0x03B51513) slli a0, a0, 59
x10 <- 0x0800000000000000
mem[X,0x0000000080000814] -> 0x1593
mem[X,0x0000000080000816] -> 0x0135
[522] [M]: 0x0000000080000814 (0x01351593) slli a1, a0, 19
x11 <- 0x0000000000000000
mem[X,0x0000000080000818] -> 0xBC23
mem[X,0x000000008000081A] -> 0x16B2
[523] [M]: 0x0000000080000818 (0x16B2BC23) sd a1, 376(t0)
mem[0x0000000080003328] <- 0x0000000000000000
mem[X,0x000000008000081C] -> 0x0513
mem[X,0x000000008000081E] -> 0x0010
[524] [M]: 0x000000008000081C (0x00100513) addi a0, zero, 1
x10 <- 0x0000000000000001
mem[X,0x0000000080000820] -> 0x1513
mem[X,0x0000000080000822] -> 0x03C5
[525] [M]: 0x0000000080000820 (0x03C51513) slli a0, a0, 60
x10 <- 0x1000000000000000
mem[X,0x0000000080000824] -> 0x1593
mem[X,0x0000000080000826] -> 0x0155
[526] [M]: 0x0000000080000824 (0x01551593) slli a1, a0, 21
x11 <- 0x0000000000000000
mem[X,0x0000000080000828] -> 0xB023
mem[X,0x000000008000082A] -> 0x18B2
[527] [M]: 0x0000000080000828 (0x18B2B023) sd a1, 384(t0)
mem[0x0000000080003330] <- 0x0000000000000000
mem[X,0x000000008000082C] -> 0x0513
mem[X,0x000000008000082E] -> 0x0010
[528] [M]: 0x000000008000082C (0x00100513) addi a0, zero, 1
x10 <- 0x0000000000000001
mem[X,0x0000000080000830] -> 0x1513
mem[X,0x0000000080000832] -> 0x03D5
[529] [M]: 0x0000000080000830 (0x03D51513) slli a0, a0, 61
x10 <- 0x2000000000000000
mem[X,0x0000000080000834] -> 0x1593
mem[X,0x0000000080000836] -> 0x0015
[530] [M]: 0x0000000080000834 (0x00151593) slli a1, a0, 1
x11 <- 0x4000000000000000
mem[X,0x0000000080000838] -> 0xB423
mem[X,0x000000008000083A] -> 0x18B2
[531] [M]: 0x0000000080000838 (0x18B2B423) sd a1, 392(t0)
mem[0x0000000080003338] <- 0x4000000000000000
mem[X,0x000000008000083C] -> 0x0513
mem[X,0x000000008000083E] -> 0x0010
[532] [M]: 0x000000008000083C (0x00100513) addi a0, zero, 1
x10 <- 0x0000000000000001
mem[X,0x0000000080000840] -> 0x1513
mem[X,0x0000000080000842] -> 0x03E5
[533] [M]: 0x0000000080000840 (0x03E51513) slli a0, a0, 62
x10 <- 0x4000000000000000
mem[X,0x0000000080000844] -> 0x1593
mem[X,0x0000000080000846] -> 0x03B5
[534] [M]: 0x0000000080000844 (0x03B51593) slli a1, a0, 59
x11 <- 0x0000000000000000
mem[X,0x0000000080000848] -> 0xB823
mem[X,0x000000008000084A] -> 0x18B2
[535] [M]: 0x0000000080000848 (0x18B2B823) sd a1, 400(t0)
mem[0x0000000080003340] <- 0x0000000000000000
mem[X,0x000000008000084C] -> 0x0513
mem[X,0x000000008000084E] -> 0xFFE0
[536] [M]: 0x000000008000084C (0xFFE00513) addi a0, zero, 4094
x10 <- 0xFFFFFFFFFFFFFFFE
mem[X,0x0000000080000850] -> 0x1593
mem[X,0x0000000080000852] -> 0x0375
[537] [M]: 0x0000000080000850 (0x03751593) slli a1, a0, 55
x11 <- 0xFF00000000000000
mem[X,0x0000000080000854] -> 0xBC23
mem[X,0x0000000080000856] -> 0x18B2
[538] [M]: 0x0000000080000854 (0x18B2BC23) sd a1, 408(t0)
mem[0x0000000080003348] <- 0xFF00000000000000
mem[X,0x0000000080000858] -> 0x0513
mem[X,0x000000008000085A] -> 0xFFD0
[539] [M]: 0x0000000080000858 (0xFFD00513) addi a0, zero, 4093
x10 <- 0xFFFFFFFFFFFFFFFD
mem[X,0x000000008000085C] -> 0x1593
mem[X,0x000000008000085E] -> 0x0135
[540] [M]: 0x000000008000085C (0x01351593) slli a1, a0, 19
x11 <- 0xFFFFFFFFFFE80000
mem[X,0x0000000080000860] -> 0xB023
mem[X,0x0000000080000862] -> 0x1AB2
[541] [M]: 0x0000000080000860 (0x1AB2B023) sd a1, 416(t0)
mem[0x0000000080003350] <- 0xFFFFFFFFFFE80000
mem[X,0x0000000080000864] -> 0x0513
mem[X,0x0000000080000866] -> 0xFFB0
[542] [M]: 0x0000000080000864 (0xFFB00513) addi a0, zero, 4091
x10 <- 0xFFFFFFFFFFFFFFFB
mem[X,0x0000000080000868] -> 0x1593
mem[X,0x000000008000086A] -> 0x03B5
[543] [M]: 0x0000000080000868 (0x03B51593) slli a1, a0, 59
x11 <- 0xD800000000000000
mem[X,0x000000008000086C] -> 0xB423
mem[X,0x000000008000086E] -> 0x1AB2
[544] [M]: 0x000000008000086C (0x1AB2B423) sd a1, 424(t0)
mem[0x0000000080003358] <- 0xD800000000000000
mem[X,0x0000000080000870] -> 0x0513
mem[X,0x0000000080000872] -> 0xFEF0
[545] [M]: 0x0000000080000870 (0xFEF00513) addi a0, zero, 4079
x10 <- 0xFFFFFFFFFFFFFFEF
mem[X,0x0000000080000874] -> 0x1593
mem[X,0x0000000080000876] -> 0x0125
[546] [M]: 0x0000000080000874 (0x01251593) slli a1, a0, 18
x11 <- 0xFFFFFFFFFFBC0000
mem[X,0x0000000080000878] -> 0xB823
mem[X,0x000000008000087A] -> 0x1AB2
[547] [M]: 0x0000000080000878 (0x1AB2B823) sd a1, 432(t0)
mem[0x0000000080003360] <- 0xFFFFFFFFFFBC0000
mem[X,0x000000008000087C] -> 0x0513
mem[X,0x000000008000087E] -> 0xFDF0
[548] [M]: 0x000000008000087C (0xFDF00513) addi a0, zero, 4063
x10 <- 0xFFFFFFFFFFFFFFDF
mem[X,0x0000000080000880] -> 0x1593
mem[X,0x0000000080000882] -> 0x03F5
[549] [M]: 0x0000000080000880 (0x03F51593) slli a1, a0, 63
x11 <- 0x8000000000000000
mem[X,0x0000000080000884] -> 0xBC23
mem[X,0x0000000080000886] -> 0x1AB2
[550] [M]: 0x0000000080000884 (0x1AB2BC23) sd a1, 440(t0)
mem[0x0000000080003368] <- 0x8000000000000000
mem[X,0x0000000080000888] -> 0x0513
mem[X,0x000000008000088A] -> 0xFBF0
[551] [M]: 0x0000000080000888 (0xFBF00513) addi a0, zero, 4031
x10 <- 0xFFFFFFFFFFFFFFBF
mem[X,0x000000008000088C] -> 0x1593
mem[X,0x000000008000088E] -> 0x0135
[552] [M]: 0x000000008000088C (0x01351593) slli a1, a0, 19
x11 <- 0xFFFFFFFFFDF80000
mem[X,0x0000000080000890] -> 0xB023
mem[X,0x0000000080000892] -> 0x1CB2
[553] [M]: 0x0000000080000890 (0x1CB2B023) sd a1, 448(t0)
mem[0x0000000080003370] <- 0xFFFFFFFFFDF80000
mem[X,0x0000000080000894] -> 0x0513
mem[X,0x0000000080000896] -> 0xF7F0
[554] [M]: 0x0000000080000894 (0xF7F00513) addi a0, zero, 3967
x10 <- 0xFFFFFFFFFFFFFF7F
mem[X,0x0000000080000898] -> 0x1593
mem[X,0x000000008000089A] -> 0x03B5
[555] [M]: 0x0000000080000898 (0x03B51593) slli a1, a0, 59
x11 <- 0xF800000000000000
mem[X,0x000000008000089C] -> 0xB423
mem[X,0x000000008000089E] -> 0x1CB2
[556] [M]: 0x000000008000089C (0x1CB2B423) sd a1, 456(t0)
mem[0x0000000080003378] <- 0xF800000000000000
mem[X,0x00000000800008A0] -> 0x0513
mem[X,0x00000000800008A2] -> 0xDFF0
[557] [M]: 0x00000000800008A0 (0xDFF00513) addi a0, zero, 3583
x10 <- 0xFFFFFFFFFFFFFDFF
mem[X,0x00000000800008A4] -> 0x1593
mem[X,0x00000000800008A6] -> 0x0125
[558] [M]: 0x00000000800008A4 (0x01251593) slli a1, a0, 18
x11 <- 0xFFFFFFFFF7FC0000
mem[X,0x00000000800008A8] -> 0xB823
mem[X,0x00000000800008AA] -> 0x1CB2
[559] [M]: 0x00000000800008A8 (0x1CB2B823) sd a1, 464(t0)
mem[0x0000000080003380] <- 0xFFFFFFFFF7FC0000
mem[X,0x00000000800008AC] -> 0x0513
mem[X,0x00000000800008AE] -> 0xBFF0
[560] [M]: 0x00000000800008AC (0xBFF00513) addi a0, zero, 3071
x10 <- 0xFFFFFFFFFFFFFBFF
mem[X,0x00000000800008B0] -> 0x1593
mem[X,0x00000000800008B2] -> 0x03E5
[561] [M]: 0x00000000800008B0 (0x03E51593) slli a1, a0, 62
x11 <- 0xC000000000000000
mem[X,0x00000000800008B4] -> 0xBC23
mem[X,0x00000000800008B6] -> 0x1CB2
[562] [M]: 0x00000000800008B4 (0x1CB2BC23) sd a1, 472(t0)
mem[0x0000000080003388] <- 0xC000000000000000
mem[X,0x00000000800008B8] -> 0x0513
mem[X,0x00000000800008BA] -> 0x0010
[563] [M]: 0x00000000800008B8 (0x00100513) addi a0, zero, 1
x10 <- 0x0000000000000001
mem[X,0x00000000800008BC] -> 0x1513
mem[X,0x00000000800008BE] -> 0x00B5
[564] [M]: 0x00000000800008BC (0x00B51513) slli a0, a0, 11
x10 <- 0x0000000000000800
mem[X,0x00000000800008C0] -> 0x4513
mem[X,0x00000000800008C2] -> 0xFFF5
[565] [M]: 0x00000000800008C0 (0xFFF54513) xori a0, a0, 4095
x10 <- 0xFFFFFFFFFFFFF7FF
mem[X,0x00000000800008C4] -> 0x1593
mem[X,0x00000000800008C6] -> 0x0015
[566] [M]: 0x00000000800008C4 (0x00151593) slli a1, a0, 1
x11 <- 0xFFFFFFFFFFFFEFFE
mem[X,0x00000000800008C8] -> 0xB023
mem[X,0x00000000800008CA] -> 0x1EB2
[567] [M]: 0x00000000800008C8 (0x1EB2B023) sd a1, 480(t0)
mem[0x0000000080003390] <- 0xFFFFFFFFFFFFEFFE
mem[X,0x00000000800008CC] -> 0x0513
mem[X,0x00000000800008CE] -> 0x0010
[568] [M]: 0x00000000800008CC (0x00100513) addi a0, zero, 1
x10 <- 0x0000000000000001
mem[X,0x00000000800008D0] -> 0x1513
mem[X,0x00000000800008D2] -> 0x00C5
[569] [M]: 0x00000000800008D0 (0x00C51513) slli a0, a0, 12
x10 <- 0x0000000000001000
mem[X,0x00000000800008D4] -> 0x4513
mem[X,0x00000000800008D6] -> 0xFFF5
[570] [M]: 0x00000000800008D4 (0xFFF54513) xori a0, a0, 4095
x10 <- 0xFFFFFFFFFFFFEFFF
mem[X,0x00000000800008D8] -> 0x1593
mem[X,0x00000000800008DA] -> 0x01F5
[571] [M]: 0x00000000800008D8 (0x01F51593) slli a1, a0, 31
x11 <- 0xFFFFF7FF80000000
mem[X,0x00000000800008DC] -> 0xB423
mem[X,0x00000000800008DE] -> 0x1EB2
[572] [M]: 0x00000000800008DC (0x1EB2B423) sd a1, 488(t0)
mem[0x0000000080003398] <- 0xFFFFF7FF80000000
mem[X,0x00000000800008E0] -> 0x0513
mem[X,0x00000000800008E2] -> 0x0010
[573] [M]: 0x00000000800008E0 (0x00100513) addi a0, zero, 1
x10 <- 0x0000000000000001
mem[X,0x00000000800008E4] -> 0x1513
mem[X,0x00000000800008E6] -> 0x00D5
[574] [M]: 0x00000000800008E4 (0x00D51513) slli a0, a0, 13
x10 <- 0x0000000000002000
mem[X,0x00000000800008E8] -> 0x4513
mem[X,0x00000000800008EA] -> 0xFFF5
[575] [M]: 0x00000000800008E8 (0xFFF54513) xori a0, a0, 4095
x10 <- 0xFFFFFFFFFFFFDFFF
mem[X,0x00000000800008EC] -> 0x1593
mem[X,0x00000000800008EE] -> 0x0025
[576] [M]: 0x00000000800008EC (0x00251593) slli a1, a0, 2
x11 <- 0xFFFFFFFFFFFF7FFC
mem[X,0x00000000800008F0] -> 0xB823
mem[X,0x00000000800008F2] -> 0x1EB2
[577] [M]: 0x00000000800008F0 (0x1EB2B823) sd a1, 496(t0)
mem[0x00000000800033A0] <- 0xFFFFFFFFFFFF7FFC
mem[X,0x00000000800008F4] -> 0x0513
mem[X,0x00000000800008F6] -> 0x0010
[578] [M]: 0x00000000800008F4 (0x00100513) addi a0, zero, 1
x10 <- 0x0000000000000001
mem[X,0x00000000800008F8] -> 0x1513
mem[X,0x00000000800008FA] -> 0x00E5
[579] [M]: 0x00000000800008F8 (0x00E51513) slli a0, a0, 14
x10 <- 0x0000000000004000
mem[X,0x00000000800008FC] -> 0x4513
mem[X,0x00000000800008FE] -> 0xFFF5
[580] [M]: 0x00000000800008FC (0xFFF54513) xori a0, a0, 4095
x10 <- 0xFFFFFFFFFFFFBFFF
mem[X,0x0000000080000900] -> 0x1593
mem[X,0x0000000080000902] -> 0x00C5
[581] [M]: 0x0000000080000900 (0x00C51593) slli a1, a0, 12
x11 <- 0xFFFFFFFFFBFFF000
mem[X,0x0000000080000904] -> 0xBC23
mem[X,0x0000000080000906] -> 0x1EB2
[582] [M]: 0x0000000080000904 (0x1EB2BC23) sd a1, 504(t0)
mem[0x00000000800033A8] <- 0xFFFFFFFFFBFFF000
mem[X,0x0000000080000908] -> 0x0513
mem[X,0x000000008000090A] -> 0x0010
[583] [M]: 0x0000000080000908 (0x00100513) addi a0, zero, 1
x10 <- 0x0000000000000001
mem[X,0x000000008000090C] -> 0x1513
mem[X,0x000000008000090E] -> 0x00F5
[584] [M]: 0x000000008000090C (0x00F51513) slli a0, a0, 15
x10 <- 0x0000000000008000
mem[X,0x0000000080000910] -> 0x4513
mem[X,0x0000000080000912] -> 0xFFF5
[585] [M]: 0x0000000080000910 (0xFFF54513) xori a0, a0, 4095
x10 <- 0xFFFFFFFFFFFF7FFF
mem[X,0x0000000080000914] -> 0x1593
mem[X,0x0000000080000916] -> 0x00D5
[586] [M]: 0x0000000080000914 (0x00D51593) slli a1, a0, 13
x11 <- 0xFFFFFFFFEFFFE000
mem[X,0x0000000080000918] -> 0xB023
mem[X,0x000000008000091A] -> 0x20B2
[587] [M]: 0x0000000080000918 (0x20B2B023) sd a1, 512(t0)
mem[0x00000000800033B0] <- 0xFFFFFFFFEFFFE000
mem[X,0x000000008000091C] -> 0x0513
mem[X,0x000000008000091E] -> 0x0010
[588] [M]: 0x000000008000091C (0x00100513) addi a0, zero, 1
x10 <- 0x0000000000000001
mem[X,0x0000000080000920] -> 0x1513
mem[X,0x0000000080000922] -> 0x0105
[589] [M]: 0x0000000080000920 (0x01051513) slli a0, a0, 16
x10 <- 0x0000000000010000
mem[X,0x0000000080000924] -> 0x4513
mem[X,0x0000000080000926] -> 0xFFF5
[590] [M]: 0x0000000080000924 (0xFFF54513) xori a0, a0, 4095
x10 <- 0xFFFFFFFFFFFEFFFF
mem[X,0x0000000080000928] -> 0x1593
mem[X,0x000000008000092A] -> 0x0025
[591] [M]: 0x0000000080000928 (0x00251593) slli a1, a0, 2
x11 <- 0xFFFFFFFFFFFBFFFC
mem[X,0x000000008000092C] -> 0xB423
mem[X,0x000000008000092E] -> 0x20B2
[592] [M]: 0x000000008000092C (0x20B2B423) sd a1, 520(t0)
mem[0x00000000800033B8] <- 0xFFFFFFFFFFFBFFFC
mem[X,0x0000000080000930] -> 0x0513
mem[X,0x0000000080000932] -> 0x0010
[593] [M]: 0x0000000080000930 (0x00100513) addi a0, zero, 1
x10 <- 0x0000000000000001
mem[X,0x0000000080000934] -> 0x1513
mem[X,0x0000000080000936] -> 0x0115
[594] [M]: 0x0000000080000934 (0x01151513) slli a0, a0, 17
x10 <- 0x0000000000020000
mem[X,0x0000000080000938] -> 0x4513
mem[X,0x000000008000093A] -> 0xFFF5
[595] [M]: 0x0000000080000938 (0xFFF54513) xori a0, a0, 4095
x10 <- 0xFFFFFFFFFFFDFFFF
mem[X,0x000000008000093C] -> 0x1593
mem[X,0x000000008000093E] -> 0x03D5
[596] [M]: 0x000000008000093C (0x03D51593) slli a1, a0, 61
x11 <- 0xE000000000000000
mem[X,0x0000000080000940] -> 0xB823
mem[X,0x0000000080000942] -> 0x20B2
[597] [M]: 0x0000000080000940 (0x20B2B823) sd a1, 528(t0)
mem[0x00000000800033C0] <- 0xE000000000000000
mem[X,0x0000000080000944] -> 0x0513
mem[X,0x0000000080000946] -> 0x0010
[598] [M]: 0x0000000080000944 (0x00100513) addi a0, zero, 1
x10 <- 0x0000000000000001
mem[X,0x0000000080000948] -> 0x1513
mem[X,0x000000008000094A] -> 0x0125
[599] [M]: 0x0000000080000948 (0x01251513) slli a0, a0, 18
x10 <- 0x0000000000040000
clint::tick mtime <- 0x0000000000000006
 clint timer pending at mtime 0x0000000000000006
htif::tick 0x0000000000000000
mem[X,0x000000008000094C] -> 0x4513
mem[X,0x000000008000094E] -> 0xFFF5
[600] [M]: 0x000000008000094C (0xFFF54513) xori a0, a0, 4095
x10 <- 0xFFFFFFFFFFFBFFFF
mem[X,0x0000000080000950] -> 0x1593
mem[X,0x0000000080000952] -> 0x03F5
[601] [M]: 0x0000000080000950 (0x03F51593) slli a1, a0, 63
x11 <- 0x8000000000000000
mem[X,0x0000000080000954] -> 0xBC23
mem[X,0x0000000080000956] -> 0x20B2
[602] [M]: 0x0000000080000954 (0x20B2BC23) sd a1, 536(t0)
mem[0x00000000800033C8] <- 0x8000000000000000
mem[X,0x0000000080000958] -> 0x0513
mem[X,0x000000008000095A] -> 0x0010
[603] [M]: 0x0000000080000958 (0x00100513) addi a0, zero, 1
x10 <- 0x0000000000000001
mem[X,0x000000008000095C] -> 0x1513
mem[X,0x000000008000095E] -> 0x0135
[604] [M]: 0x000000008000095C (0x01351513) slli a0, a0, 19
x10 <- 0x0000000000080000
mem[X,0x0000000080000960] -> 0x4513
mem[X,0x0000000080000962] -> 0xFFF5
[605] [M]: 0x0000000080000960 (0xFFF54513) xori a0, a0, 4095
x10 <- 0xFFFFFFFFFFF7FFFF
mem[X,0x0000000080000964] -> 0x1593
mem[X,0x0000000080000966] -> 0x00C5
[606] [M]: 0x0000000080000964 (0x00C51593) slli a1, a0, 12
x11 <- 0xFFFFFFFF7FFFF000
mem[X,0x0000000080000968] -> 0xB023
mem[X,0x000000008000096A] -> 0x22B2
[607] [M]: 0x0000000080000968 (0x22B2B023) sd a1, 544(t0)
mem[0x00000000800033D0] <- 0xFFFFFFFF7FFFF000
mem[X,0x000000008000096C] -> 0x0513
mem[X,0x000000008000096E] -> 0x0010
[608] [M]: 0x000000008000096C (0x00100513) addi a0, zero, 1
x10 <- 0x0000000000000001
mem[X,0x0000000080000970] -> 0x1513
mem[X,0x0000000080000972] -> 0x0145
[609] [M]: 0x0000000080000970 (0x01451513) slli a0, a0, 20
x10 <- 0x0000000000100000
mem[X,0x0000000080000974] -> 0x4513
mem[X,0x0000000080000976] -> 0xFFF5
[610] [M]: 0x0000000080000974 (0xFFF54513) xori a0, a0, 4095
x10 <- 0xFFFFFFFFFFEFFFFF
mem[X,0x0000000080000978] -> 0x1593
mem[X,0x000000008000097A] -> 0x00E5
[611] [M]: 0x0000000080000978 (0x00E51593) slli a1, a0, 14
x11 <- 0xFFFFFFFBFFFFC000
mem[X,0x000000008000097C] -> 0xB423
mem[X,0x000000008000097E] -> 0x22B2
[612] [M]: 0x000000008000097C (0x22B2B423) sd a1, 552(t0)
mem[0x00000000800033D8] <- 0xFFFFFFFBFFFFC000
mem[X,0x0000000080000980] -> 0x0513
mem[X,0x0000000080000982] -> 0x0010
[613] [M]: 0x0000000080000980 (0x00100513) addi a0, zero, 1
x10 <- 0x0000000000000001
mem[X,0x0000000080000984] -> 0x1513
mem[X,0x0000000080000986] -> 0x0155
[614] [M]: 0x0000000080000984 (0x01551513) slli a0, a0, 21
x10 <- 0x0000000000200000
mem[X,0x0000000080000988] -> 0x4513
mem[X,0x000000008000098A] -> 0xFFF5
[615] [M]: 0x0000000080000988 (0xFFF54513) xori a0, a0, 4095
x10 <- 0xFFFFFFFFFFDFFFFF
mem[X,0x000000008000098C] -> 0x1593
mem[X,0x000000008000098E] -> 0x03F5
[616] [M]: 0x000000008000098C (0x03F51593) slli a1, a0, 63
x11 <- 0x8000000000000000
mem[X,0x0000000080000990] -> 0xB823
mem[X,0x0000000080000992] -> 0x22B2
[617] [M]: 0x0000000080000990 (0x22B2B823) sd a1, 560(t0)
mem[0x00000000800033E0] <- 0x8000000000000000
mem[X,0x0000000080000994] -> 0x0513
mem[X,0x0000000080000996] -> 0x0010
[618] [M]: 0x0000000080000994 (0x00100513) addi a0, zero, 1
x10 <- 0x0000000000000001
mem[X,0x0000000080000998] -> 0x1513
mem[X,0x000000008000099A] -> 0x0355
[619] [M]: 0x0000000080000998 (0x03551513) slli a0, a0, 53
x10 <- 0x0020000000000000
mem[X,0x000000008000099C] -> 0x4513
mem[X,0x000000008000099E] -> 0xFFF5
[620] [M]: 0x000000008000099C (0xFFF54513) xori a0, a0, 4095
x10 <- 0xFFDFFFFFFFFFFFFF
mem[X,0x00000000800009A0] -> 0x1593
mem[X,0x00000000800009A2] -> 0x00F5
[621] [M]: 0x00000000800009A0 (0x00F51593) slli a1, a0, 15
x11 <- 0xFFFFFFFFFFFF8000
mem[X,0x00000000800009A4] -> 0xBC23
mem[X,0x00000000800009A6] -> 0x22B2
[622] [M]: 0x00000000800009A4 (0x22B2BC23) sd a1, 568(t0)
mem[0x00000000800033E8] <- 0xFFFFFFFFFFFF8000
mem[X,0x00000000800009A8] -> 0x0513
mem[X,0x00000000800009AA] -> 0x0010
[623] [M]: 0x00000000800009A8 (0x00100513) addi a0, zero, 1
x10 <- 0x0000000000000001
mem[X,0x00000000800009AC] -> 0x1513
mem[X,0x00000000800009AE] -> 0x0365
[624] [M]: 0x00000000800009AC (0x03651513) slli a0, a0, 54
x10 <- 0x0040000000000000
mem[X,0x00000000800009B0] -> 0x4513
mem[X,0x00000000800009B2] -> 0xFFF5
[625] [M]: 0x00000000800009B0 (0xFFF54513) xori a0, a0, 4095
x10 <- 0xFFBFFFFFFFFFFFFF
mem[X,0x00000000800009B4] -> 0x1593
mem[X,0x00000000800009B6] -> 0x03E5
[626] [M]: 0x00000000800009B4 (0x03E51593) slli a1, a0, 62
x11 <- 0xC000000000000000
mem[X,0x00000000800009B8] -> 0xB023
mem[X,0x00000000800009BA] -> 0x24B2
[627] [M]: 0x00000000800009B8 (0x24B2B023) sd a1, 576(t0)
mem[0x00000000800033F0] <- 0xC000000000000000
mem[X,0x00000000800009BC] -> 0x0513
mem[X,0x00000000800009BE] -> 0x0010
[628] [M]: 0x00000000800009BC (0x00100513) addi a0, zero, 1
x10 <- 0x0000000000000001
mem[X,0x00000000800009C0] -> 0x1513
mem[X,0x00000000800009C2] -> 0x0375
[629] [M]: 0x00000000800009C0 (0x03751513) slli a0, a0, 55
x10 <- 0x0080000000000000
mem[X,0x00000000800009C4] -> 0x4513
mem[X,0x00000000800009C6] -> 0xFFF5
[630] [M]: 0x00000000800009C4 (0xFFF54513) xori a0, a0, 4095
x10 <- 0xFF7FFFFFFFFFFFFF
mem[X,0x00000000800009C8] -> 0x1593
mem[X,0x00000000800009CA] -> 0x0035
[631] [M]: 0x00000000800009C8 (0x00351593) slli a1, a0, 3
x11 <- 0xFBFFFFFFFFFFFFF8
mem[X,0x00000000800009CC] -> 0xB423
mem[X,0x00000000800009CE] -> 0x24B2
[632] [M]: 0x00000000800009CC (0x24B2B423) sd a1, 584(t0)
mem[0x00000000800033F8] <- 0xFBFFFFFFFFFFFFF8
mem[X,0x00000000800009D0] -> 0x0513
mem[X,0x00000000800009D2] -> 0x0010
[633] [M]: 0x00000000800009D0 (0x00100513) addi a0, zero, 1
x10 <- 0x0000000000000001
mem[X,0x00000000800009D4] -> 0x1513
mem[X,0x00000000800009D6] -> 0x0385
[634] [M]: 0x00000000800009D4 (0x03851513) slli a0, a0, 56
x10 <- 0x0100000000000000
mem[X,0x00000000800009D8] -> 0x4513
mem[X,0x00000000800009DA] -> 0xFFF5
[635] [M]: 0x00000000800009D8 (0xFFF54513) xori a0, a0, 4095
x10 <- 0xFEFFFFFFFFFFFFFF
mem[X,0x00000000800009DC] -> 0x1593
mem[X,0x00000000800009DE] -> 0x00C5
[636] [M]: 0x00000000800009DC (0x00C51593) slli a1, a0, 12
x11 <- 0xFFFFFFFFFFFFF000
mem[X,0x00000000800009E0] -> 0xB823
mem[X,0x00000000800009E2] -> 0x24B2
[637] [M]: 0x00000000800009E0 (0x24B2B823) sd a1, 592(t0)
mem[0x0000000080003400] <- 0xFFFFFFFFFFFFF000
mem[X,0x00000000800009E4] -> 0x0513
mem[X,0x00000000800009E6] -> 0x0010
[638] [M]: 0x00000000800009E4 (0x00100513) addi a0, zero, 1
x10 <- 0x0000000000000001
mem[X,0x00000000800009E8] -> 0x1513
mem[X,0x00000000800009EA] -> 0x0395
[639] [M]: 0x00000000800009E8 (0x03951513) slli a0, a0, 57
x10 <- 0x0200000000000000
mem[X,0x00000000800009EC] -> 0x4513
mem[X,0x00000000800009EE] -> 0xFFF5
[640] [M]: 0x00000000800009EC (0xFFF54513) xori a0, a0, 4095
x10 <- 0xFDFFFFFFFFFFFFFF
mem[X,0x00000000800009F0] -> 0x1593
mem[X,0x00000000800009F2] -> 0x0005
[641] [M]: 0x00000000800009F0 (0x00051593) slli a1, a0, 0
x11 <- 0xFDFFFFFFFFFFFFFF
mem[X,0x00000000800009F4] -> 0xBC23
mem[X,0x00000000800009F6] -> 0x24B2
[642] [M]: 0x00000000800009F4 (0x24B2BC23) sd a1, 600(t0)
mem[0x0000000080003408] <- 0xFDFFFFFFFFFFFFFF
mem[X,0x00000000800009F8] -> 0x0513
mem[X,0x00000000800009FA] -> 0x0010
[643] [M]: 0x00000000800009F8 (0x00100513) addi a0, zero, 1
x10 <- 0x0000000000000001
mem[X,0x00000000800009FC] -> 0x1513
mem[X,0x00000000800009FE] -> 0x03A5
[644] [M]: 0x00000000800009FC (0x03A51513) slli a0, a0, 58
x10 <- 0x0400000000000000
mem[X,0x0000000080000A00] -> 0x4513
mem[X,0x0000000080000A02] -> 0xFFF5
[645] [M]: 0x0000000080000A00 (0xFFF54513) xori a0, a0, 4095
x10 <- 0xFBFFFFFFFFFFFFFF
mem[X,0x0000000080000A04] -> 0x1593
mem[X,0x0000000080000A06] -> 0x0035
[646] [M]: 0x0000000080000A04 (0x00351593) slli a1, a0, 3
x11 <- 0xDFFFFFFFFFFFFFF8
mem[X,0x0000000080000A08] -> 0xB023
mem[X,0x0000000080000A0A] -> 0x26B2
[647] [M]: 0x0000000080000A08 (0x26B2B023) sd a1, 608(t0)
mem[0x0000000080003410] <- 0xDFFFFFFFFFFFFFF8
mem[X,0x0000000080000A0C] -> 0x0513
mem[X,0x0000000080000A0E] -> 0x0010
[648] [M]: 0x0000000080000A0C (0x00100513) addi a0, zero, 1
x10 <- 0x0000000000000001
mem[X,0x0000000080000A10] -> 0x1513
mem[X,0x0000000080000A12] -> 0x03B5
[649] [M]: 0x0000000080000A10 (0x03B51513) slli a0, a0, 59
x10 <- 0x0800000000000000
mem[X,0x0000000080000A14] -> 0x4513
mem[X,0x0000000080000A16] -> 0xFFF5
[650] [M]: 0x0000000080000A14 (0xFFF54513) xori a0, a0, 4095
x10 <- 0xF7FFFFFFFFFFFFFF
mem[X,0x0000000080000A18] -> 0x1593
mem[X,0x0000000080000A1A] -> 0x0025
[651] [M]: 0x0000000080000A18 (0x00251593) slli a1, a0, 2
x11 <- 0xDFFFFFFFFFFFFFFC
mem[X,0x0000000080000A1C] -> 0xB423
mem[X,0x0000000080000A1E] -> 0x26B2
[652] [M]: 0x0000000080000A1C (0x26B2B423) sd a1, 616(t0)
mem[0x0000000080003418] <- 0xDFFFFFFFFFFFFFFC
mem[X,0x0000000080000A20] -> 0x0513
mem[X,0x0000000080000A22] -> 0x0010
[653] [M]: 0x0000000080000A20 (0x00100513) addi a0, zero, 1
x10 <- 0x0000000000000001
mem[X,0x0000000080000A24] -> 0x1513
mem[X,0x0000000080000A26] -> 0x03C5
[654] [M]: 0x0000000080000A24 (0x03C51513) slli a0, a0, 60
x10 <- 0x1000000000000000
mem[X,0x0000000080000A28] -> 0x4513
mem[X,0x0000000080000A2A] -> 0xFFF5
[655] [M]: 0x0000000080000A28 (0xFFF54513) xori a0, a0, 4095
x10 <- 0xEFFFFFFFFFFFFFFF
mem[X,0x0000000080000A2C] -> 0x1593
mem[X,0x0000000080000A2E] -> 0x0045
[656] [M]: 0x0000000080000A2C (0x00451593) slli a1, a0, 4
x11 <- 0xFFFFFFFFFFFFFFF0
mem[X,0x0000000080000A30] -> 0xB823
mem[X,0x0000000080000A32] -> 0x26B2
[657] [M]: 0x0000000080000A30 (0x26B2B823) sd a1, 624(t0)
mem[0x0000000080003420] <- 0xFFFFFFFFFFFFFFF0
mem[X,0x0000000080000A34] -> 0x0513
mem[X,0x0000000080000A36] -> 0x0010
[658] [M]: 0x0000000080000A34 (0x00100513) addi a0, zero, 1
x10 <- 0x0000000000000001
mem[X,0x0000000080000A38] -> 0x1513
mem[X,0x0000000080000A3A] -> 0x03D5
[659] [M]: 0x0000000080000A38 (0x03D51513) slli a0, a0, 61
x10 <- 0x2000000000000000
mem[X,0x0000000080000A3C] -> 0x4513
mem[X,0x0000000080000A3E] -> 0xFFF5
[660] [M]: 0x0000000080000A3C (0xFFF54513) xori a0, a0, 4095
x10 <- 0xDFFFFFFFFFFFFFFF
mem[X,0x0000000080000A40] -> 0x1593
mem[X,0x0000000080000A42] -> 0x0105
[661] [M]: 0x0000000080000A40 (0x01051593) slli a1, a0, 16
x11 <- 0xFFFFFFFFFFFF0000
mem[X,0x0000000080000A44] -> 0xBC23
mem[X,0x0000000080000A46] -> 0x26B2
[662] [M]: 0x0000000080000A44 (0x26B2BC23) sd a1, 632(t0)
mem[0x0000000080003428] <- 0xFFFFFFFFFFFF0000
mem[X,0x0000000080000A48] -> 0x0513
mem[X,0x0000000080000A4A] -> 0x0010
[663] [M]: 0x0000000080000A48 (0x00100513) addi a0, zero, 1
x10 <- 0x0000000000000001
mem[X,0x0000000080000A4C] -> 0x1513
mem[X,0x0000000080000A4E] -> 0x03E5
[664] [M]: 0x0000000080000A4C (0x03E51513) slli a0, a0, 62
x10 <- 0x4000000000000000
mem[X,0x0000000080000A50] -> 0x4513
mem[X,0x0000000080000A52] -> 0xFFF5
[665] [M]: 0x0000000080000A50 (0xFFF54513) xori a0, a0, 4095
x10 <- 0xBFFFFFFFFFFFFFFF
mem[X,0x0000000080000A54] -> 0x1593
mem[X,0x0000000080000A56] -> 0x03E5
[666] [M]: 0x0000000080000A54 (0x03E51593) slli a1, a0, 62
x11 <- 0xC000000000000000
mem[X,0x0000000080000A58] -> 0xB023
mem[X,0x0000000080000A5A] -> 0x28B2
[667] [M]: 0x0000000080000A58 (0x28B2B023) sd a1, 640(t0)
mem[0x0000000080003430] <- 0xC000000000000000
mem[X,0x0000000080000A5C] -> 0x5537
mem[X,0x0000000080000A5E] -> 0x5555
[668] [M]: 0x0000000080000A5C (0x55555537) lui a0, 349525
x10 <- 0x0000000055555000
mem[X,0x0000000080000A60] -> 0x0513
mem[X,0x0000000080000A62] -> 0x5555
[669] [M]: 0x0000000080000A60 (0x55550513) addi a0, a0, 1365
x10 <- 0x0000000055555555
mem[X,0x0000000080000A64] -> 0x1513
mem[X,0x0000000080000A66] -> 0x00B5
[670] [M]: 0x0000000080000A64 (0x00B51513) slli a0, a0, 11
x10 <- 0x000002AAAAAAA800
mem[X,0x0000000080000A68] -> 0x0513
mem[X,0x0000000080000A6A] -> 0x2AA5
[671] [M]: 0x0000000080000A68 (0x2AA50513) addi a0, a0, 682
x10 <- 0x000002AAAAAAAAAA
mem[X,0x0000000080000A6C] -> 0x1513
mem[X,0x0000000080000A6E] -> 0x00B5
[672] [M]: 0x0000000080000A6C (0x00B51513) slli a0, a0, 11
x10 <- 0x0015555555555000
mem[X,0x0000000080000A70] -> 0x0513
mem[X,0x0000000080000A72] -> 0x5555
[673] [M]: 0x0000000080000A70 (0x55550513) addi a0, a0, 1365
x10 <- 0x0015555555555555
mem[X,0x0000000080000A74] -> 0x1513
mem[X,0x0000000080000A76] -> 0x00A5
[674] [M]: 0x0000000080000A74 (0x00A51513) slli a0, a0, 10
x10 <- 0x5555555555555400
mem[X,0x0000000080000A78] -> 0x0513
mem[X,0x0000000080000A7A] -> 0x1555
[675] [M]: 0x0000000080000A78 (0x15550513) addi a0, a0, 341
x10 <- 0x5555555555555555
mem[X,0x0000000080000A7C] -> 0x1593
mem[X,0x0000000080000A7E] -> 0x0025
[676] [M]: 0x0000000080000A7C (0x00251593) slli a1, a0, 2
x11 <- 0x5555555555555554
mem[X,0x0000000080000A80] -> 0xB423
mem[X,0x0000000080000A82] -> 0x28B2
[677] [M]: 0x0000000080000A80 (0x28B2B423) sd a1, 648(t0)
mem[0x0000000080003438] <- 0x5555555555555554
mem[X,0x0000000080000A84] -> 0xB537
mem[X,0x0000000080000A86] -> 0xAAAA
[678] [M]: 0x0000000080000A84 (0xAAAAB537) lui a0, 699051
x10 <- 0xFFFFFFFFAAAAB000
mem[X,0x0000000080000A88] -> 0x0513
mem[X,0x0000000080000A8A] -> 0xAAA5
[679] [M]: 0x0000000080000A88 (0xAAA50513) addi a0, a0, 2730
x10 <- 0xFFFFFFFFAAAAAAAA
mem[X,0x0000000080000A8C] -> 0x1513
mem[X,0x0000000080000A8E] -> 0x00B5
[680] [M]: 0x0000000080000A8C (0x00B51513) slli a0, a0, 11
x10 <- 0xFFFFFD5555555000
mem[X,0x0000000080000A90] -> 0x0513
mem[X,0x0000000080000A92] -> 0x5555
[681] [M]: 0x0000000080000A90 (0x55550513) addi a0, a0, 1365
x10 <- 0xFFFFFD5555555555
mem[X,0x0000000080000A94] -> 0x1513
mem[X,0x0000000080000A96] -> 0x00B5
[682] [M]: 0x0000000080000A94 (0x00B51513) slli a0, a0, 11
x10 <- 0xFFEAAAAAAAAAA800
mem[X,0x0000000080000A98] -> 0x0513
mem[X,0x0000000080000A9A] -> 0x2AA5
[683] [M]: 0x0000000080000A98 (0x2AA50513) addi a0, a0, 682
x10 <- 0xFFEAAAAAAAAAAAAA
mem[X,0x0000000080000A9C] -> 0x1513
mem[X,0x0000000080000A9E] -> 0x00A5
[684] [M]: 0x0000000080000A9C (0x00A51513) slli a0, a0, 10
x10 <- 0xAAAAAAAAAAAAA800
mem[X,0x0000000080000AA0] -> 0x0513
mem[X,0x0000000080000AA2] -> 0x2AA5
[685] [M]: 0x0000000080000AA0 (0x2AA50513) addi a0, a0, 682
x10 <- 0xAAAAAAAAAAAAAAAA
mem[X,0x0000000080000AA4] -> 0x1593
mem[X,0x0000000080000AA6] -> 0x0025
[686] [M]: 0x0000000080000AA4 (0x00251593) slli a1, a0, 2
x11 <- 0xAAAAAAAAAAAAAAA8
mem[X,0x0000000080000AA8] -> 0xB823
mem[X,0x0000000080000AAA] -> 0x28B2
[687] [M]: 0x0000000080000AA8 (0x28B2B823) sd a1, 656(t0)
mem[0x0000000080003440] <- 0xAAAAAAAAAAAAAAA8
mem[X,0x0000000080000AAC] -> 0x0513
mem[X,0x0000000080000AAE] -> 0x0030
[688] [M]: 0x0000000080000AAC (0x00300513) addi a0, zero, 3
x10 <- 0x0000000000000003
mem[X,0x0000000080000AB0] -> 0x1593
mem[X,0x0000000080000AB2] -> 0x0105
[689] [M]: 0x0000000080000AB0 (0x01051593) slli a1, a0, 16
x11 <- 0x0000000000030000
mem[X,0x0000000080000AB4] -> 0xBC23
mem[X,0x0000000080000AB6] -> 0x28B2
[690] [M]: 0x0000000080000AB4 (0x28B2BC23) sd a1, 664(t0)
mem[0x0000000080003448] <- 0x0000000000030000
mem[X,0x0000000080000AB8] -> 0x0513
mem[X,0x0000000080000ABA] -> 0x0050
[691] [M]: 0x0000000080000AB8 (0x00500513) addi a0, zero, 5
x10 <- 0x0000000000000005
mem[X,0x0000000080000ABC] -> 0x1593
mem[X,0x0000000080000ABE] -> 0x03B5
[692] [M]: 0x0000000080000ABC (0x03B51593) slli a1, a0, 59
x11 <- 0x2800000000000000
mem[X,0x0000000080000AC0] -> 0xB023
mem[X,0x0000000080000AC2] -> 0x2AB2
[693] [M]: 0x0000000080000AC0 (0x2AB2B023) sd a1, 672(t0)
mem[0x0000000080003450] <- 0x2800000000000000
mem[X,0x0000000080000AC4] -> 0x3537
mem[X,0x0000000080000AC6] -> 0x3333
[694] [M]: 0x0000000080000AC4 (0x33333537) lui a0, 209715
x10 <- 0x0000000033333000
mem[X,0x0000000080000AC8] -> 0x0513
mem[X,0x0000000080000ACA] -> 0x3335
[695] [M]: 0x0000000080000AC8 (0x33350513) addi a0, a0, 819
x10 <- 0x0000000033333333
mem[X,0x0000000080000ACC] -> 0x1513
mem[X,0x0000000080000ACE] -> 0x00B5
[696] [M]: 0x0000000080000ACC (0x00B51513) slli a0, a0, 11
x10 <- 0x0000019999999800
mem[X,0x0000000080000AD0] -> 0x0513
mem[X,0x0000000080000AD2] -> 0x1995
[697] [M]: 0x0000000080000AD0 (0x19950513) addi a0, a0, 409
x10 <- 0x0000019999999999
mem[X,0x0000000080000AD4] -> 0x1513
mem[X,0x0000000080000AD6] -> 0x00B5
[698] [M]: 0x0000000080000AD4 (0x00B51513) slli a0, a0, 11
x10 <- 0x000CCCCCCCCCC800
mem[X,0x0000000080000AD8] -> 0x0513
mem[X,0x0000000080000ADA] -> 0x4CC5
[699] [M]: 0x0000000080000AD8 (0x4CC50513) addi a0, a0, 1228
x10 <- 0x000CCCCCCCCCCCCC
clint::tick mtime <- 0x0000000000000007
 clint timer pending at mtime 0x0000000000000007
htif::tick 0x0000000000000000
mem[X,0x0000000080000ADC] -> 0x1513
mem[X,0x0000000080000ADE] -> 0x00A5
[700] [M]: 0x0000000080000ADC (0x00A51513) slli a0, a0, 10
x10 <- 0x3333333333333000
mem[X,0x0000000080000AE0] -> 0x0513
mem[X,0x0000000080000AE2] -> 0x3335
[701] [M]: 0x0000000080000AE0 (0x33350513) addi a0, a0, 819
x10 <- 0x3333333333333333
mem[X,0x0000000080000AE4] -> 0x1593
mem[X,0x0000000080000AE6] -> 0x02A5
[702] [M]: 0x0000000080000AE4 (0x02A51593) slli a1, a0, 42
x11 <- 0xCCCCCC0000000000
mem[X,0x0000000080000AE8] -> 0xB423
mem[X,0x0000000080000AEA] -> 0x2AB2
[703] [M]: 0x0000000080000AE8 (0x2AB2B423) sd a1, 680(t0)
mem[0x0000000080003458] <- 0xCCCCCC0000000000
mem[X,0x0000000080000AEC] -> 0x6537
mem[X,0x0000000080000AEE] -> 0x6666
[704] [M]: 0x0000000080000AEC (0x66666537) lui a0, 419430
x10 <- 0x0000000066666000
mem[X,0x0000000080000AF0] -> 0x0513
mem[X,0x0000000080000AF2] -> 0x6665
[705] [M]: 0x0000000080000AF0 (0x66650513) addi a0, a0, 1638
x10 <- 0x0000000066666666
mem[X,0x0000000080000AF4] -> 0x1513
mem[X,0x0000000080000AF6] -> 0x00B5
[706] [M]: 0x0000000080000AF4 (0x00B51513) slli a0, a0, 11
x10 <- 0x0000033333333000
mem[X,0x0000000080000AF8] -> 0x0513
mem[X,0x0000000080000AFA] -> 0x3335
[707] [M]: 0x0000000080000AF8 (0x33350513) addi a0, a0, 819
x10 <- 0x0000033333333333
mem[X,0x0000000080000AFC] -> 0x1513
mem[X,0x0000000080000AFE] -> 0x00B5
[708] [M]: 0x0000000080000AFC (0x00B51513) slli a0, a0, 11
x10 <- 0x0019999999999800
mem[X,0x0000000080000B00] -> 0x0513
mem[X,0x0000000080000B02] -> 0x1995
[709] [M]: 0x0000000080000B00 (0x19950513) addi a0, a0, 409
x10 <- 0x0019999999999999
mem[X,0x0000000080000B04] -> 0x1513
mem[X,0x0000000080000B06] -> 0x00A5
[710] [M]: 0x0000000080000B04 (0x00A51513) slli a0, a0, 10
x10 <- 0x6666666666666400
mem[X,0x0000000080000B08] -> 0x0513
mem[X,0x0000000080000B0A] -> 0x2665
[711] [M]: 0x0000000080000B08 (0x26650513) addi a0, a0, 614
x10 <- 0x6666666666666666
mem[X,0x0000000080000B0C] -> 0x1593
mem[X,0x0000000080000B0E] -> 0x00A5
[712] [M]: 0x0000000080000B0C (0x00A51593) slli a1, a0, 10
x11 <- 0x9999999999999800
mem[X,0x0000000080000B10] -> 0xB823
mem[X,0x0000000080000B12] -> 0x2AB2
[713] [M]: 0x0000000080000B10 (0x2AB2B823) sd a1, 688(t0)
mem[0x0000000080003460] <- 0x9999999999999800
mem[X,0x0000000080000B14] -> 0x0537
mem[X,0x0000000080000B16] -> 0x0000
[714] [M]: 0x0000000080000B14 (0x00000537) lui a0, 0
x10 <- 0x0000000000000000
mem[X,0x0000000080000B18] -> 0x0513
mem[X,0x0000000080000B1A] -> 0xFFF5
[715] [M]: 0x0000000080000B18 (0xFFF50513) addi a0, a0, 4095
x10 <- 0xFFFFFFFFFFFFFFFF
mem[X,0x0000000080000B1C] -> 0x1513
mem[X,0x0000000080000B1E] -> 0x00B5
[716] [M]: 0x0000000080000B1C (0x00B51513) slli a0, a0, 11
x10 <- 0xFFFFFFFFFFFFF800
mem[X,0x0000000080000B20] -> 0x0513
mem[X,0x0000000080000B22] -> 0x2575
[717] [M]: 0x0000000080000B20 (0x25750513) addi a0, a0, 599
x10 <- 0xFFFFFFFFFFFFFA57
mem[X,0x0000000080000B24] -> 0x1513
mem[X,0x0000000080000B26] -> 0x00B5
[718] [M]: 0x0000000080000B24 (0x00B51513) slli a0, a0, 11
x10 <- 0xFFFFFFFFFFD2B800
mem[X,0x0000000080000B28] -> 0x0513
mem[X,0x0000000080000B2A] -> 0x6C35
[719] [M]: 0x0000000080000B28 (0x6C350513) addi a0, a0, 1731
x10 <- 0xFFFFFFFFFFD2BEC3
mem[X,0x0000000080000B2C] -> 0x1513
mem[X,0x0000000080000B2E] -> 0x00A5
[720] [M]: 0x0000000080000B2C (0x00A51513) slli a0, a0, 10
x10 <- 0xFFFFFFFF4AFB0C00
mem[X,0x0000000080000B30] -> 0x0513
mem[X,0x0000000080000B32] -> 0x0CD5
[721] [M]: 0x0000000080000B30 (0x0CD50513) addi a0, a0, 205
x10 <- 0xFFFFFFFF4AFB0CCD
mem[X,0x0000000080000B34] -> 0x1593
mem[X,0x0000000080000B36] -> 0x03B5
[722] [M]: 0x0000000080000B34 (0x03B51593) slli a1, a0, 59
x11 <- 0x6800000000000000
mem[X,0x0000000080000B38] -> 0xBC23
mem[X,0x0000000080000B3A] -> 0x2AB2
[723] [M]: 0x0000000080000B38 (0x2AB2BC23) sd a1, 696(t0)
mem[0x0000000080003468] <- 0x6800000000000000
mem[X,0x0000000080000B3C] -> 0x0537
mem[X,0x0000000080000B3E] -> 0x0000
[724] [M]: 0x0000000080000B3C (0x00000537) lui a0, 0
x10 <- 0x0000000000000000
mem[X,0x0000000080000B40] -> 0x0513
mem[X,0x0000000080000B42] -> 0x0005
[725] [M]: 0x0000000080000B40 (0x00050513) addi a0, a0, 0
x10 <- 0x0000000000000000
mem[X,0x0000000080000B44] -> 0x1513
mem[X,0x0000000080000B46] -> 0x00B5
[726] [M]: 0x0000000080000B44 (0x00B51513) slli a0, a0, 11
x10 <- 0x0000000000000000
mem[X,0x0000000080000B48] -> 0x0513
mem[X,0x0000000080000B4A] -> 0x5A85
[727] [M]: 0x0000000080000B48 (0x5A850513) addi a0, a0, 1448
x10 <- 0x00000000000005A8
mem[X,0x0000000080000B4C] -> 0x1513
mem[X,0x0000000080000B4E] -> 0x00B5
[728] [M]: 0x0000000080000B4C (0x00B51513) slli a0, a0, 11
x10 <- 0x00000000002D4000
mem[X,0x0000000080000B50] -> 0x0513
mem[X,0x0000000080000B52] -> 0x13C5
[729] [M]: 0x0000000080000B50 (0x13C50513) addi a0, a0, 316
x10 <- 0x00000000002D413C
mem[X,0x0000000080000B54] -> 0x1513
mem[X,0x0000000080000B56] -> 0x00A5
[730] [M]: 0x0000000080000B54 (0x00A51513) slli a0, a0, 10
x10 <- 0x00000000B504F000
mem[X,0x0000000080000B58] -> 0x0513
mem[X,0x0000000080000B5A] -> 0x3335
[731] [M]: 0x0000000080000B58 (0x33350513) addi a0, a0, 819
x10 <- 0x00000000B504F333
mem[X,0x0000000080000B5C] -> 0x1593
mem[X,0x0000000080000B5E] -> 0x0095
[732] [M]: 0x0000000080000B5C (0x00951593) slli a1, a0, 9
x11 <- 0x0000016A09E66600
mem[X,0x0000000080000B60] -> 0xB023
mem[X,0x0000000080000B62] -> 0x2CB2
[733] [M]: 0x0000000080000B60 (0x2CB2B023) sd a1, 704(t0)
mem[0x0000000080003470] <- 0x0000016A09E66600
mem[X,0x0000000080000B64] -> 0x5537
mem[X,0x0000000080000B66] -> 0x5555
[734] [M]: 0x0000000080000B64 (0x55555537) lui a0, 349525
x10 <- 0x0000000055555000
mem[X,0x0000000080000B68] -> 0x0513
mem[X,0x0000000080000B6A] -> 0x5555
[735] [M]: 0x0000000080000B68 (0x55550513) addi a0, a0, 1365
x10 <- 0x0000000055555555
mem[X,0x0000000080000B6C] -> 0x1513
mem[X,0x0000000080000B6E] -> 0x00B5
[736] [M]: 0x0000000080000B6C (0x00B51513) slli a0, a0, 11
x10 <- 0x000002AAAAAAA800
mem[X,0x0000000080000B70] -> 0x0513
mem[X,0x0000000080000B72] -> 0x2AA5
[737] [M]: 0x0000000080000B70 (0x2AA50513) addi a0, a0, 682
x10 <- 0x000002AAAAAAAAAA
mem[X,0x0000000080000B74] -> 0x1513
mem[X,0x0000000080000B76] -> 0x00B5
[738] [M]: 0x0000000080000B74 (0x00B51513) slli a0, a0, 11
x10 <- 0x0015555555555000
mem[X,0x0000000080000B78] -> 0x0513
mem[X,0x0000000080000B7A] -> 0x5555
[739] [M]: 0x0000000080000B78 (0x55550513) addi a0, a0, 1365
x10 <- 0x0015555555555555
mem[X,0x0000000080000B7C] -> 0x1513
mem[X,0x0000000080000B7E] -> 0x00A5
[740] [M]: 0x0000000080000B7C (0x00A51513) slli a0, a0, 10
x10 <- 0x5555555555555400
mem[X,0x0000000080000B80] -> 0x0513
mem[X,0x0000000080000B82] -> 0x1545
[741] [M]: 0x0000000080000B80 (0x15450513) addi a0, a0, 340
x10 <- 0x5555555555555554
mem[X,0x0000000080000B84] -> 0x1593
mem[X,0x0000000080000B86] -> 0x0105
[742] [M]: 0x0000000080000B84 (0x01051593) slli a1, a0, 16
x11 <- 0x5555555555540000
mem[X,0x0000000080000B88] -> 0xB423
mem[X,0x0000000080000B8A] -> 0x2CB2
[743] [M]: 0x0000000080000B88 (0x2CB2B423) sd a1, 712(t0)
mem[0x0000000080003478] <- 0x5555555555540000
mem[X,0x0000000080000B8C] -> 0x3537
mem[X,0x0000000080000B8E] -> 0x3333
[744] [M]: 0x0000000080000B8C (0x33333537) lui a0, 209715
x10 <- 0x0000000033333000
mem[X,0x0000000080000B90] -> 0x0513
mem[X,0x0000000080000B92] -> 0x3335
[745] [M]: 0x0000000080000B90 (0x33350513) addi a0, a0, 819
x10 <- 0x0000000033333333
mem[X,0x0000000080000B94] -> 0x1513
mem[X,0x0000000080000B96] -> 0x00B5
[746] [M]: 0x0000000080000B94 (0x00B51513) slli a0, a0, 11
x10 <- 0x0000019999999800
mem[X,0x0000000080000B98] -> 0x0513
mem[X,0x0000000080000B9A] -> 0x1995
[747] [M]: 0x0000000080000B98 (0x19950513) addi a0, a0, 409
x10 <- 0x0000019999999999
mem[X,0x0000000080000B9C] -> 0x1513
mem[X,0x0000000080000B9E] -> 0x00B5
[748] [M]: 0x0000000080000B9C (0x00B51513) slli a0, a0, 11
x10 <- 0x000CCCCCCCCCC800
mem[X,0x0000000080000BA0] -> 0x0513
mem[X,0x0000000080000BA2] -> 0x4CC5
[749] [M]: 0x0000000080000BA0 (0x4CC50513) addi a0, a0, 1228
x10 <- 0x000CCCCCCCCCCCCC
mem[X,0x0000000080000BA4] -> 0x1513
mem[X,0x0000000080000BA6] -> 0x00A5
[750] [M]: 0x0000000080000BA4 (0x00A51513) slli a0, a0, 10
x10 <- 0x3333333333333000
mem[X,0x0000000080000BA8] -> 0x0513
mem[X,0x0000000080000BAA] -> 0x3325
[751] [M]: 0x0000000080000BA8 (0x33250513) addi a0, a0, 818
x10 <- 0x3333333333333332
mem[X,0x0000000080000BAC] -> 0x1593
mem[X,0x0000000080000BAE] -> 0x0375
[752] [M]: 0x0000000080000BAC (0x03751593) slli a1, a0, 55
x11 <- 0x9900000000000000
mem[X,0x0000000080000BB0] -> 0xB823
mem[X,0x0000000080000BB2] -> 0x2CB2
[753] [M]: 0x0000000080000BB0 (0x2CB2B823) sd a1, 720(t0)
mem[0x0000000080003480] <- 0x9900000000000000
mem[X,0x0000000080000BB4] -> 0x6537
mem[X,0x0000000080000BB6] -> 0x6666
[754] [M]: 0x0000000080000BB4 (0x66666537) lui a0, 419430
x10 <- 0x0000000066666000
mem[X,0x0000000080000BB8] -> 0x0513
mem[X,0x0000000080000BBA] -> 0x6665
[755] [M]: 0x0000000080000BB8 (0x66650513) addi a0, a0, 1638
x10 <- 0x0000000066666666
mem[X,0x0000000080000BBC] -> 0x1513
mem[X,0x0000000080000BBE] -> 0x00B5
[756] [M]: 0x0000000080000BBC (0x00B51513) slli a0, a0, 11
x10 <- 0x0000033333333000
mem[X,0x0000000080000BC0] -> 0x0513
mem[X,0x0000000080000BC2] -> 0x3335
[757] [M]: 0x0000000080000BC0 (0x33350513) addi a0, a0, 819
x10 <- 0x0000033333333333
mem[X,0x0000000080000BC4] -> 0x1513
mem[X,0x0000000080000BC6] -> 0x00B5
[758] [M]: 0x0000000080000BC4 (0x00B51513) slli a0, a0, 11
x10 <- 0x0019999999999800
mem[X,0x0000000080000BC8] -> 0x0513
mem[X,0x0000000080000BCA] -> 0x1995
[759] [M]: 0x0000000080000BC8 (0x19950513) addi a0, a0, 409
x10 <- 0x0019999999999999
mem[X,0x0000000080000BCC] -> 0x1513
mem[X,0x0000000080000BCE] -> 0x00A5
[760] [M]: 0x0000000080000BCC (0x00A51513) slli a0, a0, 10
x10 <- 0x6666666666666400
mem[X,0x0000000080000BD0] -> 0x0513
mem[X,0x0000000080000BD2] -> 0x2655
[761] [M]: 0x0000000080000BD0 (0x26550513) addi a0, a0, 613
x10 <- 0x6666666666666665
mem[X,0x0000000080000BD4] -> 0x1593
mem[X,0x0000000080000BD6] -> 0x03E5
[762] [M]: 0x0000000080000BD4 (0x03E51593) slli a1, a0, 62
x11 <- 0x4000000000000000
mem[X,0x0000000080000BD8] -> 0xBC23
mem[X,0x0000000080000BDA] -> 0x2CB2
[763] [M]: 0x0000000080000BD8 (0x2CB2BC23) sd a1, 728(t0)
mem[0x0000000080003488] <- 0x4000000000000000
mem[X,0x0000000080000BDC] -> 0x0537
mem[X,0x0000000080000BDE] -> 0x0000
[764] [M]: 0x0000000080000BDC (0x00000537) lui a0, 0
x10 <- 0x0000000000000000
mem[X,0x0000000080000BE0] -> 0x0513
mem[X,0x0000000080000BE2] -> 0x0005
[765] [M]: 0x0000000080000BE0 (0x00050513) addi a0, a0, 0
x10 <- 0x0000000000000000
mem[X,0x0000000080000BE4] -> 0x1513
mem[X,0x0000000080000BE6] -> 0x00B5
[766] [M]: 0x0000000080000BE4 (0x00B51513) slli a0, a0, 11
x10 <- 0x0000000000000000
mem[X,0x0000000080000BE8] -> 0x0513
mem[X,0x0000000080000BEA] -> 0x5A85
[767] [M]: 0x0000000080000BE8 (0x5A850513) addi a0, a0, 1448
x10 <- 0x00000000000005A8
mem[X,0x0000000080000BEC] -> 0x1513
mem[X,0x0000000080000BEE] -> 0x00B5
[768] [M]: 0x0000000080000BEC (0x00B51513) slli a0, a0, 11
x10 <- 0x00000000002D4000
mem[X,0x0000000080000BF0] -> 0x0513
mem[X,0x0000000080000BF2] -> 0x13C5
[769] [M]: 0x0000000080000BF0 (0x13C50513) addi a0, a0, 316
x10 <- 0x00000000002D413C
mem[X,0x0000000080000BF4] -> 0x1513
mem[X,0x0000000080000BF6] -> 0x00A5
[770] [M]: 0x0000000080000BF4 (0x00A51513) slli a0, a0, 10
x10 <- 0x00000000B504F000
mem[X,0x0000000080000BF8] -> 0x0513
mem[X,0x0000000080000BFA] -> 0x3325
[771] [M]: 0x0000000080000BF8 (0x33250513) addi a0, a0, 818
x10 <- 0x00000000B504F332
mem[X,0x0000000080000BFC] -> 0x1593
mem[X,0x0000000080000BFE] -> 0x0135
[772] [M]: 0x0000000080000BFC (0x01351593) slli a1, a0, 19
x11 <- 0x0005A82799900000
mem[X,0x0000000080000C00] -> 0xB023
mem[X,0x0000000080000C02] -> 0x2EB2
[773] [M]: 0x0000000080000C00 (0x2EB2B023) sd a1, 736(t0)
mem[0x0000000080003490] <- 0x0005A82799900000
mem[X,0x0000000080000C04] -> 0x5537
mem[X,0x0000000080000C06] -> 0x5555
[774] [M]: 0x0000000080000C04 (0x55555537) lui a0, 349525
x10 <- 0x0000000055555000
mem[X,0x0000000080000C08] -> 0x0513
mem[X,0x0000000080000C0A] -> 0x5555
[775] [M]: 0x0000000080000C08 (0x55550513) addi a0, a0, 1365
x10 <- 0x0000000055555555
mem[X,0x0000000080000C0C] -> 0x1513
mem[X,0x0000000080000C0E] -> 0x00B5
[776] [M]: 0x0000000080000C0C (0x00B51513) slli a0, a0, 11
x10 <- 0x000002AAAAAAA800
mem[X,0x0000000080000C10] -> 0x0513
mem[X,0x0000000080000C12] -> 0x2AA5
[777] [M]: 0x0000000080000C10 (0x2AA50513) addi a0, a0, 682
x10 <- 0x000002AAAAAAAAAA
mem[X,0x0000000080000C14] -> 0x1513
mem[X,0x0000000080000C16] -> 0x00B5
[778] [M]: 0x0000000080000C14 (0x00B51513) slli a0, a0, 11
x10 <- 0x0015555555555000
mem[X,0x0000000080000C18] -> 0x0513
mem[X,0x0000000080000C1A] -> 0x5555
[779] [M]: 0x0000000080000C18 (0x55550513) addi a0, a0, 1365
x10 <- 0x0015555555555555
mem[X,0x0000000080000C1C] -> 0x1513
mem[X,0x0000000080000C1E] -> 0x00A5
[780] [M]: 0x0000000080000C1C (0x00A51513) slli a0, a0, 10
x10 <- 0x5555555555555400
mem[X,0x0000000080000C20] -> 0x0513
mem[X,0x0000000080000C22] -> 0x1565
[781] [M]: 0x0000000080000C20 (0x15650513) addi a0, a0, 342
x10 <- 0x5555555555555556
mem[X,0x0000000080000C24] -> 0x1593
mem[X,0x0000000080000C26] -> 0x0125
[782] [M]: 0x0000000080000C24 (0x01251593) slli a1, a0, 18
x11 <- 0x5555555555580000
mem[X,0x0000000080000C28] -> 0xB423
mem[X,0x0000000080000C2A] -> 0x2EB2
[783] [M]: 0x0000000080000C28 (0x2EB2B423) sd a1, 744(t0)
mem[0x0000000080003498] <- 0x5555555555580000
mem[X,0x0000000080000C2C] -> 0xB537
mem[X,0x0000000080000C2E] -> 0xAAAA
[784] [M]: 0x0000000080000C2C (0xAAAAB537) lui a0, 699051
x10 <- 0xFFFFFFFFAAAAB000
mem[X,0x0000000080000C30] -> 0x0513
mem[X,0x0000000080000C32] -> 0xAAA5
[785] [M]: 0x0000000080000C30 (0xAAA50513) addi a0, a0, 2730
x10 <- 0xFFFFFFFFAAAAAAAA
mem[X,0x0000000080000C34] -> 0x1513
mem[X,0x0000000080000C36] -> 0x00B5
[786] [M]: 0x0000000080000C34 (0x00B51513) slli a0, a0, 11
x10 <- 0xFFFFFD5555555000
mem[X,0x0000000080000C38] -> 0x0513
mem[X,0x0000000080000C3A] -> 0x5555
[787] [M]: 0x0000000080000C38 (0x55550513) addi a0, a0, 1365
x10 <- 0xFFFFFD5555555555
mem[X,0x0000000080000C3C] -> 0x1513
mem[X,0x0000000080000C3E] -> 0x00B5
[788] [M]: 0x0000000080000C3C (0x00B51513) slli a0, a0, 11
x10 <- 0xFFEAAAAAAAAAA800
mem[X,0x0000000080000C40] -> 0x0513
mem[X,0x0000000080000C42] -> 0x2AA5
[789] [M]: 0x0000000080000C40 (0x2AA50513) addi a0, a0, 682
x10 <- 0xFFEAAAAAAAAAAAAA
mem[X,0x0000000080000C44] -> 0x1513
mem[X,0x0000000080000C46] -> 0x00A5
[790] [M]: 0x0000000080000C44 (0x00A51513) slli a0, a0, 10
x10 <- 0xAAAAAAAAAAAAA800
mem[X,0x0000000080000C48] -> 0x0513
mem[X,0x0000000080000C4A] -> 0x2AB5
[791] [M]: 0x0000000080000C48 (0x2AB50513) addi a0, a0, 683
x10 <- 0xAAAAAAAAAAAAAAAB
mem[X,0x0000000080000C4C] -> 0x1593
mem[X,0x0000000080000C4E] -> 0x00F5
[792] [M]: 0x0000000080000C4C (0x00F51593) slli a1, a0, 15
x11 <- 0x5555555555558000
mem[X,0x0000000080000C50] -> 0xB823
mem[X,0x0000000080000C52] -> 0x2EB2
[793] [M]: 0x0000000080000C50 (0x2EB2B823) sd a1, 752(t0)
mem[0x00000000800034A0] <- 0x5555555555558000
mem[X,0x0000000080000C54] -> 0x0513
mem[X,0x0000000080000C56] -> 0x0060
[794] [M]: 0x0000000080000C54 (0x00600513) addi a0, zero, 6
x10 <- 0x0000000000000006
mem[X,0x0000000080000C58] -> 0x1593
mem[X,0x0000000080000C5A] -> 0x0075
[795] [M]: 0x0000000080000C58 (0x00751593) slli a1, a0, 7
x11 <- 0x0000000000000300
mem[X,0x0000000080000C5C] -> 0xBC23
mem[X,0x0000000080000C5E] -> 0x2EB2
[796] [M]: 0x0000000080000C5C (0x2EB2BC23) sd a1, 760(t0)
mem[0x00000000800034A8] <- 0x0000000000000300
mem[X,0x0000000080000C60] -> 0x3537
mem[X,0x0000000080000C62] -> 0x3333
[797] [M]: 0x0000000080000C60 (0x33333537) lui a0, 209715
x10 <- 0x0000000033333000
mem[X,0x0000000080000C64] -> 0x0513
mem[X,0x0000000080000C66] -> 0x3335
[798] [M]: 0x0000000080000C64 (0x33350513) addi a0, a0, 819
x10 <- 0x0000000033333333
mem[X,0x0000000080000C68] -> 0x1513
mem[X,0x0000000080000C6A] -> 0x00B5
[799] [M]: 0x0000000080000C68 (0x00B51513) slli a0, a0, 11
x10 <- 0x0000019999999800
clint::tick mtime <- 0x0000000000000008
 clint timer pending at mtime 0x0000000000000008
htif::tick 0x0000000000000000
mem[X,0x0000000080000C6C] -> 0x0513
mem[X,0x0000000080000C6E] -> 0x1995
[800] [M]: 0x0000000080000C6C (0x19950513) addi a0, a0, 409
x10 <- 0x0000019999999999
mem[X,0x0000000080000C70] -> 0x1513
mem[X,0x0000000080000C72] -> 0x00B5
[801] [M]: 0x0000000080000C70 (0x00B51513) slli a0, a0, 11
x10 <- 0x000CCCCCCCCCC800
mem[X,0x0000000080000C74] -> 0x0513
mem[X,0x0000000080000C76] -> 0x4CC5
[802] [M]: 0x0000000080000C74 (0x4CC50513) addi a0, a0, 1228
x10 <- 0x000CCCCCCCCCCCCC
mem[X,0x0000000080000C78] -> 0x1513
mem[X,0x0000000080000C7A] -> 0x00A5
[803] [M]: 0x0000000080000C78 (0x00A51513) slli a0, a0, 10
x10 <- 0x3333333333333000
mem[X,0x0000000080000C7C] -> 0x0513
mem[X,0x0000000080000C7E] -> 0x3345
[804] [M]: 0x0000000080000C7C (0x33450513) addi a0, a0, 820
x10 <- 0x3333333333333334
mem[X,0x0000000080000C80] -> 0x1593
mem[X,0x0000000080000C82] -> 0x0075
[805] [M]: 0x0000000080000C80 (0x00751593) slli a1, a0, 7
x11 <- 0x9999999999999A00
mem[X,0x0000000080000C84] -> 0xB023
mem[X,0x0000000080000C86] -> 0x30B2
[806] [M]: 0x0000000080000C84 (0x30B2B023) sd a1, 768(t0)
mem[0x00000000800034B0] <- 0x9999999999999A00
mem[X,0x0000000080000C88] -> 0x6537
mem[X,0x0000000080000C8A] -> 0x6666
[807] [M]: 0x0000000080000C88 (0x66666537) lui a0, 419430
x10 <- 0x0000000066666000
mem[X,0x0000000080000C8C] -> 0x0513
mem[X,0x0000000080000C8E] -> 0x6665
[808] [M]: 0x0000000080000C8C (0x66650513) addi a0, a0, 1638
x10 <- 0x0000000066666666
mem[X,0x0000000080000C90] -> 0x1513
mem[X,0x0000000080000C92] -> 0x00B5
[809] [M]: 0x0000000080000C90 (0x00B51513) slli a0, a0, 11
x10 <- 0x0000033333333000
mem[X,0x0000000080000C94] -> 0x0513
mem[X,0x0000000080000C96] -> 0x3335
[810] [M]: 0x0000000080000C94 (0x33350513) addi a0, a0, 819
x10 <- 0x0000033333333333
mem[X,0x0000000080000C98] -> 0x1513
mem[X,0x0000000080000C9A] -> 0x00B5
[811] [M]: 0x0000000080000C98 (0x00B51513) slli a0, a0, 11
x10 <- 0x0019999999999800
mem[X,0x0000000080000C9C] -> 0x0513
mem[X,0x0000000080000C9E] -> 0x1995
[812] [M]: 0x0000000080000C9C (0x19950513) addi a0, a0, 409
x10 <- 0x0019999999999999
mem[X,0x0000000080000CA0] -> 0x1513
mem[X,0x0000000080000CA2] -> 0x00A5
[813] [M]: 0x0000000080000CA0 (0x00A51513) slli a0, a0, 10
x10 <- 0x6666666666666400
mem[X,0x0000000080000CA4] -> 0x0513
mem[X,0x0000000080000CA6] -> 0x2675
[814] [M]: 0x0000000080000CA4 (0x26750513) addi a0, a0, 615
x10 <- 0x6666666666666667
mem[X,0x0000000080000CA8] -> 0x1593
mem[X,0x0000000080000CAA] -> 0x0205
[815] [M]: 0x0000000080000CA8 (0x02051593) slli a1, a0, 32
x11 <- 0x6666666700000000
mem[X,0x0000000080000CAC] -> 0xB423
mem[X,0x0000000080000CAE] -> 0x30B2
[816] [M]: 0x0000000080000CAC (0x30B2B423) sd a1, 776(t0)
mem[0x00000000800034B8] <- 0x6666666700000000
mem[X,0x0000000080000CB0] -> 0x0537
mem[X,0x0000000080000CB2] -> 0x0000
[817] [M]: 0x0000000080000CB0 (0x00000537) lui a0, 0
x10 <- 0x0000000000000000
mem[X,0x0000000080000CB4] -> 0x0513
mem[X,0x0000000080000CB6] -> 0xFFF5
[818] [M]: 0x0000000080000CB4 (0xFFF50513) addi a0, a0, 4095
x10 <- 0xFFFFFFFFFFFFFFFF
mem[X,0x0000000080000CB8] -> 0x1513
mem[X,0x0000000080000CBA] -> 0x00B5
[819] [M]: 0x0000000080000CB8 (0x00B51513) slli a0, a0, 11
x10 <- 0xFFFFFFFFFFFFF800
mem[X,0x0000000080000CBC] -> 0x0513
mem[X,0x0000000080000CBE] -> 0x2575
[820] [M]: 0x0000000080000CBC (0x25750513) addi a0, a0, 599
x10 <- 0xFFFFFFFFFFFFFA57
mem[X,0x0000000080000CC0] -> 0x1513
mem[X,0x0000000080000CC2] -> 0x00B5
[821] [M]: 0x0000000080000CC0 (0x00B51513) slli a0, a0, 11
x10 <- 0xFFFFFFFFFFD2B800
mem[X,0x0000000080000CC4] -> 0x0513
mem[X,0x0000000080000CC6] -> 0x6C35
[822] [M]: 0x0000000080000CC4 (0x6C350513) addi a0, a0, 1731
x10 <- 0xFFFFFFFFFFD2BEC3
mem[X,0x0000000080000CC8] -> 0x1513
mem[X,0x0000000080000CCA] -> 0x00A5
[823] [M]: 0x0000000080000CC8 (0x00A51513) slli a0, a0, 10
x10 <- 0xFFFFFFFF4AFB0C00
mem[X,0x0000000080000CCC] -> 0x0513
mem[X,0x0000000080000CCE] -> 0x0CE5
[824] [M]: 0x0000000080000CCC (0x0CE50513) addi a0, a0, 206
x10 <- 0xFFFFFFFF4AFB0CCE
mem[X,0x0000000080000CD0] -> 0x1593
mem[X,0x0000000080000CD2] -> 0x0085
[825] [M]: 0x0000000080000CD0 (0x00851593) slli a1, a0, 8
x11 <- 0xFFFFFF4AFB0CCE00
mem[X,0x0000000080000CD4] -> 0xB823
mem[X,0x0000000080000CD6] -> 0x30B2
[826] [M]: 0x0000000080000CD4 (0x30B2B823) sd a1, 784(t0)
mem[0x00000000800034C0] <- 0xFFFFFF4AFB0CCE00
mem[X,0x0000000080000CD8] -> 0x0513
mem[X,0x0000000080000CDA] -> 0x0010
[827] [M]: 0x0000000080000CD8 (0x00100513) addi a0, zero, 1
x10 <- 0x0000000000000001
mem[X,0x0000000080000CDC] -> 0x1513
mem[X,0x0000000080000CDE] -> 0x0165
[828] [M]: 0x0000000080000CDC (0x01651513) slli a0, a0, 22
x10 <- 0x0000000000400000
mem[X,0x0000000080000CE0] -> 0x4513
mem[X,0x0000000080000CE2] -> 0xFFF5
[829] [M]: 0x0000000080000CE0 (0xFFF54513) xori a0, a0, 4095
x10 <- 0xFFFFFFFFFFBFFFFF
mem[X,0x0000000080000CE4] -> 0x1593
mem[X,0x0000000080000CE6] -> 0x0065
[830] [M]: 0x0000000080000CE4 (0x00651593) slli a1, a0, 6
x11 <- 0xFFFFFFFFEFFFFFC0
mem[X,0x0000000080000CE8] -> 0xBC23
mem[X,0x0000000080000CEA] -> 0x30B2
[831] [M]: 0x0000000080000CE8 (0x30B2BC23) sd a1, 792(t0)
mem[0x00000000800034C8] <- 0xFFFFFFFFEFFFFFC0
mem[X,0x0000000080000CEC] -> 0x0537
mem[X,0x0000000080000CEE] -> 0x0000
[832] [M]: 0x0000000080000CEC (0x00000537) lui a0, 0
x10 <- 0x0000000000000000
mem[X,0x0000000080000CF0] -> 0x0513
mem[X,0x0000000080000CF2] -> 0x0005
[833] [M]: 0x0000000080000CF0 (0x00050513) addi a0, a0, 0
x10 <- 0x0000000000000000
mem[X,0x0000000080000CF4] -> 0x1513
mem[X,0x0000000080000CF6] -> 0x00B5
[834] [M]: 0x0000000080000CF4 (0x00B51513) slli a0, a0, 11
x10 <- 0x0000000000000000
mem[X,0x0000000080000CF8] -> 0x0513
mem[X,0x0000000080000CFA] -> 0x5A85
[835] [M]: 0x0000000080000CF8 (0x5A850513) addi a0, a0, 1448
x10 <- 0x00000000000005A8
mem[X,0x0000000080000CFC] -> 0x1513
mem[X,0x0000000080000CFE] -> 0x00B5
[836] [M]: 0x0000000080000CFC (0x00B51513) slli a0, a0, 11
x10 <- 0x00000000002D4000
mem[X,0x0000000080000D00] -> 0x0513
mem[X,0x0000000080000D02] -> 0x13C5
[837] [M]: 0x0000000080000D00 (0x13C50513) addi a0, a0, 316
x10 <- 0x00000000002D413C
mem[X,0x0000000080000D04] -> 0x1513
mem[X,0x0000000080000D06] -> 0x00A5
[838] [M]: 0x0000000080000D04 (0x00A51513) slli a0, a0, 10
x10 <- 0x00000000B504F000
mem[X,0x0000000080000D08] -> 0x0513
mem[X,0x0000000080000D0A] -> 0x3345
[839] [M]: 0x0000000080000D08 (0x33450513) addi a0, a0, 820
x10 <- 0x00000000B504F334
mem[X,0x0000000080000D0C] -> 0x1593
mem[X,0x0000000080000D0E] -> 0x03E5
[840] [M]: 0x0000000080000D0C (0x03E51593) slli a1, a0, 62
x11 <- 0x0000000000000000
mem[X,0x0000000080000D10] -> 0xB023
mem[X,0x0000000080000D12] -> 0x32B2
[841] [M]: 0x0000000080000D10 (0x32B2B023) sd a1, 800(t0)
mem[0x00000000800034D0] <- 0x0000000000000000
mem[X,0x0000000080000D14] -> 0x0513
mem[X,0x0000000080000D16] -> 0x0010
[842] [M]: 0x0000000080000D14 (0x00100513) addi a0, zero, 1
x10 <- 0x0000000000000001
mem[X,0x0000000080000D18] -> 0x1513
mem[X,0x0000000080000D1A] -> 0x0175
[843] [M]: 0x0000000080000D18 (0x01751513) slli a0, a0, 23
x10 <- 0x0000000000800000
mem[X,0x0000000080000D1C] -> 0x4513
mem[X,0x0000000080000D1E] -> 0xFFF5
[844] [M]: 0x0000000080000D1C (0xFFF54513) xori a0, a0, 4095
x10 <- 0xFFFFFFFFFF7FFFFF
mem[X,0x0000000080000D20] -> 0x1593
mem[X,0x0000000080000D22] -> 0x0375
[845] [M]: 0x0000000080000D20 (0x03751593) slli a1, a0, 55
x11 <- 0xFF80000000000000
mem[X,0x0000000080000D24] -> 0xB423
mem[X,0x0000000080000D26] -> 0x32B2
[846] [M]: 0x0000000080000D24 (0x32B2B423) sd a1, 808(t0)
mem[0x00000000800034D8] <- 0xFF80000000000000
mem[X,0x0000000080000D28] -> 0x0513
mem[X,0x0000000080000D2A] -> 0x0010
[847] [M]: 0x0000000080000D28 (0x00100513) addi a0, zero, 1
x10 <- 0x0000000000000001
mem[X,0x0000000080000D2C] -> 0x1513
mem[X,0x0000000080000D2E] -> 0x0185
[848] [M]: 0x0000000080000D2C (0x01851513) slli a0, a0, 24
x10 <- 0x0000000001000000
mem[X,0x0000000080000D30] -> 0x4513
mem[X,0x0000000080000D32] -> 0xFFF5
[849] [M]: 0x0000000080000D30 (0xFFF54513) xori a0, a0, 4095
x10 <- 0xFFFFFFFFFEFFFFFF
mem[X,0x0000000080000D34] -> 0x1593
mem[X,0x0000000080000D36] -> 0x02A5
[850] [M]: 0x0000000080000D34 (0x02A51593) slli a1, a0, 42
x11 <- 0xFFFFFC0000000000
mem[X,0x0000000080000D38] -> 0xB823
mem[X,0x0000000080000D3A] -> 0x32B2
[851] [M]: 0x0000000080000D38 (0x32B2B823) sd a1, 816(t0)
mem[0x00000000800034E0] <- 0xFFFFFC0000000000
mem[X,0x0000000080000D3C] -> 0x0513
mem[X,0x0000000080000D3E] -> 0x0010
[852] [M]: 0x0000000080000D3C (0x00100513) addi a0, zero, 1
x10 <- 0x0000000000000001
mem[X,0x0000000080000D40] -> 0x1513
mem[X,0x0000000080000D42] -> 0x0195
[853] [M]: 0x0000000080000D40 (0x01951513) slli a0, a0, 25
x10 <- 0x0000000002000000
mem[X,0x0000000080000D44] -> 0x4513
mem[X,0x0000000080000D46] -> 0xFFF5
[854] [M]: 0x0000000080000D44 (0xFFF54513) xori a0, a0, 4095
x10 <- 0xFFFFFFFFFDFFFFFF
mem[X,0x0000000080000D48] -> 0x1593
mem[X,0x0000000080000D4A] -> 0x0115
[855] [M]: 0x0000000080000D48 (0x01151593) slli a1, a0, 17
x11 <- 0xFFFFFBFFFFFE0000
mem[X,0x0000000080000D4C] -> 0xBC23
mem[X,0x0000000080000D4E] -> 0x32B2
[856] [M]: 0x0000000080000D4C (0x32B2BC23) sd a1, 824(t0)
mem[0x00000000800034E8] <- 0xFFFFFBFFFFFE0000
mem[X,0x0000000080000D50] -> 0x0513
mem[X,0x0000000080000D52] -> 0x0010
[857] [M]: 0x0000000080000D50 (0x00100513) addi a0, zero, 1
x10 <- 0x0000000000000001
mem[X,0x0000000080000D54] -> 0x1513
mem[X,0x0000000080000D56] -> 0x01A5
[858] [M]: 0x0000000080000D54 (0x01A51513) slli a0, a0, 26
x10 <- 0x0000000004000000
mem[X,0x0000000080000D58] -> 0x4513
mem[X,0x0000000080000D5A] -> 0xFFF5
[859] [M]: 0x0000000080000D58 (0xFFF54513) xori a0, a0, 4095
x10 <- 0xFFFFFFFFFBFFFFFF
mem[X,0x0000000080000D5C] -> 0x1593
mem[X,0x0000000080000D5E] -> 0x0085
[860] [M]: 0x0000000080000D5C (0x00851593) slli a1, a0, 8
x11 <- 0xFFFFFFFBFFFFFF00
mem[X,0x0000000080000D60] -> 0xB023
mem[X,0x0000000080000D62] -> 0x34B2
[861] [M]: 0x0000000080000D60 (0x34B2B023) sd a1, 832(t0)
mem[0x00000000800034F0] <- 0xFFFFFFFBFFFFFF00
mem[X,0x0000000080000D64] -> 0x0513
mem[X,0x0000000080000D66] -> 0x0010
[862] [M]: 0x0000000080000D64 (0x00100513) addi a0, zero, 1
x10 <- 0x0000000000000001
mem[X,0x0000000080000D68] -> 0x1513
mem[X,0x0000000080000D6A] -> 0x01B5
[863] [M]: 0x0000000080000D68 (0x01B51513) slli a0, a0, 27
x10 <- 0x0000000008000000
mem[X,0x0000000080000D6C] -> 0x4513
mem[X,0x0000000080000D6E] -> 0xFFF5
[864] [M]: 0x0000000080000D6C (0xFFF54513) xori a0, a0, 4095
x10 <- 0xFFFFFFFFF7FFFFFF
mem[X,0x0000000080000D70] -> 0x1593
mem[X,0x0000000080000D72] -> 0x0005
[865] [M]: 0x0000000080000D70 (0x00051593) slli a1, a0, 0
x11 <- 0xFFFFFFFFF7FFFFFF
mem[X,0x0000000080000D74] -> 0xB423
mem[X,0x0000000080000D76] -> 0x34B2
[866] [M]: 0x0000000080000D74 (0x34B2B423) sd a1, 840(t0)
mem[0x00000000800034F8] <- 0xFFFFFFFFF7FFFFFF
mem[X,0x0000000080000D78] -> 0x0513
mem[X,0x0000000080000D7A] -> 0x0010
[867] [M]: 0x0000000080000D78 (0x00100513) addi a0, zero, 1
x10 <- 0x0000000000000001
mem[X,0x0000000080000D7C] -> 0x1513
mem[X,0x0000000080000D7E] -> 0x01C5
[868] [M]: 0x0000000080000D7C (0x01C51513) slli a0, a0, 28
x10 <- 0x0000000010000000
mem[X,0x0000000080000D80] -> 0x4513
mem[X,0x0000000080000D82] -> 0xFFF5
[869] [M]: 0x0000000080000D80 (0xFFF54513) xori a0, a0, 4095
x10 <- 0xFFFFFFFFEFFFFFFF
mem[X,0x0000000080000D84] -> 0x1593
mem[X,0x0000000080000D86] -> 0x00B5
[870] [M]: 0x0000000080000D84 (0x00B51593) slli a1, a0, 11
x11 <- 0xFFFFFF7FFFFFF800
mem[X,0x0000000080000D88] -> 0xB823
mem[X,0x0000000080000D8A] -> 0x34B2
[871] [M]: 0x0000000080000D88 (0x34B2B823) sd a1, 848(t0)
mem[0x0000000080003500] <- 0xFFFFFF7FFFFFF800
mem[X,0x0000000080000D8C] -> 0x0513
mem[X,0x0000000080000D8E] -> 0x0010
[872] [M]: 0x0000000080000D8C (0x00100513) addi a0, zero, 1
x10 <- 0x0000000000000001
mem[X,0x0000000080000D90] -> 0x1513
mem[X,0x0000000080000D92] -> 0x01E5
[873] [M]: 0x0000000080000D90 (0x01E51513) slli a0, a0, 30
x10 <- 0x0000000040000000
mem[X,0x0000000080000D94] -> 0x4513
mem[X,0x0000000080000D96] -> 0xFFF5
[874] [M]: 0x0000000080000D94 (0xFFF54513) xori a0, a0, 4095
x10 <- 0xFFFFFFFFBFFFFFFF
mem[X,0x0000000080000D98] -> 0x1593
mem[X,0x0000000080000D9A] -> 0x0095
[875] [M]: 0x0000000080000D98 (0x00951593) slli a1, a0, 9
x11 <- 0xFFFFFF7FFFFFFE00
mem[X,0x0000000080000D9C] -> 0xBC23
mem[X,0x0000000080000D9E] -> 0x34B2
[876] [M]: 0x0000000080000D9C (0x34B2BC23) sd a1, 856(t0)
mem[0x0000000080003508] <- 0xFFFFFF7FFFFFFE00
mem[X,0x0000000080000DA0] -> 0x0513
mem[X,0x0000000080000DA2] -> 0x0010
[877] [M]: 0x0000000080000DA0 (0x00100513) addi a0, zero, 1
x10 <- 0x0000000000000001
mem[X,0x0000000080000DA4] -> 0x1513
mem[X,0x0000000080000DA6] -> 0x01F5
[878] [M]: 0x0000000080000DA4 (0x01F51513) slli a0, a0, 31
x10 <- 0x0000000080000000
mem[X,0x0000000080000DA8] -> 0x4513
mem[X,0x0000000080000DAA] -> 0xFFF5
[879] [M]: 0x0000000080000DA8 (0xFFF54513) xori a0, a0, 4095
x10 <- 0xFFFFFFFF7FFFFFFF
mem[X,0x0000000080000DAC] -> 0x1593
mem[X,0x0000000080000DAE] -> 0x0025
[880] [M]: 0x0000000080000DAC (0x00251593) slli a1, a0, 2
x11 <- 0xFFFFFFFDFFFFFFFC
mem[X,0x0000000080000DB0] -> 0xB023
mem[X,0x0000000080000DB2] -> 0x36B2
[881] [M]: 0x0000000080000DB0 (0x36B2B023) sd a1, 864(t0)
mem[0x0000000080003510] <- 0xFFFFFFFDFFFFFFFC
mem[X,0x0000000080000DB4] -> 0x0513
mem[X,0x0000000080000DB6] -> 0x0010
[882] [M]: 0x0000000080000DB4 (0x00100513) addi a0, zero, 1
x10 <- 0x0000000000000001
mem[X,0x0000000080000DB8] -> 0x1513
mem[X,0x0000000080000DBA] -> 0x0205
[883] [M]: 0x0000000080000DB8 (0x02051513) slli a0, a0, 32
x10 <- 0x0000000100000000
mem[X,0x0000000080000DBC] -> 0x4513
mem[X,0x0000000080000DBE] -> 0xFFF5
[884] [M]: 0x0000000080000DBC (0xFFF54513) xori a0, a0, 4095
x10 <- 0xFFFFFFFEFFFFFFFF
mem[X,0x0000000080000DC0] -> 0x1593
mem[X,0x0000000080000DC2] -> 0x0375
[885] [M]: 0x0000000080000DC0 (0x03751593) slli a1, a0, 55
x11 <- 0xFF80000000000000
mem[X,0x0000000080000DC4] -> 0xB423
mem[X,0x0000000080000DC6] -> 0x36B2
[886] [M]: 0x0000000080000DC4 (0x36B2B423) sd a1, 872(t0)
mem[0x0000000080003518] <- 0xFF80000000000000
mem[X,0x0000000080000DC8] -> 0x0513
mem[X,0x0000000080000DCA] -> 0x0010
[887] [M]: 0x0000000080000DC8 (0x00100513) addi a0, zero, 1
x10 <- 0x0000000000000001
mem[X,0x0000000080000DCC] -> 0x1513
mem[X,0x0000000080000DCE] -> 0x0215
[888] [M]: 0x0000000080000DCC (0x02151513) slli a0, a0, 33
x10 <- 0x0000000200000000
mem[X,0x0000000080000DD0] -> 0x4513
mem[X,0x0000000080000DD2] -> 0xFFF5
[889] [M]: 0x0000000080000DD0 (0xFFF54513) xori a0, a0, 4095
x10 <- 0xFFFFFFFDFFFFFFFF
mem[X,0x0000000080000DD4] -> 0x1593
mem[X,0x0000000080000DD6] -> 0x0075
[890] [M]: 0x0000000080000DD4 (0x00751593) slli a1, a0, 7
x11 <- 0xFFFFFEFFFFFFFF80
mem[X,0x0000000080000DD8] -> 0xB823
mem[X,0x0000000080000DDA] -> 0x36B2
[891] [M]: 0x0000000080000DD8 (0x36B2B823) sd a1, 880(t0)
mem[0x0000000080003520] <- 0xFFFFFEFFFFFFFF80
mem[X,0x0000000080000DDC] -> 0x0513
mem[X,0x0000000080000DDE] -> 0x0010
[892] [M]: 0x0000000080000DDC (0x00100513) addi a0, zero, 1
x10 <- 0x0000000000000001
mem[X,0x0000000080000DE0] -> 0x1513
mem[X,0x0000000080000DE2] -> 0x0225
[893] [M]: 0x0000000080000DE0 (0x02251513) slli a0, a0, 34
x10 <- 0x0000000400000000
mem[X,0x0000000080000DE4] -> 0x4513
mem[X,0x0000000080000DE6] -> 0xFFF5
[894] [M]: 0x0000000080000DE4 (0xFFF54513) xori a0, a0, 4095
x10 <- 0xFFFFFFFBFFFFFFFF
mem[X,0x0000000080000DE8] -> 0x1593
mem[X,0x0000000080000DEA] -> 0x0045
[895] [M]: 0x0000000080000DE8 (0x00451593) slli a1, a0, 4
x11 <- 0xFFFFFFBFFFFFFFF0
mem[X,0x0000000080000DEC] -> 0xBC23
mem[X,0x0000000080000DEE] -> 0x36B2
[896] [M]: 0x0000000080000DEC (0x36B2BC23) sd a1, 888(t0)
mem[0x0000000080003528] <- 0xFFFFFFBFFFFFFFF0
mem[X,0x0000000080000DF0] -> 0x0513
mem[X,0x0000000080000DF2] -> 0x0010
[897] [M]: 0x0000000080000DF0 (0x00100513) addi a0, zero, 1
x10 <- 0x0000000000000001
mem[X,0x0000000080000DF4] -> 0x1513
mem[X,0x0000000080000DF6] -> 0x0235
[898] [M]: 0x0000000080000DF4 (0x02351513) slli a0, a0, 35
x10 <- 0x0000000800000000
mem[X,0x0000000080000DF8] -> 0x4513
mem[X,0x0000000080000DFA] -> 0xFFF5
[899] [M]: 0x0000000080000DF8 (0xFFF54513) xori a0, a0, 4095
x10 <- 0xFFFFFFF7FFFFFFFF
clint::tick mtime <- 0x0000000000000009
 clint timer pending at mtime 0x0000000000000009
htif::tick 0x0000000000000000
mem[X,0x0000000080000DFC] -> 0x1593
mem[X,0x0000000080000DFE] -> 0x0035
[900] [M]: 0x0000000080000DFC (0x00351593) slli a1, a0, 3
x11 <- 0xFFFFFFBFFFFFFFF8
mem[X,0x0000000080000E00] -> 0xB023
mem[X,0x0000000080000E02] -> 0x38B2
[901] [M]: 0x0000000080000E00 (0x38B2B023) sd a1, 896(t0)
mem[0x0000000080003530] <- 0xFFFFFFBFFFFFFFF8
mem[X,0x0000000080000E04] -> 0x0513
mem[X,0x0000000080000E06] -> 0x0010
[902] [M]: 0x0000000080000E04 (0x00100513) addi a0, zero, 1
x10 <- 0x0000000000000001
mem[X,0x0000000080000E08] -> 0x1513
mem[X,0x0000000080000E0A] -> 0x0245
[903] [M]: 0x0000000080000E08 (0x02451513) slli a0, a0, 36
x10 <- 0x0000001000000000
mem[X,0x0000000080000E0C] -> 0x4513
mem[X,0x0000000080000E0E] -> 0xFFF5
[904] [M]: 0x0000000080000E0C (0xFFF54513) xori a0, a0, 4095
x10 <- 0xFFFFFFEFFFFFFFFF
mem[X,0x0000000080000E10] -> 0x1593
mem[X,0x0000000080000E12] -> 0x03E5
[905] [M]: 0x0000000080000E10 (0x03E51593) slli a1, a0, 62
x11 <- 0xC000000000000000
mem[X,0x0000000080000E14] -> 0xB423
mem[X,0x0000000080000E16] -> 0x38B2
[906] [M]: 0x0000000080000E14 (0x38B2B423) sd a1, 904(t0)
mem[0x0000000080003538] <- 0xC000000000000000
mem[X,0x0000000080000E18] -> 0x0513
mem[X,0x0000000080000E1A] -> 0x0010
[907] [M]: 0x0000000080000E18 (0x00100513) addi a0, zero, 1
x10 <- 0x0000000000000001
mem[X,0x0000000080000E1C] -> 0x1513
mem[X,0x0000000080000E1E] -> 0x0255
[908] [M]: 0x0000000080000E1C (0x02551513) slli a0, a0, 37
x10 <- 0x0000002000000000
mem[X,0x0000000080000E20] -> 0x4513
mem[X,0x0000000080000E22] -> 0xFFF5
[909] [M]: 0x0000000080000E20 (0xFFF54513) xori a0, a0, 4095
x10 <- 0xFFFFFFDFFFFFFFFF
mem[X,0x0000000080000E24] -> 0x1593
mem[X,0x0000000080000E26] -> 0x00D5
[910] [M]: 0x0000000080000E24 (0x00D51593) slli a1, a0, 13
x11 <- 0xFFFBFFFFFFFFE000
mem[X,0x0000000080000E28] -> 0xB823
mem[X,0x0000000080000E2A] -> 0x38B2
[911] [M]: 0x0000000080000E28 (0x38B2B823) sd a1, 912(t0)
mem[0x0000000080003540] <- 0xFFFBFFFFFFFFE000
mem[X,0x0000000080000E2C] -> 0x0513
mem[X,0x0000000080000E2E] -> 0x0010
[912] [M]: 0x0000000080000E2C (0x00100513) addi a0, zero, 1
x10 <- 0x0000000000000001
mem[X,0x0000000080000E30] -> 0x1513
mem[X,0x0000000080000E32] -> 0x0265
[913] [M]: 0x0000000080000E30 (0x02651513) slli a0, a0, 38
x10 <- 0x0000004000000000
mem[X,0x0000000080000E34] -> 0x4513
mem[X,0x0000000080000E36] -> 0xFFF5
[914] [M]: 0x0000000080000E34 (0xFFF54513) xori a0, a0, 4095
x10 <- 0xFFFFFFBFFFFFFFFF
mem[X,0x0000000080000E38] -> 0x1593
mem[X,0x0000000080000E3A] -> 0x0065
[915] [M]: 0x0000000080000E38 (0x00651593) slli a1, a0, 6
x11 <- 0xFFFFEFFFFFFFFFC0
mem[X,0x0000000080000E3C] -> 0xBC23
mem[X,0x0000000080000E3E] -> 0x38B2
[916] [M]: 0x0000000080000E3C (0x38B2BC23) sd a1, 920(t0)
mem[0x0000000080003548] <- 0xFFFFEFFFFFFFFFC0
mem[X,0x0000000080000E40] -> 0x0513
mem[X,0x0000000080000E42] -> 0x0010
[917] [M]: 0x0000000080000E40 (0x00100513) addi a0, zero, 1
x10 <- 0x0000000000000001
mem[X,0x0000000080000E44] -> 0x1513
mem[X,0x0000000080000E46] -> 0x0275
[918] [M]: 0x0000000080000E44 (0x02751513) slli a0, a0, 39
x10 <- 0x0000008000000000
mem[X,0x0000000080000E48] -> 0x4513
mem[X,0x0000000080000E4A] -> 0xFFF5
[919] [M]: 0x0000000080000E48 (0xFFF54513) xori a0, a0, 4095
x10 <- 0xFFFFFF7FFFFFFFFF
mem[X,0x0000000080000E4C] -> 0x1593
mem[X,0x0000000080000E4E] -> 0x02A5
[920] [M]: 0x0000000080000E4C (0x02A51593) slli a1, a0, 42
x11 <- 0xFFFFFC0000000000
mem[X,0x0000000080000E50] -> 0xB023
mem[X,0x0000000080000E52] -> 0x3AB2
[921] [M]: 0x0000000080000E50 (0x3AB2B023) sd a1, 928(t0)
mem[0x0000000080003550] <- 0xFFFFFC0000000000
mem[X,0x0000000080000E54] -> 0x0513
mem[X,0x0000000080000E56] -> 0x0010
[922] [M]: 0x0000000080000E54 (0x00100513) addi a0, zero, 1
x10 <- 0x0000000000000001
mem[X,0x0000000080000E58] -> 0x1513
mem[X,0x0000000080000E5A] -> 0x0285
[923] [M]: 0x0000000080000E58 (0x02851513) slli a0, a0, 40
x10 <- 0x0000010000000000
mem[X,0x0000000080000E5C] -> 0x4513
mem[X,0x0000000080000E5E] -> 0xFFF5
[924] [M]: 0x0000000080000E5C (0xFFF54513) xori a0, a0, 4095
x10 <- 0xFFFFFEFFFFFFFFFF
mem[X,0x0000000080000E60] -> 0x1593
mem[X,0x0000000080000E62] -> 0x0075
[925] [M]: 0x0000000080000E60 (0x00751593) slli a1, a0, 7
x11 <- 0xFFFF7FFFFFFFFF80
mem[X,0x0000000080000E64] -> 0xB423
mem[X,0x0000000080000E66] -> 0x3AB2
[926] [M]: 0x0000000080000E64 (0x3AB2B423) sd a1, 936(t0)
mem[0x0000000080003558] <- 0xFFFF7FFFFFFFFF80
mem[X,0x0000000080000E68] -> 0x0513
mem[X,0x0000000080000E6A] -> 0x0010
[927] [M]: 0x0000000080000E68 (0x00100513) addi a0, zero, 1
x10 <- 0x0000000000000001
mem[X,0x0000000080000E6C] -> 0x1513
mem[X,0x0000000080000E6E] -> 0x0295
[928] [M]: 0x0000000080000E6C (0x02951513) slli a0, a0, 41
x10 <- 0x0000020000000000
mem[X,0x0000000080000E70] -> 0x4513
mem[X,0x0000000080000E72] -> 0xFFF5
[929] [M]: 0x0000000080000E70 (0xFFF54513) xori a0, a0, 4095
x10 <- 0xFFFFFDFFFFFFFFFF
mem[X,0x0000000080000E74] -> 0x1593
mem[X,0x0000000080000E76] -> 0x03F5
[930] [M]: 0x0000000080000E74 (0x03F51593) slli a1, a0, 63
x11 <- 0x8000000000000000
mem[X,0x0000000080000E78] -> 0xB823
mem[X,0x0000000080000E7A] -> 0x3AB2
[931] [M]: 0x0000000080000E78 (0x3AB2B823) sd a1, 944(t0)
mem[0x0000000080003560] <- 0x8000000000000000
mem[X,0x0000000080000E7C] -> 0x0513
mem[X,0x0000000080000E7E] -> 0x0010
[932] [M]: 0x0000000080000E7C (0x00100513) addi a0, zero, 1
x10 <- 0x0000000000000001
mem[X,0x0000000080000E80] -> 0x1513
mem[X,0x0000000080000E82] -> 0x02A5
[933] [M]: 0x0000000080000E80 (0x02A51513) slli a0, a0, 42
x10 <- 0x0000040000000000
mem[X,0x0000000080000E84] -> 0x4513
mem[X,0x0000000080000E86] -> 0xFFF5
[934] [M]: 0x0000000080000E84 (0xFFF54513) xori a0, a0, 4095
x10 <- 0xFFFFFBFFFFFFFFFF
mem[X,0x0000000080000E88] -> 0x1593
mem[X,0x0000000080000E8A] -> 0x03D5
[935] [M]: 0x0000000080000E88 (0x03D51593) slli a1, a0, 61
x11 <- 0xE000000000000000
mem[X,0x0000000080000E8C] -> 0xBC23
mem[X,0x0000000080000E8E] -> 0x3AB2
[936] [M]: 0x0000000080000E8C (0x3AB2BC23) sd a1, 952(t0)
mem[0x0000000080003568] <- 0xE000000000000000
mem[X,0x0000000080000E90] -> 0x0513
mem[X,0x0000000080000E92] -> 0x0010
[937] [M]: 0x0000000080000E90 (0x00100513) addi a0, zero, 1
x10 <- 0x0000000000000001
mem[X,0x0000000080000E94] -> 0x1513
mem[X,0x0000000080000E96] -> 0x02B5
[938] [M]: 0x0000000080000E94 (0x02B51513) slli a0, a0, 43
x10 <- 0x0000080000000000
mem[X,0x0000000080000E98] -> 0x4513
mem[X,0x0000000080000E9A] -> 0xFFF5
[939] [M]: 0x0000000080000E98 (0xFFF54513) xori a0, a0, 4095
x10 <- 0xFFFFF7FFFFFFFFFF
mem[X,0x0000000080000E9C] -> 0x1593
mem[X,0x0000000080000E9E] -> 0x03B5
[940] [M]: 0x0000000080000E9C (0x03B51593) slli a1, a0, 59
x11 <- 0xF800000000000000
mem[X,0x0000000080000EA0] -> 0xB023
mem[X,0x0000000080000EA2] -> 0x3CB2
[941] [M]: 0x0000000080000EA0 (0x3CB2B023) sd a1, 960(t0)
mem[0x0000000080003570] <- 0xF800000000000000
mem[X,0x0000000080000EA4] -> 0x0513
mem[X,0x0000000080000EA6] -> 0x0010
[942] [M]: 0x0000000080000EA4 (0x00100513) addi a0, zero, 1
x10 <- 0x0000000000000001
mem[X,0x0000000080000EA8] -> 0x1513
mem[X,0x0000000080000EAA] -> 0x02C5
[943] [M]: 0x0000000080000EA8 (0x02C51513) slli a0, a0, 44
x10 <- 0x0000100000000000
mem[X,0x0000000080000EAC] -> 0x4513
mem[X,0x0000000080000EAE] -> 0xFFF5
[944] [M]: 0x0000000080000EAC (0xFFF54513) xori a0, a0, 4095
x10 <- 0xFFFFEFFFFFFFFFFF
mem[X,0x0000000080000EB0] -> 0x1593
mem[X,0x0000000080000EB2] -> 0x0035
[945] [M]: 0x0000000080000EB0 (0x00351593) slli a1, a0, 3
x11 <- 0xFFFF7FFFFFFFFFF8
mem[X,0x0000000080000EB4] -> 0xB423
mem[X,0x0000000080000EB6] -> 0x3CB2
[946] [M]: 0x0000000080000EB4 (0x3CB2B423) sd a1, 968(t0)
mem[0x0000000080003578] <- 0xFFFF7FFFFFFFFFF8
mem[X,0x0000000080000EB8] -> 0x0513
mem[X,0x0000000080000EBA] -> 0x0010
[947] [M]: 0x0000000080000EB8 (0x00100513) addi a0, zero, 1
x10 <- 0x0000000000000001
mem[X,0x0000000080000EBC] -> 0x1513
mem[X,0x0000000080000EBE] -> 0x02D5
[948] [M]: 0x0000000080000EBC (0x02D51513) slli a0, a0, 45
x10 <- 0x0000200000000000
mem[X,0x0000000080000EC0] -> 0x4513
mem[X,0x0000000080000EC2] -> 0xFFF5
[949] [M]: 0x0000000080000EC0 (0xFFF54513) xori a0, a0, 4095
x10 <- 0xFFFFDFFFFFFFFFFF
mem[X,0x0000000080000EC4] -> 0x1593
mem[X,0x0000000080000EC6] -> 0x0125
[950] [M]: 0x0000000080000EC4 (0x01251593) slli a1, a0, 18
x11 <- 0x7FFFFFFFFFFC0000
mem[X,0x0000000080000EC8] -> 0xB823
mem[X,0x0000000080000ECA] -> 0x3CB2
[951] [M]: 0x0000000080000EC8 (0x3CB2B823) sd a1, 976(t0)
mem[0x0000000080003580] <- 0x7FFFFFFFFFFC0000
mem[X,0x0000000080000ECC] -> 0x0513
mem[X,0x0000000080000ECE] -> 0x0010
[952] [M]: 0x0000000080000ECC (0x00100513) addi a0, zero, 1
x10 <- 0x0000000000000001
mem[X,0x0000000080000ED0] -> 0x1513
mem[X,0x0000000080000ED2] -> 0x02E5
[953] [M]: 0x0000000080000ED0 (0x02E51513) slli a0, a0, 46
x10 <- 0x0000400000000000
mem[X,0x0000000080000ED4] -> 0x4513
mem[X,0x0000000080000ED6] -> 0xFFF5
[954] [M]: 0x0000000080000ED4 (0xFFF54513) xori a0, a0, 4095
x10 <- 0xFFFFBFFFFFFFFFFF
mem[X,0x0000000080000ED8] -> 0x1593
mem[X,0x0000000080000EDA] -> 0x0135
[955] [M]: 0x0000000080000ED8 (0x01351593) slli a1, a0, 19
x11 <- 0xFFFFFFFFFFF80000
mem[X,0x0000000080000EDC] -> 0xBC23
mem[X,0x0000000080000EDE] -> 0x3CB2
[956] [M]: 0x0000000080000EDC (0x3CB2BC23) sd a1, 984(t0)
mem[0x0000000080003588] <- 0xFFFFFFFFFFF80000
mem[X,0x0000000080000EE0] -> 0x0513
mem[X,0x0000000080000EE2] -> 0x0010
[957] [M]: 0x0000000080000EE0 (0x00100513) addi a0, zero, 1
x10 <- 0x0000000000000001
mem[X,0x0000000080000EE4] -> 0x1513
mem[X,0x0000000080000EE6] -> 0x02F5
[958] [M]: 0x0000000080000EE4 (0x02F51513) slli a0, a0, 47
x10 <- 0x0000800000000000
mem[X,0x0000000080000EE8] -> 0x4513
mem[X,0x0000000080000EEA] -> 0xFFF5
[959] [M]: 0x0000000080000EE8 (0xFFF54513) xori a0, a0, 4095
x10 <- 0xFFFF7FFFFFFFFFFF
mem[X,0x0000000080000EEC] -> 0x1593
mem[X,0x0000000080000EEE] -> 0x0105
[960] [M]: 0x0000000080000EEC (0x01051593) slli a1, a0, 16
x11 <- 0x7FFFFFFFFFFF0000
mem[X,0x0000000080000EF0] -> 0xB023
mem[X,0x0000000080000EF2] -> 0x3EB2
[961] [M]: 0x0000000080000EF0 (0x3EB2B023) sd a1, 992(t0)
mem[0x0000000080003590] <- 0x7FFFFFFFFFFF0000
mem[X,0x0000000080000EF4] -> 0x0513
mem[X,0x0000000080000EF6] -> 0x0010
[962] [M]: 0x0000000080000EF4 (0x00100513) addi a0, zero, 1
x10 <- 0x0000000000000001
mem[X,0x0000000080000EF8] -> 0x1513
mem[X,0x0000000080000EFA] -> 0x0305
[963] [M]: 0x0000000080000EF8 (0x03051513) slli a0, a0, 48
x10 <- 0x0001000000000000
mem[X,0x0000000080000EFC] -> 0x4513
mem[X,0x0000000080000EFE] -> 0xFFF5
[964] [M]: 0x0000000080000EFC (0xFFF54513) xori a0, a0, 4095
x10 <- 0xFFFEFFFFFFFFFFFF
mem[X,0x0000000080000F00] -> 0x1593
mem[X,0x0000000080000F02] -> 0x0055
[965] [M]: 0x0000000080000F00 (0x00551593) slli a1, a0, 5
x11 <- 0xFFDFFFFFFFFFFFE0
mem[X,0x0000000080000F04] -> 0xB423
mem[X,0x0000000080000F06] -> 0x3EB2
[966] [M]: 0x0000000080000F04 (0x3EB2B423) sd a1, 1000(t0)
mem[0x0000000080003598] <- 0xFFDFFFFFFFFFFFE0
mem[X,0x0000000080000F08] -> 0x0513
mem[X,0x0000000080000F0A] -> 0x0010
[967] [M]: 0x0000000080000F08 (0x00100513) addi a0, zero, 1
x10 <- 0x0000000000000001
mem[X,0x0000000080000F0C] -> 0x1513
mem[X,0x0000000080000F0E] -> 0x0315
[968] [M]: 0x0000000080000F0C (0x03151513) slli a0, a0, 49
x10 <- 0x0002000000000000
mem[X,0x0000000080000F10] -> 0x4513
mem[X,0x0000000080000F12] -> 0xFFF5
[969] [M]: 0x0000000080000F10 (0xFFF54513) xori a0, a0, 4095
x10 <- 0xFFFDFFFFFFFFFFFF
mem[X,0x0000000080000F14] -> 0x1593
mem[X,0x0000000080000F16] -> 0x03B5
[970] [M]: 0x0000000080000F14 (0x03B51593) slli a1, a0, 59
x11 <- 0xF800000000000000
mem[X,0x0000000080000F18] -> 0xB823
mem[X,0x0000000080000F1A] -> 0x3EB2
[971] [M]: 0x0000000080000F18 (0x3EB2B823) sd a1, 1008(t0)
mem[0x00000000800035A0] <- 0xF800000000000000
mem[X,0x0000000080000F1C] -> 0x0513
mem[X,0x0000000080000F1E] -> 0x0010
[972] [M]: 0x0000000080000F1C (0x00100513) addi a0, zero, 1
x10 <- 0x0000000000000001
mem[X,0x0000000080000F20] -> 0x1513
mem[X,0x0000000080000F22] -> 0x0325
[973] [M]: 0x0000000080000F20 (0x03251513) slli a0, a0, 50
x10 <- 0x0004000000000000
mem[X,0x0000000080000F24] -> 0x4513
mem[X,0x0000000080000F26] -> 0xFFF5
[974] [M]: 0x0000000080000F24 (0xFFF54513) xori a0, a0, 4095
x10 <- 0xFFFBFFFFFFFFFFFF
mem[X,0x0000000080000F28] -> 0x1593
mem[X,0x0000000080000F2A] -> 0x0065
[975] [M]: 0x0000000080000F28 (0x00651593) slli a1, a0, 6
x11 <- 0xFEFFFFFFFFFFFFC0
mem[X,0x0000000080000F2C] -> 0xBC23
mem[X,0x0000000080000F2E] -> 0x3EB2
[976] [M]: 0x0000000080000F2C (0x3EB2BC23) sd a1, 1016(t0)
mem[0x00000000800035A8] <- 0xFEFFFFFFFFFFFFC0
mem[X,0x0000000080000F30] -> 0x0513
mem[X,0x0000000080000F32] -> 0x0010
[977] [M]: 0x0000000080000F30 (0x00100513) addi a0, zero, 1
x10 <- 0x0000000000000001
mem[X,0x0000000080000F34] -> 0x1513
mem[X,0x0000000080000F36] -> 0x0335
[978] [M]: 0x0000000080000F34 (0x03351513) slli a0, a0, 51
x10 <- 0x0008000000000000
mem[X,0x0000000080000F38] -> 0x4513
mem[X,0x0000000080000F3A] -> 0xFFF5
[979] [M]: 0x0000000080000F38 (0xFFF54513) xori a0, a0, 4095
x10 <- 0xFFF7FFFFFFFFFFFF
mem[X,0x0000000080000F3C] -> 0x1593
mem[X,0x0000000080000F3E] -> 0x00D5
[980] [M]: 0x0000000080000F3C (0x00D51593) slli a1, a0, 13
x11 <- 0xFFFFFFFFFFFFE000
mem[X,0x0000000080000F40] -> 0xB023
mem[X,0x0000000080000F42] -> 0x40B2
[981] [M]: 0x0000000080000F40 (0x40B2B023) sd a1, 1024(t0)
mem[0x00000000800035B0] <- 0xFFFFFFFFFFFFE000
mem[X,0x0000000080000F44] -> 0x0513
mem[X,0x0000000080000F46] -> 0x0010
[982] [M]: 0x0000000080000F44 (0x00100513) addi a0, zero, 1
x10 <- 0x0000000000000001
mem[X,0x0000000080000F48] -> 0x1513
mem[X,0x0000000080000F4A] -> 0x0345
[983] [M]: 0x0000000080000F48 (0x03451513) slli a0, a0, 52
x10 <- 0x0010000000000000
mem[X,0x0000000080000F4C] -> 0x4513
mem[X,0x0000000080000F4E] -> 0xFFF5
[984] [M]: 0x0000000080000F4C (0xFFF54513) xori a0, a0, 4095
x10 <- 0xFFEFFFFFFFFFFFFF
mem[X,0x0000000080000F50] -> 0x1593
mem[X,0x0000000080000F52] -> 0x0025
[985] [M]: 0x0000000080000F50 (0x00251593) slli a1, a0, 2
x11 <- 0xFFBFFFFFFFFFFFFC
mem[X,0x0000000080000F54] -> 0xB423
mem[X,0x0000000080000F56] -> 0x40B2
[986] [M]: 0x0000000080000F54 (0x40B2B423) sd a1, 1032(t0)
mem[0x00000000800035B8] <- 0xFFBFFFFFFFFFFFFC
mem[X,0x0000000080000F58] -> 0x0513
mem[X,0x0000000080000F5A] -> 0x0100
[987] [M]: 0x0000000080000F58 (0x01000513) addi a0, zero, 16
x10 <- 0x0000000000000010
mem[X,0x0000000080000F5C] -> 0x1593
mem[X,0x0000000080000F5E] -> 0x00E5
[988] [M]: 0x0000000080000F5C (0x00E51593) slli a1, a0, 14
x11 <- 0x0000000000040000
mem[X,0x0000000080000F60] -> 0xB823
mem[X,0x0000000080000F62] -> 0x40B2
[989] [M]: 0x0000000080000F60 (0x40B2B823) sd a1, 1040(t0)
mem[0x00000000800035C0] <- 0x0000000000040000
mem[X,0x0000000080000F64] -> 0x0513
mem[X,0x0000000080000F66] -> 0x0010
[990] [M]: 0x0000000080000F64 (0x00100513) addi a0, zero, 1
x10 <- 0x0000000000000001
mem[X,0x0000000080000F68] -> 0x1513
mem[X,0x0000000080000F6A] -> 0x0165
[991] [M]: 0x0000000080000F68 (0x01651513) slli a0, a0, 22
x10 <- 0x0000000000400000
mem[X,0x0000000080000F6C] -> 0x1593
mem[X,0x0000000080000F6E] -> 0x01F5
[992] [M]: 0x0000000080000F6C (0x01F51593) slli a1, a0, 31
x11 <- 0x0020000000000000
mem[X,0x0000000080000F70] -> 0xBC23
mem[X,0x0000000080000F72] -> 0x40B2
[993] [M]: 0x0000000080000F70 (0x40B2BC23) sd a1, 1048(t0)
mem[0x00000000800035C8] <- 0x0020000000000000
mem[X,0x0000000080000F74] -> 0x006F
mem[X,0x0000000080000F76] -> 0x0380
[994] [M]: 0x0000000080000F74 (0x0380006F) jal zero, 56
mem[X,0x0000000080000FAC] -> 0x0093
mem[X,0x0000000080000FAE] -> 0x0010
[995] [M]: 0x0000000080000FAC (0x00100093) addi ra, zero, 1
x1 <- 0x0000000000000001
mem[X,0x0000000080000FB0] -> 0x0F17
mem[X,0x0000000080000FB2] -> 0x0000
[996] [M]: 0x0000000080000FB0 (0x00000F17) auipc t5, 0
x30 <- 0x0000000080000FB0
mem[X,0x0000000080000FB4] -> 0x2823
mem[X,0x0000000080000FB6] -> 0x041F
[997] [M]: 0x0000000080000FB4 (0x041F2823) sw ra, 80(t5)
htif[0x0000000080001000] <- 0x00000001
mem[X,0x0000000080000FB8] -> 0xF06F
mem[X,0x0000000080000FBA] -> 0xFF9F
[998] [M]: 0x0000000080000FB8 (0xFF9FF06F) jal zero, 2097144
mem[X,0x0000000080000FB0] -> 0x0F17
mem[X,0x0000000080000FB2] -> 0x0000
[999] [M]: 0x0000000080000FB0 (0x00000F17) auipc t5, 0
x30 <- 0x0000000080000FB0
clint::tick mtime <- 0x000000000000000A
 clint timer pending at mtime 0x000000000000000A
htif::tick 0x0000000000000001
mem[X,0x0000000080000FB4] -> 0x2823
mem[X,0x0000000080000FB6] -> 0x041F
[1000] [M]: 0x0000000080000FB4 (0x041F2823) sw ra, 80(t5)
htif[0x0000000080001000] <- 0x00000001
mem[X,0x0000000080000FB8] -> 0xF06F
mem[X,0x0000000080000FBA] -> 0xFF9F
[1001] [M]: 0x0000000080000FB8 (0xFF9FF06F) jal zero, 2097144
mem[X,0x0000000080000FB0] -> 0x0F17
mem[X,0x0000000080000FB2] -> 0x0000
[1002] [M]: 0x0000000080000FB0 (0x00000F17) auipc t5, 0
x30 <- 0x0000000080000FB0
mem[X,0x0000000080000FB4] -> 0x2823
mem[X,0x0000000080000FB6] -> 0x041F
[1003] [M]: 0x0000000080000FB4 (0x041F2823) sw ra, 80(t5)
htif[0x0000000080001000] <- 0x00000001
htif-syscall-proxy cmd: 0x000000000001
SUCCESS
